<?xml version="1.0" encoding="UTF-8"?>
<!-- Generated by org.testng.reporters.JUnitReportReporter -->
<testsuite skipped="1" hostname="LAPTOP-JEI8AS0O" name="testcases.DashboardMyInfo" tests="4" failures="1" timestamp="2021-08-03T20:02:01 EDT" time="17.460" errors="0">
  <testcase name="Get_Dashboard_QuickLaunchitemsCounts_007" time="5.722" classname="testcases.DashboardMyInfo">
    <failure type="java.lang.AssertionError" message="expected [true] but found [false]">
      <![CDATA[java.lang.AssertionError: expected [true] but found [false]
at org.testng.Assert.fail(Assert.java:99)
at org.testng.Assert.failNotEquals(Assert.java:1037)
at org.testng.Assert.assertTrue(Assert.java:45)
at org.testng.Assert.assertTrue(Assert.java:55)
at testcases.DashboardMyInfo.Get_Dashboard_QuickLaunchitemsCounts_007(DashboardMyInfo.java:63)
at sun.reflect.NativeMethodAccessorImpl.invoke0(Native Method)
at sun.reflect.NativeMethodAccessorImpl.invoke(NativeMethodAccessorImpl.java:62)
at sun.reflect.DelegatingMethodAccessorImpl.invoke(DelegatingMethodAccessorImpl.java:43)
at java.lang.reflect.Method.invoke(Method.java:498)
at org.testng.internal.MethodInvocationHelper.invokeMethod(MethodInvocationHelper.java:133)
at org.testng.internal.TestInvoker.invokeMethod(TestInvoker.java:598)
at org.testng.internal.TestInvoker.invokeTestMethod(TestInvoker.java:173)
at org.testng.internal.MethodRunner.runInSequence(MethodRunner.java:46)
at org.testng.internal.TestInvoker$MethodInvocationAgent.invoke(TestInvoker.java:824)
at org.testng.internal.TestInvoker.invokeTestMethods(TestInvoker.java:146)
at org.testng.internal.TestMethodWorker.invokeTestMethods(TestMethodWorker.java:146)
at org.testng.internal.TestMethodWorker.run(TestMethodWorker.java:128)
at java.util.ArrayList.forEach(ArrayList.java:1259)
at org.testng.TestRunner.privateRun(TestRunner.java:794)
at org.testng.TestRunner.run(TestRunner.java:596)
at org.testng.SuiteRunner.runTest(SuiteRunner.java:377)
at org.testng.SuiteRunner.runSequentially(SuiteRunner.java:371)
at org.testng.SuiteRunner.privateRun(SuiteRunner.java:332)
at org.testng.SuiteRunner.run(SuiteRunner.java:276)
at org.testng.SuiteRunnerWorker.runSuite(SuiteRunnerWorker.java:53)
at org.testng.SuiteRunnerWorker.run(SuiteRunnerWorker.java:96)
at org.testng.TestNG.runSuitesSequentially(TestNG.java:1212)
at org.testng.TestNG.runSuitesLocally(TestNG.java:1134)
at org.testng.TestNG.runSuites(TestNG.java:1063)
at org.testng.TestNG.run(TestNG.java:1031)
at org.testng.remote.AbstractRemoteTestNG.run(AbstractRemoteTestNG.java:115)
at org.testng.remote.RemoteTestNG.initAndRun(RemoteTestNG.java:251)
at org.testng.remote.RemoteTestNG.main(RemoteTestNG.java:77)
]]>
    </failure>
  </testcase> <!-- Get_Dashboard_QuickLaunchitemsCounts_007 -->
  <system-out>
    <![CDATA[<img src="data:image/png;base64, iVBORw0KGgoAAAANSUhEUgAABVcAAAJXCAYAAACXAGQHAAAAAXNSR0IArs4c6QAAIABJREFUeJzs3XeQXed55/nve8LNt2/37YyOQCNnAiBIgkFMEkmRSp6V7Z2VvfbWVm251qr1Fv/0uqamamprw3hnZmvsCeWqVVkzli3LEiVKJkVSEkmRBBGIDDRy6gY6h5vDOed99497u9FANwIpCiDk51PVbPbtE95z7u1/fnjO8yhjjEEIIYQQQgghhBBCCCHEvJdffvm221h3YR1CCCGEEEIIIYQQQgjxG0fCVSGEEEIIIYQQQgghhPgEJFwVQgghhBBCCCGEEEKIT0DCVSGEEEIIIYQQQgghhPgEJFwVQgghhBBCCCGEEEKIT0DCVSGEEEIIIYQQQgghhPgEJFwVQgghhBBCCCGEEEKIT0DCVSGEEEIIIYQQQgghhPgEJFwVQgghhBBCCCGEEEKIT0DCVSGEEEIIIYQQQgghhPgEJFwVQgghhBBCCCGEEEKIT0DCVSGEEEIIIYQQQgghhPgEJFwVQgghhBBCCCGEEEKIT0DCVSGEEEIIIYQQQgghhPgEnHu9gF+nsl9hqjTNcP4qw7krXC2MMlYcZ6YyS9kv4xsfzLXtDYaYE+OxZQ/zz9d9HYVCKXXvLkAIIYQQQgghhBBCCPGZ9RsXrvraZ7QwzqmZM5yYOslw/gqzlSwVXcELfALtExiNwTCfrBoFCgyasBNmVeMACglVhRBCCCGEEEIIIYQQN/cbFa6OFMbYN3qAA+OHuFoYJV/NUw2qaDQAxtSqU40xRJ0IlrLxtEeAX38tykBqOWubV0vFqhBCCCGEEEIIIYQQ4pZ+Y8LV8eIkr5z9CcenBhkvTeBpr1aYqkChMBg0mpgTY6BhOWE7xEhxlKnyNL6pBa8t0RYeW/YwyVDiXl+OEEIIIYQQQgghhBDiM+6+D1eNMVSCCq9ffJPdI3vIeTlqcaoCZeZqVok7MTY0r6MrvozABJzPXKDgFwlMgDGahBtnfdMaNrVswFIy50sIIYQQQgghhBBCCHFr9324qo3m5PRp3ru6m7yXr/dKVfM9VeNOjP6GPlY2rmCgoZ/R4gQnpge5kL1EwS/Wj6JYFu/kwfZtNISS9/BqhBBCCCGEEEIIIYQQ94v7Olw1xlDyS/xs6F2myjMYY1CqFqyG7RAt0RZWpQbY3raVdKSJ49OD/HzoHcaL47WOAUqhjaYhlGRdeg3rpNeqEEIIIYQQQgghhBDiDt3X4WpgNGPFSfaM7kdrjQEsLBrDDaxqXMkjnTtZ2bicydIUbw79gl8MvwuApeptAwBLWaxPr+Ghjh3E3Ng9vBohhBBCCCGEEEIIIcT95L4OV33tczk7RN4rELZcXMuhOdrMU12P8+iyh0hFUgxOneKVcz/m2PQgtrLnQ1UwaKNpi7WypXUzK5sG7um1CCGEEEIIIYQQQggh7i/3bbhqjMHXHuczFwCDbdnsaN/G833Psjq9kmpQ5RdD7/GTC68zWhzFUddfqqnv80jnQ+zs2EbIdu/NhQghhBBCCCGEEEIIIe5L9224ClAJqpyePYeFxW8NfIVn+z5HOtJE0SvyzvB7/OTCTxkrTmAre9G+1cDj6e4neLTzIZoijfdg9UIIIYQQQgghhBBCiPvZfRuuaqOpBhViTpT/ddv/zLa2raTCSQrVIj86/zrvDL/HVGkKSylY0AoAaqHsjrYHeK7/WfpTvVjKumfXIYQQQgghhBBCCCGEuD/dt+EqQMyN8dWVL7Ei1U/cjaGN5r2ru/lwZB9T5WmMmotVDcbUAlmlFI907OSF5Z9nRaof15J2AEIIIYQQQgghhBBCiI/vvg1XLWURd+OsTa8mbIcwxvDR2CHeHn6PK4URfBOAUlgownaYdKSJFQ19DKSWs6VlA13JZUTsMEqp259MCCGEEEIIIYQQQgghbnDfhqtKKRzlzF/ATDnDh2MHKWqPgcblNLoJGkJJEqEEqUgTLdFm2qOttMVaSYUbsKUVgBBCCCGEEEIIIYQQ4ldw34arixnWpleytnEFDcolpSwarDBRN0Y03EA02ghOBCxHqlWFEEIIIYQQQgghhBC/ss9muGpqg6eM9kEHoCywbJSy4CbBaAOKZ8IdkB1F565COQd+FRQYO4wXSaLizahEK1ayDRVNgROpHVMIIYQQQgghhBBCCCE+ps9UuGqMBr+CKecw5VlMKQPVIjhhVDiJCschnECF4ignXAtd6+xqAT02iB46iJk4h1+cwVQLGL8KGLBDWMlWVHMfdscGrNbV2Ok+iLdAKCohqxBCCCGEEEIIIYQQ4mP5bISrxmCCKqY4jZ44i3/lEPrqEXR2FFMtgR3GiqexUp1YbauwW9dgpftR8SYIxWvBaLQRerZjtQxAfgJnZhg9eQ49M4wuTEKlgJ69AtNDBGffRyXasPu24ww8ht25EWLpWmArhBBCCCGEEEIIIYQQd0AZU38G/x4xxkDgoafO4Q2+jnf8dUx+EiwLUChl1bYxem7JqGgDdvdWnDVP4SzfhQo3gLIW9VI1XhmTnyAYP4V/aR/++fegmAHtMXfZVrINd80zOOuew2pdjbLsm7YeEEIIIYQQQgghhBBC/NPw8ssv33abex+u+mX8S3vw9n6b4PJBsOzaF4DWYIJr26JqwWd9ycoOYfdtJ/zo/4jVuhblhG5+Hu2jZ4bwTr6Bd+B7tZYDVv1YxmB3rif0yB/irngMrM9GQa8QQgghhBBCCCGEEOLe+MyHqyao4p14De/w9wnGz6J0AChAgwHV0o/VsQ4r3gzKxlRymMxV9OwwenYEFXhgu6hYE6Gn/gR3xaOoUGzpcxkD2gevTDA+SPXA3xFc2l9rO6AsUDZ26wpCW7+Gu+kroOy7ei+EEEIIIYQQQgghhBCfHXcSrt67Ek2j8c+/j3f0xwRjZ6499q8MKtZMaPvvYPVsx4q3gB2qZ64a/DKmlEFPnScYPoh37j1MZpTq2/8OZTR2/8NY0dSi0ymlwHbBdrGXbSEcb8Fr+D7+6XcwuXEMAcHkeSoHvgfxFtyBJ+7u/RBCCCGEEEIIIYQQQtxX7lm4GowN4g++gR4/DSZA1R/5t5q6Ce3459jLH0XFmsByru+lagwm2Y7V2IXVvg67Zzv+ybfwLu2luv9vCEcbUT3bULZ703MrJ4zV1Iu7+Wtgh/BP/BSTn6gVzE5fxtv/HazW1VjJttqwLCGEEEIIIYQQQgghhLjBPQlXdTmHd/wfCYYOgleuBZhGo5JtuNt+B2f1M6hIw9I7K1ULTqONWJEUVqoTK92Pal2Bd+SH+Jf2YDX1olKdt1yDshysdD/u+i9iKgXMybegkgftE4ycwDv8fcIP/yE4kY894CoIAgKtUUrh2PaiQVsLGWPQWhMEAQawLQvH+fTfFmNMbV1BgFIWruvccl0f95igsCwLy1Iode3rxu3n3O7cxhi0MQS+jzEGy7KwbRvLur/DbmMMBkPBK+JaLiHbxfqEAb42Bl/7VIIKcTeO4vb3VQghhBBCCCGEEEJ8eu5NuDp6jGDoAKY0Wx9QpSGawu7fibPqyZsHqzdQSkEojt25ARVtAK+MzoygZ4dQyTaUdeu+qcqysdL9OKuexOTGCc69X1tPUMUf/CnuuudqQe2CKthq1WN2dobZTIZQKIRSip7ubpRSeJ7H5aEhzpw5w9TUND29PWx/4AESicSicxcKBUbHxhi6PMT4+Di5fB6loKGhgfb2dnp6eljW2YnrurcMzLQxVCoVrly5gm3b+J5PY2MjTU2N2LZNqVRidGyMixcvMjExQbFUIuS6pNNpuru66e7uIpVK3XFoGQQB2VyO0dFRhi4PMTE5QaVSARS2bREOh4nF4kTCYVzXxXZq4XKlUsVozZatW2hpbl7ymowxlEolxsbHuXz5MldHRijkCxijCYVCNDU10d3VzbKuZaTTaULu0tXJ2WqO8eIEFb+CNgZbWbTH22iOpm97fSW/zHhxgmwlh2PZFP0yPcllpCNNZCs5xksTFLwilrJwlI1vArzAo6o9NBpHOcScKKlwA82RNHE3hn3D57AaVHnt4ps0hht5oHUTLdGl78etGAyzlVmOTpxgojTJ8/3PEneX7jcshBBCCCGEEEIIIX497nq4arwy/rn30LlxMGa+KtRK9+KsfrrWY/UTsBp7cB/4Ov7pnwP1wJbbD6VStoPdsR7d/xDBlcNQLWAMmJkh/OEDuPEW1IIervlCnv37P2LP3r3E43Ha2lr5vW98g0qlwt59+3j//fc5eOgQk5NTPPP006xfu24+XDXG4Ps+ly5dYv+BA5w7e46rV0eYnZ2lUChQqVZQQFt7O2vXruHBHTvYtm0bDckktr30tRityefzfP/7P8APAqrVKk8+8QTbt2+jUChw4OAhDhw4wKlTpxifGKdYLGHbNs3NzaxYvpytW7fy0EM76e3pIRQK3fJeFYpFLpy/wIGDBzl95gzT09OEw2HisRhKKbK5HBMT45TLZVw3REd7O21tbWhjmJmZxmhDR2cnzenFIWelUmFkZJQjR49w9OhRLl66hNaGWCyGbdsEQYDveyTiCfr6+3hg61bWr1tHU1PTomNlK1nev7qHK/mrGGNoDDfyVM/jdxSuFrwCxycHOTB+mJDtkveKfGn58yTdBJdzQ3w4so8rhRFc5ZAKpWiOpjFAyS+RqWaZrWQI2S7NkWb6kj2sblpJf0MPYSdce78wZCpZ3rr8NmE7TCqUJBVuIGTf+t7fyNc+FzOX+dH518h7eR5d9jAxN1prryGEEEIIIYQQQggh7oq7Hq7q7Aj+8CFMtVir1jMGwnHs9rXYyzb9Sse20/2ojS+BFYKPETJZkSR260qs1gH00KFaxauy8M+8g9O7ExNJzvdeLRaKHDpymO985zvE4nGefPJzfOO/+wZ79+7jL/7Df+DUqVNUKmUwUCyVcOvVlcYYqtUqe/ft46c/fYOzZ88SjcXo6elh9epVWJbF7OwsJ0+dYnBwkD179vDBBx/w+7/3+zz55OdoTqdvWt2otea1119ndHQUy7LoWlar7PzowAHeefcdstksyUSC3p5eqtUq4+PjnDp1iqNHj/Dhhx9y+fJlvvzlL7Fu7dqbVrAWSyX27t3Lj370KgcOHCCVSvHYY4/x6K5d9Pb2YFkWw1eusPuD3fzs5z/n3LnzBEFAf38/bW1tZOqBaiwWXXTsUqnE4MmT/ONrr/HuL39JNpNh65atPPP0k6xcuZJoJMLM7AwnTpzgwz17+OjAR+ze/SFf/tJLfOHzn18UsPo64OzseQ5NHMFSihWp5exatvOOPgu+DpgoTbF7dC+OVfvzeLxrF9poJkvTDE6f5kL2Eo7lsLJxBTs6tpEMJfCNz1hhnKNTJxicPsnhiWPEnChbWjbxwvLPsy69GtuyMcYwVZqhElQYKYxxdPI4vcluOuLtd1y9aoxhpjTLkcljnJw9RWukmbJfrrVdkGxVCCGEEEIIIYQQ4q656+FqMHEaU5wBrcGyMDrASrZjdW7ACi9+fP7jshJtH38nZaESrdgtAwRDB2v5lGWjRwcxhQlILQO7Fjq6rkMkHMGyLEKuS0d7B1dHRvjWt77F+NgY3d3dOLZNsVSkMZXCcWoVp1prZjMZ/v1f/CW5XI7f/73f4+GHHqK9o51wvWK0XKlw9uw5fvDKK7zyyisMDg7yV3/1V7S3t7HzwQcJh8OLl64UkXCExsYUk5OThEIhSqUSb7/zDkeOHmVgxQqeeuopent6icdjZLJZjhw5yt/+3d9x8uRJxsfH+eGPfkQkEqG3p4dkMrnoHFprTp8+w1//9bd5/4P32bB+Pd/4xjd46cUXr1tTV1cXmzdtorW1lb/97nfJZDOEQyFeeP45mpqa5nuuLgwRgyDgzJmz/O3ffZcfvfoqjakGnn3mWf7oj/6IrmXX9819+KGH2PXILv7mO9/hhz/8IaOjo0SjUZ5/7rnrq26VwlE2juWgAEc5OOrmA84WspRFyHZxLAdbWSgsQpaLUhaWsrAtB0spHMuiPdbK9vYtRJzI/P47O7bzg7M/5oORPUyVp9g/cYBEKE5vspuGcLL+OH8GbTRKwdHJE2xu2UhLrBn3Dtfoa5/z2Yt8NH4ICwttDLlqHnP7XYUQQgghhBBCCCHEp+juh6tDB8GrXDcjympox073cy/L7lQoBvHm2hqUAhSmlEHnxrGDKtT7roZCISKRCLoeFFbKFf7r3/xXiuUSf/Inf8KGDetxXZeRkVFs254PFLU2lEtlQm6I//1f/SvWr1+36DH8WDTKxg3raW9rZWpqip/97C3OnD3DL95+h77ePnp6upesbnQcm3AoXBsmBbzxxhssX76cL730Is994QtEItfCv7l2AD093fxf//e/ZnBwkKmpKQ4cOMDgo4/y4I7ti85RLBb57t9/l0OHDhGLxdm1axfPP/fckmFvNBrlK1/5CsNXr/Dtb3+bH7zyA1rbWvmtr31tUWsDYwwzMzP8w/e/z2uvvUY4FOKxRx/jm9/8Ju1trUtcp8OGDet54YUXOH/+PPv27+ff/8VfMDAwwPp162rvo1KELXe+6rQ2JMwmtiAAvRVbKULWgpBTQcQJ14JWy6oPn1KABVh4OmDhkZujaZ7re4bR4igz5VkqfpWh/BUu54bYGF6PMYaJ0gTaaBxlcyl3mRPTJ+lt6KY91nZHg75GC+McnjjGpewQjnIIjGa6PIOReFUIIYQQQgghhBDirrrro9f1xFnQPnNBqlIWKpyoDaS6l5RCWTbKXpA3GzCZEYxXnn+p6nlUqhUcx6ZcLvPTN3/KO++8w//2p3/Ki198gVUrV9Lf18cjDz/Ezgd3zFeCWpYilWrgz/7sT9mwYf1N+5talkVTUxO/89tfx7IdbNtm//59jIxcRWu9xLIVjuNgu7XqykKxyOXhYbZte4Dnn3vuumB1oe3btvHSSy/R2dkJGIaGhzh8+NCS57h46TJnz5wlm8sxMDDApk2bicfjN72ViUSctWvW0t+/nEuXLvPmm28yMzu75La/fO999u/fT6GQZ2BggBdf/OKSwerC6127ZjUPP/wwlqWYnJzkb//2767bRhtdDxrVfFjpm+Cmx1zIUjZhO1yLKeshu18/XsQK4ygbg0GhCFkOjlr8J9QUaaQhlJofZFXyS0yWpoBaz9V8tUBgglpvX+DQ+BFOTZ+5o3BUG82J6ZMcGD+MUrUwXRtNtpqdD/KFEEIIIYQQQgghxN1x18NVU5iqtQSo/YQBjB2Gez3p3FDr/zr/A2BZ6NwY+JVFmytl4QcB+UKBb/7xN1mxfDmOc/NCYMuySKVSDKxYccvtAGzbpqOjk6bGRmzbYWJikmwuRxAsHRBalkUsWutlWq1WeeLxx9m+ffttB1Q9/uij9Pb2opRFJpNhePgK5XJ50XYnT54km82iFLS1tdYD2VtrbWmhOZ2u9SqdmuL06dOLtpmemeG9997j4qVLRCNR+np72bTp9n13k8kkXV21vrKlUpm3336HmZnZ+WDYUjYWVi2+N2Bh4Vp3VqQdGE1F+zhYGGOwlUXEDmEpi7gTxbUcDLXXrXr4eiNtNGBQqvYJdy2XhHttqNlEaYpgbq1YXM4PMzh9muny0gH0QlfyVzk6eZzR4ii2sjAKtAnIenmpXBVCCCGEEEIIIYS4y+56uEo9eLpOUAV/cah3V81lZDq4/qVq+brXLGXVH/fXWJaira2N7du3E4lEbvlIt1K1Kkrbtm/76LdSikgkTGNjI0opfN+nWvXmA7kb2bZNpB6kWkrR091NS3PLbc+TSjXQ1NhIKBTCq3oUigXKlcVB8ujoKJVqBaUsQqEQ4fDtJ9uHI+FauGugXCozOTm1aJvTp08zMjJCtVqlKZ1mYGAFqYbbVzC7rktzOk1bWxtaa3L5HGfPnsX3/drvLaf++L7BYLCUImzdfs1Qe3/nAlRj5ipUXRQKz3hoDFb9z0Ybg2bxe5Kr5shWc3jax1IWzZE0/Q29aGOoBFXGSxNz/6wAqhboDs6c5tjkiXowu7RqUOXg+FFOzpxBYdW/QGOYKc8sqNgVQgghhBBCCCGEEHfD3Q9XrztlLRqiWsSU83d/KQsFPsYrYbRmPmnVev7R8DnKUlhWrarRcVxWrlxJuqkJy/r0b2UQ+FAPBy1L3TIsnTu/47o0NTUSi0Vve3zXdUkmE4TDYbQxeL5PtVpdtF0oHEYp69pAqjvojVuteni+P7/mGx9Z11pz6tRppqanMcbQ2tLCijuo6p271lgsTkNDCq01nldlZvZa5aqjbCyl5mNGqz7c6k44yiZqh+dDSgXYykYpi5JfITBBvWKV+pCr6+9F2S/zwchehnLDBDqgP9nLwx07aIw0AgZPe0yVptBoNrdspC3agqNsruSvcmzyxHz7gKVczg5zbOoE5aDCuvQa1qXXEBiNMZrp0gye9hb9u4UQQgghhBBCCCGE+PW56wOtiCRqrQFg/rFtU5xGZ0ew21bd9eXMMdUipjANC2v/VH241cLhW0rVqyJrFaNNjY13FAje9vzGEAQBuXye0ZFR3v3lu0xOTmK0wbItHMdZFOQtVCqXsaxaVa3ruouGR93snHMVtUrVayGX6CHa29tDLBrFGE2xWKJQKNz22JlMhlwuhwEikQitLS3X/T4IAoavXCGfz2NZtV6xx44dJ/A11WqFcCSC49g4jgsYfM/H8308z8NxbC5evMTkxAQAnudRyBfQuv7OKXVdAJypZNg3doDmTBNKWVR0FZTCUbUKV20CfBNgAdXA42zmPPNvuuK63qZzvVxrdaeGwGgCHVAJKowWxtk3doD3ruwmU82yrmkNT3TtYlPLBhzLxtcBFb9Cppoj0D472h9grDDO7tG9jJcmOT17lgPjh/lC39OL3gcv8Ng/dpBzmQt0J5bxSOeDTJSmODJ1DGMg6+Uo+xUSbvyOwm8hhBBCCCGEEEII8au76+Gq1dSNmR3GBLWQCqXQ2VH02ElM/0MoZ/EE+l87o2sB78xl1IKKRwAVScLCqsd6EImphW6uG8KyPn6YVS6XyWazTM/MMD01zcTkJDMzM8zMzjIzM8342Ph8WGhZFo5t37I6tup5tYDUsgiCYMnBVIsu25j6drXzOI5DOLz4/q9ZvZrW1hZOn7EZHRlhaHiYrVu33HQ91WqVS5cuMToyQigUoq29jb7+vuu2qVQqTE5MUC6XsW2bbDbLvv37OXf+PEopYrFYva2AuTaUKgjwvCpaGwqFAqFwiL6+3nola/T692FBJp6pZtg/fpC4G8dSNhqNo2wUFgYIjE9gAuz6HmOliSWva2HO7mufi9lL/Pj860TtCLOVDFcLo+QqOdKRNJtaNrC5ZQOrm1bSFGkEar1RM9UsZV1BYdGT6GIgtZyLuctMlKcYLY5xcPww21q30Ba/fqjX+dkLHJo4QiWosrF5HZtbNrJ/7CAKhcGQ8/J4gVerEJZsVQghhBBCCCGEEOKuuOvhqt2yEn35o/mflbKgNEswfhqduYrdvPxuLwnjV9DZEczsMFj2tWzKaFRDJ7iRm+77cXIsY2qh4IWLFzl+/DhXrl6lWCxi2zaO7WCoBZwd7e309vRy/sIFioVCvQ3B4kfrl1yPUmit7yhcra2p9n2u6nWpoLijo4MHH9zJufPnuXL1KkePHmXHju10LVu25DWeO3+eE4MnmJqepqtrGTsffHBR5arWmmKpiO/7GGNIp9Ns3bKFtvY2Qm4I13VxHJsg0CgFtlULQrXW+L5PENR63hpjsG2bVatWLqogrsf3xN04KxtXkAqnUChsy8ZWdq1amNpj9dR7qVaDKrayOTNzbskn7M38fw1TpWnevbIbL6hQ9EuUgzLPdj/F1rbN9Ca7aYmlCdvXwmpfB8xWMgTaJ+7GCTkhepPdrEj1cyk3RKaa5VJuiEMTR3k2+uR8eF3xK+wZ/YjL+Sv0JXvYkF5Hc6SJsB1CUaugLfllKkFFugIIIYQQQgghhBBC3EV3v3K1fQ24MShlasmeUpjAR09dwL+4B6uxC2Xf2fChT4suTKInz2MKM2BZCxNHVEP79dW0cyFnvafBnQSeUHsMPpPJ8PY77/DB7t0cPHiIRCLBwMAK1q5dy5rVq2lv76A53UQimWR8fJxXX30VFNi287EC0zul6r1coVbxqiyFHwSLtotGInz+889y5cowv/jF23x04CN6e3v4/Oc/T1NTE2491KxWq4yMjvLjH/+EY8eOk0438dhjj/HUU0/VqlAXsCwLo818O4Turi6++pWvsG7d2kVrhGstDG683wtbG1z/i2vfWiLNPNPzJJ2J9tvek2wlR8yJ8faV97hVdO5YLi3RFpojaQ5PHqHkl7GVTdyNsTzVR2u0BfuGyt7ABMyUZwlMQNyJE7Jdok6UTc3ruZC5xJGp40yVZtg7tp8HWjfTGq8F0peyQxycPIKvPTY1r2dFqg/HcgnbYSxVG67ma49cNV8Pim/fEkIIIYQQQgghhBBC/OrufuVq6ypUsg2dnwAdoABl2ZjMVfzB17G7NmG3r6tVtN4FJvDQo4MEw4fAaOYHbhkD8RasWPq6tgDGXB+o6jsIV40xzM5meP2nr/Ov//zPKRaLbN++g9/5nd/m0Uceoamp6boeqb4f4HkepXIZY0yth6pj14drLe1akHfntYuWVevlOhdMOo6DbS0dzA2sWMHv/u7vkkw28Oabb/Dt//JfmJmdZcvmzTQ2NmK0YXJqkt27P2Tv3r3EYzFeevFFXnjhefr7+hYdT1kWkWhk/vye51GpVG7aakDND5G6s1phc93/G+w7/jzVqlKX7lt67TVLKfoaeniu9xkcy+aDkT1oo3lj6Oeko2ke6XyQdKTpuvX62me8OIEBGsIJwnYYpRRr06s5l7nI+ewlcl6OC9nLfDi6jxdXPIevfX429A5XC6OsbVzN+ua1JMNJvMAjZIeI2mGKfgltNDOVWbT5dAN4IYQQQgghhBBCCHFzd79yNdGC1bWZYOpirXp1bmiU1uipS3gHv4f1xB+jYunaDnc1C+4ZAAAgAElEQVQYpn0Sxmh0fgL/8n6C0ZOohcGiDrA71mDFW1ALw9Ubq1XvIFz1PI/Tp0/z53/+/5DL5enq7uKbf/zHbN26hWhkqZYDhsAP6r1TDY5t13qu3uJeRKKRa8HvHVbT1sJChdG1R+9dx11UYTrHsizWrlmDbdsUCgXefOstXn31VfZ8uIdUYyNaa6anp3EcmyeeeILHH3+cjRs2kEwmljxeyHVpa2sjEomQy+UoFIvMzs7OV6L+KuYe85//GUNgFlfkLkVj8Oe2VXPHM5h62wBlav12tdEooLehi68OfJGL2ctczY+QrWZ5/dKbJEMJHurYTtgJ1/qiGoOnPcaKkygg4cRxlINCkQwn2dC8lsHpUxyYOEymkuUXw+/xaNcjZMtZ9ozuxws8dnZsZ0WqD0tZtX6/lkvUiVHwS2g0M+UZAglXhRBCCCGEEEIIIe6aux6uomzc1U8RnP8AXb7WGgDLAq+If/odlOMSfvyPIRQHrF85bFuKMQZTyeOffAP/wm4wAVj2gmDS4Kx8AhVNXRfwXqtcrQWTt6tcNcYwm8mwd99epmemcR2Xp596moGBFTcJVufObtC6NphqblDVre6DbTvoICAINKFQGNd1b3sPPN+rDYgytXPYtnXT4VzGGM6cPcfff+8fGBuf4OWXX+bRRx5GWRYz9VC0KdVIQ0OSaDR6XSXuUlzXZdWq1Xy4+0MmxseZmZnhysjIpxKuBkajMfN1psYYAn2H4aoxVLRfD1Zroaiva31hE24c13IJ0PVtNdoY+hv6+JOtf8S/3Pt/UPSKXM4O89OLPyMZSrCldSO2qt2Lil9lolwblpUKp3Btd/5a+xv6WJdezfHpk/ja42phhDcu/Izx0gSzlVm2tG5iXfMakqEkALayiblRok60dn3GkPcKGCRcFUIIIYQQQgghhLhb7s6z9zewWwZwOtdjhZM3VFkq8Ip4x16j8v5/xOQnP0YV5scUVPGOv4p/4jXITcCNj41HG3C6t9X6wy50Q1sAo2+/vmw2y/ETg4RCtd6tra2t831Kl2KMwfM8fD/AcRz8wCcIgpv2d53bfm7YkhtybxtuAuggwPd9ACxlESz4+Ua5XJ5vfetbvP7aa6xds5ovPv88HR0dtLe1sWbVKtauXk1HRzvxePymj/bfaMe2B+hc1onl2IyNjXH82DFyudwd7XsrFe1dqz6lFraWgsod7WuMRusAVW8MoI2moqvoeruAhX12bWXjKBvHcljR2M/XV36VuBvHUhYnZk7x3pUPuZwdhvpxin6R6dIMoEg4MawFn7lEKM7a9GrWp9egAU9X+cH5n/De1Q/xdcCOtgdojV4bCmYpi7AdIuqE69XUmmw1d0dtKoQQQgghhBBCCCHEp+OehKvYYdyNX0K1rsIs7I45V7EYeHhHfkz5Z/8nwZWDmGrxUz29LkxS3fvXeAf+gWB6qH7q+uAkDMYO4277OirZXqtmXbivMfVq0rlXbh9m6UBTqVTmiiEplYq3HE5VqyK1KZVK163tZnzfp1gs1tekKJbKVKvebdcFoLWeH9AVaI3nLR2uHjh4kLPnzqEsi1SqgUgkjGVZWJaFbdvYtj1fXXunlae9vb08uH0H7W3tlEolTp48ye7dH97RvnN832dmZua6Xri2qgWj12qQDXfyPkEttAzZDoEJ6scweNrHGE3eK1LVHpZSmHr7AN/4tffLsnm270keW/YIMTeGNprdI3v46cWfMVmcwtc+s5UMOS+PUrVWAHMVrVB7j/sb+tjR9gCucjAGqkGFUlBia8sm1qXXkAjFr7u3ruUSc+O1/YHJ4jSe9u54yJoQQgghhBBCCCGE+NXck3BVKYXVugpn1eewGrsh8Bf+svY9qBJcPkDl7f+X6sG/J5g4i/FKn/icxmhMJYd/cTeVX/xbvKOvYnJjtSFWar65JkpZWOlu3PVfhPrAoRsOVO9rWvvR8/1FQ65uFItF6enpxvd9LKU4cew4+XxhyX201mQyGX74yg8plUr1INfCsuwlQ0tjDEEQUKlW5o9XrVbw/duHq57nU6lW8f1alafrOITDS/dcLRYK+J5HLpdjcPAkR48fJ5vNUqlU8H2fcrlMpVKhWq3i+/4tw+M5ruvyzDPPsH3bNlzX5eKlS7zywx+yd//+2+5rjGFmZoaf/fwX/Pgn/3jd7wJ9rcrXsHgI2a0EOqDklbGYC9up97pV+NqvDYxStXYQN/ZxjTkxvtD7NMsb+ghbLkW/xEfjB3ln+D1KfplKUKWqq7Weq2580ZCtZCjBQOMKVjUO4Gu/1orYaD7X/ShtsdbrhmzN9VxNuDGMMhgDU5VpqkH1+n+wEEIIIYQQQgghhBC/Nne/52qdCkVxVz6OmbmMV85iytlrA6XmQkSvhB4/jVeYJhg6gN21Ebt7G1a6DxVJoezb9BU1BuNX0Lkx9ORZgkv7CEZPoKcvg1eun+pasIrRqHgLoR3/bS30XSLMdFwXN+TODw7yvFuHmEopGhsb2bF9B9/73j8AcOTYMd586y2ef+45Ojs75h/hL5VKDA6e5M233iKXy9HS0sL4+DiZTIZMNovneThLtBPwfR+v6tUuwRh8zycIbh9uOo6NDnR9cJYDqJs+0t/b20tTUxMnT51i9+7djI6N0tnZSTwWJxRy0dpg2zZu/f4k4gna2lrp6emhv6+PxsbGJe9NX18v/80/+2cEQcDPf/Fz9u7bS9WrMv3132bngztobGy8bk2B1mQzWU4MnuDdd9/l2PHjfO2rX7suePa1j699atGoQhtNVd9ZJa/BoNFoo7GUhTFQ9itoo/GNT2ACTH2glR9cXyWqlKIn2cWL/V+g4lc4kznHVHma3aP7cCyXSlA7jk2tlQBc//myLZvuZCcPd+zg5Mzp+X6u65rXEHdji8J127LmB2ahYKYyQ8kvz69dCCGEEEIIIYQQQvx63bNwFRQq2Y6z5llMOYd/5m3wq7XBVvObWLWANDdOUJpBz1wiuHIUK9WNaurBamhHxdKoSBIs59pwLL+MKefQhUlMZgQ9fRE9ewUzfRlTzjIXui2sWDXGoBItOGuewVm+C2UtfWt836dSqRD4Pt6CKs1b9RmNRqNs3rSRL730Ej969VUymQw/eOUVJibG2bhxIw0NDRSLJYaHhxgaGiaVSvHFF79IJBbje9/7HrOzs7zx5hvkclk2bNhAX18fDclkfemGatUjm83gebUq1Eqlgh8s/Xj/Qp7v1/fxUEpRLpfxfZ9wOLxo297eHp555mlK5TJnzpzhwIGDhELHcRxnPvRzbBur3iIgEg7TkErR2tLC6jWrefihh9ixffuiQVuu67J582YA4vE4H+zezf79H5HL5ti9+wPWb9hAc1OaSDSC7/uMj09w4eIFzp+/QKVSZuuWrezYvv26YwamFo7ODcfSJsAL7rBNgtFUguqClgK6NtCq3mtVG10LYOvblYIKceLz+zu2w6bWDVwpjJCtZhkrTXA1P8LPh94lZLvzrQBsZS+V3RN3E6xOr2JFajnnMhd4YtkumsKNS4allrIJW+H5iLbkl8lWc/g6qIe3QgghhBBCCCGEEOLX6Z4mMMpysDs3gNGYoEpw4UOMV7pWwQq1AFQpCHx0ZgQ9O4JyDqFiTfWvRlQ4UQtX50Y6+RVMJY8pzmAK01DOgvaZrxRcGFTNBavxNM7qp3C3fBUrlr75mlG0NLewfdt24okEHR3ttw1Xbdumq6uLP/iD/55QOMTg4CBDQ0P8+Cc/Yd/+j2hsTBGNxkgmkwysWMETjz/GwMAA6aY0+VyOCxcvMj01zZkzZ+no6KS7q+u64/uBT39/P8s6uyhXyrS0tNzRUCnP8+jq6mbnzoewlKKtrQ0/CJbcNplM8vRTT1GpVsnlcly9epXm5mYaUg3EY3Ei4TCe51EsFcnMZpiamuLy0BBKKQ4dPsTJkyepeh6PP/roor6syWSCHTu209LSzNq1azh8+Ahnz57lrbd+xv6PDpBMJolEIvX7D5FIhK5ly9i4cSMP7dxJZ2fHdWsN22E2Nq8nHWlCKUVzJE1DKHnb+wHgWC6d8Q6e7nkCW9loo2mPtWIrm/ZYG9vbttLX0IulLLoTy3CWCD2ToQSPdD6IMZqh/BVcqxaqupbD8oZ+qqZKV2LZkgGoY9l0JTp5cfkXODo1yKPLHiLiRJZsCRF3YqxpWkXey2NbDsYYYk70jnveCiGEEEIIIYQQQohfjTKfgek3xivjDx/EP/x9/MsfQSVfr2C9SUhUe/79+s6SqhZ8Gub6oZr5XyillnzEf+44KtGMvfwR3K2/hdOx/ubnBQqFIhcvXuTy0BDRaBTLUjzy8MPXVXDejNaa4StX+OijjzhxYpCJiQmCICAWj9HT3cOmjRvZsmUzjY2N831CTwwOcuniJcqVMs3NzaxYvpz29vb56lKtNblcjg/37CUcDlMul+latozly/tJJBK3XM/0zAxnzpwhny+AgcamFOvXrSMajS7aNpPJcPzECfbu3cfZc+eIRaOsXLWSttZWGhpSxGIxyuUy+XyeyYkJLly8yLHjx7l06RL5fI5wOMITTzzBv/wX/4LGxtSS4a8xhkKhwNDwMMePH+fsmbNMTE5SLpexbItYNEZPTzdr1qxh7Zo1dHR0LKqEBchXC/UKzlr1rm3ZNISSJEO3vh8AFb/CTGWWalCr5tU6oCnSSNyNk/cKFKoFfBOAgrAVIh1pwl2iPUWgA6bK0xSqBRzLxbFqrQACo6kGFdKRJmJubMmK1EAHlPwyM5VZOuMd2Mpa8rPlaY9cNU+2ksO2akFwOtJEzIli3zCITQghhBBCCCGEEEJ8PC+//PJtt/lMhKsAxisRjJ/CO/BdgqEDmOIM1ypNbx5aLly8WuK1ha8v3KvWQUCh4s04K5/A3fBF7I7111e13sm6b+i5eaf75PN5stksBojHYiQSiSWDws+CUqnMu7/8Jd/7h+9RrVR57rnneOqpJ2ltaVmyB2wQBMzMzvL++x/w6quvsm//fqrVKqlUin/3b/8t27c9sOR+C2ltqFQq5At5isUitm0Tj8dJxOOf2fskhBBCCCGEEEIIIX5z3Em4+plpzKjcKHbnRqzHW/BOvol39EeYwgwElVqFKSwZsi4VZy4Zst7wg3KjWI3dOOufx137eaxk+ydb9yd4BFspRTKZJJm8s0fV7yVtDEePHeM//ef/TKFQ4H/4wz/gq1/5ypJ9WefYtk1LczMvPP8ciUSCyakpTpw4QbVa4fiJ42zduuW2HzzLUkSjEaLRyKd7QUIIIYQQ4q7IVLP8pxP/H++PfsiVwsi9Xo74FXTHl7Gr4yH+p/V/SCrUcK+XI4QQQnymfKZGiivLwWrsJrTz94i88Gc4A7tqw6rmqknn2gHUv257PGNQ9X1q6Wp9HyeMs2IX4af+F0JbvvaJg9V/CiqVCt/5zt9w9uwZHt21i50P7rxlsLpQKBRi5cAKtm17gCAIUCgymewdvXdCCCGEEOL+9m+O/CXfPfcDCVZ/AwwXrvLdcz/g3xz5y3u9FCGEEOIz5zNTubqQshyc7m3Y7esJhvbhnXqL4MIeTGGqlo8q65atAq5jFoaqIewVuwht+jJ21xZU+LNfOXqvDQ9fYXDwJL7v09HZQaox9bH2j8XjtLS01nqsKkVvTw+WDFwSQgghhPiN98Honnu9BPEp2z9x8F4vQQghhPjM+UyGq/OcMHbPg1hta9EbXkKPncS/cgQ9fgqdmwCjr1VBan394CqlQNkQTWK3DGB1rsfuexC7eQAVToATunfXdR/JZrNUqlVA4ToOtv1JBiXV3qNwOEz/8uVYtxi2ZIyhWq0yNTWF7/tEo1GamppwHAff98nl85RKJbTWOLZNIpEgHo8DMD09Q6VSma9sVpYiHo8TjUYpl0oYY2hsbKxdVy5H4PvE43FCoWufBa015XKZ6elptNY0NKRIJhPz112teuRyOUqlIo7j0NDQQCwWA2pDv3zfp6GhAdd1KZfLlMtlXNclFAqRyWaplCsYowFVW3sijlvvP+t5PoVCgVwuh+PYpNNpQqEQQRCQyWQpV8q1z7uhdm2xGKlUCqUUxhg8z2NmdpZEIkE0Eqn19i0U0EFAIpGgUqmSyWbqxzCEwmEaUylc151vb2FMrddtJpMBpWhtaUEpVXstm8VxHBLxOOFweP5eZbJZWpqb54e6VatVstkckUiYeDyOMYZyuUypVKKxsXH+XhaLRYrFIolkksiCaujaZ8BjZmYGz6sSCoVIp9M4jkMQBGRzOUr19xNT+1OPxWI0NDTMv2+pVIpwOIzneeRyeYLAJ5lMYlkW0zMz6CCoF8IbwuEQDQ0NBEFAtVolGo0SiUTq9z0zf635fB5tDJZSaGNQQDyeIJWSR+OEEEKIG+W8PNOVmXu9DPEpmyhNkqvm72hQrBBCCPFPxWc6XFVKgRtBOWFUpAG7dTXOqqfQxWlMbgyTn0DnJzGVfK1CNfBQtosKxSDWhJXsQCXbsOLNEEmiQnGwQ7WerFI9eUcsS2FZiiAIKJbKVKvVj7V/qVhianIKpRTLVyxn5cAKbHvpbhRaayYmJjl89Aijo6Mk4nHyhQLL+5ezZfMmAA4fPszw1atEwmECP8BxHR7cvoOurmW898H7FItFwuEIlmXh2Db9fX20trZyYnCQiclJXvriC0SjUU6dOs3s7AybN2+mva2tdv4gYHRsjMNHjpArFLCUolAs8vDOnfT39VGpVDh2/DiXLw/VAk0gEgnz6CO7aG1t4cixY8zOzvLIQw/R0tLC2NgYFy9eIp1O09W1jN27P2R6ZoZEIk7gBwQ6YOOGDaxcMQAKTp0+w8nTp0Abgnog+uTnnsBxHHbv2UMulyMSDqMsheu69HZ3k0wmsW0bYwzT09P84p132fbAVpb39+P7PidODFIqldi8aSMjo6Ps/+ij+YC5UCjQ29PDunXraGluRqna+zw+Ps47v3wPrQO++uUvk0wmOXnyFIOnTtKcTrNx40aWdXZSKpUYHDzJkWPHeGzXLgYGVmDbNplMht0f7qEhmWTz5k0kEgkuXb7M+QsXeOpznyMajQKwd/9+Ll8eYueOHaxYsZxQKITWmvHxcQ4fOcrE5ASxaJRMNkd/Xy8PbN2KsiwOHjrMyMgIiXgcpRSO49DVtYxVK1fy9jvvks/n2bXrEVYsX86VK1c4ePgwxhi2bN5MJBzhzbfeIpFMEHJDBDqgubmZtavXMDExwZmzZ+nqWsaO7dupVCrs3rOHvp4eQqEQ5y9erAe+Hq7j0tCQpL+/n1Rq/Sf86xJCCCF+cyVdCd9+EwUmkGBVCCGEuMFnOlydpxTKCYMThkgSO9kOzcsxXhn8CibwatsZDcpCWQ44IZQbBSeMst1rfVvFx7Kss5NUKsXQ0DAjV68yPTVNa0vLHe0bBAFDw0McOnyIpqZGfutrXyNRrzJdSi6X4/z5c0xNTbHtgQdqw7AmJzl1+gytrS00p9MUSyXi0RibNm6gUqly5tw5Dh89SktLMzOzs3R1dtLb20ssGkOpWuWq51XJ53NcHRlh8ORJtmzeTLlcplAoEvj+/PmrnsfE5CTjk5Nsf+ABGpINnDx1klKphOd5nD5zlonJKXp6uulo76BQLDA8PMy+/ft59pmnqZQr5PMF/CAAwPM8iqUisUocz/cploq0NKfZtGkTWmuOHD3K5ctDpJvSlEpFrl69QkdbG93d3RQLRU6dOUMmm6UxlSKXy9HW2kJfby/hcBhlWcRjsVq7hTrf98llswT18xtjKJVKFIsFfN+nUq6gtWbr5s3Yts3IyAjnLlygqamJVEMDoVAIYwy+H1AoFPA8j8nJSSKRCKNjo8zMzBKJRPE8D2MMuXyeoStX8KpVTp05TW9vD5ZloYNalefo2BiNTY2sXrUKz/PI5/MYXatiLhQKXLlylVw+z9jEOK1trTSn07XPwIULzMzMsG3rVhKJBGPjE0xOTFAqlQiHw5RKRRLxOFu31K5DWRbRaLReqZtnZnaW2dlZyuUys5ksk5NTRKIRqtUqtmWTy+fZ9sADNDY1olCEwyGSyQRXR64yMTlBxavS19tLPJEgl8tRLpfp7OwkFo9z/tx5ro6O0N7WxsqBgftiKJ0QQgghhBBCCCF+fe6PcHUBpSywLbBd6Zl6F6TTaZ595lnGxyf4cM+HrFq1stZ7teHWj0L7QcCxY8f48U9+wtTUNC+88AJPPvG5m7YVMMaQyWaZnJqis72d1atW4Tj/P3v3HtzUfeeN/y1ZkuU7vgjbYGwlwg6ikAtmGryRMjG/X0vnaTJNmwxgtuMxm+HpjsMM7ONuZk2Xet104v6S9TzmN4ln+sum9nh2MTDJkk6zz1OyO3Y28q7JFnjSkiJicCJfEqCywBds8E3n98c5OjpHd8s2luH9mnGCdG7fc/uecz76fj9Hh7UmE4aGh3H9+g0kGwwANDAkG7BmzRpMTd0BBAFTU1MQBAFJGg2m7twRu9DfvQuDwYCUFLEVa1KSDqkpKbj8eR/Wr1sHvUGvCkwCgFarhV6nh9frxVdffY35/DmsW7cOeXl5EAQBX0stZks3bkReXh7u3r2LJK0WvZ/8F0ZHR6HVaqHRaKBuEy1+1gBy2ookbRI00GBubg6GFLH15PU//Qnz8/MoKy1Ffn4+ZmdnsWbNGqxZs0aedmrqDkbHxmAwGMR1Mxrl7vyQxhE0Yp7c6ekZzM3NYsTjQUqKUSyHxj+erwu/1+uVv1POx2g0InvNGly/8SdkZWXh7vQ0UlNTodfr5BQEo7dGMTs7gyeeeBx/dDpxa3QUa00mCBBTDngnxIB2RkaGuF00GkAjtlB2uVzISE/H+nWFGBsbg9vtRvaaNbg1Ooobf/oT1q9bh40bNwIA0lLTsCYrEykpqfB65wFBfNHardFRJGmTkKTTISc7Gxpp2+ZkZ2Nqago3b97E3bt3oNeL+17wCvJ6jo+PAxqxwXtO9ho5ZYAx2YiZ6Wk4L1/G1i1boNPp5VbEOTk5GBsdE9Mg5OVh/fr1qu1GRERERERERA+eVRdcpXtLr9fj29/6FtxuN/713/4VH3zwLzAYDHjqz55Cfv5aGAwGVYBpdlbMlXnJ6cSZDz/E559/Drvdhh98/wfIycmOuKyZmRnMzs0hOztbzoOampqK9LQ0TE1NYXp6GoAAz82b+MPFz8RAG4Cy0o1i3lCtFpNTUxgbH4NBr4fRaERWVhZ0Oh10Oh3WFRYCEOB0XoYmSSsFQf1l1+l0yM9fC+sjj8DtHsGXrgEk6ZKQbDBAl5SE6ZlpOceqVquFwWBARmYmvF4v7ty5IwX31C9b02ik/0h5UUdHR3Hl6lWMjo4iSaNFSXExUoxG3L1zB1oph2xSUhKSkpJQXLwBAHB74jYAMYg8NjYGvbRumYEBbo0YLRwfH4dWq8Hc3Dym7kxJQVhxlOm703ANDGB8YgJzs3N4yGxGQX5+UNBbr9OhsLAQN2/dxPBXX8FgSEaWlJ8VgoDbt2/Dc9ODZIMB69etx+d9V8QUCNniPha/XwfBK+CLL75AWlqaHNCdnZ3FlatXkZMtpku48Onv4fHcxHTxNKbvin85OTnQarViaoWBAczOziI5ORlGoxHQAHenp6WAdhIMej3m5+agNxggACgoKMDMzCy+vnYNMzMzyMrMgiHZAEHK/SsG8sXcs16vF8kGA7Kz5yEIArKyssRUBGPj+NI1oArA+4LD4u7U+APGRERERERERPTAYnCVonr44Yfwg+9/Hzq9DufPX8D/+l//G1999TU2brQgNzcPycliIHR2dhajo6MYHv4KV65ewa1bo3jym0/iu9/9b9hstUYNROmSksQ8p5NT8Hq90Gq1mJ2dxZ27d2FMNiJJCs7Nz81jenoaKUYjzGYzyko3it97vcjLy0PRuvUwGo3Q63XISE+XA59r1mRhXWEhej/5RGylaEhWpd6dm5uDVxBQUFCAgvx8uEdG8HlfHz7vu4JHt26BVqvFzMyMnHd2fn4ed+7cAQAYDAbo9Xpotf6Wq16vF16vV1yGIEgtQlOQkpqCwcFB5ORkIzt7DVJTU5GUlASv9EIlQRBzrt64cQPp6RlSzFRAbm4uitYXITnZAJ1OXDcVQQCgQW5uDgoKCjA3O4fJqUn4XigGQArgZsBz8xbGx8exZcs3kJmZqQoi+l4Glpubgz+5/4S+K1dRkJ8PvU4HrVYLAcCtW6O4fv06BEHAtevXoNVqcLW/H5utm+DbAgUF+dBAA9fAAG7evAmD9NKqidu3ce36dSQnG+Hx3MTdO+ILxMbGxuRAuK81stfrxcTEBL50DSA1NRXr162DRqNBZkYGijdskFolJ0Ev5Wud984jJzsbN2/exNDQsNj6NysLd2ekF51Jb8Bat24dstdkAxCQlpYGvV4P77wXKUYjNmzYgBHPCC5//rm4LUKkFJFfmsbgKhEREREREdEDjcFVikqr1WLr1i3Iz8/Hk9+8iLNnz6Kvrw9X+/vFt7IbDNAkaTEzPS0GRufnUbShCM899xwe3bIF2dmRW6wCYkvA9IwMZGZkYmj4K6wfHkZ6Wjo8Hg9GR8ew5RvrxRcYAcjPX4snn/wmMqRWnr632fuCY2npaUhNSYUvqDg/74XXO4/5uXmsX78eRevX49M//AH5prVQtlydnpnB8PAwrl2/jm2PP46NFgtu3bqFsfEJJCUlIS83Dx6PB66BAczNzeH27dsYcA1gzZosZGdnIydnFINDQ/iT2w0AGLl5U25x6QvGFRbk45vbtyMtNRW//8Mf8NXXX6OstBS5ubkYHx/Hl1+6MO/1YvL2bVz4P5+ifNsTyMnJAQCkpqYgIyMDBoNeDur5gtCAGPADgIL8Algefhizs7Nwe0YwOTkpBRbFlsCPP/YoSoo34N8/dmBoaAiZGRlYu3atPB+vIAaF09PTkZaahst9fSgt3Qjv6Dy8XgFzc3O4efMmJm5PoiA/H2Pj48jJzsOE+TwAACAASURBVMHV/n64R0aQkmzE3NwcdDodNhRtwOTUJD79/R+wrrBQzMM7OIjkZCOSkpIwOTWFNdlrMDU1ies3bqCwsBC5ubkYHB5CfkE+0tPSUFJcgq++viats7jeBoNB7srvaw0r5oudQ2pqKiYnJ3FraAiZmRlIzczA7clJMfYsiHPIzMhAeno6NBrx+PYFcue9XqSnpSE9PQ1ffOmC5+ZNbCorlY8RQQC80r4kIiIiIiIiImJwlWK2dq0J//f/tRNP/VkFRjweXL9+Ax6PB5OTkzAY9Eg2JCM3LxeFBQXIyckRu3AvQFZmJoqLN8Dt8eDcufPIy8vDV19/jcyMDBStXw+DwQCdXg+tVuyqr9frAfiDiimpKbh+4wZmZmah1+shCF7kr81HZpb4siatVgu9Xo/HHn0UA0ND0CuClABgTE5GijEFbrcb585fwJrsNbh2/QY2brQgMzMTmx4pw//59Pe4cvUq3O4R3L17F7dv30b5tm0wGo1YV1iIP15y4vPP+/DV119jdHQUWZmZyF+7FoIgQKfTQSt1JS8rLcUXLheGh7/CWtNabCgqwq3RUXx+5Qpu3rqJ27cnMTU1hYwMsVWp0WjE19euY2rqjjgfrRZrTSZs3GiRg6IarRZGoz+QC4ipDgx6MXVDUlISkg1iTtm8vDw88kgZ/vCHi8jJyUF2djaSpZalWo24nYzJySgsKMDX165hTWYmpiYn4fUKmJ6extTUHRQWFOCZp59Gki4Jd+/elVukrisohF6vR5JWi6ysTBRvKMZXX19DUlIS7ty5g8HhYZSVlWLb448jOTkZk5OT+K/f/Q5j4+N4yGxGSXExbty4gd/97hxMeSYx/YCUZzc5WdzvIyMjuPjZZ0jSaqHRJmGtScyBqtfpkWxMFtdpzRpkZGYiJSUFWq1GSregRbLBgMuff460tHQAAozJRpjNJdAmaaHTJUGj1SA7OxuPbd2K/zx7Vg7gA0CSVgu9Thc2dzARERERERERPVgYXKUFS0lJwYaiImwoKlrS+er1epSUlCArKwtX+7/A+Pg4HikrxcMPPYTMzEzMzMzCXGKGVquRA6s+Op0Oj35jC8bGxzE3NwtBAARooNFqkJaaioceeggajQZarRZr1qxBxZNPYm5uDmlpqarlP/SQGenp6ejv78fk7dt4/LFHYXn4YaSmpiIjIwM7nvwmBgeHMHLTg8zMDJRvewLr1q0DAKxZswaVTz+Nq1/04/bkJCwWC4qLipCbm4s7d+7AumkTMqW3yxsMBvzZk09iaHgY2iQtMjIy8MRjj8OUm4frN65j/bp1KC3diOzsbMzOzuKRskcwOnoL8/Ni69GkJC20WvVLqDLS0/Hoo48iz5QnBwSLizZgdm4WaWlpKMgvgF6nlwODmx55BBqNBsnJyZidm0NycjKSkpKQnb0GWzZvRmpqKjZIXe9NJhP0ej3m5sQ8t8nJyUhLTUWyUQzIpqamYseT38TExATS0lJRVroRmVlZ0Gq1KCwsgO3PKjAxcRt6vR7r169HqcUiBT3FdX+krAzT09PQaDTYsKEI6RnpcH3pwujoKArXFaJ4wwaY8vIwPz+Ph8xmpKWlYX5+HoJXkFuvGgwGPPH4Y8jLzQVyc5GamoL09HTodDoYjUbkZGdDbzDgiScex8zMDLxer5QCQQutNgmFBQVYk5WFjIwMpBhTULpxI+bn51BQUCBvszxTHnR6HbKyspgSgIiIiGgZud1uXLhwASMjIxgYGEBJSQny8vKwbds2mEymlS4efvKTn0Cj0eDnP//5SheFiOieGB0dxdmzZ3Hq1Clcu3YNWq0WGzZswIEDB2C1WpGamhp9JvcpjcD+rUREREREtMS2v/fM8i+kvAPnzMXq72Y+RfNvDqNzIfPZ2ILuxx6Hx/UMXjy/lAWMxYv45XMHUT79W2z/8BcrXJbozr3w0bLO3+l04vTp07h8+XLYcTZt2oTvf//7sFqty1qWcJxOJ5qamgAA9fX1K1YOIqJ76d/+7d/wD//wDxgaGoJWq0VmZibGxsawceNG1NfX45FHHlnpIi6Lurq6qOOw5SoREREREa06VU9/gDoTcP73z+BHV33fioHKuhc+wDO/f1bxfSJ7Fz/6zbsrXYiE4HA48PbbbwMQA6h2ux15eXmwWq1wOp0YGRmBw+HA5cuX0dTUhAMHDsBut9+z8k1NTeHMmTNwOBzyd2+//Tbsdjt27dr1QLfaIqL7m9frxdDQED799FNoNBqYTCa89NJLaGpqwtmzZ3Hz5k3VO2EeNA/mWhMRERHRKuREW3U1GrvcYcdwdzWiuroREUaJzt2FxsXOA044nQsYu60a1W0LmOCB9zd4wZSOCXd7QAD1XfzoN7+FC+koW/fiShWO4uALrKakpKC+vh5HjhyB3W6XW4VarVbY7XYcOXIE9fX1SElJwdtvv60KdC6nqakpvPbaazh9+jRGRkbk70dGRnD69Gm89tprmJqauidlISK617766itcuXIF4+Pj0Ol0eOqpp/DMM8/gqaeewuzsLD777DNV3figYctVIiIiIlpdHK1oK2zA/sCeuO4utDoAy4oUSsmJtuomoL4D7Cy8vDKMG0N8+wu8+N4v/B/LO3DOnIPzqpasUld8BKQQSGtB9wuPI8P3eULqqu8jddnP8H8DV1D3/b/Buy98B2b58yB+8141GuWyAOfdOSg3pUvTvwnPOkVagFjLIs9PkRYhnpQICcDpdMqB1SNHjqCkpET+/syZM3LQ0m63ywHXI0eO4LXXXsPbb78tt25dTi0tLRgcHAw7fHBwEC0tLThy5MiylkPkRldjHRz2ZjTsVOSfdbahuqkblfUdqvrR3dWIOocdzQ07ETlbrb/uCqpfE5i7qxF1A7vREVBoZ1s1mrp9nypR37FfVSe7uxpR194vfrDURNg+obaLuA98k4dahmr+gH+/SPspmAU1zQ0Qd6m4TH/x6wPWTz3cUhNwLASWL2j6lRNuf8XD2VaNJiTOuvkFHjPK/RF8LAaKds6qhru70FjngF0+diKVI35ffvklZmdn8Vd/9Vf44Q9/CL1eD71ej5/85CfweDzo6+vDtWvXsHbt2sUtaJVicJWIiIiIVpViux2DZ51AQDDFfdEhDuu/Ny3ZaCX9AhcnvgNzxndw7oXN/uDlIplNj8PlegaV5wFfkPTct6HKhQr3m9j+sdSNv7wD58wf4JdjUuDWF3xVBEIbvv0RnnuhA5DLWIzyrE/R/J4vCPoifrlugWWBLy1CuiK4K6VEeK4FWGUB1tOnTwMADh8+LAdWlSkCfC5fvozLly/jwIEDKCkpweHDh9HU1ITTp08va3DV6XRGzAGrLJ/T6bwHOVhN2Gq3oH1gBFCEXtzXBmGxWNB91on9ijKMDPQDxbujBFZXJzmAWan+3tlWjabBGjR3iMEpd1cj6hq75GCVOF0x6jsaYJXGr2srDBmkc7aJQUzVItwX4YB//iEmQl07UNPcIQa83F1orGtEV3MDdlr3o6Njv3JmYuCteLcUHHOjq7EJ3XJAVBze2OULoEqBVUXA1NlWrRgOONvq0F5cj46GUNPfP6z7O9Cx0oWIhfsiHP3Rg6qxMu1sQMfOJZjRAni9Xqxfvx5btmyB0WgEAMzNzUGn0+HZZ5/FF198gQf5lU4MrhIRERHR6lK4FXZHK7rcylYaTnzQXowdzUBg2zJ16yVA1TrI3YXGugHYawbR3t4vtl6qDZiBuwuNde3oV7Y2CWh55G81pGhN1FQtPfxCbDlSU4PB9nb4GxKFb0kSscxioQJaTQUMl8ssLywBW/YsTuOHb2LdcwdRbijGcy98hOek7yfcb6Ly4/hymE6431S0Qv0FXnRtxjmzDb/cCPwoKwcZuI3zXyvmfb4a2xWtVhsefhwZM5+iWdHCtPHD32LrC9/B1nL/eK6vowc/I5blqpgWARO/VYzzLn7ktKH7scfx359+EZ1xboN7ze124/Lly9i0aZMqKPmP//iPAIBt27bJOVcvXLgAh8MBm80Gq9UKq9WKTZs24fLly3C73TCZlidw5FxAjo97E1wFTIXFQPtZOPdbpWCNGxcdgL12N4rrlN87cbYbqKyX21Oq646ILTYjt/5Ut8xUD3O2VeNUST3sjiZpWWIdVfiBf36BrS3V8wus8wIo6uXKyn6o24H61tm/Xqadu1HZfgoX3Tux0+TGRUc/LDW1cnmtOyqBJuV2k1cETahEZcASMDKA/uIdYbabG12numGpafaX37QTDWGiYe6uVrT3V6K+wbfkEQz0A5W7fZ8DgunOs+hGJeoVdbr12Rqg7gM4d+6H1d2FU90W1DT7p9+5uxLtpy7CvVPaJqprRCXq64GmUyVobtiKiwGtooNbUTrRVn0WO8JcD5XXNmdbNc6W+K59Frz4AvDue/0AmlA9WIPm3QOoa0LwcSUtbySwZWpAK82glquqsqiPIV+L2Xo0ycdg4HU46NqrunZGbk2sOn4rK/3BeEWZmqq75eNeuSxLTQ2K29sDWpgO4IPGanTLjasj7RMFaXni+MHfBwpu9RxaUVERxsbGMDc3h/HxcaSmpkIQBNy+fRt6vR6PPvpo1Dp4fn4e8/PziBSC1SUlISkpKWp5Eg2Dq0RERES0ypiw1Q60XnRjp++BwHkW3ZU7sB/XVGO6uxpVrZfkwEJrF7bKDyXdaB+oR0eH/+FNMQM0is2P0KF8qGkvRn1Hhxy8aKuuQyOa0bDTiv0d9YCqG54YmOlud6CmuQMNJkgPOY0oCRE8iF5m6TMCWmXVtaGwYz+szjZUNw36lyWNX912vwVYlS+C8nfFzzAdxLkXagLSAMTGMxkQkDx/CS7zd8T8rR+L/y5/7COcezhEF328iHXJAKavBwROFWkKygHgNjxjiyxL1maYAbg8AWW42oM+6+MoD5kuITFduHABAIJeTHXkyBGcP38eP/jBD+Thf/mXfwlAHcC02+24fPkyLly4gF27di1LGSOlA1jMuIti3YFKnMI1N2A1QWpJaUetKQ+wdOOsc7/YuN99DYOoxG5F12SHvRkdDb4WjuFbbAbWRcrWnwho+enuakRddZsqSNbffgr25g50+IJgddWw1DSjQ/wC1U1SMBCKYFFHg1jvOdtQ7avTwmwCe30HGqyAs607IPRpxf6OgPaM7msYBCC2izZhZ0MHVHEnMRobsCwn2pqA+o4dONutXoL72iAsg4Oorg4RXHZfhKPfAnttLMF+Jz5o70dlfYNi2XkosQDtcgtkKRhsz/NPZilBXtC8BsXjYWQA/SjGbuXi80pg6XdIwWUn2pTXNd91zlKD4FbR4rLRXwy5nbR8vYW0H+G/Hipb6ErL724fUFwvgYoMZVoAJyrR5D9epeVV7haPgwVl8FRc+3b6rrN1jYDyOtvdhFO+Y9Ddhca6arRJ1+rA1s7i/JrQtqMD+61ia+JB+V5A3Ro4VEvoJkitna370dFcgsa6Aezu8B/vTd3+Y0Y1vk9/N1DfgQ45lUQrurZG+MEh1DZQbsGAFtO+Mu+OIbD62WefYWxsDDMzM7h06RK8Xi+eeOIJzM3N4Xe/+x0uXboEm82G/v5+zM3NyT0QAgmCgPHxcczOzoYcrtFokJcXfGSvBnyhFRERERGtOqatdsBxEb53TjnPdqNyR/AjuGlnAzpULTvEB8dAoabFiD+w6m/VIT341Ssf+K3YX1+J/vYPEKl9m6Wm1v9QZN2P+sp+tH8QPEXUMksP7jW1ylZZDejwPaSd7VYvCybsrK2BpfvUIl/Slch+gRffewbb33sG212DANJRbm1B1YLmES3oKS7jNxMAMr6Dcy98JP59+2+k4RuRa4iv9Asvi8hs/shfjhc+wrkXDqJ8ycpwb7jd4kEZ+EBdUlIiB1adTidee+01eZiyZahvOt98lsNCXlR1715qZcWOyn44LkrrPTKA/uJCmKT6ovus0/+9LxDn/ADtqEGtIphi3V+PypB1gxT02x1QzzTshEkOCPrrQdPOWtRYunFKOaPK3XI9ZN1RCaDSH8ix7kClFAwUlwVVnSbWkQHzUzLtxM4F/Fbk/KAd/Yry+IgvQawWA10BAWZ31ykM1jwbMrg7MtCPftjR3NGBjo4ONNcMoqm6TXENKEYhutBYXY3q6uqwL1p0d51Ct6UGz6oWIgZ/69EkTVuHgd0d/uuQdQcq+9vRqpih8wNFTwUgOPhqKoScnVlq+SrvC9NO7FZE9Uxb7bB0n5XWZQQD/ZWorOyG75DyX2/FFrqq66FpJ2proL62Ve6I0BXeih2V8B+vUvf5UJfkyHythaNcZy2K419ab9+yrfs71Nde647AbBMK4j5q2OkPQFsUx4p1f32EaYPvI6zP1gTni1ceF9YdqEQ/BiJFm0e60NjUjcr6KAFYQMxR3w7UNEdOUzA+Po7/+q//wsDAALRaLdLS0jA3Nwen04nu7m78+7//O7744gskJSUhPT0dgiDg0qVLuHjxIiYnJ4Pmp9VqodVqMTs7i+npadXfzMyMPHw1YstVIiIiIlp9TFthR6vcCudsdyV27AcQLr4S2B3OomwlZ0FJUEOJfrQ3SR0mC5VPKWJ3ze6m6sBOoghK+heguFD9tJNXYgEc1+AO92gTrsyhWiXJ3Lg2CPR316G6PXCYBfZQk6xCYr7Rm6FzrZ6vxm9yP8JzGTkoW9Bc05GbFX2sxg+fkZcplsOXC3VBC1uCstyOq3VuovG19AzXlf78+fM4duyY/PnP//zPVeP6/r2cLUZDBQnCuXfBVbEO6ZdaGIoBL7FVmmmrHRapbhk52w2LvVlsgyhWDqgLqhwsqAmcufsaBmGBPVQjspDDTCgsDjGuajGhWlv65teP7rpqBJUsqGALJ3a/rkR9R5gf4HZCbMVY3eh/KZC7C60OO2obQrefDMz1adpZixpHHU51PYuGrQDQjabWGjR3dCha4ga0opRbpNYGdO0Wu58P+lpYwo2uxmpUF/t6H1ixv7kGjXX+er6yXgySx8J9bRCw2FX7wrqj0p9Tx1SIYjikVrBiK9XmkkG0il/4r7eRroeRL4cq1h2VwCnxeDWNDKA/YjA2HLEsxbtDXGcHFF8UF6q2tfI67M+qE/AiMgByaoUmaZur0mmEWrbY+li5aHVZA+47lMHvuPjuWXyt1CPxt1yOFoR1uVzweDxYs2YNcnNzYTQasWnTJrjdbly7JvYUys7ORkFBAbKzswEA165dw/Xr15GamgqLRR0y1mq1SE1NlQOqSr4ALYOrRERERET3jCI1QKGii2IA/0OSRe4mJ3Y/jb4ES00zatGKuqY2f245qWtppHypi7WYMvse8mLNobZadX59Ff/d9DieefpFNIbLLTpzE31h5yC1Mp1Rf5ub9iIAxfzKN8McmGdVWY6P2/HMcwdRnlyAKhwWX7KVXIAqQJEaQHzRVPn0b7HdE9v6RS3L1Y3+FAFXlWUT0yPkLiLv7L1WXFwc8UVQZ86cAQCkpKTgyJEjQd1NfflQi4sXF5oIZ2pqCkNDQzGPf8/SAkAZRIUi4AXFj09bgUGgeIeiLoiSY3XlRMmxGid/YDXKi4RMW2G3tMNx0Y2dO4GuVgfstQ0L2E6BweVK1KtaQT6LGkudNH9fEtAw6QN8OVX9CVuxs7YGjrpT6HpW2kaBOVzdXWhEMXb4YsH9A1C97kyVFiEasVX0qYtubMUgLCXPir1FWi/CvRUYDLjeLvp6aN2Byn4xH26h4keCe81/7a2UuveLQW5/OaVu9VIahbrqdinv6ooUN0hlfQd2nK1GU9uOCCmAFC9Li+Fku3r1KgoLC2EymaDX65GUlIRNmzYhPz8fU1NT0Gg0SEtLQ05ODpKTk6HVarF+/XoMDg5ieHg4KLgKAMnJyUg2GjE3N4f5+XkAYtA12WiUX5S1Gq3OkDARERERPfB8qQG6wqQE8HfVa0ZHh/+hfWSgP8S4gSywbzWJL0FBN5rapG6FUuuSwWsL74IcOI34Bu/CgIf3GMqcVwKL3J02kNhapj9i38H7wNXD+P/ct5FhOojup19UDap6+gM8l3Eb553SS6POX4IL6Sh/+G/kcRq+LeZnDZRhqsEvfelKN7ag21wMTPSIrUPLO3DuhY/wruLFVNhoQ5kBmBjrQSeAxi8+xYThcdR927+sqqdrUG64jfNfBOZojSxiWfALvCetv7I84noN4qNVElgFIL8AZWQk9DFrt9vx/PPP44c//GHIPH6+6ZbrZVbnz5+PPlIAhyOmX0IWz7QVdjhwsessulWtQk0oLO7HwEV1F2tTYbEcdIs+70IUh+uGHHKY2Go+vvWIsKy4ia09xRyagYFVJ9qqq9EWLo+L+yIc/f1or/N16RdfYtTdVI3GLneY6cX1Ly40SesTro5WLsaBfosdW5fg0BXnJR0Doa4RIwPyskIdB+6AnWfdUYn+gYviS9K2SuvUP4CLFx0olq+34vUmnuuhmi/FRZf4I0FcgdrQZQm63g9egztweHEhTHJX/Q45xU5Ypp1o6OhAR30l0H0WzpDLFn/oDF/WgONdCn7HT2wJa322BpbuprDHtvzytBii4dPT07h165b8eXZ2FoIgICUlBevWrcPGjRthsVhQUFAAg8GA+fl5zM7OQqvVyi+9CpVbVaPRIDUlBQaDP4eNTq9Helraqm21CjC4SkRERESrlakQxf3taI/yMKYMNIovkVjIQsR8qpAfVqx4tsaC/vZWVf48Z1s1qhu7pIe20A95qmmcbWjqtqDm2dAFj1hm01bYLQF55KQurV1usesiAh6uxLyCbRFzwq42nR8/i+2//xQwHVTlHa3Luorm95Td5X+BF3//KSYUeVKfufummDs1gMt9FWWPSfN67HHA/ab/xVXnq7HdNajOcyqNI7cSvXoYle/9Fi7FssT0BQvvvh+xLL71DyjPc8mfojlUqoQEtmnTJgDhA5JTU1Po6ekJ293eN922bduWvGxTU1M4ffr0gqc7ffr0PUoPIAZRHY5BWOxbVT/UWHdUoru9Xd3F2vosaiyKH4sAsbt6yLpBrOu6T3X5g1HyuNKwJv90vqBNLC/HCRY8v6gB0CicbdJL/0K20g1eN1X5fcEz+U/Mn1lZ78uxKeUJDZwevhyZVjxbA7S3KrfdB2jvF3+08wn9Axuk/JrKfLNudLUqc8YGbBt3F1qV+XFNO7FblWtUykfqO0ak40CevzS9Sl4JLN3taO8vhpjRJg8llm60txcrrrfi9UZ9PRSD2o0LTPBt3VGJ/vZ2dAekBMgrsUgBTFFQbllZiLKEus72t+MDxXY7FTDcf92WWnjKQ4LXS3wJ2g5Y5WX7864725pCpA7yl3WrXX28h1+vBTLtRG3QuSQXCnUx5Fn1GR0dhSAIctB0IX9erxezs7O4fft2yHn7Wq8mJSWJrVaTk5GcnLzYtV9RTAtARERERKuU9ICLcPnZTNjZUI+B6iZU+55yLDVori9GXZP01uSYFiO+WKWpqRElzQ3YubMBzWhEnTI/oKqrrfS25fY6VDtq0NxQCACorLHDIU8TrgtsDGU2mbCzoRlorEN1tVwA//xM+9FRD1Sr8uDF0C12Nbp6GJWxBC1DjveuPwgZ63zOV2N71IaMv8CL74VppRpy+nfxo98oWprGWpaYy5PYSkpKsGnTprCpAf7pn/5J/v+uXbtUw5xOJy5fvoxNmzYtS8vVlpaWsC1qIxkZGUFLSwuOHDmy5GUKZN1Rif7uQdQEdi2XAnSD6sSOwfVLhLrBtLMB9QPVihytYj1jBQBfPShXQourY3zLaqpW1Frxdjd3d+FUNwC0B+WX9c0zeN0WVn7r/g7UtwVOr375l7h91NtOmW9VTH0aKgutFfs76tFWrcidbalBs7wxfDlXq1EtD25WbSvr/mbUKK8Rqm7gvuPAN38LKist6Fc2nTRthd0C9Bf7rq++FysG5M217kdzjfp6GC0tjWmrHZb2JlQr0zVIx2vgL6W+XLa+4yJiblnrfnTUt6E60nXWUgmcqkZ1v2+zdEjDfakXlHlsm1Fzqg7tZ53Yb7UGDRev+1b1dpA2uKWmBpVBGYSV66U+3sXxHSHyvy+cvM3adqhSFjjPistqD8xtXFkfMo3ArVu3oNFo4PV6MTc3t6Ay+IKyExMTci5WJY1GgxSjETMzM/DOzyM1NXVVt1oFAI0gCMJKF4KIiIiI6P4l5W1bxjytiWj7e8+sdBFoGZx74aMln6fT6URTUxNSU1NRX1+v6v7/2muvyQFUZbByYGAATU1NmJqaQn19fdgXYi3Gj370I9y5cyeuaVNSUvDLX/5yiUtEtDzEvN72FczH60Rb9Vl/fvNlsPLrGIkTbdWnxB9wYyicu6sRdQO7I+RWXbyuri4MDg7i4YcfRkZGxoKmvX79OkZHR/HII49E7FUwOTmJ+fl5ZGZmLra4y6quri7qOGy5SkRERERERCvGarXiwIEDePvtt9HU1IRDhw7JwdIjR44EtWh1Op04duwYpqamcODAgWUJrPqWHU/OVQAoLy+PPhIRiZzhX0x5/3Gjq7EODru/ha+76xS6LXY0xxj1jS13/OJMT0/D6/VienoaOp0OGo0GGo0GAOT/+/jabAqCAEEQMDs7K6cTiCQtLW15Cr8CGFwlIiIiIiKiFWW32wFADrBu2rQJdrsdJpMJVqsVTqcTIyMjcDgcuHz5MgDgwIED8nTLoaSkJOglWlNTUxgcVL96pri4GKmpqctWDqL7lxhobO+vRH3Hg9K1IzgFgTq1UCRiT5huWFDTvLzby2Kx4D/+4z/wySefQK/Xw2g0Ii0tDWlpaUhNTYXBYIAgCJiensbU1BQmJycxNTWFO3fuYH5+Ht/4xjewbt26ZS1jImFaACIiIiIiWnJMC3B/Wo60AEpOpxOnT5+WA6ihbNq0Cd///veXrcVqJG63O6iLaHNz87LkfCUiopXHtABERERERES0alitVlitVrjdbly4cAFutxuD6ok11wAAIABJREFUg4MoLi6GyWTCtm3bVjSQaTKZcODAAfzzP/8zAOAHP/gBA6tERA84BleJiIiIiIgooZhMJuzatWulixGS3W5f1nQERES0umhXugBEREREREREREREqxGDq0RERERERERERERxYHCViIiIiIiWXEFq/koXgZYY9ykREVEwBleJiIiIiGjJbTc9sdJFoCX2zbXbVroIRERECYcvtCIiIiIioiX3V4/WIlWXgv+8/gmGJ79e6eLQIqxPK8RTBTvwo837V7ooRERECYfBVSIiIqIEJdwdx/R/vI25L/8Twlj04JQgANAI0ECz/IW7zwmaJGhzzEj9/v8Dbdb6lS7OqpRlyMQrjx9a6WIQERERLSumBSAiIiJKUNMf/b+Y/fTdmAKrAKDRgIHVJaIR5iF4+nHn3cMrXRQiIiIiSmAMrhIRERElqLkv/3MBYwvLVo4HmXf82koXgYiIiIgSGIOrRERERIloegLC1K0YRxYAtlhdHt55eMcYYCUiIiKi0BhcJSIiIkpEyRkLGJmB1eWkzSpc6SIQERERUYLS3blzZ6XLQERERESUsHi/TERERETh6Obn51e6DERERERECYv3y0REREQUDtMCEBEREREREREREcWBwVUiIiIiIiIiIiKiODC4SkRERERERERERBQHBleJiIiIiIiIiIiI4sDgKhEREREREREREVEcGFwlIiIiIiIiIiIiigODq0RERERERERERERxYHCViIiIiIiIiIiIKA4MrhIRERERERERERHFQbfSBYhZ33HUtvQA5iq8+oodudEnwPHaFuBwK/aVxbdIj+N1HO2tiHF5K80Dx+tH0ekKNcyMqldfgd23En3HIW6afSiTPw+rxwk1b8S67ZebWJ7eilfxSugCU8TjQWI7jFc3vL+KjvF4RN4OtkXUD0up73gtWnAYrXJh+tDXV4ayFS+bB319QFlZIhwd0r4sUm6nANJ1Iv79Gmfd4nHg9aOdcAEwVyV+veRxvI6jYU6KpSp/3/FatPQAgM1/raF7Qr/7Qxg3ZAQPuHsBd996GbNLubBtbyG9shTz3d/GnQuhRzHu74Ue/4KJtp8v5ZLjllDl8d3bBgk+b+7ZPWlfH/rKyu7jc1Z8PhiOUNeJdSQi3BeHmGvQdTw6j3iBvU/vv1aKuH+DzyrzgvYnERHRQq2a4GrfuR7AbIbZ1YkzffZ7EhDJtb+CVvvyL2cphXow9jhex9Gjx5Ef5QG3953jyH8leByP4x30wrzkZaXllAv7K62QD9/AgLps9R3j8QgZMOo7jtqW2kX9ALNUyva1olX+5P9haGWLpQg0JtBTtnn4fbzueCnEQ3Efjr8/vCI1Vd+ZTrhsC3uoXnGhfqj0OPD60aM4nr/Ic8LjwPs9fJBdUSECqcb9vTDWdSKpuQp3V6xgFCxMILX2ddU5dE/uSeV7hVVUl8Wr9x0cz38luK7zOPBOLxZ8LVFfx6PzB8sfgG29AgJ/ZBWfhV4HeF0iIqJlskrSAvThXA9ge/4lVJiBnnN9K12gVSXX/jxs6EHkzVaEiorhEON4cKm3CBUVy1c+ohVRtg+HbaxPVp2KChT1XoIn8Pu+cxiuqEDRPS+QBzeGAfOG++BpLdeO55finPAMwYUi5N8Hm+R+cretBXN3zdDv/9uVLgpFkWt/BYdtLnS+4wiu62hJFFVUYDhEXee51Isi3vTed8RnIReGeEIREdEyWRUtVz2O99EDGw6X5SK3wgx0nkPfvsAuS+puIOaqKtVDtu8X4qqiTnT6RrIdRus+qKZT/tKp6oLlceD1o72oOFyB3hax+2fg+Ktd/uYK9L7jgEfZmqnvDDqLtuNVDK9k0eIU2CU8sHVIqC7jvnHCdA8ObAGq6A4sTr66Wq+puxlKLSarqjDc6VsnsfXZ5kuKbsQhWrz5uwD7p0n8lgFiUCwoGhfQTTO41WtglzP/ceVxvI6jQxWoGu5Ep0uadvMlse5QbhNffSJ95+9OqKiPWmrRo6ijlnq/+Pb94YpetMgngfr473QBcB1FbW+ipAQBgM3YXnQ0oAeDB473h1Hx0nYMQfFdiDQCC+266Rv/MFr821Le1opjwXUUtZ3+Y2F1nhMhRKzj+nC89n1sqCpCZ2cPABv+omoYv5KOp5baHv/5E6Wu7Dtei/c3VKGosxM9EK+t28/VogVV8vkEKM8p9bng37aR6nX4z70o1/LA1AmB9cDq3L8ncefq88jY8g0YAbn1qnF/L/Q5yvEmMKfs5r+rExlbFO34boboUr+xExmV5tDTAwAKkfJyL3TG8PNQlyN4HpHL+bdIrXsawpAHug1mAC7MSi10VdPdvYC5qbAbKKGU7aqC+WgvLnnsEE+hwOu1+txTp3qK4xqmmK6lVpleJfK9VNC5+xdVGP5VJ4pU59TiU3UtufzNqOh9Bw6P8tztw5nOImx/FcF3vSFSOCi3reraEqWe8dcvLhyt7fXXHzHUk+GvRwsrZ8R5BO3zaPXs6kz/Eup+QPld2BQ6tsNo3ZcbNu3U/fRsSEREsVsFwVUPLvW6ANvz4kXb/jxsnS0417dPkY/QA8frLVIgogz+HKGATTkrVyd6K15Fa6vvQa8FtT02HG5txT5INzstx7E97A2CC53vV+DV1lbkxjR+Yug73iIFp6OMmLsZFXhHvpEHxHQMtu37gBvLXswl5s+p1fqKuDJiN7vjiuCHFHh5pUw1Tcvx7WjdV4bNFWZ0dp5Bn13xEHGuB7AdDshV2wpxEeJxV3t8dQVYA/V0DuFwa6s/QHS0FuYq6byRttE7js3SjboigOXrRth3HLWroetV3xl0usyoekkRbne8jqOdRfL6i+t7FK/D92AiPZQqHnj6jtei5fUNePUVqb9mTyeGDrdC7lW5oFYSZdjXehhQPYT2SbNdhv3i6sT7vjpRmsZ3/NtfeRVI0NzGZdttaDnXh32+i4DnEnpRgZdyoQiu5mJz0I9xUi+IqJVhgJ4WnDvcitZ94jz827oM+1pfxQbVdlLkqG61+68Vq+KcOI4W5faJqY5zobPXf10EgO35ofJ6i8GaV6Rj+nhtC2oDHmpdnb2oeLUVrfL1B+rzqe84aluOotZcJS+v73gtWt5xYLMUGIhWr8tljnAt9+dbbFUEPHzpElZxnQcA7psQUArNNgAXxPys+tQLuNvsSyGwBykvH4au4i3oL7yM2W1vIX1LLua6KxRBzO8iddfPMXXGN9MM6ExXcLe5CrOQcr5WdsJ4QZF+IGcbNJ9VYOKMfx7pu6/g9qmT/mXCXw5xHh8iBWLwNGo5Q5QD0nz0Of5Aq5iPFsDN5d3MSyI3H0W+lnYhj6vgc29x17B98F9+9imml8Z/RTF+rTrNkPrc9cDRBXQq6+i+c7Hdh95TudhcAbxzyQO7/6YXPbbt2Bd40+tx4HWpLlT9QNn5Dhybw533EeoZ+yt4FQE5dGO9pwx7PcqNvZyR5hH2GuZLLxb9/joReRzvi8fxAgoYlIrDt492iTNRpd+CdG4MV2FXom4EIiJaVomfFsBzCb0us3whA8qw3Qb0vK/oKtV3Bp0uGw7LNx+5sL9UFSJfkg3Py8mrNqPCDJirdsk3Arn50TuU2p73/7Kbu7kCZgzjRgJ1MXF1HkVtba3qr6Un1l+UxRvN3ku+FerDuR4btq/Gm4S+c+gxV+ElxR1vrv0lVJl78L5DXL+yfa0BQVDx2PKPH5hOQQrMSBuk71wPzFUvKW6qpeOu5304EuiYWCjlOVG23QbVeYNcbFCeWJ5L6FWde5C627vQeSZxutuHOi+CX+Im/pBjO6w8V8qw77ANrs4zYojT94CoWN+yfa1oVbX4WJ5zZnn2i3oemyvMwPCNxO+GWrYdtp5z8K2J51IvULE5KP4g1tGKc1jafwveP2blw5JYT7jC9S30XbNeUlwr7C+hyuxS1K0JwNWJo0HnhPplYLHWceYQ217J96PUPsU23Cfm5ICqljBXYHPgjJTbvmw7bAi4Dm9QX+mj1es+4a/lYj2gWu9cO15plbbLKqnzYjV76tuYUOVmPYk594R/BFMONKopfo6p5gpFYFU0f9U/j9mrVyAgVwzg+tz8F8U0P8fUZy5oNjwPIwBsexpJxgnM9SrmceodzN3NQNLGPbGVUyK4P1aM87fQb8jA/Gf+IK8430hbZHVRn3tLdQ1TCDn+4eBUU6pzV7qWKM5vsQ7YnnCBt1zxple+5okNCkKUMteOV1rVQVSx3ohsIc8MMd9TRroexVrOSPMIeQ17Ba3yj2XR768TQU+L+vp2tNO1uPsbjwOvt/TAdjh0MN3jeF183kqYXj5ERHSvJXzLVc+lXrjMYoskn7LtNqBH0VXqxjBgrlBfzHLzg3PvmTcs8oJnRqKn1Vvsm55zxZ/x4bHbkSv/gr/AxncJwHNjGHD14GhtZ9Awc0AqraBuP/KDuHjDKbeQU7W8ELuUu3qOIngRZqzmbF1FC0mU6BmCCz1oqQ3xtuMQAY2Vojov5FZ0gTfIHgy5xBvy4LURVyZkXRO0sMXWM6Ety35ZprIuvzJst/l6MHhwqReoeElscaMi/Yjma0Glanm+EEX5sW8nKd/o8+oLktgSPnwTtHsv1AutVGKv4yIfm1JO2oqAccq2w4b3ccMDlPkGhdrOC9n2yqWGrdeByNdysR4oej7MCKukzluwwK7/vgDkmfcxt/EwdJW9yKhE6JQAmIDgjjx7YfKK+gtlC1pTDjTwQFClETiJOfdL0KWVxlZOiXfspP/DtkJoMYF5VdlOQpg6HLmwq4j63Fuia5hyjiHHF++N3leevAHnqRjQ65Tq6Dh7DNwLqh5bUoOCiDe9gSkVIt3vLeSZYQH3lDHViVHKGWkeIa9hisELuL9eSUFd86WUC0eP58fRu6wPx8XuDKG7+/cdl3o7JG7LXSIiWn46QRBWugwR9OGMnJMo+CLe+8cR2Oy5EFdBgCAI8K+N9C9BgCAgxDjS/wXxO/Uk4jDVNNI4gjQ/37yDvlsxIdYn/Kji/3zbQvk5x4od+BX+OGJD/rke2MqrFOsXuI1XSvR1HRlyAea9+Nlfhw4eCIKAvs6XcawHAGw49NZfi92tO1/GMfjnW1puA46dw+dVpcC5Hpj3/gylggABIxAX8TP8dchgdiIcEwqB+9z3tWq/qs+Z0NOpt73n+jDE7VcV8oZy5euXEMdKaRV+tncYP22pBQ69hSq5+/51DAOwKb9TzUqAJ8p5EPI8iaHukLetICCw7gr+jCXZL6HKGng8xFyn3BPq8pSW29By7nNU5dxAL3bgL3KUdblv/XJg+54NncfO4fMqAed7ANuh0gjrE7zO6n2DEN8FTBPmXBsZcgXNZ6XEVp/HUseFODbFQdLXEY4j6XwrCnkOKGej/C54eYHrErVej3o+hlknudiJXudFYcqB5u4VzEmBTLGbfAbE/KUVchd8o8k3wUnceUsKWO7qRMaW7yKj7rthgqxLKyktQ/539HIuv2XZt2HqCwDSOWLD90pD3ceGOE6X4BoW8T7YXzBcF09e9TVIuX1ybPierRPHzn2OKuE8emDDodJEuS9SbrscWHcAv/rjCGz559BjK0dVqHt+jwNv/PQEXBDrxLekLvhv/PRs6Ot4LNd91baN7Z4yaj250HKGmkekYxKx3V+vrDB1eI4Nf7G3Fz89ex0jQilyEcO2AAB44HijBT22Q3jLlhO8fh4H3mjpge3QW7DlJMoxTkREKyGx0wL0nUcPzNj7s7fw1lvqv0M2wHXiQ/RB6s7vGlb/0Oy5sSpfwbTycrF5B3D2kgPne2woX6U/weYWmYOPCZU+KdDyFt6SH5KlFxwplZXDhh6cdzjw6x4zdsj93nIhLmK1teldWmIqjcRKjRGLXPtfYK8Z6DnW6e+WLLV2H46wMiHrmnh4hhHiHQhLZrXulwUpK4et5zwcl84COyJ0Sy8rhw3DuOEQH/CXvU7LLQrR9VNqvVmUIK1WY7JUdVwuxNMmYD6eYbhQhIU0yI4uxno9InG9w9UDq/vc2oOUjWZF1/k90JkyIAy1YKLZ//IoZVBT5UwVJporMPGZC8gRX4oVK01gC1Rla1X3zeA0AtgDTSqkFq8LLKfPhWvwIgMaVQBWnO9q0PfhCbhs5bG3hFuGa1jo8T0YdkXvTVFWbgOGb8BxvgdYyHrcY7niTS8c53tgC3OB8Fw6C5d5L3721lv+4OeSXseXpr5dknKGvIYpB0e7v17Ngq8XfZ0/xQnsxc9C/mLRh86fngD2/iz0DxpERPRA0fpaaiTiX9/5HsD2PemXQPVfabkNQA/O9wkQSr+FPeYeHOvsk4aP4ONfnZBuJnzTKP+t+LU98LPqO/U04iD1PEJ9t2J/gesTaTzluAGfc/KL4DpxAj22crGVZrjtl8DrmmP7HmxQHhMChJGP8cbLL6Ozz7c+wPD1Ef/x1vlTnHAhYJ+W4lt7zOg5cQIu85Owysei2CIOPcek+Yl/Ix+/gZdf7kTfSm+faPs85H6VR4o8nfJz6bewx+zCiV99jBF5nD50vvwy3vh4ZPHlXrZjJQe2/XtgRg9+LZdT3NeuE7/CxyP+cfs6X8bLb0jrVyoG23+tXLe+TsU+D3Ge5IgvJTnxoaJ++nWP6jjzb2axbOvNymNzufZLqHNa+V2OHBRb8X0Ycl/mYL25BydOAE9ac8JvK6EU5TYXTpwQH/BLF7SMwH0T5jvlNDlWPBmw7Uc+/hVOuMyKcq70Xyz1eSx1XKjtHXx8lpYHzqcPncfU+yOm7RxyecF1WLR6PXA56u9yYH3SLP54Kw8fwcdvSOfOCtR5S8W4/zB0RhfmTp1Ufa8MfIovgFIM3NWJjLoPkaIIfBrXmYGbfwzskR9ZzneRusv34W+RusUMYeh9cR4XPsb83Qzx5VRyOV6CzjiB+av+skYsZ0g/x+zQBJK2dMqBYHG+Cym437Kci/6Zq74f+fgNHOsxY8+3SiMe64F13aKvYTnrYcYwrvuml8ZX3kv1dR4Tf6gqDX/uytO6TkCsekujb4t79hew7XLyUeQ6gRM9/nUKricgBhR9n0c+xhvHIl3Hoz8z5PgC11K9E8s9Zahtrf5u4eUM+s53Dfsw8P75DXw8Esv99Ur/hTo3BAhCHz484YLtezbk+PbBejPQ82v/+dL3oep6IZ+H+/3T+P9G8PEbx9Bj3oP9tkS5tvOPf/zjH/+W6y8WiZtz1ePAr6UunCFJAdWT569gb2kp7D9uBP6+AQcPioPNe/bA5joZelqKTLqZRnmYbZ8gXCcbcDBwF5v3oPHHduSiFHvfPAQcPIaDiuRjtkNvYm8pAJRib+Me/H2DYh62Q2jc82s0nDyPK3tL4Vv73M1PwgwX8GRA67jSvRAXcVCR18qGQ2/uRWJvuaWUK597DYqdYd7TiB8n+muzc+34nu0kjp1swIkC8bjItf8Yjfh7NDQchLw28jEFQDquThxUHnv+fR66JYd4rA03+I5FM/Yc2gPzsU/CFQybnzTj5MkGHPxkDxp/XBDPyi3JfhHTYhzDwZ5EPK7F7QQ8GfwSpABicK8HtntSp+XC/uM3UXDioGLbm7Gn8ceJ/yb5QEtVx5XuxZuN6/H3DQdxUJ7NIby5d6n3R+z1eiRyPXBQLq3q3FkVdZ5xG4x1verWpXcv4G6z+qVQd94qRWrdd8Wu/r5xPsuBcUspdNuA2TNVuJv1IYy+nKu+cd5aYEqAmxcgbOxFxhbxozDUgttykFdMPWDc36so8wTmun2tVGMo54XABYpmT30b2P0hjHW9YuD27gXM3dyWYDe/PTh2MDBLanx17mKvYcjdjCfNJ3Gy4SA+2dOIH9tLsffNRqxX3F/HXrZSiFWvLcFvJ6VyojzsOuXaf4xDXx1U7Ccz9jQeQlHDMXxyyQN7POd+aTlsOIZjB3uke9PF17dLU87coGcq9TUs2v11YuhRbUdRYBnl7eU7X2yHcMjWg2MAgCv415NipPWk8nwCxHPqe19BHHxSdS0QByfY9YCIiO4JzdjYGLPDEBHR/evKCRw8hgQMEBNFp3l7V/SRaNkJB86sdBFWnSsnDuIYluOHFCIiIqJ7p7GxMeo4Cf5CKyIiosW5cq4H5j1/h42CEOEFTkSJSbPSBSAAifCintXmCs71mLHn7zZy2xEREdF9j8FVIiK6P3l60Nx4CgMlu9GwJ8RbfomIYsT6I3aenmY0nhpAye4G7OEb1ImIiOgBwOAqERHdn3Kewv849pT4b7ZaJaJF4P1y7HKe+h/wV73cbkRERHT/0650AYiIiIiIiIiIiIhWIwZXiYiIiIiIiIiIiOLAtABERERERBHwfpmIiIiIwmHLVSIiIiIiIiIiIqI4sOUqEREREVEEvF8mIiIionAYXCUiIiIiioD3y0REREQUDoOrREREREQR8H6ZiIiIiMJhzlUiIiIiIiIiIiKiOLDlKhERERFRBLxfJiIiIqJwGFwlIiIiIoqA98tEREREFA7TAhARERERERERERHFgcFVIiIiIiIiIiIiojjotNc+XekyEBERERElLN4vExEREVE4mvH/+TSTSBEREREREREREREp/N3Q9qjj6DA/cw+KQkRERERERERERHR/Yc5VIiIiIiIiIiIiojgwuEpEREREREREREQUBwZXiYiIiIiIiIiIiOLA4CoRERERERERERFRHBhcJSIiIiIiIiIiIooDg6tEREREREREREREcWBwlYiIiIiIiIiIiCgODK4SERERERERERERxYHBVSIiIiIiIiIiIqI4MLhKREREREREREREFAcGV4mIiIiIiIiIiIjiwOAqERERERERERERURwYXCUiIiIiIiIiIiKKA4OrRERERERERERERHFgcJWIiIiIiIiIiIgoDgyuEhEREREREREREcWBwVUiIiIiIiIiIiKiODC4SkRERERERERERBQHBleJiIiIiIiIiIiI4sDgKhEREREREREREVEcdIKw0kUgIiIiIiIiIiIiWn10jK0SERERERERERERLZxOYNNVIiIiIiIiIiIiogVjy1UiIiIiIiIiIiKiODDnKhEREREREREREVEc2HKViIiIiIiIiIiIKA46CAA0AHxRVt+/Q/0fIf6NGKYLN+9w0wZ+5xPrfGMdJ9x8A78LLCdCfBdp2aHGDbXsWOerFG2dwo0bap2irUuobRSuvMrvYxk32v5YyDqFWna0/bMU64SA72Ndp0jjLtU6xbpvA5cVS7mj7adw2zRwmLLM0YaFmm+4YYsZHvh9uGm5TrGVaznWKdT6hJuW6xRbuXjsLf28Y12nwHlwnSLPl+sUfdqFnE/h7suiLTeeci1mWq5T4q1TqOFcp8RbJ9Z7q3+dAocppxcCxl+K5SqHBS7/XqxTqGVzncLPN5ZxFlp3CSHGCTV9tO0Zrd5TjpPI6xSBToCgHlmI8v9QC1/odIHTL/W4CxknlvmG+xzrsiMtY6XmG+pztGUu17pFmi6edQr1faz7fynLEOs6xbqMwO8Xsk5LsU8Xu42izSvS94sZtpjhsVSkXKelGRbv8BgvdlynJRq2mOH327G30Gm5Tku33OWc94O8TpHuy+JZbjzDuU7Rp+c6Lc9wrtPSzZvrtDzzXuljL9rneObNdVq65cY7TizlinX6WLfnal6nCJgWgIiIiIiIiIiIiCgOfKEVERERERERERERURwYXCUiIiIiIiIiIiKKg05gdJWIiIiIiIiIiIhowZhzlYiIiIiIiIiIiCgOOi+jq0REREREREREREQLpvMyLQARERERERERERHRgvGFVkRERERERERERERxYM5VIiIiIiIiIiIiojiw5SoRERERERERERFRHJhzlYiIiIiIiIiIiCgObLlKREREREREREREFAfmXCUiIiIiIiIiIiKKg07QaFe6DERERERERERERESrji4pPXely0BERERERERERESUWMajj6IRBGZdJSIiIiIiIiIiIlKqq6uLOg5zAhARERERERERERHFgcFVIiIiIiIiIiIiojgwuEpEREREREREREQUBwZXiYiIiIiIiIiIiOLA4CoRERERERERERFRHBhcJSIiIiIiIiIiIooDg6tEREREREREREREcWBwlYiIiIiIiIiIiCgODK4SERERERERERERxYHBVSIiIiIiIiIiIqI4MLhKREREREREREREFAcGV4mIiIiIiIiIiIjiwOAqERERERERERERURwYXCUiIiIiIiIiIiKKwz0JrgqCcC8WQ0RERERERERERPe5RIo16pZz5pOTkxgbG4PX68Xs7OxyLoqIiIiIiIiIiIgeAHq9HlqtFllZWUhLS1vRsixbcHVychKjo6NISUmBwWBYrsUQERERERERERHRA2ZmZgajo6MAsKIB1mVLCzA2NsbAKhERERERERERES05g8GAlJQUjI2NrWg5lqXlqiAI8Hq9MBqNyzF7IiIiIiIiIiIiesAZjUbcuXMHgiBAo9GsSBmWJbiq0WgwOzubUMlliYiIiIiIiIiI6P4yMzOzYoFVYBnTAhARERERERERERHdzxhcJSIiIiIiIiIiIorDsqQF8GFaACIiIiIiIiIiIrpfseUqERERERERERERURwYXCUiIiIiIiIiIiKKA9MCEBEREREREREREcWBLVeJiIiIiIiIiIiI4sDgKhEREREREREREVEcmBaAiIiIiIiIiIiIKA7LGlxdKldOHMSxnlBDdEjJyYe5/Nt44VvlKEi9V2Wx4dCbe1G6hOMmlis4cfAYemyH8Obe1VVyIiIiIiIiIvr/2bvz+Lrq+87/r+85526SrvbFtrxbxgvYYEMMMYsJNGkykA2aoQU6TTtNaDvdpuQ3zdLJJJnQSdMJ85tp2oSknXZo8CShgTakhSaQYBOzGHCCDV6wsLxItiVLsqQr6W7nnO/8cSVZsmVrsWQj6/18PPwgss79nu/3fh738/D95HO+XxG5UGZE5+rgMLWrrmd55fC9UCXcAAAgAElEQVTfpGnduZM9P/pbvviT57jrT/6AG6qm5JZjzMVirWWs1U3k2reXgflaq+5jERERERERERGRs5gRnauDlr/7lzmjkfKXoWfn3/Klb+7gO1/5NnWf/2WWRy7K9ERERERERERERGQWuSQOtCpd++v8wQdqIbWNb/+09WJPR0RERERERERERGaBGdW5ei51176bhu8/QuOO/XS8q47B3QH6m1/kse89ye6DnaR8AI9k/XKu/cC9fHB16YgxCtd+n1cbU/iAl6xn+bUf4N4Prqb0tPvl+5v56Xf+lu/vbCPteyRq1/KBX7+LG+afufFrvmc3//St7/HsnjZ8L0Ht8uu5894Psvr0Qemn9dUn+fb3X+JgZxofj2TD1Xzgzju47vRx+5t58bHv8eTug3QWFjb6fPd/m9/7Xy3c9cd30PGdr/HswTTUXsuv/8G9rC0FBua2bX8baRIsvuGjfOxOtf6KiIiIiIiIiIiMxf3c5z73uekYuKuri3g8PiVjdbzxJNuPwMIN7+PyyrNcFIvQ89JzvHksRsMvXEWdAz2vfpPP/uXTHEs08O7b7+CW669hxVyfYz/fxWvbX6Z/1S2sKi+8PL//O3zhwX/mcOIq7rjj/dz4zhWUntzDju3P8WxrPTdeVUdkaC5d7Hvpx+z0L+dDH3o/16yAYzte4YXnXhox5tC1L2+jkWu46573sX5+H3tfeJHnnt1N8pp3sjAxuIB+9n/nAf77Ewdg8Tu57bb3ceMVpZzc9QI/fvoFmmuvZP3cgYt7XuWbn/1Lnj6WoOHdt3PHLddzzYq5+Md+zq7XtvNy/ypuOTUJntzeyOGdL9BWdzu/dMd6qiL1XLW2jljHT/nKF/4PP+ssZ/0dd/D+61eQf+FhHt6fpfTYMdoWbuB9Z33DRURERERERERELq5MJkNFRcW0jP3DH/5wzGsumc5V8Egkgc4OenqAqg52bj8IiU38/h/fyeLBy1av5tpVlXzuy0+z7aX93Lm4sInr/pe2kWIDv/XH97J66NI1LP67P+GRgztp7F/L2qHm0RSs/T2+eNdyCn+1mqvnJ/jjB7ew/dWD3Ll46G5ACn/Vb/HFe1cXrl29mqtX/YgvPvAEjz2xk2s/upYIkN/5Xb62LUXy+t/jPw0bd/W16/n+F7/M0498l1eX/zZXl0LHzu0cJMGm3/9j7jy1MFZfu4rKz32Zp7e9xP47F3Nqe9o0qbp7+OLHrqUUuHo1QJ6dTzzGIX8Rd/yX+7m56tSaV33r83x9aoIiIiIiIiIiIiJyybok9lwtqKKybuTPN/z2Azz4Z8MKq4Pmr2IV4J8xRiuNzf3Dfi5i7Ucf5M8+d++wwipAJTffPFgAHbB4LeuBdKqH/Igxa3nfu1ePvLbuZj6wHvwdO9iTB+hn57Yd+KznrjtOG5f5vO8D68Hfw7M7eworu+G3eeDBPxtWWD117arRF0b92oaRWxvk97Bjhw/r3831VcN/UcTqd/8C6lcVERERERERERE5t2ntXLXWTtE4p8Y7+5AddLaeesHw6/L9HbS2tJHqbGFn434O7WmkZei6woUNGzaS3P48T3/5kzybqKVhw81cu34laxZXMXwH0sLltVSWnD4XiwXo6KHbWqqGrm1gXu3p13rMW1QPO/awv9myZnEz+/cD9YuY5525Rm9eA4vYwaHm41ibHL4wOlpbaEt10rKzkf2H9tDYMjAXOzCfgcFqK5Ij49G8nz1A/aJ5eIPXDqpdxErg+WHvj4iIiIiIiIiIiIx0CW0L4JNOAdRROdiJ2bOHx77+12xpGWzl9EhULmblzRtIPPE8jcNeHVl+F5/+9HKefuxJnm9sY++W77J3C+BVsuaOf8/d188f1lFaSfLMc6smJuIBafKDba4+4I33IKke9jz2df56S8tQk6qXqGTxypvZkHiC5xvPfEUicdrY+TzpidxSRERERERERERERrh0iqsdjezsBBYtphaAgzz25a+zJZVk3d2/xfvX1FFVNFBJzO/k7554/owhiurW84HfXs8HyNPTfJA9O57m6S172fXd/8F3k1/io2unrhLpp1NAJVWDz+p7gJ8/xytOOfjYl/n6lhTJdXfzW+9fQ11V0UB3bZ6df/cEZ65sFJEIifHfUkRERERERERERE4zI7YFGDbiWbcFOLjlSQ4BDddfQaW12IM72J4CNtzNr22oHzmfjlYOjZjjQZ74wt+wpfbD/NffWk8Cj2R9AxvqG9iw6rt84qvP09nTg7XDdiI9/VH6YXMc+bsWWjssDSM2Me3h4J5OYB21FRZr62logOf37uFg/yYqEyNHzLfs5xCwqL4Wa5vYUVgYd//aBupHzKWD1lMLO21+p7138xpYyRZ+tucg/ZsqGXHLztbCtglMRwxFREREREREREQuDZfEgVadO/4Pf7MlBclN3L5hoBU0kSwUDNNp0iOu7mH740/ROfC7QuNmPYsXpfH3bmF758ix0z0pfCCROK3iOW6HeOrpxhFzSDc+xRONkNh4PSsjAAnWXL8Oj708/kTjafNt4aknfgY0cP2aUiBBsrAw0iMvpGf74zzVOfC7sTpSIyu5fmMC9j7OE40jZkfj008NFZ9FRERERERERERkdDNqW4DGp7/Ld3cM+wu/s3A4VcoHr4GP/McPs3jwd3XruXXRD3h012a+ujnNresqoXMv25/ZRiOLWVTZyKHOHgoP50dY8/4Ps2jXozz+p39Oy4dvZV1lglTjFp7asheSm3jv+skWVz3S27/On3du4r2bGmBgzFRyI7/7/oahw7Iia/4tv7Wxka8+/3X+vPN6bt2wkkq/kS1PbWFvp0fDR+6mUDeuY/2ti/jBo7vY/NXNpG9dRyWd7N3+DNsaYfGiShoPddJTWNg5RGh4/79n466v8vzX/5zOTe+lML2n2NKYLuxSMMkVi4iIiIiIiIiIzAYzYluAwVHa9j5P24jfeCQrFrHutlu5/RdWUTni0fcKNt73CeyjD/ODHY/y8HbwkstYd/sf8oUNtTQ+/J/437saac5tpCICVGzkDz9VweObH2X74w+z3QcvXkvDpo/zH25fVdhqYNhc7CiP3Q/+1464dgO/8Z+vYO/D/5fvPvQMvhdn0bpf4Tc+vIH6+PD5xln2kU/xiUWP8/hTL/H4w1vwvTgVi9bxK7/xYTbUJ4bez4qN9/EJ+ygP/2AHjxYWxrJ1t/OHX9hAbePD/Kf/vYvG5hwbKyLDJ3zmlgrxZXzkU59g0eOP8viWzex9xiNeu4YP/eEVHP3vf8/zA2sRERERERERERGRMxk7TdWzpqYmSktLx75QREREREREREREZBJ6enpYsmTJtIx9//33j3nNJbHnqoiIiIiIiIiIiMiFpuKqiIiIiIiIiIiIyCSouCoiIiIiIiIiIiIyCSquioiIiIiIiIiIiEyCN52D66R5ERERERERERERuVSpc1VERERERERERERkElRcFREREREREREREZkEFVdFREREREREREREJkHFVREREREREREREZFJUHFVREREREREREREZBJUXBURERERERERERGZBBVXRURERERERERERCZBxVURERERERERERGRSfCma+BEIkEqlZqu4UVERERERERERGSWSyQSF/X+01ZcTafTzJ0zZ7qGFxERERERERERkVnu2PHjF/X+2hZAREREREREREREZBJUXBURERERERERERGZBBVXRURERERERERERCZBxVURERERERERERGRSVBxVURERERERERERGQSVFwVERERERERERERmQQVV0VEREREREREREQmQcVVERERERERERERkUlQcVVERERERERERERkElRcFREREREREREREZkEFVdFREREREREREREJkHFVREREREREREREZFJUHFVREREREREREREZBJUXBURERERERERERGZBBVXRURERERERERERCZBxVURERERERERERGRSVBxVURERERERERERGQSVFwVERERERERERERmQQVV0VEREREREREREQmQcVVERERERERERERkUlQcVVERERERERERERkElRcFREREREREREREZkE72JP4ILZ9wgff3DriL9acvcDfGpT9cTHat/Cf/vMZpqW3M2ffnIT4xmhfcuX+PTmpgndczKvufj28a37HmQrN3H/Q/ew4mJPR0REREREREREZJrMis7VfY/cd0ZhFaBp82f4+H2PsO8izElERERERERERERmtku/c3XfI3xloK560x89xL1DrZSDHZZb+coj1/CNeybQY1m9iU89tGmqZyoiIiIiIiIiIiIzyCVfXN33SqGyuuTuB4YVVgFWcO8Dd3PkM5tp2voK++5ZwQoKXa5f2TqyEHvG4/ln2RZg8LWDRhZzT5/Y4DYFS7jngU9yXk/9j7LlwTnnP/w1N/1RobA8fE0fbubTQ+ONMr/T7zc4xpkTGyhgn2UcERERERERERGRGewS3xZgHy9vBVjCxstHqepVX87GJQBHON5+nnc6rbAKsPXB+/jWaHsOtG/hv01VYXVorNPvPcntDpo2DyusAjTxyF9vYejtGaWQy9YH+fgjp9/tCI99abCwOjDOZ7QFg4iIiIiIiIiIXDpmTOdq/q9umfBrIr/ztTGuqGbOAqCpiSMdMK6TqUbTvoXHBoq4Q8XSgSLk1lf2ce+KYV2dzf/Kf9u8lSbgpj+agk7OM7YoGOwWLRSMV0xi/KGu18FCalMzhbennS2Pn+oELnTBDtxvWPdvQRO88wG+8clh1wzMael3Jx5LERERkekU+Z0fX+wpiIiIiMgMNGOKq9OjneNHpmCYjmaaAG768Kli6Yp7+MZD95xxadPWU4/bL6iagnsPGf4I/vm4iXcMVkhXXMNNbB02ZgdHCgvljlML5d6HHuLeM8YZ3i1cxYIlUHiTRERERERERERELg0zrrg60a6Cd9wEW7c28fwb7Wwa1mnJHz3EvVVv8HwTjFboPDKs7bOjeTqqgk088q/72DSRg7RGM3yv1Ice4t5zFFmbmk+157afraq8ZD5TU/NdwJyzdM2qM0RERETeLibzdJSIiIiIyKBLfM9VWHHNTQA0bf7MwP6nK3jv3UvY+uB9fPwzmweaKc8sBBYKkXBq39ZzqJrPEoCtj7NlcHPSfY/w8fvu4+NfGrZfKYXH6b/x0APcswTY+uDoe7JOwL5/LaxhyTsvL5RN249z1mbcI8cH5tLOGy9MpmA80IHKVh47tVC+dd99fPy+L51au4iIiIiIiIiIyCww4zpXJ2zFPdx/01a+srVwwNRoddIld//i0F6hVfMHnl/f+iAfH+8z9tWbuOOmzXxlaxOPfOY+Hhk+9kDRc2TdsZpNv3k3z39mM1sf38J7P7npnNu9Nm3+DB/ffMasueeBT3L5wHxHv2bgboWNZQuHVd13lovGpZpNH76JRx7ceub9lryT0c4MExERERERERERuVRd8p2rACvueYhv/NFNZ/39qS5VqN70Se4ffumSu7n/7iXjusf9p93i1KFPo6jexB03AU2b+eZ5tHxWb/rNQhfssHv+6d2Fguvzb7QPTm7g7wbdxP3neD/OacU9Z76XS+7mT8coEIuIiIiIiIiIiFxqjLXWTsfATU1NzJ0zZ8rGG9wPa+r36xy2B+t5bn8qIiIiIjPL9P0bU0REREQuhGPHj7NkydiNkZNx//33j3nNpb8twJgKp92LiIiIiIiIiIiITISKq+OUyWTo7e0ll88Ti0WJRKIXe0rjls/nyGZzRKNRiouKiMfjGGMu9rQuCMVt5lLsZibFbWbKZDL09fWRzeVmXNzgVOxi0SjFxcXE4/GLPaULRp85EREREZGLS8XVcehJpejr66O2tppEIkFhIwXL9GyoMLUK31EMxhS+gLW1tZPL50mWlOA4l/aWu4rbzKXYzUyK28w0PG5FRUWE4WDA3v6xG4wbgOMY+vv7aWtrp7i4mNJk8qLO7ULQZ05ERERE5OJTcXUM2WyWvr5eFi6cj7Xg+/6M+NJyOmMgGo2yYME8jhxpIRqJkEgkLva0po3iNnMpdjOT4jYzDY8bmIG4zYzi3HDGQBga4vE4CxfWc/hwM7FolFgsdrGnNm30mRMREREReXtQcXUMvX191NRUA4YgCIZ19Mw81oa4rkN1dRWpnt5L+suL4jZzKXYzk+I2M42MW0gYhjOyQAdgTKEo7LoONTXVdHenLuniqj5zIiIiIiJvDyqujiGbzVJUVIfvBwRBiJ2p3zoBawuPTiYSCdrbOy7ybKaX4jZzKXYzk+I2M50Zt5lcXGVo7kVFRbS1tV/cCU0zfeZERERERN4eVFwdQyQSGXhEcmZ/6SwodPVY6+B5kYs9mWmluM1cit3MpLjNTKfHbWZ3P4LjhEOxi0RmV+z0mRMRERERuTh0YsAYjDFD+8/N7C8uDK3BWnvJn8aruM1cit3MpLjNTJdS3ECxm6lmU9xERERE5NKjztVxKnyBmeHfXuCSWMNEKG4zl2I3MyluM9Ng3C6FdV8Ka5gIxU1ERERE5OJS56qIiIiIiIiIiIjIJKhzdRymo6MnDALS/b10tB6j+a197NnxEgf27CKV6iGwEC9KMn/pSq56541cuWEjlTU1U3LfS6XDZTwutU6sS2Ed4zWdsbPWEobhGX9vjBn6M9X3my2xU66cmYbH7VJY86WyjvFQrhQRERERufhUXB0XS+GwhfP/R38Q+HQcO8LrL21l96svcfTYcXp7egjzORzH4DoGx7Hk+rrYt2Mb+157hV2vbue2u+5l0bIGXPd8Q2YH/swGUxe3i282xQ2mI3bWWmyQxUntIt7xFF7PdpxsC9YrIyi5klzVewjKr8dGSqe4aDCbYqdcOTOdipvy5UyjXCkiIiIicrGpuHoBBX6eI2++wY/+7zdp3PsGqbRP2rfEIhEcxyGTC3AMRD2DYwzRiEcQ+ux47mk62tv5pY9+jFVrr8J13Yu9lEtae3s7zz77LI7jcOONN1IzSidcNpvltddeY+/evWzYsIGVK1dehJnKeFlrIdtGtPUfiTd/Azd9YMTvve6fE2n7Adm6O8nO+yhhyWU4jj5nF4ty5czxxBNP0NzczG233cbChQtHvaanp4fNmzczZ84cPvShD13gGcpEKFeKiIiIiEyciqvjVGgKsZM+kdeGIW3Nh/jpPz/Kvtd/jm9dciFYHFzHEI24hKGhN5OnNxviORBxC3+iEYd9r73Cv3yvlKKSJIuXNUyqW8SYmX+i8ESNJ26+79Pa2kprayuZTIZUKsXhw4dxXZdXXnmF0tLSUV9z6NAhjh49ys6dO+no6AAKj0vG43FqamqoqakhFoud9xpmY9zg/D9zp8axkOskeuwx4ge/ipM7jh1lu2kTnCR25BFMPk128X8gLF5+3l1ZszF2ypUz06m4nXvhJ06coKWlhXQ6jbWWgwcPcvLkSX7+859z5MiRUV+TTqdpa2sjk8mwbdu2ob93HIdkMkl9fT3l5eVTso7ZHbvzHUe5UkRERERkMlRcHQdrh+9rNrkx0v297P3ZdnZs2wqOS9aHdL5QDMAYgsBSFPNwXYfeTJ7+bEAqG+A5lqKIIRbzePm5Z6mrX0RZRSUVlZWTXMv5fwGbKcYTt0wmzev7XuLlxm/S0vkKlhCTrySavhGcPD996xHCSMeZLwwjeP2X4+VXsLPlb/nZyTeHfuU6UepKr2Td0rtZu+JmSkpKpmAtsyduMDWfuSFBGq/zeSIt38P0t41aLDgli3f8afzi1YSxeViv+DxvPrtip1w5M42M29kXvXffG2zb+784eGILoQ0AiPX+Gxxq2H7wKwTHmkd9nQmSxLmDrv6D/OD1vxjxu1ikmGU1t3PDFR9j0aJFU7iW8x5qRlCuFBERERG5+FRcvQCstXS2HmPvz1+mP5vDeDFSmZCcH1JaFKGkKILvW9I5nzC0FEU9iqIe+TAk74fY0B/ozgrZ+eqLXH7VOkqveYceeT1Pvp/nrUOv8/ODm2np2o4XNTiuwRSfhPLvAxAFYLSOHB+SrwGvEQEiI67J05F9hTeORKkorWXpwiunpINVJsekjxNp+Wfcjt1Yxv7MGL8Tr+2nBJU3EpauugAzlEHKlW9fhw438cpbf0dT+4/xIoaIazAOUPwkFkbJg8P1YksfxgDxM67p562T36XozUpKS3+dioqK6VyGnINypYiIiIjI5Ki4OiY79GeyXRV+Pk9H2zGamw6QCwyZfEA6b0lEHIpjHiuX1hEEIa/tPYoF0vmAXBASdQ2eYwhwCW1IxItw6K23aNy7lxWXX0FR8WQ6ReywP5eyc8ctDEO6ujt58/AzdGe2U1XhUlTiEIsbnHM164zzzmEIEXuA9u491PU1EI1Gz2/QWRM3mIrP3HBOthPTfQDrA+fsxDrF9DRDph2bnIr3e7bETrlyZjo9bmeut6+vjz0HnqE19QyVZS5FSYd44vxz5eDdwwCyPEtLy3vOe3uAwUfkZ2fszm805UoRERERkclRcXVc7Hk9dpfPZUl1dZHJZsn4lkwQEnMspXGXJQurufGapbgOpHoz7D3QSswxuDhk/IC+ICQMwWCxQCbv09Z2nL6+XhJFRRNfiZ1NX1zOHrcgCOju7iAe76SyNEdZuUey1CUSHejGOk9hCKGfJujpJJvNnvdJzrMrbnC+n7kR8v3Q24HNT6B7se8kJtc7JSdwz67YKVfOTMPjduaaOzs7icTaKS/OUFbhUVrmEo1NTa6EQr4Mcic42XlyCnLlbI7deQ6lXCkiIiIiMikqrl4AQeCTTfcThCGu51EWMdTPqeCadSu45vK5VCU9XMdw9wev4Wd7Wti59yitJ3rIZPLk/YCsH5ILIJcPcXBpO3ac3p4UVdU1532IxGxlrSUI8pQUBdQnPCqrXRIJZ8qKBQA2NKSy+qJ48XnYMI71x18wsJE41io9XmjKlW9P+XyeRNxnXo1HVY1LcfHU5koAG0J7ezi1g8oEKVeKiIiIiEyG/kU8DoVOmMkftuB6EWIlSXA8oi6sXLWC2z74b1i5pJqw+xD5dA8BhurqSt73rmretfFyTnSkON7WTXtnio6uXrpTaY539NJ4pBPPdTGOmVSnyOBaZoNzxa3w3hmKE8WUxiupKIsQiU1l8aWwC2HuRHzMQ2LGNdosihuc/2duuNAtwUbrobt1/PcvnYP1yqaoG2v2xE65cmYaGbczF22tJRFNEC+ppKo8QjQ+1YVqi6GIdpiyXDk7Y3d+YylXioiIiIhMjoqr42aHPW44Ma7rUZQsw3gRipOl3Pze93H1DTfj9xylP3UcJ5IADD4OQQBeNMqC+cUsWjAHG/r42TTWz3H4eBff/N4rVNfVUVxcOIF+YvMxzL5H7s4eN9cpZkHN77Fo0X+f2jv6GWwmRdB7gqDnZSLZ7YTBfEjOxRRVgTPRj91sjBucz2duuDBWSVC+BtP2JsZPj+81xQ2EidopKBjMxtgpV85M545bTdldXHbZf576u2ZT2EwPftdRWrt+jD1ksIkKTNkCiJZMfDyr2E2WcqWIiIiIyOSouHoBOK5LaUU1i5ZdRlEk4Kpr1uN6MfImghMtAhsAhsHnLENryQYh1obYwBBkLR4BhpCiojhz6+sneUCLDGetJQxDwnBqHkW1+TTh0Z/hv/kjjJ/GLa5maUkJGEN47DD5fa341sC8d2AWboSETsW+EMJEDfmlt0FXC97hLWNfX74Uf8EthMVzL8DsZDjlyrevwXw5ZeOlT+K//hhhy89wk7U4RZW8o6Ec03cA/1gb+Z5WgmgppuEXof6aKbuvnJ1ypYiIiIjI5Ki4Og7DD/qYbHdGRVUNq69aT+/x/RQnYmBcnEgCJ5YsjGktxjiAxRow1kIQEJosoZsHG9Ldm6dh1ZWsumIt0Vhsko+6nv8j6jPFueI2/O/DMOTYsWN87WtfI5FIcPXVV7NixQoefvhhfN9n5cqVbNiwgccee4xUKsVVV13FHXfcwQsvvMCTTz7Ju971Lm6+di2dz/8t4eEXqFpyJW79FRjjYBIVOJFCcSdmIOhqJrvvSfJv/jP2ql+DOVeCFxv3WmaLqfjMnWLwKy7DrPwIJtWJc2L3Wa8Mi2sJln8Iv+5qQpwpeUZ1NsVOuXJmGituw3MlwGc/+1kAli9fzq/+6q/ywAMPkMvlAPj85z/PX/zFX3DixAkAvvCFL4x4zRe+8AVs+5s0/t3HWNKwikj9lbjl87H9nbi1KyCfw5tzBXEb4LftI/Pcn+KXN8DGP4DkvAmtZTZQrhQRERERufhUXB2X8//yUpxMctna9Rx2AzrbjjF3WRVOtBg3UQZhUPjjDJ4QUiggWCfAAsZNYwOHvFPEFde8k/mLFhWummTBYPY8eje+4qq1ljlz5vD5z39+xDV/8id/MuLnT3ziEyNef91113Hddddh+1rxX/sWZZlDRNbfjpMoBz8PNsB2NxO4sUIB1RiconISV34EZ+9TZLd8kXDdb8CyW8d8/HV2xQ2m4jM3YjQTIT/vWtiYxN3x9zjN2zH5YY+9OhHC6uX4a+/CX3wjQTQ5ZZv/za7YKVfOTOMrrg7+bniutNby6U9/esTPv/u7vzvi5+GvCVt3kn/6szRcdxuROZdj82nI9WPcCEHLa5iiSiwG4xi8qqUU3/i79L/4N+Qf/03se74EdWvOvZKheSp2kxpNuVJEREREZMJUXL1AjDHUzKkn6jn0pk8QZnsxbhQ3Vor189ggO3hl4T82xJo8+DkwLj4RapdfQ1H9aqLx+EVbx6XmvB91zfYQvv5tzLFX8OrWEBx/DT+fw5u7BuMlCHtPgJfAxEvBOORPNGIicbyF1xD0tpLf/ldYx4Ol74JI0dQtTM4QOhHydWuw1/0OzoE1mKOv4aRasfEktnYV4ZLr8eesKRTD5aJRrnx7mpJtAXoOEzz1h0TnvQO3pJL0T/9/IstuwSlfAH6WoOsIrhvFGgPGJdf8c5zy+cTX3zGd4ggAACAASURBVEX4078iePJ+7O1fherLpmZRMirlShERERGRiVFxdQLOtzPEcV1Kq+bg5hLk+nvxEqU4iVJcGxBme8GGDB3qYEOGejiMwS1fSE3NGohX6LG5CRrPtgB9fX3s2rULz/Oora0lmUyyb98+ACorK6mpqeHgwYNks1nKysqoqamho70N5/DTLEo9S3H1UpxoFFwHa6LYfB+EeUx8oKsn2wvGwWZ7sdk+XDdKZO5aws7DBDsfIaxYDNWrwEz1Kdwz21R1Y5n0SdxjO4g0v4yTTxHWrCBcfxdBSR0mm8I5sQdv12YiW5sIY2UEdWvIL76JoHoVRLVn50QpV85M490W4MUXXwQKuXHZsmW8/PLLALiuy7p169i7dy+9vb0ArF69mt7eXpoPvcXKI/+TiqIEXtUCbKYTt7QWbB6b6QIb4pTXY3O9hbC6HmEmBak2XC9GtOFmMq9shhf+B+G/+Z/gRM66htlIuVJERERE5OJRcXUcBk/hnYovL47rQryUbNCLyfXhxkshUYZxXKyfG7wjNvCxuUxhf8FoKTa5CBs5/8fvCms4ryFmjHPFbXixIAxDrLVEIhE8z8PzPIwxRKNRACKRyNDPYRjiui6O45C07RTn36DY6YK+JqzJ45TOB+sUuuuCbKHgY81A5cfiJJKAwWZTmEgCJzmXsHU3HPgJNlkPsdKzrGX2xA2m8DOX78c7toPY69/BO/ZzzGDXY+MPz/oShyN4ba8T2f8v+As2kl39SwTVK8EdvZgzltkUO+XKmWmsuA3PlVDIiYP/DcOQWCxGGIZDOTIajQ5dA4Wi69zsDqpsEyaykKD5GZza9Xjzr4QgwOa6CwVVBnLlQL50K+aDDQlTrThFVThl9YSHt8Fbz2AbfvEsa7GK3WQoV4qIiIiITJqKq+MyxXua4ZIxcZwwQ5ENcLwEBg/rZrDWx4YBYdCHteBEk4TxasKiGjDulBQMZs+eZufec3Xwv0EmjdN6hMXJosI+fyePE61czeLFi4FCASESiVBfX08YhnieR8RzSUbaSXgtOLEKTKy2sA9kvgtrHYw1WGvAmkLIQjsydtaAFysUW10P59AW/Ib3QqRk1O7V2RU3mOhnzhnYg3P4tSbdRaTpGaKNP8TES/HX/zsoqoJ0F87x13CO78LkCt11NlpMWLuacN7VkCiH9Emctr14J3bjbP9LsqvvIL/whqGtG8xAjMbzmPTsip1y5cw0dtwGC6zB4UYWl8QxRSU4R5tg/nwWL16MtRbHcTDGMGfOHKqrqwGIxWJ4jqUkfAmnOIEpnwtBiPF7Bg5CGp4vOS1f9gKFPEo0j5usIeg6jLP7H/CX3ALOmf+E0Z6r56ZcKSIiIiIy9VRcvUisiZLKpgnyPZRVz8F6UcK8SxjkwM/ieBEcN0LaRgliVThe4mJP+ZJkrSW0llwqReu//iNOUTElG28l3tvLwYMHASgvL6eiooKWlhYymQylpaXUlrkUd+0hwkmIzYe4B6FPGKYAB3ALfyyYYOAp5vDUl19rgSAHxmAcF7oPYzr2YZNzQLGeEGtydAVvElqfZHQxrolgcAiTETJr3kPv5TfQk2+iK/cm2eAwUaeMqjW/Ru3RDoq2/x2EPulrfpUTixZyIv0qufAwUaeciivupDSyGM8pxhhn4CH0XgKbJ5U7iGNcSpwGHKt4TSflyreHoe5VN0Lr976FyWWIbXw3Md/nwIEDQx2rl112GUePHqWnpwdjDA0NDdjO16nKvYWJF2OjDgaPMEiBHZYrcSC0mHD0fGnCPMaLYhwH2vcU8mXN5RfxHZl5zitXvvjXAMqVIiIiIiKjUHF1XE51wkzlfm5+NsPxll30ds6hbvl6YmW12NDH5vvpbUtz4tA+bDRJomje1OylZoZ3hsyG7pCzx23EtgAA0Xjh8eJ8Dt8PCIIA3/cB8H1/6OcwDAmCAJPrJhK04UZCcDLYMIW1BmMcsIVigbEONhzo2sFgrcX4A489WsDJQZAtNKqGPubkAcL6a8EdeQjP7IsbTOQzFxqfrtx+dp/8G2JuGQm3BsdEsFgCmyXrd5INOsnbNNb6GFyKIvNYUnUbS9/7n3FsSJP7Bgfa/4ze3BEsAca4REwRMbeCmFuJ68QxGELrkwnayQQnuazsHooSizHnmN/si51y5cx07riN2HM1XoQNfEwuN5QT8/k8ALlcbujnwU7FIAiI9+/Di1qsE4DtLeRKzECH8UC+DAe6/DGEgA0tJhiWL0O/sI+1MRDkMCf2EFavPudaZocLkysb3vdfAJQrRURERERGoeLqOAx+H5iqR10HuQ64mQ5aXtnB0f2vU7NsLbGiElInmuk69AZJuogtuJJcaIhNxSO2duR/L3VjxS0SiZDNZglzOYJ0H86GmzGJYqK5NK7rUlpairWWRCKB67qUlJSQy+VIJBJETCcRJ4OJRMDkMGE31kQxxsPiAA44DqE1EBgcDBgIjcWGtvDdMfCw+TQQgAMmfQIb5M4I0GyLG0zsM2esR8ypIBsUCgM9NJ17bEJ684fY3/0dKAOMYd/Jh8mFqWH3D8nabrJhN+QPjjpOzC3DEDnn/GZb7JQrZ6ax4haLxUilUoX/c6m1BXfdRoLKOoqPH8JaS1lZGUEQEIkUPg/FxcUYYzDG4DgOcbowngteFIJOjIliTBSLW9hnFRdcQ2gB6+AAGENowoF8abBBgM33YxywjsH0HTtrIXj4mi51FypXehUJ/DCjXCkiIiIiMgoVVy+w0EJfAC394PSFrK4opzjq0HL8BG9ufZwwDEkkYtTMqWNe3Qp68HjxUCe2yGN5VZSqIo+I61zsZcx4juOQTCZpbGykrKyM0hVrWHDaNQsXLhzx87x584b+d7S3lYgX4hTVYWpvxva3YDt3QAjWxApFgxAMHrge4BS6tRyDY0PC0GBtAH4PxrEY1xCoW2dyrEPULcXBI8Qf98tC65MLewnC9IhiwXg4eEScJAZ3orOVcVKufPuorKzk4MGDdHR0ULF0JfOXriz8YlXhsfwFC0Zmz9ra2hE/x2IOhixO3fug5DLCQ49g8l3gJLBECr2KARgTw7guoTWFAqplIF86hXyZLxRpDRDYsffwlNOcT64MeskGncqVIiIiIiKjUHF1XM7/kBYL9IdwIO3yZn+EkojLdXGfROBi6hZTXL+KvJOAWBVeNIGbP4npOURFtpf5RXH+aneGYy+1cO28Im5dXsGy6sSECweDpwrPnkfuzh23eDxOTU0NBw8eZMmSJcTj8VHGGJ0TWELjQtCBjZVj6j+I6fo5tuNlTN/hwiPLXhnGz0Cmm9AycHgLYMGxYMMQbB9EDNa4GC8GA9sHjFjFrIsbTOQz53kR6iLv4M6l28gF3Rztf47Gnu9xMrt7SmdUEVvNkuQHqC/eRNytBMDPh/hhcI5DgGZb7JQrZ6Zzx83zPJYtW0ZjYyMrVqwgkZjY3pkBHrgG2/sG5rI/wilfA20/wXbvwWRPYp0oNlaH6T0M+QzWHSjEWQPWjsyXsQg2sBCJn3MLA8XuTMqVIiIiIiLTQ8XVcTm/goFvoS1weD0T4UjGIea6rKmKUxuUYdNxPOPglMylN3Rpb3sdN1JKVd1VlFRXEvYfZ15yHvNa+/nJriZ2Hj7B1gPt/Mr6Ody8rJKyeGT8q5h1X17OHTfHcaiuriabzbJ7925KS0uJx+O47tgdNomgj4gfJ+H3Ylt/RBCbj6m9CXfuDeD3F/ZbTXdgD/w9YeY4xnFxMFjXYDFY4xDmUzhuDhMxhI4hTNYSOt6o2wLMrrjBeD9zMTdPUfePiDd/jUjqNcJIBZXVt1NZ/Su8Ej5OW/rVs742cC02sIQWAv/c7211fC0biv8t89pfILrnv+LkTuCXXE6m/uP0ld5KNhy9MD/7YqdcOTONHbfKykoymQyvv/465eXlQ9uljEeQi1PuxrGpfYQH/wZ/wa8TvezXMEEO/D6MKcGefAP7xpcIjYvjOIU8SWEfVms8wmwnTsRiHIfQDwlL61VcBS5YrgwtYahcKSIiIiIyGhVXx6HwfWVyBYO8hUbf5eW8hxPxiBiHE315Xu/sZ8G8emoWemT6ekjnob/tW1Smvo7Fo739Vk7WfpSKee+kx4/Q1t5C3s/gh3kaTwT8z+fStPVl+dDldVQXRSe4jom+AzPTeOLmeR4LFiygurqaEydOkEqlCIJgzLFj5Cl14lS5EejdQ/uur/FWcAPpyBKikRjFbi8LzXaqcjtxTAjGElLoXjXGAT8Dpg8btYXzXGycsOIyrBM7y56rsyduML7YOY5DNDhBYv+XcPsPYAGT6yCaeYzKwDKn6p0c6375rPcI3ZAwsIShJcid+xHj2rJrqGz9CZHj38f4XVjA7dxFPP0V/MuXk4usGDrAZ/R1jHflM5ty5cw03rjNnTuXqqoqWltbSaVSQ4f+jSU0JSz1XBwvQdj8CPuaWmm276CoKIljDFWRNlYE/4RLBkwcTECIOZUv8z2FfBl3sH4AsWL8qivOseeqYjfclOVKX7lSRERERGQ0Kq5OowBoxuU5IkTihc7FDj+kxzNsP5mmszfNbUvrqS6bR//hn1CR+QlzyrpwopDOfofWtp9w4sR7idbew3/ceBVX1BTx6KtNHO7ooau/n2+9cpiE5/LBy+soiWo/s8lyHIfi4mKKi4vH/yIbUtyTJ2zfj5c/Rq1pxMsf4VhnJX4Yobqol9JEBseLYB0XwhDHKRzwgg0IbQYnEhQefw0gKL6MoHQRuOMr/kiBCfKYziOEDO9KzBBPdZKsW0I+e/ZCgOOGhWJBGJ7zOoBibwHx1M+gt2/EvUymBRNkYPxNkTIK5cqZIxqNnrHH6liMXU3+8E+IpffgOpZVPEmi+2U6T5aTiPjMS3bgxgA3jrF5CM2pfBnmCW0aJ2awoQu+JV++jrC4fnoWeIk671wZWAJfuVJEREREZDQqro7T4CNrE+nG6jYOO4xHOuaSdF1a0gEnbYgTMdhklO0n+9m//QCbIt28w3+GpHsQ101ALk1RDBZXt9GXeZi240+TcT/MexfcQ2e6jn94LUtXj09XXx/f3nGIpZUJrq4vI+KacazhfN+JmWUycRsfQzp+GU7sKooz7UQch+rigOpkKxgDoQdEwIYUNlktHM5ibEBo8oXHW10HG4TYwCFbdxOhV3qWTqzZFzcYO3a28LwwYfrMb+thzsOGFj9z9i5k1wsI/ELn6rmuAwpdWzlv1HsROGed52yMnXLlzDR9uRIsLl0Vd1DS8+fEPYPnuDRU94DpBlwII4AHNg/GAYeBfOkX8mXUYEIH64dY16V/wR3nzAuK3em/P/9cGfqFzlXlShERERGRM6m4Oi4T30cwi2EvHq85Lg0xjxO5gONhQNaxREJwPEhUxCmhn3j7TkrsiyQWbiRfewv0vIDb80OcbDslcSiqOUpX6i/p7rOsqvxl5lWX0Z3NYvwsTcdP8ujPWqgribKoPF7o9DnbKmbdnmbnf7jO2eTzefp6Y7RkriXR30Wds4eqRC8RO/zgnDxQKKqeetzR4BhT2ArAFOoIfeXXkam8ltBNjPrtcvbFDcYTO2stNjTYbAmEuVN/b1wCP04unz53N1Yw2Llqx+zGyuczBH4cN5PA2GHFBSeKDccqGMym2ClXzkzTlysB+vr6aO1bjA3upKr3GeqTXRSNuCIACp/BU/myEJ/C/qt2KF/2lN1Gtvyqs1bitOfqKFdMQa4MfEvgK1eKiIiIiIxGxdVpYIGTOOxxXJIxl7yB42HISRNgHfAwOFhiQZqKzreYc3IbNUX78do7sJF6wroP41fcimn/J9ze53Cck5TFo9iSUoJ8FN/LguuCBRME/OT1FjYuqqCmuJZiPfJ6QbS2HufNffuor6+nYvmv0n7knwn6X6C2qIeIM7yz59QXRWMoFAncga4sA9noMnrnfAQ/NufCL2KGs9aSd5Lk5rwP760nGXyvw2Q9naXLaTq+hXzm7IUAN1IoFgRBeM7rAA61vcCi0uXURA/gdDUN/K0hWHIrea9qWgpSs4Fy5ezw8svb8fN5bv2Fu+g/uogDh/6epeUnKPKyw64a+Rkyxhb+Zli+TMfX0jP/Ny7k1C8JU5ErQ98S5JUrRURERERGo+LqmE51wYy3qycAOoyhxXGoi7j0BiFdhPQNdN64xuIQEuvqoLL5Veoi+ymqux6/bj3m+E9wj/0YZ96tBHN+kyD3Hjj+N6SDCM3+tfy01dDcmyl8N7IWYwOy2Sw7m7u4bnE5RZHRT+KFkQdfXPrdIROP20R0dXWx+43d7N69h+uuu5aG+bfQecInmnmB6kSKEU1xhqG3u1BgLchFF9BVfS/Z+FIszjk6sUau59I3vthZa8m6JUTW/jqhSeIe24lNVBA03EpHeZL9ux7GP8fhK74NC6eOBxZ/jG6sppZtXL72Fym//Ddw9/8Q09dOULea4Io7ycaqCIPRXz+7YqdcOTNNb64EOPDWW7S1ttHa1sYH3n87+bpf5siJb7G8oq1w4N9wZ8mX2fgKOub+PoEzeof/0GqGrUWxG7hqKnLlwIFWypUiIiIiImdScXWcJvLIZNbCMWPAcYgZQ1sY0m0tfQ44FjwLsZ4U8YN7qD/5KvPKD+Ic74XKq7Gr/yP5rt04R57AbX0JU7mMMO/SYa7nR8fK2NWeIpcPsL5PmA8I/QAbWPa1dNHTn2dOMnaONTAtX5zfzqbrUVdrLbl8jlSqh+e3baP7iitYPG8D1rcU2+0Ume6RLxgstloInWL6i95BV8WHycUWgPHGKBbMvrjB+GKX86E7Pp/YDX8MTo62rn3sPfzP7H71+6RzJ885vs+wgsEYJ2D35k7yT69+lhUL3suqjR9lTuXlGBslm82d88T02Rg75cqZaTq3BbDW0tuXovnwYb797e/w7ne/m47IB6kMn6HGbTzzBcPzpVtOT+l76K74IIGbHHNjzulaw9uZcqWIiIiIyMWl4uo0yFs4EVpCWziJvC+09FlLxlocwA0D3JYjVO17noayFsoW30RYtQyz+59w9/0AVtxOuPZT+O3bcQ/9X07aMnZGr2Bra8ix7n7CdIYwk8Hm8xBYnBB6ejP4/rkPmpCpE41EcRxDX18fAHv27MGY1bDwPcRKr6Ui3E0+1Ux/JiTtRwgtJCIBpRVzCSqvIxdrwDpnL+7I+AVBQCabpjvzJv/y4qfo6H5rXK8LnYGCQVB43HUsvfkOXt37CAdatnH7xi9THr+MIFAx4HwoV84OyWSSVCqF63rkjh/j+eef56qrrmJf0e9gyw5iun5Gur+XvlyUbOBhCEgmQkqrl9NX/i58r/ZiL+GSoFwpIiIiIjI9VFwdp8ETiMfTWREF5gY+r6bztEcc0oElG1iy1mKA2IkOinf/jBU9u1lefBTvZCl2yS2EN30W/9BWzK5HMU0/xp1zOXl3HodTS9naVcLBzhT5VD9hqh/bn8b6AViw1rC8JklxzDvn/Kw1s64zZCJxm4iysjIqK6toamrCdV3a29s5cOAA8Xgcx51HZ9EiSuaV4HkeThCS6e/n0NEWupu6mZ8vZs5ciEbHN6fZGDeYWOxsaHCJ49gYgT++9ypwLWEIYWjH/RoAhygu8YG4nLvQMBtjp1w5M01XrgRYtqyBLVuepb+/j3g8zoEDBygtLaWhYTlvequJFa+jrL4M6/t4oaW7q4vXDzYRtAesWu1RUTH+Oc3GDsgLkSttaJUrRURERETOQsXVcRj8B/94HzeMAlc6PulMP9uCgFbPJROEBDbEYAi7uqjqOMyKxEkqM+2Eb2yFptdwV23Crr2dcNFNBE0/we77Hq1hLTuCJWzvynEilSFI57DZPFgH40SJxVyuWVjNv7t+MXPKYmMUDIavY0remre1icZtIsorKlh+2WXse3MfPT09+L7P8ePHqKiooLKykmwuy0svvcSBt94ik8kAUFxcRFVlJameboxjmDt3Hq479qE6sy1uMPHYhWGI68SpLFvC8c43pnVuFclFuE6cMAzHnNtsi51y5cw0nbkSYOWqVSxZupT9b76JBbLZLAcOHKC6uppksoQjzc089vhjnOzsJAgCXNelrKyUqspKMuk0175zI0VFRRNey2ygXCkiIiIicvGpuDpNkg7cEg1ZHaTZ1gu7fEtTCCeMIfTidJTUsae1lnVl3dRyHNvXTfjy9zH7fopz+S9g5iwnHVvG7uPlPJcp4VjWYgOHuBejtKyIOYkoC8rivGNROdctqaQ04WFGnKIk08nzPFauXMmJE238+Jln6O1NEYlEyOVyvPnmmzQ1HaCjs5N8Lk8Q+OTzefL5PPF4nMsuu4xlDctnzZf/C8FaSyJayzUr7uF4xxt09jSN/aJJqEguZN3yu0hEa/HzerR8KihXXvpisRh33vlLfPMbD9HR0YHnuaTTacIw5Mc//jEHDzaRyWYJ/GAoXx4+fIjS0lLWXXUVwTn26pSJUa4UEREREZl6Kq6Oy8gTecfLAea58JEE3B5ajuahLQhpS5ZwYNEqnjlyjAOHkry3ro3rig9SmTtBmOokfPG7UBSlpXgVu9KrKa2aw13zFlIRc6mIe1TGI8wtjZKMebjOqSLB2HObbSfxTi5u41VSkuSGG27C8yK89NKLVFVWMX/+Ag4ceItjx44NdRIFQYAxhmg0SjabxXU9iouLcRxnnPOabXGDycQu8EMqildwy/r/j6df+VO6epvHea/xFdrKS+Zz05V/QG35lQT+2J1YBbMtdsqVM9P05kqA+fMX8LGP3cfj//gYRw4fYfXq1ZSWlrFnz+6hHBkEAWEY4jgOsViMVCpFUXEJxSXFE5iXYjcW5UoRERERkaml4uo4ne9JynEDS6OwFAOJKPlrVtEyr5yfvvgK/6fxTZ72anh/3TGuLj5Eab6TjCli58kq4nOX8cvXLKW6qvKs85roGmaT6TwBG6CkpIRNm25m7dorMcZQUV7OnLlzsMD+N/eRTqdHXLt8+WVcf8MNVFXXDM1vvGuYbSYauyAIsNZhfvX1fPDGr/Ba4z9woquRWCRJeXI+yaI5FMUqMEAq3UZr5x4c4wKWuVVrWFZ/E6VFhdilc9309B2lu/co2VwPlWX/j717j27qPvNG/9XV5tYkxk4MBDuOmBJD0mbahGLOGJDomXZNnPZtDc5aIRj5TKc5pJ1mjZXzTgwrwdBlnL4L8Z50zYRDZubYkRNOY2C6pnGm7ZxBBjsHU0gyJCQ4pBauDRgHGXMLYFuWdP7Ye0tb0tbVknXx97MWK7G09du/fdXej57fsx/An//ZU7hnzlK4JjzweGLLxJqJ247nyuyU6nMlACy6/3789V//CJcuDWPRwoXQ5+nxV09U4eiRI7h6dRQej1CXU6VSoaBgPh5++GGsWWsEEHs9Tm676BI5V6pUavBcSURERESkjMHVNNHpdHigtAQLFxRj8PwF9Lz/Efb1nUVZXjHW3HsVbo8aH43dj+XFizG/4J50d5ci0Ol0uPde/9OsS0sfwIIFCzE6OoqRESdcLhdmzZqF+fPn45577oFWq0tjb3Obx+PB+JgHd+U/hG9/sxFqjRtqtQ4qrxYTEy5f8Eav1+GOawS3x0bh9XqxYlkdvjLrfoyPTwAA1Go19HodoHLD7XHB41ZjYnwS42OudC7ejMRzZW6ZNWs2HnzwQd/fK1Z8C4888jVcujSE69evQ6VSYd68ebjvvvswd+68NPY0t8V7rrwzfh0ezyTPlUREREREChhcjYGQTJGarB6dTgfDg2W4f9FCOM49hD988BHaLl3C7Hwd/vxrj2BJWanYh6nP1z90cMpNZYVUbrdodDod7rvvPtx3330K/YqvLzNtuwFT33YTExOYmJiASqWC1zse8v6dO3eg0czCLM1iAIBn0oNr164HTHPrlvBfoY3EVv5M23Y8V2andJ4rASA/Px9lZQ+GvJ5IX7jt4hPruTJfPQdQ81xJRERERKSEwdUYeb2pHbam1+tR/tBSlD1Qitu3b0On08VZlzO6mfgU3lRvt+kwE7cbkJxtF+mzkzE+JGeq859p247nyuyUC+dKgNsu8TZ4riQiIiIiShSDqzFQqYR/0yE/Px/5+fkpa386lyXdcmlZc2lZYpFLy5tLyxINz5XZKdeWNdeWJ5JcWtZcWhYiIiIimlkYXI3C6/VCrVZBpVJBpUrOkNN0EW5cVFCrVcj1J/Jyu2UvbrvsxO2WnYK3WzYPzZaCc9K2y+Z9MBY85oiIiIiIMoM63R3IdC7XJHQ6DXQ6DTQaDVRZmlahUqmg0WjEZdHC5YrtCb7Zitste3HbZSdut+wUut3UWZk9KATn1EHbLrbh7NmKxxwRERERUWZg5moU+fmzMD4+ifx8PSYmJuH1euF2e7IqQ0S4cVEjL08nLocL+fmz0t2tlOJ2y17cdtmJ2y07ybeby+UO2G7Zsu2EzM3AbTc+PrO2HY85IiIiIqL0YXA1irlz5mBk5AoWLZqPefO80GrVcLnc8Hiy5+ZFrVZBp9MgPz8PeXl6XLp0FXffdXe6u5VS3G7Zi9suO3G7ZSf5dgMg226erCkPoFIBarUaOp0Gs2YJ2+7ixSuYXzA/3V1LKR5zRERERESZgcHVKPR6PebOmYuLF6+gsPAruPvuub4bz2wh3XROTLhx6dIoZs+ag7y8vHR3K6W43bIXt1124nbLTpG2W7ZkQAq1OoVtNz4+iYsXr2DunLnQ6/Xp7lpK8ZgjIiIiIsoMDK7GYN68ecjLy8ONG19ibGwMOl121Tbzer1wudyYlZ+Pe+4umDE3Ltxu2YvbLjtxu2UnabvdvHkLly9fz7rtBsi23axZmF8wP+cDqxIec0RERERE6cfgaoz0ej3mFxSkuxsUJ2637MVtl5243bKTXq9HgV4P3HNPurtCceIxR0RERESUXup0d4CIiIiIiIiIiIgoGzG4SkRERERERERERJQABleJiIiIiIiIiIiIEpDzwdXhAzWYNXs2Zs2ejd0nf+zSVQAAIABJREFUUtd+zYHh5DfucwK7Z8/GrNm78YcUziXrDB9AzezZmFVzAKlc+8n0h93R9sVEtvUwDtTUIKW74JRIyxTmX80B/DbqepmuPqb6GDuB3dlyHEvH1+zZmJXCDRP9mEjt52ecE7tlx1/gvij/vkx0m0/Pd2KWkh9Ts4PO2fLtkvB32jAO1EQ4187ejd9mwPaZnmM2078XiYiIiCiX5HhwdRjdBzp8f73Ulfwr+eIN7bhz+zbaNxQnvW2aiVbghdu3cef2C/hWTNMP40DNg6jtiD5lJvvzF27jzu3beGFFunuSSiewe/ZavJTubsRouPsA3pH+eLkrOwLCFKcTGPQFnwK/LynVOjAw6P/rD10vT8tcC2bENUtufC8SERERUfbI7eDqiTeFi+udO/FzIEyAIDTTIzCbIvL7Slk6gdmy0uf9GUK+rI0D8iyWJGSzBWTFhGamBGQlBWTHhPbR/5o/8yPw89mTERK536Hbt8a/wML6DNzgIdmy0vZMznZUyKAMyDQL3m7SDWQHah/M1GwxKWB8G3duHxGORezEEem19g0YCMhkku17B3YHbRf59gpe10EZssFpUWHXY5BIGZtRjrHw78sDqy9jbciyhjv/pMsJvLm5A8BO/HwnALyM7uB+yY6FA7uV14n//HhAtm3CnzsinU+ntm/HuW/49q3Yzo1R94uM1YED3dL5rhshsVVpvcjXl9JrCYh83gzNdvfNTpx/wDpW6FNyz8up4f/B9wS6Q2KrCvuZ4mtyxdjQLp1rz8FWBQBVsJ2TXnsBpUHHk+L1iLge/eswdH7xbb9w/Z3C+Tzs+9nyvUhEREREuSSng6tSJsjPV7+AyjABgj/sDs1ueGmt/0Yg2vshTuxG2WZZtuzan+FAmElf2rzZnxmGl7F2KjerwwdQ86C8PeCdzQ8G3JDK+wUA6NiMnx0YBlCMyg1VCFg/0o121QZUFgsBjsDPd6D2wcy8YZWL1m+l7fvO5p8J27e4EsJq8QflpWy+JzdUohjCDebagJvil7E2mWUKhg+gZm3QXXfHZpRlRgQuxTpQu9m/7O9s/hlqArKR5MeMQlboy2sDA+UxrceXsVZ+HL281n8MRTvGor2vIO7zy3Q50SWsy52r8cLqnQAiZP53bEatbNUqLfM7mzfLtk34c0dx5QY8CeCdA92+HxCEbMoqbKhMNNMugX3Dt29FPzcmst0zgvijo29dDw7gHQA/37nTP82K1SE/TPq/VxNPM4983hzGgZrQDO+X1or7jNgn/z4S2qeUn5enqmonfi7/bhkewAkAT+7ciSd9E0n7nkIAXNr3kijgeuTltaipqZGtww7U/izwB8X4tp/yMf/S2gTP51HfJyIiIiKaXjkcXJUyQXaicgXwrYgBAnlmx23cud2OwBFz0d6XDOPAbuGO48k3zgnTHlmBd8INTdt5RJxGvJk9MZDwzZ8U9Pv5kcAMwZd2izc8K16Q9d8/z3fEcYlSUENaP4FBRCnAIcs2PLITwMuwZvTNTPR+f+uF2wHrRVgt0nDN4MBKcKBH3Meq3kC/+Pn+N6qAjs14M9mBFWlfkf69sAJCllJgdlKuDfWUjiNpu7wDcV0HHzNiMNB33IlZW+9sfjPwhl5xPQaSjqH+N6rEWYghgyjHWOT3V+CFoKxd/6xjPb9Mn4BglUKALZC//9I6CznP+o4RaX9VyIQF/D9odAxgAEhOMCnavlG8Ae3yfeLcG0KAS9y3Ip8bYzj3ZqzVwo+O4roWtvlOVK6WT7NC/GFSKh8Q+L2amGjnTXn2pXyfkfog9qnjALoV+zSN5+WElYrfLcIyCftQFTasLg2Yyvdjg/g9HbzvJZV4bpSO4Xc6Vgjfm9LxIB2TMa9f2fduuFI30vk46JiLesxGfD/3vxeJiIiIKPPkbnBVlnn1LSBsgEAIugpDx5SGpkV7P9AgBjoAYCcs0sX8imfEi/xQvswfqW9TMCDMGC+tlfopZnX4bohE0vDV4EytgCxNf1BSWA5puYThzLNkn39HXjQu48Teb2nocehqkQVWpEDPzheE4JeYbYSOzSgT25eyZKWA3JT5tsvaLBxyPFX+bMXSUuEg8gUVSkplGV7A8IBwV//O5gfF9SRlRIkBmZjXoz9oVFwaGD2KdozFfAzKxHd+mS7BwaoVYTP/AfiPBwDFG14QzmVBPxT9/IUNYjCoGBteEALjysdI0A8aYjblVIJJUfcNH3GYcVAWauRzY2LbPVMIx9XL6D4hBcxKURo0jbSPHuge9p/zpO/VRMRx3hSGnodmdwf0yRdoe0bo03Scl5OgtHQFhGU4Ie5TK1BSEjRR0OgJYV+bShZ3eNL1iO+8J23j4lIEnAmjrl//Mez73g2TNey7BgqaR7RjNvZjmoiIiIhoeuRscNX3cAhfMMVf7zAg21LM6JSyNQLrIcbwfsYTbzakmnRvlgpZWkd2Bk0nC2ockIKIMdxATyHbNq3Efkt1494sbZdlSMrIbm4PSBlqMQyHTV7QWcriOuILwL+z+cEpPE16pvFnIaduPUa7oY/wfiaeX6QfpmTBEelHB8VszBjOAfEEteQ/aAjn8dQEk3z7hq927ACekWfR+XuU2LkxCwI9vnW9e7cwLF0piC0bhv+HOM6BiRDOm/66ooPPyDNXlft0II59JKN+DPQtw+4I+5T8xwYpAJ78kgDJ4hsJsyHo+7RjM8qSUqc98CFg8b9PRERERJQauRlcHT4Aa4QH78prtUmkmwEp6Bg8rDXa+4ISlIpDXn0BXOmhWikmZfb5h6YGDjEOrkknZX7I+W60xdpr/htoabmCh/kJDyPK0Ps8RO93cIbeMAZDVov/5rZWfMCPbzislG0jGx4Zabj51EgPhRIDDb4hsQT4s638w0T9/wI3ReLrMdoxFu39iP2P6fwyHfylTRQprS/Za8MHdguB2RWlAecFeQ1Vqf0VpWFWiizLeG0SgknR9o2QodZitmxgl8KdG6e23dNOOod1dOAdhNsm0jD8zVgbfA6cyjzDnTdDSkFIIxCU+1QbvI9M63l5KsTvJ3HdP1kanLYq8O17a4UfiFNSEiAecaxfqeyO8OORrHZs1FlEPmZjP98TEREREU2PnAyuSjfLIfUVpaw1XzAg9End0rBx4eY52vvB/ENefcPV1p7Ak2HKAsRPNswu6Cm9/huwoPeDUuCk90MebgUAxRtg8WVuym+gFYb5ZdKTzWXDEwOfBB9rv6X3Q4efArKhzkBQdpH/Bj9w/tEzdEK2U7h1GfIUc7GPIQEncWh5RmyQNJCywHzDRIOGo8a8HsOLdozFegxK+1vNgdNxnl+mge+J8aE/SEh1b0MDJP6yBtJ5JaT/vmNEOsYiBeik41YQazAp7DEVbd8Q+c/ZCsHlsOfGeLZ7JpJKPgCRtolUs1yYLLaSACHr21eKI8bzpu/90IdbAcC3nvFnGAfuI4mfl6eXfD+PkHkr/dgQbbppE239iuU1ZP+E80IcfY92zMZ4TM/470UiIiIimjY5GFyVauIpBSikG0kpQCB/8IHfk2+cE7Mfor2vYMULsiG+VbCd+yU2TGFpYla8Ae3Bw1mr3kC/2NFvvXBEVte1CrZz4nIp1qBFyA108YZ22XIJIq6HDBG53yvwgrwOQNUb6BfXYWDmoD8AEbxPfeuF0FICPz+SxIy1FS8olHDYiSPtoTUsZzb5A6MksvUUdT3GIMoxFvV9rMAzAftiUfznlxTz/zAVGkCTzg0hmf9Vb8AmW7VK/X/yjTeCzj8KD7eRkQKWyQkmRd43ijf8MmAb/PyIeEwHZemGOzdG3+6ZLexyycnqgicj8B/xvFm8Ab+UHyc7j4jHblBg3xd0DN1HUn5eThLffh7xRx5ZEDZDSgJEXr9Kx1u86z/K+Tzq+/xeJCIiIqLppfJ6vd5UNNzf348Fxcm7C3C9ZgIA6J6zJ63NVPjDbrE+4c4j4hC5E9g9ey1ewk4cUXpaLhFRNho+gJoHN+OdqjfQHyZIPXygBmWbO/DkG+fie2J3DG3TdOL3WDolfBxRzLLlGpOIiIiIlF0aHkZZWVlK2rZYLFGn0aZkzjOYUH+vQ3iQlnx06VSerkxENIOE1EGl9JIecsbvsTSQRuNkQkkAIiIiIiJSkoNlAdKreEN76BPns2iIKBFR+gj1Gss2dwBVb+CXzNJLM7HuuDAcA0f4PTa9Tuz21Sl+8o1fZlxZAyIiIiIiErAsABERERHNWLzGJCIiIspu6S4LwMxVIiIiIiIiIiIiogQwuEpERERERERERESUAAZXiYiIiIiIiIiIiBLA4CoRERERERERERFRAhhcJSIiIiIiIiIiIkoAg6tERERERERERERECWBwlYiIiIiIiIiIiCgBDK4SERERERERERERJYDBVSIiIiIiIiIiIqIEMLhKRERERERERERElAAGV4mIiIiIiIiIiIgSwOAqERERERERERERUQIYXCUiIiIiIiIiIiJKAIOrRERERERERERERAnQprsD8XK9Zkp3F4iIiIiIiIiIiIiYuUpERERERERERESUiKzJXNU9Z093F4iIiIiIiIiIiIh8mLlKRERERERERERElAAGV4mIiIiIiIiIiIgSwOAqERERERERERERUQIYXCUiIiIiIiIiIiJKAIOrRERERERERERERAlgcJWIiIiIiIiIiIgoAQyuEhERERERERERESWAwVUiIiIiIiIiIiKiBDC4SkRERERERERERJQABleJiIiIiIiIiIiIEsDgKhEREREREREREVECGFwlIiIiIiIiIiIiSgCDq0REREREREREREQJYHCViIiIiIiIiIiIKAEMrhIRERERERERERElgMFVIiIiIiIiIiIiogQwuEpERERERERERESUAAZXiYiIiIiIiIiIiBLA4CoRERERERERERFRAhhcJSIiIiIiIiIiIkoAg6tERERERERERERECWBwlYiIiIiIiIiIiCgBDK4SERERERERERERJYDBVSIiIiIiIiIiIqIEMLhKRERERERERERElAAGV4mIiIiIiIiIiIgSwOAqERERERERERERUQIYXCUiIiIiIiIiIiJKAIOrRERERERERERERAnQprsDqXb2rWdh7Qr//ur6fXhmaYo7MXIUzdv2o7/saex6cQ0KUzy7qRo5+gq27u9XfC94fUnTlj3dhIY1KViykHV3Fm8+uwddWA3Lvo1I/qZLdfuBUr7+MIKjr2zDW7LNmcg+n/p+hswwq46ZmUI6n07LeTOlpvc4JyIKFv76tAwbm17EdHzVhp4Lc+0aKMWka5Uwb2f/dyURERHFipmrFJeuPc+i+ejI1BsaOYrmV44iCS1NtSM4+sorSMYiZZ7QwCogbMM3z6anR1N19q3s7TsREVF0/XhrW65el8wsXXtyYDtmzPU6ERFRZsv5zFUJfz2OX3AmgZRh0L//9zi7RshoKFzzIl5fE2fDZ9/Cj/d0AWVPR5+2cA0a9sU7g5g7ImZolGGj77WleGbfPjyTojlOq5FPcawfgCwDRcqU6Xr/LJ5ZmsEHRMh29weKVz+Wtl4RERElVeD1qfRd149jn45gzbRnc+bQNdB0UhhlI1xvpWs7Jkk81+tEREQz3IwJrkYjBZ3Knn4ai/fvhzBSSxyaBdmwn6ALKP8w2Xpgzx5II7xiCeaGDL9fXY/XNy6V3lQYFi1ddMuHjAVnJyoM5ZIujkSJDr8qXPMiLBeehbWrCyfPbsTSpWGGdCkMk/KtD3lf+vdj67P7hffm+5d34+L9eKsLwrr+EfBP4YaHByxX4DA6xX5J06+ux+sbIQZWASFL5Fm8FfB60HoMWaYw75c9jV0/uICtYfoV3pXA7ejbF5S2ebxD6fzba+nGfXh9o/w9pSGAyvOM3M/Y2/IfM01Y/OswbQXs/8vxqWyeXXueRRfLBWS4s7LjC4o3nvLzX9nTTfgb/LPCPh25nZj2JYV2VtfXJ3VpiYiSoxDLK8qA/n70X7gCIOj6RRT83Z+8c2Ho93hiba+GZd9jOJm0EgPRr3VDyyzIpgm4/gu+ZpFf60T/7orV/PvLAARtx1jaD9jWq2GpB6zyviveHyiXcwi+zwi5NwnarwKuWcNdry9VWNe8JiMiIsqe4KrrNVPcn9E9Z/f9f9eeZ9EVMkXoxVn/fnkATQy6IWAC/NPR5SEBra49e4L+fhaIEGBVrLXVtQc/Pi9eoBQux6oyoL+/B5+OrBEudKRMxLIKLFcMrAJAF6zPIvSCMmARtqEZiQVYpYvF88MjwFKFz4epP9W15xUsbnoRUXNQ+/f7l2dxMQoxHGbCLlgDVnk/3tr2FopTUSNMYR0K6/l8aPCxfz+2Bvfrn49ieZSLzv79ewLXWdceNN8vbCPpRsuf/TCCT3v6AZRh1fIIrfr2IWn/n3odt0j9jFfXnm3BL+DNx2LPMJ98zQRX3HOdmeTnQmDq59PIgm4eAeG4eAW+m6/gG77+/dvwT2VlcbcjibwvhbYTfL5OZH0Q0cyU2vOp9P0OlN0/X3gpjuu4qZ4LI4mv7S5YXzmP4LN6YqJf644cfUWhfm0XrG89JgQklz6G1ehCV9f7OLtxqXh9/L7Q39U/UA6sAmG/c2Lpc8h2jKX9kaNoDtjWwde6cfRA4fkJAfcmite20a+lFe9f+vdj61vFeH3jUn6fUlxiv7YkIsp8WRNcnTbSr6+yIKGUIeAbFh/wK3TQ5yAbev3ro/iu0gXZyFH8q3hh4v8VWbzo6t+P351dg2eWhgbVRj7tEfpTsVxo8+zvhYtN2byFPnbhX49+Bw1rgKO/7lKej2xofyIU10GY9RGgcCNer4dvmJH/gtI/ScAv6yPhgqvyzA3pwlta7lgugZfimX31gELWQqAR3zqUZzxIw73e+v1ZrNkYuBZDsnT7LyDK2oJShoWv/MLyCpShH/09n2JkzRoUhgTZwynEmhfrcT44Q3dKWSQR+hlvU77t779xUg7aF2LNi02AVBZAXL+u1xJaAEqxkaO/Fm9Yg48X6dwmu+n0HcPCeak/rnZkE0fal6QbaNm+G+mhfURE00n5x3/px9OR+K7jUnkuTKTtZJxmo17rFoaWqJKuv84PYwRLUYileHw10CUbeXX2fbHHj4njbOL5zgkmZnaGWo0fiteksbR/9vdickLI6KW4Vxp+t1/4Ed53fSve14Tcm4RkIIuWKl+vn31f+hjLrREREcllXXA10V+4Yr0I8AUuC4uxGEC/LDuwsFh4RbH9H/gvVJZ+52mUde1Hf7ig2pULvosnf5+W4rtPl6Frf7+vHmZhQFBteUi24sjweeGjChd1QvATOC8fSh0wxXmESz6dEl+2pKxPcQ0XWo3HY7pY81+whh1GlxRXxHW4GhbZxadvG8uzIMR++fovZUrEMJeyp7/jb8P3OWkbBWYxLw8Oskck1k8LyFDogvWV+xMawhW5n3G25eu/f/vFg792RxctgyQV6/DKBd9JBz8O2vmFG3H/MeU/hv3nv9jb8e9wkfYl6Twp33cL1/wAq/f7M4i4LxFRNNN3PpX/AHolruu4qZ4LI0ll25FEv9aVrQDFbEyBdN0mXGMDJ4VIp++aLZ7vnJgEBS2jtw9IiyoFfIFCrPnBarwVZpnCGhmG0JTSCDzx3sSXzSvrT7hAq8zSx1YDXV0B+6P8HovfpxQLZjgTUS5Sp7sDmW8xitNVREgMqqG/B5+ejTVbMbWki0P/MKdghVjz4j68vq8JG6XxYP37sfXZGJ/yXnY/wrWcCCnIDMgu0FMpyf0XiDcy6MexT8/GVhIg2NKNeH3fPrxev1r4W7y49hNu0gT+m7nExNbW4rQdWJRruC8RUbZaXb9P+H72/Ut8VFEqz4WZfJ4dOfoKfvzss2ge/k7gtY6cdE3d9T7O+koCPJacUlJlT2PXvqBr3673Q8ZCJZX8Os4XTI2H8OP76/vq4VtbXXvw42dfwdGRSB/bGLKOu/Y8ix+/chSRPkZERJTrsi5zNVPJh9lIw/fDBtrm348yAP1B9ap+J2ZtyX+xlrID3tojBjVl2Yq+TNqwmaEjWCzE5JIzfOfsW2KdJXnGWThCkHUN/MPOfE+ol5Z/Sp2RlwBQqm0l8g0J80/jN9+3fsKTppHV7oJ86FZyLswDhtb7htf5A/u+LGap5mkMQXbfcD95JkLYdd+P81ICiG/+8fcznrbiU4gIieOUQaS6zJEyYKRjyn8M+89/8bQTC+k8Kd93fcMziYgy2vykXcel8lw4HW2Hv9b1D4EPGdkV2JJ4TS3VMS3Dxu/4V2hyvnPkZYwCRwnF0r60qL7rZXlpqhD+zGXffYevG/7Rd9Fr7YsjnOAveeWr8R/pen3pRry+byP8Zc1kz4ggIiKagWZMcFW5phWmfOPuozBcSV4qIEDhGvxw9X6hLmtwv8qexndl3fEF1YQ3A7MVl34HG8u68JbSvOv34Zml/uFESvOJNiy8f/82/FihhFTA0PBgEYZk+YPGvhn4nz6aQLpnaP/8QV/fxXjYOlgBLQnDplbX4/WNwe/JhmSFDOUKvDCfmi5Ynw1cbwHrWfZwKiC2kgC+fUdhCJo/KOy/cQt7jMTcz3jbSkzXnmfRxSfTplXEBwRKQ0GVjpemF7GmUFbGQ3YMl5UFDjMtjNpOjJ31la8I3XeJiDLb1K7jAqTyXKjUdllZzD+kK19viuf6qNe60rWHwhD4IAHX1EE/UiftOweFWPOjp3Fs2370yx6CG0v7/pJTCtdtvualwGmk5fWX2gmZRrzvCV9vV2FklO96vQmLfx2mBmyaR9YRERGlG8sCJMnqetlQIETPMFi6cR92PR30HNXV9Xg9+EK5cA1+KI28CblwEX4h3xjSjGzeSzeGDo9KODBVho1N+yI/MGrpRrze9HTIE2LLnm7y90kamiU6P5zIQKLVsAQsV9BDmpZuDFq/wdMD/uH2vo4oD2lSXKbVsOyL52I7srKn6wO2o/9BP/6+rvmBb0eIrSRA4Ro0yId7SQJ+UBAeeiWfJrgvsfczvrbitfQxWcshZQ0ocwgPiwvc7wJvTgvXvBhwfJY93YS/qYi/nUT7s7pe4bggIspESbuOS+W5MLjt1bC8+AMsTkrb0a51hWCm7BsFG5vE6ft78Kn8wk52TR36I3WyvnOE+fyN+B3Xv/+fxWH2MbRfuAYNwde2IdeuS/FM0DWp0nYM/p4VJ/Rd/xWueVGxfMLqenl/gq/XgTUv7oMl9MISFv7gTUREM5zK6/V6U9Fwf38/FhQXJ609qfB1phVKF4bQpPapmdI8QgNuNKNIWcHM2qQYhTtvpvd8Knv6scITkXmeI6JMlJnn0wzhG7UkCxb6Xgv68ZviI63HZI20I8oAPG8SUSpcGh4WRkOmgMViiTrNjCkLkLVGjuJfu4C4H2BEOcZfdyuWkgBEmUv2pGmF4ZE8zxERZRlfWQClYehJemgUERERUQZjcDWDSRmrQNAwHZpZ5HVsV9czq4+S5tMzZ5La3vJly2KarnDNi7Bc8J/fBAkOvyQiygA3v/wy3V1Io0X4/rZq/KnpEAblL1dsgfX7i2b4upmiOy7hv647XI+UM/LT3QEiohRgcHWKlm7cp/AQpMxvm7KI74msRMkXa0A0mngDtTy/ERHlkIJVeN66Kt29yD1L1sNqXZ/uXhAREVEUDK4SEc1wt9//qyl9fvZj/56knhARERERERFlF3W6O0BERERERERERESUjRhcJSIiIiIiIiIiIkoAg6tERERERERERERECWBwlYiIkqQXLbW12NTSG/Cq074j5DXFT7fUotHuTFXnpm0e4pzQUlsLpcVOtA9O+w5sqq31/YupDacdjbUtiL72Y+6Ev71kt01ERERERJSF+EArIiIKEe4hVTE9/KqzHYertmNdUZI7lQTldTY0prsTCXDad6C+tQRbbdtRDkAI3lrQCCsaTdO4ootMaLRN3+yIiIiIiIgyHYOrREQUIqYgqiIDTEag9TU7vrbdBMWwX28LNjV3ipObsWe7CbDvwK5OAAgTMJR/BoCpwYa6cgjZk5ZWOMR5m61iUDfM670ttXi7VGq/Fy21zbADgNEIU+cgSqzbsW6kBZvaARM6YXcEtQuhjV2+7sv76sThHRa0OsT2FBbdqbCc4dvzGxlwAMYaMbAKAOWoMhtQ330aTpMJIwHLJfRjsMaGukJh6iH7DuxqdQQuS28LNrWXYo+4nZz2HagfqEFbXbmwnmAEOjuFdShupyKnHY2WATxlW4nj4vrdVQtstdUBsuWAsQFtdeUgIiIiIiLKdSwLQERESVVS9RzMaEWH0nhxpx2NzZ0wNdjQZrPCjFbUt/SiyLQdW41hgotOOxqbB2G22tBms2GP2QB7ux1OOHH4tVaUNgivtzWUoLWjFwj7eqDelmbYjQ1Cm6WDQpBV4ugEasQ+Ghy+zzvtO7Br0Iw9NhvarGag1eIb+t/bYkErxPdWIrA9UfByCsFWI7YqtCdXvtIIdDZj0w47nLK22sIFsAN0onWgRlx3QuA7lqIEjk7gKbFfBkfw9ixHndUMA4zYaqtDeW+Lf73YrDAPtuPwdFRfICIiIiIiSjMGV4mIKMmKsK7GCHuzQj3OkQE4DGZUlfunQ+fxyHU7i0xotPkzR4sWlChPV16nnC2p+HovjncaYBY6giJTTVCmqRErxT5+rdIgvubEx90OGCofEQKaRSY8ZQQGLjkBODE0CJhqxGBneRXMBkQ1MuCAwVwlZKSK7dmPK0VX6/zBaKnu6o7YgqRA0HI6uvFxLB80rhT79QgqY1gWvyKs256ZZSGIiIiIiIiSjWUBaEZTq9VQqVS443JDpVJBp9UiT6eBSqXyTTMx6Ybb7cHEpAcutxtujxderxdeL+D2eHB/4Vfinq/XfQte9yQ80ACqPHi8Xng9Hni93mQuHlH6lNdhq7EWb9ur8BPZy85LgwBK/S8UlsKAgajNyYfOAwAMZghBvAbhIVoAIGVRhn1AepS9AAAgAElEQVQ9oCMYABAmTAsYSlEY5i1HqwWbWmUvGEcAAIOOqIsRRAjIBq4OA8KvjiKs227DOvGv3pZa1LcsiGH4fQkWJhDoNJSGWwMKyuuwp3IH6muFFROuvAEREREREVGuYXCVcp9KBbVKBbVaDQ9U8Hi90Go0mHR7cPnGbQxduYnhq1/i1pgLEy43JiaFf2MTkzE1X//Dlbj12cuYGHkv5i6p8wqhyV8EzewSqGcthmbOn0E7axHU+UWAZwIezwQ8HhW80MHDoCtlqfIqM2B5DR1G/2shWacjA4gak+xtEYfOiwHSXqEmqjgX1NlsqJNe32EXa4gqvy7riDymGRdfvdcATpQYgMG4WirCwpDVobQ2nDi84zXgucBs0PKVRqD9EpwI7sxIUKB3EENOoLwIEYPKyvOOXZFpO9pMUn8taFmgtJ6IiIiIiIhyC4OrlHNUKhXUGg3cXkCr0UCtUuHG7XEMX72OS6Nfwnn9Nr649iUmXO6kzS/e2KdnfASe8RG4rn8U8p46fwE0+QuhmV0CzewHoJm7BJrZD8LjcQEqPTxeNbweDzweT1L6TzT7sX9PTcNFJvzE3I36VgcgBVgLS8X6nSbUlTtxuL0TMDagHIhcGsBH/AzMEB5I1S48hEoKOpYsQFHY14ERXzvlWGl0YFdHL9bVlcNpb4ddbDXCAuFrlQa0tttRtd0kzqcZA2KWZsB7vR1odUDxoVZyhaUGOFo70GuqQ7nTjrc7AVNDcESyCF+rBOoDHhImroeSBt9yOcSHWxX1Hocd8nk70H3aiXWmIjhPd8NhqMRP/B/Cx04T1hX14ngn/NspTvKHYQkMKIkj8ZWIiIiIiChbMbhKWU+tVkOt0cALFbwArn05hgsjVzF89UtcvnYbozfvZFXmp2fsEjxjl+C69oHsVTW0c5dAd883oSv4X6Cbt1QItHrc8Li9cLvdWbWMlDk+PXMmpe0XmZ6DuduCVv8LaGwYwKbmWuGBTwYz9ogBOSHQaEEjgoaUl1fBbLBgV20nAAPMDWYYmgcwAhPqGkqwyVIrtm/EVpvQVrjX5crrGmCqbcamTsBgNsOE7hiWZzu2DtT6hr/D2IA2sa/SstbXtgIGM8xG5UzWwOUU2hOWTRhOr5TtWWTajj3wD7v3zVucWFqW+tpWwGiGOSCL1ohKvIZNtQ5xXUh1YYXSDbsstWiFEWZzpJIESitjAUrRil21wFbbczDvsGBTLXzL0ciqAEQyozj2ahMOoRrbnl+FAvlbfQdh2Qtssa7HkkRaPvYqmg4pnW1KUL3teawqUHgrLfpwUFhQrE9kQaeJtD4rktzPvoMW7MUWWNcvCfj/mPpz8vHQ/SbG94mIiCj1VN4URWT6+/uxoLg4ae25XhNycHTPKT1/mWYajVYLtUYDjVqN67fG0HdxFB86hnHj9vi098VSXYGbZ16C60rsZQGmTKWF7ivLoL37G9DP/wtoZpfB45mA16uG2+1lVisBCH/e5PlUQW8LNjUjtDYrERGin0/Han8TpQUxuDoIlFRvw/PyiGcygqtDT4QE6oQg4aKE202+bAiu9uGg5V2gAui5mLqAJYOrNJPl274HgNehRJRcl4aHUVZWlpK2h4aGok7DzFXKGhqtFiqVGmq1GiPXb+HTwRH0nh/BnXFXurs2/byTcF3/GK7rH+POQCtU6nxo73oEuntWQD//L6DKL4THA3jcHrjdySl/QJRbhLqgrb4yowaYrdsZWCWilKqoqEDPoTYceyhyRmlgNmpFQgHSglVPoOLQXpzqW48lvg8LAc4eX4eCAnyjx/Bq0yFf5ntgIDjwswHvjR7Dq23A44sO4VCPv92A5aioQEVAD6P0JVjfQVj29shekK2XMPMP/kzUbNS+U+gpeRzbTMDFppP4bHSVbzspBUQDA9v+ALpEvo4iBVT7DloQuGjB0w3B/qoFPdKqjLgcca5XIiIimjIGVymjabRaeLyARqPBhZEbON1/Gf3DV+FyMzNTzusZg+vqSbiunsTtc/8Ite4e6Bd8D7MWfg+6WffA4/ZgcnKSGa0UINklAZYvW5bU9lKrCOu227Au3d0gopnl0fXYAgv2th3DQ5EyEQ8twhbr81gi/W05mIQMVH/mqFWISOLYq0149ZgUAOzDwaZDWLTFiueXSNM34eC9VqxfInz2YvU2WKVpLU14FbIA6+AhnHx8G6zWAsXlEIKLEAOsozj2qry94L4Ed/0gLHsvonqbVQx2Cv3Ze/BRf+AwaP7+jGCrPwDb9CqORSiV0HeqByWPb0NBAfB4ySGc/GwUq8SJlzxaAew9hb71S8TtMIrPTg6i4glZYHXRFlifXyJb/uiB9L6DFuy9WI1tVnF/6DsIy969OPioLIA62COsq+cLxOWw4KBigDXaNiYiIqJUYHCVMo5KrYbbq4JKrcLZi1fx2fkRnHfegIc1RWPmcV3F2OAbGBt8A9q5X0Xeog3QF1YCKj3cbi/ck5Os0UoAkhcQTXXtViKiXLFk/RZUWPai7dhDCgGvPtgPDaJiy/O+QGrBqk2oPtmEd4+Z4gqQjR57Fz2owJYlsr8rtohBNwAowKpN1TjZZEffqvUoOPYuekqqsc33/hKst1r9ny2pxjbf/Jdg/ZYKWPYKnxU+UoLHH5LeFwKPJdWbfMuxZP0WVPTsDdPbAqx63opV4RZmyXqIXfHN/9EKoCdgosD5H3u3BxVbrP6AdMEqbKo+iSZ7H1YpZXKOHsO7PSV4fJvQxqonKnBIvnxLHkUFZJnAo5/h5GAFnlii3P+Chx5HCU6GWyLZolkRuGiPoiJoyVBSjU3Sui9YhScqDmHvqT6sXxK4HNG2MfNXiYiIUoPBVcoIarUaXpUGep0Gg84b+OCPl9A/fDXd3coJk19+jsmzTbj1uQ76+auQv2g98r6yHB73BCbdKnhYNmDG+92gekqf/24JM6KJiGInBSbFrEb5W6OXcREleDwghlqAexdFabJnLyw9wS8GlhMYHRoMO53v/UVPKGfTKr1XsBAlCFeDbBTCR+SfKMDCEoifKBCDl02wHAJQovCgL8VmA8sWBNUZCJl/z15LcJgy7GdGPzuJwYon8LwvfhwUTBUDulJQU5o+OGAZOMS/BI9HWybfogU+mCygm4vuDVg3BQtLgJOXMRo092jbmIiIiFKDwVVKK41GAw/U0Gg1ODPgxPt/HMLozTvp7lZu8rowMXIUEyNHodYXIO/ev4R+wX+DPu8eTLpVmJycTHcPiYiIZoYl67GlQiwP8EQS2pPX1RQDkKg2hWYqRqi/2ZeEbsRlyXpYret9/W2yHArfP1lQtUIsWyCVGYgkao1VHyFjGFAITL57DCYx8OsvDVCAy76SAGILUlC1RBziP3oMrzZFz1z1B1UrxBIK4tD+RLHGKhER0bRjcJXSQqPRQqXRYGLSjf/qu4SPzg3jzgSDe9PFMzGKOxd+hTsXfgXd3d/ArNI65M97CJNuDyZdzGQlIiJKNV95gHdLAIipqQX3YhEGMTQK+FMVR3H5IoCFMTZcsArPbxmCZa9UL1V8WZbtqJQhGul9xfdGhzCIcIQs1ZOXR4El/qH6Q0ofKFiF562rxFqj8pqmfkKWaDxBQ6X5R9B3SiihEFzXtu8gLHtlD7aSslmPLcRFX0kAAOjDqZ4SVEeo56pMrNsaLQh8MXDdyzOJR2WTRdvGRERElBpTGwtKFAeVSgWtVgt9fj6u33HhPz48h33//gGOf3aBgdU0cl37EDc++lvc+Oin8N78L+Tn66HTqqBSqdLdNSIiohwmlAcYHBwMeM1UXYKevQd9maSjx9pwaLACT8QTtVuyHlsqgJ69r+KYGH0rWPUEKgYPoe2YPxw3euxVWF49hlHZ+3ZfCusojr1qwavHRhU+24eDe3tQopQdK8wNq56owOAhu285+g7KnmAva1vSd6oHqHg0fF3Qi5d9gcTRY6/Kht5Hmn8b/LMInWfUeS8xobpkECc/kz4j1no9dAiDJQuDAphiUFxoEQfl5QuiuHjZt2Q49ure0FIG8u3SdxB7e0pQbQpdU9G2MREREaUGM1cp5dRqNaDWQKvVoH/4Gk5+PoSLIzfS3S0KMnnzLG5+8iI0sxZjVulm6Oevgdvtgtut4sOviIiIUmHJemyp6AkIFBaseh7b8CqaLBbxFYWMypia3obqi0041HQQ91rXYwmWYP22arzaJNY5BYJqnUrvWyDNGRVbYF1VAKAA661bcNDi/2xJdZQn0C9Zj23V/uUoqa5GBaQZSw9aCu5LmFCt+FCvJmniii3YVv0umg4pZ7oGzL/JAv8sFPo8egzv9gAVW5RaKcBDj5fg0CH/A6GWPFoB9PSg5PGHZMFVqY6uVOO1BNXbtqCiaS9OfjaKVWHXU+h6qNiyDdXvNuGQ/IFVFdVY+K4FlkFpGmuYDNlo25iIiIhSQeVNUdSkv78fC4qLk9ae6zUTAED3nD1pbVJqqVQqqLU6qFQqnDo3jP/qG8aN2+Pp7lbSWaorcPPMS3BdeS/dXUkqdV4RZi3eiLziJ+CedGHSo4bXwwcXZZNw503p9c/X/gOWL1um+ECrcA+pCjftp2fOYPmyZb7XeltqsWvQjD3bTSgK18HeFmxqBrba6lAew/JI7b5dakWjKWyrgNOORssAnorQrtO+A/UDNWiri3XOCp/rbcGm9tLIy0hEOSHa+XSs9jfT3iciomyUb/seAN7XE1FyXRoeRllZWUraHhoK9wBPP2auUkpotTqotRp88qfL6Do9gHHW8cw6nnEnbvX9n7j9p/8b+fdvQP7C9fB6PJhwawBmslIkTjveHjTChG587DRhXRIjj+V1NjRGm6jIhEZb8uYZoTNo2z4N8yEiIiIiIqKMxeAqJZVGo4Faq8Pla1/ityf7cPXLsXR3iabIO3kDd/70Lxi78DZmlf5vyC+uwuSkC5Nu1mTNZUoZqrFynu4GKp9DFV5DfUcv1smzQ512NFpa4QBgMhr9r4tZoOaSVrR2AoARW62leFuc1mAWslX9mavA4R0WDJYYYe/sFNowNggZpfLMVdn8AAPM1u1YN9KC+lYHgGZsQgPaqi6h0dINGBxwOIzYaqtDoX2HOE2Ez608HpC52ttSi11iV6T+As7w/SQiIiIiIqKsxwdaUVKo1GpodXpMeFT49xN/xP7OTxhYzTHeyS9x2/FLXP+v/x0YH0SeHlBreAqhYE583A1UPlKEIlMNTJ3H0et7rxctllbAbEWbzYaV6Az8qKMVgyttaLNZYTZ0YpdlAE/ZbGhrMMLR2iFrx88+WIo94jTobMdhZ2BfDr/WitIGG9psNrQ1lKC1oxcor8MesyEoyOlAaY0NbbY6lPe2oL61BFttwue2Gh0RPifOyb4DuzqNwmesZqDVghZZhyP3k4iIiIiIiLIVIyM0ZRqdDlqdHifODuGffvshPr94Jd1dohRy3z6HG6e24HafFTr1GPRaL1QqZrGSyHka3ajE14oAoBwrjZ04LgUZnZcwACOeEuullleZYQj4sBErywGgCAtLAIO5SqiZWlgaNJ2fofIRod5p+UqYovWtvC5CxqgBJYWy6WT1WgtLw83db2TA4e9vkQlPGQH7cX90Na5+EhERERERUdZgWQBKmFarhVqjxbnhq7Cf6sfNOxPp7hJNo/HLhzFx5RhmlWxG3sIfwjM5CZbWJefpbjgcDtTXtspe7UVdeTkwMgBH2E8CMJSiMNL7CkoXRCroWoR12xvQUluLTQAAY4SHZ5Vgoa8pYSh/q7yzRoWP+DgxNAig1P9KYakBGIi1n0RERERERJStGFyluKk1GqjVGnw57sJvT57F0JWb6e4SpYnXfQe3+/8vjA2/i7lf/T+QN/ermJxUwe1mlHVm6kVHqwOmBhv8CaK9aKltx+Gq7VhXWAqDPOI4LcpRZ7OhDhDquu6wY8/2yLmjTvtraIUZe2xCLVWnfQfqI3ZbyLSVGxmIGEYmIiIiIiKiHMHgKsVFrdECKjWOnB7Ex/3DfGg8AQA8d87jxkc/g76wEnOW/B00+tlwubzwcgfJCt8t8SSnod7jsMOIrQGpoYUoMTjQfdqJdaZHUGloxdv2KuHhVB2tcEROCZ1qh9BS244S63askxJHSxYIAdM42uhodUTJXBUyVR2tHeg1CQ/RersTMDWUxzUnIiIiIiIiyj4MrlJMVCoV1Fodvrh6C/92/CzGJibT3SXKQBMj3XCNnsTsP/s75BV9G5OTbkxOcl/JZJ+eOZO0tnqPdwLGhqBh90X4WqUBrWLgcd1zZnRbLNjUChjMZphSmslajrqGEmyy1EIoUmDEVpvQu6IFJUBrMzahAW1VgZ8qMtXA1NosljYwYmuDEfb2S3CiPPBzK+Wf2Y6tA7XYVSs8pMtgtiJseVciIiIiIiLKGSpvilLL+vv7saC4OGntuV4ThnHqnrMnrU2KjUqtgU6nQ0/vBRz/7EK6u5NxLNUVuHnmJbiuvJfurmQUfeFazFnaAI9XBReD8WkR7rzJ8ykRUXyinU/Han8z7X0iIspG+bbvAeB1KBEl16XhYZSVlaWk7aGhoajTqFMyZ8oZKq0OHqjwq6OfMLBKcZkYOYLr79cC40PIy9NCpebphoiIiIiIiIhyC8sCkCKVSgWNTo+hKzfxm+NnMc7HwFMCPONf4PqHP8LssmeRt/CHmJx0w80yARkjmSUBAGD5smVJbY+IiIiIiIgo0zG4SiHUWi00Gg2OnbmAE2cvprs7lO28k7h97h8xMfoHzFu2Axq9DhMsE5AxkhUQTXagloiIiIiIiCgbMLhKATQ6PSY9Xhw8+ikujX6Z7u5QDpm89j6unXwG85b9HPlz/wzjEx6kqOQzxemTDRum9PmHDxxIUk+IiLLTvLlz090FIqKs4Ep3B4iIUoBFEAmAUAZAq8/DpdEv8S+/+5CBVUoJr+sqbnz0t7gzaENenhYaLX/fISIiIiIiIqLsxcgGQaPRQqPTovuTQbz/efSnoBFNjRd3zr+FiasnMe/h/wG1fg5cE/wNm4iIiIiIiIiyDzNXZzi1VguXF3jLfpqBVZpW7i8/x/X3a4GJL6DXadLdHSIiIiIiIiKiuDG4OoOpNFrcGnej5T9O4fK1W+nuDs1A3skbuP7hj+C50w+9non0OaO3BZtqa33/Gu3OwPd22OGEE4d31KKldyqzCWo78F20yPqwqbYFU5hVnPMmIiIiIiKimYLRjBlKpdHixh0X3j76CcZd7nR3h2YyzxhufPQTzFvejLy7HsX4+GS6e0QI/5CqqA+/6m3BpuZBmK02rCsCACcO77CgEVY0mopkExZh3XZbsrob3Am01DZjwGxFmzhPp30H6mtbsNVWh/IkzKG8zobGJLRDRERERERE2Y3B1RlIpdHi2q0J/OroJ5h0e9LdHSLA68bNT/475izdirzCtZiYcMPr9aa7VzNa1CCqIicOt3fCYLaKgVUAKMK658zotnSg1yQPbApB18EaG+rKATjtaLS0wgEAMPqCoL0ttXgbRqCzU3jPYMae7SbAvgO7OgFAIXDrvIQBGFD5iP+1IlMNTK3NON5bh/Jo8xs0wOFwwLC+Gjg4iqd8AdletNS2o8S6HQs7avF2qX++vS21Yn8AU4O4TOIytjoiv24wBweeiYiIiIiIKFuwLMAMo9bpMfrlOH51hIFVyjy3zu7C2IW3oddroVKp0t0dipfzNLodgUFNAECRCY0RM0Z70WJpRWmDDW02G7YaO7Frhx3SoHtHJ/CUzYY2qxkGRys6eoEi03ZsNYYJTBY9gkqDA60WedmBctTZpOBmlPmhEntsNjR+bxUqDZ04LrXRexx2QyW+FjQ7p30HdqEBbWIfB5qFEgS9LRa0loivNxhhb96Bw07AaX/N/7qtAaWtHUktWUBERERERETTh8HVGUSt0+OLq7fw9tFPMOlhYJUy052Bf8Htc/+AvDwd1GqeorJPCRbGm4TZexx2GLFSjL6WV5lhcAxgRHrfuFIIzBY9gkpDLA0KJQeEgKa/7mqLPEgaaX4lC1AktrOwBLCL0dXe450wVD6CwMVz4uNuB0xSY75Aci+Od8L/enkVzAYHBkcQpBx1SSpVQERERERERNOPZQFmCI1Oj/POG/i3nrPwcLg1ZbjxS/8Gz8Q1zCt/CS6XG2436wJnj0EMOYHyuEe5d2JXbafsbwOGnMBCAIbSwsS6Ul6HNlud8P9OOxotO3DYuh3r4phf+Uoj0H4JTgDHOw2otAYv2AgGHeG7YG+uhV0+l0tOIeu2pRabaoXX/OUCiIiIiIiIKNswuDoDaHR6/OmLa/jN8c/T3RWimLmuHMXkzfXQfeVheCcm4GGANfMVPYJKQyu6TzuxLmCofi9aao9jZaQMTbGWanDoMqHh8r0t2HR8JdrkEUuxb77M0VjnV74SJkc7Pu6txIChElUhQeNClBiAQcWOGGC2bpfVn5U1W2dDW50wx5ZaMejLsqtERERERERZh8HVHKZSqaDR6dE3NIp3T/wx3d0hisu8ZTuhmbccZ6+48dX5erjGx+FhOYuUePjAgSS1VIR1NUa0Nr+Gw49IwUInDu9oht3YgLpwHytfCZOjGR29JtSVCzVM61tLsNUW9hORla+EqbkZLStlGaG9HWh1GGAuBFAUz/zKsdLowK5mBwxma0gwViod0Hq8F3Xl5WKGbDcqrduFz3X0Yl1due8BWqUNNqw8HvgwrIRKKRAREREREVFGYHA1R0mB1TODTvy/H55Ld3eI4jKvvBHagr/A8YuT+OKWBzfGPXhsYR4mxsbgZVmLpPr0zJnkNlheh7aGFmyy1KJVes3YEJhFGvoh1FnNaLTUYhMAIeNTyHKNlLlaWGqAo9WCRgQ/1KocdbYGtNRK7UltSgHf+OZXvtIIdA6GPqjLt8hWmHdYAob5rysCEPS6wWwVgr3lDSittWBTq396VgUgIiIiIiLKTipviiIV/f39WFBcnLT2XK+ZAAC65+xRpiQA0OrzcLr/Muwf9ae7KznPUl2Bm2deguvKe+nuSk6YV94I7fzVvsCq5MF7NHi4SAvXOAOssQp33uT5lIgoPjyfEhElB8+bRJQKl4aHUVZWlpK2h4aGok7DR3HnIJVWhz9eHGVglbJOuMAqAJy76kb/NTe0en2aekdEREREREREFIhlAXKMSqPF6M07+N37fenuClFcIgVWJacvT2KWTofiOfmYGBub5h7mnmSXBFi+bFlS2yMiIiIiIiLKdAyu5hCVRoNJD3DovV54OGyaskgsgVXJiYsuVJbocHdeHlzj49PUw9yVrIBo0mu3EhEREREREWUBBldzhFqthlqjxf9z9DTGXe50d4eSphrzKn4KHU7hVs/fQQgl/j3uqvwuNOIUnmv/gGunD/mn1QK4/TuMfvALYYKvvoGCeWf8f2eYeAKrkv/vvAvGB/SYrdfDNTGR4h7mvpp/e2pKn2///ttJ6gkRERERERFRdmHN1RygUqmg0enRceKPuHLjdrq7Q0nz97irUgyWysz55nehwSDGu424de1LqO82Y95CAF/9nhCEdZyCZ/ZfCK+hGvPmF8B1KXcCqwDg8QJdAxOY8Kqh0+lS2EMiIiIiIiIiovAYXM0Baq0OJ85ehGNoNN1doaQJzE6Vu/WBEaPdm3Er6PW8vALhf4aG4SsK8dXvQTfxHm5Gf7jdtEs0sCpxeYCjf5qAR62FRqO0poiIiIiIiIiIUotlAbKcWqfHhZGbOHbmfLq7MnXffBSWB2Zh9E89aPlAeOkbqx+HsUi2m05cR+c7Z/ChOC0wifMfnUR7HwAUo+bJxUCv9HeWmzyFWz3DyA8TZJ3zzU7kzR7EuBRonTuKOXMBLCyGCoAva3Ug87JWpxpYlYy5gffOu7CmRA+PZwxe1homIiIiIiIiomnE4GoWU2s0uDPuwm96zqa7K1MWEkQVFeVr/QFV36vFqFkoBGGH5lfg4QcNQJ8D+GYxFo+PwpoLgVX8Atd7AODvkR9milsfGHHrq2+goLIT2i+MuP75b+Cq+CnmGADc/h2uzf0eCibewyj+J+6ufBRqAO4vjLj++bQthKJkBVYl18c8+OTyJJYV6jE5wQdcEREREREREdH0YXA1S6nVaqjUWrzddQqTnqkHqNIpXGAVKMZdeQDGx2WBVQCYgzl64f+cY5MQoo/FqFmow/leR4p7m2E+PwP3fSXQzPt7AL/AzZ5D4hvVmFfxF3AN/AJzFnQC1/4Bt2DGnPn/E3mQHow1/ZIdWJWcu+bGwnka3JWnh5sPuEqKcA+pivzwq1601DbDHvK6AWbrdqwrSqQnThzeYcFgjQ115Yl8Pp5Z2dFoGcBTtjqkelZERERERESUGxhczUIqlQpqrQ4Hu8/g5u3cyNQb/VMPPpoTHGQVg6j6e2Gpvhf+EgC3cGsCmAMxsxXIsazVOIglADwTQQsu1lodHarGvFIAE8D4uFg2IE1SFViV/GHIhb98UA+NRgO325309meayEHUyEwNyQyEFmHddluyGosyKxMap2lWRERERERElBsYXM02KhW0+jwcPnUOF6/cTHdvkuLDrpP4EMA3Vge98c15KADEGqzFqHmyDIu//ii+03cK7UPFsDxQgQJM4vxHt1BTXoDzvQ585y8r8PA8KJQSSB2v1yvWOJ0O1ZhX8VPocAq3ev4OmL8EanwJ15VDgdPIaq16Jn4KDaQHXqXnoWepDqwCgMvtxbHzLlSW6ODxeFh/NROJmaGlxk7YO4WX5IFYp30H6lsdAAwwGQE7atBWV+jPXC2M/PnellrsEl83mK1oNEmpskL2a6sj6DNOOxot3YDBAYfDiK3WUrwtZq6ipRZvwwh0dsIhNIg9200QWpRl6BqNMHUOoiThzFwiIiIiIiLKZup0d4Dio9OooFGrUL54BtzFf3AK1kPSw62G0Xd9EoAOdy3xv2c9dBLtdwlZq+1YhiXz7uCTQ5cxqr8LX/9merufGodwc+AUPAcgExMAACAASURBVNpHMaeyE3Pungv3F0/i5pBsEjFrVXrt1qVTwN0/Faa9Mv0lAaYjsCq5OubB51fc0OrzUjofmopODJRa0WazYasRsLfb4QQApx3/2AqYrTa02WqAznAlPpQ/77TvwK5BM/bYbGizmoFWC1p6hU/0tljQWtKANpsNbQ1G2Jt34LBTas+B0hob2hRKATg6gafE9gyOVnT42muG3Si0t6d0UKEMAhEREREREc0UzFzNImq1Gh73bQyebkPZN/4af/v9FfjVkU/gvH473V1LI1mt1bseFR/+5C8bMB1UKhVSlyP5C1zv/kXgS0N/h2tDylMDAD7fHJifGm36FJrOwKrksytu3DdXg3l6PSZZfzUt7M21gQHHgKxPAyofEf6vfKURGBQmcZ7uhsNYg8YiAChHldkA+4BS60qfd+LjbgcMlc8J8ygy4SljK96+5ATKR3C8EzA1iKHT8iqYDRYMjgAoFNorKQyzIMaVQsC16BFUGqSu9uJ4pwFmq9BekakGptb2ONcQERERERER5QoGV7OIVgt89PutuDp0EsN97+Kx77+B2m9/HcfOnEdP74V0dy/5vvkoLA/M8pUFWHKXFpi4jj55eVF5rdUlExiDHvIHXlH6pCOwKum5INRfVWs08LD+6rSLXHO1BAsVEu9HBmJ9GJ3y5wHA0WrBplbZC8YR3/8GB3wNl5xicDV8e4ZShair8xIGAJTE2FsiIiIiIiLKbQyuZgmtRoXL/YdxdegkAODOjfPobjPhkW//D6xaZsLS+wuxv/MTTExOprmnSfTBKXwyvwIPP1ABywMAcAefHJLXUZVlrQJA3xn0PViBh6tnCTVXP0hLrwnpDawCwITbiz9cdGHVYj0mxsZYfzWK9u+/ne4uoLDUAChmqsZOOajbC8AAs1JNVGfwtDEoWoDShHpHREREREREuYg1V7OAWq2GSuXG58d+EfLe6f/87/j4P+pxz1wdfvLkYyi996409DA5Puw6KauxKvj9f/SItVV7YD10Cr8P+MQw2t85ifY+hemn6WFWFCrdgVWJ87YH56+7odMxjTkbFD1SCUNnu1gLtRcdrbFmsgJAEb5WafDXb0UvWmpr0Wh3AijHSqMDrVLBVKcdjbW1vnqs8Qtsz2lvZ81VIiIiIiKiGYyZq1lAq1Xh9H82YHLiluL7I4NdeO/Nb+Ox/9aG9ZXL8Nn5K3j3xOfT3EuizAmsSk5fnsSir+RBo9HAzfIAij49cybpbYbUXIWYVRqutikAFJnwE3M36i21aIURZnN8maxFpu3YOlCL+lqxLoCxAW0msTZrnRXmHRZsqhXeMpitQoZrIpmrAMrrGmCqbcamTsBgNsOE7sQaIiIiIiIioqyn8qZovGx/fz8WFBcnrT3XayYAgO65mZUjpNUAoxeP4ZPDfx/T9A8+9hM88Ggdbo258Obhj/HlGB/ok2qW6grcPPMSXFfeS3dX0irTAquS0rs0+Pp9WkyM3Ul3V6ZduPNm5p9PnTi8w4LuSisaTWEKomaK3hZsaga22uoQtswsEWW97D2fEhFlFp43iSgVLg0Po6ysLCVtDw1Ff0I4M1czmFqthkrtwdn3mmL+zLn3/xHOgSP4xhP78OO/+gb+81Q/Pj73RQp7SZS5gVUAGLjuhuEeNWbrdJh0udLdHQqntwWbmjv9f8syTzOLEPj1Vy0Q6rkysEpERERERDQzMbiawbRaFT490gjX+I24PnfT+Sm6bWvx6BP78L/++dfx0P2FOPheLzyezAp6UW7I5MCq5INLkzA+oId7cpIPt5JJdkmA5cuWJf7h8jq02eqS15mUKcK67TasS3c3iIiIiIiIKCMwuJqhtBoVrn/xMZz9hxP6vMcziQ/f+WssLK/G0lX/f3t3Hh9Vfe9//DVL9g1CAoQlAUeBiKxFRGvUDF5bFbjWKnQjTaq9WrG9ldTbQm8L9PbCbX8Ge1ultVvSREtlsfbWahdJlKDihghCgBIhYUlgSFgSskxmzvn9MUkISyBAJmcS3s/Hw8cjOXOW98Qwf7zzPZ/zHR6ddT2rXv+I6qPnntsqcil6Q7EKcLzZpOK4n6Gx4fi8zVbHCSmXVYh2EIzZrSIiIiIiIiKhTuVqCLLZbNjsNraVLLzscx0sW0vtvjeZck8RX3SP5+0d+9mwbV83pJQrXW8pVttsPeRjaFwEdocDQw+3Os1v7rq8ebQPvBzVTUlEREREREREehe71QHkbA67yZ73V+BtrO2W8zXVV7Hh2ds5vOdVbhgzjJw7JhIZrl5dLl1vK1YBfCZ8eKgFZ1i41VFEREREREREpI9QuRpibDYb4GPftue7/dwfrfsOW/4+n34xYTx89ydwDe7f7deQvq83Fqtt9p0wqPeaOMPCrI4iIiIiIiIiIn2AytUQY7cb7H7np5iGLyjnP1K5ng3P3k5z3X7u+eQYZtwwKijXkb6pNxerbd492ILd4Wj9Q4aIiIiIiIiIyKXTveEhxG63g9FA1c4/BfU6Pm89G1ffy1VT5jF6Yg6pyVN4tngLJxq8Qb2u9G5x6YsJS7qVt/a39NpiFaDOa7L3uEFqbBi+Fv3Od68y8rOWUXzmZlc2yxeNY8uSXCpnF5KTbkU2ERERERERke6ncjWE2O0GOzfkYZo9U1x9/N7TeCpeY/Ldz/Dgpz/Bq5s/ZsvHh3rk2tK7tBWrb+xvwdOLi9U22z0+RiREYPPZME3T6jghqbOHVHXl4VfuBecuUKcvKrzcWCIiIiIiIiIhReVqiLDb7fi9xzlU/rcevW6dZxulhbcx8a5f8C+TJpI+PInVpWUYRu8v0KR7tBWrG/a1cKShb/xe+AzYc8xPalwYfq1ePaeulKgXx8O6tpWrScUszq0gLbOE4pLAqx0LWU/xEuYXlLce5yI7bxHTk1uPT82kuKT1oMwFFLW3uB1XzWaysDCH9MDJWJxbQPmZ20VERERERES6gWauhgi73WDXmz8Gen4VnWH42PTSg+x4YxlDB8Tx6MzrGdw/psdzSOjpi8Vqm921fhwOB2j2qkVKqEjLo6iwkIWZULyqGA9AWT7zC1JZWFjY+lo5BS+VtR9VXJnG8sJCihZkQskq1nkgUNwugwWBY5ZnV7I0vwwoIz+3gLQFbecqYemS1uuIiIiIiIiIdAOtXA0BDoeDlkYPnorXLM1xsGwttfveZMo9RXzRPZ63d+xnw7Z9lmYS6/TlYhWg0WdyoM5PSrQTX0uL1XH6lOJlWR3mrna2WtRFxrhkANKnZUJl6+b0HIo6TA9ISnNBRYejMsaRHDgId9tBnq2Ulmcyp/Uiye5FFAGU5VNMJgtbt6fPyMaVW8ERCJxDRERERERE5DKpXA0BDrvBtjeXWR0DgKb6KjY8ezvXuZdxw5h/YdTQAfz+tY9o8vqsjiY9qK8Xq2121vgZFh+ucrWbdTZz9XSpDDlnwxm4/b99KgBA5qkv01LOcdCRCsrP3tqqhKVZJR2+d3HQA+lqV0VERERERKQbqFy1mMPhoLF+P7X7N1od5TQfFS8gafcrXHf7j3n47k/w57d2UV591OpY0gPixy7DmTitzxerAPVeE89Jg/4RYfhVsIYET/EKCshmeaGbZFrnr1Zc4KCkNFx0spMrm+WL3FqpKiIiIiIiIkGhctViDofJ7rd/anWMczpSuZ4Nz97OlH/9Hfd8cgy7DtTw5427rI4lQXQlFattyo74yUi9ssvVB16OsjpCJ8p4qaD8tJWr55ScQhoFbCzLIT29tZAtzWD5omm4y5fxUpmbnLbtBal6qJWIiIiIiIh0G5WrFrLb7Rj+Fmr2vWF1lE75vPVsXP1Zrpoyj1ETc3hkxhSeLd7CiQY9Yb2vuRKLVYCjTQYnmk1inU58vitv/MW27dutjnCaZPds3AXLmJ9VAGSycEEmxauq8JB0nqPSycnLZnFuFnMhcFzrytfTt7vIzlOxKiIiIiIiIt3HZppmUB5Pv2fPHlIGD+6287WscAMQ9kjxBfbsPZwOqNxSwN7Nv7E6SpfEJY9l8t3PYHdE8urmj9ny8SGrI4WE3M/eSN3279FSs8HqKJfsSi1W2wyOtTN1SBjepkaro3Srzj43++LnqYhIMOnzVESke+hzU0SCoaq6mpEjRwbl3AcPHrzgPvagXFm6xBEWwcGdf7Q6RpfVebZRWngbx6rf518mXcXnbr0Ou12/Qr3dlV6sAlTXGzT7TBxOLeYXERERERERka5Tk2ARp9NJ7b438TbWWh3lohiGjw/+8hApo/6VMRnf5dGZ17Nq/UdUHz1pdTS5BPHX/Q/O/jfwxhVcrLYpq/EzcaAT/xU0GqC7RwKMvfbabj2fiIiIiIiISKhTuWoRm81P5Ue/tzrGJava9Sdq9r/F9Z95li+6x/P2jv1s2LbP6lhyEeLHLsPZ/4YresVqR/uO+5kwyBmYhWxcOT+P7ipEQ212q4iIiIiIiEhPULlqAbvdjuFr5OjBd6yOclm8DYd547k7GJv5X9ww5k5GDUvi9yVbafJeOSv/eiuNAjibCew/4WdojBPDuLIe2PbmcxmXdfxNXyztpiQiIiIiIiIivYsGZlrAZvNTseV3VsfoNttKvsfmV75Ov2gnD9/9CUYNTbQ6kpyHitXOVRz343A6rI4hIiIiIiIiIr2EylULOMMiqdr5J6tjdKvaA29R+ux0mk5UMHPaaGbdONrqSHIOKlbPr7bRpMUPdocKVhERERERERG5MJWrPczpdODZW0xL8wmro3Q7n/ckb6+5n4/ff4ZrhiQyb+b19IuNtDqWtFKx2jV7j/mwOTQxRUREREREREQuTA1CD7PbYd9Hf7A6RlDt/eBXePa+xpRZv+Urn5rEax/uYdPuaqtjXdFUrHZdxQmDUQOc+K0O0iuVkZ+1DBYUkpN+aquneAnzK2ZT1HGjpQI5i8/c7Mpm+SI3yVZEEhERERERkV5J5WoPstvt+JpPcPzQZqujBN3Jo/+ktCiTCZ9+iswJUxg9LInV67fju4Kewh4qVKxenJNekzqvSaTDgd9/5VasnT2k6nIffhVK3KeVwB7WLcnl6eJxLHarXhUREREREZGuUbnag2z42Ld9ldUxeoxh+Pjg5YdJGfWvjMn4LvNmXc/q0u0crKmzOtoVQ8Xqpak45mdMogOu4HI1aCVqWT5zV6W1rxA9tao1iXVLcqnMyKaioIBywJWdx5yKXJaWAGSysDCHQBd6xsrTzAWBVbGeYhbnVpCWWUJxSeAl9xmraDuXzPgMFwUVR6B17WpZflbrtQNZ2kvXsnzmLitpu3iHXIGCtqD8jGt3+p7TKcvP4vlKF+Xl5e3X8BQvYX7rSTpet7M8Hbe3/yxERERERESkR2jmag+y2UyO7HvD6hg9rmrXn3hj5Qz83mN8/rbruHVcmtWRrggqVi/dvjoDp9OBzWazOsoVp7gU5hUWUrQgk/KCXJ5Py6OoMI9sVwnPF3sIFJjLqMjOo6iwkKK8bFwlq1jnaTtDCRVpgdcWZkLxqmI857neKR62lJbjSksKfFe8hKWV2SxvvQYFueSXAZSRv6yS7LxCigoLWZ5d2ZoLyvJzKaD1mAWZFC9b0iFX58rJYHlhYaAsLctnfmng+6LCBaQVrGCd5zx5yvJPbS/MI7tyVZeuKSIiIiIiIt1DK1d7iM1mw2azU1+z0+oolvA2HOaN5+7g2tt+wJRRd3H10ER+X7yVRq/P6mh9korVy9PsM6ltNIl3OvD59Dt6sYqXZZ09zzSza8e6MsYF1o0mpeEikzmtqzOHpLbtkcz0RYVMb/82hdP/XOMiY1zgmPRpmVB5ETkzF1DkTqa9aM14JJAl2c2czAKer/LAGYtCk92LWAyAh4OV4J7dOrM1fQbZrlxKt3qYnnKBN52a0j7ntWxjCa6MvNbv08kpXAR4WNdZntPOncz0RYsucDERERERERHpTipXe4jD4cBTcVbdcMXZ/tr3qf7nK0z41JM8fPcU/vLOLnYdqLU6Vp+iYrV77DnmY8IgJ6hcvWhn3oofuA2+a8empXRh3ulpt+UDuMhu/zqVIV0cmdqe01PM4txSMmac3pyWF+Qyt6DDhswjQDo5eRkszs2iADo8BOsIleUdj07uUAifX9tq2baClk4W958zjzuH5RlLmJ8VeOG08QUiIiIiIiISdCpXe4hpNOHZ+5rVMUJC7YG3KH12Op+Y+VtmThtNedVRXnxzh9Wx+oRQKFZdw8MZFw1HDnvZcDSwbfKICFIjWnfwG2zd3RKYqTk8nHHRNsCgcmcLmwBwMn20jaPt31ujut5g8mAbfpsN0zQtTNK3Hakov/BOpykjf1lJhwK3jPysy5xlnexmXnYp83PzGdI+P/U881qT3SwudAOtxXF+CkU5SaS6Oi6U7bwo7fw9n7+Q7SxPsnsRRe7ANdctySU/patzZkVERERERORyaeZqD3GGx1C7/02rY4QMn/ckb6+dw8fvP4MrpT/zZl5Pv9hIq2P1anFjl1perE4eEdFalnYwOIzUCKg73syLhw1aHHbGDHcATkZEw5HDPo747aQMdwDgGm4nssGwtFgFaDHgZIuJ3d73PyZv+mLpZf130cpL2eIBKGNjyYV2Pj9P8aqzRxBcgmT3Ix3mugYebnVqXmsZ+VlZLC72BFa5ZuVT1uHYwMrTQDHafkzZSxSUnxpR0NX3nJTmorx062nXzS/rPI+neAlz809LQ2rSOU4sIiIiIiIiQaGVqz3A4XBQX7MTv6/J6ighZ+8Hv8Kz9zWmzPotX/nUJF77cA+bdldbHavXiRu7lLDEGy0vVttXp3ZU3cKLbf9L+3fY3t9GJNCMnwafkwQgULiaVO30Bzlt11SfNEiLc4A/NPIEw7bt23v2guk5LMzMYmluFgVkkp3tgi6ODGg9ATOyXcxvnZfqyl5AtmsZlUeAyyoVk5k+O5OCZStYN24R092LWFiR1X67/al5rG7mZS9hflZWYLsrm+WLWiek5uSRvSS3/Rj3gkKmJwPJXX/PyWdc15Wdx+J0IL2zPI+QvSSXue1x8lisqQAiIiIiIiI9xmYG6X7XPXv2kDJ4cLedr2VF4BbMsEd639xSp9PG3g+eoXJLkdVRQpbd7mT8p/6XxKE3UFVbx6rXt+Mzese80NzP3kjd9u/RUrPBkuuHQrEKMHlEONHHvTQkRJAaYZ42FgCAwWHck2Cn7ngz66ohcPu/nebDfhjgJKHZxw4cjMHPX/aFRpk5OMbO1KFheJsarY5ySTr73OzNn6ciIlbQ56mISPfQ56aIBENVdTUjR44MyrkPHjx4wX36/v2uIcDucFJT+YbVMUKaYfjY/Mo8ytb/F4P7xzBv1vUMGRBndayQFyrFKsCmvWeUqWeqbuHFnX5IiOCeEU7Ax94GSBroJMlhULXPFli1ug9uvjqCe0a37WcdT4OBDbDZbBfcV0RERERERESuPBoLEGR2ux1/SwMnj31sdZReoWrXn6jZ/xZTP/Msn7/tOt7bdZDXt17UPcNXjFAqVrvOx9FmB3ERNiYDm/Z5aXu0j2t4OCkNfjYNtnMPBlsPw5iBdm7uz/lL2yDym1DnNYmy2/H3wdEA3T0SYOy113br+URERERERERCncrVILM7HBwuv8wntlxhvA2H2fDcHVx762KmjJrBNUMTea54K41en9XRQkbvLFYBHEQ7AT8cP237qVmrruEOwISjJk0DrV8xeuikwYj4vjt3tbsK0R6f3SoiIiIiIiISAjQWINhML7X737Q6Ra+0/fXFbH7l68RFOXn47imMHq5HYEPvK1Zdw8O5Z3Q4N/cH+ttJcEBLs9G+YjWwj53IBoNNQHlL6xjo1gdeWc3TYOBwOKyOISIiIiIiIiIhSCtXg8wZFkVdzU6rY/RatQfeYsOz05k84zfMmHoN1w5P4o9v7rA6lmXaitXSyhZqGkO/WAUo3+cn5WonSQMjuAeg2c+Lpz2w6tSqVQCqDY5c7WTcwMC+Vo0EaHOkw9zVID3/z3JPv7z5so6fd9fEbkoiIiIiIiIi0ruoXA0im82GYfhpPLHf6ii9ms97knde+Bxp47+Ma+qjzJt5Pc+VbOVYfZPV0XpUbylWN+1tZtNpW/xs2H2+W+p9rDvt7w8X2r9nGSac8JpE99G5qyIiIiIiIiJy6TQWIIjsdjsNR/Ugq+5SseV3bFwzByfNfOVTk5h89WCrI/WY3lKs9lXV9QZ2jQYQERERERERkTOoXA0im93OsUMfWh2jT2k49jHrCzM5emAjmRNG8iX3eJz2vv1rrGLVep4GA5td5aqIiIiIiIiInK5vt1IWM41m6jzbrA1xyxrcD77HDbec2jTs7hLcD77X+t8a0s/Y1/1gCZPGtm38PJPmdvw+FBhsfuVRtpX8JwP7RTFv1vUMS4qzOlRQqFgNDceaDOyBwatWR+kFysjPymJu+3/5lHXpsHzmLinG020x8tsz5J8nQFl+J/u0HX++g8/Jw7ol57/m2YcUs7jt59TxaxEREREREQl5mrkaRA5nBHU1uyy7/rC7SxiVckbpOPYZRqbE0VKVR+lfRnHDgzNJuW8RZWt2MSltBCd3TeHEwPdISV8E25bALZ+lf+NrFFvcEZ/LofK/UnvgHaZ+5jnm3HodW/Yc4h+b+s4YBhWrocNnQIsf7DYbRh99qNWZOntI1fkfflVGftYyKrLzKHInA+ApXsL8rHwWFuac+kNO0JWRv6yS7LxCplPM4tx8ys5zfZfLRfHGMnLST+1RtrEEl8tFec8EPiXZzeLCnr6oiIiIiIiIXCqVq0Fis9mw2ezU1/7Tkuufs1gF2PYQpe1F6aIOL4wiPCLwVV1jHSlRAJ9nUtoAjm5aEtSsl6OlqZY3Vt5J+i3fZ/yoWVw1uD9Fr35Ig9dndbTLomI19NS3GMTar5yVq+cvUTvhqaICFxnjkts3Jbtn4y5YxsayHNLTCawIXVbS/rp7QSE5Z7WeHtYtyaWg/Ox9yvKzWNp2eOYCis4++OJlZOAu2EhZTnprAVvGxpJMMrIrKa84dyZc2Sxf5Ca5dXspLsrLy3EvyCO147nL8pm7rJLsvEVMTz7X+yojP7eAcmBpFizMS+P53ArmFOaQXpbP3FXgpoTicgBX63nOyOPKxE0JzD7Xz1JERERERESCSWMBgsRmt9NUdxCwbpXbyV1T2FVVd+4Xxz5DxoMzCa/Ko3jNEmAX3ubAS3FRraVs66rVD0Jw1eqZytb/gE0vPUR0uI2HZkxhzPAkqyNdMhWroamu2cTWx+f7XrbkcWS4yinI7XhbfDo5ha2ln6eYxa0rSosKC1me7aJ41dmjAMrycylIXUBRYSFFCzIpXraEdR6gLJ+lldksLyykqDCP7MpVge1nSWdGNhSsWMLi3ALSFlxo1WwKqa4SNrZlLttIceY0xneWqXAB7vICXupw73556myKCs8oN8vymbsqjeWFgUL03O8rnZy8bFxknnt1b3mgNC0qzCPbVU5B60U9xSsooPVnMZvW8lVERERERER6mpqCILHbbBw/vMWy6+//SyZvrz/PDtseovTXedQn5uKe+wzDWMkHFXuJGfUeKf3qOFq2K7BqtWwJ6fe1zmed+wzDeuwdXLxj1e+zviiThqO7uXvqNXzmk71vCZeK1dBV5zUxuHJWrl6aZKYvaisOs86eeZrsZnFh28pLSE5JPcc5ythYAu5prf9+02eQ7Sqn8si5rnXqXKfzsKW0HMrLKc9c0IXVnEmMzwiMBoDASID267dKzynssEo2iVTX6WdwpZ3xB52qYhYvg4WL3CRf1Ps6UyaBQ5IZn9F20cD7c89uPXf6DLJdnZ5AREREREREgkhjAYLGz4nDH1kd4gJW4qn9N/qnjCJ5LOxffx/FbYXsLWtwN75GMc+Q0W8vVb/eSvyDMxl6C+w/X2lrMcPXxDsvfJ608V/GNfVRHp01lZUlW6mpa7Q62gWpWA1tdV4Tm01/j+qS9ByKCnMCX3uKWZy7hHV5bas3O9zWD+DKPucpipdlUdxxtyoPuHNYnrGE+VkFrYfmsdh9ZrsauF2+cnYhRemBGbCL0/KYU5HL82nn2j8geVwGrtIqPMDGEhepM4CqjqctZnHr7ftt3B2+Tks5/bzFpZCdWXJqHML53tf5Ftq70s7x8hEqtVJVREREREQkJKhcDRKbDUsfZtVVgREAe2k67db/DrNWB6whDGgbGxBuRchLULHld3gqS5kyK5/sOyayfmsF7+46aHWsTsWNf5KwhIkqVkNYvdfE6bDjtzpIKCvLZ+7GaafPQU0eR4arILBC80g+S0s63P7eOlP0bB1ni54u2b2IIje0laj5KWfciu/ZSml5JnPSAQK33C/OzWUpmSwsPHex2p6TFWwpTqXYlcHy03b1sG5FAbQ/qKu1wD3Pj8I92830JM54mFYn7+ucow3OJ7By9nzXFxERERERkZ6hcjVIHM5IGk/sszrG2W5Zg3vUCE7umsLb6xcR3w84tpWy0/YJzFot3gaMraGFAXR84FVv0XDsY9YXZjLx0z/hlnE3MWZ4Eitf/wifL7TKy/iJv8ARO4rXK5o52mR1GulMvdfERuBhdaZp3SzlYJh318TuOVH6NNzLlpE/rUPhWfYSBeUuspOA026B97BuVQlw5srVdKZllrP0pTKm56S3rxhNW1DIjKolzK+Y3aG8dZF65rLO1jK3fcVocgppQDmVHPRAeqf9ajJDUstZWlCOKzuPQIXaibKXKCg/feXquU/pZk5mFs8Xz2Cxu/P3lXPRI6IDIwIKVhUzY5Gb5K7mERERERERkW6ncjUYbIG5jN7GGouDnMP6+6ga+B4po97DPQpofp9da5Z02KHDqlWAbQ9xJP09Uh4cEdg3hEcCnJvB5r9+g0GuT3PtbT/g0ZlTWVO6jf1HOnnQVw9rK1bXV3pVrPYCTb7APOW+VK5u2769G8+WTk7hAvKzspjbvq3Das3kGWS7clmaVRLYviAb17IKjgAdIA27MAAAFl5JREFUO8/0nDyyl+QyN6v1DNl5gbI2/ZGzti8+qyxNZvqi0zO4FxRSRD5zVxQzvn0G6jnST8uEkkoyxp25RzLTZ2dSsCyXuQVA5gIWZpbwfJWHCzwpi/ScBaRlrWDduEVM7+x9kUIaBSzNgoV5aec/YVsi9yNkl+YGRiRkZpOtlawiIiIiIiKWsJlBagn27NlDyuDB3Xa+lhWBNTlhjxRfYE/r2Ww2HHYf6wtvszqKdBAWmcjUzzxHREwyW/ce5u/vd8/QwtzP3kjd9u/RUrPhoo5Tsdr73Dw8jIQwP36fz+ooXdLZ52Zv+jyVLvAUszi3lIxORimIyOXT56mISPfQ56aIBENVdTUjR44MyrkPHrzwiEmtXA0Cm82Gr/mE1THkDC1Ntbyx8k7GZHyXcaM/w8hB/Sh69UMavD1flKlY7Z2ON5v0D7dp7qpY7swHg7kXFKpYFRERERERsYDK1SCw2Wx4m2qtjiGd2FH631T/869MvPMpHpoxhVfe3c2OfUcufGA3UbHae9V7TQzsVscQIT2nkKIcq1OIiIiIiIiIWoIgsNlsNJ+86Mc/Sw86Vv0+64syOVmzk7unXsO9N19gcGI3UbHauzX5zPaZyiIiIiIiIiIiKleDwWajse6A1SnkAgxfE++++CXK3/kZIwcl8Ois6xkQFxW066lY7f18hrpVERERERERETlF5WowmD68jTVWp5AuqtjyOzaumYPDbCb7jolcP2pIt19DxWrf4DNMbGpXRURERERERKSVytUgME0/3kbNXO1NGo59zPrCTGoqS7llXBpZt4/H6eyefx4qVvsOnwF2dasiIiIiIiIi0krlahDYbDatXO2VDD78+2NsK/lPkuKjeHTmVIYlxV3WGVWs9i0+w0TdqoiIiIiIiIi0UbkaBHabA2+DVq72VofK/8obK+/Ee7KaObdex6emXH1J51Gx2vf4DKsTiIiIiIiIiEgoUbkaBHZnhMYC9HLehhreen4mlVuf47q0ZB666xNEhzu7fLyK1b6ppa1c1dxVEREREREREUHlatD4fY1WR5BusPvtJ3n/zw8QHQ4PzZjCmOFJFzxGxWrfZphoNICIiIiIiIiIACpXg0ZPFO87jh/6kPVFt1Ffs4O7p17DZ2++ttN9Vaz2fX7T6gQiIiIiIiIiEipUrgaLTT/avsTweXnvxbns2pjHiIHxPDrrepITok/bp61YLd3XomK1D/Mbpv54IiIiIiIiIiKAytWgselH2yft/2glG1d/FrvRyNzp47nx2mEARF/19fZitbZRSxv7Mr8eaiUiIiIiIiIirbr+hB65OFrZ1mc1nKiktCiT8Xcs56b0WwBwRA5kz3GD/lEO+kdZHFCCymG3YTP071tEREREREREVK4GjW4b7lsSh02j36BJxCWNITphBOHRA3A4Ik7bZ2SCHaO5GdPQytW+zG634ccOfr/VUURERERERETEYipXg0UzV3ud8OgBDBg6jfiB44lJvJro+OGERcRjszvBNPE2+jl5xOTAJji8w4dnVz2znojjT7texMBg5jUzcYaHc3z9ej5+8klMn8/qtyRBMHbFChyDB1sdQ0RERERERERCgMrVIDBNE5vK1ZAVl5RO4pDriUu+lph+I4mIGYQzLAZsNgy/gfekn+MH4eB7BtXbmtn3Xj31nrMHbX75+X4cPnmY327+LQCFmwt5YPID3JlxJ5MzMjj62mvsfeopDK+3p9+iBJEjJgZMrU4WEREREREREZWrQWKiZ4VZy+6MJHHo1MCt/ANGEZWQSlhkIg5nOGDD3+Kn6bjB0T1w5J9+Dm45yb5NXnxNXTv/bfNjiE6Ch1+c377NwOBXm37Fbzb/hocmP8Qdt93BpNtupeYfr1L5859jaCVrn+CIjMSnclVEREREREREULkaFDb0PKueEhmbwoBh04gfOI6Y/i4i44biDI/Fbndimia+Zj8NNSZVm+HwTh8HPqijqswHl/HE9yETnFw7I5xlbyzjhPfEWa8bhsHP3/s5v9r0Kx6e8jC333E7ibffTs3f/kbFL34Bhh4335vZIyOhpcXqGCIiIiIiIiISAlSuBoGJqZmr3cpOwuDxJKZ8grikdKL7jSA8KhlneDRgwzRMvA1+6g6ZVH1gBm7lf7+e4we6v8S0O2HWj+N4+8A7bNy/8bz7+gwfT73zFL9875c8cv0j3Hbnpxlwxx0cefllKn/9a5WsvZHNhs3hwNSoBxERERERERFB5WpwmCY2jQW4aM7wWBKH3Ui/QROITbyGyPhhhEcmYneEAWD4DJrq/BytMKnZbVL9UQMV77bgre+5kvKzT8XTTBNLN/x3l4/xGl5+8vZPWPH+Cr4x9RtkzJxB0l134vnzS+zLz1fJ2os44+OtjiAiIiIiIiIiIUTlahCYhg9neKzVMUJWdL8RJA6dRkLyWKL6jSQqNgVnRBw2mx3TNDFaDBpqDQ59ZMOz08eBD5s4+GELht/a3JM/F0XyaCeP/OXrl3S81+fliTef4CnnU/z7tH/npnvuIXnmDA6tfYEDRUXdnFaCwRETg+m3+BdRREREREREREKGytUg8PuaiYgZSF3NDqujWMZud5IweDL9Uz5BXNIYohKGExGVjN0Zic1mwzRNWhr91B822bsFDpU1s39TCzUfh+ZDn/oNtzPt3yL51aZfcqDuwGWdq8nXxI82/IhoZzTfnPZNbpgzm0H3fobqVas5uHJlNyWWYHBER2PqwWQiIiIiIiIi0krlahAYpklEzECrY/SI8OgBJA65gYRBE4jp7yI6fhjOiIT2W/lNw6S53s/xAyZ7dhtUb2ug8t0WGmp7163w961IYHdNOS/teqnbztnga2DphqXEhsfy2LTHmPKFLzDo/vuoXvkHqlav7rbrSPdxxsZi+P16Yp2IiIiIiIiIACpXg8Jmd/a5cjVuwBj6D5lC/MDriI5PIzJuMM6wmPYHd/m9fhqPGxwqA88uP1Vbm9n/gRdfk8XBu8FdS2OxR/n59sv/EZTz13vr+a/1/0V8eDzzb5rPpKwsBs+ZQ9Xvf0/1Cy8E5ZpyaRzR0ahWFREREREREZE2KleDwG6PICI62eoYF83ujCRxyPX0GzyRuAFjiIofRljUABzOCGitlFqafDQcMancDod3Bm7lP1TWd2+THjU9ghHTwlhYvBCfEdz3ecJ7gsWvLaZfZD++deO3GJeTw+AvfJ4Dv83H8/LLQb22dI0jJgbT6hAiIiIiIiIiEjJUrgaBaZpExQ+zOkanImNTSBx6AwmDxhHdz0VU3BDCIuKx2QO/DqZh4G0wOFFlUlNuUl3WQOXbLdQd6l238l+uqH52bl8Yw4s7/8g2z7Yeu+6xpmP8Z8l/MiB6AN+a9i2ufeRrDPlyFgd/m4/nb3/rsRxyNkd0tEYCiIiIiIiIiEg7latBYJomkbGDLU5hJ2HQuMADpZLTiY4fQURMMo6waGytt/IbPoOmE348O01qyn0c3NrEvndb8DZobR7AfSviOHzyMPmb8y25fk1DDQuKFzAwZiCP3/Q4o7/+dYZ+JYf9z/ySI8XFlmS60jliYsDhAL/f6igiIiIiIiIiEgJUrgaBaZqERw3okWs5w2NJHHoD/QZPJDbxGiLjhhEelYjdEd6exe81aKg1OLADDu/ysn9zC9VbWzDUD3Xq1m/GEDvIxrz/y7U6CodPHubxfzxOSmwK37rpW1wzfz5DHnyA/c/8ktrXX7c63hXFERsLdrvKVREREREREREBVK4GhWma2B3hOMJi8Lec7JZzRvcbQeKQqYEHSvUbSVRsCs6IOGw2R/s1Wxr91B0yqSw3ObyjgX3vt1C7VyXQxRoywcnYWeHkbczjeNNxq+O0q6qvIvfvuQyNG8rjNz3OVY8/zrCvPsi+FT/n6JtvWh3vihA1dCimqZXdIiIiIiIiIhKgcjVITMNHRMxAGo7t6fIxdruThMGT6Z8ymbikMUTFDyciOhm7Mwpb65xH02/QVOenphxqyn1UfdRE5bstNB67suahBovdCbN+HMe7B95lfcV6q+Oc04G6A3zzb99keMJw/uOm/8C1cCHNtbXse/ppjr39ttXx+rTIkSMxDf1bExEREREREZEAlatBYviaieykXA2P7E/isBtJGDSemP5XExk3hPCo/tjtYYEdTPC1+Gk8ZnBgJxzZ3cyBD1s4uLkFn7eH38gV5t6fxdNMEz/c8EOro1zQvuP7+PorX+fq/lfz2LTHuPp736O55giVP/0Zx99/3+p4fY49IoLwxESaGhutjiIiIiIiIiIiIULlapAYhkHikKnEJl5D/MCxRMWnERU7GEd4TPut/JjQ0uSj3mNwsAIObW9k/wctHN7pszb8FWry56IYONrBIy9/3eooF2X30d3Me2UeYwaM4d9v+HeuWbKEZs9h9j6RR922bVbH6zOir7oKo6nJ6hgiIiIiIiIiEkJUrgaJIzyK1AlfBsA0DLwnDWo+Njha4ad6WxMV77RQf1i3F4eKfsPt3PhvURRsKeBA3QGr41ySHTU7+NrLX2Ns8li+Oe2bjP7Rj2iqrmbvE09Qv2OH1fF6vagRI/D7/YEHWomIiIiIiIiIoHI1aAy/iWenjzWPnLA6inTBfSsS2F1bzgtlL1gd5bJt82zjq3/+KhMGT+AbU7/BmCeeoPHgAfb++P9xcvduq+P1WtFXX40tIgJaWqyOIiIiIiIiIiIhQkuwgsQwDPoNd1gdQ7rgzh/GYo/y8x/rHrc6Srf6sPpDHvi/B1j8+mIa+keS/pOfcO3PVxB91VVWR+uVYkePxtDDrERERERERESkA5WrQWIYBhGxNmKS9SMOZaOmRzDypjC+/9r38Bl9c9btpqpN5Pwphx+W/pDm5Diu/elPufapp4hKTbU6Wq8SOWwYpspVEREREREREelAzV8QeRsMBo3R5IVQFdXPzu0LY3h598ts8/T9Bz+9c+Advvzil1n2xjK8g/sxdsUK0v/3f4kcOtTqaCEvYvBgsNsxTdPqKCIiIiIiIiISQlSuBpHNYTBQ5WrIum9FPJ6THp55/xmro/Sot/a9RdaLWTzx1hP4hyVz3TPPkP7kk0SkpFgdLWRFjRyJv6nJ6hgiIiIiIiIiEmJUrgaT3WToeJWroeiTD0cTOwhy1823Oopl1les50t//BJPbnwSI3Uw4371K8Y88f8IHzjQ6mghJ3rkSLRmVURERERERETOpHI1iAy/n6RrVK6GmiETnEyYHcHyt5dzvOm41XEsV7K3hC/+8Ys89c5T2K5KZfxvfsOo/1lG+IABVkcLGdHXXANhYVbHEBEREREREZEQo3I1iEzTxBEG/Ybrxxwq7E6Y9eM43q/axPqK9VbHCSl///jvfP6Fz/Pz935B2OirGVdQwOilS3H262d1NMtFu1x6mJWIiIiIiIiInEWtX5B5GzV3NZTc+9M4mmniB+uXWB0lZL1S/gpz1s4h/8N8wq4dxYSiIq5ZsgRnfLzV0Sxhj4ggPDERQ+WqiIiIiIiIiJxB5WqQOZwGg1SuhoTx90YycIyT3H9cuXNWL8aLO15k9prZPPfRc0RNHMeE557jmkWLcMbGWh2tR8Wmp2PoYVYiIiIiIiIicg4qV4PMtBmk6KFWlus33E7Go9EUbinkQN0Bq+P0Kqu2reK+1ffxh21/IGryBCauXInru9/FHh1tdbQeET9pEobNZnUMEREREREREQlBKleDzDAMkl1OwmNUzljpvhUJfHx0D2vL1lodpdda+dFK7lt9H6vL1hB3wxQmP/88ru98B3tkpNXRgqrftGkqV0VERERERETknFSuBplpmvi8Jmk36EnjVrnzB7HYo/x869Vcq6P0CUVbirhv1f38ceeLxN54A5NWr+Kqb30Le0SE1dG6nTMhgYghQzD8fqujiIiIiIiIiEgIUrnaA0z8jPxkuNUxrkhX3RzOyJvD+P5r38Nn+KyO02cYGORvzuf+1ffzl90vE3/LzUxavZqRjz2GPbzv/K4nTJ6Mv6HB6hgiIiIiIiIiEqJUrvYAEz8jbwrHpp92j4pMgE8tjuXvH/+dbZ5tVsfpkwwMfvn+L7lvzX389eO/0S/zNiatWU3ao49id/b+WcMJU6ZghmnVuYiIiIiIiIicm+q+HmAYBnYnDJuskqYn3beiH7WNNTz97tNWR+nzDMPg5+/9nPvX3M+re4sZ8Kl/YeLataR97Wtg770fMwnXX49pmlbHEBEREREREZEQ1Xtbj17G16LRAD3pkw9HEzcYHnv1m1ZHuaL4DB8/e+dnzF49h9f3rWfAXXcy+YUXSP3qV3tdyRozahT28HAMw7A6ioiIiIiIiIiEqN7VdvRmDj9XZ2rlak8YlO5kwuwIlr+9nONNx62Oc0XyGl6e3Pgks9fOZsPBN0meNYtJa9cyPCen15Ssibfcgr+lxeoYIiIiIiIiIhLCekfL0QcYfj+RcXaSRzusjtKn2Z3wr8vj+KBqM+sr1lsd54rn9Xl54s0nmLN2Dm8fepeBn72XyWvXMvRLX7I62gUNcLsxekkRLCIiIiIiIiLW6P1PnOlFWpr9XPXJcDw7G62OcpbxT/YjYyIceOoYL64NbHP/LpH01NYd6lsonVnHFoBvJzDv0w7A6LB/BPf8OQoKTh1vhc/8JI4WWxOL1y+yLoScpcnXxP9s+B+indE8duNjTP3cHAbdey/Vq1dzcOVKq+OdJWbUKBzR0fi0clVEREREREREzkPLsnqQzeHn6ttCb+6q+3eJZEw841fh2wmkp8LRv9by9FMtNMeGMfXJCCCCe252cPSvtZRV2hk6K6Z1/0iG1rZYWqyOvzeSQdc6yX11vnUh5LwafA38d+l/88UXvsimI1tI+cIXmLR2LSn33291tNNoJICIiIiIiIiIdIXK1R7k9/tJGGYnPiV0fuynrU7t6EfHeTqzlt//6MwXnETHBr46Utv2oJ8I7rnZxoH/Oxm8oBcQn2In49FoCrcUcqDugGU5pGvqvfX8YP0PmPvHuWw5up0hWVlMWrOaQffcY3U0QCMBRERERERERKRr1B70sJYGk5GfDKXVqwYHnqqlrLKTl7+dwLxHw2j4ay2/fqwZ8NFQH3gpKbH11ycEVq3e/4sE9hyrYG2ZhSHkop3wnmDRa4v4yp+/wvYTuxn2wANMXLOa5LvusixT20gAwzAuvLOIiIiIiIiIXNFUrvYwW5iPcfdEWB2jXfGXLzAj9UfHeTqzGT6dyLzfxQDNvLjBT/9PJ5KeanDg/3ztq1bdv0tkXkki8/4cx/ieegPAp5fE4Ij28+11j/fgVaU71TTU8N3i7/LVl77Krro9pD7yNSY8/weS3O4ez5J0xx0aCSAiIiIiIiIiXaJytYf5/X7iBjlIGdebniV2kupKINWJG9pHBjydeYwXr25dtUocV6X6Kcts5mhsGNd9u2eSXXVzOFdlhPP9179Hk6+pZy4qQXP45GG+s+47PPzSw3zcdIAR8+cz8Q8rSbz11h65vj0igqTbb8dvs/XI9URERERERESkd1O5agGfz8fE2VFWx7gIEcQnAvUGR87Y3j5r9Wo7gfW4p8YGBFt4NHxqcSyv7nmVbZ5tPXNR6RFV9VU8/o/H+dpfvsZe7yGuevxxxj/3HP1vuimo10287Tb8zc2YphnU64iIiIiIiIhI3/D/AXtHYoO+iUIxAAAAAElFTkSuQmCC" height="600" width="800" />
<img src="data:image/png;base64, iVBORw0KGgoAAAANSUhEUgAABVcAAAJXCAYAAACXAGQHAAAAAXNSR0IArs4c6QAAIABJREFUeJzs3XeQXed55/nve8LNt2/37YyOQCNnAiBIgkFMEkmRSp6V7Z2VvfbWVm251qr1Fv/0uqamamprw3hnZmvsCeWqVVkzli3LEiVKJkVSEkmRBBGIDDRy6gY6h5vDOed99497u9FANwIpCiDk51PVbPbtE95z7u1/fnjO8yhjjEEIIYQQQgghhBBCCCHEvJdffvm221h3YR1CCCGEEEIIIYQQQgjxG0fCVSGEEEIIIYQQQgghhPgEJFwVQgghhBBCCCGEEEKIT0DCVSGEEEIIIYQQQgghhPgEJFwVQgghhBBCCCGEEEKIT0DCVSGEEEIIIYQQQgghhPgEJFwVQgghhBBCCCGEEEKIT0DCVSGEEEIIIYQQQgghhPgEJFwVQgghhBBCCCGEEEKIT0DCVSGEEEIIIYQQQgghhPgEJFwVQgghhBBCCCGEEEKIT0DCVSGEEEIIIYQQQgghhPgEJFwVQgghhBBCCCGEEEKIT0DCVSGEEEIIIYQQQgghhPgEnHu9gF+nsl9hqjTNcP4qw7krXC2MMlYcZ6YyS9kv4xsfzLXtDYaYE+OxZQ/zz9d9HYVCKXXvLkAIIYQQQgghhBBCCPGZ9RsXrvraZ7QwzqmZM5yYOslw/gqzlSwVXcELfALtExiNwTCfrBoFCgyasBNmVeMACglVhRBCCCGEEEIIIYQQN/cbFa6OFMbYN3qAA+OHuFoYJV/NUw2qaDQAxtSqU40xRJ0IlrLxtEeAX38tykBqOWubV0vFqhBCCCGEEEIIIYQQ4pZ+Y8LV8eIkr5z9CcenBhkvTeBpr1aYqkChMBg0mpgTY6BhOWE7xEhxlKnyNL6pBa8t0RYeW/YwyVDiXl+OEEIIIYQQQgghhBDiM+6+D1eNMVSCCq9ffJPdI3vIeTlqcaoCZeZqVok7MTY0r6MrvozABJzPXKDgFwlMgDGahBtnfdMaNrVswFIy50sIIYQQQgghhBBCCHFr9324qo3m5PRp3ru6m7yXr/dKVfM9VeNOjP6GPlY2rmCgoZ/R4gQnpge5kL1EwS/Wj6JYFu/kwfZtNISS9/BqhBBCCCGEEEIIIYQQ94v7Olw1xlDyS/xs6F2myjMYY1CqFqyG7RAt0RZWpQbY3raVdKSJ49OD/HzoHcaL47WOAUqhjaYhlGRdeg3rpNeqEEIIIYQQQgghhBDiDt3X4WpgNGPFSfaM7kdrjQEsLBrDDaxqXMkjnTtZ2bicydIUbw79gl8MvwuApeptAwBLWaxPr+Ghjh3E3Ng9vBohhBBCCCGEEEIIIcT95L4OV33tczk7RN4rELZcXMuhOdrMU12P8+iyh0hFUgxOneKVcz/m2PQgtrLnQ1UwaKNpi7WypXUzK5sG7um1CCGEEEIIIYQQQggh7i/3bbhqjMHXHuczFwCDbdnsaN/G833Psjq9kmpQ5RdD7/GTC68zWhzFUddfqqnv80jnQ+zs2EbIdu/NhQghhBBCCCGEEEIIIe5L9224ClAJqpyePYeFxW8NfIVn+z5HOtJE0SvyzvB7/OTCTxkrTmAre9G+1cDj6e4neLTzIZoijfdg9UIIIYQQQgghhBBCiPvZfRuuaqOpBhViTpT/ddv/zLa2raTCSQrVIj86/zrvDL/HVGkKSylY0AoAaqHsjrYHeK7/WfpTvVjKumfXIYQQQgghhBBCCCGEuD/dt+EqQMyN8dWVL7Ei1U/cjaGN5r2ru/lwZB9T5WmMmotVDcbUAlmlFI907OSF5Z9nRaof15J2AEIIIYQQQgghhBBCiI/vvg1XLWURd+OsTa8mbIcwxvDR2CHeHn6PK4URfBOAUlgownaYdKSJFQ19DKSWs6VlA13JZUTsMEqp259MCCGEEEIIIYQQQgghbnDfhqtKKRzlzF/ATDnDh2MHKWqPgcblNLoJGkJJEqEEqUgTLdFm2qOttMVaSYUbsKUVgBBCCCGEEEIIIYQQ4ldw34arixnWpleytnEFDcolpSwarDBRN0Y03EA02ghOBCxHqlWFEEIIIYQQQgghhBC/ss9muGpqg6eM9kEHoCywbJSy4CbBaAOKZ8IdkB1F565COQd+FRQYO4wXSaLizahEK1ayDRVNgROpHVMIIYQQQgghhBBCCCE+ps9UuGqMBr+CKecw5VlMKQPVIjhhVDiJCschnECF4ignXAtd6+xqAT02iB46iJk4h1+cwVQLGL8KGLBDWMlWVHMfdscGrNbV2Ok+iLdAKCohqxBCCCGEEEIIIYQQ4mP5bISrxmCCKqY4jZ44i3/lEPrqEXR2FFMtgR3GiqexUp1YbauwW9dgpftR8SYIxWvBaLQRerZjtQxAfgJnZhg9eQ49M4wuTEKlgJ69AtNDBGffRyXasPu24ww8ht25EWLpWmArhBBCCCGEEEIIIYQQd0AZU38G/x4xxkDgoafO4Q2+jnf8dUx+EiwLUChl1bYxem7JqGgDdvdWnDVP4SzfhQo3gLIW9VI1XhmTnyAYP4V/aR/++fegmAHtMXfZVrINd80zOOuew2pdjbLsm7YeEEIIIYQQQgghhBBC/NPw8ssv33abex+u+mX8S3vw9n6b4PJBsOzaF4DWYIJr26JqwWd9ycoOYfdtJ/zo/4jVuhblhG5+Hu2jZ4bwTr6Bd+B7tZYDVv1YxmB3rif0yB/irngMrM9GQa8QQgghhBBCCCGEEOLe+MyHqyao4p14De/w9wnGz6J0AChAgwHV0o/VsQ4r3gzKxlRymMxV9OwwenYEFXhgu6hYE6Gn/gR3xaOoUGzpcxkD2gevTDA+SPXA3xFc2l9rO6AsUDZ26wpCW7+Gu+kroOy7ei+EEEIIIYQQQgghhBCfHXcSrt67Ek2j8c+/j3f0xwRjZ6499q8MKtZMaPvvYPVsx4q3gB2qZ64a/DKmlEFPnScYPoh37j1MZpTq2/8OZTR2/8NY0dSi0ymlwHbBdrGXbSEcb8Fr+D7+6XcwuXEMAcHkeSoHvgfxFtyBJ+7u/RBCCCGEEEIIIYQQQtxX7lm4GowN4g++gR4/DSZA1R/5t5q6Ce3459jLH0XFmsByru+lagwm2Y7V2IXVvg67Zzv+ybfwLu2luv9vCEcbUT3bULZ703MrJ4zV1Iu7+Wtgh/BP/BSTn6gVzE5fxtv/HazW1VjJttqwLCGEEEIIIYQQQgghhLjBPQlXdTmHd/wfCYYOgleuBZhGo5JtuNt+B2f1M6hIw9I7K1ULTqONWJEUVqoTK92Pal2Bd+SH+Jf2YDX1olKdt1yDshysdD/u+i9iKgXMybegkgftE4ycwDv8fcIP/yE4kY894CoIAgKtUUrh2PaiQVsLGWPQWhMEAQawLQvH+fTfFmNMbV1BgFIWruvccl0f95igsCwLy1Iode3rxu3n3O7cxhi0MQS+jzEGy7KwbRvLur/DbmMMBkPBK+JaLiHbxfqEAb42Bl/7VIIKcTeO4vb3VQghhBBCCCGEEEJ8eu5NuDp6jGDoAKY0Wx9QpSGawu7fibPqyZsHqzdQSkEojt25ARVtAK+MzoygZ4dQyTaUdeu+qcqysdL9OKuexOTGCc69X1tPUMUf/CnuuudqQe2CKthq1WN2dobZTIZQKIRSip7ubpRSeJ7H5aEhzpw5w9TUND29PWx/4AESicSicxcKBUbHxhi6PMT4+Di5fB6loKGhgfb2dnp6eljW2YnrurcMzLQxVCoVrly5gm3b+J5PY2MjTU2N2LZNqVRidGyMixcvMjExQbFUIuS6pNNpuru66e7uIpVK3XFoGQQB2VyO0dFRhi4PMTE5QaVSARS2bREOh4nF4kTCYVzXxXZq4XKlUsVozZatW2hpbl7ymowxlEolxsbHuXz5MldHRijkCxijCYVCNDU10d3VzbKuZaTTaULu0tXJ2WqO8eIEFb+CNgZbWbTH22iOpm97fSW/zHhxgmwlh2PZFP0yPcllpCNNZCs5xksTFLwilrJwlI1vArzAo6o9NBpHOcScKKlwA82RNHE3hn3D57AaVHnt4ps0hht5oHUTLdGl78etGAyzlVmOTpxgojTJ8/3PEneX7jcshBBCCCGEEEIIIX497nq4arwy/rn30LlxMGa+KtRK9+KsfrrWY/UTsBp7cB/4Ov7pnwP1wJbbD6VStoPdsR7d/xDBlcNQLWAMmJkh/OEDuPEW1IIervlCnv37P2LP3r3E43Ha2lr5vW98g0qlwt59+3j//fc5eOgQk5NTPPP006xfu24+XDXG4Ps+ly5dYv+BA5w7e46rV0eYnZ2lUChQqVZQQFt7O2vXruHBHTvYtm0bDckktr30tRityefzfP/7P8APAqrVKk8+8QTbt2+jUChw4OAhDhw4wKlTpxifGKdYLGHbNs3NzaxYvpytW7fy0EM76e3pIRQK3fJeFYpFLpy/wIGDBzl95gzT09OEw2HisRhKKbK5HBMT45TLZVw3REd7O21tbWhjmJmZxmhDR2cnzenFIWelUmFkZJQjR49w9OhRLl66hNaGWCyGbdsEQYDveyTiCfr6+3hg61bWr1tHU1PTomNlK1nev7qHK/mrGGNoDDfyVM/jdxSuFrwCxycHOTB+mJDtkveKfGn58yTdBJdzQ3w4so8rhRFc5ZAKpWiOpjFAyS+RqWaZrWQI2S7NkWb6kj2sblpJf0MPYSdce78wZCpZ3rr8NmE7TCqUJBVuIGTf+t7fyNc+FzOX+dH518h7eR5d9jAxN1prryGEEEIIIYQQQggh7oq7Hq7q7Aj+8CFMtVir1jMGwnHs9rXYyzb9Sse20/2ojS+BFYKPETJZkSR260qs1gH00KFaxauy8M+8g9O7ExNJzvdeLRaKHDpymO985zvE4nGefPJzfOO/+wZ79+7jL/7Df+DUqVNUKmUwUCyVcOvVlcYYqtUqe/ft46c/fYOzZ88SjcXo6elh9epVWJbF7OwsJ0+dYnBwkD179vDBBx/w+7/3+zz55OdoTqdvWt2otea1119ndHQUy7LoWlar7PzowAHeefcdstksyUSC3p5eqtUq4+PjnDp1iqNHj/Dhhx9y+fJlvvzlL7Fu7dqbVrAWSyX27t3Lj370KgcOHCCVSvHYY4/x6K5d9Pb2YFkWw1eusPuD3fzs5z/n3LnzBEFAf38/bW1tZOqBaiwWXXTsUqnE4MmT/ONrr/HuL39JNpNh65atPPP0k6xcuZJoJMLM7AwnTpzgwz17+OjAR+ze/SFf/tJLfOHzn18UsPo64OzseQ5NHMFSihWp5exatvOOPgu+DpgoTbF7dC+OVfvzeLxrF9poJkvTDE6f5kL2Eo7lsLJxBTs6tpEMJfCNz1hhnKNTJxicPsnhiWPEnChbWjbxwvLPsy69GtuyMcYwVZqhElQYKYxxdPI4vcluOuLtd1y9aoxhpjTLkcljnJw9RWukmbJfrrVdkGxVCCGEEEIIIYQQ4q656+FqMHEaU5wBrcGyMDrASrZjdW7ACi9+fP7jshJtH38nZaESrdgtAwRDB2v5lGWjRwcxhQlILQO7Fjq6rkMkHMGyLEKuS0d7B1dHRvjWt77F+NgY3d3dOLZNsVSkMZXCcWoVp1prZjMZ/v1f/CW5XI7f/73f4+GHHqK9o51wvWK0XKlw9uw5fvDKK7zyyisMDg7yV3/1V7S3t7HzwQcJh8OLl64UkXCExsYUk5OThEIhSqUSb7/zDkeOHmVgxQqeeuopent6icdjZLJZjhw5yt/+3d9x8uRJxsfH+eGPfkQkEqG3p4dkMrnoHFprTp8+w1//9bd5/4P32bB+Pd/4xjd46cUXr1tTV1cXmzdtorW1lb/97nfJZDOEQyFeeP45mpqa5nuuLgwRgyDgzJmz/O3ffZcfvfoqjakGnn3mWf7oj/6IrmXX9819+KGH2PXILv7mO9/hhz/8IaOjo0SjUZ5/7rnrq26VwlE2juWgAEc5OOrmA84WspRFyHZxLAdbWSgsQpaLUhaWsrAtB0spHMuiPdbK9vYtRJzI/P47O7bzg7M/5oORPUyVp9g/cYBEKE5vspuGcLL+OH8GbTRKwdHJE2xu2UhLrBn3Dtfoa5/z2Yt8NH4ICwttDLlqHnP7XYUQQgghhBBCCCHEp+juh6tDB8GrXDcjympox073cy/L7lQoBvHm2hqUAhSmlEHnxrGDKtT7roZCISKRCLoeFFbKFf7r3/xXiuUSf/Inf8KGDetxXZeRkVFs254PFLU2lEtlQm6I//1f/SvWr1+36DH8WDTKxg3raW9rZWpqip/97C3OnD3DL95+h77ePnp6upesbnQcm3AoXBsmBbzxxhssX76cL730Is994QtEItfCv7l2AD093fxf//e/ZnBwkKmpKQ4cOMDgo4/y4I7ti85RLBb57t9/l0OHDhGLxdm1axfPP/fckmFvNBrlK1/5CsNXr/Dtb3+bH7zyA1rbWvmtr31tUWsDYwwzMzP8w/e/z2uvvUY4FOKxRx/jm9/8Ju1trUtcp8OGDet54YUXOH/+PPv27+ff/8VfMDAwwPp162rvo1KELXe+6rQ2JMwmtiAAvRVbKULWgpBTQcQJ14JWy6oPn1KABVh4OmDhkZujaZ7re4bR4igz5VkqfpWh/BUu54bYGF6PMYaJ0gTaaBxlcyl3mRPTJ+lt6KY91nZHg75GC+McnjjGpewQjnIIjGa6PIOReFUIIYQQQgghhBDirrrro9f1xFnQPnNBqlIWKpyoDaS6l5RCWTbKXpA3GzCZEYxXnn+p6nlUqhUcx6ZcLvPTN3/KO++8w//2p3/Ki198gVUrV9Lf18cjDz/Ezgd3zFeCWpYilWrgz/7sT9mwYf1N+5talkVTUxO/89tfx7IdbNtm//59jIxcRWu9xLIVjuNgu7XqykKxyOXhYbZte4Dnn3vuumB1oe3btvHSSy/R2dkJGIaGhzh8+NCS57h46TJnz5wlm8sxMDDApk2bicfjN72ViUSctWvW0t+/nEuXLvPmm28yMzu75La/fO999u/fT6GQZ2BggBdf/OKSwerC6127ZjUPP/wwlqWYnJzkb//2767bRhtdDxrVfFjpm+Cmx1zIUjZhO1yLKeshu18/XsQK4ygbg0GhCFkOjlr8J9QUaaQhlJofZFXyS0yWpoBaz9V8tUBgglpvX+DQ+BFOTZ+5o3BUG82J6ZMcGD+MUrUwXRtNtpqdD/KFEEIIIYQQQgghxN1x18NVU5iqtQSo/YQBjB2Gez3p3FDr/zr/A2BZ6NwY+JVFmytl4QcB+UKBb/7xN1mxfDmOc/NCYMuySKVSDKxYccvtAGzbpqOjk6bGRmzbYWJikmwuRxAsHRBalkUsWutlWq1WeeLxx9m+ffttB1Q9/uij9Pb2opRFJpNhePgK5XJ50XYnT54km82iFLS1tdYD2VtrbWmhOZ2u9SqdmuL06dOLtpmemeG9997j4qVLRCNR+np72bTp9n13k8kkXV21vrKlUpm3336HmZnZ+WDYUjYWVi2+N2Bh4Vp3VqQdGE1F+zhYGGOwlUXEDmEpi7gTxbUcDLXXrXr4eiNtNGBQqvYJdy2XhHttqNlEaYpgbq1YXM4PMzh9muny0gH0QlfyVzk6eZzR4ii2sjAKtAnIenmpXBVCCCGEEEIIIYS4y+56uEo9eLpOUAV/cah3V81lZDq4/qVq+brXLGXVH/fXWJaira2N7du3E4lEbvlIt1K1Kkrbtm/76LdSikgkTGNjI0opfN+nWvXmA7kb2bZNpB6kWkrR091NS3PLbc+TSjXQ1NhIKBTCq3oUigXKlcVB8ujoKJVqBaUsQqEQ4fDtJ9uHI+FauGugXCozOTm1aJvTp08zMjJCtVqlKZ1mYGAFqYbbVzC7rktzOk1bWxtaa3L5HGfPnsX3/drvLaf++L7BYLCUImzdfs1Qe3/nAlRj5ipUXRQKz3hoDFb9z0Ybg2bxe5Kr5shWc3jax1IWzZE0/Q29aGOoBFXGSxNz/6wAqhboDs6c5tjkiXowu7RqUOXg+FFOzpxBYdW/QGOYKc8sqNgVQgghhBBCCCGEEHfD3Q9XrztlLRqiWsSU83d/KQsFPsYrYbRmPmnVev7R8DnKUlhWrarRcVxWrlxJuqkJy/r0b2UQ+FAPBy1L3TIsnTu/47o0NTUSi0Vve3zXdUkmE4TDYbQxeL5PtVpdtF0oHEYp69pAqjvojVuteni+P7/mGx9Z11pz6tRppqanMcbQ2tLCijuo6p271lgsTkNDCq01nldlZvZa5aqjbCyl5mNGqz7c6k44yiZqh+dDSgXYykYpi5JfITBBvWKV+pCr6+9F2S/zwchehnLDBDqgP9nLwx07aIw0AgZPe0yVptBoNrdspC3agqNsruSvcmzyxHz7gKVczg5zbOoE5aDCuvQa1qXXEBiNMZrp0gye9hb9u4UQQgghhBBCCCGE+PW56wOtiCRqrQFg/rFtU5xGZ0ew21bd9eXMMdUipjANC2v/VH241cLhW0rVqyJrFaNNjY13FAje9vzGEAQBuXye0ZFR3v3lu0xOTmK0wbItHMdZFOQtVCqXsaxaVa3ruouGR93snHMVtUrVayGX6CHa29tDLBrFGE2xWKJQKNz22JlMhlwuhwEikQitLS3X/T4IAoavXCGfz2NZtV6xx44dJ/A11WqFcCSC49g4jgsYfM/H8308z8NxbC5evMTkxAQAnudRyBfQuv7OKXVdAJypZNg3doDmTBNKWVR0FZTCUbUKV20CfBNgAdXA42zmPPNvuuK63qZzvVxrdaeGwGgCHVAJKowWxtk3doD3ruwmU82yrmkNT3TtYlPLBhzLxtcBFb9Cppoj0D472h9grDDO7tG9jJcmOT17lgPjh/lC39OL3gcv8Ng/dpBzmQt0J5bxSOeDTJSmODJ1DGMg6+Uo+xUSbvyOwm8hhBBCCCGEEEII8au76+Gq1dSNmR3GBLWQCqXQ2VH02ElM/0MoZ/EE+l87o2sB78xl1IKKRwAVScLCqsd6EImphW6uG8KyPn6YVS6XyWazTM/MMD01zcTkJDMzM8zMzjIzM8342Ph8WGhZFo5t37I6tup5tYDUsgiCYMnBVIsu25j6drXzOI5DOLz4/q9ZvZrW1hZOn7EZHRlhaHiYrVu33HQ91WqVS5cuMToyQigUoq29jb7+vuu2qVQqTE5MUC6XsW2bbDbLvv37OXf+PEopYrFYva2AuTaUKgjwvCpaGwqFAqFwiL6+3nola/T692FBJp6pZtg/fpC4G8dSNhqNo2wUFgYIjE9gAuz6HmOliSWva2HO7mufi9lL/Pj860TtCLOVDFcLo+QqOdKRNJtaNrC5ZQOrm1bSFGkEar1RM9UsZV1BYdGT6GIgtZyLuctMlKcYLY5xcPww21q30Ba/fqjX+dkLHJo4QiWosrF5HZtbNrJ/7CAKhcGQ8/J4gVerEJZsVQghhBBCCCGEEOKuuOvhqt2yEn35o/mflbKgNEswfhqduYrdvPxuLwnjV9DZEczsMFj2tWzKaFRDJ7iRm+77cXIsY2qh4IWLFzl+/DhXrl6lWCxi2zaO7WCoBZwd7e309vRy/sIFioVCvQ3B4kfrl1yPUmit7yhcra2p9n2u6nWpoLijo4MHH9zJufPnuXL1KkePHmXHju10LVu25DWeO3+eE4MnmJqepqtrGTsffHBR5arWmmKpiO/7GGNIp9Ns3bKFtvY2Qm4I13VxHJsg0CgFtlULQrXW+L5PENR63hpjsG2bVatWLqogrsf3xN04KxtXkAqnUChsy8ZWdq1amNpj9dR7qVaDKrayOTNzbskn7M38fw1TpWnevbIbL6hQ9EuUgzLPdj/F1rbN9Ca7aYmlCdvXwmpfB8xWMgTaJ+7GCTkhepPdrEj1cyk3RKaa5VJuiEMTR3k2+uR8eF3xK+wZ/YjL+Sv0JXvYkF5Hc6SJsB1CUaugLfllKkFFugIIIYQQQgghhBBC3EV3v3K1fQ24MShlasmeUpjAR09dwL+4B6uxC2Xf2fChT4suTKInz2MKM2BZCxNHVEP79dW0cyFnvafBnQSeUHsMPpPJ8PY77/DB7t0cPHiIRCLBwMAK1q5dy5rVq2lv76A53UQimWR8fJxXX30VFNi287EC0zul6r1coVbxqiyFHwSLtotGInz+889y5cowv/jF23x04CN6e3v4/Oc/T1NTE2491KxWq4yMjvLjH/+EY8eOk0438dhjj/HUU0/VqlAXsCwLo818O4Turi6++pWvsG7d2kVrhGstDG683wtbG1z/i2vfWiLNPNPzJJ2J9tvek2wlR8yJ8faV97hVdO5YLi3RFpojaQ5PHqHkl7GVTdyNsTzVR2u0BfuGyt7ABMyUZwlMQNyJE7Jdok6UTc3ruZC5xJGp40yVZtg7tp8HWjfTGq8F0peyQxycPIKvPTY1r2dFqg/HcgnbYSxVG67ma49cNV8Pim/fEkIIIYQQQgghhBBC/OrufuVq6ypUsg2dnwAdoABl2ZjMVfzB17G7NmG3r6tVtN4FJvDQo4MEw4fAaOYHbhkD8RasWPq6tgDGXB+o6jsIV40xzM5meP2nr/Ov//zPKRaLbN++g9/5nd/m0Uceoamp6boeqb4f4HkepXIZY0yth6pj14drLe1akHfntYuWVevlOhdMOo6DbS0dzA2sWMHv/u7vkkw28Oabb/Dt//JfmJmdZcvmzTQ2NmK0YXJqkt27P2Tv3r3EYzFeevFFXnjhefr7+hYdT1kWkWhk/vye51GpVG7aakDND5G6s1phc93/G+w7/jzVqlKX7lt67TVLKfoaeniu9xkcy+aDkT1oo3lj6Oeko2ke6XyQdKTpuvX62me8OIEBGsIJwnYYpRRr06s5l7nI+ewlcl6OC9nLfDi6jxdXPIevfX429A5XC6OsbVzN+ua1JMNJvMAjZIeI2mGKfgltNDOVWbT5dAN4IYQQQgghhBBCCHFzd79yNdGC1bWZYOpirXp1bmiU1uipS3gHv4f1xB+jYunaDnc1C+4ZAAAgAElEQVQYpn0Sxmh0fgL/8n6C0ZOohcGiDrA71mDFW1ALw9Ubq1XvIFz1PI/Tp0/z53/+/5DL5enq7uKbf/zHbN26hWhkqZYDhsAP6r1TDY5t13qu3uJeRKKRa8HvHVbT1sJChdG1R+9dx11UYTrHsizWrlmDbdsUCgXefOstXn31VfZ8uIdUYyNaa6anp3EcmyeeeILHH3+cjRs2kEwmljxeyHVpa2sjEomQy+UoFIvMzs7OV6L+KuYe85//GUNgFlfkLkVj8Oe2VXPHM5h62wBlav12tdEooLehi68OfJGL2ctczY+QrWZ5/dKbJEMJHurYTtgJ1/qiGoOnPcaKkygg4cRxlINCkQwn2dC8lsHpUxyYOEymkuUXw+/xaNcjZMtZ9ozuxws8dnZsZ0WqD0tZtX6/lkvUiVHwS2g0M+UZAglXhRBCCCGEEEIIIe6aux6uomzc1U8RnP8AXb7WGgDLAq+If/odlOMSfvyPIRQHrF85bFuKMQZTyeOffAP/wm4wAVj2gmDS4Kx8AhVNXRfwXqtcrQWTt6tcNcYwm8mwd99epmemcR2Xp596moGBFTcJVufObtC6NphqblDVre6DbTvoICAINKFQGNd1b3sPPN+rDYgytXPYtnXT4VzGGM6cPcfff+8fGBuf4OWXX+bRRx5GWRYz9VC0KdVIQ0OSaDR6XSXuUlzXZdWq1Xy4+0MmxseZmZnhysjIpxKuBkajMfN1psYYAn2H4aoxVLRfD1Zroaiva31hE24c13IJ0PVtNdoY+hv6+JOtf8S/3Pt/UPSKXM4O89OLPyMZSrCldSO2qt2Lil9lolwblpUKp3Btd/5a+xv6WJdezfHpk/ja42phhDcu/Izx0gSzlVm2tG5iXfMakqEkALayiblRok60dn3GkPcKGCRcFUIIIYQQQgghhLhb7s6z9zewWwZwOtdjhZM3VFkq8Ip4x16j8v5/xOQnP0YV5scUVPGOv4p/4jXITcCNj41HG3C6t9X6wy50Q1sAo2+/vmw2y/ETg4RCtd6tra2t831Kl2KMwfM8fD/AcRz8wCcIgpv2d53bfm7YkhtybxtuAuggwPd9ACxlESz4+Ua5XJ5vfetbvP7aa6xds5ovPv88HR0dtLe1sWbVKtauXk1HRzvxePymj/bfaMe2B+hc1onl2IyNjXH82DFyudwd7XsrFe1dqz6lFraWgsod7WuMRusAVW8MoI2moqvoeruAhX12bWXjKBvHcljR2M/XV36VuBvHUhYnZk7x3pUPuZwdhvpxin6R6dIMoEg4MawFn7lEKM7a9GrWp9egAU9X+cH5n/De1Q/xdcCOtgdojV4bCmYpi7AdIuqE69XUmmw1d0dtKoQQQgghhBBCCCHEp+OehKvYYdyNX0K1rsIs7I45V7EYeHhHfkz5Z/8nwZWDmGrxUz29LkxS3fvXeAf+gWB6qH7q+uAkDMYO4277OirZXqtmXbivMfVq0rlXbh9m6UBTqVTmiiEplYq3HE5VqyK1KZVK163tZnzfp1gs1tekKJbKVKvebdcFoLWeH9AVaI3nLR2uHjh4kLPnzqEsi1SqgUgkjGVZWJaFbdvYtj1fXXunlae9vb08uH0H7W3tlEolTp48ye7dH97RvnN832dmZua6Xri2qgWj12qQDXfyPkEttAzZDoEJ6scweNrHGE3eK1LVHpZSmHr7AN/4tffLsnm270keW/YIMTeGNprdI3v46cWfMVmcwtc+s5UMOS+PUrVWAHMVrVB7j/sb+tjR9gCucjAGqkGFUlBia8sm1qXXkAjFr7u3ruUSc+O1/YHJ4jSe9u54yJoQQgghhBBCCCGE+NXck3BVKYXVugpn1eewGrsh8Bf+svY9qBJcPkDl7f+X6sG/J5g4i/FKn/icxmhMJYd/cTeVX/xbvKOvYnJjtSFWar65JkpZWOlu3PVfhPrAoRsOVO9rWvvR8/1FQ65uFItF6enpxvd9LKU4cew4+XxhyX201mQyGX74yg8plUr1INfCsuwlQ0tjDEEQUKlW5o9XrVbw/duHq57nU6lW8f1alafrOITDS/dcLRYK+J5HLpdjcPAkR48fJ5vNUqlU8H2fcrlMpVKhWq3i+/4tw+M5ruvyzDPPsH3bNlzX5eKlS7zywx+yd//+2+5rjGFmZoaf/fwX/Pgn/3jd7wJ9rcrXsHgI2a0EOqDklbGYC9up97pV+NqvDYxStXYQN/ZxjTkxvtD7NMsb+ghbLkW/xEfjB3ln+D1KfplKUKWqq7Weq2580ZCtZCjBQOMKVjUO4Gu/1orYaD7X/ShtsdbrhmzN9VxNuDGMMhgDU5VpqkH1+n+wEEIIIYQQQgghhBC/Nne/52qdCkVxVz6OmbmMV85iytlrA6XmQkSvhB4/jVeYJhg6gN21Ebt7G1a6DxVJoezb9BU1BuNX0Lkx9ORZgkv7CEZPoKcvg1eun+pasIrRqHgLoR3/bS30XSLMdFwXN+TODw7yvFuHmEopGhsb2bF9B9/73j8AcOTYMd586y2ef+45Ojs75h/hL5VKDA6e5M233iKXy9HS0sL4+DiZTIZMNovneThLtBPwfR+v6tUuwRh8zycIbh9uOo6NDnR9cJYDqJs+0t/b20tTUxMnT51i9+7djI6N0tnZSTwWJxRy0dpg2zZu/f4k4gna2lrp6emhv6+PxsbGJe9NX18v/80/+2cEQcDPf/Fz9u7bS9WrMv3132bngztobGy8bk2B1mQzWU4MnuDdd9/l2PHjfO2rX7suePa1j699atGoQhtNVd9ZJa/BoNFoo7GUhTFQ9itoo/GNT2ACTH2glR9cXyWqlKIn2cWL/V+g4lc4kznHVHma3aP7cCyXSlA7jk2tlQBc//myLZvuZCcPd+zg5Mzp+X6u65rXEHdji8J127LmB2ahYKYyQ8kvz69dCCGEEEIIIYQQQvx63bNwFRQq2Y6z5llMOYd/5m3wq7XBVvObWLWANDdOUJpBz1wiuHIUK9WNaurBamhHxdKoSBIs59pwLL+MKefQhUlMZgQ9fRE9ewUzfRlTzjIXui2sWDXGoBItOGuewVm+C2UtfWt836dSqRD4Pt6CKs1b9RmNRqNs3rSRL730Ej969VUymQw/eOUVJibG2bhxIw0NDRSLJYaHhxgaGiaVSvHFF79IJBbje9/7HrOzs7zx5hvkclk2bNhAX18fDclkfemGatUjm83gebUq1Eqlgh8s/Xj/Qp7v1/fxUEpRLpfxfZ9wOLxo297eHp555mlK5TJnzpzhwIGDhELHcRxnPvRzbBur3iIgEg7TkErR2tLC6jWrefihh9ixffuiQVuu67J582YA4vE4H+zezf79H5HL5ti9+wPWb9hAc1OaSDSC7/uMj09w4eIFzp+/QKVSZuuWrezYvv26YwamFo7ODcfSJsAL7rBNgtFUguqClgK6NtCq3mtVG10LYOvblYIKceLz+zu2w6bWDVwpjJCtZhkrTXA1P8LPh94lZLvzrQBsZS+V3RN3E6xOr2JFajnnMhd4YtkumsKNS4allrIJW+H5iLbkl8lWc/g6qIe3QgghhBBCCCGEEOLX6Z4mMMpysDs3gNGYoEpw4UOMV7pWwQq1AFQpCHx0ZgQ9O4JyDqFiTfWvRlQ4UQtX50Y6+RVMJY8pzmAK01DOgvaZrxRcGFTNBavxNM7qp3C3fBUrlr75mlG0NLewfdt24okEHR3ttw1Xbdumq6uLP/iD/55QOMTg4CBDQ0P8+Cc/Yd/+j2hsTBGNxkgmkwysWMETjz/GwMAA6aY0+VyOCxcvMj01zZkzZ+no6KS7q+u64/uBT39/P8s6uyhXyrS0tNzRUCnP8+jq6mbnzoewlKKtrQ0/CJbcNplM8vRTT1GpVsnlcly9epXm5mYaUg3EY3Ei4TCe51EsFcnMZpiamuLy0BBKKQ4dPsTJkyepeh6PP/roor6syWSCHTu209LSzNq1azh8+Ahnz57lrbd+xv6PDpBMJolEIvX7D5FIhK5ly9i4cSMP7dxJZ2fHdWsN22E2Nq8nHWlCKUVzJE1DKHnb+wHgWC6d8Q6e7nkCW9loo2mPtWIrm/ZYG9vbttLX0IulLLoTy3CWCD2ToQSPdD6IMZqh/BVcqxaqupbD8oZ+qqZKV2LZkgGoY9l0JTp5cfkXODo1yKPLHiLiRJZsCRF3YqxpWkXey2NbDsYYYk70jnveCiGEEEIIIYQQQohfjTKfgek3xivjDx/EP/x9/MsfQSVfr2C9SUhUe/79+s6SqhZ8Gub6oZr5XyillnzEf+44KtGMvfwR3K2/hdOx/ubnBQqFIhcvXuTy0BDRaBTLUjzy8MPXVXDejNaa4StX+OijjzhxYpCJiQmCICAWj9HT3cOmjRvZsmUzjY2N831CTwwOcuniJcqVMs3NzaxYvpz29vb56lKtNblcjg/37CUcDlMul+latozly/tJJBK3XM/0zAxnzpwhny+AgcamFOvXrSMajS7aNpPJcPzECfbu3cfZc+eIRaOsXLWSttZWGhpSxGIxyuUy+XyeyYkJLly8yLHjx7l06RL5fI5wOMITTzzBv/wX/4LGxtSS4a8xhkKhwNDwMMePH+fsmbNMTE5SLpexbItYNEZPTzdr1qxh7Zo1dHR0LKqEBchXC/UKzlr1rm3ZNISSJEO3vh8AFb/CTGWWalCr5tU6oCnSSNyNk/cKFKoFfBOAgrAVIh1pwl2iPUWgA6bK0xSqBRzLxbFqrQACo6kGFdKRJmJubMmK1EAHlPwyM5VZOuMd2Mpa8rPlaY9cNU+2ksO2akFwOtJEzIli3zCITQghhBBCCCGEEEJ8PC+//PJtt/lMhKsAxisRjJ/CO/BdgqEDmOIM1ypNbx5aLly8WuK1ha8v3KvWQUCh4s04K5/A3fBF7I7111e13sm6b+i5eaf75PN5stksBojHYiQSiSWDws+CUqnMu7/8Jd/7h+9RrVR57rnneOqpJ2ltaVmyB2wQBMzMzvL++x/w6quvsm//fqrVKqlUin/3b/8t27c9sOR+C2ltqFQq5At5isUitm0Tj8dJxOOf2fskhBBCCCGEEEIIIX5z3Em4+plpzKjcKHbnRqzHW/BOvol39EeYwgwElVqFKSwZsi4VZy4Zst7wg3KjWI3dOOufx137eaxk+ydb9yd4BFspRTKZJJm8s0fV7yVtDEePHeM//ef/TKFQ4H/4wz/gq1/5ypJ9WefYtk1LczMvPP8ciUSCyakpTpw4QbVa4fiJ42zduuW2HzzLUkSjEaLRyKd7QUIIIYQQ4q7IVLP8pxP/H++PfsiVwsi9Xo74FXTHl7Gr4yH+p/V/SCrUcK+XI4QQQnymfKZGiivLwWrsJrTz94i88Gc4A7tqw6rmqknn2gHUv257PGNQ9X1q6Wp9HyeMs2IX4af+F0JbvvaJg9V/CiqVCt/5zt9w9uwZHt21i50P7rxlsLpQKBRi5cAKtm17gCAIUCgymewdvXdCCCGEEOL+9m+O/CXfPfcDCVZ/AwwXrvLdcz/g3xz5y3u9FCGEEOIz5zNTubqQshyc7m3Y7esJhvbhnXqL4MIeTGGqlo8q65atAq5jFoaqIewVuwht+jJ21xZU+LNfOXqvDQ9fYXDwJL7v09HZQaox9bH2j8XjtLS01nqsKkVvTw+WDFwSQgghhPiN98Honnu9BPEp2z9x8F4vQQghhPjM+UyGq/OcMHbPg1hta9EbXkKPncS/cgQ9fgqdmwCjr1VBan394CqlQNkQTWK3DGB1rsfuexC7eQAVToATunfXdR/JZrNUqlVA4ToOtv1JBiXV3qNwOEz/8uVYtxi2ZIyhWq0yNTWF7/tEo1GamppwHAff98nl85RKJbTWOLZNIpEgHo8DMD09Q6VSma9sVpYiHo8TjUYpl0oYY2hsbKxdVy5H4PvE43FCoWufBa015XKZ6elptNY0NKRIJhPz112teuRyOUqlIo7j0NDQQCwWA2pDv3zfp6GhAdd1KZfLlMtlXNclFAqRyWaplCsYowFVW3sijlvvP+t5PoVCgVwuh+PYpNNpQqEQQRCQyWQpV8q1z7uhdm2xGKlUCqUUxhg8z2NmdpZEIkE0Eqn19i0U0EFAIpGgUqmSyWbqxzCEwmEaUylc151vb2FMrddtJpMBpWhtaUEpVXstm8VxHBLxOOFweP5eZbJZWpqb54e6VatVstkckUiYeDyOMYZyuUypVKKxsXH+XhaLRYrFIolkksiCaujaZ8BjZmYGz6sSCoVIp9M4jkMQBGRzOUr19xNT+1OPxWI0NDTMv2+pVIpwOIzneeRyeYLAJ5lMYlkW0zMz6CCoF8IbwuEQDQ0NBEFAtVolGo0SiUTq9z0zf635fB5tDJZSaGNQQDyeIJWSR+OEEEKIG+W8PNOVmXu9DPEpmyhNkqvm72hQrBBCCPFPxWc6XFVKgRtBOWFUpAG7dTXOqqfQxWlMbgyTn0DnJzGVfK1CNfBQtosKxSDWhJXsQCXbsOLNEEmiQnGwQ7WerFI9eUcsS2FZiiAIKJbKVKvVj7V/qVhianIKpRTLVyxn5cAKbHvpbhRaayYmJjl89Aijo6Mk4nHyhQLL+5ezZfMmAA4fPszw1atEwmECP8BxHR7cvoOurmW898H7FItFwuEIlmXh2Db9fX20trZyYnCQiclJXvriC0SjUU6dOs3s7AybN2+mva2tdv4gYHRsjMNHjpArFLCUolAs8vDOnfT39VGpVDh2/DiXLw/VAk0gEgnz6CO7aG1t4cixY8zOzvLIQw/R0tLC2NgYFy9eIp1O09W1jN27P2R6ZoZEIk7gBwQ6YOOGDaxcMQAKTp0+w8nTp0Abgnog+uTnnsBxHHbv2UMulyMSDqMsheu69HZ3k0wmsW0bYwzT09P84p132fbAVpb39+P7PidODFIqldi8aSMjo6Ps/+ij+YC5UCjQ29PDunXraGluRqna+zw+Ps47v3wPrQO++uUvk0wmOXnyFIOnTtKcTrNx40aWdXZSKpUYHDzJkWPHeGzXLgYGVmDbNplMht0f7qEhmWTz5k0kEgkuXb7M+QsXeOpznyMajQKwd/9+Ll8eYueOHaxYsZxQKITWmvHxcQ4fOcrE5ASxaJRMNkd/Xy8PbN2KsiwOHjrMyMgIiXgcpRSO49DVtYxVK1fy9jvvks/n2bXrEVYsX86VK1c4ePgwxhi2bN5MJBzhzbfeIpFMEHJDBDqgubmZtavXMDExwZmzZ+nqWsaO7dupVCrs3rOHvp4eQqEQ5y9erAe+Hq7j0tCQpL+/n1Rq/Sf86xJCCCF+cyVdCd9+EwUmkGBVCCGEuMFnOlydpxTKCYMThkgSO9kOzcsxXhn8CibwatsZDcpCWQ44IZQbBSeMst1rfVvFx7Kss5NUKsXQ0DAjV68yPTVNa0vLHe0bBAFDw0McOnyIpqZGfutrXyNRrzJdSi6X4/z5c0xNTbHtgQdqw7AmJzl1+gytrS00p9MUSyXi0RibNm6gUqly5tw5Dh89SktLMzOzs3R1dtLb20ssGkOpWuWq51XJ53NcHRlh8ORJtmzeTLlcplAoEvj+/PmrnsfE5CTjk5Nsf+ABGpINnDx1klKphOd5nD5zlonJKXp6uulo76BQLDA8PMy+/ft59pmnqZQr5PMF/CAAwPM8iqUisUocz/cploq0NKfZtGkTWmuOHD3K5ctDpJvSlEpFrl69QkdbG93d3RQLRU6dOUMmm6UxlSKXy9HW2kJfby/hcBhlWcRjsVq7hTrf98llswT18xtjKJVKFIsFfN+nUq6gtWbr5s3Yts3IyAjnLlygqamJVEMDoVAIYwy+H1AoFPA8j8nJSSKRCKNjo8zMzBKJRPE8D2MMuXyeoStX8KpVTp05TW9vD5ZloYNalefo2BiNTY2sXrUKz/PI5/MYXatiLhQKXLlylVw+z9jEOK1trTSn07XPwIULzMzMsG3rVhKJBGPjE0xOTFAqlQiHw5RKRRLxOFu31K5DWRbRaLReqZtnZnaW2dlZyuUys5ksk5NTRKIRqtUqtmWTy+fZ9sADNDY1olCEwyGSyQRXR64yMTlBxavS19tLPJEgl8tRLpfp7OwkFo9z/tx5ro6O0N7WxsqBgftiKJ0QQgghhBBCCCF+fe6PcHUBpSywLbBd6Zl6F6TTaZ595lnGxyf4cM+HrFq1stZ7teHWj0L7QcCxY8f48U9+wtTUNC+88AJPPvG5m7YVMMaQyWaZnJqis72d1atW4Tj/P3v3HtzUfeeN/y1ZkuU7vgjbYGwlwg6ikAtmGryRMjG/X0vnaTJNmwxgtuMxm+HpjsMM7ONuZk2Xet104v6S9TzmN4ln+sum9nh2MTDJkk6zz1OyO3Y28q7JFnjSkiJicCJfEqCywBds8E3n98c5OjpHd8s2luH9mnGCdG7fc/uecz76fj9Hh7UmE4aGh3H9+g0kGwwANDAkG7BmzRpMTd0BBAFTU1MQBAFJGg2m7twRu9DfvQuDwYCUFLEVa1KSDqkpKbj8eR/Wr1sHvUGvCkwCgFarhV6nh9frxVdffY35/DmsW7cOeXl5EAQBX0stZks3bkReXh7u3r2LJK0WvZ/8F0ZHR6HVaqHRaKBuEy1+1gBy2ookbRI00GBubg6GFLH15PU//Qnz8/MoKy1Ffn4+ZmdnsWbNGqxZs0aedmrqDkbHxmAwGMR1Mxrl7vyQxhE0Yp7c6ekZzM3NYsTjQUqKUSyHxj+erwu/1+uVv1POx2g0InvNGly/8SdkZWXh7vQ0UlNTodfr5BQEo7dGMTs7gyeeeBx/dDpxa3QUa00mCBBTDngnxIB2RkaGuF00GkAjtlB2uVzISE/H+nWFGBsbg9vtRvaaNbg1Ooobf/oT1q9bh40bNwIA0lLTsCYrEykpqfB65wFBfNHardFRJGmTkKTTISc7Gxpp2+ZkZ2Nqago3b97E3bt3oNeL+17wCvJ6jo+PAxqxwXtO9ho5ZYAx2YiZ6Wk4L1/G1i1boNPp5VbEOTk5GBsdE9Mg5OVh/fr1qu1GRERERERERA+eVRdcpXtLr9fj29/6FtxuN/713/4VH3zwLzAYDHjqz55Cfv5aGAwGVYBpdlbMlXnJ6cSZDz/E559/Drvdhh98/wfIycmOuKyZmRnMzs0hOztbzoOampqK9LQ0TE1NYXp6GoAAz82b+MPFz8RAG4Cy0o1i3lCtFpNTUxgbH4NBr4fRaERWVhZ0Oh10Oh3WFRYCEOB0XoYmSSsFQf1l1+l0yM9fC+sjj8DtHsGXrgEk6ZKQbDBAl5SE6ZlpOceqVquFwWBARmYmvF4v7ty5IwX31C9b02ik/0h5UUdHR3Hl6lWMjo4iSaNFSXExUoxG3L1zB1oph2xSUhKSkpJQXLwBAHB74jYAMYg8NjYGvbRumYEBbo0YLRwfH4dWq8Hc3Dym7kxJQVhxlOm703ANDGB8YgJzs3N4yGxGQX5+UNBbr9OhsLAQN2/dxPBXX8FgSEaWlJ8VgoDbt2/Dc9ODZIMB69etx+d9V8QUCNniPha/XwfBK+CLL75AWlqaHNCdnZ3FlatXkZMtpku48Onv4fHcxHTxNKbvin85OTnQarViaoWBAczOziI5ORlGoxHQAHenp6WAdhIMej3m5+agNxggACgoKMDMzCy+vnYNMzMzyMrMgiHZAEHK/SsG8sXcs16vF8kGA7Kz5yEIArKyssRUBGPj+NI1oArA+4LD4u7U+APGRERERERERPTAYnCVonr44Yfwg+9/Hzq9DufPX8D/+l//G1999TU2brQgNzcPycliIHR2dhajo6MYHv4KV65ewa1bo3jym0/iu9/9b9hstUYNROmSksQ8p5NT8Hq90Gq1mJ2dxZ27d2FMNiJJCs7Nz81jenoaKUYjzGYzyko3it97vcjLy0PRuvUwGo3Q63XISE+XA59r1mRhXWEhej/5RGylaEhWpd6dm5uDVxBQUFCAgvx8uEdG8HlfHz7vu4JHt26BVqvFzMyMnHd2fn4ed+7cAQAYDAbo9Xpotf6Wq16vF16vV1yGIEgtQlOQkpqCwcFB5ORkIzt7DVJTU5GUlASv9EIlQRBzrt64cQPp6RlSzFRAbm4uitYXITnZAJ1OXDcVQQCgQW5uDgoKCjA3O4fJqUn4XigGQArgZsBz8xbGx8exZcs3kJmZqQoi+l4Glpubgz+5/4S+K1dRkJ8PvU4HrVYLAcCtW6O4fv06BEHAtevXoNVqcLW/H5utm+DbAgUF+dBAA9fAAG7evAmD9NKqidu3ce36dSQnG+Hx3MTdO+ILxMbGxuRAuK81stfrxcTEBL50DSA1NRXr162DRqNBZkYGijdskFolJ0Ev5Wud984jJzsbN2/exNDQsNj6NysLd2ekF51Jb8Bat24dstdkAxCQlpYGvV4P77wXKUYjNmzYgBHPCC5//rm4LUKkFJFfmsbgKhEREREREdEDjcFVikqr1WLr1i3Iz8/Hk9+8iLNnz6Kvrw9X+/vFt7IbDNAkaTEzPS0GRufnUbShCM899xwe3bIF2dmRW6wCYkvA9IwMZGZkYmj4K6wfHkZ6Wjo8Hg9GR8ew5RvrxRcYAcjPX4snn/wmMqRWnr632fuCY2npaUhNSYUvqDg/74XXO4/5uXmsX78eRevX49M//AH5prVQtlydnpnB8PAwrl2/jm2PP46NFgtu3bqFsfEJJCUlIS83Dx6PB66BAczNzeH27dsYcA1gzZosZGdnIydnFINDQ/iT2w0AGLl5U25x6QvGFRbk45vbtyMtNRW//8Mf8NXXX6OstBS5ubkYHx/Hl1+6MO/1YvL2bVz4P5+ifNsTyMnJAQCkpqYgIyMDBoNeDur5gtCAGPADgIL8Algefhizs7Nwe0YwOTkpBRbFlsCPP/YoSoo34N8/dmBoaAiZGRlYu3atPB+vIAaF09PTkZaahst9fSgt3Qjv6Dy8XgFzc3O4efMmJm5PoiA/H2Pj48jJzsOE+TwAACAASURBVMHV/n64R0aQkmzE3NwcdDodNhRtwOTUJD79/R+wrrBQzMM7OIjkZCOSkpIwOTWFNdlrMDU1ies3bqCwsBC5ubkYHB5CfkE+0tPSUFJcgq++viats7jeBoNB7srvaw0r5oudQ2pqKiYnJ3FraAiZmRlIzczA7clJMfYsiHPIzMhAeno6NBrx+PYFcue9XqSnpSE9PQ1ffOmC5+ZNbCorlY8RQQC80r4kIiIiIiIiImJwlWK2dq0J//f/tRNP/VkFRjweXL9+Ax6PB5OTkzAY9Eg2JCM3LxeFBQXIyckRu3AvQFZmJoqLN8Dt8eDcufPIy8vDV19/jcyMDBStXw+DwQCdXg+tVuyqr9frAfiDiimpKbh+4wZmZmah1+shCF7kr81HZpb4siatVgu9Xo/HHn0UA0ND0CuClABgTE5GijEFbrcb585fwJrsNbh2/QY2brQgMzMTmx4pw//59Pe4cvUq3O4R3L17F7dv30b5tm0wGo1YV1iIP15y4vPP+/DV119jdHQUWZmZyF+7FoIgQKfTQSt1JS8rLcUXLheGh7/CWtNabCgqwq3RUXx+5Qpu3rqJ27cnMTU1hYwMsVWp0WjE19euY2rqjjgfrRZrTSZs3GiRg6IarRZGoz+QC4ipDgx6MXVDUlISkg1iTtm8vDw88kgZ/vCHi8jJyUF2djaSpZalWo24nYzJySgsKMDX165hTWYmpiYn4fUKmJ6extTUHRQWFOCZp59Gki4Jd+/elVukrisohF6vR5JWi6ysTBRvKMZXX19DUlIS7ty5g8HhYZSVlWLb448jOTkZk5OT+K/f/Q5j4+N4yGxGSXExbty4gd/97hxMeSYx/YCUZzc5WdzvIyMjuPjZZ0jSaqHRJmGtScyBqtfpkWxMFtdpzRpkZGYiJSUFWq1GSregRbLBgMuff460tHQAAozJRpjNJdAmaaHTJUGj1SA7OxuPbd2K/zx7Vg7gA0CSVgu9Thc2dzARERERERERPVgYXKUFS0lJwYaiImwoKlrS+er1epSUlCArKwtX+7/A+Pg4HikrxcMPPYTMzEzMzMzCXGKGVquRA6s+Op0Oj35jC8bGxzE3NwtBAARooNFqkJaaioceeggajQZarRZr1qxBxZNPYm5uDmlpqarlP/SQGenp6ejv78fk7dt4/LFHYXn4YaSmpiIjIwM7nvwmBgeHMHLTg8zMDJRvewLr1q0DAKxZswaVTz+Nq1/04/bkJCwWC4qLipCbm4s7d+7AumkTMqW3yxsMBvzZk09iaHgY2iQtMjIy8MRjj8OUm4frN65j/bp1KC3diOzsbMzOzuKRskcwOnoL8/Ni69GkJC20WvVLqDLS0/Hoo48iz5QnBwSLizZgdm4WaWlpKMgvgF6nlwODmx55BBqNBsnJyZidm0NycjKSkpKQnb0GWzZvRmpqKjZIXe9NJhP0ej3m5sQ8t8nJyUhLTUWyUQzIpqamYseT38TExATS0lJRVroRmVlZ0Gq1KCwsgO3PKjAxcRt6vR7r169HqcUiBT3FdX+krAzT09PQaDTYsKEI6RnpcH3pwujoKArXFaJ4wwaY8vIwPz+Ph8xmpKWlYX5+HoJXkFuvGgwGPPH4Y8jLzQVyc5GamoL09HTodDoYjUbkZGdDbzDgiScex8zMDLxer5QCQQutNgmFBQVYk5WFjIwMpBhTULpxI+bn51BQUCBvszxTHnR6HbKyspgSgIiIiGgZud1uXLhwASMjIxgYGEBJSQny8vKwbds2mEymlS4efvKTn0Cj0eDnP//5SheFiOieGB0dxdmzZ3Hq1Clcu3YNWq0WGzZswIEDB2C1WpGamhp9JvcpjcD+rUREREREtMS2v/fM8i+kvAPnzMXq72Y+RfNvDqNzIfPZ2ILuxx6Hx/UMXjy/lAWMxYv45XMHUT79W2z/8BcrXJbozr3w0bLO3+l04vTp07h8+XLYcTZt2oTvf//7sFqty1qWcJxOJ5qamgAA9fX1K1YOIqJ76d/+7d/wD//wDxgaGoJWq0VmZibGxsawceNG1NfX45FHHlnpIi6Lurq6qOOw5SoREREREa06VU9/gDoTcP73z+BHV33fioHKuhc+wDO/f1bxfSJ7Fz/6zbsrXYiE4HA48PbbbwMQA6h2ux15eXmwWq1wOp0YGRmBw+HA5cuX0dTUhAMHDsBut9+z8k1NTeHMmTNwOBzyd2+//Tbsdjt27dr1QLfaIqL7m9frxdDQED799FNoNBqYTCa89NJLaGpqwtmzZ3Hz5k3VO2EeNA/mWhMRERHRKuREW3U1GrvcYcdwdzWiuroREUaJzt2FxsXOA044nQsYu60a1W0LmOCB9zd4wZSOCXd7QAD1XfzoN7+FC+koW/fiShWO4uALrKakpKC+vh5HjhyB3W6XW4VarVbY7XYcOXIE9fX1SElJwdtvv60KdC6nqakpvPbaazh9+jRGRkbk70dGRnD69Gm89tprmJqauidlISK617766itcuXIF4+Pj0Ol0eOqpp/DMM8/gqaeewuzsLD777DNV3figYctVIiIiIlpdHK1oK2zA/sCeuO4utDoAy4oUSsmJtuomoL4D7Cy8vDKMG0N8+wu8+N4v/B/LO3DOnIPzqpasUld8BKQQSGtB9wuPI8P3eULqqu8jddnP8H8DV1D3/b/Buy98B2b58yB+8141GuWyAOfdOSg3pUvTvwnPOkVagFjLIs9PkRYhnpQICcDpdMqB1SNHjqCkpET+/syZM3LQ0m63ywHXI0eO4LXXXsPbb78tt25dTi0tLRgcHAw7fHBwEC0tLThy5MiylkPkRldjHRz2ZjTsVOSfdbahuqkblfUdqvrR3dWIOocdzQ07ETlbrb/uCqpfE5i7qxF1A7vREVBoZ1s1mrp9nypR37FfVSe7uxpR194vfrDURNg+obaLuA98k4dahmr+gH+/SPspmAU1zQ0Qd6m4TH/x6wPWTz3cUhNwLASWL2j6lRNuf8XD2VaNJiTOuvkFHjPK/RF8LAaKds6qhru70FjngF0+diKVI35ffvklZmdn8Vd/9Vf44Q9/CL1eD71ej5/85CfweDzo6+vDtWvXsHbt2sUtaJVicJWIiIiIVpViux2DZ51AQDDFfdEhDuu/Ny3ZaCX9AhcnvgNzxndw7oXN/uDlIplNj8PlegaV5wFfkPTct6HKhQr3m9j+sdSNv7wD58wf4JdjUuDWF3xVBEIbvv0RnnuhA5DLWIzyrE/R/J4vCPoifrlugWWBLy1CuiK4K6VEeK4FWGUB1tOnTwMADh8+LAdWlSkCfC5fvozLly/jwIEDKCkpweHDh9HU1ITTp08va3DV6XRGzAGrLJ/T6bwHOVhN2Gq3oH1gBFCEXtzXBmGxWNB91on9ijKMDPQDxbujBFZXJzmAWan+3tlWjabBGjR3iMEpd1cj6hq75GCVOF0x6jsaYJXGr2srDBmkc7aJQUzVItwX4YB//iEmQl07UNPcIQa83F1orGtEV3MDdlr3o6Njv3JmYuCteLcUHHOjq7EJ3XJAVBze2OULoEqBVUXA1NlWrRgOONvq0F5cj46GUNPfP6z7O9Cx0oWIhfsiHP3Rg6qxMu1sQMfOJZjRAni9Xqxfvx5btmyB0WgEAMzNzUGn0+HZZ5/FF198gQf5lU4MrhIRERHR6lK4FXZHK7rcylYaTnzQXowdzUBg2zJ16yVA1TrI3YXGugHYawbR3t4vtl6qDZiBuwuNde3oV7Y2CWh55G81pGhN1FQtPfxCbDlSU4PB9nb4GxKFb0kSscxioQJaTQUMl8ssLywBW/YsTuOHb2LdcwdRbijGcy98hOek7yfcb6Ly4/hymE6431S0Qv0FXnRtxjmzDb/cCPwoKwcZuI3zXyvmfb4a2xWtVhsefhwZM5+iWdHCtPHD32LrC9/B1nL/eK6vowc/I5blqpgWARO/VYzzLn7ktKH7scfx359+EZ1xboN7ze124/Lly9i0aZMqKPmP//iPAIBt27bJOVcvXLgAh8MBm80Gq9UKq9WKTZs24fLly3C73TCZlidw5FxAjo97E1wFTIXFQPtZOPdbpWCNGxcdgL12N4rrlN87cbYbqKyX21Oq646ILTYjt/5Ut8xUD3O2VeNUST3sjiZpWWIdVfiBf36BrS3V8wus8wIo6uXKyn6o24H61tm/Xqadu1HZfgoX3Tux0+TGRUc/LDW1cnmtOyqBJuV2k1cETahEZcASMDKA/uIdYbabG12numGpafaX37QTDWGiYe6uVrT3V6K+wbfkEQz0A5W7fZ8DgunOs+hGJeoVdbr12Rqg7gM4d+6H1d2FU90W1DT7p9+5uxLtpy7CvVPaJqprRCXq64GmUyVobtiKiwGtooNbUTrRVn0WO8JcD5XXNmdbNc6W+K59Frz4AvDue/0AmlA9WIPm3QOoa0LwcSUtbySwZWpAK82glquqsqiPIV+L2Xo0ycdg4HU46NqrunZGbk2sOn4rK/3BeEWZmqq75eNeuSxLTQ2K29sDWpgO4IPGanTLjasj7RMFaXni+MHfBwpu9RxaUVERxsbGMDc3h/HxcaSmpkIQBNy+fRt6vR6PPvpo1Dp4fn4e8/PziBSC1SUlISkpKWp5Eg2Dq0RERES0ypiw1Q60XnRjp++BwHkW3ZU7sB/XVGO6uxpVrZfkwEJrF7bKDyXdaB+oR0eH/+FNMQM0is2P0KF8qGkvRn1Hhxy8aKuuQyOa0bDTiv0d9YCqG54YmOlud6CmuQMNJkgPOY0oCRE8iF5m6TMCWmXVtaGwYz+szjZUNw36lyWNX912vwVYlS+C8nfFzzAdxLkXagLSAMTGMxkQkDx/CS7zd8T8rR+L/y5/7COcezhEF328iHXJAKavBwROFWkKygHgNjxjiyxL1maYAbg8AWW42oM+6+MoD5kuITFduHABAIJeTHXkyBGcP38eP/jBD+Thf/mXfwlAHcC02+24fPkyLly4gF27di1LGSOlA1jMuIti3YFKnMI1N2A1QWpJaUetKQ+wdOOsc7/YuN99DYOoxG5F12SHvRkdDb4WjuFbbAbWRcrWnwho+enuakRddZsqSNbffgr25g50+IJgddWw1DSjQ/wC1U1SMBCKYFFHg1jvOdtQ7avTwmwCe30HGqyAs607IPRpxf6OgPaM7msYBCC2izZhZ0MHVHEnMRobsCwn2pqA+o4dONutXoL72iAsg4Oorg4RXHZfhKPfAnttLMF+Jz5o70dlfYNi2XkosQDtcgtkKRhsz/NPZilBXtC8BsXjYWQA/SjGbuXi80pg6XdIwWUn2pTXNd91zlKD4FbR4rLRXwy5nbR8vYW0H+G/Hipb6ErL724fUFwvgYoMZVoAJyrR5D9epeVV7haPgwVl8FRc+3b6rrN1jYDyOtvdhFO+Y9Ddhca6arRJ1+rA1s7i/JrQtqMD+61ia+JB+V5A3Ro4VEvoJkitna370dFcgsa6Aezu8B/vTd3+Y0Y1vk9/N1DfgQ45lUQrurZG+MEh1DZQbsGAFtO+Mu+OIbD62WefYWxsDDMzM7h06RK8Xi+eeOIJzM3N4Xe/+x0uXboEm82G/v5+zM3NyT0QAgmCgPHxcczOzoYcrtFokJcXfGSvBnyhFRERERGtOqatdsBxEb53TjnPdqNyR/AjuGlnAzpULTvEB8dAoabFiD+w6m/VIT341Ssf+K3YX1+J/vYPEKl9m6Wm1v9QZN2P+sp+tH8QPEXUMksP7jW1ylZZDejwPaSd7VYvCybsrK2BpfvUIl/Slch+gRffewbb33sG212DANJRbm1B1YLmES3oKS7jNxMAMr6Dcy98JP59+2+k4RuRa4iv9Asvi8hs/shfjhc+wrkXDqJ8ycpwb7jd4kEZ+EBdUlIiB1adTidee+01eZiyZahvOt98lsNCXlR1715qZcWOyn44LkrrPTKA/uJCmKT6ovus0/+9LxDn/ADtqEGtIphi3V+PypB1gxT02x1QzzTshEkOCPrrQdPOWtRYunFKOaPK3XI9ZN1RCaDSH8ix7kClFAwUlwVVnSbWkQHzUzLtxM4F/Fbk/KAd/Yry+IgvQawWA10BAWZ31ykM1jwbMrg7MtCPftjR3NGBjo4ONNcMoqm6TXENKEYhutBYXY3q6uqwL1p0d51Ct6UGz6oWIgZ/69EkTVuHgd0d/uuQdQcq+9vRqpih8wNFTwUgOPhqKoScnVlq+SrvC9NO7FZE9Uxb7bB0n5XWZQQD/ZWorOyG75DyX2/FFrqq66FpJ2proL62Ve6I0BXeih2V8B+vUvf5UJfkyHythaNcZy2K419ab9+yrfs71Nde647AbBMK4j5q2OkPQFsUx4p1f32EaYPvI6zP1gTni1ceF9YdqEQ/BiJFm0e60NjUjcr6KAFYQMxR3w7UNEdOUzA+Po7/+q//wsDAALRaLdLS0jA3Nwen04nu7m78+7//O7744gskJSUhPT0dgiDg0qVLuHjxIiYnJ4Pmp9VqodVqMTs7i+npadXfzMyMPHw1YstVIiIiIlp9TFthR6vcCudsdyV27AcQLr4S2B3OomwlZ0FJUEOJfrQ3SR0mC5VPKWJ3ze6m6sBOoghK+heguFD9tJNXYgEc1+AO92gTrsyhWiXJ3Lg2CPR316G6PXCYBfZQk6xCYr7Rm6FzrZ6vxm9yP8JzGTkoW9Bc05GbFX2sxg+fkZcplsOXC3VBC1uCstyOq3VuovG19AzXlf78+fM4duyY/PnP//zPVeP6/r2cLUZDBQnCuXfBVbEO6ZdaGIoBL7FVmmmrHRapbhk52w2LvVlsgyhWDqgLqhwsqAmcufsaBmGBPVQjspDDTCgsDjGuajGhWlv65teP7rpqBJUsqGALJ3a/rkR9R5gf4HZCbMVY3eh/KZC7C60OO2obQrefDMz1adpZixpHHU51PYuGrQDQjabWGjR3dCha4ga0opRbpNYGdO0Wu58P+lpYwo2uxmpUF/t6H1ixv7kGjXX+er6yXgySx8J9bRCw2FX7wrqj0p9Tx1SIYjikVrBiK9XmkkG0il/4r7eRroeRL4cq1h2VwCnxeDWNDKA/YjA2HLEsxbtDXGcHFF8UF6q2tfI67M+qE/AiMgByaoUmaZur0mmEWrbY+li5aHVZA+47lMHvuPjuWXyt1CPxt1yOFoR1uVzweDxYs2YNcnNzYTQasWnTJrjdbly7JvYUys7ORkFBAbKzswEA165dw/Xr15GamgqLRR0y1mq1SE1NlQOqSr4ALYOrRERERET3jCI1QKGii2IA/0OSRe4mJ3Y/jb4ES00zatGKuqY2f245qWtppHypi7WYMvse8mLNobZadX59Ff/d9DieefpFNIbLLTpzE31h5yC1Mp1Rf5ub9iIAxfzKN8McmGdVWY6P2/HMcwdRnlyAKhwWX7KVXIAqQJEaQHzRVPn0b7HdE9v6RS3L1Y3+FAFXlWUT0yPkLiLv7L1WXFwc8UVQZ86cAQCkpKTgyJEjQd1NfflQi4sXF5oIZ2pqCkNDQzGPf8/SAkAZRIUi4AXFj09bgUGgeIeiLoiSY3XlRMmxGid/YDXKi4RMW2G3tMNx0Y2dO4GuVgfstQ0L2E6BweVK1KtaQT6LGkudNH9fEtAw6QN8OVX9CVuxs7YGjrpT6HpW2kaBOVzdXWhEMXb4YsH9A1C97kyVFiEasVX0qYtubMUgLCXPir1FWi/CvRUYDLjeLvp6aN2Byn4xH26h4keCe81/7a2UuveLQW5/OaVu9VIahbrqdinv6ooUN0hlfQd2nK1GU9uOCCmAFC9Li+Fku3r1KgoLC2EymaDX65GUlIRNmzYhPz8fU1NT0Gg0SEtLQ05ODpKTk6HVarF+/XoMDg5ieHg4KLgKAMnJyUg2GjE3N4f5+XkAYtA12WiUX5S1Gq3OkDARERERPfB8qQG6wqQE8HfVa0ZHh/+hfWSgP8S4gSywbzWJL0FBN5rapG6FUuuSwWsL74IcOI34Bu/CgIf3GMqcVwKL3J02kNhapj9i38H7wNXD+P/ct5FhOojup19UDap6+gM8l3Eb553SS6POX4IL6Sh/+G/kcRq+LeZnDZRhqsEvfelKN7ag21wMTPSIrUPLO3DuhY/wruLFVNhoQ5kBmBjrQSeAxi8+xYThcdR927+sqqdrUG64jfNfBOZojSxiWfALvCetv7I84noN4qNVElgFIL8AZWQk9DFrt9vx/PPP44c//GHIPH6+6ZbrZVbnz5+PPlIAhyOmX0IWz7QVdjhwsessulWtQk0oLO7HwEV1F2tTYbEcdIs+70IUh+uGHHKY2Go+vvWIsKy4ia09xRyagYFVJ9qqq9EWLo+L+yIc/f1or/N16RdfYtTdVI3GLneY6cX1Ly40SesTro5WLsaBfosdW5fg0BXnJR0Doa4RIwPyskIdB+6AnWfdUYn+gYviS9K2SuvUP4CLFx0olq+34vUmnuuhmi/FRZf4I0FcgdrQZQm63g9egztweHEhTHJX/Q45xU5Ypp1o6OhAR30l0H0WzpDLFn/oDF/WgONdCn7HT2wJa322BpbuprDHtvzytBii4dPT07h165b8eXZ2FoIgICUlBevWrcPGjRthsVhQUFAAg8GA+fl5zM7OQqvVyi+9CpVbVaPRIDUlBQaDP4eNTq9Helraqm21CjC4SkRERESrlakQxf3taI/yMKYMNIovkVjIQsR8qpAfVqx4tsaC/vZWVf48Z1s1qhu7pIe20A95qmmcbWjqtqDm2dAFj1hm01bYLQF55KQurV1usesiAh6uxLyCbRFzwq42nR8/i+2//xQwHVTlHa3Luorm95Td5X+BF3//KSYUeVKfufummDs1gMt9FWWPSfN67HHA/ab/xVXnq7HdNajOcyqNI7cSvXoYle/9Fi7FssT0BQvvvh+xLL71DyjPc8mfojlUqoQEtmnTJgDhA5JTU1Po6ekJ293eN922bduWvGxTU1M4ffr0gqc7ffr0PUoPIAZRHY5BWOxbVT/UWHdUoru9Xd3F2vosaiyKH4sAsbt6yLpBrOu6T3X5g1HyuNKwJv90vqBNLC/HCRY8v6gB0CicbdJL/0K20g1eN1X5fcEz+U/Mn1lZ78uxKeUJDZwevhyZVjxbA7S3KrfdB2jvF3+08wn9Axuk/JrKfLNudLUqc8YGbBt3F1qV+XFNO7FblWtUykfqO0ak40CevzS9Sl4JLN3taO8vhpjRJg8llm60txcrrrfi9UZ9PRSD2o0LTPBt3VGJ/vZ2dAekBMgrsUgBTFFQbllZiLKEus72t+MDxXY7FTDcf92WWnjKQ4LXS3wJ2g5Y5WX7864725pCpA7yl3WrXX28h1+vBTLtRG3QuSQXCnUx5Fn1GR0dhSAIctB0IX9erxezs7O4fft2yHn7Wq8mJSWJrVaTk5GcnLzYtV9RTAtARERERKuU9ICLcPnZTNjZUI+B6iZU+55yLDVori9GXZP01uSYFiO+WKWpqRElzQ3YubMBzWhEnTI/oKqrrfS25fY6VDtq0NxQCACorLHDIU8TrgtsDGU2mbCzoRlorEN1tVwA//xM+9FRD1Sr8uDF0C12Nbp6GJWxBC1DjveuPwgZ63zOV2N71IaMv8CL74VppRpy+nfxo98oWprGWpaYy5PYSkpKsGnTprCpAf7pn/5J/v+uXbtUw5xOJy5fvoxNmzYtS8vVlpaWsC1qIxkZGUFLSwuOHDmy5GUKZN1Rif7uQdQEdi2XAnSD6sSOwfVLhLrBtLMB9QPVihytYj1jBQBfPShXQourY3zLaqpW1Frxdjd3d+FUNwC0B+WX9c0zeN0WVn7r/g7UtwVOr375l7h91NtOmW9VTH0aKgutFfs76tFWrcidbalBs7wxfDlXq1EtD25WbSvr/mbUKK8Rqm7gvuPAN38LKist6Fc2nTRthd0C9Bf7rq++FysG5M217kdzjfp6GC0tjWmrHZb2JlQr0zVIx2vgL6W+XLa+4yJiblnrfnTUt6E60nXWUgmcqkZ1v2+zdEjDfakXlHlsm1Fzqg7tZ53Yb7UGDRev+1b1dpA2uKWmBpVBGYSV66U+3sXxHSHyvy+cvM3adqhSFjjPistqD8xtXFkfMo3ArVu3oNFo4PV6MTc3t6Ay+IKyExMTci5WJY1GgxSjETMzM/DOzyM1NXVVt1oFAI0gCMJKF4KIiIiI6P4l5W1bxjytiWj7e8+sdBFoGZx74aMln6fT6URTUxNSU1NRX1+v6v7/2muvyQFUZbByYGAATU1NmJqaQn19fdgXYi3Gj370I9y5cyeuaVNSUvDLX/5yiUtEtDzEvN72FczH60Rb9Vl/fvNlsPLrGIkTbdWnxB9wYyicu6sRdQO7I+RWXbyuri4MDg7i4YcfRkZGxoKmvX79OkZHR/HII49E7FUwOTmJ+fl5ZGZmLra4y6quri7qOGy5SkRERERERCvGarXiwIEDePvtt9HU1IRDhw7JwdIjR44EtWh1Op04duwYpqamcODAgWUJrPqWHU/OVQAoLy+PPhIRiZzhX0x5/3Gjq7EODru/ha+76xS6LXY0xxj1jS13/OJMT0/D6/VienoaOp0OGo0GGo0GAOT/+/jabAqCAEEQMDs7K6cTiCQtLW15Cr8CGFwlIiIiIiKiFWW32wFADrBu2rQJdrsdJpMJVqsVTqcTIyMjcDgcuHz5MgDgwIED8nTLoaSkJOglWlNTUxgcVL96pri4GKmpqctWDqL7lxhobO+vRH3Hg9K1IzgFgTq1UCRiT5huWFDTvLzby2Kx4D/+4z/wySefQK/Xw2g0Ii0tDWlpaUhNTYXBYIAgCJiensbU1BQmJycxNTWFO3fuYH5+Ht/4xjewbt26ZS1jImFaACIiIiIiWnJMC3B/Wo60AEpOpxOnT5+WA6ihbNq0Cd///veXrcVqJG63O6iLaHNz87LkfCUiopXHtABERERERES0alitVlitVrjdbly4cAFutxuD6ok11wAAIABJREFUg4MoLi6GyWTCtm3bVjSQaTKZcODAAfzzP/8zAOAHP/gBA6tERA84BleJiIiIiIgooZhMJuzatWulixGS3W5f1nQERES0umhXugBEREREREREREREqxGDq0RERERERERERERxYHCViIiIiIiWXEFq/koXgZYY9ykREVEwBleJiIiIiGjJbTc9sdJFoCX2zbXbVroIRERECYcvtCIiIiIioiX3V4/WIlWXgv+8/gmGJ79e6eLQIqxPK8RTBTvwo837V7ooRERECYfBVSIiIqIEJdwdx/R/vI25L/8Twlj04JQgANAI0ECz/IW7zwmaJGhzzEj9/v8Dbdb6lS7OqpRlyMQrjx9a6WIQERERLSumBSAiIiJKUNMf/b+Y/fTdmAKrAKDRgIHVJaIR5iF4+nHn3cMrXRQiIiIiSmAMrhIRERElqLkv/3MBYwvLVo4HmXf82koXgYiIiIgSGIOrRERERIloegLC1K0YRxYAtlhdHt55eMcYYCUiIiKi0BhcJSIiIkpEyRkLGJmB1eWkzSpc6SIQERERUYLS3blzZ6XLQERERESUsHi/TERERETh6Obn51e6DERERERECYv3y0REREQUDtMCEBEREREREREREcWBwVUiIiIiIiIiIiKiODC4SkRERERERERERBQHBleJiIiIiIiIiIiI4sDgKhEREREREREREVEcGFwlIiIiIiIiIiIiigODq0RERERERERERERxYHCViIiIiIiIiIiIKA4MrhIRERERERERERHFQbfSBYhZ33HUtvQA5iq8+oodudEnwPHaFuBwK/aVxbdIj+N1HO2tiHF5K80Dx+tH0ekKNcyMqldfgd23En3HIW6afSiTPw+rxwk1b8S67ZebWJ7eilfxSugCU8TjQWI7jFc3vL+KjvF4RN4OtkXUD0up73gtWnAYrXJh+tDXV4ayFS+bB319QFlZIhwd0r4sUm6nANJ1Iv79Gmfd4nHg9aOdcAEwVyV+veRxvI6jYU6KpSp/3/FatPQAgM1/raF7Qr/7Qxg3ZAQPuHsBd996GbNLubBtbyG9shTz3d/GnQuhRzHu74Ue/4KJtp8v5ZLjllDl8d3bBgk+b+7ZPWlfH/rKyu7jc1Z8PhiOUNeJdSQi3BeHmGvQdTw6j3iBvU/vv1aKuH+DzyrzgvYnERHRQq2a4GrfuR7AbIbZ1YkzffZ7EhDJtb+CVvvyL2cphXow9jhex9Gjx5Ef5QG3953jyH8leByP4x30wrzkZaXllAv7K62QD9/AgLps9R3j8QgZMOo7jtqW2kX9ALNUyva1olX+5P9haGWLpQg0JtBTtnn4fbzueCnEQ3Efjr8/vCI1Vd+ZTrhsC3uoXnGhfqj0OPD60aM4nr/Ic8LjwPs9fJBdUSECqcb9vTDWdSKpuQp3V6xgFCxMILX2ddU5dE/uSeV7hVVUl8Wr9x0cz38luK7zOPBOLxZ8LVFfx6PzB8sfgG29AgJ/ZBWfhV4HeF0iIqJlskrSAvThXA9ge/4lVJiBnnN9K12gVSXX/jxs6EHkzVaEiorhEON4cKm3CBUVy1c+ohVRtg+HbaxPVp2KChT1XoIn8Pu+cxiuqEDRPS+QBzeGAfOG++BpLdeO55finPAMwYUi5N8Hm+R+cretBXN3zdDv/9uVLgpFkWt/BYdtLnS+4wiu62hJFFVUYDhEXee51Isi3vTed8RnIReGeEIREdEyWRUtVz2O99EDGw6X5SK3wgx0nkPfvsAuS+puIOaqKtVDtu8X4qqiTnT6RrIdRus+qKZT/tKp6oLlceD1o72oOFyB3hax+2fg+Ktd/uYK9L7jgEfZmqnvDDqLtuNVDK9k0eIU2CU8sHVIqC7jvnHCdA8ObAGq6A4sTr66Wq+puxlKLSarqjDc6VsnsfXZ5kuKbsQhWrz5uwD7p0n8lgFiUCwoGhfQTTO41WtglzP/ceVxvI6jQxWoGu5Ep0uadvMlse5QbhNffSJ95+9OqKiPWmrRo6ijlnq/+Pb94YpetMgngfr473QBcB1FbW+ipAQBgM3YXnQ0oAeDB473h1Hx0nYMQfFdiDQCC+266Rv/MFr821Le1opjwXUUtZ3+Y2F1nhMhRKzj+nC89n1sqCpCZ2cPABv+omoYv5KOp5baHv/5E6Wu7Dtei/c3VKGosxM9EK+t28/VogVV8vkEKM8p9bng37aR6nX4z70o1/LA1AmB9cDq3L8ncefq88jY8g0YAbn1qnF/L/Q5yvEmMKfs5r+rExlbFO34boboUr+xExmV5tDTAwAKkfJyL3TG8PNQlyN4HpHL+bdIrXsawpAHug1mAC7MSi10VdPdvYC5qbAbKKGU7aqC+WgvLnnsEE+hwOu1+txTp3qK4xqmmK6lVpleJfK9VNC5+xdVGP5VJ4pU59TiU3UtufzNqOh9Bw6P8tztw5nOImx/FcF3vSFSOCi3reraEqWe8dcvLhyt7fXXHzHUk+GvRwsrZ8R5BO3zaPXs6kz/Eup+QPld2BQ6tsNo3ZcbNu3U/fRsSEREsVsFwVUPLvW6ANvz4kXb/jxsnS0417dPkY/QA8frLVIgogz+HKGATTkrVyd6K15Fa6vvQa8FtT02HG5txT5INzstx7E97A2CC53vV+DV1lbkxjR+Yug73iIFp6OMmLsZFXhHvpEHxHQMtu37gBvLXswl5s+p1fqKuDJiN7vjiuCHFHh5pUw1Tcvx7WjdV4bNFWZ0dp5Bn13xEHGuB7AdDshV2wpxEeJxV3t8dQVYA/V0DuFwa6s/QHS0FuYq6byRttE7js3SjboigOXrRth3HLWroetV3xl0usyoekkRbne8jqOdRfL6i+t7FK/D92AiPZQqHnj6jtei5fUNePUVqb9mTyeGDrdC7lW5oFYSZdjXehhQPYT2SbNdhv3i6sT7vjpRmsZ3/NtfeRVI0NzGZdttaDnXh32+i4DnEnpRgZdyoQiu5mJz0I9xUi+IqJVhgJ4WnDvcitZ94jz827oM+1pfxQbVdlLkqG61+68Vq+KcOI4W5faJqY5zobPXf10EgO35ofJ6i8GaV6Rj+nhtC2oDHmpdnb2oeLUVrfL1B+rzqe84aluOotZcJS+v73gtWt5xYLMUGIhWr8tljnAt9+dbbFUEPHzpElZxnQcA7psQUArNNgAXxPys+tQLuNvsSyGwBykvH4au4i3oL7yM2W1vIX1LLua6KxRBzO8iddfPMXXGN9MM6ExXcLe5CrOQcr5WdsJ4QZF+IGcbNJ9VYOKMfx7pu6/g9qmT/mXCXw5xHh8iBWLwNGo5Q5QD0nz0Of5Aq5iPFsDN5d3MSyI3H0W+lnYhj6vgc29x17B98F9+9imml8Z/RTF+rTrNkPrc9cDRBXQq6+i+c7Hdh95TudhcAbxzyQO7/6YXPbbt2Bd40+tx4HWpLlT9QNn5Dhybw533EeoZ+yt4FQE5dGO9pwx7PcqNvZyR5hH2GuZLLxb9/joReRzvi8fxAgoYlIrDt492iTNRpd+CdG4MV2FXom4EIiJaVomfFsBzCb0us3whA8qw3Qb0vK/oKtV3Bp0uGw7LNx+5sL9UFSJfkg3Py8mrNqPCDJirdsk3Arn50TuU2p73/7Kbu7kCZgzjRgJ1MXF1HkVtba3qr6Un1l+UxRvN3ku+FerDuR4btq/Gm4S+c+gxV+ElxR1vrv0lVJl78L5DXL+yfa0BQVDx2PKPH5hOQQrMSBuk71wPzFUvKW6qpeOu5304EuiYWCjlOVG23QbVeYNcbFCeWJ5L6FWde5C627vQeSZxutuHOi+CX+Im/pBjO6w8V8qw77ANrs4zYojT94CoWN+yfa1oVbX4WJ5zZnn2i3oemyvMwPCNxO+GWrYdtp5z8K2J51IvULE5KP4g1tGKc1jafwveP2blw5JYT7jC9S30XbNeUlwr7C+hyuxS1K0JwNWJo0HnhPplYLHWceYQ217J96PUPsU23Cfm5ICqljBXYHPgjJTbvmw7bAi4Dm9QX+mj1es+4a/lYj2gWu9cO15plbbLKqnzYjV76tuYUOVmPYk594R/BFMONKopfo6p5gpFYFU0f9U/j9mrVyAgVwzg+tz8F8U0P8fUZy5oNjwPIwBsexpJxgnM9SrmceodzN3NQNLGPbGVUyK4P1aM87fQb8jA/Gf+IK8430hbZHVRn3tLdQ1TCDn+4eBUU6pzV7qWKM5vsQ7YnnCBt1zxple+5okNCkKUMteOV1rVQVSx3ohsIc8MMd9TRroexVrOSPMIeQ17Ba3yj2XR768TQU+L+vp2tNO1uPsbjwOvt/TAdjh0MN3jeF183kqYXj5ERHSvJXzLVc+lXrjMYoskn7LtNqBH0VXqxjBgrlBfzHLzg3PvmTcs8oJnRqKn1Vvsm55zxZ/x4bHbkSv/gr/AxncJwHNjGHD14GhtZ9Awc0AqraBuP/KDuHjDKbeQU7W8ELuUu3qOIngRZqzmbF1FC0mU6BmCCz1oqQ3xtuMQAY2Vojov5FZ0gTfIHgy5xBvy4LURVyZkXRO0sMXWM6Ety35ZprIuvzJst/l6MHhwqReoeElscaMi/Yjma0Glanm+EEX5sW8nKd/o8+oLktgSPnwTtHsv1AutVGKv4yIfm1JO2oqAccq2w4b3ccMDlPkGhdrOC9n2yqWGrdeByNdysR4oej7MCKukzluwwK7/vgDkmfcxt/EwdJW9yKhE6JQAmIDgjjx7YfKK+gtlC1pTDjTwQFClETiJOfdL0KWVxlZOiXfspP/DtkJoMYF5VdlOQpg6HLmwq4j63Fuia5hyjiHHF++N3leevAHnqRjQ65Tq6Dh7DNwLqh5bUoOCiDe9gSkVIt3vLeSZYQH3lDHViVHKGWkeIa9hisELuL9eSUFd86WUC0eP58fRu6wPx8XuDKG7+/cdl3o7JG7LXSIiWn46QRBWugwR9OGMnJMo+CLe+8cR2Oy5EFdBgCAI8K+N9C9BgCAgxDjS/wXxO/Uk4jDVNNI4gjQ/37yDvlsxIdYn/Kji/3zbQvk5x4od+BX+OGJD/rke2MqrFOsXuI1XSvR1HRlyAea9+Nlfhw4eCIKAvs6XcawHAGw49NZfi92tO1/GMfjnW1puA46dw+dVpcC5Hpj3/gylggABIxAX8TP8dchgdiIcEwqB+9z3tWq/qs+Z0NOpt73n+jDE7VcV8oZy5euXEMdKaRV+tncYP22pBQ69hSq5+/51DAOwKb9TzUqAJ8p5EPI8iaHukLetICCw7gr+jCXZL6HKGng8xFyn3BPq8pSW29By7nNU5dxAL3bgL3KUdblv/XJg+54NncfO4fMqAed7ANuh0gjrE7zO6n2DEN8FTBPmXBsZcgXNZ6XEVp/HUseFODbFQdLXEY4j6XwrCnkOKGej/C54eYHrErVej3o+hlknudiJXudFYcqB5u4VzEmBTLGbfAbE/KUVchd8o8k3wUnceUsKWO7qRMaW7yKj7rthgqxLKyktQ/539HIuv2XZt2HqCwDSOWLD90pD3ceGOE6X4BoW8T7YXzBcF09e9TVIuX1ybPierRPHzn2OKuE8emDDodJEuS9SbrscWHcAv/rjCGz559BjK0dVqHt+jwNv/PQEXBDrxLekLvhv/PRs6Ot4LNd91baN7Z4yaj250HKGmkekYxKx3V+vrDB1eI4Nf7G3Fz89ex0jQilyEcO2AAB44HijBT22Q3jLlhO8fh4H3mjpge3QW7DlJMoxTkREKyGx0wL0nUcPzNj7s7fw1lvqv0M2wHXiQ/RB6s7vGlb/0Oy5sSpfwbTycrF5B3D2kgPne2woX6U/weYWmYOPCZU+KdDyFt6SH5KlFxwplZXDhh6cdzjw6x4zdsj93nIhLmK1teldWmIqjcRKjRGLXPtfYK8Z6DnW6e+WLLV2H46wMiHrmnh4hhHiHQhLZrXulwUpK4et5zwcl84COyJ0Sy8rhw3DuOEQH/CXvU7LLQrR9VNqvVmUIK1WY7JUdVwuxNMmYD6eYbhQhIU0yI4uxno9InG9w9UDq/vc2oOUjWZF1/k90JkyIAy1YKLZ//IoZVBT5UwVJporMPGZC8gRX4oVK01gC1Rla1X3zeA0AtgDTSqkFq8LLKfPhWvwIgMaVQBWnO9q0PfhCbhs5bG3hFuGa1jo8T0YdkXvTVFWbgOGb8BxvgdYyHrcY7niTS8c53tgC3OB8Fw6C5d5L3721lv+4OeSXseXpr5dknKGvIYpB0e7v17Ngq8XfZ0/xQnsxc9C/mLRh86fngD2/iz0DxpERPRA0fpaaiTiX9/5HsD2PemXQPVfabkNQA/O9wkQSr+FPeYeHOvsk4aP4ONfnZBuJnzTKP+t+LU98LPqO/U04iD1PEJ9t2J/gesTaTzluAGfc/KL4DpxAj22crGVZrjtl8DrmmP7HmxQHhMChJGP8cbLL6Ozz7c+wPD1Ef/x1vlTnHAhYJ+W4lt7zOg5cQIu85Owysei2CIOPcek+Yl/Ix+/gZdf7kTfSm+faPs85H6VR4o8nfJz6bewx+zCiV99jBF5nD50vvwy3vh4ZPHlXrZjJQe2/XtgRg9+LZdT3NeuE7/CxyP+cfs6X8bLb0jrVyoG23+tXLe+TsU+D3Ge5IgvJTnxoaJ++nWP6jjzb2axbOvNymNzufZLqHNa+V2OHBRb8X0Ycl/mYL25BydOAE9ac8JvK6EU5TYXTpwQH/BLF7SMwH0T5jvlNDlWPBmw7Uc+/hVOuMyKcq70Xyz1eSx1XKjtHXx8lpYHzqcPncfU+yOm7RxyecF1WLR6PXA56u9yYH3SLP54Kw8fwcdvSOfOCtR5S8W4/zB0RhfmTp1Ufa8MfIovgFIM3NWJjLoPkaIIfBrXmYGbfwzskR9ZzneRusv34W+RusUMYeh9cR4XPsb83Qzx5VRyOV6CzjiB+av+skYsZ0g/x+zQBJK2dMqBYHG+Cym437Kci/6Zq74f+fgNHOsxY8+3SiMe64F13aKvYTnrYcYwrvuml8ZX3kv1dR4Tf6gqDX/uytO6TkCsekujb4t79hew7XLyUeQ6gRM9/nUKricgBhR9n0c+xhvHIl3Hoz8z5PgC11K9E8s9Zahtrf5u4eUM+s53Dfsw8P75DXw8Esv99Ur/hTo3BAhCHz484YLtezbk+PbBejPQ82v/+dL3oep6IZ+H+/3T+P9G8PEbx9Bj3oP9tkS5tvOPf/zjH/+W6y8WiZtz1ePAr6UunCFJAdWT569gb2kp7D9uBP6+AQcPioPNe/bA5joZelqKTLqZRnmYbZ8gXCcbcDBwF5v3oPHHduSiFHvfPAQcPIaDiuRjtkNvYm8pAJRib+Me/H2DYh62Q2jc82s0nDyPK3tL4Vv73M1PwgwX8GRA67jSvRAXcVCR18qGQ2/uRWJvuaWUK597DYqdYd7TiB8n+muzc+34nu0kjp1swIkC8bjItf8Yjfh7NDQchLw28jEFQDquThxUHnv+fR66JYd4rA03+I5FM/Yc2gPzsU/CFQybnzTj5MkGHPxkDxp/XBDPyi3JfhHTYhzDwZ5EPK7F7QQ8GfwSpABicK8HtntSp+XC/uM3UXDioGLbm7Gn8ceJ/yb5QEtVx5XuxZuN6/H3DQdxUJ7NIby5d6n3R+z1eiRyPXBQLq3q3FkVdZ5xG4x1verWpXcv4G6z+qVQd94qRWrdd8Wu/r5xPsuBcUspdNuA2TNVuJv1IYy+nKu+cd5aYEqAmxcgbOxFxhbxozDUgttykFdMPWDc36so8wTmun2tVGMo54XABYpmT30b2P0hjHW9YuD27gXM3dyWYDe/PTh2MDBLanx17mKvYcjdjCfNJ3Gy4SA+2dOIH9tLsffNRqxX3F/HXrZSiFWvLcFvJ6VyojzsOuXaf4xDXx1U7Ccz9jQeQlHDMXxyyQN7POd+aTlsOIZjB3uke9PF17dLU87coGcq9TUs2v11YuhRbUdRYBnl7eU7X2yHcMjWg2MAgCv415NipPWk8nwCxHPqe19BHHxSdS0QByfY9YCIiO4JzdjYGLPDEBHR/evKCRw8hgQMEBNFp3l7V/SRaNkJB86sdBFWnSsnDuIYluOHFCIiIqJ7p7GxMeo4Cf5CKyIiosW5cq4H5j1/h42CEOEFTkSJSbPSBSAAifCintXmCs71mLHn7zZy2xEREdF9j8FVIiK6P3l60Nx4CgMlu9GwJ8RbfomIYsT6I3aenmY0nhpAye4G7OEb1ImIiOgBwOAqERHdn3Kewv849pT4b7ZaJaJF4P1y7HKe+h/wV73cbkRERHT/0650AYiIiIiIiIiIiIhWIwZXiYiIiIiIiIiIiOLAtABERERERBHwfpmIiIiIwmHLVSIiIiIiIiIiIqI4sOUqEREREVEEvF8mIiIionAYXCUiIiIiioD3y0REREQUDoOrREREREQR8H6ZiIiIiMJhzlUiIiIiIiIiIiKiOLDlKhERERFRBLxfJiIiIqJwGFwlIiIiIoqA98tEREREFA7TAhARERERERERERHFgcFVIiIiIiIiIiIiojjotNc+XekyEBERERElLN4vExEREVE4mvH/+TSTSBEREREREREREREp/N3Q9qjj6DA/cw+KQkRERERERERERHR/Yc5VIiIiIiIiIiIiojgwuEpEREREREREREQUBwZXiYiIiIiIiIiIiOLA4CoRERERERERERFRHBhcJSIiIiIiIiIiIooDg6tEREREREREREREcWBwlYiIiIiIiIiIiCgODK4SERERERERERERxYHBVSIiIiIiIiIiIqI4MLhKREREREREREREFAcGV4mIiIiIiIiIiIjiwOAqERERERERERERURwYXCUiIiIiIiIiIiKKA4OrRERERERERERERHFgcJWIiIiIiIiIiIgoDgyuEhEREREREREREcWBwVUiIiIiIiIiIiKiODC4SkRERERERERERBQHBleJiIiIiIiIiIiI4sDgKhEREREREREREVEcdIKw0kUgIiIiIiIiIiIiWn10jK0SERERERERERERLZxOYNNVIiIiIiIiIiIiogVjy1UiIiIiIiIiIiKiODDnKhEREREREREREVEc2HKViIiIiIiIiIiIKA46CAA0AHxRVt+/Q/0fIf6NGKYLN+9w0wZ+5xPrfGMdJ9x8A78LLCdCfBdp2aHGDbXsWOerFG2dwo0bap2irUuobRSuvMrvYxk32v5YyDqFWna0/bMU64SA72Ndp0jjLtU6xbpvA5cVS7mj7adw2zRwmLLM0YaFmm+4YYsZHvh9uGm5TrGVaznWKdT6hJuW6xRbuXjsLf28Y12nwHlwnSLPl+sUfdqFnE/h7suiLTeeci1mWq5T4q1TqOFcp8RbJ9Z7q3+dAocppxcCxl+K5SqHBS7/XqxTqGVzncLPN5ZxFlp3CSHGCTV9tO0Zrd5TjpPI6xSBToCgHlmI8v9QC1/odIHTL/W4CxknlvmG+xzrsiMtY6XmG+pztGUu17pFmi6edQr1faz7fynLEOs6xbqMwO8Xsk5LsU8Xu42izSvS94sZtpjhsVSkXKelGRbv8BgvdlynJRq2mOH327G30Gm5Tku33OWc94O8TpHuy+JZbjzDuU7Rp+c6Lc9wrtPSzZvrtDzzXuljL9rneObNdVq65cY7TizlinX6WLfnal6nCJgWgIiIiIiIiIiIiCgOfKEVERERERERERERURwYXCUiIiIiIiIiIiKKg05gdJWIiIiIiIiIiIhowZhzlYiIiIiIiIiIiCgOOi+jq0REREREREREREQLpvMyLQARERERERERERHRgvGFVkRERERERERERERxYM5VIiIiIiIiIiIiojiw5SoRERERERERERFRHJhzlYiIiIiIiIiIiCgObLlKREREREREREREFAfmXCUiIiIiIiIiIiKKg07QaFe6DERERERERERERESrji4pPXely0BERERERERERESUWMajj6IRBGZdJSIiIiIiIiIiIlKqq6uLOg5zAhARERERERERERHFgcFVIiIiIiIiIiIiojgwuEpEREREREREREQUBwZXiYiIiIiIiIiIiOLA4CoRERERERERERFRHBhcJSIiIiIiIiIiIooDg6tEREREREREREREcWBwlYiIiIiIiIiIiCgODK4SERERERERERERxYHBVSIiIiIiIiIiIqI4MLhKREREREREREREFAcGV4mIiIiIiIiIiIjiwOAqERERERERERERURwYXCUiIiIiIiIiIiKKwz0JrgqCcC8WQ0RERERERERERPe5RIo16pZz5pOTkxgbG4PX68Xs7OxyLoqIiIiIiIiIiIgeAHq9HlqtFllZWUhLS1vRsixbcHVychKjo6NISUmBwWBYrsUQERERERERERHRA2ZmZgajo6MAsKIB1mVLCzA2NsbAKhERERERERERES05g8GAlJQUjI2NrWg5lqXlqiAI8Hq9MBqNyzF7IiIiIiIiIiIiesAZjUbcuXMHgiBAo9GsSBmWJbiq0WgwOzubUMlliYiIiIiIiIiI6P4yMzOzYoFVYBnTAhARERERERERERHdzxhcJSIiIiIiIiIiIorDsqQF8GFaACIiIiIiIiIiIrpfseUqERERERERERERURwYXCUiIiIiIiIiIiKKA9MCEBEREREREREREcWBLVeJiIiIiIiIiIiI4sDgKhEREREREREREVEcmBaAiIiIiIiIiIiIKA7LGlxdKldOHMSxnlBDdEjJyYe5/Nt44VvlKEi9V2Wx4dCbe1G6hOMmlis4cfAYemyH8Obe1VVyIiIiIiIiIvr/2bvz+Lrq+87/r+85526SrvbFtrxbxgvYYEMMMYsJNGkykA2aoQU6TTtNaDvdpuQ3zdLJJJnQSdMJ85tp2oSknXZo8CShgTakhSaQYBOzGHCCDV6wsLxItiVLsqQr6W7nnO/8cSVZsmVrsWQj6/18PPwgss79nu/3fh738/D95HO+XxG5UGZE5+rgMLWrrmd55fC9UCXcAAAgAElEQVTfpGnduZM9P/pbvviT57jrT/6AG6qm5JZjzMVirWWs1U3k2reXgflaq+5jERERERERERGRs5gRnauDlr/7lzmjkfKXoWfn3/Klb+7gO1/5NnWf/2WWRy7K9ERERERERERERGQWuSQOtCpd++v8wQdqIbWNb/+09WJPR0RERERERERERGaBGdW5ei51176bhu8/QuOO/XS8q47B3QH6m1/kse89ye6DnaR8AI9k/XKu/cC9fHB16YgxCtd+n1cbU/iAl6xn+bUf4N4Prqb0tPvl+5v56Xf+lu/vbCPteyRq1/KBX7+LG+afufFrvmc3//St7/HsnjZ8L0Ht8uu5894Psvr0Qemn9dUn+fb3X+JgZxofj2TD1Xzgzju47vRx+5t58bHv8eTug3QWFjb6fPd/m9/7Xy3c9cd30PGdr/HswTTUXsuv/8G9rC0FBua2bX8baRIsvuGjfOxOtf6KiIiIiIiIiIiMxf3c5z73uekYuKuri3g8PiVjdbzxJNuPwMIN7+PyyrNcFIvQ89JzvHksRsMvXEWdAz2vfpPP/uXTHEs08O7b7+CW669hxVyfYz/fxWvbX6Z/1S2sKi+8PL//O3zhwX/mcOIq7rjj/dz4zhWUntzDju3P8WxrPTdeVUdkaC5d7Hvpx+z0L+dDH3o/16yAYzte4YXnXhox5tC1L2+jkWu46573sX5+H3tfeJHnnt1N8pp3sjAxuIB+9n/nAf77Ewdg8Tu57bb3ceMVpZzc9QI/fvoFmmuvZP3cgYt7XuWbn/1Lnj6WoOHdt3PHLddzzYq5+Md+zq7XtvNy/ypuOTUJntzeyOGdL9BWdzu/dMd6qiL1XLW2jljHT/nKF/4PP+ssZ/0dd/D+61eQf+FhHt6fpfTYMdoWbuB9Z33DRURERERERERELq5MJkNFRcW0jP3DH/5wzGsumc5V8Egkgc4OenqAqg52bj8IiU38/h/fyeLBy1av5tpVlXzuy0+z7aX93Lm4sInr/pe2kWIDv/XH97J66NI1LP67P+GRgztp7F/L2qHm0RSs/T2+eNdyCn+1mqvnJ/jjB7ew/dWD3Ll46G5ACn/Vb/HFe1cXrl29mqtX/YgvPvAEjz2xk2s/upYIkN/5Xb62LUXy+t/jPw0bd/W16/n+F7/M0498l1eX/zZXl0LHzu0cJMGm3/9j7jy1MFZfu4rKz32Zp7e9xP47F3Nqe9o0qbp7+OLHrqUUuHo1QJ6dTzzGIX8Rd/yX+7m56tSaV33r83x9aoIiIiIiIiIiIiJyybok9lwtqKKybuTPN/z2Azz4Z8MKq4Pmr2IV4J8xRiuNzf3Dfi5i7Ucf5M8+d++wwipAJTffPFgAHbB4LeuBdKqH/Igxa3nfu1ePvLbuZj6wHvwdO9iTB+hn57Yd+KznrjtOG5f5vO8D68Hfw7M7eworu+G3eeDBPxtWWD117arRF0b92oaRWxvk97Bjhw/r3831VcN/UcTqd/8C6lcVERERERERERE5t2ntXLXWTtE4p8Y7+5AddLaeesHw6/L9HbS2tJHqbGFn434O7WmkZei6woUNGzaS3P48T3/5kzybqKVhw81cu34laxZXMXwH0sLltVSWnD4XiwXo6KHbWqqGrm1gXu3p13rMW1QPO/awv9myZnEz+/cD9YuY5525Rm9eA4vYwaHm41ibHL4wOlpbaEt10rKzkf2H9tDYMjAXOzCfgcFqK5Ij49G8nz1A/aJ5eIPXDqpdxErg+WHvj4iIiIiIiIiIiIx0CW0L4JNOAdRROdiJ2bOHx77+12xpGWzl9EhULmblzRtIPPE8jcNeHVl+F5/+9HKefuxJnm9sY++W77J3C+BVsuaOf8/d188f1lFaSfLMc6smJuIBafKDba4+4I33IKke9jz2df56S8tQk6qXqGTxypvZkHiC5xvPfEUicdrY+TzpidxSRERERERERERERrh0iqsdjezsBBYtphaAgzz25a+zJZVk3d2/xfvX1FFVNFBJzO/k7554/owhiurW84HfXs8HyNPTfJA9O57m6S172fXd/8F3k1/io2unrhLpp1NAJVWDz+p7gJ8/xytOOfjYl/n6lhTJdXfzW+9fQ11V0UB3bZ6df/cEZ65sFJEIifHfUkRERERERERERE4zI7YFGDbiWbcFOLjlSQ4BDddfQaW12IM72J4CNtzNr22oHzmfjlYOjZjjQZ74wt+wpfbD/NffWk8Cj2R9AxvqG9iw6rt84qvP09nTg7XDdiI9/VH6YXMc+bsWWjssDSM2Me3h4J5OYB21FRZr62logOf37uFg/yYqEyNHzLfs5xCwqL4Wa5vYUVgYd//aBupHzKWD1lMLO21+p7138xpYyRZ+tucg/ZsqGXHLztbCtglMRwxFREREREREREQuDZfEgVadO/4Pf7MlBclN3L5hoBU0kSwUDNNp0iOu7mH740/ROfC7QuNmPYsXpfH3bmF758ix0z0pfCCROK3iOW6HeOrpxhFzSDc+xRONkNh4PSsjAAnWXL8Oj708/kTjafNt4aknfgY0cP2aUiBBsrAw0iMvpGf74zzVOfC7sTpSIyu5fmMC9j7OE40jZkfj008NFZ9FRERERERERERkdDNqW4DGp7/Ld3cM+wu/s3A4VcoHr4GP/McPs3jwd3XruXXRD3h012a+ujnNresqoXMv25/ZRiOLWVTZyKHOHgoP50dY8/4Ps2jXozz+p39Oy4dvZV1lglTjFp7asheSm3jv+skWVz3S27/On3du4r2bGmBgzFRyI7/7/oahw7Iia/4tv7Wxka8+/3X+vPN6bt2wkkq/kS1PbWFvp0fDR+6mUDeuY/2ti/jBo7vY/NXNpG9dRyWd7N3+DNsaYfGiShoPddJTWNg5RGh4/79n466v8vzX/5zOTe+lML2n2NKYLuxSMMkVi4iIiIiIiIiIzAYzYluAwVHa9j5P24jfeCQrFrHutlu5/RdWUTni0fcKNt73CeyjD/ODHY/y8HbwkstYd/sf8oUNtTQ+/J/437saac5tpCICVGzkDz9VweObH2X74w+z3QcvXkvDpo/zH25fVdhqYNhc7CiP3Q/+1464dgO/8Z+vYO/D/5fvPvQMvhdn0bpf4Tc+vIH6+PD5xln2kU/xiUWP8/hTL/H4w1vwvTgVi9bxK7/xYTbUJ4bez4qN9/EJ+ygP/2AHjxYWxrJ1t/OHX9hAbePD/Kf/vYvG5hwbKyLDJ3zmlgrxZXzkU59g0eOP8viWzex9xiNeu4YP/eEVHP3vf8/zA2sRERERERERERGRMxk7TdWzpqYmSktLx75QREREREREREREZBJ6enpYsmTJtIx9//33j3nNJbHnqoiIiIiIiIiIiMiFpuKqiIiIiIiIiIiIyCSouCoiIiIiIiIiIiIyCSquioiIiIiIiIiIiEyCN52D66R5ERERERERERERuVSpc1VERERERERERERkElRcFREREREREREREZkEFVdFREREREREREREJkHFVREREREREREREZFJUHFVREREREREREREZBJUXBURERERERERERGZBBVXRURERERERERERCZBxVURERERERERERGRSfCma+BEIkEqlZqu4UVERERERERERGSWSyQSF/X+01ZcTafTzJ0zZ7qGFxERERERERERkVnu2PHjF/X+2hZAREREREREREREZBJUXBURERERERERERGZBBVXRURERERERERERCZBxVURERERERERERGRSVBxVURERERERERERGQSVFwVERERERERERERmQQVV0VEREREREREREQmQcVVERERERERERERkUlQcVVERERERERERERkElRcFREREREREREREZkEFVdFREREREREREREJkHFVREREREREREREZFJUHFVREREREREREREZBJUXBURERERERERERGZBBVXRURERERERERERCZBxVURERERERERERGRSVBxVURERERERERERGQSVFwVERERERERERERmQQVV0VEREREREREREQmQcVVERERERERERERkUlQcVVERERERERERERkElRcFREREREREREREZkE72JP4ILZ9wgff3DriL9acvcDfGpT9cTHat/Cf/vMZpqW3M2ffnIT4xmhfcuX+PTmpgndczKvufj28a37HmQrN3H/Q/ew4mJPR0REREREREREZJrMis7VfY/cd0ZhFaBp82f4+H2PsO8izElERERERERERERmtku/c3XfI3xloK560x89xL1DrZSDHZZb+coj1/CNeybQY1m9iU89tGmqZyoiIiIiIiIiIiIzyCVfXN33SqGyuuTuB4YVVgFWcO8Dd3PkM5tp2voK++5ZwQoKXa5f2TqyEHvG4/ln2RZg8LWDRhZzT5/Y4DYFS7jngU9yXk/9j7LlwTnnP/w1N/1RobA8fE0fbubTQ+ONMr/T7zc4xpkTGyhgn2UcERERERERERGRGewS3xZgHy9vBVjCxstHqepVX87GJQBHON5+nnc6rbAKsPXB+/jWaHsOtG/hv01VYXVorNPvPcntDpo2DyusAjTxyF9vYejtGaWQy9YH+fgjp9/tCI99abCwOjDOZ7QFg4iIiIiIiIiIXDpmTOdq/q9umfBrIr/ztTGuqGbOAqCpiSMdMK6TqUbTvoXHBoq4Q8XSgSLk1lf2ce+KYV2dzf/Kf9u8lSbgpj+agk7OM7YoGOwWLRSMV0xi/KGu18FCalMzhbennS2Pn+oELnTBDtxvWPdvQRO88wG+8clh1wzMael3Jx5LERERkekU+Z0fX+wpiIiIiMgMNGOKq9OjneNHpmCYjmaaAG768Kli6Yp7+MZD95xxadPWU4/bL6iagnsPGf4I/vm4iXcMVkhXXMNNbB02ZgdHCgvljlML5d6HHuLeM8YZ3i1cxYIlUHiTRERERERERERELg0zrrg60a6Cd9wEW7c28fwb7Wwa1mnJHz3EvVVv8HwTjFboPDKs7bOjeTqqgk088q/72DSRg7RGM3yv1Ice4t5zFFmbmk+157afraq8ZD5TU/NdwJyzdM2qM0RERETeLibzdJSIiIiIyKBLfM9VWHHNTQA0bf7MwP6nK3jv3UvY+uB9fPwzmweaKc8sBBYKkXBq39ZzqJrPEoCtj7NlcHPSfY/w8fvu4+NfGrZfKYXH6b/x0APcswTY+uDoe7JOwL5/LaxhyTsvL5RN249z1mbcI8cH5tLOGy9MpmA80IHKVh47tVC+dd99fPy+L51au4iIiIiIiIiIyCww4zpXJ2zFPdx/01a+srVwwNRoddIld//i0F6hVfMHnl/f+iAfH+8z9tWbuOOmzXxlaxOPfOY+Hhk+9kDRc2TdsZpNv3k3z39mM1sf38J7P7npnNu9Nm3+DB/ffMasueeBT3L5wHxHv2bgboWNZQuHVd13lovGpZpNH76JRx7ceub9lryT0c4MExERERERERERuVRd8p2rACvueYhv/NFNZ/39qS5VqN70Se4ffumSu7n/7iXjusf9p93i1KFPo6jexB03AU2b+eZ5tHxWb/rNQhfssHv+6d2Fguvzb7QPTm7g7wbdxP3neD/OacU9Z76XS+7mT8coEIuIiIiIiIiIiFxqjLXWTsfATU1NzJ0zZ8rGG9wPa+r36xy2B+t5bn8qIiIiIjPL9P0bU0REREQuhGPHj7NkydiNkZNx//33j3nNpb8twJgKp92LiIiIiIiIiIiITISKq+OUyWTo7e0ll88Ti0WJRKIXe0rjls/nyGZzRKNRiouKiMfjGGMu9rQuCMVt5lLsZibFbWbKZDL09fWRzeVmXNzgVOxi0SjFxcXE4/GLPaULRp85EREREZGLS8XVcehJpejr66O2tppEIkFhIwXL9GyoMLUK31EMxhS+gLW1tZPL50mWlOA4l/aWu4rbzKXYzUyK28w0PG5FRUWE4WDA3v6xG4wbgOMY+vv7aWtrp7i4mNJk8qLO7ULQZ05ERERE5OJTcXUM2WyWvr5eFi6cj7Xg+/6M+NJyOmMgGo2yYME8jhxpIRqJkEgkLva0po3iNnMpdjOT4jYzDY8bmIG4zYzi3HDGQBga4vE4CxfWc/hwM7FolFgsdrGnNm30mRMREREReXtQcXUMvX191NRUA4YgCIZ19Mw81oa4rkN1dRWpnt5L+suL4jZzKXYzk+I2M42MW0gYhjOyQAdgTKEo7LoONTXVdHenLuniqj5zIiIiIiJvDyqujiGbzVJUVIfvBwRBiJ2p3zoBawuPTiYSCdrbOy7ybKaX4jZzKXYzk+I2M50Zt5lcXGVo7kVFRbS1tV/cCU0zfeZERERERN4eVFwdQyQSGXhEcmZ/6SwodPVY6+B5kYs9mWmluM1cit3MpLjNTKfHbWZ3P4LjhEOxi0RmV+z0mRMRERERuTh0YsAYjDFD+8/N7C8uDK3BWnvJn8aruM1cit3MpLjNTJdS3ECxm6lmU9xERERE5NKjztVxKnyBmeHfXuCSWMNEKG4zl2I3MyluM9Ng3C6FdV8Ka5gIxU1ERERE5OJS56qIiIiIiIiIiIjIJKhzdRymo6MnDALS/b10tB6j+a197NnxEgf27CKV6iGwEC9KMn/pSq56541cuWEjlTU1U3LfS6XDZTwutU6sS2Ed4zWdsbPWEobhGX9vjBn6M9X3my2xU66cmYbH7VJY86WyjvFQrhQRERERufhUXB0XS+GwhfP/R38Q+HQcO8LrL21l96svcfTYcXp7egjzORzH4DoGx7Hk+rrYt2Mb+157hV2vbue2u+5l0bIGXPd8Q2YH/swGUxe3i282xQ2mI3bWWmyQxUntIt7xFF7PdpxsC9YrIyi5klzVewjKr8dGSqe4aDCbYqdcOTOdipvy5UyjXCkiIiIicrGpuHoBBX6eI2++wY/+7zdp3PsGqbRP2rfEIhEcxyGTC3AMRD2DYwzRiEcQ+ux47mk62tv5pY9+jFVrr8J13Yu9lEtae3s7zz77LI7jcOONN1IzSidcNpvltddeY+/evWzYsIGVK1dehJnKeFlrIdtGtPUfiTd/Azd9YMTvve6fE2n7Adm6O8nO+yhhyWU4jj5nF4ty5czxxBNP0NzczG233cbChQtHvaanp4fNmzczZ84cPvShD13gGcpEKFeKiIiIiEyciqvjVGgKsZM+kdeGIW3Nh/jpPz/Kvtd/jm9dciFYHFzHEI24hKGhN5OnNxviORBxC3+iEYd9r73Cv3yvlKKSJIuXNUyqW8SYmX+i8ESNJ26+79Pa2kprayuZTIZUKsXhw4dxXZdXXnmF0tLSUV9z6NAhjh49ys6dO+no6AAKj0vG43FqamqoqakhFoud9xpmY9zg/D9zp8axkOskeuwx4ge/ipM7jh1lu2kTnCR25BFMPk128X8gLF5+3l1ZszF2ypUz06m4nXvhJ06coKWlhXQ6jbWWgwcPcvLkSX7+859z5MiRUV+TTqdpa2sjk8mwbdu2ob93HIdkMkl9fT3l5eVTso7ZHbvzHUe5UkRERERkMlRcHQdrh+9rNrkx0v297P3ZdnZs2wqOS9aHdL5QDMAYgsBSFPNwXYfeTJ7+bEAqG+A5lqKIIRbzePm5Z6mrX0RZRSUVlZWTXMv5fwGbKcYTt0wmzev7XuLlxm/S0vkKlhCTrySavhGcPD996xHCSMeZLwwjeP2X4+VXsLPlb/nZyTeHfuU6UepKr2Td0rtZu+JmSkpKpmAtsyduMDWfuSFBGq/zeSIt38P0t41aLDgli3f8afzi1YSxeViv+DxvPrtip1w5M42M29kXvXffG2zb+784eGILoQ0AiPX+Gxxq2H7wKwTHmkd9nQmSxLmDrv6D/OD1vxjxu1ikmGU1t3PDFR9j0aJFU7iW8x5qRlCuFBERERG5+FRcvQCstXS2HmPvz1+mP5vDeDFSmZCcH1JaFKGkKILvW9I5nzC0FEU9iqIe+TAk74fY0B/ozgrZ+eqLXH7VOkqveYceeT1Pvp/nrUOv8/ODm2np2o4XNTiuwRSfhPLvAxAFYLSOHB+SrwGvEQEiI67J05F9hTeORKkorWXpwiunpINVJsekjxNp+Wfcjt1Yxv7MGL8Tr+2nBJU3EpauugAzlEHKlW9fhw438cpbf0dT+4/xIoaIazAOUPwkFkbJg8P1YksfxgDxM67p562T36XozUpKS3+dioqK6VyGnINypYiIiIjI5Ki4OiY79GeyXRV+Pk9H2zGamw6QCwyZfEA6b0lEHIpjHiuX1hEEIa/tPYoF0vmAXBASdQ2eYwhwCW1IxItw6K23aNy7lxWXX0FR8WQ6ReywP5eyc8ctDEO6ujt58/AzdGe2U1XhUlTiEIsbnHM164zzzmEIEXuA9u491PU1EI1Gz2/QWRM3mIrP3HBOthPTfQDrA+fsxDrF9DRDph2bnIr3e7bETrlyZjo9bmeut6+vjz0HnqE19QyVZS5FSYd44vxz5eDdwwCyPEtLy3vOe3uAwUfkZ2fszm805UoRERERkclRcXVc7Hk9dpfPZUl1dZHJZsn4lkwQEnMspXGXJQurufGapbgOpHoz7D3QSswxuDhk/IC+ICQMwWCxQCbv09Z2nL6+XhJFRRNfiZ1NX1zOHrcgCOju7iAe76SyNEdZuUey1CUSHejGOk9hCKGfJujpJJvNnvdJzrMrbnC+n7kR8v3Q24HNT6B7se8kJtc7JSdwz67YKVfOTMPjduaaOzs7icTaKS/OUFbhUVrmEo1NTa6EQr4Mcic42XlyCnLlbI7deQ6lXCkiIiIiMikqrl4AQeCTTfcThCGu51EWMdTPqeCadSu45vK5VCU9XMdw9wev4Wd7Wti59yitJ3rIZPLk/YCsH5ILIJcPcXBpO3ac3p4UVdU1532IxGxlrSUI8pQUBdQnPCqrXRIJZ8qKBQA2NKSy+qJ48XnYMI71x18wsJE41io9XmjKlW9P+XyeRNxnXo1HVY1LcfHU5koAG0J7ezi1g8oEKVeKiIiIiEyG/kU8DoVOmMkftuB6EWIlSXA8oi6sXLWC2z74b1i5pJqw+xD5dA8BhurqSt73rmretfFyTnSkON7WTXtnio6uXrpTaY539NJ4pBPPdTGOmVSnyOBaZoNzxa3w3hmKE8WUxiupKIsQiU1l8aWwC2HuRHzMQ2LGNdosihuc/2duuNAtwUbrobt1/PcvnYP1yqaoG2v2xE65cmYaGbczF22tJRFNEC+ppKo8QjQ+1YVqi6GIdpiyXDk7Y3d+YylXioiIiIhMjoqr42aHPW44Ma7rUZQsw3gRipOl3Pze93H1DTfj9xylP3UcJ5IADD4OQQBeNMqC+cUsWjAHG/r42TTWz3H4eBff/N4rVNfVUVxcOIF+YvMxzL5H7s4eN9cpZkHN77Fo0X+f2jv6GWwmRdB7gqDnZSLZ7YTBfEjOxRRVgTPRj91sjBucz2duuDBWSVC+BtP2JsZPj+81xQ2EidopKBjMxtgpV85M545bTdldXHbZf576u2ZT2EwPftdRWrt+jD1ksIkKTNkCiJZMfDyr2E2WcqWIiIiIyOSouHoBOK5LaUU1i5ZdRlEk4Kpr1uN6MfImghMtAhsAhsHnLENryQYh1obYwBBkLR4BhpCiojhz6+sneUCLDGetJQxDwnBqHkW1+TTh0Z/hv/kjjJ/GLa5maUkJGEN47DD5fa341sC8d2AWboSETsW+EMJEDfmlt0FXC97hLWNfX74Uf8EthMVzL8DsZDjlyrevwXw5ZeOlT+K//hhhy89wk7U4RZW8o6Ec03cA/1gb+Z5WgmgppuEXof6aKbuvnJ1ypYiIiIjI5Ki4Og7DD/qYbHdGRVUNq69aT+/x/RQnYmBcnEgCJ5YsjGktxjiAxRow1kIQEJosoZsHG9Ldm6dh1ZWsumIt0Vhsko+6nv8j6jPFueI2/O/DMOTYsWN87WtfI5FIcPXVV7NixQoefvhhfN9n5cqVbNiwgccee4xUKsVVV13FHXfcwQsvvMCTTz7Ju971Lm6+di2dz/8t4eEXqFpyJW79FRjjYBIVOJFCcSdmIOhqJrvvSfJv/jP2ql+DOVeCFxv3WmaLqfjMnWLwKy7DrPwIJtWJc2L3Wa8Mi2sJln8Iv+5qQpwpeUZ1NsVOuXJmGituw3MlwGc/+1kAli9fzq/+6q/ywAMPkMvlAPj85z/PX/zFX3DixAkAvvCFL4x4zRe+8AVs+5s0/t3HWNKwikj9lbjl87H9nbi1KyCfw5tzBXEb4LftI/Pcn+KXN8DGP4DkvAmtZTZQrhQRERERufhUXB2X8//yUpxMctna9Rx2AzrbjjF3WRVOtBg3UQZhUPjjDJ4QUiggWCfAAsZNYwOHvFPEFde8k/mLFhWummTBYPY8eje+4qq1ljlz5vD5z39+xDV/8id/MuLnT3ziEyNef91113Hddddh+1rxX/sWZZlDRNbfjpMoBz8PNsB2NxO4sUIB1RiconISV34EZ+9TZLd8kXDdb8CyW8d8/HV2xQ2m4jM3YjQTIT/vWtiYxN3x9zjN2zH5YY+9OhHC6uX4a+/CX3wjQTQ5ZZv/za7YKVfOTOMrrg7+bniutNby6U9/esTPv/u7vzvi5+GvCVt3kn/6szRcdxuROZdj82nI9WPcCEHLa5iiSiwG4xi8qqUU3/i79L/4N+Qf/03se74EdWvOvZKheSp2kxpNuVJEREREZMJUXL1AjDHUzKkn6jn0pk8QZnsxbhQ3Vor189ggO3hl4T82xJo8+DkwLj4RapdfQ1H9aqLx+EVbx6XmvB91zfYQvv5tzLFX8OrWEBx/DT+fw5u7BuMlCHtPgJfAxEvBOORPNGIicbyF1xD0tpLf/ldYx4Ol74JI0dQtTM4QOhHydWuw1/0OzoE1mKOv4aRasfEktnYV4ZLr8eesKRTD5aJRrnx7mpJtAXoOEzz1h0TnvQO3pJL0T/9/IstuwSlfAH6WoOsIrhvFGgPGJdf8c5zy+cTX3zGd4ggAACAASURBVEX4078iePJ+7O1fherLpmZRMirlShERERGRiVFxdQLOtzPEcV1Kq+bg5hLk+nvxEqU4iVJcGxBme8GGDB3qYEOGejiMwS1fSE3NGohX6LG5CRrPtgB9fX3s2rULz/Oora0lmUyyb98+ACorK6mpqeHgwYNks1nKysqoqamho70N5/DTLEo9S3H1UpxoFFwHa6LYfB+EeUx8oKsn2wvGwWZ7sdk+XDdKZO5aws7DBDsfIaxYDNWrwEz1Kdwz21R1Y5n0SdxjO4g0v4yTTxHWrCBcfxdBSR0mm8I5sQdv12YiW5sIY2UEdWvIL76JoHoVRLVn50QpV85M490W4MUXXwQKuXHZsmW8/PLLALiuy7p169i7dy+9vb0ArF69mt7eXpoPvcXKI/+TiqIEXtUCbKYTt7QWbB6b6QIb4pTXY3O9hbC6HmEmBak2XC9GtOFmMq9shhf+B+G/+Z/gRM66htlIuVJERERE5OJRcXUcBk/hnYovL47rQryUbNCLyfXhxkshUYZxXKyfG7wjNvCxuUxhf8FoKTa5CBs5/8fvCms4ryFmjHPFbXixIAxDrLVEIhE8z8PzPIwxRKNRACKRyNDPYRjiui6O45C07RTn36DY6YK+JqzJ45TOB+sUuuuCbKHgY81A5cfiJJKAwWZTmEgCJzmXsHU3HPgJNlkPsdKzrGX2xA2m8DOX78c7toPY69/BO/ZzzGDXY+MPz/oShyN4ba8T2f8v+As2kl39SwTVK8EdvZgzltkUO+XKmWmsuA3PlVDIiYP/DcOQWCxGGIZDOTIajQ5dA4Wi69zsDqpsEyaykKD5GZza9Xjzr4QgwOa6CwVVBnLlQL50K+aDDQlTrThFVThl9YSHt8Fbz2AbfvEsa7GK3WQoV4qIiIiITJqKq+MyxXua4ZIxcZwwQ5ENcLwEBg/rZrDWx4YBYdCHteBEk4TxasKiGjDulBQMZs+eZufec3Xwv0EmjdN6hMXJosI+fyePE61czeLFi4FCASESiVBfX08YhnieR8RzSUbaSXgtOLEKTKy2sA9kvgtrHYw1WGvAmkLIQjsydtaAFysUW10P59AW/Ib3QqRk1O7V2RU3mOhnzhnYg3P4tSbdRaTpGaKNP8TES/HX/zsoqoJ0F87x13CO78LkCt11NlpMWLuacN7VkCiH9Emctr14J3bjbP9LsqvvIL/whqGtG8xAjMbzmPTsip1y5cw0dtwGC6zB4UYWl8QxRSU4R5tg/nwWL16MtRbHcTDGMGfOHKqrqwGIxWJ4jqUkfAmnOIEpnwtBiPF7Bg5CGp4vOS1f9gKFPEo0j5usIeg6jLP7H/CX3ALOmf+E0Z6r56ZcKSIiIiIy9VRcvUisiZLKpgnyPZRVz8F6UcK8SxjkwM/ieBEcN0LaRgliVThe4mJP+ZJkrSW0llwqReu//iNOUTElG28l3tvLwYMHASgvL6eiooKWlhYymQylpaXUlrkUd+0hwkmIzYe4B6FPGKYAB3ALfyyYYOAp5vDUl19rgSAHxmAcF7oPYzr2YZNzQLGeEGtydAVvElqfZHQxrolgcAiTETJr3kPv5TfQk2+iK/cm2eAwUaeMqjW/Ru3RDoq2/x2EPulrfpUTixZyIv0qufAwUaeciivupDSyGM8pxhhn4CH0XgKbJ5U7iGNcSpwGHKt4TSflyreHoe5VN0Lr976FyWWIbXw3Md/nwIEDQx2rl112GUePHqWnpwdjDA0NDdjO16nKvYWJF2OjDgaPMEiBHZYrcSC0mHD0fGnCPMaLYhwH2vcU8mXN5RfxHZl5zitXvvjXAMqVIiIiIiKjUHF1XE51wkzlfm5+NsPxll30ds6hbvl6YmW12NDH5vvpbUtz4tA+bDRJomje1OylZoZ3hsyG7pCzx23EtgAA0Xjh8eJ8Dt8PCIIA3/cB8H1/6OcwDAmCAJPrJhK04UZCcDLYMIW1BmMcsIVigbEONhzo2sFgrcX4A489WsDJQZAtNKqGPubkAcL6a8EdeQjP7IsbTOQzFxqfrtx+dp/8G2JuGQm3BsdEsFgCmyXrd5INOsnbNNb6GFyKIvNYUnUbS9/7n3FsSJP7Bgfa/4ze3BEsAca4REwRMbeCmFuJ68QxGELrkwnayQQnuazsHooSizHnmN/si51y5cx07riN2HM1XoQNfEwuN5QT8/k8ALlcbujnwU7FIAiI9+/Di1qsE4DtLeRKzECH8UC+DAe6/DGEgA0tJhiWL0O/sI+1MRDkMCf2EFavPudaZocLkysb3vdfAJQrRURERERGoeLqOAx+H5iqR10HuQ64mQ5aXtnB0f2vU7NsLbGiElInmuk69AZJuogtuJJcaIhNxSO2duR/L3VjxS0SiZDNZglzOYJ0H86GmzGJYqK5NK7rUlpairWWRCKB67qUlJSQy+VIJBJETCcRJ4OJRMDkMGE31kQxxsPiAA44DqE1EBgcDBgIjcWGtvDdMfCw+TQQgAMmfQIb5M4I0GyLG0zsM2esR8ypIBsUCgM9NJ17bEJ684fY3/0dKAOMYd/Jh8mFqWH3D8nabrJhN+QPjjpOzC3DEDnn/GZb7JQrZ6ax4haLxUilUoX/c6m1BXfdRoLKOoqPH8JaS1lZGUEQEIkUPg/FxcUYYzDG4DgOcbowngteFIJOjIliTBSLW9hnFRdcQ2gB6+AAGENowoF8abBBgM33YxywjsH0HTtrIXj4mi51FypXehUJ/DCjXCkiIiIiMgoVVy+w0EJfAC394PSFrK4opzjq0HL8BG9ufZwwDEkkYtTMqWNe3Qp68HjxUCe2yGN5VZSqIo+I61zsZcx4juOQTCZpbGykrKyM0hVrWHDaNQsXLhzx87x584b+d7S3lYgX4hTVYWpvxva3YDt3QAjWxApFgxAMHrge4BS6tRyDY0PC0GBtAH4PxrEY1xCoW2dyrEPULcXBI8Qf98tC65MLewnC9IhiwXg4eEScJAZ3orOVcVKufPuorKzk4MGDdHR0ULF0JfOXriz8YlXhsfwFC0Zmz9ra2hE/x2IOhixO3fug5DLCQ49g8l3gJLBECr2KARgTw7guoTWFAqplIF86hXyZLxRpDRDYsffwlNOcT64MeskGncqVIiIiIiKjUHF1XM7/kBYL9IdwIO3yZn+EkojLdXGfROBi6hZTXL+KvJOAWBVeNIGbP4npOURFtpf5RXH+aneGYy+1cO28Im5dXsGy6sSECweDpwrPnkfuzh23eDxOTU0NBw8eZMmSJcTj8VHGGJ0TWELjQtCBjZVj6j+I6fo5tuNlTN/hwiPLXhnGz0Cmm9AycHgLYMGxYMMQbB9EDNa4GC8GA9sHjFjFrIsbTOQz53kR6iLv4M6l28gF3Rztf47Gnu9xMrt7SmdUEVvNkuQHqC/eRNytBMDPh/hhcI5DgGZb7JQrZ6Zzx83zPJYtW0ZjYyMrVqwgkZjY3pkBHrgG2/sG5rI/wilfA20/wXbvwWRPYp0oNlaH6T0M+QzWHSjEWQPWjsyXsQg2sBCJn3MLA8XuTMqVIiIiIiLTQ8XVcTm/goFvoS1weD0T4UjGIea6rKmKUxuUYdNxPOPglMylN3Rpb3sdN1JKVd1VlFRXEvYfZ15yHvNa+/nJriZ2Hj7B1gPt/Mr6Ody8rJKyeGT8q5h1X17OHTfHcaiuriabzbJ7925KS0uJx+O47tgdNomgj4gfJ+H3Ylt/RBCbj6m9CXfuDeD3F/ZbTXdgD/w9YeY4xnFxMFjXYDFY4xDmUzhuDhMxhI4hTNYSOt6o2wLMrrjBeD9zMTdPUfePiDd/jUjqNcJIBZXVt1NZ/Su8Ej5OW/rVs742cC02sIQWAv/c7211fC0biv8t89pfILrnv+LkTuCXXE6m/uP0ld5KNhy9MD/7YqdcOTONHbfKykoymQyvv/465eXlQ9uljEeQi1PuxrGpfYQH/wZ/wa8TvezXMEEO/D6MKcGefAP7xpcIjYvjOIU8SWEfVms8wmwnTsRiHIfQDwlL61VcBS5YrgwtYahcKSIiIiIyGhVXx6HwfWVyBYO8hUbf5eW8hxPxiBiHE315Xu/sZ8G8emoWemT6ekjnob/tW1Smvo7Fo739Vk7WfpSKee+kx4/Q1t5C3s/gh3kaTwT8z+fStPVl+dDldVQXRSe4jom+AzPTeOLmeR4LFiygurqaEydOkEqlCIJgzLFj5Cl14lS5EejdQ/uur/FWcAPpyBKikRjFbi8LzXaqcjtxTAjGElLoXjXGAT8Dpg8btYXzXGycsOIyrBM7y56rsyduML7YOY5DNDhBYv+XcPsPYAGT6yCaeYzKwDKn6p0c6375rPcI3ZAwsIShJcid+xHj2rJrqGz9CZHj38f4XVjA7dxFPP0V/MuXk4usGDrAZ/R1jHflM5ty5cw03rjNnTuXqqoqWltbSaVSQ4f+jSU0JSz1XBwvQdj8CPuaWmm276CoKIljDFWRNlYE/4RLBkwcTECIOZUv8z2FfBl3sH4AsWL8qivOseeqYjfclOVKX7lSRERERGQ0Kq5OowBoxuU5IkTihc7FDj+kxzNsP5mmszfNbUvrqS6bR//hn1CR+QlzyrpwopDOfofWtp9w4sR7idbew3/ceBVX1BTx6KtNHO7ooau/n2+9cpiE5/LBy+soiWo/s8lyHIfi4mKKi4vH/yIbUtyTJ2zfj5c/Rq1pxMsf4VhnJX4Yobqol9JEBseLYB0XwhDHKRzwgg0IbQYnEhQefw0gKL6MoHQRuOMr/kiBCfKYziOEDO9KzBBPdZKsW0I+e/ZCgOOGhWJBGJ7zOoBibwHx1M+gt2/EvUymBRNkYPxNkTIK5cqZIxqNnrHH6liMXU3+8E+IpffgOpZVPEmi+2U6T5aTiPjMS3bgxgA3jrF5CM2pfBnmCW0aJ2awoQu+JV++jrC4fnoWeIk671wZWAJfuVJEREREZDQqro7T4CNrE+nG6jYOO4xHOuaSdF1a0gEnbYgTMdhklO0n+9m//QCbIt28w3+GpHsQ101ALk1RDBZXt9GXeZi240+TcT/MexfcQ2e6jn94LUtXj09XXx/f3nGIpZUJrq4vI+KacazhfN+JmWUycRsfQzp+GU7sKooz7UQch+rigOpkKxgDoQdEwIYUNlktHM5ibEBo8oXHW10HG4TYwCFbdxOhV3qWTqzZFzcYO3a28LwwYfrMb+thzsOGFj9z9i5k1wsI/ELn6rmuAwpdWzlv1HsROGed52yMnXLlzDR9uRIsLl0Vd1DS8+fEPYPnuDRU94DpBlwII4AHNg/GAYeBfOkX8mXUYEIH64dY16V/wR3nzAuK3em/P/9cGfqFzlXlShERERGRM6m4Oi4T30cwi2EvHq85Lg0xjxO5gONhQNaxREJwPEhUxCmhn3j7TkrsiyQWbiRfewv0vIDb80OcbDslcSiqOUpX6i/p7rOsqvxl5lWX0Z3NYvwsTcdP8ujPWqgribKoPF7o9DnbKmbdnmbnf7jO2eTzefp6Y7RkriXR30Wds4eqRC8RO/zgnDxQKKqeetzR4BhT2ArAFOoIfeXXkam8ltBNjPrtcvbFDcYTO2stNjTYbAmEuVN/b1wCP04unz53N1Yw2Llqx+zGyuczBH4cN5PA2GHFBSeKDccqGMym2ClXzkzTlysB+vr6aO1bjA3upKr3GeqTXRSNuCIACp/BU/myEJ/C/qt2KF/2lN1Gtvyqs1bitOfqKFdMQa4MfEvgK1eKiIiIiIxGxdVpYIGTOOxxXJIxl7yB42HISRNgHfAwOFhiQZqKzreYc3IbNUX78do7sJF6wroP41fcimn/J9ze53Cck5TFo9iSUoJ8FN/LguuCBRME/OT1FjYuqqCmuJZiPfJ6QbS2HufNffuor6+nYvmv0n7knwn6X6C2qIeIM7yz59QXRWMoFAncga4sA9noMnrnfAQ/NufCL2KGs9aSd5Lk5rwP760nGXyvw2Q9naXLaTq+hXzm7IUAN1IoFgRBeM7rAA61vcCi0uXURA/gdDUN/K0hWHIrea9qWgpSs4Fy5ezw8svb8fN5bv2Fu+g/uogDh/6epeUnKPKyw64a+Rkyxhb+Zli+TMfX0jP/Ny7k1C8JU5ErQ98S5JUrRURERERGo+LqmE51wYy3qycAOoyhxXGoi7j0BiFdhPQNdN64xuIQEuvqoLL5Veoi+ymqux6/bj3m+E9wj/0YZ96tBHN+kyD3Hjj+N6SDCM3+tfy01dDcmyl8N7IWYwOy2Sw7m7u4bnE5RZHRT+KFkQdfXPrdIROP20R0dXWx+43d7N69h+uuu5aG+bfQecInmnmB6kSKEU1xhqG3u1BgLchFF9BVfS/Z+FIszjk6sUau59I3vthZa8m6JUTW/jqhSeIe24lNVBA03EpHeZL9ux7GP8fhK74NC6eOBxZ/jG6sppZtXL72Fym//Ddw9/8Q09dOULea4Io7ycaqCIPRXz+7YqdcOTNNb64EOPDWW7S1ttHa1sYH3n87+bpf5siJb7G8oq1w4N9wZ8mX2fgKOub+PoEzeof/0GqGrUWxG7hqKnLlwIFWypUiIiIiImdScXWcJvLIZNbCMWPAcYgZQ1sY0m0tfQ44FjwLsZ4U8YN7qD/5KvPKD+Ic74XKq7Gr/yP5rt04R57AbX0JU7mMMO/SYa7nR8fK2NWeIpcPsL5PmA8I/QAbWPa1dNHTn2dOMnaONTAtX5zfzqbrUVdrLbl8jlSqh+e3baP7iitYPG8D1rcU2+0Ume6RLxgstloInWL6i95BV8WHycUWgPHGKBbMvrjB+GKX86E7Pp/YDX8MTo62rn3sPfzP7H71+6RzJ885vs+wgsEYJ2D35k7yT69+lhUL3suqjR9lTuXlGBslm82d88T02Rg75cqZaTq3BbDW0tuXovnwYb797e/w7ne/m47IB6kMn6HGbTzzBcPzpVtOT+l76K74IIGbHHNjzulaw9uZcqWIiIiIyMWl4uo0yFs4EVpCWziJvC+09FlLxlocwA0D3JYjVO17noayFsoW30RYtQyz+59w9/0AVtxOuPZT+O3bcQ/9X07aMnZGr2Bra8ix7n7CdIYwk8Hm8xBYnBB6ejP4/rkPmpCpE41EcRxDX18fAHv27MGY1bDwPcRKr6Ui3E0+1Ux/JiTtRwgtJCIBpRVzCSqvIxdrwDpnL+7I+AVBQCabpjvzJv/y4qfo6H5rXK8LnYGCQVB43HUsvfkOXt37CAdatnH7xi9THr+MIFAx4HwoV84OyWSSVCqF63rkjh/j+eef56qrrmJf0e9gyw5iun5Gur+XvlyUbOBhCEgmQkqrl9NX/i58r/ZiL+GSoFwpIiIiIjI9VFwdp8ETiMfTWREF5gY+r6bztEcc0oElG1iy1mKA2IkOinf/jBU9u1lefBTvZCl2yS2EN30W/9BWzK5HMU0/xp1zOXl3HodTS9naVcLBzhT5VD9hqh/bn8b6AViw1rC8JklxzDvn/Kw1s64zZCJxm4iysjIqK6toamrCdV3a29s5cOAA8Xgcx51HZ9EiSuaV4HkeThCS6e/n0NEWupu6mZ8vZs5ciEbHN6fZGDeYWOxsaHCJ49gYgT++9ypwLWEIYWjH/RoAhygu8YG4nLvQMBtjp1w5M01XrgRYtqyBLVuepb+/j3g8zoEDBygtLaWhYTlvequJFa+jrL4M6/t4oaW7q4vXDzYRtAesWu1RUTH+Oc3GDsgLkSttaJUrRURERETOQsXVcRj8B/94HzeMAlc6PulMP9uCgFbPJROEBDbEYAi7uqjqOMyKxEkqM+2Eb2yFptdwV23Crr2dcNFNBE0/we77Hq1hLTuCJWzvynEilSFI57DZPFgH40SJxVyuWVjNv7t+MXPKYmMUDIavY0remre1icZtIsorKlh+2WXse3MfPT09+L7P8ePHqKiooLKykmwuy0svvcSBt94ik8kAUFxcRFVlJameboxjmDt3Hq479qE6sy1uMPHYhWGI68SpLFvC8c43pnVuFclFuE6cMAzHnNtsi51y5cw0nbkSYOWqVSxZupT9b76JBbLZLAcOHKC6uppksoQjzc089vhjnOzsJAgCXNelrKyUqspKMuk0175zI0VFRRNey2ygXCkiIiIicvGpuDpNkg7cEg1ZHaTZ1gu7fEtTCCeMIfTidJTUsae1lnVl3dRyHNvXTfjy9zH7fopz+S9g5iwnHVvG7uPlPJcp4VjWYgOHuBejtKyIOYkoC8rivGNROdctqaQ04WFGnKIk08nzPFauXMmJE238+Jln6O1NEYlEyOVyvPnmmzQ1HaCjs5N8Lk8Q+OTzefL5PPF4nMsuu4xlDctnzZf/C8FaSyJayzUr7uF4xxt09jSN/aJJqEguZN3yu0hEa/HzerR8KihXXvpisRh33vlLfPMbD9HR0YHnuaTTacIw5Mc//jEHDzaRyWYJ/GAoXx4+fIjS0lLWXXUVwTn26pSJUa4UEREREZl6Kq6Oy8gTecfLAea58JEE3B5ajuahLQhpS5ZwYNEqnjlyjAOHkry3ro3rig9SmTtBmOokfPG7UBSlpXgVu9KrKa2aw13zFlIRc6mIe1TGI8wtjZKMebjOqSLB2HObbSfxTi5u41VSkuSGG27C8yK89NKLVFVWMX/+Ag4ceItjx44NdRIFQYAxhmg0SjabxXU9iouLcRxnnPOabXGDycQu8EMqildwy/r/j6df+VO6epvHea/xFdrKS+Zz05V/QG35lQT+2J1YBbMtdsqVM9P05kqA+fMX8LGP3cfj//gYRw4fYfXq1ZSWlrFnz+6hHBkEAWEY4jgOsViMVCpFUXEJxSXFE5iXYjcW5UoRERERkaml4uo4ne9JynEDS6OwFAOJKPlrVtEyr5yfvvgK/6fxTZ72anh/3TGuLj5Eab6TjCli58kq4nOX8cvXLKW6qvKs85roGmaT6TwBG6CkpIRNm25m7dorMcZQUV7OnLlzsMD+N/eRTqdHXLt8+WVcf8MNVFXXDM1vvGuYbSYauyAIsNZhfvX1fPDGr/Ba4z9woquRWCRJeXI+yaI5FMUqMEAq3UZr5x4c4wKWuVVrWFZ/E6VFhdilc9309B2lu/co2VwPlWX/r737i43ruvMD/iMpUqT+xH9EW4wjW6H7h5v1ertpvQpSwKQaFMiilbHIAlIBybBQ7G4E7EMeJD04cW0UMpz4QRbQPASQd1+c2nowgc2DBOzmJZBoIEYUF8U2cAuhu2YdOzHj0H9iW/9I/enDzJ25848zc8jhcMjPBzAScWbunLnn3jPnfuecc78YX/4X/ynu2joRiwu34tat1kZibcS601b2pk63lRERX9i1K/78z/8i3ntvLr5w330xtHko/sN/3BcXzp+Pjz76MG7dKqzL2dfXF3ffvSP+4A/+IKb2/ruIaH09TnXXXEpb2dfXH9pKAACoT7jaJYODg/HF3Q/EfZ8fi1++8268/sY/xOl/vBTjm8di6t6P4uat/viHa7viobH7Y8fdd3W7uCxhcHAw7r23fDfr3bu/GJ///H3x4Ycfxvz8b2NxcTFGRkZix44dcdddd8WmTYNdLO36duvWrbh+7VbcMfx78e//zX+N/oGb0d8/GH23N8XCwmIpvBkaGoyri/Nx5dqHcfv27djz+/85PjeyK65fX4iIiP7+/hgaGozouxk3by3GrZv9sXD9Rly/ttjNj7chaSvXl5GRLfHggw+W/r1nz1fi4Yf/MN5779fxu9/9Lvr6+mL79u2xc+fO2LZtexdLur6121Zevf67uHXrhrYSAADqEK62oDCYojOjegYHB+OfPTgeu75wX/zTW78XP/sf/xD//b33YsvwYHz5Dx+Ofz6+u1iG5b9veergsjfVEzpZb80MDg7Gzp07Y+fOnXXK1V5ZNlq9RSy/7hYWFmJhYSH6+vri9u3rNY9fvXo1BgZGYmTg/oiIuHXjVnz88e8qnnP5cuF/C9tI2/kbre60lb2pm21lRMTw8HCMjz9Y8/eUsqi79rTaVg73b43o11YCAEA9wtUW3b7d2WlrQ0ND8aXfm4jxL+6OK1euxODgYJvrcja3Ee/C2+l6Ww0bsd4iVqbulnrtjRZvkrPc999odaet7E3roa2MUHfp29BWAgBAKuFqC/r6Cv+thuHh4RgeHu7Y9lfzs3Tbevqs6+mztGI9fd719Fma0Vb2pvX2Wdfb51nKevqs6+mzAACwsQhXm7h9+3b09/dFX19f9PWtzJTTbilcuPRFf39frPc78qq33qXuepN6603V9dbLU7OzcC6ru14+BlvhnAMAgLWhv9sFWOsWF2/E4OBADA4OxMDAQPT16LCKvr6+GBgYKH6WTbG42NodfHuVeutd6q43qbfeVFtv/T05erAQzvVX1V1r09l7lXMOAADWBiNXmxgeHonr12/E8PBQLCzciNu3b8fNm7d6aoRI4cKlPzZvHix+jsUYHh7pdrE6Sr31LnXXm9Rbb8rX2+LizYp665W6K4zcrKy769c3Vt055wAAoHuEq01s27o15uc/iC98YUds3347Nm3qj8XFm3HrVu9cvPT398Xg4EAMD2+OzZuH4r33Poo777iz28XqKPXWu9Rdb1JvvSlfbxGRq7dbPbM8QF9fRH9/fwwODsTISKHufvWrD2LH3Tu6XbSOcs4BAMDaIFxtYmhoKLZt3Ra/+tUHMTr6ubjzzm2lC89ekV10LizcjPfe+zC2jGyNzZs3d7tYHaXeepe6603qrTctVW+9MgKysFZnoe6uX78Rv/rVB7Ft67YYGhrqdtE6yjkHAABrg3C1Bdu3b4/NmzfHJ598FteuXYvBwd5a2+z27duxuHgzRoaH4647794wFy7qrXepu96k3npTVm+ffno53n//dz1XbxG5uhsZiR1371j3wWrGOQcAAN0nXG3R0NBQ7Lj77m4Xgzapt96l7nqTeutNQ0NDcffQUMRdd3W7KLTJOQcAAN3V3+0CAAAAAAD0IuEqAAAAAEAC/Mz/SQAAIABJREFU4SoAAAAAQIJ1H67OTR+IkS1bYmTLljh5sXPbPzA9t/IbL7kYJ7dsiZEtJ+NnHXyXnjM3HQe2bImRA9PRyb2/kn52stmxmFLXczF94EB09BBcluwzNfjvwHT8XdP9slpl7PQ5djFO9sp5nJ1fW7bESAcrpvk50dnXbzgXT+bOv8pjMf99mVrnq/Od2KPy59SWqjY7Xy/J32lzMX1gibZ2y8n4uzVQP6tzzq7170UAANaTdR6uzsVr0+dK/3p6ZuV78mP7X42rV67Eq/vHVnzbbER74viVK3H1yvH4SkvPn4vpAw/GE+eaP3Mt+/LxK3H1ypU4vqfbJemki3Fyy954utvFaNHca9NxNvvHMzO9EQjTpovxy1L4VPl9Saedi7d/Wf7Xz2aeWZV3vXtD9FnWx/ciAAC9Y32HqxdfLnSuT5yIZyMaBAS1Iz0qR1Ms/Xi9UTqVo2Wz15dHCJVGbUznR7GswGi2ilExtSNTKkYlVYyOqS1j+W/lkR+Vr++dESFLl7u2fg+UP3Bhf1ZWeM1o2aw+V6Ye64ygrBhpVl1v2QXkuXjiwbU6WiwLjK/E1SvnC+dinIjz2d9e3R9vV4xkyh170yer6iVfX9X7umqEbPWwqIb7scpSIzabnGONH88Hq8/E3prP2qj96ZaL8fLhcxFxIp49ERHxTLxWXa7cuTB9sv4+KbeP07m6adx2LNWeLu/YbvPYKB1brbWNTY+LNetcTL+WtXevRU22mu2X/P6q97cES7ebtaPdS29XfP+KfVynTCvbLndG+Qffi/FaTbZa5zir+7e8sdj/atbWvhU/3BcRsS9++Fb2t+Oxu+p8qtsfKe7H8j6sfb/26q9ReZfRnjd8vFe+FwEAWE/WdbiajQR5dvJ4PNogIPjZydrRDU/vLV8INHu8xsWTMX44N1p277diusFTnz58uDwyLJ6Jvcu5WJ2bjgMP5rcXcfbwgxUXpPlyRUTEucPxrem5iBiLR/fvi4r9k11o79sfj44VAo7K15+LJx5cmxesec3KXa9+zx7+VqF+xx6Nwm4ph/LZaL7H9j8aY1G4wNxbcVH8TOxdyWUK5qbjwN6qq+5zh2N8bSRwHXYunjhc/uxnD38rDlSMRsqfM3VGhT6ztzIob2k/PhN78+fRM3vL51Czc6zZ43W03b6sloszhX15YjKOT56IiCVG/p87HE/kdm29z3z28OFc3TRuO8Ye3R+PRcTZ6ddKPyAURlPui/2Ppo60Szg2SsdW87Yxpd7XhOKPjqV9/cu342xEPHviRPk5eyZrfpgsf6+mDzNfut2ci+kDtSO8n95bPGaKZSofI7Vl6ni7vFz7TsSz+e+WubfjYkQ8duJEPFZ6Unbs1QnAs2NvBVX0R57ZGwcOHMjtw3PxxLcqf1Bsr/7qn/NP701sz5s+DgAAq2sdh6vZSJAT8eieiK8sGRDkR3ZciatXXo3KGXPNHs/MxfTJwhXHYy+9VXju+T1xttHUtBPni88pXsxefDv54i8L/Z49XzlC8OmTxQuePcdz5S+/59nivMQs1Mj2T2WImAUcudGG509ExDPxwpq+mGle7q8cv1KxXwq7JZuuWR2sVAc9xWNs30sxW3z97Ev7Is4djpdXOljJjpXsv+N7ojBKqXJ00nqb6pmdR1m9nI3ivq4+Z4phYOm8K47aOnv45coL+rr7sVJ2Ds2+tK/4FsXIoMk5tvTje+J41ajd8lu32r6snoqwqk7AVqlc/myf1bSzpXMkO17rjISNKP+gce7teDtiZcKkZsfG2P54NX9MvPVSIeAqHltLt40ttL1r1mThR8fivi7U+Yl4dDL/nD3FHyaz5QMqv1fTNGs386Mv88dMVoZimc5Nx2t1y7SK7XKy3cXvlsJnKhxD+2L/5O6KZ5V+bCh+T1cfeyuq2DZm5/DZc3sK35vZ+ZCdky3v39z3bqOlbrL2uOqca3rOLvn4+v9eBABg7Vm/4Wpu5NVXIhoGBIXQtTB1rN7UtGaPV/plvH0uIuJEHMs683seL3bya5VG/mRlW4a3C28cT+/Nylkc1VG6ICrKpq9Wj9SqGKVZDiULnyP7XIXpzCO515/NLxq35rRe7mzqce1uyQUrWdBz4ngh/CqONopzh2O8uP1slGwWyC1bqV729uCU4+Uqj1bcvbtwEpVChQd250Z4Rcy9XbiqP3v4weJ+ykZEFQOZlvdjOTQa212ZHjU7x1o+B3Paa19WS3VYtafhyP+IKJ8PETG2/3ihLav6oejZ4/uLYdBY7D9eCMbrnyNVP2gUR1MuJ0xqemyUFKcZV41CXbptTKv3taJwXj0Tr13MArPdsbvqOdkxOv3aXLnNy75XU7TRbhamnteO7q4oUyloe7xQptVol1fA7t17ovAZLhaPqT3xwANVT6qaPVE41pYziruxrD9SaveyOh7bHRUtYdP9Wz6HS9+7DUYNl/pAVe/R7Jxt/ZwGAIDVsW7D1dLNIUphSnm9w4rRlsURndlojcr1EFt4fM0rXmxka9K9vLswSuv8iarn5UKN6SxEbOECehmjbbuqWO5s3biXd7+aGyGZk7u4nc5GqLUwHXblQudsFNf5UgB/9vCDy7ib9EZTHoXcuf3Y7IJ+icfXYvuS/TCVC0eyHx3qjsZsoQ1oJ9TK/6BRaMc7EyaVjo3S2rFvx+P5UXTlEqW1jT0Q9JT29cmThWnp9ULs3DT8n7XRBqYotJvldUV/+Xh+5Gr9Mk23cYysqR8DS5/h5BLHVP7HhiwAX/klAVZKaSbM/qrv03OHY3xF1mmvvAlY+48DAEBnrM9wdW46Xljixrv5tdoy2cVAFjpWT2tt9njBA7G7OOW1FOBmN9XqsGxkX3lqauUU4+o16bKRH3mlC+3i2mvlC+jsc1VP8yvcjGiNXudF83JXj9Cbi1/W7Jbyxe0TxRv8lKbDZqNtctMjl5puvjzZTaGKQUNpSiwR5dFW5Wmi5f8qqyJ9PzY7x5o9vmT5W2pfVkN5aZO66u2v3N/mpk8Wgtk9uyvahfwaqtn29+xusFNyo4z3rkCY1OzYqJlqXRwtW1mkRm3j8uq967I27Ny5OBuN6iSbhn849la3gct5z0btZs1SENkMhPpleqL6GFnVdnk5it9PxX3/2O7qYasFpWNvb+EH4o4sCdCONvZvtuxO4cej3NqxTd9i6XO29fYeAABWx7oMV7OL5Zr1FbNRa6UwoPZO3dm08cLFc7PHq5WnvJamq+29GI81WBagfblpdlV36S1fgFU9XjUELnu85uZWERFj++NYaeRm/gK6zjS/tXRn89z0xMo7wbda7uzx2umnEbmpzhFVo4vKF/iV7998hE5NPTXalzV3MS+WsSZwKk4tXxMV0gXZKLDSNNGq6agt78fGmp1jrZ6D2fF2YPoXbbYvq6B0x/jaHySydW9rA5LysgZZu1JT/tI5kp1jSwV02Xlb0GqY1PCcanZsFJXb7DrhcsO2sZ16X4uyJR8ilqqTbM3ywtNaWxKgZn+XluJosd0sPV57c6uIiK88Xh5hXHmMpLfLqyt/nC8x8jb7saHZ81ZNs/1bXF4j91+hXWij7M3O2RbP6Q3/vQgAwKpZh+FqtiZevYAiu5DMAoL8jQ/KHnvpreLoh2aP17HneG6K77744Vvfj/3L+DQtG9sfr1ZPZ933UswWC/qV4+dz67ruix++VfxcddegjZoL6LH9r+Y+V8GS+2GNWLrce+J4fh2AfS/FbHEfVo4cLAcQ1cfUV47XLiXw7PkVHLG253idJRxOxPlXa9ew3NjyN4zK5PZT0/3YgibnWNPHY088XnEs3tN++9Jh5R+magO0rG2oGfm/76X4YW7X1iv/Yy+9VNX+1Lm5TU4WWK5MmLT0sTG2//sVdfDs+eI5XTVKt1Hb2Lze17aGnysvty74SgT/S7abY/vj+/nz5MT54rlbFeyXQsfaY6Tj7fIKKR3nS/7Ikwth18iSAEvv33rnW7v7v0l73vRx34sAAKyuvtu3b9/uxIZnZ2fj82MrdxWw+IOvRUTE4F/9ZMW22Qk/O1lcn/DE+eIUuYtxcsveeDpOxPl6d8sF6EVz03HgwcNxdt9LMdsgpJ6bPhDjh8/FYy+91d4du1vYNqvJ91g3JZ9HtKxX+pgAANT33txcjI+Pd2Tbx44da/qcTR155w2ssP7eucKNtPKzS5dzd2WADaRmHVS6K7vJme+xLshm46yFJQEAAIB61uGyAN01tv/V2jvO99AUUYDuKazXOH74XMS+l+L7Rul1WXHd8cJ0jDjve2x1XTxZWqf4sZe+v+aWNQAAAAosCwAAwIaljwkA0Nu6vSyAkasAAAAAAAmEqwAAAAAACYSrAAAAAAAJhKsAAAAAAAmEqwAAAAAACYSrAAAAAAAJhKsAAAAAAAmEqwAAAAAACYSrAAAAAAAJhKsAAAAAAAmEqwAAAAAACYSrAAAAAAAJhKsAAAAAAAmEqwAAAAAACTZ1uwDtWvzB17pdBAAAAAAAI1cBAAAAAFL0zMjVwb/6SbeLAAAAAABQYuQqAAAAAEAC4SoAAAAAQALhKgAAAABAAuEqAAAAAEAC4SoAAAAAQALhKgAAAABAAuEqAAAAAEAC4SoAAAAAQALhKgAAAABAAuEqAAAAAEAC4SoAAAAAQALhKgAAAABAAuEqAAAAAEAC4SoAAAAAQALhKgAAAABAAuEqAAAAAEAC4SoAAAAAQALhKgAAAABAAuEqAAAAAEAC4SoAAAAAQALhKgAAAABAAuEqAAAAAEAC4SoAAAAAQALhKgAAAABAAuEqAAAAAEAC4SoAAAAAQALhKgAAAABAAuEqAAAAAEAC4SoAAAAAQIJN3S5Ap1165Ui8MNP48cmjp+PxiQ4XYv5CfO+pMzE7fjC+++RUjHb47ZZr/sLz8Z0zs3Ufq95f2XPHDz4X357qwCer2XeX4uUjp2ImJuPY6UOx8lXX6e1X6vj+i/m48PxT8UquOlOO+c6Xs+YNe+qc2Siy9nRV2s2OWt3zHKBa4/7peBx67slYja/a2rZwvfWBOizrqzR4uPe/KwGAVhm5SltmTh2J712YX/6G5i/E956/ECuwpeUWJC48/3ysxEdae2qD1YhCHb58qTslWq5Lr/Ru2QGgudl45an12i/ZWGZOrYN6XDP9dQBY29b9yNWMX4/bVz2SIBthMHvmx3FpqjCiYXTqyXhxqs0NX3olvnlqJmL8YPPnjk7Ft0+3+wYtF6Q4QmM8DpX+NhGPnz4dj3foHVfV/Jvx09mIyI1AyUbKzLxxKR6fWMMnRE29l4PiyUe6VioAWFGV/dPsu242fvrmfEyt+mjOddQHWk11ZtkU+lvdqscV0k5/HQA2uA0TrjaThU7jBw/G/WfORGGmVnFqVuSm/VR1oMrTZI9GnDoV2QyvVsLcmun3k0fjxUMT2YN1pkVnne78lLHq0Yl1pnJlnaOi1OlXo1NPxrF3j8QLMzPx80uHYmKiwZSuOtOkSvsjX5bZM/GdI2cKj+0of95D95+JV2aisK//IuKvG00Pr/hcldPo6pYre/7k0XjxUBSD1YjCKJEj8UrF36v2Y81navD4+MH47jfeje80KFdjH1TWY+lYqFfn7U6lK9fXxKHT8eKh/GP1pgDWf8+ly9n6tsrnzHNx/48abKvi+H8o3sy958ypIzFjuYA17lLu/Iq6F5759m/84HPxl/E3dY7ppbfT0rFUZzuTR4+u6KcFWBmj8dBXxyNmZ2P23Q8ioqr/UlT93b9ybWHt93jatifj2OlH4ucrtsRA875u7TILuedU9P+q+yz5vk7z765W7dg1HhFV9djK9ivqejKOHY14IV/2utcH9ZdzqL7OqLk2qTquKvqsjfrrE3X2tT4ZAPROuLr4g6+1/ZrBv/pJ6f/PnDoSMzXPqO2czZ7JB2jF0C0qnhB/feGhmkBr5tSpqn8fiVgiYK271tbMqfjmO8UOyuhD8W/HI2ZnX48356cKHZ1sJOL4V+OhusFqRMRMvHAkajuUFR/hqfhepAWsWWfxnbn5iIk6r2+w/tTMqefj/ueejKZjUGfPlD/P/WMxGnMNnjgTL1Ts8tl45alXYqwTa4TV2YeF/fxObfg4eya+U12uv7kQDzXpdM6eOVW5z2ZOxfd2Feoou9Aqj36Yjzdfn42I8fi3Dy2x1dIxlB3/y1/Hbalytmvm1FPVf4iXH2l9hPmNH3wtFtt+140p3xZGLL89XVrVxWNE4bx4PkoXX9UXfLNnnoq/Hh9vezuZpY+l2u1Ut9cp+wPYmDrbnmbf7xHju3YU/tRGP265beFS2tv2TLzw/DtR3aqnad7Xnb/wfJ31a2fihVceKQSSE4/EZMzEzMwbcenQRLF//EahvJPfqB+sRjT8zmmlzDX12Mr25y/E9yrqurqv20YJ6tw/oeLapG7ftnlfuu71y+yZ+M4rY/HioQnfp7Sl9b4lwNrXM+Hqqsl+fc2FhNkIgdK0+IpfoateF7mp1z+6EH9Sr0M2fyH+ttgxKf+KXOx0zZ6Jv780FY9P1IZq82++XijPVx8qbPPSjwudzdx7F8o4E3974evx7amICz+aqf8+uan9Kerugwb7o8LooXjxaJSmGZU7lOWnVPyyPt8oXM2P3Mg63tnnbqULPBGPnz4aUWfUQqX50j7Mj3jIpnu98uNLMXWoci/WjNKdfTea7K2oN8KitPzCQ1+N8ZiN2dffjPmpqRitCdkbGY2pJ4/GO9UjdJc1imSJcra7qVL9ly+c6of2ozH15HMR2bIAxf27+IOkD0CHzV/4UfGCtfp8ydq23EVn6RwutEuzbW0n9+SljqXsAjp37C510z6A1VT/x//sx9P59vpxnWwLU7a9Es1s077uaO0SVVn/6525mI+JGI2J+OPJiJnczKtLbxRL/Ehxnk073znViiM7a03GnxX7pK1s/9KPi4MTamYvtb3T4u/PFH6EL/Vvi9c1NdcmNSOQiybq99cvvZG9zHJrAJDXc+Fq6i9crXYCSsHl6FjcHxGzudGBo2OFv9Td/jfKHZWJrx+M8ZkzMdsoVPvg3VLnqVymifiTg+Mxc2a2tB7maEWo9lDNaMX5uXcKL63TqSuEnxHv5KdSVzzjnWg0+HRZSqMlc2Vqa7rQZPxxS521coe14TS6FfFBcR9OxrFc57NUx/lREMVylcqfjZRo4V3GD369vI3S67I6qhzF/FB1yL6k4vppFSMUZuKF53clTeFaupxtbqtU/nL9tcOv3c01G0HSiX34wbulRie+WXXwFy7Ey+dU+Rwut3+tb6d8wC11LGXtZP7YHZ36RkyeKY8gciwBzaxee5r/AfSDtvpxy20Ll9LJbS+leV83twPqjsYsyPpthT52xM8LSWepz9bOd05LqkLL5tuPyD5qFvhGjMbUNybjlQafqaH5uShsqt4MvOK1SWk0b648jYLWnIlHJiNmZiqOx/w1lu9TWmGEM7Ae9Xe7AGvf/THWrUWEiqFazL4eb15qdbRiZ2Wdw/I0p2qjMfXk6Xjx9HNxKJsPNnsmvnOkxbu8j++KRltOkYXMEbkOeietcPkLihcyMRs/ffNSa0sCVJs4FC+ePh0vHp0s/LvYuS4rXKQVlC/m0rS2rfu7dmKx3jiWgF41efR04fu59F/6rKJOtoVruZ2dv/B8fPPIkfje3Ncr+zp5WZ965o24VFoS4JGVWUpq/GB893RV33fmjZq5UCsq348rhantKPz4/uLpo1HaWzOn4ptHno8L80u97FDNPp45dSS++fyFWOplALDe9dzI1bUqP80mm77fMGjbsSvGI2K2ar2qvy+O2sr/Yp2NDnjlVDHUzI1WLI2kbTgydD7uL2RyKzN959IrxXWW8iPOGimErFNRnnZWukN99vmXVZj8EgD11rYqKk0JKz+nbEdp/zSWPSe3dlfkp26tTMe8Ymp9aXpdOdgvjWLO1jxtIWQvTffLj0RouO9n451sAEjp/dsvZzvbas9oLDFwnDUkW5d5qREw2TlVPofL7V8722lF1k7mj93S9EyANW3HivXjOtkWrsa2G/d1y1Pga2Z2VW6p2KfO1jEdj0NfL+/QlfnOyS9jVDlLqJXtZx+11F/OL01VozxyuXTdUSpGefZd87X2izOcorzkVWmN/6X66xOH4sXTh6K8rFnuHhEAsAFtmHC1/ppWsewL95I605XySwVUGJ2KP5s8U1iXtbpc4wfjT3LFKYVqhQcrRytOfD0Ojc/EK/Xe++jpeHyiPJ2o3vs0mxY+e+ap+GadJaQqpoZXW2JKVjk0Lr1B+e6jCcM9a8tXDn1LnfGG62BVbKkwbWryaLx4qPqx3JSsmqlclR3z5ZmJF45U7reK/Zy7OVVEa0sClI6dOlPQyqFw+cKt4TnScjnb3VaamVNHYsadabtqyRsEZlNB650vzz0ZU6O5ZTxy5/D4eOU009Gm22mxsKXlK2qPXYC1bXn9uAqdbAvrbXt8vOUf0uv3N4ttfdO+btb3qDMFvkpFn7rqR+oV+86J0Zj6i4Px06fOxGzuJritbL+85FSdfltp81lwutTnLS+1U/Oc4nVP4/V268yMKvXXn4v7f9RgDdguz6wDgG6zLMAKmTyamwoUzUcYTBw6Hd89WHUf1cmj8WJ1R3l0Kv4sm3lT03Ep/EJ+qGYzufeeOFQ7PSo5mBqPQ8+dXvqGUROH4sXnDtbcIXb84HPlMmVTs4remUuZSDQZxyo+V9VNmiYOVe3f6udHlKfblwpSf0pT3c80GcdOt9PZXtr4waMV9Vi+0U+5rFPfKB0IrS0JMDoV385P98pU/KBQuOlV/jnVZWm9nO1tq10Tj+S2XLOsAWtH4WZxlcdd5cXp6NSTFefn+MHn4i+/2v52UsszebTOeQGwFq1YP66TbWH1tifj2JPfiPtXZNvN+rqFMDP3jRKHnis+f/b1eDPfscv1qWt/pF6p75zC+/xl8Ttu9szfFKfZt7D90an4dnXftqbvOhGPV/VJ69Vj9fds8Yml/t/o1JN1l0+YPJovT3V/PWLqydNxrLZjGcf84A3ABtd3+/bt253Y8OzsbHx+bGzFtpctfL3WFkovTKHp7F0zs/eoDdzYULJRwUZt0qJG7WZ329Pc3Y/r3BFZOwesRWuzPV0jSrOWcmFh6W9VP37Tnmw/rtRMO1gDtJtAJ7w3N1eYDdkBx44da/qcDbMsQM+avxB/OxPR9g2MWGfK6261siQArF25O03XmR6pnQPoMaVlAepNQ1+hm0YBAKxhwtU1LBuxGlE1TYeNJb+O7eRRo/roeaNTT8axd8vtW0Hi9EuANaC/fyOvtPWleOK//ZcY/8kv4uP8n3d/NR57OGFRfcru/aP40z+9K2L3vRv8GAOAtU24ukwTh07XuQnS2t82PaR0R1ZYP7RvAOvIlt3x6L7d3S7F+rPj4Xhs38PdLgUA0ISfQAEAAAAAEghXAQAAAAASCFcBAAAAABIIVwEAAAAAEghXAQAAAAASCFcBAAAAABIIVwEAAAAAEghXAQAAAAASCFcBAAAAABIIVwEAAAAAEghXAQAAAAASCFcBAAAAABIIVwEAAAAAEmzqdgEAAAAAANaaY8eONX2OkasAAAAAAAmEqwAAAAAACYSrAAAAAAAJhKsAAAAAAAmEqwAAAAAACYSrAAAAAAAJhKsAAAAAAAmEqwAAAAAACYSrAAAAAAAJhKsAAAAAAAmEqwAAAAAACYSrAAAAAAAJhKsAAAAAAAmEqwAAAAAACYSrAAAAAAAJhKsAAAAAAAmEqwAAAAAACYSrAAAAAAAJhKsAAAAAAAmEqwAAAAAACYSrAAAAAAAJhKsAAAAAAAmEqwAAAAAACYSrAAAAAAAJhKsAAAAAAAmEqwAAAAAACYSrAAAAAAAJhKsAAAAAAAmEqwAAAAAACYSrAAAAAAAJhKsAAAAAAAmEqwAAAAAACYSrAAAAAAAJhKsAAAAAAAmEqwAAAAAACYSrAAAAAAAJhKsAAAAAAAmEqwAAAAAACYSrAAAAAAAJhKsAAAAAAAmEqwAAAAAACYSrAAAAAAAJhKsAAAAAAAmEqwAAAAAACYSrAAAAAAAJhKsAAAAAAAmEqwAAAAAACYSrAAAAAAAJhKsAAAAAAAmEqwAAAAAACYSrAAAAAAAJhKsAAAAAAAmEqwAAAAAACYSrAAAAAAAJhKsAAAAAAAmEqwAAAAAACYSrAAAAAAAJhKsAAAAAAAmEqwAAAAAACYSrAAAAAAAJhKsAAAAAAAmEqwAAAAAACYSrAAAAAAAJhKsAAAAAAAmEqwAAAAAACYSrAAAAAAAJhKsAAAAAAAmEqwAAAAAACYSrAAAAAAAJhKsAAAAAAAmEqwAAAAAACYSrAAAAAAAJhKsAAAAAAAmEqwAAAAAACYSrAAAAAAAJhKsAAAAAAAmEqwAAAAAACYSrAAAAAAAJhKsAAAAAAAmEqwAAAAAACYSrAAAAAAAJhKsAAAAAAAmEqwAAAAAACYSrAAAAAAAJhKsAAAAAAAmEqwAAAAAACYSrAAAAAAAJhKsAAAAAAAmEqwAAAAAACYSrAAAAAAAJhKsAAAAAAAmEqwAAAAAACYSrAAAAAAAJhKsAAAAAAAmEqwAAAAAACYSrAAAAAAAJhKsAAAAAAAmEqwAAAAAACYSrAAAAAAAJhKsAAAAAAAmEqwAAAAAACYSrAAAAAAAJhKsAAAAAAAmEqwAAAAAACYSrAAAAAAAJhKsAAAAAAAmEqwAAAAAACYSrAAAAAAAJhKsAAAAAAAmEqwAAAAAACYSrAAAAAAAJhKsAAAAAAAmEqwAAAAAACYSrAAAAAAAJhKsAAAAAAAmEqwAAAAAACYSrAAAAAAAJhKsAAAAAAAmEqwAAAAAACYSrAAAAAAAJhKsAAAAAAAmEqwAAAAAACYSrAAAAAAAJhKsAAAAAAAk2dbsAAAAArIyFhYX4P//7f0VExL+c+P0YGdnS5RIBwPpm5CoAAMAMTgToAAAERElEQVQ6cOXK5Zh96/+W/v3222/FZ5992sUSAcD6Z+QqAABAj/r44w/js88+ja1bt8Xg4FBcu3a19Nj1a9fi5s2b8dvf/iY+/vij+Nzn7oidOz/fxdICwPojXAUAAOhBH3/8YXz00Qdx7drVWFi4Hlu3bo+dY/fFb+Z+HRER99w7Fp999kl8/PFHcfny5bh27VpEX1/svHesyyUHgPVDuAoAANCDPvvs09JI1evXr8XAwKbYtWt36fEdo/fE/5v9p7h8+XJERFy9eiU++nBeuAoAK0i4CgAA0IO2bt0WCwvX4/r1azE0tDm2bdseAwMDMTZ2X+k5n/vcHXHt2rW4evVKDA8Pxx133NXFEgPA+iNcBQAA6DHXr1+L4ZEtsf3GjRgY2BTbtm2PHTvuqXnezp2fj+jri48+nI+Rka2xZcvW+PTTT2L79s91odQAsP4IVwEAAHrI4o3FeP/992JxYSHuvGtH7Lr/izHQ39/w+TvvHYvRHffE3Nyv4xe/+J+xeWhzPPyv/nUMbx5exVIDwPrU+BsYAACANeedt9+KxYWFiIj4+KMP4qMP55u+5je/eS9mZ/8xIiKuL1yPN37+ekfLCAAbhXAVAAAAACCBcBUAAKCHfGHXF2NwaCgiIu648+648667m77mnnt2xgMPjEdExNDQ5vijL/9xR8sIABuFNVcBAAB6yObNm2N0dGfcunUrFhcX4ncffRibh4dj27b6N6n69a/fjfn538aWLVvjS196OAYGBmLb1m2rXGoAWJ+EqwAAAD1mZGRLXL78aVy/fi0WF67HjRuLEdEX27Ztr3jer3/9bvzq3Xfi008/ia1bt8Xw8HDs2vVAdwoNAOuQZQEAAAB60LWrV2Nx4XpERCwuLsTVK5/F7du34/LlT+Py5U/j1q1bMT//2/j0008iIuLy5c/i/fd/080iA8C6Y+QqAABAD9o8PBw3bizG4uJCbNo0GINDm+Pq1ctx+fInpefccccdcfXKlbh8+bMY2bIlduwY7WKJAWD9Ea4CAAD0oMIaq31x9cpnMTyyJYaHR+Kjj35bevzy5U9ibOy+GBjYFO+//5vYsWM0du8e716BAWAdEq4CAAD0qG3btpfWWV28sRgD/QNx89bNiIjo7x+Ivr6+2LXrAeusAkCHWHMVAABgHRjcNBh33nVP6d933rkjhoY2d7FEALD+GbkKAACwTgwMDMS9936h28UAgA3DyFUAAAAAgATCVQAAAACABMJVAAAAAIAEwlUAAAAAgATCVQAAAACABMJVAAAAAIAEwlUAAAAAgATCVQAAAACABMJVAAAAAIAEwlUAAAAAgATCVQAAAACABMJVAAAAAIAEwlUAAAAAgATCVQAAAACABMJVAAAAAIAEwlUAAAAAgATCVQAAAACABMJVAAAAAIAEwlUAAAAAgATCVQAAAACABMJVAAAAAIAEwlUAAAAAgAT/HwaFPfduwvocAAAAAElFTkSuQmCC" height="600" width="800" />
Expected: 6 - Actual:6]]>
  </system-out>
  <testcase name="Get_Dashboard_QuickLaunchitems_004" time="4.459" classname="testcases.DashboardMyInfo">
    <skipped/>
  </testcase> <!-- Get_Dashboard_QuickLaunchitems_004 -->
  <system-out/>
  <testcase name="GetMyInfoSideMenuitems_005" time="5.945" classname="testcases.DashboardMyInfo"/>
  <system-out>
    <![CDATA[<img src="data:image/png;base64, iVBORw0KGgoAAAANSUhEUgAABVcAAAJXCAYAAACXAGQHAAAAAXNSR0IArs4c6QAAIABJREFUeJzs3XeQXed55/nve8LNt2/37YyOQCNnAiBIgkFMEkmRSp6V7Z2VvfbWVm251qr1Fv/0uqamamprw3hnZmvsCeWqVVkzli3LEiVKJkVSEkmRBBGIDDRy6gY6h5vDOed99497u9FANwIpCiDk51PVbPbtE95z7u1/fnjO8yhjjEEIIYQQQgghhBBCCCHEvJdffvm221h3YR1CCCGEEEIIIYQQQgjxG0fCVSGEEEIIIYQQQgghhPgEJFwVQgghhBBCCCGEEEKIT0DCVSGEEEIIIYQQQgghhPgEJFwVQgghhBBCCCGEEEKIT0DCVSGEEEIIIYQQQgghhPgEJFwVQgghhBBCCCGEEEKIT0DCVSGEEEIIIYQQQgghhPgEJFwVQgghhBBCCCGEEEKIT0DCVSGEEEIIIYQQQgghhPgEJFwVQgghhBBCCCGEEEKIT0DCVSGEEEIIIYQQQgghhPgEJFwVQgghhBBCCCGEEEKIT0DCVSGEEEIIIYQQQgghhPgEnHu9gF+nsl9hqjTNcP4qw7krXC2MMlYcZ6YyS9kv4xsfzLXtDYaYE+OxZQ/zz9d9HYVCKXXvLkAIIYQQQgghhBBCCPGZ9RsXrvraZ7QwzqmZM5yYOslw/gqzlSwVXcELfALtExiNwTCfrBoFCgyasBNmVeMACglVhRBCCCGEEEIIIYQQN/cbFa6OFMbYN3qAA+OHuFoYJV/NUw2qaDQAxtSqU40xRJ0IlrLxtEeAX38tykBqOWubV0vFqhBCCCGEEEIIIYQQ4pZ+Y8LV8eIkr5z9CcenBhkvTeBpr1aYqkChMBg0mpgTY6BhOWE7xEhxlKnyNL6pBa8t0RYeW/YwyVDiXl+OEEIIIYQQQgghhBDiM+6+D1eNMVSCCq9ffJPdI3vIeTlqcaoCZeZqVok7MTY0r6MrvozABJzPXKDgFwlMgDGahBtnfdMaNrVswFIy50sIIYQQQgghhBBCCHFr9324qo3m5PRp3ru6m7yXr/dKVfM9VeNOjP6GPlY2rmCgoZ/R4gQnpge5kL1EwS/Wj6JYFu/kwfZtNISS9/BqhBBCCCGEEEIIIYQQ94v7Olw1xlDyS/xs6F2myjMYY1CqFqyG7RAt0RZWpQbY3raVdKSJ49OD/HzoHcaL47WOAUqhjaYhlGRdeg3rpNeqEEIIIYQQQgghhBDiDt3X4WpgNGPFSfaM7kdrjQEsLBrDDaxqXMkjnTtZ2bicydIUbw79gl8MvwuApeptAwBLWaxPr+Ghjh3E3Ng9vBohhBBCCCGEEEIIIcT95L4OV33tczk7RN4rELZcXMuhOdrMU12P8+iyh0hFUgxOneKVcz/m2PQgtrLnQ1UwaKNpi7WypXUzK5sG7um1CCGEEEIIIYQQQggh7i/3bbhqjMHXHuczFwCDbdnsaN/G833Psjq9kmpQ5RdD7/GTC68zWhzFUddfqqnv80jnQ+zs2EbIdu/NhQghhBBCCCGEEEIIIe5L9224ClAJqpyePYeFxW8NfIVn+z5HOtJE0SvyzvB7/OTCTxkrTmAre9G+1cDj6e4neLTzIZoijfdg9UIIIYQQQgghhBBCiPvZfRuuaqOpBhViTpT/ddv/zLa2raTCSQrVIj86/zrvDL/HVGkKSylY0AoAaqHsjrYHeK7/WfpTvVjKumfXIYQQQgghhBBCCCGEuD/dt+EqQMyN8dWVL7Ei1U/cjaGN5r2ru/lwZB9T5WmMmotVDcbUAlmlFI907OSF5Z9nRaof15J2AEIIIYQQQgghhBBCiI/vvg1XLWURd+OsTa8mbIcwxvDR2CHeHn6PK4URfBOAUlgownaYdKSJFQ19DKSWs6VlA13JZUTsMEqp259MCCGEEEIIIYQQQgghbnDfhqtKKRzlzF/ATDnDh2MHKWqPgcblNLoJGkJJEqEEqUgTLdFm2qOttMVaSYUbsKUVgBBCCCGEEEIIIYQQ4ldw34arixnWpleytnEFDcolpSwarDBRN0Y03EA02ghOBCxHqlWFEEIIIYQQQgghhBC/ss9muGpqg6eM9kEHoCywbJSy4CbBaAOKZ8IdkB1F565COQd+FRQYO4wXSaLizahEK1ayDRVNgROpHVMIIYQQQgghhBBCCCE+ps9UuGqMBr+CKecw5VlMKQPVIjhhVDiJCschnECF4ignXAtd6+xqAT02iB46iJk4h1+cwVQLGL8KGLBDWMlWVHMfdscGrNbV2Ok+iLdAKCohqxBCCCGEEEIIIYQQ4mP5bISrxmCCKqY4jZ44i3/lEPrqEXR2FFMtgR3GiqexUp1YbauwW9dgpftR8SYIxWvBaLQRerZjtQxAfgJnZhg9eQ49M4wuTEKlgJ69AtNDBGffRyXasPu24ww8ht25EWLpWmArhBBCCCGEEEIIIYQQd0AZU38G/x4xxkDgoafO4Q2+jnf8dUx+EiwLUChl1bYxem7JqGgDdvdWnDVP4SzfhQo3gLIW9VI1XhmTnyAYP4V/aR/++fegmAHtMXfZVrINd80zOOuew2pdjbLsm7YeEEIIIYQQQgghhBBC/NPw8ssv33abex+u+mX8S3vw9n6b4PJBsOzaF4DWYIJr26JqwWd9ycoOYfdtJ/zo/4jVuhblhG5+Hu2jZ4bwTr6Bd+B7tZYDVv1YxmB3rif0yB/irngMrM9GQa8QQgghhBBCCCGEEOLe+MyHqyao4p14De/w9wnGz6J0AChAgwHV0o/VsQ4r3gzKxlRymMxV9OwwenYEFXhgu6hYE6Gn/gR3xaOoUGzpcxkD2gevTDA+SPXA3xFc2l9rO6AsUDZ26wpCW7+Gu+kroOy7ei+EEEIIIYQQQgghhBCfHXcSrt67Ek2j8c+/j3f0xwRjZ6499q8MKtZMaPvvYPVsx4q3gB2qZ64a/DKmlEFPnScYPoh37j1MZpTq2/8OZTR2/8NY0dSi0ymlwHbBdrGXbSEcb8Fr+D7+6XcwuXEMAcHkeSoHvgfxFtyBJ+7u/RBCCCGEEEIIIYQQQtxX7lm4GowN4g++gR4/DSZA1R/5t5q6Ce3459jLH0XFmsByru+lagwm2Y7V2IXVvg67Zzv+ybfwLu2luv9vCEcbUT3bULZ703MrJ4zV1Iu7+Wtgh/BP/BSTn6gVzE5fxtv/HazW1VjJttqwLCGEEEIIIYQQQgghhLjBPQlXdTmHd/wfCYYOgleuBZhGo5JtuNt+B2f1M6hIw9I7K1ULTqONWJEUVqoTK92Pal2Bd+SH+Jf2YDX1olKdt1yDshysdD/u+i9iKgXMybegkgftE4ycwDv8fcIP/yE4kY894CoIAgKtUUrh2PaiQVsLGWPQWhMEAQawLQvH+fTfFmNMbV1BgFIWruvccl0f95igsCwLy1Iode3rxu3n3O7cxhi0MQS+jzEGy7KwbRvLur/DbmMMBkPBK+JaLiHbxfqEAb42Bl/7VIIKcTeO4vb3VQghhBBCCCGEEEJ8eu5NuDp6jGDoAKY0Wx9QpSGawu7fibPqyZsHqzdQSkEojt25ARVtAK+MzoygZ4dQyTaUdeu+qcqysdL9OKuexOTGCc69X1tPUMUf/CnuuudqQe2CKthq1WN2dobZTIZQKIRSip7ubpRSeJ7H5aEhzpw5w9TUND29PWx/4AESicSicxcKBUbHxhi6PMT4+Di5fB6loKGhgfb2dnp6eljW2YnrurcMzLQxVCoVrly5gm3b+J5PY2MjTU2N2LZNqVRidGyMixcvMjExQbFUIuS6pNNpuru66e7uIpVK3XFoGQQB2VyO0dFRhi4PMTE5QaVSARS2bREOh4nF4kTCYVzXxXZq4XKlUsVozZatW2hpbl7ymowxlEolxsbHuXz5MldHRijkCxijCYVCNDU10d3VzbKuZaTTaULu0tXJ2WqO8eIEFb+CNgZbWbTH22iOpm97fSW/zHhxgmwlh2PZFP0yPcllpCNNZCs5xksTFLwilrJwlI1vArzAo6o9NBpHOcScKKlwA82RNHE3hn3D57AaVHnt4ps0hht5oHUTLdGl78etGAyzlVmOTpxgojTJ8/3PEneX7jcshBBCCCGEEEIIIX497nq4arwy/rn30LlxMGa+KtRK9+KsfrrWY/UTsBp7cB/4Ov7pnwP1wJbbD6VStoPdsR7d/xDBlcNQLWAMmJkh/OEDuPEW1IIervlCnv37P2LP3r3E43Ha2lr5vW98g0qlwt59+3j//fc5eOgQk5NTPPP006xfu24+XDXG4Ps+ly5dYv+BA5w7e46rV0eYnZ2lUChQqVZQQFt7O2vXruHBHTvYtm0bDckktr30tRityefzfP/7P8APAqrVKk8+8QTbt2+jUChw4OAhDhw4wKlTpxifGKdYLGHbNs3NzaxYvpytW7fy0EM76e3pIRQK3fJeFYpFLpy/wIGDBzl95gzT09OEw2HisRhKKbK5HBMT45TLZVw3REd7O21tbWhjmJmZxmhDR2cnzenFIWelUmFkZJQjR49w9OhRLl66hNaGWCyGbdsEQYDveyTiCfr6+3hg61bWr1tHU1PTomNlK1nev7qHK/mrGGNoDDfyVM/jdxSuFrwCxycHOTB+mJDtkveKfGn58yTdBJdzQ3w4so8rhRFc5ZAKpWiOpjFAyS+RqWaZrWQI2S7NkWb6kj2sblpJf0MPYSdce78wZCpZ3rr8NmE7TCqUJBVuIGTf+t7fyNc+FzOX+dH518h7eR5d9jAxN1prryGEEEIIIYQQQggh7oq7Hq7q7Aj+8CFMtVir1jMGwnHs9rXYyzb9Sse20/2ojS+BFYKPETJZkSR260qs1gH00KFaxauy8M+8g9O7ExNJzvdeLRaKHDpymO985zvE4nGefPJzfOO/+wZ79+7jL/7Df+DUqVNUKmUwUCyVcOvVlcYYqtUqe/ft46c/fYOzZ88SjcXo6elh9epVWJbF7OwsJ0+dYnBwkD179vDBBx/w+7/3+zz55OdoTqdvWt2otea1119ndHQUy7LoWlar7PzowAHeefcdstksyUSC3p5eqtUq4+PjnDp1iqNHj/Dhhx9y+fJlvvzlL7Fu7dqbVrAWSyX27t3Lj370KgcOHCCVSvHYY4/x6K5d9Pb2YFkWw1eusPuD3fzs5z/n3LnzBEFAf38/bW1tZOqBaiwWXXTsUqnE4MmT/ONrr/HuL39JNpNh65atPPP0k6xcuZJoJMLM7AwnTpzgwz17+OjAR+ze/SFf/tJLfOHzn18UsPo64OzseQ5NHMFSihWp5exatvOOPgu+DpgoTbF7dC+OVfvzeLxrF9poJkvTDE6f5kL2Eo7lsLJxBTs6tpEMJfCNz1hhnKNTJxicPsnhiWPEnChbWjbxwvLPsy69GtuyMcYwVZqhElQYKYxxdPI4vcluOuLtd1y9aoxhpjTLkcljnJw9RWukmbJfrrVdkGxVCCGEEEIIIYQQ4q656+FqMHEaU5wBrcGyMDrASrZjdW7ACi9+fP7jshJtH38nZaESrdgtAwRDB2v5lGWjRwcxhQlILQO7Fjq6rkMkHMGyLEKuS0d7B1dHRvjWt77F+NgY3d3dOLZNsVSkMZXCcWoVp1prZjMZ/v1f/CW5XI7f/73f4+GHHqK9o51wvWK0XKlw9uw5fvDKK7zyyisMDg7yV3/1V7S3t7HzwQcJh8OLl64UkXCExsYUk5OThEIhSqUSb7/zDkeOHmVgxQqeeuopent6icdjZLJZjhw5yt/+3d9x8uRJxsfH+eGPfkQkEqG3p4dkMrnoHFprTp8+w1//9bd5/4P32bB+Pd/4xjd46cUXr1tTV1cXmzdtorW1lb/97nfJZDOEQyFeeP45mpqa5nuuLgwRgyDgzJmz/O3ffZcfvfoqjakGnn3mWf7oj/6IrmXX9819+KGH2PXILv7mO9/hhz/8IaOjo0SjUZ5/7rnrq26VwlE2juWgAEc5OOrmA84WspRFyHZxLAdbWSgsQpaLUhaWsrAtB0spHMuiPdbK9vYtRJzI/P47O7bzg7M/5oORPUyVp9g/cYBEKE5vspuGcLL+OH8GbTRKwdHJE2xu2UhLrBn3Dtfoa5/z2Yt8NH4ICwttDLlqHnP7XYUQQgghhBBCCCHEp+juh6tDB8GrXDcjympox073cy/L7lQoBvHm2hqUAhSmlEHnxrGDKtT7roZCISKRCLoeFFbKFf7r3/xXiuUSf/Inf8KGDetxXZeRkVFs254PFLU2lEtlQm6I//1f/SvWr1+36DH8WDTKxg3raW9rZWpqip/97C3OnD3DL95+h77ePnp6upesbnQcm3AoXBsmBbzxxhssX76cL730Is994QtEItfCv7l2AD093fxf//e/ZnBwkKmpKQ4cOMDgo4/y4I7ti85RLBb57t9/l0OHDhGLxdm1axfPP/fckmFvNBrlK1/5CsNXr/Dtb3+bH7zyA1rbWvmtr31tUWsDYwwzMzP8w/e/z2uvvUY4FOKxRx/jm9/8Ju1trUtcp8OGDet54YUXOH/+PPv27+ff/8VfMDAwwPp162rvo1KELXe+6rQ2JMwmtiAAvRVbKULWgpBTQcQJ14JWy6oPn1KABVh4OmDhkZujaZ7re4bR4igz5VkqfpWh/BUu54bYGF6PMYaJ0gTaaBxlcyl3mRPTJ+lt6KY91nZHg75GC+McnjjGpewQjnIIjGa6PIOReFUIIYQQQgghhBDirrrro9f1xFnQPnNBqlIWKpyoDaS6l5RCWTbKXpA3GzCZEYxXnn+p6nlUqhUcx6ZcLvPTN3/KO++8w//2p3/Ki198gVUrV9Lf18cjDz/Ezgd3zFeCWpYilWrgz/7sT9mwYf1N+5talkVTUxO/89tfx7IdbNtm//59jIxcRWu9xLIVjuNgu7XqykKxyOXhYbZte4Dnn3vuumB1oe3btvHSSy/R2dkJGIaGhzh8+NCS57h46TJnz5wlm8sxMDDApk2bicfjN72ViUSctWvW0t+/nEuXLvPmm28yMzu75La/fO999u/fT6GQZ2BggBdf/OKSwerC6127ZjUPP/wwlqWYnJzkb//2767bRhtdDxrVfFjpm+Cmx1zIUjZhO1yLKeshu18/XsQK4ygbg0GhCFkOjlr8J9QUaaQhlJofZFXyS0yWpoBaz9V8tUBgglpvX+DQ+BFOTZ+5o3BUG82J6ZMcGD+MUrUwXRtNtpqdD/KFEEIIIYQQQgghxN1x18NVU5iqtQSo/YQBjB2Gez3p3FDr/zr/A2BZ6NwY+JVFmytl4QcB+UKBb/7xN1mxfDmOc/NCYMuySKVSDKxYccvtAGzbpqOjk6bGRmzbYWJikmwuRxAsHRBalkUsWutlWq1WeeLxx9m+ffttB1Q9/uij9Pb2opRFJpNhePgK5XJ50XYnT54km82iFLS1tdYD2VtrbWmhOZ2u9SqdmuL06dOLtpmemeG9997j4qVLRCNR+np72bTp9n13k8kkXV21vrKlUpm3336HmZnZ+WDYUjYWVi2+N2Bh4Vp3VqQdGE1F+zhYGGOwlUXEDmEpi7gTxbUcDLXXrXr4eiNtNGBQqvYJdy2XhHttqNlEaYpgbq1YXM4PMzh9muny0gH0QlfyVzk6eZzR4ii2sjAKtAnIenmpXBVCCCGEEEIIIYS4y+56uEo9eLpOUAV/cah3V81lZDq4/qVq+brXLGXVH/fXWJaira2N7du3E4lEbvlIt1K1Kkrbtm/76LdSikgkTGNjI0opfN+nWvXmA7kb2bZNpB6kWkrR091NS3PLbc+TSjXQ1NhIKBTCq3oUigXKlcVB8ujoKJVqBaUsQqEQ4fDtJ9uHI+FauGugXCozOTm1aJvTp08zMjJCtVqlKZ1mYGAFqYbbVzC7rktzOk1bWxtaa3L5HGfPnsX3/drvLaf++L7BYLCUImzdfs1Qe3/nAlRj5ipUXRQKz3hoDFb9z0Ybg2bxe5Kr5shWc3jax1IWzZE0/Q29aGOoBFXGSxNz/6wAqhboDs6c5tjkiXowu7RqUOXg+FFOzpxBYdW/QGOYKc8sqNgVQgghhBBCCCGEEHfD3Q9XrztlLRqiWsSU83d/KQsFPsYrYbRmPmnVev7R8DnKUlhWrarRcVxWrlxJuqkJy/r0b2UQ+FAPBy1L3TIsnTu/47o0NTUSi0Vve3zXdUkmE4TDYbQxeL5PtVpdtF0oHEYp69pAqjvojVuteni+P7/mGx9Z11pz6tRppqanMcbQ2tLCijuo6p271lgsTkNDCq01nldlZvZa5aqjbCyl5mNGqz7c6k44yiZqh+dDSgXYykYpi5JfITBBvWKV+pCr6+9F2S/zwchehnLDBDqgP9nLwx07aIw0AgZPe0yVptBoNrdspC3agqNsruSvcmzyxHz7gKVczg5zbOoE5aDCuvQa1qXXEBiNMZrp0gye9hb9u4UQQgghhBBCCCGE+PW56wOtiCRqrQFg/rFtU5xGZ0ew21bd9eXMMdUipjANC2v/VH241cLhW0rVqyJrFaNNjY13FAje9vzGEAQBuXye0ZFR3v3lu0xOTmK0wbItHMdZFOQtVCqXsaxaVa3ruouGR93snHMVtUrVayGX6CHa29tDLBrFGE2xWKJQKNz22JlMhlwuhwEikQitLS3X/T4IAoavXCGfz2NZtV6xx44dJ/A11WqFcCSC49g4jgsYfM/H8308z8NxbC5evMTkxAQAnudRyBfQuv7OKXVdAJypZNg3doDmTBNKWVR0FZTCUbUKV20CfBNgAdXA42zmPPNvuuK63qZzvVxrdaeGwGgCHVAJKowWxtk3doD3ruwmU82yrmkNT3TtYlPLBhzLxtcBFb9Cppoj0D472h9grDDO7tG9jJcmOT17lgPjh/lC39OL3gcv8Ng/dpBzmQt0J5bxSOeDTJSmODJ1DGMg6+Uo+xUSbvyOwm8hhBBCCCGEEEII8au76+Gq1dSNmR3GBLWQCqXQ2VH02ElM/0MoZ/EE+l87o2sB78xl1IKKRwAVScLCqsd6EImphW6uG8KyPn6YVS6XyWazTM/MMD01zcTkJDMzM8zMzjIzM8342Ph8WGhZFo5t37I6tup5tYDUsgiCYMnBVIsu25j6drXzOI5DOLz4/q9ZvZrW1hZOn7EZHRlhaHiYrVu33HQ91WqVS5cuMToyQigUoq29jb7+vuu2qVQqTE5MUC6XsW2bbDbLvv37OXf+PEopYrFYva2AuTaUKgjwvCpaGwqFAqFwiL6+3nola/T692FBJp6pZtg/fpC4G8dSNhqNo2wUFgYIjE9gAuz6HmOliSWva2HO7mufi9lL/Pj860TtCLOVDFcLo+QqOdKRNJtaNrC5ZQOrm1bSFGkEar1RM9UsZV1BYdGT6GIgtZyLuctMlKcYLY5xcPww21q30Ba/fqjX+dkLHJo4QiWosrF5HZtbNrJ/7CAKhcGQ8/J4gVerEJZsVQghhBBCCCGEEOKuuOvhqt2yEn35o/mflbKgNEswfhqduYrdvPxuLwnjV9DZEczsMFj2tWzKaFRDJ7iRm+77cXIsY2qh4IWLFzl+/DhXrl6lWCxi2zaO7WCoBZwd7e309vRy/sIFioVCvQ3B4kfrl1yPUmit7yhcra2p9n2u6nWpoLijo4MHH9zJufPnuXL1KkePHmXHju10LVu25DWeO3+eE4MnmJqepqtrGTsffHBR5arWmmKpiO/7GGNIp9Ns3bKFtvY2Qm4I13VxHJsg0CgFtlULQrXW+L5PENR63hpjsG2bVatWLqogrsf3xN04KxtXkAqnUChsy8ZWdq1amNpj9dR7qVaDKrayOTNzbskn7M38fw1TpWnevbIbL6hQ9EuUgzLPdj/F1rbN9Ca7aYmlCdvXwmpfB8xWMgTaJ+7GCTkhepPdrEj1cyk3RKaa5VJuiEMTR3k2+uR8eF3xK+wZ/YjL+Sv0JXvYkF5Hc6SJsB1CUaugLfllKkFFugIIIYQQQgghhBBC3EV3v3K1fQ24MShlasmeUpjAR09dwL+4B6uxC2Xf2fChT4suTKInz2MKM2BZCxNHVEP79dW0cyFnvafBnQSeUHsMPpPJ8PY77/DB7t0cPHiIRCLBwMAK1q5dy5rVq2lv76A53UQimWR8fJxXX30VFNi287EC0zul6r1coVbxqiyFHwSLtotGInz+889y5cowv/jF23x04CN6e3v4/Oc/T1NTE2491KxWq4yMjvLjH/+EY8eOk0438dhjj/HUU0/VqlAXsCwLo818O4Turi6++pWvsG7d2kVrhGstDG683wtbG1z/i2vfWiLNPNPzJJ2J9tvek2wlR8yJ8faV97hVdO5YLi3RFpojaQ5PHqHkl7GVTdyNsTzVR2u0BfuGyt7ABMyUZwlMQNyJE7Jdok6UTc3ruZC5xJGp40yVZtg7tp8HWjfTGq8F0peyQxycPIKvPTY1r2dFqg/HcgnbYSxVG67ma49cNV8Pim/fEkIIIYQQQgghhBBC/OrufuVq6ypUsg2dnwAdoABl2ZjMVfzB17G7NmG3r6tVtN4FJvDQo4MEw4fAaOYHbhkD8RasWPq6tgDGXB+o6jsIV40xzM5meP2nr/Ov//zPKRaLbN++g9/5nd/m0Uceoamp6boeqb4f4HkepXIZY0yth6pj14drLe1akHfntYuWVevlOhdMOo6DbS0dzA2sWMHv/u7vkkw28Oabb/Dt//JfmJmdZcvmzTQ2NmK0YXJqkt27P2Tv3r3EYzFeevFFXnjhefr7+hYdT1kWkWhk/vye51GpVG7aakDND5G6s1phc93/G+w7/jzVqlKX7lt67TVLKfoaeniu9xkcy+aDkT1oo3lj6Oeko2ke6XyQdKTpuvX62me8OIEBGsIJwnYYpRRr06s5l7nI+ewlcl6OC9nLfDi6jxdXPIevfX429A5XC6OsbVzN+ua1JMNJvMAjZIeI2mGKfgltNDOVWbT5dAN4IYQQQgghhBBCCHFzd79yNdGC1bWZYOpirXp1bmiU1uipS3gHv4f1xB+jYunaDnc1C+4ZAAAgAElEQVQYpn0Sxmh0fgL/8n6C0ZOohcGiDrA71mDFW1ALw9Ubq1XvIFz1PI/Tp0/z53/+/5DL5enq7uKbf/zHbN26hWhkqZYDhsAP6r1TDY5t13qu3uJeRKKRa8HvHVbT1sJChdG1R+9dx11UYTrHsizWrlmDbdsUCgXefOstXn31VfZ8uIdUYyNaa6anp3EcmyeeeILHH3+cjRs2kEwmljxeyHVpa2sjEomQy+UoFIvMzs7OV6L+KuYe85//GUNgFlfkLkVj8Oe2VXPHM5h62wBlav12tdEooLehi68OfJGL2ctczY+QrWZ5/dKbJEMJHurYTtgJ1/qiGoOnPcaKkygg4cRxlINCkQwn2dC8lsHpUxyYOEymkuUXw+/xaNcjZMtZ9ozuxws8dnZsZ0WqD0tZtX6/lkvUiVHwS2g0M+UZAglXhRBCCCGEEEIIIe6aux6uomzc1U8RnP8AXb7WGgDLAq+If/odlOMSfvyPIRQHrF85bFuKMQZTyeOffAP/wm4wAVj2gmDS4Kx8AhVNXRfwXqtcrQWTt6tcNcYwm8mwd99epmemcR2Xp596moGBFTcJVufObtC6NphqblDVre6DbTvoICAINKFQGNd1b3sPPN+rDYgytXPYtnXT4VzGGM6cPcfff+8fGBuf4OWXX+bRRx5GWRYz9VC0KdVIQ0OSaDR6XSXuUlzXZdWq1Xy4+0MmxseZmZnhysjIpxKuBkajMfN1psYYAn2H4aoxVLRfD1Zroaiva31hE24c13IJ0PVtNdoY+hv6+JOtf8S/3Pt/UPSKXM4O89OLPyMZSrCldSO2qt2Lil9lolwblpUKp3Btd/5a+xv6WJdezfHpk/ja42phhDcu/Izx0gSzlVm2tG5iXfMakqEkALayiblRok60dn3GkPcKGCRcFUIIIYQQQgghhLhb7s6z9zewWwZwOtdjhZM3VFkq8Ip4x16j8v5/xOQnP0YV5scUVPGOv4p/4jXITcCNj41HG3C6t9X6wy50Q1sAo2+/vmw2y/ETg4RCtd6tra2t831Kl2KMwfM8fD/AcRz8wCcIgpv2d53bfm7YkhtybxtuAuggwPd9ACxlESz4+Ua5XJ5vfetbvP7aa6xds5ovPv88HR0dtLe1sWbVKtauXk1HRzvxePymj/bfaMe2B+hc1onl2IyNjXH82DFyudwd7XsrFe1dqz6lFraWgsod7WuMRusAVW8MoI2moqvoeruAhX12bWXjKBvHcljR2M/XV36VuBvHUhYnZk7x3pUPuZwdhvpxin6R6dIMoEg4MawFn7lEKM7a9GrWp9egAU9X+cH5n/De1Q/xdcCOtgdojV4bCmYpi7AdIuqE69XUmmw1d0dtKoQQQgghhBBCCCHEp+OehKvYYdyNX0K1rsIs7I45V7EYeHhHfkz5Z/8nwZWDmGrxUz29LkxS3fvXeAf+gWB6qH7q+uAkDMYO4277OirZXqtmXbivMfVq0rlXbh9m6UBTqVTmiiEplYq3HE5VqyK1KZVK163tZnzfp1gs1tekKJbKVKvebdcFoLWeH9AVaI3nLR2uHjh4kLPnzqEsi1SqgUgkjGVZWJaFbdvYtj1fXXunlae9vb08uH0H7W3tlEolTp48ye7dH97RvnN832dmZua6Xri2qgWj12qQDXfyPkEttAzZDoEJ6scweNrHGE3eK1LVHpZSmHr7AN/4tffLsnm270keW/YIMTeGNprdI3v46cWfMVmcwtc+s5UMOS+PUrVWAHMVrVB7j/sb+tjR9gCucjAGqkGFUlBia8sm1qXXkAjFr7u3ruUSc+O1/YHJ4jSe9u54yJoQQgghhBBCCCGE+NXck3BVKYXVugpn1eewGrsh8Bf+svY9qBJcPkDl7f+X6sG/J5g4i/FKn/icxmhMJYd/cTeVX/xbvKOvYnJjtSFWar65JkpZWOlu3PVfhPrAoRsOVO9rWvvR8/1FQ65uFItF6enpxvd9LKU4cew4+XxhyX201mQyGX74yg8plUr1INfCsuwlQ0tjDEEQUKlW5o9XrVbw/duHq57nU6lW8f1alafrOITDS/dcLRYK+J5HLpdjcPAkR48fJ5vNUqlU8H2fcrlMpVKhWq3i+/4tw+M5ruvyzDPPsH3bNlzX5eKlS7zywx+yd//+2+5rjGFmZoaf/fwX/Pgn/3jd7wJ9rcrXsHgI2a0EOqDklbGYC9up97pV+NqvDYxStXYQN/ZxjTkxvtD7NMsb+ghbLkW/xEfjB3ln+D1KfplKUKWqq7Weq2580ZCtZCjBQOMKVjUO4Gu/1orYaD7X/ShtsdbrhmzN9VxNuDGMMhgDU5VpqkH1+n+wEEIIIYQQQgghhBC/Nne/52qdCkVxVz6OmbmMV85iytlrA6XmQkSvhB4/jVeYJhg6gN21Ebt7G1a6DxVJoezb9BU1BuNX0Lkx9ORZgkv7CEZPoKcvg1eun+pasIrRqHgLoR3/bS30XSLMdFwXN+TODw7yvFuHmEopGhsb2bF9B9/73j8AcOTYMd586y2ef+45Ojs75h/hL5VKDA6e5M233iKXy9HS0sL4+DiZTIZMNovneThLtBPwfR+v6tUuwRh8zycIbh9uOo6NDnR9cJYDqJs+0t/b20tTUxMnT51i9+7djI6N0tnZSTwWJxRy0dpg2zZu/f4k4gna2lrp6emhv6+PxsbGJe9NX18v/80/+2cEQcDPf/Fz9u7bS9WrMv3132bngztobGy8bk2B1mQzWU4MnuDdd9/l2PHjfO2rX7suePa1j699atGoQhtNVd9ZJa/BoNFoo7GUhTFQ9itoo/GNT2ACTH2glR9cXyWqlKIn2cWL/V+g4lc4kznHVHma3aP7cCyXSlA7jk2tlQBc//myLZvuZCcPd+zg5Mzp+X6u65rXEHdji8J127LmB2ahYKYyQ8kvz69dCCGEEEIIIYQQQvx63bNwFRQq2Y6z5llMOYd/5m3wq7XBVvObWLWANDdOUJpBz1wiuHIUK9WNaurBamhHxdKoSBIs59pwLL+MKefQhUlMZgQ9fRE9ewUzfRlTzjIXui2sWDXGoBItOGuewVm+C2UtfWt836dSqRD4Pt6CKs1b9RmNRqNs3rSRL730Ej969VUymQw/eOUVJibG2bhxIw0NDRSLJYaHhxgaGiaVSvHFF79IJBbje9/7HrOzs7zx5hvkclk2bNhAX18fDclkfemGatUjm83gebUq1Eqlgh8s/Xj/Qp7v1/fxUEpRLpfxfZ9wOLxo297eHp555mlK5TJnzpzhwIGDhELHcRxnPvRzbBur3iIgEg7TkErR2tLC6jWrefihh9ixffuiQVuu67J582YA4vE4H+zezf79H5HL5ti9+wPWb9hAc1OaSDSC7/uMj09w4eIFzp+/QKVSZuuWrezYvv26YwamFo7ODcfSJsAL7rBNgtFUguqClgK6NtCq3mtVG10LYOvblYIKceLz+zu2w6bWDVwpjJCtZhkrTXA1P8LPh94lZLvzrQBsZS+V3RN3E6xOr2JFajnnMhd4YtkumsKNS4allrIJW+H5iLbkl8lWc/g6qIe3QgghhBBCCCGEEOLX6Z4mMMpysDs3gNGYoEpw4UOMV7pWwQq1AFQpCHx0ZgQ9O4JyDqFiTfWvRlQ4UQtX50Y6+RVMJY8pzmAK01DOgvaZrxRcGFTNBavxNM7qp3C3fBUrlr75mlG0NLewfdt24okEHR3ttw1Xbdumq6uLP/iD/55QOMTg4CBDQ0P8+Cc/Yd/+j2hsTBGNxkgmkwysWMETjz/GwMAA6aY0+VyOCxcvMj01zZkzZ+no6KS7q+u64/uBT39/P8s6uyhXyrS0tNzRUCnP8+jq6mbnzoewlKKtrQ0/CJbcNplM8vRTT1GpVsnlcly9epXm5mYaUg3EY3Ei4TCe51EsFcnMZpiamuLy0BBKKQ4dPsTJkyepeh6PP/roor6syWSCHTu209LSzNq1azh8+Ahnz57lrbd+xv6PDpBMJolEIvX7D5FIhK5ly9i4cSMP7dxJZ2fHdWsN22E2Nq8nHWlCKUVzJE1DKHnb+wHgWC6d8Q6e7nkCW9loo2mPtWIrm/ZYG9vbttLX0IulLLoTy3CWCD2ToQSPdD6IMZqh/BVcqxaqupbD8oZ+qqZKV2LZkgGoY9l0JTp5cfkXODo1yKPLHiLiRJZsCRF3YqxpWkXey2NbDsYYYk70jnveCiGEEEIIIYQQQohfjTKfgek3xivjDx/EP/x9/MsfQSVfr2C9SUhUe/79+s6SqhZ8Gub6oZr5XyillnzEf+44KtGMvfwR3K2/hdOx/ubnBQqFIhcvXuTy0BDRaBTLUjzy8MPXVXDejNaa4StX+OijjzhxYpCJiQmCICAWj9HT3cOmjRvZsmUzjY2N831CTwwOcuniJcqVMs3NzaxYvpz29vb56lKtNblcjg/37CUcDlMul+latozly/tJJBK3XM/0zAxnzpwhny+AgcamFOvXrSMajS7aNpPJcPzECfbu3cfZc+eIRaOsXLWSttZWGhpSxGIxyuUy+XyeyYkJLly8yLHjx7l06RL5fI5wOMITTzzBv/wX/4LGxtSS4a8xhkKhwNDwMMePH+fsmbNMTE5SLpexbItYNEZPTzdr1qxh7Zo1dHR0LKqEBchXC/UKzlr1rm3ZNISSJEO3vh8AFb/CTGWWalCr5tU6oCnSSNyNk/cKFKoFfBOAgrAVIh1pwl2iPUWgA6bK0xSqBRzLxbFqrQACo6kGFdKRJmJubMmK1EAHlPwyM5VZOuMd2Mpa8rPlaY9cNU+2ksO2akFwOtJEzIli3zCITQghhBBCCCGEEEJ8PC+//PJtt/lMhKsAxisRjJ/CO/BdgqEDmOIM1ypNbx5aLly8WuK1ha8v3KvWQUCh4s04K5/A3fBF7I7111e13sm6b+i5eaf75PN5stksBojHYiQSiSWDws+CUqnMu7/8Jd/7h+9RrVR57rnneOqpJ2ltaVmyB2wQBMzMzvL++x/w6quvsm//fqrVKqlUin/3b/8t27c9sOR+C2ltqFQq5At5isUitm0Tj8dJxOOf2fskhBBCCCGEEEIIIX5z3Em4+plpzKjcKHbnRqzHW/BOvol39EeYwgwElVqFKSwZsi4VZy4Zst7wg3KjWI3dOOufx137eaxk+ydb9yd4BFspRTKZJJm8s0fV7yVtDEePHeM//ef/TKFQ4H/4wz/gq1/5ypJ9WefYtk1LczMvPP8ciUSCyakpTpw4QbVa4fiJ42zduuW2HzzLUkSjEaLRyKd7QUIIIYQQ4q7IVLP8pxP/H++PfsiVwsi9Xo74FXTHl7Gr4yH+p/V/SCrUcK+XI4QQQnymfKZGiivLwWrsJrTz94i88Gc4A7tqw6rmqknn2gHUv257PGNQ9X1q6Wp9HyeMs2IX4af+F0JbvvaJg9V/CiqVCt/5zt9w9uwZHt21i50P7rxlsLpQKBRi5cAKtm17gCAIUCgymewdvXdCCCGEEOL+9m+O/CXfPfcDCVZ/AwwXrvLdcz/g3xz5y3u9FCGEEOIz5zNTubqQshyc7m3Y7esJhvbhnXqL4MIeTGGqlo8q65atAq5jFoaqIewVuwht+jJ21xZU+LNfOXqvDQ9fYXDwJL7v09HZQaox9bH2j8XjtLS01nqsKkVvTw+WDFwSQgghhPiN98Honnu9BPEp2z9x8F4vQQghhPjM+UyGq/OcMHbPg1hta9EbXkKPncS/cgQ9fgqdmwCjr1VBan394CqlQNkQTWK3DGB1rsfuexC7eQAVToATunfXdR/JZrNUqlVA4ToOtv1JBiXV3qNwOEz/8uVYtxi2ZIyhWq0yNTWF7/tEo1GamppwHAff98nl85RKJbTWOLZNIpEgHo8DMD09Q6VSma9sVpYiHo8TjUYpl0oYY2hsbKxdVy5H4PvE43FCoWufBa015XKZ6elptNY0NKRIJhPz112teuRyOUqlIo7j0NDQQCwWA2pDv3zfp6GhAdd1KZfLlMtlXNclFAqRyWaplCsYowFVW3sijlvvP+t5PoVCgVwuh+PYpNNpQqEQQRCQyWQpV8q1z7uhdm2xGKlUCqUUxhg8z2NmdpZEIkE0Eqn19i0U0EFAIpGgUqmSyWbqxzCEwmEaUylc151vb2FMrddtJpMBpWhtaUEpVXstm8VxHBLxOOFweP5eZbJZWpqb54e6VatVstkckUiYeDyOMYZyuUypVKKxsXH+XhaLRYrFIolkksiCaujaZ8BjZmYGz6sSCoVIp9M4jkMQBGRzOUr19xNT+1OPxWI0NDTMv2+pVIpwOIzneeRyeYLAJ5lMYlkW0zMz6CCoF8IbwuEQDQ0NBEFAtVolGo0SiUTq9z0zf635fB5tDJZSaGNQQDyeIJWSR+OEEEKIG+W8PNOVmXu9DPEpmyhNkqvm72hQrBBCCPFPxWc6XFVKgRtBOWFUpAG7dTXOqqfQxWlMbgyTn0DnJzGVfK1CNfBQtosKxSDWhJXsQCXbsOLNEEmiQnGwQ7WerFI9eUcsS2FZiiAIKJbKVKvVj7V/qVhianIKpRTLVyxn5cAKbHvpbhRaayYmJjl89Aijo6Mk4nHyhQLL+5ezZfMmAA4fPszw1atEwmECP8BxHR7cvoOurmW898H7FItFwuEIlmXh2Db9fX20trZyYnCQiclJXvriC0SjUU6dOs3s7AybN2+mva2tdv4gYHRsjMNHjpArFLCUolAs8vDOnfT39VGpVDh2/DiXLw/VAk0gEgnz6CO7aG1t4cixY8zOzvLIQw/R0tLC2NgYFy9eIp1O09W1jN27P2R6ZoZEIk7gBwQ6YOOGDaxcMQAKTp0+w8nTp0Abgnog+uTnnsBxHHbv2UMulyMSDqMsheu69HZ3k0wmsW0bYwzT09P84p132fbAVpb39+P7PidODFIqldi8aSMjo6Ps/+ij+YC5UCjQ29PDunXraGluRqna+zw+Ps47v3wPrQO++uUvk0wmOXnyFIOnTtKcTrNx40aWdXZSKpUYHDzJkWPHeGzXLgYGVmDbNplMht0f7qEhmWTz5k0kEgkuXb7M+QsXeOpznyMajQKwd/9+Ll8eYueOHaxYsZxQKITWmvHxcQ4fOcrE5ASxaJRMNkd/Xy8PbN2KsiwOHjrMyMgIiXgcpRSO49DVtYxVK1fy9jvvks/n2bXrEVYsX86VK1c4ePgwxhi2bN5MJBzhzbfeIpFMEHJDBDqgubmZtavXMDExwZmzZ+nqWsaO7dupVCrs3rOHvp4eQqEQ5y9erAe+Hq7j0tCQpL+/n1Rq/Sf86xJCCCF+cyVdCd9+EwUmkGBVCCGEuMFnOlydpxTKCYMThkgSO9kOzcsxXhn8CibwatsZDcpCWQ44IZQbBSeMst1rfVvFx7Kss5NUKsXQ0DAjV68yPTVNa0vLHe0bBAFDw0McOnyIpqZGfutrXyNRrzJdSi6X4/z5c0xNTbHtgQdqw7AmJzl1+gytrS00p9MUSyXi0RibNm6gUqly5tw5Dh89SktLMzOzs3R1dtLb20ssGkOpWuWq51XJ53NcHRlh8ORJtmzeTLlcplAoEvj+/PmrnsfE5CTjk5Nsf+ABGpINnDx1klKphOd5nD5zlonJKXp6uulo76BQLDA8PMy+/ft59pmnqZQr5PMF/CAAwPM8iqUisUocz/cploq0NKfZtGkTWmuOHD3K5ctDpJvSlEpFrl69QkdbG93d3RQLRU6dOUMmm6UxlSKXy9HW2kJfby/hcBhlWcRjsVq7hTrf98llswT18xtjKJVKFIsFfN+nUq6gtWbr5s3Yts3IyAjnLlygqamJVEMDoVAIYwy+H1AoFPA8j8nJSSKRCKNjo8zMzBKJRPE8D2MMuXyeoStX8KpVTp05TW9vD5ZloYNalefo2BiNTY2sXrUKz/PI5/MYXatiLhQKXLlylVw+z9jEOK1trTSn07XPwIULzMzMsG3rVhKJBGPjE0xOTFAqlQiHw5RKRRLxOFu31K5DWRbRaLReqZtnZnaW2dlZyuUys5ksk5NTRKIRqtUqtmWTy+fZ9sADNDY1olCEwyGSyQRXR64yMTlBxavS19tLPJEgl8tRLpfp7OwkFo9z/tx5ro6O0N7WxsqBgftiKJ0QQgghhBBCCCF+fe6PcHUBpSywLbBd6Zl6F6TTaZ595lnGxyf4cM+HrFq1stZ7teHWj0L7QcCxY8f48U9+wtTUNC+88AJPPvG5m7YVMMaQyWaZnJqis72d1atW4Tj/P3v3HtzUfeeN/y1ZkuU7vgjbYGwlwg6ikAtmGryRMjG/X0vnaTJNmwxgtuMxm+HpjsMM7ONuZk2Xet104v6S9TzmN4ln+sum9nh2MTDJkk6zz1OyO3Y28q7JFnjSkiJicCJfEqCywBds8E3n98c5OjpHd8s2luH9mnGCdG7fc/uecz76fj9Hh7UmE4aGh3H9+g0kGwwANDAkG7BmzRpMTd0BBAFTU1MQBAFJGg2m7twRu9DfvQuDwYCUFLEVa1KSDqkpKbj8eR/Wr1sHvUGvCkwCgFarhV6nh9frxVdffY35/DmsW7cOeXl5EAQBX0stZks3bkReXh7u3r2LJK0WvZ/8F0ZHR6HVaqHRaKBuEy1+1gBy2ookbRI00GBubg6GFLH15PU//Qnz8/MoKy1Ffn4+ZmdnsWbNGqxZs0aedmrqDkbHxmAwGMR1Mxrl7vyQxhE0Yp7c6ekZzM3NYsTjQUqKUSyHxj+erwu/1+uVv1POx2g0InvNGly/8SdkZWXh7vQ0UlNTodfr5BQEo7dGMTs7gyeeeBx/dDpxa3QUa00mCBBTDngnxIB2RkaGuF00GkAjtlB2uVzISE/H+nWFGBsbg9vtRvaaNbg1Ooobf/oT1q9bh40bNwIA0lLTsCYrEykpqfB65wFBfNHardFRJGmTkKTTISc7Gxpp2+ZkZ2Nqago3b97E3bt3oNeL+17wCvJ6jo+PAxqxwXtO9ho5ZYAx2YiZ6Wk4L1/G1i1boNPp5VbEOTk5GBsdE9Mg5OVh/fr1qu1GRERERERERA+eVRdcpXtLr9fj29/6FtxuN/713/4VH3zwLzAYDHjqz55Cfv5aGAwGVYBpdlbMlXnJ6cSZDz/E559/Drvdhh98/wfIycmOuKyZmRnMzs0hOztbzoOampqK9LQ0TE1NYXp6GoAAz82b+MPFz8RAG4Cy0o1i3lCtFpNTUxgbH4NBr4fRaERWVhZ0Oh10Oh3WFRYCEOB0XoYmSSsFQf1l1+l0yM9fC+sjj8DtHsGXrgEk6ZKQbDBAl5SE6ZlpOceqVquFwWBARmYmvF4v7ty5IwX31C9b02ik/0h5UUdHR3Hl6lWMjo4iSaNFSXExUoxG3L1zB1oph2xSUhKSkpJQXLwBAHB74jYAMYg8NjYGvbRumYEBbo0YLRwfH4dWq8Hc3Dym7kxJQVhxlOm703ANDGB8YgJzs3N4yGxGQX5+UNBbr9OhsLAQN2/dxPBXX8FgSEaWlJ8VgoDbt2/Dc9ODZIMB69etx+d9V8QUCNniPha/XwfBK+CLL75AWlqaHNCdnZ3FlatXkZMtpku48Onv4fHcxHTxNKbvin85OTnQarViaoWBAczOziI5ORlGoxHQAHenp6WAdhIMej3m5+agNxggACgoKMDMzCy+vnYNMzMzyMrMgiHZAEHK/SsG8sXcs16vF8kGA7Kz5yEIArKyssRUBGPj+NI1oArA+4LD4u7U+APGRERERERERPTAYnCVonr44Yfwg+9/Hzq9DufPX8D/+l//G1999TU2brQgNzcPycliIHR2dhajo6MYHv4KV65ewa1bo3jym0/iu9/9b9hstUYNROmSksQ8p5NT8Hq90Gq1mJ2dxZ27d2FMNiJJCs7Nz81jenoaKUYjzGYzyko3it97vcjLy0PRuvUwGo3Q63XISE+XA59r1mRhXWEhej/5RGylaEhWpd6dm5uDVxBQUFCAgvx8uEdG8HlfHz7vu4JHt26BVqvFzMyMnHd2fn4ed+7cAQAYDAbo9Xpotf6Wq16vF16vV1yGIEgtQlOQkpqCwcFB5ORkIzt7DVJTU5GUlASv9EIlQRBzrt64cQPp6RlSzFRAbm4uitYXITnZAJ1OXDcVQQCgQW5uDgoKCjA3O4fJqUn4XigGQArgZsBz8xbGx8exZcs3kJmZqQoi+l4Glpubgz+5/4S+K1dRkJ8PvU4HrVYLAcCtW6O4fv06BEHAtevXoNVqcLW/H5utm+DbAgUF+dBAA9fAAG7evAmD9NKqidu3ce36dSQnG+Hx3MTdO+ILxMbGxuRAuK81stfrxcTEBL50DSA1NRXr162DRqNBZkYGijdskFolJ0Ev5Wud984jJzsbN2/exNDQsNj6NysLd2ekF51Jb8Bat24dstdkAxCQlpYGvV4P77wXKUYjNmzYgBHPCC5//rm4LUKkFJFfmsbgKhEREREREdEDjcFVikqr1WLr1i3Iz8/Hk9+8iLNnz6Kvrw9X+/vFt7IbDNAkaTEzPS0GRufnUbShCM899xwe3bIF2dmRW6wCYkvA9IwMZGZkYmj4K6wfHkZ6Wjo8Hg9GR8ew5RvrxRcYAcjPX4snn/wmMqRWnr632fuCY2npaUhNSYUvqDg/74XXO4/5uXmsX78eRevX49M//AH5prVQtlydnpnB8PAwrl2/jm2PP46NFgtu3bqFsfEJJCUlIS83Dx6PB66BAczNzeH27dsYcA1gzZosZGdnIydnFINDQ/iT2w0AGLl5U25x6QvGFRbk45vbtyMtNRW//8Mf8NXXX6OstBS5ubkYHx/Hl1+6MO/1YvL2bVz4P5+ifNsTyMnJAQCkpqYgIyMDBoNeDur5gtCAGPADgIL8Algefhizs7Nwe0YwOTkpBRbFlsCPP/YoSoo34N8/dmBoaAiZGRlYu3atPB+vIAaF09PTkZaahst9fSgt3Qjv6Dy8XgFzc3O4efMmJm5PoiA/H2Pj48jJzsOE+TwAACAASURBVMHV/n64R0aQkmzE3NwcdDodNhRtwOTUJD79/R+wrrBQzMM7OIjkZCOSkpIwOTWFNdlrMDU1ies3bqCwsBC5ubkYHB5CfkE+0tPSUFJcgq++viats7jeBoNB7srvaw0r5oudQ2pqKiYnJ3FraAiZmRlIzczA7clJMfYsiHPIzMhAeno6NBrx+PYFcue9XqSnpSE9PQ1ffOmC5+ZNbCorlY8RQQC80r4kIiIiIiIiImJwlWK2dq0J//f/tRNP/VkFRjweXL9+Ax6PB5OTkzAY9Eg2JCM3LxeFBQXIyckRu3AvQFZmJoqLN8Dt8eDcufPIy8vDV19/jcyMDBStXw+DwQCdXg+tVuyqr9frAfiDiimpKbh+4wZmZmah1+shCF7kr81HZpb4siatVgu9Xo/HHn0UA0ND0CuClABgTE5GijEFbrcb585fwJrsNbh2/QY2brQgMzMTmx4pw//59Pe4cvUq3O4R3L17F7dv30b5tm0wGo1YV1iIP15y4vPP+/DV119jdHQUWZmZyF+7FoIgQKfTQSt1JS8rLcUXLheGh7/CWtNabCgqwq3RUXx+5Qpu3rqJ27cnMTU1hYwMsVWp0WjE19euY2rqjjgfrRZrTSZs3GiRg6IarRZGoz+QC4ipDgx6MXVDUlISkg1iTtm8vDw88kgZ/vCHi8jJyUF2djaSpZalWo24nYzJySgsKMDX165hTWYmpiYn4fUKmJ6extTUHRQWFOCZp59Gki4Jd+/elVukrisohF6vR5JWi6ysTBRvKMZXX19DUlIS7ty5g8HhYZSVlWLb448jOTkZk5OT+K/f/Q5j4+N4yGxGSXExbty4gd/97hxMeSYx/YCUZzc5WdzvIyMjuPjZZ0jSaqHRJmGtScyBqtfpkWxMFtdpzRpkZGYiJSUFWq1GSregRbLBgMuff460tHQAAozJRpjNJdAmaaHTJUGj1SA7OxuPbd2K/zx7Vg7gA0CSVgu9Thc2dzARERERERERPVgYXKUFS0lJwYaiImwoKlrS+er1epSUlCArKwtX+7/A+Pg4HikrxcMPPYTMzEzMzMzCXGKGVquRA6s+Op0Oj35jC8bGxzE3NwtBAARooNFqkJaaioceeggajQZarRZr1qxBxZNPYm5uDmlpqarlP/SQGenp6ejv78fk7dt4/LFHYXn4YaSmpiIjIwM7nvwmBgeHMHLTg8zMDJRvewLr1q0DAKxZswaVTz+Nq1/04/bkJCwWC4qLipCbm4s7d+7AumkTMqW3yxsMBvzZk09iaHgY2iQtMjIy8MRjj8OUm4frN65j/bp1KC3diOzsbMzOzuKRskcwOnoL8/Ni69GkJC20WvVLqDLS0/Hoo48iz5QnBwSLizZgdm4WaWlpKMgvgF6nlwODmx55BBqNBsnJyZidm0NycjKSkpKQnb0GWzZvRmpqKjZIXe9NJhP0ej3m5sQ8t8nJyUhLTUWyUQzIpqamYseT38TExATS0lJRVroRmVlZ0Gq1KCwsgO3PKjAxcRt6vR7r169HqcUiBT3FdX+krAzT09PQaDTYsKEI6RnpcH3pwujoKArXFaJ4wwaY8vIwPz+Ph8xmpKWlYX5+HoJXkFuvGgwGPPH4Y8jLzQVyc5GamoL09HTodDoYjUbkZGdDbzDgiScex8zMDLxer5QCQQutNgmFBQVYk5WFjIwMpBhTULpxI+bn51BQUCBvszxTHnR6HbKyspgSgIiIiGgZud1uXLhwASMjIxgYGEBJSQny8vKwbds2mEymlS4efvKTn0Cj0eDnP//5SheFiOieGB0dxdmzZ3Hq1Clcu3YNWq0WGzZswIEDB2C1WpGamhp9JvcpjcD+rUREREREtMS2v/fM8i+kvAPnzMXq72Y+RfNvDqNzIfPZ2ILuxx6Hx/UMXjy/lAWMxYv45XMHUT79W2z/8BcrXJbozr3w0bLO3+l04vTp07h8+XLYcTZt2oTvf//7sFqty1qWcJxOJ5qamgAA9fX1K1YOIqJ76d/+7d/wD//wDxgaGoJWq0VmZibGxsawceNG1NfX45FHHlnpIi6Lurq6qOOw5SoREREREa06VU9/gDoTcP73z+BHV33fioHKuhc+wDO/f1bxfSJ7Fz/6zbsrXYiE4HA48PbbbwMQA6h2ux15eXmwWq1wOp0YGRmBw+HA5cuX0dTUhAMHDsBut9+z8k1NTeHMmTNwOBzyd2+//Tbsdjt27dr1QLfaIqL7m9frxdDQED799FNoNBqYTCa89NJLaGpqwtmzZ3Hz5k3VO2EeNA/mWhMRERHRKuREW3U1GrvcYcdwdzWiuroREUaJzt2FxsXOA044nQsYu60a1W0LmOCB9zd4wZSOCXd7QAD1XfzoN7+FC+koW/fiShWO4uALrKakpKC+vh5HjhyB3W6XW4VarVbY7XYcOXIE9fX1SElJwdtvv60KdC6nqakpvPbaazh9+jRGRkbk70dGRnD69Gm89tprmJqauidlISK617766itcuXIF4+Pj0Ol0eOqpp/DMM8/gqaeewuzsLD777DNV3figYctVIiIiIlpdHK1oK2zA/sCeuO4utDoAy4oUSsmJtuomoL4D7Cy8vDKMG0N8+wu8+N4v/B/LO3DOnIPzqpasUld8BKQQSGtB9wuPI8P3eULqqu8jddnP8H8DV1D3/b/Buy98B2b58yB+8141GuWyAOfdOSg3pUvTvwnPOkVagFjLIs9PkRYhnpQICcDpdMqB1SNHjqCkpET+/syZM3LQ0m63ywHXI0eO4LXXXsPbb78tt25dTi0tLRgcHAw7fHBwEC0tLThy5MiylkPkRldjHRz2ZjTsVOSfdbahuqkblfUdqvrR3dWIOocdzQ07ETlbrb/uCqpfE5i7qxF1A7vREVBoZ1s1mrp9nypR37FfVSe7uxpR194vfrDURNg+obaLuA98k4dahmr+gH+/SPspmAU1zQ0Qd6m4TH/x6wPWTz3cUhNwLASWL2j6lRNuf8XD2VaNJiTOuvkFHjPK/RF8LAaKds6qhru70FjngF0+diKVI35ffvklZmdn8Vd/9Vf44Q9/CL1eD71ej5/85CfweDzo6+vDtWvXsHbt2sUtaJVicJWIiIiIVpViux2DZ51AQDDFfdEhDuu/Ny3ZaCX9AhcnvgNzxndw7oXN/uDlIplNj8PlegaV5wFfkPTct6HKhQr3m9j+sdSNv7wD58wf4JdjUuDWF3xVBEIbvv0RnnuhA5DLWIzyrE/R/J4vCPoifrlugWWBLy1CuiK4K6VEeK4FWGUB1tOnTwMADh8+LAdWlSkCfC5fvozLly/jwIEDKCkpweHDh9HU1ITTp08va3DV6XRGzAGrLJ/T6bwHOVhN2Gq3oH1gBFCEXtzXBmGxWNB91on9ijKMDPQDxbujBFZXJzmAWan+3tlWjabBGjR3iMEpd1cj6hq75GCVOF0x6jsaYJXGr2srDBmkc7aJQUzVItwX4YB//iEmQl07UNPcIQa83F1orGtEV3MDdlr3o6Njv3JmYuCteLcUHHOjq7EJ3XJAVBze2OULoEqBVUXA1NlWrRgOONvq0F5cj46GUNPfP6z7O9Cx0oWIhfsiHP3Rg6qxMu1sQMfOJZjRAni9Xqxfvx5btmyB0WgEAMzNzUGn0+HZZ5/FF198gQf5lU4MrhIRERHR6lK4FXZHK7rcylYaTnzQXowdzUBg2zJ16yVA1TrI3YXGugHYawbR3t4vtl6qDZiBuwuNde3oV7Y2CWh55G81pGhN1FQtPfxCbDlSU4PB9nb4GxKFb0kSscxioQJaTQUMl8ssLywBW/YsTuOHb2LdcwdRbijGcy98hOek7yfcb6Ly4/hymE6431S0Qv0FXnRtxjmzDb/cCPwoKwcZuI3zXyvmfb4a2xWtVhsefhwZM5+iWdHCtPHD32LrC9/B1nL/eK6vowc/I5blqpgWARO/VYzzLn7ktKH7scfx359+EZ1xboN7ze124/Lly9i0aZMqKPmP//iPAIBt27bJOVcvXLgAh8MBm80Gq9UKq9WKTZs24fLly3C73TCZlidw5FxAjo97E1wFTIXFQPtZOPdbpWCNGxcdgL12N4rrlN87cbYbqKyX21Oq646ILTYjt/5Ut8xUD3O2VeNUST3sjiZpWWIdVfiBf36BrS3V8wus8wIo6uXKyn6o24H61tm/Xqadu1HZfgoX3Tux0+TGRUc/LDW1cnmtOyqBJuV2k1cETahEZcASMDKA/uIdYbabG12numGpafaX37QTDWGiYe6uVrT3V6K+wbfkEQz0A5W7fZ8DgunOs+hGJeoVdbr12Rqg7gM4d+6H1d2FU90W1DT7p9+5uxLtpy7CvVPaJqprRCXq64GmUyVobtiKiwGtooNbUTrRVn0WO8JcD5XXNmdbNc6W+K59Frz4AvDue/0AmlA9WIPm3QOoa0LwcSUtbySwZWpAK82glquqsqiPIV+L2Xo0ycdg4HU46NqrunZGbk2sOn4rK/3BeEWZmqq75eNeuSxLTQ2K29sDWpgO4IPGanTLjasj7RMFaXni+MHfBwpu9RxaUVERxsbGMDc3h/HxcaSmpkIQBNy+fRt6vR6PPvpo1Dp4fn4e8/PziBSC1SUlISkpKWp5Eg2Dq0RERES0ypiw1Q60XnRjp++BwHkW3ZU7sB/XVGO6uxpVrZfkwEJrF7bKDyXdaB+oR0eH/+FNMQM0is2P0KF8qGkvRn1Hhxy8aKuuQyOa0bDTiv0d9YCqG54YmOlud6CmuQMNJkgPOY0oCRE8iF5m6TMCWmXVtaGwYz+szjZUNw36lyWNX912vwVYlS+C8nfFzzAdxLkXagLSAMTGMxkQkDx/CS7zd8T8rR+L/y5/7COcezhEF328iHXJAKavBwROFWkKygHgNjxjiyxL1maYAbg8AWW42oM+6+MoD5kuITFduHABAIJeTHXkyBGcP38eP/jBD+Thf/mXfwlAHcC02+24fPkyLly4gF27di1LGSOlA1jMuIti3YFKnMI1N2A1QWpJaUetKQ+wdOOsc7/YuN99DYOoxG5F12SHvRkdDb4WjuFbbAbWRcrWnwho+enuakRddZsqSNbffgr25g50+IJgddWw1DSjQ/wC1U1SMBCKYFFHg1jvOdtQ7avTwmwCe30HGqyAs607IPRpxf6OgPaM7msYBCC2izZhZ0MHVHEnMRobsCwn2pqA+o4dONutXoL72iAsg4Oorg4RXHZfhKPfAnttLMF+Jz5o70dlfYNi2XkosQDtcgtkKRhsz/NPZilBXtC8BsXjYWQA/SjGbuXi80pg6XdIwWUn2pTXNd91zlKD4FbR4rLRXwy5nbR8vYW0H+G/Hipb6ErL724fUFwvgYoMZVoAJyrR5D9epeVV7haPgwVl8FRc+3b6rrN1jYDyOtvdhFO+Y9Ddhca6arRJ1+rA1s7i/JrQtqMD+61ia+JB+V5A3Ro4VEvoJkitna370dFcgsa6Aezu8B/vTd3+Y0Y1vk9/N1DfgQ45lUQrurZG+MEh1DZQbsGAFtO+Mu+OIbD62WefYWxsDDMzM7h06RK8Xi+eeOIJzM3N4Xe/+x0uXboEm82G/v5+zM3NyT0QAgmCgPHxcczOzoYcrtFokJcXfGSvBnyhFRERERGtOqatdsBxEb53TjnPdqNyR/AjuGlnAzpULTvEB8dAoabFiD+w6m/VIT341Ssf+K3YX1+J/vYPEKl9m6Wm1v9QZN2P+sp+tH8QPEXUMksP7jW1ylZZDejwPaSd7VYvCybsrK2BpfvUIl/Slch+gRffewbb33sG212DANJRbm1B1YLmES3oKS7jNxMAMr6Dcy98JP59+2+k4RuRa4iv9Asvi8hs/shfjhc+wrkXDqJ8ycpwb7jd4kEZ+EBdUlIiB1adTidee+01eZiyZahvOt98lsNCXlR1715qZcWOyn44LkrrPTKA/uJCmKT6ovus0/+9LxDn/ADtqEGtIphi3V+PypB1gxT02x1QzzTshEkOCPrrQdPOWtRYunFKOaPK3XI9ZN1RCaDSH8ix7kClFAwUlwVVnSbWkQHzUzLtxM4F/Fbk/KAd/Yry+IgvQawWA10BAWZ31ykM1jwbMrg7MtCPftjR3NGBjo4ONNcMoqm6TXENKEYhutBYXY3q6uqwL1p0d51Ct6UGz6oWIgZ/69EkTVuHgd0d/uuQdQcq+9vRqpih8wNFTwUgOPhqKoScnVlq+SrvC9NO7FZE9Uxb7bB0n5XWZQQD/ZWorOyG75DyX2/FFrqq66FpJ2proL62Ve6I0BXeih2V8B+vUvf5UJfkyHythaNcZy2K419ab9+yrfs71Nde647AbBMK4j5q2OkPQFsUx4p1f32EaYPvI6zP1gTni1ceF9YdqEQ/BiJFm0e60NjUjcr6KAFYQMxR3w7UNEdOUzA+Po7/+q//wsDAALRaLdLS0jA3Nwen04nu7m78+7//O7744gskJSUhPT0dgiDg0qVLuHjxIiYnJ4Pmp9VqodVqMTs7i+npadXfzMyMPHw1YstVIiIiIlp9TFthR6vcCudsdyV27AcQLr4S2B3OomwlZ0FJUEOJfrQ3SR0mC5VPKWJ3ze6m6sBOoghK+heguFD9tJNXYgEc1+AO92gTrsyhWiXJ3Lg2CPR316G6PXCYBfZQk6xCYr7Rm6FzrZ6vxm9yP8JzGTkoW9Bc05GbFX2sxg+fkZcplsOXC3VBC1uCstyOq3VuovG19AzXlf78+fM4duyY/PnP//zPVeP6/r2cLUZDBQnCuXfBVbEO6ZdaGIoBL7FVmmmrHRapbhk52w2LvVlsgyhWDqgLqhwsqAmcufsaBmGBPVQjspDDTCgsDjGuajGhWlv65teP7rpqBJUsqGALJ3a/rkR9R5gf4HZCbMVY3eh/KZC7C60OO2obQrefDMz1adpZixpHHU51PYuGrQDQjabWGjR3dCha4ga0opRbpNYGdO0Wu58P+lpYwo2uxmpUF/t6H1ixv7kGjXX+er6yXgySx8J9bRCw2FX7wrqj0p9Tx1SIYjikVrBiK9XmkkG0il/4r7eRroeRL4cq1h2VwCnxeDWNDKA/YjA2HLEsxbtDXGcHFF8UF6q2tfI67M+qE/AiMgByaoUmaZur0mmEWrbY+li5aHVZA+47lMHvuPjuWXyt1CPxt1yOFoR1uVzweDxYs2YNcnNzYTQasWnTJrjdbly7JvYUys7ORkFBAbKzswEA165dw/Xr15GamgqLRR0y1mq1SE1NlQOqSr4ALYOrRERERET3jCI1QKGii2IA/0OSRe4mJ3Y/jb4ES00zatGKuqY2f245qWtppHypi7WYMvse8mLNobZadX59Ff/d9DieefpFNIbLLTpzE31h5yC1Mp1Rf5ub9iIAxfzKN8McmGdVWY6P2/HMcwdRnlyAKhwWX7KVXIAqQJEaQHzRVPn0b7HdE9v6RS3L1Y3+FAFXlWUT0yPkLiLv7L1WXFwc8UVQZ86cAQCkpKTgyJEjQd1NfflQi4sXF5oIZ2pqCkNDQzGPf8/SAkAZRIUi4AXFj09bgUGgeIeiLoiSY3XlRMmxGid/YDXKi4RMW2G3tMNx0Y2dO4GuVgfstQ0L2E6BweVK1KtaQT6LGkudNH9fEtAw6QN8OVX9CVuxs7YGjrpT6HpW2kaBOVzdXWhEMXb4YsH9A1C97kyVFiEasVX0qYtubMUgLCXPir1FWi/CvRUYDLjeLvp6aN2Byn4xH26h4keCe81/7a2UuveLQW5/OaVu9VIahbrqdinv6ooUN0hlfQd2nK1GU9uOCCmAFC9Li+Fku3r1KgoLC2EymaDX65GUlIRNmzYhPz8fU1NT0Gg0SEtLQ05ODpKTk6HVarF+/XoMDg5ieHg4KLgKAMnJyUg2GjE3N4f5+XkAYtA12WiUX5S1Gq3OkDARERERPfB8qQG6wqQE8HfVa0ZHh/+hfWSgP8S4gSywbzWJL0FBN5rapG6FUuuSwWsL74IcOI34Bu/CgIf3GMqcVwKL3J02kNhapj9i38H7wNXD+P/ct5FhOojup19UDap6+gM8l3Eb553SS6POX4IL6Sh/+G/kcRq+LeZnDZRhqsEvfelKN7ag21wMTPSIrUPLO3DuhY/wruLFVNhoQ5kBmBjrQSeAxi8+xYThcdR927+sqqdrUG64jfNfBOZojSxiWfALvCetv7I84noN4qNVElgFIL8AZWQk9DFrt9vx/PPP44c//GHIPH6+6ZbrZVbnz5+PPlIAhyOmX0IWz7QVdjhwsessulWtQk0oLO7HwEV1F2tTYbEcdIs+70IUh+uGHHKY2Go+vvWIsKy4ia09xRyagYFVJ9qqq9EWLo+L+yIc/f1or/N16RdfYtTdVI3GLneY6cX1Ly40SesTro5WLsaBfosdW5fg0BXnJR0Doa4RIwPyskIdB+6AnWfdUYn+gYviS9K2SuvUP4CLFx0olq+34vUmnuuhmi/FRZf4I0FcgdrQZQm63g9egztweHEhTHJX/Q45xU5Ypp1o6OhAR30l0H0WzpDLFn/oDF/WgONdCn7HT2wJa322BpbuprDHtvzytBii4dPT07h165b8eXZ2FoIgICUlBevWrcPGjRthsVhQUFAAg8GA+fl5zM7OQqvVyi+9CpVbVaPRIDUlBQaDP4eNTq9Helraqm21CjC4SkRERESrlakQxf3taI/yMKYMNIovkVjIQsR8qpAfVqx4tsaC/vZWVf48Z1s1qhu7pIe20A95qmmcbWjqtqDm2dAFj1hm01bYLQF55KQurV1usesiAh6uxLyCbRFzwq42nR8/i+2//xQwHVTlHa3Luorm95Td5X+BF3//KSYUeVKfufummDs1gMt9FWWPSfN67HHA/ab/xVXnq7HdNajOcyqNI7cSvXoYle/9Fi7FssT0BQvvvh+xLL71DyjPc8mfojlUqoQEtmnTJgDhA5JTU1Po6ekJ293eN922bduWvGxTU1M4ffr0gqc7ffr0PUoPIAZRHY5BWOxbVT/UWHdUoru9Xd3F2vosaiyKH4sAsbt6yLpBrOu6T3X5g1HyuNKwJv90vqBNLC/HCRY8v6gB0CicbdJL/0K20g1eN1X5fcEz+U/Mn1lZ78uxKeUJDZwevhyZVjxbA7S3KrfdB2jvF3+08wn9Axuk/JrKfLNudLUqc8YGbBt3F1qV+XFNO7FblWtUykfqO0ak40CevzS9Sl4JLN3taO8vhpjRJg8llm60txcrrrfi9UZ9PRSD2o0LTPBt3VGJ/vZ2dAekBMgrsUgBTFFQbllZiLKEus72t+MDxXY7FTDcf92WWnjKQ4LXS3wJ2g5Y5WX7864725pCpA7yl3WrXX28h1+vBTLtRG3QuSQXCnUx5Fn1GR0dhSAIctB0IX9erxezs7O4fft2yHn7Wq8mJSWJrVaTk5GcnLzYtV9RTAtARERERKuU9ICLcPnZTNjZUI+B6iZU+55yLDVori9GXZP01uSYFiO+WKWpqRElzQ3YubMBzWhEnTI/oKqrrfS25fY6VDtq0NxQCACorLHDIU8TrgtsDGU2mbCzoRlorEN1tVwA//xM+9FRD1Sr8uDF0C12Nbp6GJWxBC1DjveuPwgZ63zOV2N71IaMv8CL74VppRpy+nfxo98oWprGWpaYy5PYSkpKsGnTprCpAf7pn/5J/v+uXbtUw5xOJy5fvoxNmzYtS8vVlpaWsC1qIxkZGUFLSwuOHDmy5GUKZN1Rif7uQdQEdi2XAnSD6sSOwfVLhLrBtLMB9QPVihytYj1jBQBfPShXQourY3zLaqpW1Frxdjd3d+FUNwC0B+WX9c0zeN0WVn7r/g7UtwVOr375l7h91NtOmW9VTH0aKgutFfs76tFWrcidbalBs7wxfDlXq1EtD25WbSvr/mbUKK8Rqm7gvuPAN38LKist6Fc2nTRthd0C9Bf7rq++FysG5M217kdzjfp6GC0tjWmrHZb2JlQr0zVIx2vgL6W+XLa+4yJiblnrfnTUt6E60nXWUgmcqkZ1v2+zdEjDfakXlHlsm1Fzqg7tZ53Yb7UGDRev+1b1dpA2uKWmBpVBGYSV66U+3sXxHSHyvy+cvM3adqhSFjjPistqD8xtXFkfMo3ArVu3oNFo4PV6MTc3t6Ay+IKyExMTci5WJY1GgxSjETMzM/DOzyM1NXVVt1oFAI0gCMJKF4KIiIiI6P4l5W1bxjytiWj7e8+sdBFoGZx74aMln6fT6URTUxNSU1NRX1+v6v7/2muvyQFUZbByYGAATU1NmJqaQn19fdgXYi3Gj370I9y5cyeuaVNSUvDLX/5yiUtEtDzEvN72FczH60Rb9Vl/fvNlsPLrGIkTbdWnxB9wYyicu6sRdQO7I+RWXbyuri4MDg7i4YcfRkZGxoKmvX79OkZHR/HII49E7FUwOTmJ+fl5ZGZmLra4y6quri7qOGy5SkRERERERCvGarXiwIEDePvtt9HU1IRDhw7JwdIjR44EtWh1Op04duwYpqamcODAgWUJrPqWHU/OVQAoLy+PPhIRiZzhX0x5/3Gjq7EODru/ha+76xS6LXY0xxj1jS13/OJMT0/D6/VienoaOp0OGo0GGo0GAOT/+/jabAqCAEEQMDs7K6cTiCQtLW15Cr8CGFwlIiIiIiKiFWW32wFADrBu2rQJdrsdJpMJVqsVTqcTIyMjcDgcuHz5MgDgwIED8nTLoaSkJOglWlNTUxgcVL96pri4GKmpqctWDqL7lxhobO+vRH3Hg9K1IzgFgTq1UCRiT5huWFDTvLzby2Kx4D/+4z/wySefQK/Xw2g0Ii0tDWlpaUhNTYXBYIAgCJiensbU1BQmJycxNTWFO3fuYH5+Ht/4xjewbt26ZS1jImFaACIiIiIiWnJMC3B/Wo60AEpOpxOnT5+WA6ihbNq0Cd///veXrcVqJG63O6iLaHNz87LkfCUiopXHtABERERERES0alitVlitVrjdbly4cAFutxuD6ok11wAAIABJREFUg4MoLi6GyWTCtm3bVjSQaTKZcODAAfzzP/8zAOAHP/gBA6tERA84BleJiIiIiIgooZhMJuzatWulixGS3W5f1nQERES0umhXugBEREREREREREREqxGDq0RERERERERERERxYHCViIiIiIiWXEFq/koXgZYY9ykREVEwBleJiIiIiGjJbTc9sdJFoCX2zbXbVroIRERECYcvtCIiIiIioiX3V4/WIlWXgv+8/gmGJ79e6eLQIqxPK8RTBTvwo837V7ooRERECYfBVSIiIqIEJdwdx/R/vI25L/8Twlj04JQgANAI0ECz/IW7zwmaJGhzzEj9/v8Dbdb6lS7OqpRlyMQrjx9a6WIQERERLSumBSAiIiJKUNMf/b+Y/fTdmAKrAKDRgIHVJaIR5iF4+nHn3cMrXRQiIiIiSmAMrhIRERElqLkv/3MBYwvLVo4HmXf82koXgYiIiIgSGIOrRERERIloegLC1K0YRxYAtlhdHt55eMcYYCUiIiKi0BhcJSIiIkpEyRkLGJmB1eWkzSpc6SIQERERUYLS3blzZ6XLQERERESUsHi/TERERETh6Obn51e6DERERERECYv3y0REREQUDtMCEBEREREREREREcWBwVUiIiIiIiIiIiKiODC4SkRERERERERERBQHBleJiIiIiIiIiIiI4sDgKhEREREREREREVEcGFwlIiIiIiIiIiIiigODq0RERERERERERERxYHCViIiIiIiIiIiIKA4MrhIRERERERERERHFQbfSBYhZ33HUtvQA5iq8+oodudEnwPHaFuBwK/aVxbdIj+N1HO2tiHF5K80Dx+tH0ekKNcyMqldfgd23En3HIW6afSiTPw+rxwk1b8S67ZebWJ7eilfxSugCU8TjQWI7jFc3vL+KjvF4RN4OtkXUD0up73gtWnAYrXJh+tDXV4ayFS+bB319QFlZIhwd0r4sUm6nANJ1Iv79Gmfd4nHg9aOdcAEwVyV+veRxvI6jYU6KpSp/3/FatPQAgM1/raF7Qr/7Qxg3ZAQPuHsBd996GbNLubBtbyG9shTz3d/GnQuhRzHu74Ue/4KJtp8v5ZLjllDl8d3bBgk+b+7ZPWlfH/rKyu7jc1Z8PhiOUNeJdSQi3BeHmGvQdTw6j3iBvU/vv1aKuH+DzyrzgvYnERHRQq2a4GrfuR7AbIbZ1YkzffZ7EhDJtb+CVvvyL2cphXow9jhex9Gjx5Ef5QG3953jyH8leByP4x30wrzkZaXllAv7K62QD9/AgLps9R3j8QgZMOo7jtqW2kX9ALNUyva1olX+5P9haGWLpQg0JtBTtnn4fbzueCnEQ3Efjr8/vCI1Vd+ZTrhsC3uoXnGhfqj0OPD60aM4nr/Ic8LjwPs9fJBdUSECqcb9vTDWdSKpuQp3V6xgFCxMILX2ddU5dE/uSeV7hVVUl8Wr9x0cz38luK7zOPBOLxZ8LVFfx6PzB8sfgG29AgJ/ZBWfhV4HeF0iIqJlskrSAvThXA9ge/4lVJiBnnN9K12gVSXX/jxs6EHkzVaEiorhEON4cKm3CBUVy1c+ohVRtg+HbaxPVp2KChT1XoIn8Pu+cxiuqEDRPS+QBzeGAfOG++BpLdeO55finPAMwYUi5N8Hm+R+cretBXN3zdDv/9uVLgpFkWt/BYdtLnS+4wiu62hJFFVUYDhEXee51Isi3vTed8RnIReGeEIREdEyWRUtVz2O99EDGw6X5SK3wgx0nkPfvsAuS+puIOaqKtVDtu8X4qqiTnT6RrIdRus+qKZT/tKp6oLlceD1o72oOFyB3hax+2fg+Ktd/uYK9L7jgEfZmqnvDDqLtuNVDK9k0eIU2CU8sHVIqC7jvnHCdA8ObAGq6A4sTr66Wq+puxlKLSarqjDc6VsnsfXZ5kuKbsQhWrz5uwD7p0n8lgFiUCwoGhfQTTO41WtglzP/ceVxvI6jQxWoGu5Ep0uadvMlse5QbhNffSJ95+9OqKiPWmrRo6ijlnq/+Pb94YpetMgngfr473QBcB1FbW+ipAQBgM3YXnQ0oAeDB473h1Hx0nYMQfFdiDQCC+266Rv/MFr821Le1opjwXUUtZ3+Y2F1nhMhRKzj+nC89n1sqCpCZ2cPABv+omoYv5KOp5baHv/5E6Wu7Dtei/c3VKGosxM9EK+t28/VogVV8vkEKM8p9bng37aR6nX4z70o1/LA1AmB9cDq3L8ncefq88jY8g0YAbn1qnF/L/Q5yvEmMKfs5r+rExlbFO34boboUr+xExmV5tDTAwAKkfJyL3TG8PNQlyN4HpHL+bdIrXsawpAHug1mAC7MSi10VdPdvYC5qbAbKKGU7aqC+WgvLnnsEE+hwOu1+txTp3qK4xqmmK6lVpleJfK9VNC5+xdVGP5VJ4pU59TiU3UtufzNqOh9Bw6P8tztw5nOImx/FcF3vSFSOCi3reraEqWe8dcvLhyt7fXXHzHUk+GvRwsrZ8R5BO3zaPXs6kz/Eup+QPld2BQ6tsNo3ZcbNu3U/fRsSEREsVsFwVUPLvW6ANvz4kXb/jxsnS0417dPkY/QA8frLVIgogz+HKGATTkrVyd6K15Fa6vvQa8FtT02HG5txT5INzstx7E97A2CC53vV+DV1lbkxjR+Yug73iIFp6OMmLsZFXhHvpEHxHQMtu37gBvLXswl5s+p1fqKuDJiN7vjiuCHFHh5pUw1Tcvx7WjdV4bNFWZ0dp5Bn13xEHGuB7AdDshV2wpxEeJxV3t8dQVYA/V0DuFwa6s/QHS0FuYq6byRttE7js3SjboigOXrRth3HLWroetV3xl0usyoekkRbne8jqOdRfL6i+t7FK/D92AiPZQqHnj6jtei5fUNePUVqb9mTyeGDrdC7lW5oFYSZdjXehhQPYT2SbNdhv3i6sT7vjpRmsZ3/NtfeRVI0NzGZdttaDnXh32+i4DnEnpRgZdyoQiu5mJz0I9xUi+IqJVhgJ4WnDvcitZ94jz827oM+1pfxQbVdlLkqG61+68Vq+KcOI4W5faJqY5zobPXf10EgO35ofJ6i8GaV6Rj+nhtC2oDHmpdnb2oeLUVrfL1B+rzqe84aluOotZcJS+v73gtWt5xYLMUGIhWr8tljnAt9+dbbFUEPHzpElZxnQcA7psQUArNNgAXxPys+tQLuNvsSyGwBykvH4au4i3oL7yM2W1vIX1LLua6KxRBzO8iddfPMXXGN9MM6ExXcLe5CrOQcr5WdsJ4QZF+IGcbNJ9VYOKMfx7pu6/g9qmT/mXCXw5xHh8iBWLwNGo5Q5QD0nz0Of5Aq5iPFsDN5d3MSyI3H0W+lnYhj6vgc29x17B98F9+9imml8Z/RTF+rTrNkPrc9cDRBXQq6+i+c7Hdh95TudhcAbxzyQO7/6YXPbbt2Bd40+tx4HWpLlT9QNn5Dhybw533EeoZ+yt4FQE5dGO9pwx7PcqNvZyR5hH2GuZLLxb9/joReRzvi8fxAgoYlIrDt492iTNRpd+CdG4MV2FXom4EIiJaVomfFsBzCb0us3whA8qw3Qb0vK/oKtV3Bp0uGw7LNx+5sL9UFSJfkg3Py8mrNqPCDJirdsk3Arn50TuU2p73/7Kbu7kCZgzjRgJ1MXF1HkVtba3qr6Un1l+UxRvN3ku+FerDuR4btq/Gm4S+c+gxV+ElxR1vrv0lVJl78L5DXL+yfa0BQVDx2PKPH5hOQQrMSBuk71wPzFUvKW6qpeOu5304EuiYWCjlOVG23QbVeYNcbFCeWJ5L6FWde5C627vQeSZxutuHOi+CX+Im/pBjO6w8V8qw77ANrs4zYojT94CoWN+yfa1oVbX4WJ5zZnn2i3oemyvMwPCNxO+GWrYdtp5z8K2J51IvULE5KP4g1tGKc1jafwveP2blw5JYT7jC9S30XbNeUlwr7C+hyuxS1K0JwNWJo0HnhPplYLHWceYQ217J96PUPsU23Cfm5ICqljBXYHPgjJTbvmw7bAi4Dm9QX+mj1es+4a/lYj2gWu9cO15plbbLKqnzYjV76tuYUOVmPYk594R/BFMONKopfo6p5gpFYFU0f9U/j9mrVyAgVwzg+tz8F8U0P8fUZy5oNjwPIwBsexpJxgnM9SrmceodzN3NQNLGPbGVUyK4P1aM87fQb8jA/Gf+IK8430hbZHVRn3tLdQ1TCDn+4eBUU6pzV7qWKM5vsQ7YnnCBt1zxple+5okNCkKUMteOV1rVQVSx3ohsIc8MMd9TRroexVrOSPMIeQ17Ba3yj2XR768TQU+L+vp2tNO1uPsbjwOvt/TAdjh0MN3jeF183kqYXj5ERHSvJXzLVc+lXrjMYoskn7LtNqBH0VXqxjBgrlBfzHLzg3PvmTcs8oJnRqKn1Vvsm55zxZ/x4bHbkSv/gr/AxncJwHNjGHD14GhtZ9Awc0AqraBuP/KDuHjDKbeQU7W8ELuUu3qOIngRZqzmbF1FC0mU6BmCCz1oqQ3xtuMQAY2Vojov5FZ0gTfIHgy5xBvy4LURVyZkXRO0sMXWM6Ety35ZprIuvzJst/l6MHhwqReoeElscaMi/Yjma0Glanm+EEX5sW8nKd/o8+oLktgSPnwTtHsv1AutVGKv4yIfm1JO2oqAccq2w4b3ccMDlPkGhdrOC9n2yqWGrdeByNdysR4oej7MCKukzluwwK7/vgDkmfcxt/EwdJW9yKhE6JQAmIDgjjx7YfKK+gtlC1pTDjTwQFClETiJOfdL0KWVxlZOiXfspP/DtkJoMYF5VdlOQpg6HLmwq4j63Fuia5hyjiHHF++N3leevAHnqRjQ65Tq6Dh7DNwLqh5bUoOCiDe9gSkVIt3vLeSZYQH3lDHViVHKGWkeIa9hisELuL9eSUFd86WUC0eP58fRu6wPx8XuDKG7+/cdl3o7JG7LXSIiWn46QRBWugwR9OGMnJMo+CLe+8cR2Oy5EFdBgCAI8K+N9C9BgCAgxDjS/wXxO/Uk4jDVNNI4gjQ/37yDvlsxIdYn/Kji/3zbQvk5x4od+BX+OGJD/rke2MqrFOsXuI1XSvR1HRlyAea9+Nlfhw4eCIKAvs6XcawHAGw49NZfi92tO1/GMfjnW1puA46dw+dVpcC5Hpj3/gylggABIxAX8TP8dchgdiIcEwqB+9z3tWq/qs+Z0NOpt73n+jDE7VcV8oZy5euXEMdKaRV+tncYP22pBQ69hSq5+/51DAOwKb9TzUqAJ8p5EPI8iaHukLetICCw7gr+jCXZL6HKGng8xFyn3BPq8pSW29By7nNU5dxAL3bgL3KUdblv/XJg+54NncfO4fMqAed7ANuh0gjrE7zO6n2DEN8FTBPmXBsZcgXNZ6XEVp/HUseFODbFQdLXEY4j6XwrCnkOKGej/C54eYHrErVej3o+hlknudiJXudFYcqB5u4VzEmBTLGbfAbE/KUVchd8o8k3wUnceUsKWO7qRMaW7yKj7rthgqxLKyktQ/539HIuv2XZt2HqCwDSOWLD90pD3ceGOE6X4BoW8T7YXzBcF09e9TVIuX1ybPierRPHzn2OKuE8emDDodJEuS9SbrscWHcAv/rjCGz559BjK0dVqHt+jwNv/PQEXBDrxLekLvhv/PRs6Ot4LNd91baN7Z4yaj250HKGmkekYxKx3V+vrDB1eI4Nf7G3Fz89ex0jQilyEcO2AAB44HijBT22Q3jLlhO8fh4H3mjpge3QW7DlJMoxTkREKyGx0wL0nUcPzNj7s7fw1lvqv0M2wHXiQ/RB6s7vGlb/0Oy5sSpfwbTycrF5B3D2kgPne2woX6U/weYWmYOPCZU+KdDyFt6SH5KlFxwplZXDhh6cdzjw6x4zdsj93nIhLmK1teldWmIqjcRKjRGLXPtfYK8Z6DnW6e+WLLV2H46wMiHrmnh4hhHiHQhLZrXulwUpK4et5zwcl84COyJ0Sy8rhw3DuOEQH/CXvU7LLQrR9VNqvVmUIK1WY7JUdVwuxNMmYD6eYbhQhIU0yI4uxno9InG9w9UDq/vc2oOUjWZF1/k90JkyIAy1YKLZ//IoZVBT5UwVJporMPGZC8gRX4oVK01gC1Rla1X3zeA0AtgDTSqkFq8LLKfPhWvwIgMaVQBWnO9q0PfhCbhs5bG3hFuGa1jo8T0YdkXvTVFWbgOGb8BxvgdYyHrcY7niTS8c53tgC3OB8Fw6C5d5L3721lv+4OeSXseXpr5dknKGvIYpB0e7v17Ngq8XfZ0/xQnsxc9C/mLRh86fngD2/iz0DxpERPRA0fpaaiTiX9/5HsD2PemXQPVfabkNQA/O9wkQSr+FPeYeHOvsk4aP4ONfnZBuJnzTKP+t+LU98LPqO/U04iD1PEJ9t2J/gesTaTzluAGfc/KL4DpxAj22crGVZrjtl8DrmmP7HmxQHhMChJGP8cbLL6Ozz7c+wPD1Ef/x1vlTnHAhYJ+W4lt7zOg5cQIu85Owysei2CIOPcek+Yl/Ix+/gZdf7kTfSm+faPs85H6VR4o8nfJz6bewx+zCiV99jBF5nD50vvwy3vh4ZPHlXrZjJQe2/XtgRg9+LZdT3NeuE7/CxyP+cfs6X8bLb0jrVyoG23+tXLe+TsU+D3Ge5IgvJTnxoaJ++nWP6jjzb2axbOvNymNzufZLqHNa+V2OHBRb8X0Ycl/mYL25BydOAE9ac8JvK6EU5TYXTpwQH/BLF7SMwH0T5jvlNDlWPBmw7Uc+/hVOuMyKcq70Xyz1eSx1XKjtHXx8lpYHzqcPncfU+yOm7RxyecF1WLR6PXA56u9yYH3SLP54Kw8fwcdvSOfOCtR5S8W4/zB0RhfmTp1Ufa8MfIovgFIM3NWJjLoPkaIIfBrXmYGbfwzskR9ZzneRusv34W+RusUMYeh9cR4XPsb83Qzx5VRyOV6CzjiB+av+skYsZ0g/x+zQBJK2dMqBYHG+Cym437Kci/6Zq74f+fgNHOsxY8+3SiMe64F13aKvYTnrYcYwrvuml8ZX3kv1dR4Tf6gqDX/uytO6TkCsekujb4t79hew7XLyUeQ6gRM9/nUKricgBhR9n0c+xhvHIl3Hoz8z5PgC11K9E8s9Zahtrf5u4eUM+s53Dfsw8P75DXw8Esv99Ur/hTo3BAhCHz484YLtezbk+PbBejPQ82v/+dL3oep6IZ+H+/3T+P9G8PEbx9Bj3oP9tkS5tvOPf/zjH/+W6y8WiZtz1ePAr6UunCFJAdWT569gb2kp7D9uBP6+AQcPioPNe/bA5joZelqKTLqZRnmYbZ8gXCcbcDBwF5v3oPHHduSiFHvfPAQcPIaDiuRjtkNvYm8pAJRib+Me/H2DYh62Q2jc82s0nDyPK3tL4Vv73M1PwgwX8GRA67jSvRAXcVCR18qGQ2/uRWJvuaWUK597DYqdYd7TiB8n+muzc+34nu0kjp1swIkC8bjItf8Yjfh7NDQchLw28jEFQDquThxUHnv+fR66JYd4rA03+I5FM/Yc2gPzsU/CFQybnzTj5MkGHPxkDxp/XBDPyi3JfhHTYhzDwZ5EPK7F7QQ8GfwSpABicK8HtntSp+XC/uM3UXDioGLbm7Gn8ceJ/yb5QEtVx5XuxZuN6/H3DQdxUJ7NIby5d6n3R+z1eiRyPXBQLq3q3FkVdZ5xG4x1verWpXcv4G6z+qVQd94qRWrdd8Wu/r5xPsuBcUspdNuA2TNVuJv1IYy+nKu+cd5aYEqAmxcgbOxFxhbxozDUgttykFdMPWDc36so8wTmun2tVGMo54XABYpmT30b2P0hjHW9YuD27gXM3dyWYDe/PTh2MDBLanx17mKvYcjdjCfNJ3Gy4SA+2dOIH9tLsffNRqxX3F/HXrZSiFWvLcFvJ6VyojzsOuXaf4xDXx1U7Ccz9jQeQlHDMXxyyQN7POd+aTlsOIZjB3uke9PF17dLU87coGcq9TUs2v11YuhRbUdRYBnl7eU7X2yHcMjWg2MAgCv415NipPWk8nwCxHPqe19BHHxSdS0QByfY9YCIiO4JzdjYGLPDEBHR/evKCRw8hgQMEBNFp3l7V/SRaNkJB86sdBFWnSsnDuIYluOHFCIiIqJ7p7GxMeo4Cf5CKyIiosW5cq4H5j1/h42CEOEFTkSJSbPSBSAAifCintXmCs71mLHn7zZy2xEREdF9j8FVIiK6P3l60Nx4CgMlu9GwJ8RbfomIYsT6I3aenmY0nhpAye4G7OEb1ImIiOgBwOAqERHdn3Kewv849pT4b7ZaJaJF4P1y7HKe+h/wV73cbkRERHT/0650AYiIiIiIiIiIiIhWIwZXiYiIiIiIiIiIiOLAtABERERERBHwfpmIiIiIwmHLVSIiIiIiIiIiIqI4sOUqEREREVEEvF8mIiIionAYXCUiIiIiioD3y0REREQUDoOrREREREQR8H6ZiIiIiMJhzlUiIiIiIiIiIiKiOLDlKhERERFRBLxfJiIiIqJwGFwlIiIiIoqA98tEREREFA7TAhARERERERERERHFgcFVIiIiIiIiIiIiojjotNc+XekyEBERERElLN4vExEREVE4mvH/+TSTSBEREREREREREREp/N3Q9qjj6DA/cw+KQkRERERERERERHR/Yc5VIiIiIiIiIiIiojgwuEpEREREREREREQUBwZXiYiIiIiIiIiIiOLA4CoRERERERERERFRHBhcJSIiIiIiIiIiIooDg6tEREREREREREREcWBwlYiIiIiIiIiIiCgODK4SERERERERERERxYHBVSIiIiIiIiIiIqI4MLhKREREREREREREFAcGV4mIiIiIiIiIiIjiwOAqERERERERERERURwYXCUiIiIiIiIiIiKKA4OrRERERERERERERHFgcJWIiIiIiIiIiIgoDgyuEhEREREREREREcWBwVUiIiIiIiIiIiKiODC4SkRERERERERERBQHBleJiIiIiIiIiIiI4sDgKhEREREREREREVEcdIKw0kUgIiIiIiIiIiIiWn10jK0SERERERERERERLZxOYNNVIiIiIiIiIiIiogVjy1UiIiIiIiIiIiKiODDnKhEREREREREREVEc2HKViIiIiIiIiIiIKA46CAA0AHxRVt+/Q/0fIf6NGKYLN+9w0wZ+5xPrfGMdJ9x8A78LLCdCfBdp2aHGDbXsWOerFG2dwo0bap2irUuobRSuvMrvYxk32v5YyDqFWna0/bMU64SA72Ndp0jjLtU6xbpvA5cVS7mj7adw2zRwmLLM0YaFmm+4YYsZHvh9uGm5TrGVaznWKdT6hJuW6xRbuXjsLf28Y12nwHlwnSLPl+sUfdqFnE/h7suiLTeeci1mWq5T4q1TqOFcp8RbJ9Z7q3+dAocppxcCxl+K5SqHBS7/XqxTqGVzncLPN5ZxFlp3CSHGCTV9tO0Zrd5TjpPI6xSBToCgHlmI8v9QC1/odIHTL/W4CxknlvmG+xzrsiMtY6XmG+pztGUu17pFmi6edQr1faz7fynLEOs6xbqMwO8Xsk5LsU8Xu42izSvS94sZtpjhsVSkXKelGRbv8BgvdlynJRq2mOH327G30Gm5Tku33OWc94O8TpHuy+JZbjzDuU7Rp+c6Lc9wrtPSzZvrtDzzXuljL9rneObNdVq65cY7TizlinX6WLfnal6nCJgWgIiIiIiIiIiIiCgOfKEVERERERERERERURwYXCUiIiIiIiIiIiKKg05gdJWIiIiIiIiIiIhowZhzlYiIiIiIiIiIiCgOOi+jq0REREREREREREQLpvMyLQARERERERERERHRgvGFVkRERERERERERERxYM5VIiIiIiIiIiIiojiw5SoRERERERERERFRHJhzlYiIiIiIiIiIiCgObLlKREREREREREREFAfmXCUiIiIiIiIiIiKKg07QaFe6DERERERERERERESrji4pPXely0BERERERERERESUWMajj6IRBGZdJSIiIiIiIiIiIlKqq6uLOg5zAhARERERERERERHFgcFVIiIiIiIiIiIiojgwuEpEREREREREREQUBwZXiYiIiIiIiIiIiOLA4CoRERERERERERFRHBhcJSIiIiIiIiIiIooDg6tEREREREREREREcWBwlYiIiIiIiIiIiCgODK4SERERERERERERxYHBVSIiIiIiIiIiIqI4MLhKREREREREREREFAcGV4mIiIiIiIiIiIjiwOAqERERERERERERURwYXCUiIiIiIiIiIiKKwz0JrgqCcC8WQ0RERERERERERPe5RIo16pZz5pOTkxgbG4PX68Xs7OxyLoqIiIiIiIiIiIgeAHq9HlqtFllZWUhLS1vRsixbcHVychKjo6NISUmBwWBYrsUQERERERERERHRA2ZmZgajo6MAsKIB1mVLCzA2NsbAKhERERERERERES05g8GAlJQUjI2NrWg5lqXlqiAI8Hq9MBqNyzF7IiIiIiIiIiIiesAZjUbcuXMHgiBAo9GsSBmWJbiq0WgwOzubUMlliYiIiIiIiIiI6P4yMzOzYoFVYBnTAhARERERERERERHdzxhcJSIiIiIiIiIiIorDsqQF8GFaACIiIiIiIiIiIrpfseUqERERERERERERURwYXCUiIiIiIiIiIiKKA9MCEBEREREREREREcWBLVeJiIiIiIiIiIiI4sDgKhEREREREREREVEcmBaAiIiIiIiIiIiIKA7LGlxdKldOHMSxnlBDdEjJyYe5/Nt44VvlKEi9V2Wx4dCbe1G6hOMmlis4cfAYemyH8Obe1VVyIiIiIiIiIvr/2bvz+Lrq+87/r+85526SrvbFtrxbxgvYYEMMMYsJNGkykA2aoQU6TTtNaDvdpuQ3zdLJJJnQSdMJ85tp2oSknXZo8CShgTakhSaQYBOzGHCCDV6wsLxItiVLsqQr6W7nnO/8cSVZsmVrsWQj6/18PPwgss79nu/3fh738/D95HO+XxG5UGZE5+rgMLWrrmd55fC9UCXcAAAgAElEQVTfpGnduZM9P/pbvviT57jrT/6AG6qm5JZjzMVirWWs1U3k2reXgflaq+5jERERERERERGRs5gRnauDlr/7lzmjkfKXoWfn3/Klb+7gO1/5NnWf/2WWRy7K9ERERERERERERGQWuSQOtCpd++v8wQdqIbWNb/+09WJPR0RERERERERERGaBGdW5ei51176bhu8/QuOO/XS8q47B3QH6m1/kse89ye6DnaR8AI9k/XKu/cC9fHB16YgxCtd+n1cbU/iAl6xn+bUf4N4Prqb0tPvl+5v56Xf+lu/vbCPteyRq1/KBX7+LG+afufFrvmc3//St7/HsnjZ8L0Ht8uu5894Psvr0Qemn9dUn+fb3X+JgZxofj2TD1Xzgzju47vRx+5t58bHv8eTug3QWFjb6fPd/m9/7Xy3c9cd30PGdr/HswTTUXsuv/8G9rC0FBua2bX8baRIsvuGjfOxOtf6KiIiIiIiIiIiMxf3c5z73uekYuKuri3g8PiVjdbzxJNuPwMIN7+PyyrNcFIvQ89JzvHksRsMvXEWdAz2vfpPP/uXTHEs08O7b7+CW669hxVyfYz/fxWvbX6Z/1S2sKi+8PL//O3zhwX/mcOIq7rjj/dz4zhWUntzDju3P8WxrPTdeVUdkaC5d7Hvpx+z0L+dDH3o/16yAYzte4YXnXhox5tC1L2+jkWu46573sX5+H3tfeJHnnt1N8pp3sjAxuIB+9n/nAf77Ewdg8Tu57bb3ceMVpZzc9QI/fvoFmmuvZP3cgYt7XuWbn/1Lnj6WoOHdt3PHLddzzYq5+Md+zq7XtvNy/ypuOTUJntzeyOGdL9BWdzu/dMd6qiL1XLW2jljHT/nKF/4PP+ssZ/0dd/D+61eQf+FhHt6fpfTYMdoWbuB9Z33DRURERERERERELq5MJkNFRcW0jP3DH/5wzGsumc5V8Egkgc4OenqAqg52bj8IiU38/h/fyeLBy1av5tpVlXzuy0+z7aX93Lm4sInr/pe2kWIDv/XH97J66NI1LP67P+GRgztp7F/L2qHm0RSs/T2+eNdyCn+1mqvnJ/jjB7ew/dWD3Ll46G5ACn/Vb/HFe1cXrl29mqtX/YgvPvAEjz2xk2s/upYIkN/5Xb62LUXy+t/jPw0bd/W16/n+F7/M0498l1eX/zZXl0LHzu0cJMGm3/9j7jy1MFZfu4rKz32Zp7e9xP47F3Nqe9o0qbp7+OLHrqUUuHo1QJ6dTzzGIX8Rd/yX+7m56tSaV33r83x9aoIiIiIiIiIiIiJyybok9lwtqKKybuTPN/z2Azz4Z8MKq4Pmr2IV4J8xRiuNzf3Dfi5i7Ucf5M8+d++wwipAJTffPFgAHbB4LeuBdKqH/Igxa3nfu1ePvLbuZj6wHvwdO9iTB+hn57Yd+KznrjtOG5f5vO8D68Hfw7M7eworu+G3eeDBPxtWWD117arRF0b92oaRWxvk97Bjhw/r3831VcN/UcTqd/8C6lcVERERERERERE5t2ntXLXWTtE4p8Y7+5AddLaeesHw6/L9HbS2tJHqbGFn434O7WmkZei6woUNGzaS3P48T3/5kzybqKVhw81cu34laxZXMXwH0sLltVSWnD4XiwXo6KHbWqqGrm1gXu3p13rMW1QPO/awv9myZnEz+/cD9YuY5525Rm9eA4vYwaHm41ibHL4wOlpbaEt10rKzkf2H9tDYMjAXOzCfgcFqK5Ij49G8nz1A/aJ5eIPXDqpdxErg+WHvj4iIiIiIiIiIiIx0CW0L4JNOAdRROdiJ2bOHx77+12xpGWzl9EhULmblzRtIPPE8jcNeHVl+F5/+9HKefuxJnm9sY++W77J3C+BVsuaOf8/d188f1lFaSfLMc6smJuIBafKDba4+4I33IKke9jz2df56S8tQk6qXqGTxypvZkHiC5xvPfEUicdrY+TzpidxSRERERERERERERrh0iqsdjezsBBYtphaAgzz25a+zJZVk3d2/xfvX1FFVNFBJzO/k7554/owhiurW84HfXs8HyNPTfJA9O57m6S172fXd/8F3k1/io2unrhLpp1NAJVWDz+p7gJ8/xytOOfjYl/n6lhTJdXfzW+9fQ11V0UB3bZ6df/cEZ65sFJEIifHfUkRERERERERERE4zI7YFGDbiWbcFOLjlSQ4BDddfQaW12IM72J4CNtzNr22oHzmfjlYOjZjjQZ74wt+wpfbD/NffWk8Cj2R9AxvqG9iw6rt84qvP09nTg7XDdiI9/VH6YXMc+bsWWjssDSM2Me3h4J5OYB21FRZr62logOf37uFg/yYqEyNHzLfs5xCwqL4Wa5vYUVgYd//aBupHzKWD1lMLO21+p7138xpYyRZ+tucg/ZsqGXHLztbCtglMRwxFREREREREREQuDZfEgVadO/4Pf7MlBclN3L5hoBU0kSwUDNNp0iOu7mH740/ROfC7QuNmPYsXpfH3bmF758ix0z0pfCCROK3iOW6HeOrpxhFzSDc+xRONkNh4PSsjAAnWXL8Oj708/kTjafNt4aknfgY0cP2aUiBBsrAw0iMvpGf74zzVOfC7sTpSIyu5fmMC9j7OE40jZkfj008NFZ9FRERERERERERkdDNqW4DGp7/Ld3cM+wu/s3A4VcoHr4GP/McPs3jwd3XruXXRD3h012a+ujnNresqoXMv25/ZRiOLWVTZyKHOHgoP50dY8/4Ps2jXozz+p39Oy4dvZV1lglTjFp7asheSm3jv+skWVz3S27/On3du4r2bGmBgzFRyI7/7/oahw7Iia/4tv7Wxka8+/3X+vPN6bt2wkkq/kS1PbWFvp0fDR+6mUDeuY/2ti/jBo7vY/NXNpG9dRyWd7N3+DNsaYfGiShoPddJTWNg5RGh4/79n466v8vzX/5zOTe+lML2n2NKYLuxSMMkVi4iIiIiIiIiIzAYzYluAwVHa9j5P24jfeCQrFrHutlu5/RdWUTni0fcKNt73CeyjD/ODHY/y8HbwkstYd/sf8oUNtTQ+/J/437saac5tpCICVGzkDz9VweObH2X74w+z3QcvXkvDpo/zH25fVdhqYNhc7CiP3Q/+1464dgO/8Z+vYO/D/5fvPvQMvhdn0bpf4Tc+vIH6+PD5xln2kU/xiUWP8/hTL/H4w1vwvTgVi9bxK7/xYTbUJ4bez4qN9/EJ+ygP/2AHjxYWxrJ1t/OHX9hAbePD/Kf/vYvG5hwbKyLDJ3zmlgrxZXzkU59g0eOP8viWzex9xiNeu4YP/eEVHP3vf8/zA2sRERERERERERGRMxk7TdWzpqYmSktLx75QREREREREREREZBJ6enpYsmTJtIx9//33j3nNJbHnqoiIiIiIiIiIiMiFpuKqiIiIiIiIiIiIyCSouCoiIiIiIiIiIiIyCSquioiIiIiIiIiIiEyCN52D66R5ERERERERERERuVSpc1VERERERERERERkElRcFREREREREREREZkEFVdFREREREREREREJkHFVREREREREREREZFJUHFVREREREREREREZBJUXBURERERERERERGZBBVXRURERERERERERCZBxVURERERERERERGRSfCma+BEIkEqlZqu4UVERERERERERGSWSyQSF/X+01ZcTafTzJ0zZ7qGFxERERERERERkVnu2PHjF/X+2hZAREREREREREREZBJUXBURERERERERERGZBBVXRURERERERERERCZBxVURERERERERERGRSVBxVURERERERERERGQSVFwVERERERERERERmQQVV0VEREREREREREQmQcVVERERERERERERkUlQcVVERERERERERERkElRcFREREREREREREZkEFVdFREREREREREREJkHFVREREREREREREZFJUHFVREREREREREREZBJUXBURERERERERERGZBBVXRURERERERERERCZBxVURERERERERERGRSVBxVURERERERERERGQSVFwVERERERERERERmQQVV0VEREREREREREQmQcVVERERERERERERkUlQcVVERERERERERERkElRcFREREREREREREZkE72JP4ILZ9wgff3DriL9acvcDfGpT9cTHat/Cf/vMZpqW3M2ffnIT4xmhfcuX+PTmpgndczKvufj28a37HmQrN3H/Q/ew4mJPR0REREREREREZJrMis7VfY/cd0ZhFaBp82f4+H2PsO8izElERERERERERERmtku/c3XfI3xloK560x89xL1DrZSDHZZb+coj1/CNeybQY1m9iU89tGmqZyoiIiIiIiIiIiIzyCVfXN33SqGyuuTuB4YVVgFWcO8Dd3PkM5tp2voK++5ZwQoKXa5f2TqyEHvG4/ln2RZg8LWDRhZzT5/Y4DYFS7jngU9yXk/9j7LlwTnnP/w1N/1RobA8fE0fbubTQ+ONMr/T7zc4xpkTGyhgn2UcERERERERERGRGewS3xZgHy9vBVjCxstHqepVX87GJQBHON5+nnc6rbAKsPXB+/jWaHsOtG/hv01VYXVorNPvPcntDpo2DyusAjTxyF9vYejtGaWQy9YH+fgjp9/tCI99abCwOjDOZ7QFg4iIiIiIiIiIXDpmTOdq/q9umfBrIr/ztTGuqGbOAqCpiSMdMK6TqUbTvoXHBoq4Q8XSgSLk1lf2ce+KYV2dzf/Kf9u8lSbgpj+agk7OM7YoGOwWLRSMV0xi/KGu18FCalMzhbennS2Pn+oELnTBDtxvWPdvQRO88wG+8clh1wzMael3Jx5LERERkekU+Z0fX+wpiIiIiMgMNGOKq9OjneNHpmCYjmaaAG768Kli6Yp7+MZD95xxadPWU4/bL6iagnsPGf4I/vm4iXcMVkhXXMNNbB02ZgdHCgvljlML5d6HHuLeM8YZ3i1cxYIlUHiTRERERERERERELg0zrrg60a6Cd9wEW7c28fwb7Wwa1mnJHz3EvVVv8HwTjFboPDKs7bOjeTqqgk088q/72DSRg7RGM3yv1Ice4t5zFFmbmk+157afraq8ZD5TU/NdwJyzdM2qM0RERETeLibzdJSIiIiIyKBLfM9VWHHNTQA0bf7MwP6nK3jv3UvY+uB9fPwzmweaKc8sBBYKkXBq39ZzqJrPEoCtj7NlcHPSfY/w8fvu4+NfGrZfKYXH6b/x0APcswTY+uDoe7JOwL5/LaxhyTsvL5RN249z1mbcI8cH5tLOGy9MpmA80IHKVh47tVC+dd99fPy+L51au4iIiIiIiIiIyCww4zpXJ2zFPdx/01a+srVwwNRoddIld//i0F6hVfMHnl/f+iAfH+8z9tWbuOOmzXxlaxOPfOY+Hhk+9kDRc2TdsZpNv3k3z39mM1sf38J7P7npnNu9Nm3+DB/ffMasueeBT3L5wHxHv2bgboWNZQuHVd13lovGpZpNH76JRx7ceub9lryT0c4MExERERERERERuVRd8p2rACvueYhv/NFNZ/39qS5VqN70Se4ffumSu7n/7iXjusf9p93i1KFPo6jexB03AU2b+eZ5tHxWb/rNQhfssHv+6d2Fguvzb7QPTm7g7wbdxP3neD/OacU9Z76XS+7mT8coEIuIiIiIiIiIiFxqjLXWTsfATU1NzJ0zZ8rGG9wPa+r36xy2B+t5bn8qIiIiIjPL9P0bU0REREQuhGPHj7NkydiNkZNx//33j3nNpb8twJgKp92LiIiIiIiIiIiITISKq+OUyWTo7e0ll88Ti0WJRKIXe0rjls/nyGZzRKNRiouKiMfjGGMu9rQuCMVt5lLsZibFbWbKZDL09fWRzeVmXNzgVOxi0SjFxcXE4/GLPaULRp85EREREZGLS8XVcehJpejr66O2tppEIkFhIwXL9GyoMLUK31EMxhS+gLW1tZPL50mWlOA4l/aWu4rbzKXYzUyK28w0PG5FRUWE4WDA3v6xG4wbgOMY+vv7aWtrp7i4mNJk8qLO7ULQZ05ERERE5OJTcXUM2WyWvr5eFi6cj7Xg+/6M+NJyOmMgGo2yYME8jhxpIRqJkEgkLva0po3iNnMpdjOT4jYzDY8bmIG4zYzi3HDGQBga4vE4CxfWc/hwM7FolFgsdrGnNm30mRMREREReXtQcXUMvX191NRUA4YgCIZ19Mw81oa4rkN1dRWpnt5L+suL4jZzKXYzk+I2M42MW0gYhjOyQAdgTKEo7LoONTXVdHenLuniqj5zIiIiIiJvDyqujiGbzVJUVIfvBwRBiJ2p3zoBawuPTiYSCdrbOy7ybKaX4jZzKXYzk+I2M50Zt5lcXGVo7kVFRbS1tV/cCU0zfeZERERERN4eVFwdQyQSGXhEcmZ/6SwodPVY6+B5kYs9mWmluM1cit3MpLjNTKfHbWZ3P4LjhEOxi0RmV+z0mRMRERERuTh0YsAYjDFD+8/N7C8uDK3BWnvJn8aruM1cit3MpLjNTJdS3ECxm6lmU9xERERE5NKjztVxKnyBmeHfXuCSWMNEKG4zl2I3MyluM9Ng3C6FdV8Ka5gIxU1ERERE5OJS56qIiIiIiIiIiIjIJKhzdRymo6MnDALS/b10tB6j+a197NnxEgf27CKV6iGwEC9KMn/pSq56541cuWEjlTU1U3LfS6XDZTwutU6sS2Ed4zWdsbPWEobhGX9vjBn6M9X3my2xU66cmYbH7VJY86WyjvFQrhQRERERufhUXB0XS+GwhfP/R38Q+HQcO8LrL21l96svcfTYcXp7egjzORzH4DoGx7Hk+rrYt2Mb+157hV2vbue2u+5l0bIGXPd8Q2YH/swGUxe3i282xQ2mI3bWWmyQxUntIt7xFF7PdpxsC9YrIyi5klzVewjKr8dGSqe4aDCbYqdcOTOdipvy5UyjXCkiIiIicrGpuHoBBX6eI2++wY/+7zdp3PsGqbRP2rfEIhEcxyGTC3AMRD2DYwzRiEcQ+ux47mk62tv5pY9+jFVrr8J13Yu9lEtae3s7zz77LI7jcOONN1IzSidcNpvltddeY+/evWzYsIGVK1dehJnKeFlrIdtGtPUfiTd/Azd9YMTvve6fE2n7Adm6O8nO+yhhyWU4jj5nF4ty5czxxBNP0NzczG233cbChQtHvaanp4fNmzczZ84cPvShD13gGcpEKFeKiIiIiEyciqvjVGgKsZM+kdeGIW3Nh/jpPz/Kvtd/jm9dciFYHFzHEI24hKGhN5OnNxviORBxC3+iEYd9r73Cv3yvlKKSJIuXNUyqW8SYmX+i8ESNJ26+79Pa2kprayuZTIZUKsXhw4dxXZdXXnmF0tLSUV9z6NAhjh49ys6dO+no6AAKj0vG43FqamqoqakhFoud9xpmY9zg/D9zp8axkOskeuwx4ge/ipM7jh1lu2kTnCR25BFMPk128X8gLF5+3l1ZszF2ypUz06m4nXvhJ06coKWlhXQ6jbWWgwcPcvLkSX7+859z5MiRUV+TTqdpa2sjk8mwbdu2ob93HIdkMkl9fT3l5eVTso7ZHbvzHUe5UkRERERkMlRcHQdrh+9rNrkx0v297P3ZdnZs2wqOS9aHdL5QDMAYgsBSFPNwXYfeTJ7+bEAqG+A5lqKIIRbzePm5Z6mrX0RZRSUVlZWTXMv5fwGbKcYTt0wmzev7XuLlxm/S0vkKlhCTrySavhGcPD996xHCSMeZLwwjeP2X4+VXsLPlb/nZyTeHfuU6UepKr2Td0rtZu+JmSkpKpmAtsyduMDWfuSFBGq/zeSIt38P0t41aLDgli3f8afzi1YSxeViv+DxvPrtip1w5M42M29kXvXffG2zb+784eGILoQ0AiPX+Gxxq2H7wKwTHmkd9nQmSxLmDrv6D/OD1vxjxu1ikmGU1t3PDFR9j0aJFU7iW8x5qRlCuFBERERG5+FRcvQCstXS2HmPvz1+mP5vDeDFSmZCcH1JaFKGkKILvW9I5nzC0FEU9iqIe+TAk74fY0B/ozgrZ+eqLXH7VOkqveYceeT1Pvp/nrUOv8/ODm2np2o4XNTiuwRSfhPLvAxAFYLSOHB+SrwGvEQEiI67J05F9hTeORKkorWXpwiunpINVJsekjxNp+Wfcjt1Yxv7MGL8Tr+2nBJU3EpauugAzlEHKlW9fhw438cpbf0dT+4/xIoaIazAOUPwkFkbJg8P1YksfxgDxM67p562T36XozUpKS3+dioqK6VyGnINypYiIiIjI5Ki4OiY79GeyXRV+Pk9H2zGamw6QCwyZfEA6b0lEHIpjHiuX1hEEIa/tPYoF0vmAXBASdQ2eYwhwCW1IxItw6K23aNy7lxWXX0FR8WQ6ReywP5eyc8ctDEO6ujt58/AzdGe2U1XhUlTiEIsbnHM164zzzmEIEXuA9u491PU1EI1Gz2/QWRM3mIrP3HBOthPTfQDrA+fsxDrF9DRDph2bnIr3e7bETrlyZjo9bmeut6+vjz0HnqE19QyVZS5FSYd44vxz5eDdwwCyPEtLy3vOe3uAwUfkZ2fszm805UoRERERkclRcXVc7Hk9dpfPZUl1dZHJZsn4lkwQEnMspXGXJQurufGapbgOpHoz7D3QSswxuDhk/IC+ICQMwWCxQCbv09Z2nL6+XhJFRRNfiZ1NX1zOHrcgCOju7iAe76SyNEdZuUey1CUSHejGOk9hCKGfJujpJJvNnvdJzrMrbnC+n7kR8v3Q24HNT6B7se8kJtc7JSdwz67YKVfOTMPjduaaOzs7icTaKS/OUFbhUVrmEo1NTa6EQr4Mcic42XlyCnLlbI7deQ6lXCkiIiIiMikqrl4AQeCTTfcThCGu51EWMdTPqeCadSu45vK5VCU9XMdw9wev4Wd7Wti59yitJ3rIZPLk/YCsH5ILIJcPcXBpO3ac3p4UVdU1532IxGxlrSUI8pQUBdQnPCqrXRIJZ8qKBQA2NKSy+qJ48XnYMI71x18wsJE41io9XmjKlW9P+XyeRNxnXo1HVY1LcfHU5koAG0J7ezi1g8oEKVeKiIiIiEyG/kU8DoVOmMkftuB6EWIlSXA8oi6sXLWC2z74b1i5pJqw+xD5dA8BhurqSt73rmretfFyTnSkON7WTXtnio6uXrpTaY539NJ4pBPPdTGOmVSnyOBaZoNzxa3w3hmKE8WUxiupKIsQiU1l8aWwC2HuRHzMQ2LGNdosihuc/2duuNAtwUbrobt1/PcvnYP1yqaoG2v2xE65cmYaGbczF22tJRFNEC+ppKo8QjQ+1YVqi6GIdpiyXDk7Y3d+YylXioiIiIhMjoqr42aHPW44Ma7rUZQsw3gRipOl3Pze93H1DTfj9xylP3UcJ5IADD4OQQBeNMqC+cUsWjAHG/r42TTWz3H4eBff/N4rVNfVUVxcOIF+YvMxzL5H7s4eN9cpZkHN77Fo0X+f2jv6GWwmRdB7gqDnZSLZ7YTBfEjOxRRVgTPRj91sjBucz2duuDBWSVC+BtP2JsZPj+81xQ2EidopKBjMxtgpV85M545bTdldXHbZf576u2ZT2EwPftdRWrt+jD1ksIkKTNkCiJZMfDyr2E2WcqWIiIiIyOSouHoBOK5LaUU1i5ZdRlEk4Kpr1uN6MfImghMtAhsAhsHnLENryQYh1obYwBBkLR4BhpCiojhz6+sneUCLDGetJQxDwnBqHkW1+TTh0Z/hv/kjjJ/GLa5maUkJGEN47DD5fa341sC8d2AWboSETsW+EMJEDfmlt0FXC97hLWNfX74Uf8EthMVzL8DsZDjlyrevwXw5ZeOlT+K//hhhy89wk7U4RZW8o6Ec03cA/1gb+Z5WgmgppuEXof6aKbuvnJ1ypYiIiIjI5Ki4Og7DD/qYbHdGRVUNq69aT+/x/RQnYmBcnEgCJ5YsjGktxjiAxRow1kIQEJosoZsHG9Ldm6dh1ZWsumIt0Vhsko+6nv8j6jPFueI2/O/DMOTYsWN87WtfI5FIcPXVV7NixQoefvhhfN9n5cqVbNiwgccee4xUKsVVV13FHXfcwQsvvMCTTz7Ju971Lm6+di2dz/8t4eEXqFpyJW79FRjjYBIVOJFCcSdmIOhqJrvvSfJv/jP2ql+DOVeCFxv3WmaLqfjMnWLwKy7DrPwIJtWJc2L3Wa8Mi2sJln8Iv+5qQpwpeUZ1NsVOuXJmGituw3MlwGc/+1kAli9fzq/+6q/ywAMPkMvlAPj85z/PX/zFX3DixAkAvvCFL4x4zRe+8AVs+5s0/t3HWNKwikj9lbjl87H9nbi1KyCfw5tzBXEb4LftI/Pcn+KXN8DGP4DkvAmtZTZQrhQRERERufhUXB2X8//yUpxMctna9Rx2AzrbjjF3WRVOtBg3UQZhUPjjDJ4QUiggWCfAAsZNYwOHvFPEFde8k/mLFhWummTBYPY8eje+4qq1ljlz5vD5z39+xDV/8id/MuLnT3ziEyNef91113Hddddh+1rxX/sWZZlDRNbfjpMoBz8PNsB2NxO4sUIB1RiconISV34EZ+9TZLd8kXDdb8CyW8d8/HV2xQ2m4jM3YjQTIT/vWtiYxN3x9zjN2zH5YY+9OhHC6uX4a+/CX3wjQTQ5ZZv/za7YKVfOTOMrrg7+bniutNby6U9/esTPv/u7vzvi5+GvCVt3kn/6szRcdxuROZdj82nI9WPcCEHLa5iiSiwG4xi8qqUU3/i79L/4N+Qf/03se74EdWvOvZKheSp2kxpNuVJEREREZMJUXL1AjDHUzKkn6jn0pk8QZnsxbhQ3Vor189ggO3hl4T82xJo8+DkwLj4RapdfQ1H9aqLx+EVbx6XmvB91zfYQvv5tzLFX8OrWEBx/DT+fw5u7BuMlCHtPgJfAxEvBOORPNGIicbyF1xD0tpLf/ldYx4Ol74JI0dQtTM4QOhHydWuw1/0OzoE1mKOv4aRasfEktnYV4ZLr8eesKRTD5aJRrnx7mpJtAXoOEzz1h0TnvQO3pJL0T/9/IstuwSlfAH6WoOsIrhvFGgPGJdf8c5zy+cTX3zGd4ggAACAASURBVEX4078iePJ+7O1fherLpmZRMirlShERERGRiVFxdQLOtzPEcV1Kq+bg5hLk+nvxEqU4iVJcGxBme8GGDB3qYEOGejiMwS1fSE3NGohX6LG5CRrPtgB9fX3s2rULz/Oora0lmUyyb98+ACorK6mpqeHgwYNks1nKysqoqamho70N5/DTLEo9S3H1UpxoFFwHa6LYfB+EeUx8oKsn2wvGwWZ7sdk+XDdKZO5aws7DBDsfIaxYDNWrwEz1Kdwz21R1Y5n0SdxjO4g0v4yTTxHWrCBcfxdBSR0mm8I5sQdv12YiW5sIY2UEdWvIL76JoHoVRLVn50QpV85M490W4MUXXwQKuXHZsmW8/PLLALiuy7p169i7dy+9vb0ArF69mt7eXpoPvcXKI/+TiqIEXtUCbKYTt7QWbB6b6QIb4pTXY3O9hbC6HmEmBak2XC9GtOFmMq9shhf+B+G/+Z/gRM66htlIuVJERERE5OJRcXUcBk/hnYovL47rQryUbNCLyfXhxkshUYZxXKyfG7wjNvCxuUxhf8FoKTa5CBs5/8fvCms4ryFmjHPFbXixIAxDrLVEIhE8z8PzPIwxRKNRACKRyNDPYRjiui6O45C07RTn36DY6YK+JqzJ45TOB+sUuuuCbKHgY81A5cfiJJKAwWZTmEgCJzmXsHU3HPgJNlkPsdKzrGX2xA2m8DOX78c7toPY69/BO/ZzzGDXY+MPz/oShyN4ba8T2f8v+As2kl39SwTVK8EdvZgzltkUO+XKmWmsuA3PlVDIiYP/DcOQWCxGGIZDOTIajQ5dA4Wi69zsDqpsEyaykKD5GZza9Xjzr4QgwOa6CwVVBnLlQL50K+aDDQlTrThFVThl9YSHt8Fbz2AbfvEsa7GK3WQoV4qIiIiITJqKq+MyxXua4ZIxcZwwQ5ENcLwEBg/rZrDWx4YBYdCHteBEk4TxasKiGjDulBQMZs+eZufec3Xwv0EmjdN6hMXJosI+fyePE61czeLFi4FCASESiVBfX08YhnieR8RzSUbaSXgtOLEKTKy2sA9kvgtrHYw1WGvAmkLIQjsydtaAFysUW10P59AW/Ib3QqRk1O7V2RU3mOhnzhnYg3P4tSbdRaTpGaKNP8TES/HX/zsoqoJ0F87x13CO78LkCt11NlpMWLuacN7VkCiH9Emctr14J3bjbP9LsqvvIL/whqGtG8xAjMbzmPTsip1y5cw0dtwGC6zB4UYWl8QxRSU4R5tg/nwWL16MtRbHcTDGMGfOHKqrqwGIxWJ4jqUkfAmnOIEpnwtBiPF7Bg5CGp4vOS1f9gKFPEo0j5usIeg6jLP7H/CX3ALOmf+E0Z6r56ZcKSIiIiIy9VRcvUisiZLKpgnyPZRVz8F6UcK8SxjkwM/ieBEcN0LaRgliVThe4mJP+ZJkrSW0llwqReu//iNOUTElG28l3tvLwYMHASgvL6eiooKWlhYymQylpaXUlrkUd+0hwkmIzYe4B6FPGKYAB3ALfyyYYOAp5vDUl19rgSAHxmAcF7oPYzr2YZNzQLGeEGtydAVvElqfZHQxrolgcAiTETJr3kPv5TfQk2+iK/cm2eAwUaeMqjW/Ru3RDoq2/x2EPulrfpUTixZyIv0qufAwUaeciivupDSyGM8pxhhn4CH0XgKbJ5U7iGNcSpwGHKt4TSflyreHoe5VN0Lr976FyWWIbXw3Md/nwIEDQx2rl112GUePHqWnpwdjDA0NDdjO16nKvYWJF2OjDgaPMEiBHZYrcSC0mHD0fGnCPMaLYhwH2vcU8mXN5RfxHZl5zitXvvjXAMqVIiIiIiKjUHF1XE51wkzlfm5+NsPxll30ds6hbvl6YmW12NDH5vvpbUtz4tA+bDRJomje1OylZoZ3hsyG7pCzx23EtgAA0Xjh8eJ8Dt8PCIIA3/cB8H1/6OcwDAmCAJPrJhK04UZCcDLYMIW1BmMcsIVigbEONhzo2sFgrcX4A489WsDJQZAtNKqGPubkAcL6a8EdeQjP7IsbTOQzFxqfrtx+dp/8G2JuGQm3BsdEsFgCmyXrd5INOsnbNNb6GFyKIvNYUnUbS9/7n3FsSJP7Bgfa/4ze3BEsAca4REwRMbeCmFuJ68QxGELrkwnayQQnuazsHooSizHnmN/si51y5cx07riN2HM1XoQNfEwuN5QT8/k8ALlcbujnwU7FIAiI9+/Di1qsE4DtLeRKzECH8UC+DAe6/DGEgA0tJhiWL0O/sI+1MRDkMCf2EFavPudaZocLkysb3vdfAJQrRURERERGoeLqOAx+H5iqR10HuQ64mQ5aXtnB0f2vU7NsLbGiElInmuk69AZJuogtuJJcaIhNxSO2duR/L3VjxS0SiZDNZglzOYJ0H86GmzGJYqK5NK7rUlpairWWRCKB67qUlJSQy+VIJBJETCcRJ4OJRMDkMGE31kQxxsPiAA44DqE1EBgcDBgIjcWGtvDdMfCw+TQQgAMmfQIb5M4I0GyLG0zsM2esR8ypIBsUCgM9NJ17bEJ684fY3/0dKAOMYd/Jh8mFqWH3D8nabrJhN+QPjjpOzC3DEDnn/GZb7JQrZ6ax4haLxUilUoX/c6m1BXfdRoLKOoqPH8JaS1lZGUEQEIkUPg/FxcUYYzDG4DgOcbowngteFIJOjIliTBSLW9hnFRdcQ2gB6+AAGENowoF8abBBgM33YxywjsH0HTtrIXj4mi51FypXehUJ/DCjXCkiIiIiMgoVVy+w0EJfAC394PSFrK4opzjq0HL8BG9ufZwwDEkkYtTMqWNe3Qp68HjxUCe2yGN5VZSqIo+I61zsZcx4juOQTCZpbGykrKyM0hVrWHDaNQsXLhzx87x584b+d7S3lYgX4hTVYWpvxva3YDt3QAjWxApFgxAMHrge4BS6tRyDY0PC0GBtAH4PxrEY1xCoW2dyrEPULcXBI8Qf98tC65MLewnC9IhiwXg4eEScJAZ3orOVcVKufPuorKzk4MGDdHR0ULF0JfOXriz8YlXhsfwFC0Zmz9ra2hE/x2IOhixO3fug5DLCQ49g8l3gJLBECr2KARgTw7guoTWFAqplIF86hXyZLxRpDRDYsffwlNOcT64MeskGncqVIiIiIiKjUHF1XM7/kBYL9IdwIO3yZn+EkojLdXGfROBi6hZTXL+KvJOAWBVeNIGbP4npOURFtpf5RXH+aneGYy+1cO28Im5dXsGy6sSECweDpwrPnkfuzh23eDxOTU0NBw8eZMmSJcTj8VHGGJ0TWELjQtCBjZVj6j+I6fo5tuNlTN/hwiPLXhnGz0Cmm9AycHgLYMGxYMMQbB9EDNa4GC8GA9sHjFjFrIsbTOQz53kR6iLv4M6l28gF3Rztf47Gnu9xMrt7SmdUEVvNkuQHqC/eRNytBMDPh/hhcI5DgGZb7JQrZ6Zzx83zPJYtW0ZjYyMrVqwgkZjY3pkBHrgG2/sG5rI/wilfA20/wXbvwWRPYp0oNlaH6T0M+QzWHSjEWQPWjsyXsQg2sBCJn3MLA8XuTMqVIiIiIiLTQ8XVcTm/goFvoS1weD0T4UjGIea6rKmKUxuUYdNxPOPglMylN3Rpb3sdN1JKVd1VlFRXEvYfZ15yHvNa+/nJriZ2Hj7B1gPt/Mr6Ody8rJKyeGT8q5h1X17OHTfHcaiuriabzbJ7925KS0uJx+O47tgdNomgj4gfJ+H3Ylt/RBCbj6m9CXfuDeD3F/ZbTXdgD/w9YeY4xnFxMFjXYDFY4xDmUzhuDhMxhI4hTNYSOt6o2wLMrrjBeD9zMTdPUfePiDd/jUjqNcJIBZXVt1NZ/Su8Ej5OW/rVs742cC02sIQWAv/c7211fC0biv8t89pfILrnv+LkTuCXXE6m/uP0ld5KNhy9MD/7YqdcOTONHbfKykoymQyvv/465eXlQ9uljEeQi1PuxrGpfYQH/wZ/wa8TvezXMEEO/D6MKcGefAP7xpcIjYvjOIU8SWEfVms8wmwnTsRiHIfQDwlL61VcBS5YrgwtYahcKSIiIiIyGhVXx6HwfWVyBYO8hUbf5eW8hxPxiBiHE315Xu/sZ8G8emoWemT6ekjnob/tW1Smvo7Fo739Vk7WfpSKee+kx4/Q1t5C3s/gh3kaTwT8z+fStPVl+dDldVQXRSe4jom+AzPTeOLmeR4LFiygurqaEydOkEqlCIJgzLFj5Cl14lS5EejdQ/uur/FWcAPpyBKikRjFbi8LzXaqcjtxTAjGElLoXjXGAT8Dpg8btYXzXGycsOIyrBM7y56rsyduML7YOY5DNDhBYv+XcPsPYAGT6yCaeYzKwDKn6p0c6375rPcI3ZAwsIShJcid+xHj2rJrqGz9CZHj38f4XVjA7dxFPP0V/MuXk4usGDrAZ/R1jHflM5ty5cw03rjNnTuXqqoqWltbSaVSQ4f+jSU0JSz1XBwvQdj8CPuaWmm276CoKIljDFWRNlYE/4RLBkwcTECIOZUv8z2FfBl3sH4AsWL8qivOseeqYjfclOVKX7lSRERERGQ0Kq5OowBoxuU5IkTihc7FDj+kxzNsP5mmszfNbUvrqS6bR//hn1CR+QlzyrpwopDOfofWtp9w4sR7idbew3/ceBVX1BTx6KtNHO7ooau/n2+9cpiE5/LBy+soiWo/s8lyHIfi4mKKi4vH/yIbUtyTJ2zfj5c/Rq1pxMsf4VhnJX4Yobqol9JEBseLYB0XwhDHKRzwgg0IbQYnEhQefw0gKL6MoHQRuOMr/kiBCfKYziOEDO9KzBBPdZKsW0I+e/ZCgOOGhWJBGJ7zOoBibwHx1M+gt2/EvUymBRNkYPxNkTIK5cqZIxqNnrHH6liMXU3+8E+IpffgOpZVPEmi+2U6T5aTiPjMS3bgxgA3jrF5CM2pfBnmCW0aJ2awoQu+JV++jrC4fnoWeIk671wZWAJfuVJEREREZDQqro7T4CNrE+nG6jYOO4xHOuaSdF1a0gEnbYgTMdhklO0n+9m//QCbIt28w3+GpHsQ101ALk1RDBZXt9GXeZi240+TcT/MexfcQ2e6jn94LUtXj09XXx/f3nGIpZUJrq4vI+KacazhfN+JmWUycRsfQzp+GU7sKooz7UQch+rigOpkKxgDoQdEwIYUNlktHM5ibEBo8oXHW10HG4TYwCFbdxOhV3qWTqzZFzcYO3a28LwwYfrMb+thzsOGFj9z9i5k1wsI/ELn6rmuAwpdWzlv1HsROGed52yMnXLlzDR9uRIsLl0Vd1DS8+fEPYPnuDRU94DpBlwII4AHNg/GAYeBfOkX8mXUYEIH64dY16V/wR3nzAuK3em/P/9cGfqFzlXlShERERGRM6m4Oi4T30cwi2EvHq85Lg0xjxO5gONhQNaxREJwPEhUxCmhn3j7TkrsiyQWbiRfewv0vIDb80OcbDslcSiqOUpX6i/p7rOsqvxl5lWX0Z3NYvwsTcdP8ujPWqgribKoPF7o9DnbKmbdnmbnf7jO2eTzefp6Y7RkriXR30Wds4eqRC8RO/zgnDxQKKqeetzR4BhT2ArAFOoIfeXXkam8ltBNjPrtcvbFDcYTO2stNjTYbAmEuVN/b1wCP04unz53N1Yw2Llqx+zGyuczBH4cN5PA2GHFBSeKDccqGMym2ClXzkzTlysB+vr6aO1bjA3upKr3GeqTXRSNuCIACp/BU/myEJ/C/qt2KF/2lN1Gtvyqs1bitOfqKFdMQa4MfEvgK1eKiIiIiIxGxdVpYIGTOOxxXJIxl7yB42HISRNgHfAwOFhiQZqKzreYc3IbNUX78do7sJF6wroP41fcimn/J9ze53Cck5TFo9iSUoJ8FN/LguuCBRME/OT1FjYuqqCmuJZiPfJ6QbS2HufNffuor6+nYvmv0n7knwn6X6C2qIeIM7yz59QXRWMoFAncga4sA9noMnrnfAQ/NufCL2KGs9aSd5Lk5rwP760nGXyvw2Q9naXLaTq+hXzm7IUAN1IoFgRBeM7rAA61vcCi0uXURA/gdDUN/K0hWHIrea9qWgpSs4Fy5ezw8svb8fN5bv2Fu+g/uogDh/6epeUnKPKyw64a+Rkyxhb+Zli+TMfX0jP/Ny7k1C8JU5ErQ98S5JUrRURERERGo+LqmE51wYy3qycAOoyhxXGoi7j0BiFdhPQNdN64xuIQEuvqoLL5Veoi+ymqux6/bj3m+E9wj/0YZ96tBHN+kyD3Hjj+N6SDCM3+tfy01dDcmyl8N7IWYwOy2Sw7m7u4bnE5RZHRT+KFkQdfXPrdIROP20R0dXWx+43d7N69h+uuu5aG+bfQecInmnmB6kSKEU1xhqG3u1BgLchFF9BVfS/Z+FIszjk6sUau59I3vthZa8m6JUTW/jqhSeIe24lNVBA03EpHeZL9ux7GP8fhK74NC6eOBxZ/jG6sppZtXL72Fym//Ddw9/8Q09dOULea4Io7ycaqCIPRXz+7YqdcOTNNb64EOPDWW7S1ttHa1sYH3n87+bpf5siJb7G8oq1w4N9wZ8mX2fgKOub+PoEzeof/0GqGrUWxG7hqKnLlwIFWypUiIiIiImdScXWcJvLIZNbCMWPAcYgZQ1sY0m0tfQ44FjwLsZ4U8YN7qD/5KvPKD+Ic74XKq7Gr/yP5rt04R57AbX0JU7mMMO/SYa7nR8fK2NWeIpcPsL5PmA8I/QAbWPa1dNHTn2dOMnaONTAtX5zfzqbrUVdrLbl8jlSqh+e3baP7iitYPG8D1rcU2+0Ume6RLxgstloInWL6i95BV8WHycUWgPHGKBbMvrjB+GKX86E7Pp/YDX8MTo62rn3sPfzP7H71+6RzJ885vs+wgsEYJ2D35k7yT69+lhUL3suqjR9lTuXlGBslm82d88T02Rg75cqZaTq3BbDW0tuXovnwYb797e/w7ne/m47IB6kMn6HGbTzzBcPzpVtOT+l76K74IIGbHHNjzulaw9uZcqWIiIiIyMWl4uo0yFs4EVpCWziJvC+09FlLxlocwA0D3JYjVO17noayFsoW30RYtQyz+59w9/0AVtxOuPZT+O3bcQ/9X07aMnZGr2Bra8ix7n7CdIYwk8Hm8xBYnBB6ejP4/rkPmpCpE41EcRxDX18fAHv27MGY1bDwPcRKr6Ui3E0+1Ux/JiTtRwgtJCIBpRVzCSqvIxdrwDpnL+7I+AVBQCabpjvzJv/y4qfo6H5rXK8LnYGCQVB43HUsvfkOXt37CAdatnH7xi9THr+MIFAx4HwoV84OyWSSVCqF63rkjh/j+eef56qrrmJf0e9gyw5iun5Gur+XvlyUbOBhCEgmQkqrl9NX/i58r/ZiL+GSoFwpIiIiIjI9VFwdp8ETiMfTWREF5gY+r6bztEcc0oElG1iy1mKA2IkOinf/jBU9u1lefBTvZCl2yS2EN30W/9BWzK5HMU0/xp1zOXl3HodTS9naVcLBzhT5VD9hqh/bn8b6AViw1rC8JklxzDvn/Kw1s64zZCJxm4iysjIqK6toamrCdV3a29s5cOAA8Xgcx51HZ9EiSuaV4HkeThCS6e/n0NEWupu6mZ8vZs5ciEbHN6fZGDeYWOxsaHCJ49gYgT++9ypwLWEIYWjH/RoAhygu8YG4nLvQMBtjp1w5M01XrgRYtqyBLVuepb+/j3g8zoEDBygtLaWhYTlvequJFa+jrL4M6/t4oaW7q4vXDzYRtAesWu1RUTH+Oc3GDsgLkSttaJUrRURERETOQsXVcRj8B/94HzeMAlc6PulMP9uCgFbPJROEBDbEYAi7uqjqOMyKxEkqM+2Eb2yFptdwV23Crr2dcNFNBE0/we77Hq1hLTuCJWzvynEilSFI57DZPFgH40SJxVyuWVjNv7t+MXPKYmMUDIavY0remre1icZtIsorKlh+2WXse3MfPT09+L7P8ePHqKiooLKykmwuy0svvcSBt94ik8kAUFxcRFVlJameboxjmDt3Hq479qE6sy1uMPHYhWGI68SpLFvC8c43pnVuFclFuE6cMAzHnNtsi51y5cw0nbkSYOWqVSxZupT9b76JBbLZLAcOHKC6uppksoQjzc089vhjnOzsJAgCXNelrKyUqspKMuk0175zI0VFRRNey2ygXCkiIiIicvGpuDpNkg7cEg1ZHaTZ1gu7fEtTCCeMIfTidJTUsae1lnVl3dRyHNvXTfjy9zH7fopz+S9g5iwnHVvG7uPlPJcp4VjWYgOHuBejtKyIOYkoC8rivGNROdctqaQ04WFGnKIk08nzPFauXMmJE238+Jln6O1NEYlEyOVyvPnmmzQ1HaCjs5N8Lk8Q+OTzefL5PPF4nMsuu4xlDctnzZf/C8FaSyJayzUr7uF4xxt09jSN/aJJqEguZN3yu0hEa/HzerR8KihXXvpisRh33vlLfPMbD9HR0YHnuaTTacIw5Mc//jEHDzaRyWYJ/GAoXx4+fIjS0lLWXXUVwTn26pSJUa4UEREREZl6Kq6Oy8gTecfLAea58JEE3B5ajuahLQhpS5ZwYNEqnjlyjAOHkry3ro3rig9SmTtBmOokfPG7UBSlpXgVu9KrKa2aw13zFlIRc6mIe1TGI8wtjZKMebjOqSLB2HObbSfxTi5u41VSkuSGG27C8yK89NKLVFVWMX/+Ag4ceItjx44NdRIFQYAxhmg0SjabxXU9iouLcRxnnPOabXGDycQu8EMqildwy/r/j6df+VO6epvHea/xFdrKS+Zz05V/QG35lQT+2J1YBbMtdsqVM9P05kqA+fMX8LGP3cfj//gYRw4fYfXq1ZSWlrFnz+6hHBkEAWEY4jgOsViMVCpFUXEJxSXFE5iXYjcW5UoRERERkaml4uo4ne9JynEDS6OwFAOJKPlrVtEyr5yfvvgK/6fxTZ72anh/3TGuLj5Eab6TjCli58kq4nOX8cvXLKW6qvKs85roGmaT6TwBG6CkpIRNm25m7dorMcZQUV7OnLlzsMD+N/eRTqdHXLt8+WVcf8MNVFXXDM1vvGuYbSYauyAIsNZhfvX1fPDGr/Ba4z9woquRWCRJeXI+yaI5FMUqMEAq3UZr5x4c4wKWuVVrWFZ/E6VFhdilc9309B2lu/co2VwPlWX/j717j27qPvNG/9XV5tYkxk4MBDuOmBJD0mbahGLOGJDomXZNnPZtDc5aIRj5TKc5pJ1mjZXzTgwrwdBlnL4L8Z50zYRDZubYkRNOY2C6pnGm7ZxBBjsHU0gyJCQ4pBauDRgHGXMLYFuWdP7Ye0tb0tbVknXx97MWK7G09du/fdXej57fsx/An//ZU7hnzlK4JjzweGLLxJqJ247nyuyU6nMlACy6/3789V//CJcuDWPRwoXQ5+nxV09U4eiRI7h6dRQej1CXU6VSoaBgPh5++GGsWWsEEHs9Tm676BI5V6pUavBcSURERESkjMHVNNHpdHigtAQLFxRj8PwF9Lz/Efb1nUVZXjHW3HsVbo8aH43dj+XFizG/4J50d5ci0Ol0uPde/9OsS0sfwIIFCzE6OoqRESdcLhdmzZqF+fPn45577oFWq0tjb3Obx+PB+JgHd+U/hG9/sxFqjRtqtQ4qrxYTEy5f8Eav1+GOawS3x0bh9XqxYlkdvjLrfoyPTwAA1Go19HodoHLD7XHB41ZjYnwS42OudC7ejMRzZW6ZNWs2HnzwQd/fK1Z8C4888jVcujSE69evQ6VSYd68ebjvvvswd+68NPY0t8V7rrwzfh0ezyTPlUREREREChhcjYGQTJGarB6dTgfDg2W4f9FCOM49hD988BHaLl3C7Hwd/vxrj2BJWanYh6nP1z90cMpNZYVUbrdodDod7rvvPtx3330K/YqvLzNtuwFT33YTExOYmJiASqWC1zse8v6dO3eg0czCLM1iAIBn0oNr164HTHPrlvBfoY3EVv5M23Y8V2andJ4rASA/Px9lZQ+GvJ5IX7jt4hPruTJfPQdQ81xJRERERKSEwdUYeb2pHbam1+tR/tBSlD1Qitu3b0On08VZlzO6mfgU3lRvt+kwE7cbkJxtF+mzkzE+JGeq859p247nyuyUC+dKgNsu8TZ4riQiIiIiShSDqzFQqYR/0yE/Px/5+fkpa386lyXdcmlZc2lZYpFLy5tLyxINz5XZKdeWNdeWJ5JcWtZcWhYiIiIimlkYXI3C6/VCrVZBpVJBpUrOkNN0EW5cVFCrVcj1J/Jyu2UvbrvsxO2WnYK3WzYPzZaCc9K2y+Z9MBY85oiIiIiIMoM63R3IdC7XJHQ6DXQ6DTQaDVRZmlahUqmg0WjEZdHC5YrtCb7Zitste3HbZSdut+wUut3UWZk9KATn1EHbLrbh7NmKxxwRERERUWZg5moU+fmzMD4+ifx8PSYmJuH1euF2e7IqQ0S4cVEjL08nLocL+fmz0t2tlOJ2y17cdtmJ2y07ybeby+UO2G7Zsu2EzM3AbTc+PrO2HY85IiIiIqL0YXA1irlz5mBk5AoWLZqPefO80GrVcLnc8Hiy5+ZFrVZBp9MgPz8PeXl6XLp0FXffdXe6u5VS3G7Zi9suO3G7ZSf5dgMg226erCkPoFIBarUaOp0Gs2YJ2+7ixSuYXzA/3V1LKR5zRERERESZgcHVKPR6PebOmYuLF6+gsPAruPvuub4bz2wh3XROTLhx6dIoZs+ag7y8vHR3K6W43bIXt1124nbLTpG2W7ZkQAq1OoVtNz4+iYsXr2DunLnQ6/Xp7lpK8ZgjIiIiIsoMDK7GYN68ecjLy8ONG19ibGwMOl121Tbzer1wudyYlZ+Pe+4umDE3Ltxu2YvbLjtxu2UnabvdvHkLly9fz7rtBsi23axZmF8wP+cDqxIec0RERERE6cfgaoz0ej3mFxSkuxsUJ2637MVtl5243bKTXq9HgV4P3HNPurtCceIxR0RERESUXup0d4CIiIiIiIiIiIgoGzG4SkRERERERERERJQABleJiIiIiIiIiIiIEpDzwdXhAzWYNXs2Zs2ejd0nf+zSVQAAIABJREFUUtd+zYHh5DfucwK7Z8/GrNm78YcUziXrDB9AzezZmFVzAKlc+8n0h93R9sVEtvUwDtTUIKW74JRIyxTmX80B/DbqepmuPqb6GDuB3dlyHEvH1+zZmJXCDRP9mEjt52ecE7tlx1/gvij/vkx0m0/Pd2KWkh9Ts4PO2fLtkvB32jAO1EQ4187ejd9mwPaZnmM2078XiYiIiCiX5HhwdRjdBzp8f73Ulfwr+eIN7bhz+zbaNxQnvW2aiVbghdu3cef2C/hWTNMP40DNg6jtiD5lJvvzF27jzu3beGFFunuSSiewe/ZavJTubsRouPsA3pH+eLkrOwLCFKcTGPQFnwK/LynVOjAw6P/rD10vT8tcC2bENUtufC8SERERUfbI7eDqiTeFi+udO/FzIEyAIDTTIzCbIvL7Slk6gdmy0uf9GUK+rI0D8iyWJGSzBWTFhGamBGQlBWTHhPbR/5o/8yPw89mTERK536Hbt8a/wML6DNzgIdmy0vZMznZUyKAMyDQL3m7SDWQHah/M1GwxKWB8G3duHxGORezEEem19g0YCMhkku17B3YHbRf59gpe10EZssFpUWHXY5BIGZtRjrHw78sDqy9jbciyhjv/pMsJvLm5A8BO/HwnALyM7uB+yY6FA7uV14n//HhAtm3CnzsinU+ntm/HuW/49q3Yzo1R94uM1YED3dL5rhshsVVpvcjXl9JrCYh83gzNdvfNTpx/wDpW6FNyz8up4f/B9wS6Q2KrCvuZ4mtyxdjQLp1rz8FWBQBVsJ2TXnsBpUHHk+L1iLge/eswdH7xbb9w/Z3C+Tzs+9nyvUhEREREuSSng6tSJsjPV7+AyjABgj/sDs1ueGmt/0Yg2vshTuxG2WZZtuzan+FAmElf2rzZnxmGl7F2KjerwwdQ86C8PeCdzQ8G3JDK+wUA6NiMnx0YBlCMyg1VCFg/0o121QZUFgsBjsDPd6D2wcy8YZWL1m+l7fvO5p8J27e4EsJq8QflpWy+JzdUohjCDebagJvil7E2mWUKhg+gZm3QXXfHZpRlRgQuxTpQu9m/7O9s/hlqArKR5MeMQlboy2sDA+UxrceXsVZ+HL281n8MRTvGor2vIO7zy3Q50SWsy52r8cLqnQAiZP53bEatbNUqLfM7mzfLtk34c0dx5QY8CeCdA92+HxCEbMoqbKhMNNMugX3Dt29FPzcmst0zgvijo29dDw7gHQA/37nTP82K1SE/TPq/VxNPM4983hzGgZrQDO+X1or7jNgn/z4S2qeUn5enqmonfi7/bhkewAkAT+7ciSd9E0n7nkIAXNr3kijgeuTltaipqZGtww7U/izwB8X4tp/yMf/S2gTP51HfJyIiIiKaXjkcXJUyQXaicgXwrYgBAnlmx23cud2OwBFz0d6XDOPAbuGO48k3zgnTHlmBd8INTdt5RJxGvJk9MZDwzZ8U9Pv5kcAMwZd2izc8K16Q9d8/z3fEcYlSUENaP4FBRCnAIcs2PLITwMuwZvTNTPR+f+uF2wHrRVgt0nDN4MBKcKBH3Meq3kC/+Pn+N6qAjs14M9mBFWlfkf69sAJCllJgdlKuDfWUjiNpu7wDcV0HHzNiMNB33IlZW+9sfjPwhl5xPQaSjqH+N6rEWYghgyjHWOT3V+CFoKxd/6xjPb9Mn4BglUKALZC//9I6CznP+o4RaX9VyIQF/D9odAxgAEhOMCnavlG8Ae3yfeLcG0KAS9y3Ip8bYzj3ZqzVwo+O4roWtvlOVK6WT7NC/GFSKh8Q+L2amGjnTXn2pXyfkfog9qnjALoV+zSN5+WElYrfLcIyCftQFTasLg2Yyvdjg/g9HbzvJZV4bpSO4Xc6Vgjfm9LxIB2TMa9f2fduuFI30vk46JiLesxGfD/3vxeJiIiIKPPkbnBVlnn1LSBsgEAIugpDx5SGpkV7P9AgBjoAYCcs0sX8imfEi/xQvswfqW9TMCDMGC+tlfopZnX4bohE0vDV4EytgCxNf1BSWA5puYThzLNkn39HXjQu48Teb2nocehqkQVWpEDPzheE4JeYbYSOzSgT25eyZKWA3JT5tsvaLBxyPFX+bMXSUuEg8gUVSkplGV7A8IBwV//O5gfF9SRlRIkBmZjXoz9oVFwaGD2KdozFfAzKxHd+mS7BwaoVYTP/AfiPBwDFG14QzmVBPxT9/IUNYjCoGBteEALjysdI0A8aYjblVIJJUfcNH3GYcVAWauRzY2LbPVMIx9XL6D4hBcxKURo0jbSPHuge9p/zpO/VRMRx3hSGnodmdwf0yRdoe0bo03Scl5OgtHQFhGU4Ie5TK1BSEjRR0OgJYV+bShZ3eNL1iO+8J23j4lIEnAmjrl//Mez73g2TNey7BgqaR7RjNvZjmoiIiIhoeuRscNX3cAhfMMVf7zAg21LM6JSyNQLrIcbwfsYTbzakmnRvlgpZWkd2Bk0nC2ockIKIMdxATyHbNq3Efkt1494sbZdlSMrIbm4PSBlqMQyHTV7QWcriOuILwL+z+cEpPE16pvFnIaduPUa7oY/wfiaeX6QfpmTBEelHB8VszBjOAfEEteQ/aAjn8dQEk3z7hq927ACekWfR+XuU2LkxCwI9vnW9e7cwLF0piC0bhv+HOM6BiRDOm/66ooPPyDNXlft0II59JKN+DPQtw+4I+5T8xwYpAJ78kgDJ4hsJsyHo+7RjM8qSUqc98CFg8b9PRERERJQauRlcHT4Aa4QH78prtUmkmwEp6Bg8rDXa+4ISlIpDXn0BXOmhWikmZfb5h6YGDjEOrkknZX7I+W60xdpr/htoabmCh/kJDyPK0Ps8RO93cIbeMAZDVov/5rZWfMCPbzislG0jGx4Zabj51EgPhRIDDb4hsQT4s638w0T9/wI3ReLrMdoxFu39iP2P6fwyHfylTRQprS/Za8MHdguB2RWlAecFeQ1Vqf0VpWFWiizLeG0SgknR9o2QodZitmxgl8KdG6e23dNOOod1dOAdhNsm0jD8zVgbfA6cyjzDnTdDSkFIIxCU+1QbvI9M63l5KsTvJ3HdP1kanLYq8O17a4UfiFNSEiAecaxfqeyO8OORrHZs1FlEPmZjP98TEREREU2PnAyuSjfLIfUVpaw1XzAg9End0rBx4eY52vvB/ENefcPV1p7Ak2HKAsRPNswu6Cm9/huwoPeDUuCk90MebgUAxRtg8WVuym+gFYb5ZdKTzWXDEwOfBB9rv6X3Q4efArKhzkBQdpH/Bj9w/tEzdEK2U7h1GfIUc7GPIQEncWh5RmyQNJCywHzDRIOGo8a8HsOLdozFegxK+1vNgdNxnl+mge+J8aE/SEh1b0MDJP6yBtJ5JaT/vmNEOsYiBeik41YQazAp7DEVbd8Q+c/ZCsHlsOfGeLZ7JpJKPgCRtolUs1yYLLaSACHr21eKI8bzpu/90IdbAcC3nvFnGAfuI4mfl6eXfD+PkHkr/dgQbbppE239iuU1ZP+E80IcfY92zMZ4TM/470UiIiIimjY5GFyVauIpBSikG0kpQCB/8IHfk2+cE7Mfor2vYMULsiG+VbCd+yU2TGFpYla8Ae3Bw1mr3kC/2NFvvXBEVte1CrZz4nIp1qBFyA108YZ22XIJIq6HDBG53yvwgrwOQNUb6BfXYWDmoD8AEbxPfeuF0FICPz+SxIy1FS8olHDYiSPtoTUsZzb5A6MksvUUdT3GIMoxFvV9rMAzAftiUfznlxTz/zAVGkCTzg0hmf9Vb8AmW7VK/X/yjTeCzj8KD7eRkQKWyQkmRd43ijf8MmAb/PyIeEwHZemGOzdG3+6ZLexyycnqgicj8B/xvFm8Ab+UHyc7j4jHblBg3xd0DN1HUn5eThLffh7xRx5ZEDZDSgJEXr9Kx1u86z/K+Tzq+/xeJCIiIqLppfJ6vd5UNNzf348Fxcm7C3C9ZgIA6J6zJ63NVPjDbrE+4c4j4hC5E9g9ey1ewk4cUXpaLhFRNho+gJoHN+OdqjfQHyZIPXygBmWbO/DkG+fie2J3DG3TdOL3WDolfBxRzLLlGpOIiIiIlF0aHkZZWVlK2rZYLFGn0aZkzjOYUH+vQ3iQlnx06VSerkxENIOE1EGl9JIecsbvsTSQRuNkQkkAIiIiIiJSkoNlAdKreEN76BPns2iIKBFR+gj1Gss2dwBVb+CXzNJLM7HuuDAcA0f4PTa9Tuz21Sl+8o1fZlxZAyIiIiIiErAsABERERHNWLzGJCIiIspu6S4LwMxVIiIiIiIiIiIiogQwuEpERERERERERESUAAZXiYiIiIiIiIiIiBLA4CoRERERERERERFRAhhcJSIiIiIiIiIiIkoAg6tERERERERERERECWBwlYiIiIiIiIiIiCgBDK4SERERERERERERJYDBVSIiIiIiIiIiIqIEMLhKRERERERERERElAAGV4mIiIiIiIiIiIgSwOAqERERERERERERUQIYXCUiIiIiIiIiIiJKAIOrRERERERERERERAnQprsD8XK9Zkp3F4iIiIiIiIiIiIiYuUpERERERERERESUiKzJXNU9Z093F4iIiIiIiIiIiIh8mLlKRERERERERERElAAGV4mIiIiIiIiIiIgSwOAqERERERERERERUQIYXCUiIiIiIiIiIiJKAIOrRERERERERERERAlgcJWIiIiIiIiIiIgoAQyuEhERERERERERESWAwVUiIiIiIiIiIiKiBDC4SkRERERERERERJQABleJiIiIiIiIiIiIEsDgKhEREREREREREVECGFwlIiIiIiIiIiIiSgCDq0REREREREREREQJYHCViIiIiIiIiIiIKAEMrhIRERERERERERElgMFVIiIiIiIiIiIiogQwuEpERERERERERESUAAZXiYiIiIiIiIiIiBLA4CoRERERERERERFRAhhcJSIiIiIiIiIiIkoAg6tERERERERERERECWBwlYiIiIiIiIiIiCgBDK4SERERERERERERJYDBVSIiIiIiIiIiIqIEMLhKRERERERERERElAAGV4mIiIiIiIiIiIgSwOAqERERERERERERUQIYXCUiIiIiIiIiIiJKAIOrRERERERERERERAnQprsDqXb2rWdh7Qr//ur6fXhmaYo7MXIUzdv2o7/saex6cQ0KUzy7qRo5+gq27u9XfC94fUnTlj3dhIY1KViykHV3Fm8+uwddWA3Lvo1I/qZLdfuBUr7+MIKjr2zDW7LNmcg+n/p+hswwq46ZmUI6n07LeTOlpvc4JyIKFv76tAwbm17EdHzVhp4Lc+0aKMWka5Uwb2f/dyURERHFipmrFJeuPc+i+ejI1BsaOYrmV44iCS1NtSM4+sorSMYiZZ7QwCogbMM3z6anR1N19q3s7TsREVF0/XhrW65el8wsXXtyYDtmzPU6ERFRZsv5zFUJfz2OX3AmgZRh0L//9zi7RshoKFzzIl5fE2fDZ9/Cj/d0AWVPR5+2cA0a9sU7g5g7ImZolGGj77WleGbfPjyTojlOq5FPcawfgCwDRcqU6Xr/LJ5ZmsEHRMh29weKVz+Wtl4RERElVeD1qfRd149jn45gzbRnc+bQNdB0UhhlI1xvpWs7Jkk81+tEREQz3IwJrkYjBZ3Knn4ai/fvhzBSSxyaBdmwn6ALKP8w2Xpgzx5II7xiCeaGDL9fXY/XNy6V3lQYFi1ddMuHjAVnJyoM5ZIujkSJDr8qXPMiLBeehbWrCyfPbsTSpWGGdCkMk/KtD3lf+vdj67P7hffm+5d34+L9eKsLwrr+EfBP4YaHByxX4DA6xX5J06+ux+sbIQZWASFL5Fm8FfB60HoMWaYw75c9jV0/uICtYfoV3pXA7ejbF5S2ebxD6fzba+nGfXh9o/w9pSGAyvOM3M/Y2/IfM01Y/OswbQXs/8vxqWyeXXueRRfLBWS4s7LjC4o3nvLzX9nTTfgb/LPCPh25nZj2JYV2VtfXJ3VpiYiSoxDLK8qA/n70X7gCIOj6RRT83Z+8c2Ho93hiba+GZd9jOJm0EgPRr3VDyyzIpgm4/gu+ZpFf60T/7orV/PvLAARtx1jaD9jWq2GpB6zyviveHyiXcwi+zwi5NwnarwKuWcNdry9VWNe8JiMiIsqe4KrrNVPcn9E9Z/f9f9eeZ9EVMkXoxVn/fnkATQy6IWAC/NPR5SEBra49e4L+fhaIEGBVrLXVtQc/Pi9eoBQux6oyoL+/B5+OrBEudKRMxLIKLFcMrAJAF6zPIvSCMmARtqEZiQVYpYvF88MjwFKFz4epP9W15xUsbnoRUXNQ+/f7l2dxMQoxHGbCLlgDVnk/3tr2FopTUSNMYR0K6/l8aPCxfz+2Bvfrn49ieZSLzv79ewLXWdceNN8vbCPpRsuf/TCCT3v6AZRh1fIIrfr2IWn/n3odt0j9jFfXnm3BL+DNx2LPMJ98zQRX3HOdmeTnQmDq59PIgm4eAeG4eAW+m6/gG77+/dvwT2VlcbcjibwvhbYTfL5OZH0Q0cyU2vOp9P0OlN0/X3gpjuu4qZ4LI4mv7S5YXzmP4LN6YqJf644cfUWhfm0XrG89JgQklz6G1ehCV9f7OLtxqXh9/L7Q39U/UA6sAmG/c2Lpc8h2jKX9kaNoDtjWwde6cfRA4fkJAfcmite20a+lFe9f+vdj61vFeH3jUn6fUlxiv7YkIsp8WRNcnTbSr6+yIKGUIeAbFh/wK3TQ5yAbev3ro/iu0gXZyFH8q3hh4v8VWbzo6t+P351dg2eWhgbVRj7tEfpTsVxo8+zvhYtN2byFPnbhX49+Bw1rgKO/7lKej2xofyIU10GY9RGgcCNer4dvmJH/gtI/ScAv6yPhgqvyzA3pwlta7lgugZfimX31gELWQqAR3zqUZzxIw73e+v1ZrNkYuBZDsnT7LyDK2oJShoWv/MLyCpShH/09n2JkzRoUhgTZwynEmhfrcT44Q3dKWSQR+hlvU77t779xUg7aF2LNi02AVBZAXL+u1xJaAEqxkaO/Fm9Yg48X6dwmu+n0HcPCeak/rnZkE0fal6QbaNm+G+mhfURE00n5x3/px9OR+K7jUnkuTKTtZJxmo17rFoaWqJKuv84PYwRLUYileHw10CUbeXX2fbHHj4njbOL5zgkmZnaGWo0fiteksbR/9vdickLI6KW4Vxp+t1/4Ed53fSve14Tcm4RkIIuWKl+vn31f+hjLrREREcllXXA10V+4Yr0I8AUuC4uxGEC/LDuwsFh4RbH9H/gvVJZ+52mUde1Hf7ig2pULvosnf5+W4rtPl6Frf7+vHmZhQFBteUi24sjweeGjChd1QvATOC8fSh0wxXmESz6dEl+2pKxPcQ0XWo3HY7pY81+whh1GlxRXxHW4GhbZxadvG8uzIMR++fovZUrEMJeyp7/jb8P3OWkbBWYxLw8Oskck1k8LyFDogvWV+xMawhW5n3G25eu/f/vFg792RxctgyQV6/DKBd9JBz8O2vmFG3H/MeU/hv3nv9jb8e9wkfYl6Twp33cL1/wAq/f7M4i4LxFRNNN3PpX/AHolruu4qZ4LI0ll25FEv9aVrQDFbEyBdN0mXGMDJ4VIp++aLZ7vnJgEBS2jtw9IiyoFfIFCrPnBarwVZpnCGhmG0JTSCDzx3sSXzSvrT7hAq8zSx1YDXV0B+6P8HovfpxQLZjgTUS5Sp7sDmW8xitNVREgMqqG/B5+ejTVbMbWki0P/MKdghVjz4j68vq8JG6XxYP37sfXZGJ/yXnY/wrWcCCnIDMgu0FMpyf0XiDcy6MexT8/GVhIg2NKNeH3fPrxev1r4W7y49hNu0gT+m7nExNbW4rQdWJRruC8RUbZaXb9P+H72/Ut8VFEqz4WZfJ4dOfoKfvzss2ge/k7gtY6cdE3d9T7O+koCPJacUlJlT2PXvqBr3673Q8ZCJZX8Os4XTI2H8OP76/vq4VtbXXvw42dfwdGRSB/bGLKOu/Y8ix+/chSRPkZERJTrsi5zNVPJh9lIw/fDBtrm348yAP1B9ap+J2ZtyX+xlrID3tojBjVl2Yq+TNqwmaEjWCzE5JIzfOfsW2KdJXnGWThCkHUN/MPOfE+ol5Z/Sp2RlwBQqm0l8g0J80/jN9+3fsKTppHV7oJ86FZyLswDhtb7htf5A/u+LGap5mkMQXbfcD95JkLYdd+P81ICiG/+8fcznrbiU4gIieOUQaS6zJEyYKRjyn8M+89/8bQTC+k8Kd93fcMziYgy2vykXcel8lw4HW2Hv9b1D4EPGdkV2JJ4TS3VMS3Dxu/4V2hyvnPkZYwCRwnF0r60qL7rZXlpqhD+zGXffYevG/7Rd9Fr7YsjnOAveeWr8R/pen3pRry+byP8Zc1kz4ggIiKagWZMcFW5phWmfOPuozBcSV4qIEDhGvxw9X6hLmtwv8qexndl3fEF1YQ3A7MVl34HG8u68JbSvOv34Zml/uFESvOJNiy8f/82/FihhFTA0PBgEYZk+YPGvhn4nz6aQLpnaP/8QV/fxXjYOlgBLQnDplbX4/WNwe/JhmSFDOUKvDCfmi5Ynw1cbwHrWfZwKiC2kgC+fUdhCJo/KOy/cQt7jMTcz3jbSkzXnmfRxSfTplXEBwRKQ0GVjpemF7GmUFbGQ3YMl5UFDjMtjNpOjJ31la8I3XeJiDLb1K7jAqTyXKjUdllZzD+kK19viuf6qNe60rWHwhD4IAHX1EE/UiftOweFWPOjp3Fs2370yx6CG0v7/pJTCtdtvualwGmk5fWX2gmZRrzvCV9vV2FklO96vQmLfx2mBmyaR9YRERGlG8sCJMnqetlQIETPMFi6cR92PR30HNXV9Xg9+EK5cA1+KI28CblwEX4h3xjSjGzeSzeGDo9KODBVho1N+yI/MGrpRrze9HTIE2LLnm7y90kamiU6P5zIQKLVsAQsV9BDmpZuDFq/wdMD/uH2vo4oD2lSXKbVsOyL52I7srKn6wO2o/9BP/6+rvmBb0eIrSRA4Ro0yId7SQJ+UBAeeiWfJrgvsfczvrbitfQxWcshZQ0ocwgPiwvc7wJvTgvXvBhwfJY93YS/qYi/nUT7s7pe4bggIspESbuOS+W5MLjt1bC8+AMsTkrb0a51hWCm7BsFG5vE6ft78Kn8wk52TR36I3WyvnOE+fyN+B3Xv/+fxWH2MbRfuAYNwde2IdeuS/FM0DWp0nYM/p4VJ/Rd/xWueVGxfMLqenl/gq/XgTUv7oMl9MISFv7gTUREM5zK6/V6U9Fwf38/FhQXJ609qfB1phVKF4bQpPapmdI8QgNuNKNIWcHM2qQYhTtvpvd8Knv6scITkXmeI6JMlJnn0wzhG7UkCxb6Xgv68ZviI63HZI20I8oAPG8SUSpcGh4WRkOmgMViiTrNjCkLkLVGjuJfu4C4H2BEOcZfdyuWkgBEmUv2pGmF4ZE8zxERZRlfWQClYehJemgUERERUQZjcDWDSRmrQNAwHZpZ5HVsV9czq4+S5tMzZ5La3vJly2KarnDNi7Bc8J/fBAkOvyQiygA3v/wy3V1Io0X4/rZq/KnpEAblL1dsgfX7i2b4upmiOy7hv647XI+UM/LT3QEiohRgcHWKlm7cp/AQpMxvm7KI74msRMkXa0A0mngDtTy/ERHlkIJVeN66Kt29yD1L1sNqXZ/uXhAREVEUDK4SEc1wt9//qyl9fvZj/56knhARERERERFlF3W6O0BERERERERERESUjRhcJSIiIiIiIiIiIkoAg6tERERERERERERECWBwlYiIkqQXLbW12NTSG/Cq074j5DXFT7fUotHuTFXnpm0e4pzQUlsLpcVOtA9O+w5sqq31/YupDacdjbUtiL72Y+6Ev71kt01ERERERJSF+EArIiIKEe4hVTE9/KqzHYertmNdUZI7lQTldTY0prsTCXDad6C+tQRbbdtRDkAI3lrQCCsaTdO4ootMaLRN3+yIiIiIiIgyHYOrREQUIqYgqiIDTEag9TU7vrbdBMWwX28LNjV3ipObsWe7CbDvwK5OAAgTMJR/BoCpwYa6cgjZk5ZWOMR5m61iUDfM670ttXi7VGq/Fy21zbADgNEIU+cgSqzbsW6kBZvaARM6YXcEtQuhjV2+7sv76sThHRa0OsT2FBbdqbCc4dvzGxlwAMYaMbAKAOWoMhtQ330aTpMJIwHLJfRjsMaGukJh6iH7DuxqdQQuS28LNrWXYo+4nZz2HagfqEFbXbmwnmAEOjuFdShupyKnHY2WATxlW4nj4vrdVQtstdUBsuWAsQFtdeUgIiIiIiLKdSwLQERESVVS9RzMaEWH0nhxpx2NzZ0wNdjQZrPCjFbUt/SiyLQdW41hgotOOxqbB2G22tBms2GP2QB7ux1OOHH4tVaUNgivtzWUoLWjFwj7eqDelmbYjQ1Cm6WDQpBV4ugEasQ+Ghy+zzvtO7Br0Iw9NhvarGag1eIb+t/bYkErxPdWIrA9UfByCsFWI7YqtCdXvtIIdDZj0w47nLK22sIFsAN0onWgRlx3QuA7lqIEjk7gKbFfBkfw9ixHndUMA4zYaqtDeW+Lf73YrDAPtuPwdFRfICIiIiIiSjMGV4mIKMmKsK7GCHuzQj3OkQE4DGZUlfunQ+fxyHU7i0xotPkzR4sWlChPV16nnC2p+HovjncaYBY6giJTTVCmqRErxT5+rdIgvubEx90OGCofEQKaRSY8ZQQGLjkBODE0CJhqxGBneRXMBkQ1MuCAwVwlZKSK7dmPK0VX6/zBaKnu6o7YgqRA0HI6uvFxLB80rhT79QgqY1gWvyKs256ZZSGIiIiIiIiSjWUBaEZTq9VQqVS443JDpVJBp9UiT6eBSqXyTTMx6Ybb7cHEpAcutxtujxderxdeL+D2eHB/4Vfinq/XfQte9yQ80ACqPHi8Xng9Hni93mQuHlH6lNdhq7EWb9ur8BPZy85LgwBK/S8UlsKAgajNyYfOAwAMZghBvAbhIVoAIGVRhn1AepS9AAAgAElEQVQ9oCMYABAmTAsYSlEY5i1HqwWbWmUvGEcAAIOOqIsRRAjIBq4OA8KvjiKs227DOvGv3pZa1LcsiGH4fQkWJhDoNJSGWwMKyuuwp3IH6muFFROuvAEREREREVGuYXCVcp9KBbVKBbVaDQ9U8Hi90Go0mHR7cPnGbQxduYnhq1/i1pgLEy43JiaFf2MTkzE1X//Dlbj12cuYGHkv5i6p8wqhyV8EzewSqGcthmbOn0E7axHU+UWAZwIezwQ8HhW80MHDoCtlqfIqM2B5DR1G/2shWacjA4gak+xtEYfOiwHSXqEmqjgX1NlsqJNe32EXa4gqvy7riDymGRdfvdcATpQYgMG4WirCwpDVobQ2nDi84zXgucBs0PKVRqD9EpwI7sxIUKB3EENOoLwIEYPKyvOOXZFpO9pMUn8taFmgtJ6IiIiIiIhyC4OrlHNUKhXUGg3cXkCr0UCtUuHG7XEMX72OS6Nfwnn9Nr649iUmXO6kzS/e2KdnfASe8RG4rn8U8p46fwE0+QuhmV0CzewHoJm7BJrZD8LjcQEqPTxeNbweDzweT1L6TzT7sX9PTcNFJvzE3I36VgcgBVgLS8X6nSbUlTtxuL0TMDagHIhcGsBH/AzMEB5I1S48hEoKOpYsQFHY14ERXzvlWGl0YFdHL9bVlcNpb4ddbDXCAuFrlQa0tttRtd0kzqcZA2KWZsB7vR1odUDxoVZyhaUGOFo70GuqQ7nTjrc7AVNDcESyCF+rBOoDHhImroeSBt9yOcSHWxX1Hocd8nk70H3aiXWmIjhPd8NhqMRP/B/Cx04T1hX14ngn/NspTvKHYQkMKIkj8ZWIiIiIiChbMbhKWU+tVkOt0cALFbwArn05hgsjVzF89UtcvnYbozfvZFXmp2fsEjxjl+C69oHsVTW0c5dAd883oSv4X6Cbt1QItHrc8Li9cLvdWbWMlDk+PXMmpe0XmZ6DuduCVv8LaGwYwKbmWuGBTwYz9ogBOSHQaEEjgoaUl1fBbLBgV20nAAPMDWYYmgcwAhPqGkqwyVIrtm/EVpvQVrjX5crrGmCqbcamTsBgNsOE7hiWZzu2DtT6hr/D2IA2sa/SstbXtgIGM8xG5UzWwOUU2hOWTRhOr5TtWWTajj3wD7v3zVucWFqW+tpWwGiGOSCL1ohKvIZNtQ5xXUh1YYXSDbsstWiFEWZzpJIESitjAUrRil21wFbbczDvsGBTLXzL0ciqAEQyozj2ahMOoRrbnl+FAvlbfQdh2Qtssa7HkkRaPvYqmg4pnW1KUL3teawqUHgrLfpwUFhQrE9kQaeJtD4rktzPvoMW7MUWWNcvCfj/mPpz8vHQ/SbG94mIiCj1VN4URWT6+/uxoLg4ae25XhNycHTPKT1/mWYajVYLtUYDjVqN67fG0HdxFB86hnHj9vi098VSXYGbZ16C60rsZQGmTKWF7ivLoL37G9DP/wtoZpfB45mA16uG2+1lVisBCH/e5PlUQW8LNjUjtDYrERGin0/Han8TpQUxuDoIlFRvw/PyiGcygqtDT4QE6oQg4aKE202+bAiu9uGg5V2gAui5mLqAJYOrNJPl274HgNehRJRcl4aHUVZWlpK2h4aGok7DzFXKGhqtFiqVGmq1GiPXb+HTwRH0nh/BnXFXurs2/byTcF3/GK7rH+POQCtU6nxo73oEuntWQD//L6DKL4THA3jcHrjdySl/QJRbhLqgrb4yowaYrdsZWCWilKqoqEDPoTYceyhyRmlgNmpFQgHSglVPoOLQXpzqW48lvg8LAc4eX4eCAnyjx/Bq0yFf5ntgIDjwswHvjR7Dq23A44sO4VCPv92A5aioQEVAD6P0JVjfQVj29shekK2XMPMP/kzUbNS+U+gpeRzbTMDFppP4bHSVbzspBUQDA9v+ALpEvo4iBVT7DloQuGjB0w3B/qoFPdKqjLgcca5XIiIimjIGVymjabRaeLyARqPBhZEbON1/Gf3DV+FyMzNTzusZg+vqSbiunsTtc/8Ite4e6Bd8D7MWfg+6WffA4/ZgcnKSGa0UINklAZYvW5bU9lKrCOu227Au3d0gopnl0fXYAgv2th3DQ5EyEQ8twhbr81gi/W05mIQMVH/mqFWISOLYq0149ZgUAOzDwaZDWLTFiueXSNM34eC9VqxfInz2YvU2WKVpLU14FbIA6+AhnHx8G6zWAsXlEIKLEAOsozj2qry94L4Ed/0gLHsvonqbVQx2Cv3Ze/BRf+AwaP7+jGCrPwDb9CqORSiV0HeqByWPb0NBAfB4ySGc/GwUq8SJlzxaAew9hb71S8TtMIrPTg6i4glZYHXRFlifXyJb/uiB9L6DFuy9WI1tVnF/6DsIy969OPioLIA62COsq+cLxOWw4KBigDXaNiYiIqJUYHCVMo5KrYbbq4JKrcLZi1fx2fkRnHfegIc1RWPmcV3F2OAbGBt8A9q5X0Xeog3QF1YCKj3cbi/ck5Os0UoAkhcQTXXtViKiXLFk/RZUWPai7dhDCgGvPtgPDaJiy/O+QGrBqk2oPtmEd4+Z4gqQjR57Fz2owJYlsr8rtohBNwAowKpN1TjZZEffqvUoOPYuekqqsc33/hKst1r9ny2pxjbf/Jdg/ZYKWPYKnxU+UoLHH5LeFwKPJdWbfMuxZP0WVPTsDdPbAqx63opV4RZmyXqIXfHN/9EKoCdgosD5H3u3BxVbrP6AdMEqbKo+iSZ7H1YpZXKOHsO7PSV4fJvQxqonKnBIvnxLHkUFZJnAo5/h5GAFnlii3P+Chx5HCU6GWyLZolkRuGiPoiJoyVBSjU3Sui9YhScqDmHvqT6sXxK4HNG2MfNXiYiIUoPBVcoIarUaXpUGep0Gg84b+OCPl9A/fDXd3coJk19+jsmzTbj1uQ76+auQv2g98r6yHB73BCbdKnhYNmDG+92gekqf/24JM6KJiGInBSbFrEb5W6OXcREleDwghlqAexdFabJnLyw9wS8GlhMYHRoMO53v/UVPKGfTKr1XsBAlCFeDbBTCR+SfKMDCEoifKBCDl02wHAJQovCgL8VmA8sWBNUZCJl/z15LcJgy7GdGPzuJwYon8LwvfhwUTBUDulJQU5o+OGAZOMS/BI9HWybfogU+mCygm4vuDVg3BQtLgJOXMRo092jbmIiIiFKDwVVKK41GAw/U0Gg1ODPgxPt/HMLozTvp7lZu8rowMXIUEyNHodYXIO/ev4R+wX+DPu8eTLpVmJycTHcPiYiIZoYl67GlQiwP8EQS2pPX1RQDkKg2hWYqRqi/2ZeEbsRlyXpYret9/W2yHArfP1lQtUIsWyCVGYgkao1VHyFjGFAITL57DCYx8OsvDVCAy76SAGILUlC1RBziP3oMrzZFz1z1B1UrxBIK4tD+RLHGKhER0bRjcJXSQqPRQqXRYGLSjf/qu4SPzg3jzgSDe9PFMzGKOxd+hTsXfgXd3d/ArNI65M97CJNuDyZdzGQlIiJKNV95gHdLAIipqQX3YhEGMTQK+FMVR3H5IoCFMTZcsArPbxmCZa9UL1V8WZbtqJQhGul9xfdGhzCIcIQs1ZOXR4El/qH6Q0ofKFiF562rxFqj8pqmfkKWaDxBQ6X5R9B3SiihEFzXtu8gLHtlD7aSslmPLcRFX0kAAOjDqZ4SVEeo56pMrNsaLQh8MXDdyzOJR2WTRdvGRERElBpTGwtKFAeVSgWtVgt9fj6u33HhPz48h33//gGOf3aBgdU0cl37EDc++lvc+Oin8N78L+Tn66HTqqBSqdLdNSIiohwmlAcYHBwMeM1UXYKevQd9maSjx9pwaLACT8QTtVuyHlsqgJ69r+KYGH0rWPUEKgYPoe2YPxw3euxVWF49hlHZ+3ZfCusojr1qwavHRhU+24eDe3tQopQdK8wNq56owOAhu285+g7KnmAva1vSd6oHqHg0fF3Qi5d9gcTRY6/Kht5Hmn8b/LMInWfUeS8xobpkECc/kz4j1no9dAiDJQuDAphiUFxoEQfl5QuiuHjZt2Q49ure0FIG8u3SdxB7e0pQbQpdU9G2MREREaUGM1cp5dRqNaDWQKvVoH/4Gk5+PoSLIzfS3S0KMnnzLG5+8iI0sxZjVulm6Oevgdvtgtut4sOviIiIUmHJemyp6AkIFBaseh7b8CqaLBbxFYWMypia3obqi0041HQQ91rXYwmWYP22arzaJNY5BYJqnUrvWyDNGRVbYF1VAKAA661bcNDi/2xJdZQn0C9Zj23V/uUoqa5GBaQZSw9aCu5LmFCt+FCvJmniii3YVv0umg4pZ7oGzL/JAv8sFPo8egzv9gAVW5RaKcBDj5fg0CH/A6GWPFoB9PSg5PGHZMFVqY6uVOO1BNXbtqCiaS9OfjaKVWHXU+h6qNiyDdXvNuGQ/IFVFdVY+K4FlkFpGmuYDNlo25iIiIhSQeVNUdSkv78fC4qLk9ae6zUTAED3nD1pbVJqqVQqqLU6qFQqnDo3jP/qG8aN2+Pp7lbSWaorcPPMS3BdeS/dXUkqdV4RZi3eiLziJ+CedGHSo4bXwwcXZZNw503p9c/X/gOWL1um+ECrcA+pCjftp2fOYPmyZb7XeltqsWvQjD3bTSgK18HeFmxqBrba6lAew/JI7b5dakWjKWyrgNOORssAnorQrtO+A/UDNWiri3XOCp/rbcGm9tLIy0hEOSHa+XSs9jfT3iciomyUb/seAN7XE1FyXRoeRllZWUraHhoK9wBPP2auUkpotTqotRp88qfL6Do9gHHW8cw6nnEnbvX9n7j9p/8b+fdvQP7C9fB6PJhwawBmslIkTjveHjTChG587DRhXRIjj+V1NjRGm6jIhEZb8uYZoTNo2z4N8yEiIiIiIqKMxeAqJZVGo4Faq8Pla1/ityf7cPXLsXR3iabIO3kDd/70Lxi78DZmlf5vyC+uwuSkC5Nu1mTNZUoZqrFynu4GKp9DFV5DfUcv1smzQ512NFpa4QBgMhr9r4tZoOaSVrR2AoARW62leFuc1mAWslX9mavA4R0WDJYYYe/sFNowNggZpfLMVdn8AAPM1u1YN9KC+lYHgGZsQgPaqi6h0dINGBxwOIzYaqtDoX2HOE2Ez608HpC52ttSi11iV6T+As7w/SQiIiIiIqKsxwdaUVKo1GpodXpMeFT49xN/xP7OTxhYzTHeyS9x2/FLXP+v/x0YH0SeHlBreAqhYE583A1UPlKEIlMNTJ3H0et7rxctllbAbEWbzYaV6Az8qKMVgyttaLNZYTZ0YpdlAE/ZbGhrMMLR2iFrx88+WIo94jTobMdhZ2BfDr/WitIGG9psNrQ1lKC1oxcor8MesyEoyOlAaY0NbbY6lPe2oL61BFttwue2Gh0RPifOyb4DuzqNwmesZqDVghZZhyP3k4iIiIiIiLIVIyM0ZRqdDlqdHifODuGffvshPr94Jd1dohRy3z6HG6e24HafFTr1GPRaL1QqZrGSyHka3ajE14oAoBwrjZ04LgUZnZcwACOeEuullleZYQj4sBErywGgCAtLAIO5SqiZWlgaNJ2fofIRod5p+UqYovWtvC5CxqgBJYWy6WT1WgtLw83db2TA4e9vkQlPGQH7cX90Na5+EhERERERUdZgWQBKmFarhVqjxbnhq7Cf6sfNOxPp7hJNo/HLhzFx5RhmlWxG3sIfwjM5CZbWJefpbjgcDtTXtspe7UVdeTkwMgBH2E8CMJSiMNL7CkoXRCroWoR12xvQUluLTQAAY4SHZ5Vgoa8pYSh/q7yzRoWP+DgxNAig1P9KYakBGIi1n0RERERERJStGFyluKk1GqjVGnw57sJvT57F0JWb6e4SpYnXfQe3+/8vjA2/i7lf/T+QN/ermJxUwe1mlHVm6kVHqwOmBhv8CaK9aKltx+Gq7VhXWAqDPOI4LcpRZ7OhDhDquu6wY8/2yLmjTvtraIUZe2xCLVWnfQfqI3ZbyLSVGxmIGEYmIiIiIiKiHMHgKsVFrdECKjWOnB7Ex/3DfGg8AQA8d87jxkc/g76wEnOW/B00+tlwubzwcgfJCt8t8SSnod7jsMOIrQGpoYUoMTjQfdqJdaZHUGloxdv2KuHhVB2tcEROCZ1qh9BS244S63askxJHSxYIAdM42uhodUTJXBUyVR2tHeg1CQ/RersTMDWUxzUnIiIiIiIiyj4MrlJMVCoV1Fodvrh6C/92/CzGJibT3SXKQBMj3XCNnsTsP/s75BV9G5OTbkxOcl/JZJ+eOZO0tnqPdwLGhqBh90X4WqUBrWLgcd1zZnRbLNjUChjMZphSmslajrqGEmyy1EIoUmDEVpvQu6IFJUBrMzahAW1VgZ8qMtXA1NosljYwYmuDEfb2S3CiPPBzK+Wf2Y6tA7XYVSs8pMtgtiJseVciIiIiIiLKGSpvilLL+vv7saC4OGntuV4ThnHqnrMnrU2KjUqtgU6nQ0/vBRz/7EK6u5NxLNUVuHnmJbiuvJfurmQUfeFazFnaAI9XBReD8WkR7rzJ8ykRUXyinU/Han8z7X0iIspG+bbvAeB1KBEl16XhYZSVlaWk7aGhoajTqFMyZ8oZKq0OHqjwq6OfMLBKcZkYOYLr79cC40PIy9NCpebphoiIiIiIiIhyC8sCkCKVSgWNTo+hKzfxm+NnMc7HwFMCPONf4PqHP8LssmeRt/CHmJx0w80yARkjmSUBAGD5smVJbY+IiIiIiIgo0zG4SiHUWi00Gg2OnbmAE2cvprs7lO28k7h97h8xMfoHzFu2Axq9DhMsE5AxkhUQTXagloiIiIiIiCgbMLhKATQ6PSY9Xhw8+ikujX6Z7u5QDpm89j6unXwG85b9HPlz/wzjEx6kqOQzxemTDRum9PmHDxxIUk+IiLLTvLlz090FIqKs4Ep3B4iIUoBFEAmAUAZAq8/DpdEv8S+/+5CBVUoJr+sqbnz0t7gzaENenhYaLX/fISIiIiIiIqLsxcgGQaPRQqPTovuTQbz/efSnoBFNjRd3zr+FiasnMe/h/wG1fg5cE/wNm4iIiIiIiIiyDzNXZzi1VguXF3jLfpqBVZpW7i8/x/X3a4GJL6DXadLdHSIiIiIiIiKiuDG4OoOpNFrcGnej5T9O4fK1W+nuDs1A3skbuP7hj+C50w+9non0OaO3BZtqa33/Gu3OwPd22OGEE4d31KKldyqzCWo78F20yPqwqbYFU5hVnPMmIiIiIiKimYLRjBlKpdHixh0X3j76CcZd7nR3h2YyzxhufPQTzFvejLy7HsX4+GS6e0QI/5CqqA+/6m3BpuZBmK02rCsCACcO77CgEVY0mopkExZh3XZbsrob3Am01DZjwGxFmzhPp30H6mtbsNVWh/IkzKG8zobGJLRDRERERERE2Y3B1RlIpdHi2q0J/OroJ5h0e9LdHSLA68bNT/475izdirzCtZiYcMPr9aa7VzNa1CCqIicOt3fCYLaKgVUAKMK658zotnSg1yQPbApB18EaG+rKATjtaLS0wgEAMPqCoL0ttXgbRqCzU3jPYMae7SbAvgO7OgFAIXDrvIQBGFD5iP+1IlMNTK3NON5bh/Jo8xs0wOFwwLC+Gjg4iqd8AdletNS2o8S6HQs7avF2qX++vS21Yn8AU4O4TOIytjoiv24wBweeiYiIiIiIKFuwLMAMo9bpMfrlOH51hIFVyjy3zu7C2IW3oddroVKp0t0dipfzNLodgUFNAECRCY0RM0Z70WJpRWmDDW02G7YaO7Frhx3SoHtHJ/CUzYY2qxkGRys6eoEi03ZsNYYJTBY9gkqDA60WedmBctTZpOBmlPmhEntsNjR+bxUqDZ04LrXRexx2QyW+FjQ7p30HdqEBbWIfB5qFEgS9LRa0loivNxhhb96Bw07AaX/N/7qtAaWtHUktWUBERERERETTh8HVGUSt0+OLq7fw9tFPMOlhYJUy052Bf8Htc/+AvDwd1GqeorJPCRbGm4TZexx2GLFSjL6WV5lhcAxgRHrfuFIIzBY9gkpDLA0KJQeEgKa/7mqLPEgaaX4lC1AktrOwBLCL0dXe450wVD6CwMVz4uNuB0xSY75Aci+Od8L/enkVzAYHBkcQpBx1SSpVQERERERERNOPZQFmCI1Oj/POG/i3nrPwcLg1ZbjxS/8Gz8Q1zCt/CS6XG2436wJnj0EMOYHyuEe5d2JXbafsbwOGnMBCAIbSwsS6Ul6HNlud8P9OOxotO3DYuh3r4phf+Uoj0H4JTgDHOw2otAYv2AgGHeG7YG+uhV0+l0tOIeu2pRabaoXX/OUCiIiIiIiIKNswuDoDaHR6/OmLa/jN8c/T3RWimLmuHMXkzfXQfeVheCcm4GGANfMVPYJKQyu6TzuxLmCofi9aao9jZaQMTbGWanDoMqHh8r0t2HR8JdrkEUuxb77M0VjnV74SJkc7Pu6txIChElUhQeNClBiAQcWOGGC2bpfVn5U1W2dDW50wx5ZaMejLsqtERERERERZh8HVHKZSqaDR6dE3NIp3T/wx3d0hisu8ZTuhmbccZ6+48dX5erjGx+FhOYuUePjAgSS1VIR1NUa0Nr+Gw49IwUInDu9oht3YgLpwHytfCZOjGR29JtSVCzVM61tLsNUW9hORla+EqbkZLStlGaG9HWh1GGAuBFAUz/zKsdLowK5mBwxma0gwViod0Hq8F3Xl5WKGbDcqrduFz3X0Yl1due8BWqUNNqw8HvgwrIRKKRAREREREVFGYHA1R0mB1TODTvy/H55Ld3eI4jKvvBHagr/A8YuT+OKWBzfGPXhsYR4mxsbgZVmLpPr0zJnkNlheh7aGFmyy1KJVes3YEJhFGvoh1FnNaLTUYhMAIeNTyHKNlLlaWGqAo9WCRgQ/1KocdbYGtNRK7UltSgHf+OZXvtIIdA6GPqjLt8hWmHdYAob5rysCEPS6wWwVgr3lDSittWBTq396VgUgIiIiIiLKTipviiIV/f39WFBcnLT2XK+ZAAC65+xRpiQA0OrzcLr/Muwf9ae7KznPUl2Bm2deguvKe+nuSk6YV94I7fzVvsCq5MF7NHi4SAvXOAOssQp33uT5lIgoPjyfEhElB8+bRJQKl4aHUVZWlpK2h4aGok7DR3HnIJVWhz9eHGVglbJOuMAqAJy76kb/NTe0en2aekdEREREREREFIhlAXKMSqPF6M07+N37fenuClFcIgVWJacvT2KWTofiOfmYGBub5h7mnmSXBFi+bFlS2yMiIiIiIiLKdAyu5hCVRoNJD3DovV54OGyaskgsgVXJiYsuVJbocHdeHlzj49PUw9yVrIBo0mu3EhEREREREWUBBldzhFqthlqjxf9z9DTGXe50d4eSphrzKn4KHU7hVs/fQQgl/j3uqvwuNOIUnmv/gGunD/mn1QK4/TuMfvALYYKvvoGCeWf8f2eYeAKrkv/vvAvGB/SYrdfDNTGR4h7mvpp/e2pKn2///ttJ6gkRERERERFRdmHN1RygUqmg0enRceKPuHLjdrq7Q0nz97irUgyWysz55nehwSDGu424de1LqO82Y95CAF/9nhCEdZyCZ/ZfCK+hGvPmF8B1KXcCqwDg8QJdAxOY8Kqh0+lS2EMiIiIiIiIiovAYXM0Baq0OJ85ehGNoNN1doaQJzE6Vu/WBEaPdm3Er6PW8vALhf4aG4SsK8dXvQTfxHm5Gf7jdtEs0sCpxeYCjf5qAR62FRqO0poiIiIiIiIiIUotlAbKcWqfHhZGbOHbmfLq7MnXffBSWB2Zh9E89aPlAeOkbqx+HsUi2m05cR+c7Z/ChOC0wifMfnUR7HwAUo+bJxUCv9HeWmzyFWz3DyA8TZJ3zzU7kzR7EuBRonTuKOXMBLCyGCoAva3Ug87JWpxpYlYy5gffOu7CmRA+PZwxe1homIiIiIiIiomnE4GoWU2s0uDPuwm96zqa7K1MWEkQVFeVr/QFV36vFqFkoBGGH5lfg4QcNQJ8D+GYxFo+PwpoLgVX8Atd7AODvkR9milsfGHHrq2+goLIT2i+MuP75b+Cq+CnmGADc/h2uzf0eCibewyj+J+6ufBRqAO4vjLj++bQthKJkBVYl18c8+OTyJJYV6jE5wQdcEREREREREdH0YXA1S6nVaqjUWrzddQqTnqkHqNIpXGAVKMZdeQDGx2WBVQCYgzl64f+cY5MQoo/FqFmow/leR4p7m2E+PwP3fSXQzPt7AL/AzZ5D4hvVmFfxF3AN/AJzFnQC1/4Bt2DGnPn/E3mQHow1/ZIdWJWcu+bGwnka3JWnh5sPuEqKcA+pivzwq1601DbDHvK6AWbrdqwrSqQnThzeYcFgjQ115Yl8Pp5Z2dFoGcBTtjqkelZERERERESUGxhczUIqlQpqrQ4Hu8/g5u3cyNQb/VMPPpoTHGQVg6j6e2Gpvhf+EgC3cGsCmAMxsxXIsazVOIglADwTQQsu1lodHarGvFIAE8D4uFg2IE1SFViV/GHIhb98UA+NRgO325309meayEHUyEwNyQyEFmHddluyGosyKxMap2lWRERERERElBsYXM02KhW0+jwcPnUOF6/cTHdvkuLDrpP4EMA3Vge98c15KADEGqzFqHmyDIu//ii+03cK7UPFsDxQgQJM4vxHt1BTXoDzvQ585y8r8PA8KJQSSB2v1yvWOJ0O1ZhX8VPocAq3ev4OmL8EanwJ15VDgdPIaq16Jn4KDaQHXqXnoWepDqwCgMvtxbHzLlSW6ODxeFh/NROJmaGlxk7YO4WX5IFYp30H6lsdAAwwGQE7atBWV+jPXC2M/PnellrsEl83mK1oNEmpskL2a6sj6DNOOxot3YDBAYfDiK3WUrwtZq6ipRZvwwh0dsIhNIg9200QWpRl6BqNMHUOoiThzFwiIiIiIiLKZup0d4Dio9OooFGrUL54BtzFf3AK1kPSw62G0Xd9EoAOdy3xv2c9dBLtdwlZq+1YhiXz7uCTQ5cxqr8LX/9merufGodwc+AUPAcgExMAACAASURBVNpHMaeyE3Pungv3F0/i5pBsEjFrVXrt1qVTwN0/Faa9Mv0lAaYjsCq5OubB51fc0OrzUjofmopODJRa0WazYasRsLfb4QQApx3/2AqYrTa02WqAznAlPpQ/77TvwK5BM/bYbGizmoFWC1p6hU/0tljQWtKANpsNbQ1G2Jt34LBTas+B0hob2hRKATg6gafE9gyOVnT42muG3Si0t6d0UKEMAhEREREREc0UzFzNImq1Gh73bQyebkPZN/4af/v9FfjVkU/gvH473V1LI1mt1bseFR/+5C8bMB1UKhVSlyP5C1zv/kXgS0N/h2tDylMDAD7fHJifGm36FJrOwKrksytu3DdXg3l6PSZZfzUt7M21gQHHgKxPAyofEf6vfKURGBQmcZ7uhsNYg8YiAChHldkA+4BS60qfd+LjbgcMlc8J8ygy4SljK96+5ATKR3C8EzA1iKHT8iqYDRYMjgAoFNorKQyzIMaVQsC16BFUGqSu9uJ4pwFmq9BekakGptb2ONcQERERERER5QoGV7OIVgt89PutuDp0EsN97+Kx77+B2m9/HcfOnEdP74V0dy/5vvkoLA/M8pUFWHKXFpi4jj55eVF5rdUlExiDHvIHXlH6pCOwKum5INRfVWs08LD+6rSLXHO1BAsVEu9HBmJ9GJ3y5wHA0WrBplbZC8YR3/8GB3wNl5xicDV8e4ZShair8xIGAJTE2FsiIiIiIiLKbQyuZgmtRoXL/YdxdegkAODOjfPobjPhkW//D6xaZsLS+wuxv/MTTExOprmnSfTBKXwyvwIPP1ABywMAcAefHJLXUZVlrQJA3xn0PViBh6tnCTVXP0hLrwnpDawCwITbiz9cdGHVYj0mxsZYfzWK9u+/ne4uoLDUAChmqsZOOajbC8AAs1JNVGfwtDEoWoDShHpHREREREREuYg1V7OAWq2GSuXG58d+EfLe6f/87/j4P+pxz1wdfvLkYyi996409DA5Puw6KauxKvj9f/SItVV7YD10Cr8P+MQw2t85ifY+hemn6WFWFCrdgVWJ87YH56+7odMxjTkbFD1SCUNnu1gLtRcdrbFmsgJAEb5WafDXb0UvWmpr0Wh3AijHSqMDrVLBVKcdjbW1vnqs8Qtsz2lvZ81VIiIiIiKiGYyZq1lAq1Xh9H82YHLiluL7I4NdeO/Nb+Ox/9aG9ZXL8Nn5K3j3xOfT3EuizAmsSk5fnsSir+RBo9HAzfIAij49cybpbYbUXIWYVRqutikAFJnwE3M36i21aIURZnN8maxFpu3YOlCL+lqxLoCxAW0msTZrnRXmHRZsqhXeMpitQoZrIpmrAMrrGmCqbcamTsBgNsOE7sQaIiIiIiIioqyn8qZovGx/fz8WFBcnrT3XayYAgO65mZUjpNUAoxeP4ZPDfx/T9A8+9hM88Ggdbo258Obhj/HlGB/ok2qW6grcPPMSXFfeS3dX0irTAquS0rs0+Pp9WkyM3Ul3V6ZduPNm5p9PnTi8w4LuSisaTWEKomaK3hZsaga22uoQtswsEWW97D2fEhFlFp43iSgVLg0Po6ysLCVtDw1Ff0I4M1czmFqthkrtwdn3mmL+zLn3/xHOgSP4xhP78OO/+gb+81Q/Pj73RQp7SZS5gVUAGLjuhuEeNWbrdJh0udLdHQqntwWbmjv9f8syTzOLEPj1Vy0Q6rkysEpERERERDQzMbiawbRaFT490gjX+I24PnfT+Sm6bWvx6BP78L/++dfx0P2FOPheLzyezAp6UW7I5MCq5INLkzA+oId7cpIPt5JJdkmA5cuWJf7h8jq02eqS15mUKcK67TasS3c3iIiIiIiIKCMwuJqhtBoVrn/xMZz9hxP6vMcziQ/f+WssLK/G0lX/f3t3Hh9Vfe9//DVL9g1CAoQlAUeBiKxFRGvUDF5bFbjWKnQjTaq9WrG9ldTbQm8L9PbCbX8Ge1ultVvSREtlsfbWahdJlKDihghCgBIhYUlgSFgSskxmzvn9MUkISyBAJmcS3s/Hw8cjOXOW98Qwf7zzPZ/zHR6ddT2rXv+I6qPnntsqcil6Q7EKcLzZpOK4n6Gx4fi8zVbHCSmXVYh2EIzZrSIiIiIiIiKhTuVqCLLZbNjsNraVLLzscx0sW0vtvjeZck8RX3SP5+0d+9mwbV83pJQrXW8pVttsPeRjaFwEdocDQw+3Os1v7rq8ebQPvBzVTUlEREREREREehe71QHkbA67yZ73V+BtrO2W8zXVV7Hh2ds5vOdVbhgzjJw7JhIZrl5dLl1vK1YBfCZ8eKgFZ1i41VFEREREREREpI9QuRpibDYb4GPftue7/dwfrfsOW/4+n34xYTx89ydwDe7f7deQvq83Fqtt9p0wqPeaOMPCrI4iIiIiIiIiIn2AytUQY7cb7H7np5iGLyjnP1K5ng3P3k5z3X7u+eQYZtwwKijXkb6pNxerbd492ILd4Wj9Q4aIiIiIiIiIyKXTveEhxG63g9FA1c4/BfU6Pm89G1ffy1VT5jF6Yg6pyVN4tngLJxq8Qb2u9G5x6YsJS7qVt/a39NpiFaDOa7L3uEFqbBi+Fv3Od68y8rOWUXzmZlc2yxeNY8uSXCpnF5KTbkU2ERERERERke6ncjWE2O0GOzfkYZo9U1x9/N7TeCpeY/Ldz/Dgpz/Bq5s/ZsvHh3rk2tK7tBWrb+xvwdOLi9U22z0+RiREYPPZME3T6jghqbOHVHXl4VfuBecuUKcvKrzcWCIiIiIiIiIhReVqiLDb7fi9xzlU/rcevW6dZxulhbcx8a5f8C+TJpI+PInVpWUYRu8v0KR7tBWrG/a1cKShb/xe+AzYc8xPalwYfq1ePaeulKgXx8O6tpWrScUszq0gLbOE4pLAqx0LWU/xEuYXlLce5yI7bxHTk1uPT82kuKT1oMwFFLW3uB1XzWaysDCH9MDJWJxbQPmZ20VERERERES6gWauhgi73WDXmz8Gen4VnWH42PTSg+x4YxlDB8Tx6MzrGdw/psdzSOjpi8Vqm921fhwOB2j2qkVKqEjLo6iwkIWZULyqGA9AWT7zC1JZWFjY+lo5BS+VtR9VXJnG8sJCihZkQskq1nkgUNwugwWBY5ZnV7I0vwwoIz+3gLQFbecqYemS1uuIiIiIiIiIdAOtXA0BDoeDlkYPnorXLM1xsGwttfveZMo9RXzRPZ63d+xnw7Z9lmYS6/TlYhWg0WdyoM5PSrQTX0uL1XH6lOJlWR3mrna2WtRFxrhkANKnZUJl6+b0HIo6TA9ISnNBRYejMsaRHDgId9tBnq2Ulmcyp/Uiye5FFAGU5VNMJgtbt6fPyMaVW8ERCJxDRERERERE5DKpXA0BDrvBtjeXWR0DgKb6KjY8ezvXuZdxw5h/YdTQAfz+tY9o8vqsjiY9qK8Xq2121vgZFh+ucrWbdTZz9XSpDDlnwxm4/b99KgBA5qkv01LOcdCRCsrP3tqqhKVZJR2+d3HQA+lqV0VERERERKQbqFy1mMPhoLF+P7X7N1od5TQfFS8gafcrXHf7j3n47k/w57d2UV591OpY0gPixy7DmTitzxerAPVeE89Jg/4RYfhVsIYET/EKCshmeaGbZFrnr1Zc4KCkNFx0spMrm+WL3FqpKiIiIiIiIkGhctViDofJ7rd/anWMczpSuZ4Nz97OlH/9Hfd8cgy7DtTw5427rI4lQXQlFattyo74yUi9ssvVB16OsjpCJ8p4qaD8tJWr55ScQhoFbCzLIT29tZAtzWD5omm4y5fxUpmbnLbtBal6qJWIiIiIiIh0G5WrFrLb7Rj+Fmr2vWF1lE75vPVsXP1Zrpoyj1ETc3hkxhSeLd7CiQY9Yb2vuRKLVYCjTQYnmk1inU58vitv/MW27dutjnCaZPds3AXLmJ9VAGSycEEmxauq8JB0nqPSycnLZnFuFnMhcFzrytfTt7vIzlOxKiIiIiIiIt3HZppmUB5Pv2fPHlIGD+6287WscAMQ9kjxBfbsPZwOqNxSwN7Nv7E6SpfEJY9l8t3PYHdE8urmj9ny8SGrI4WE3M/eSN3279FSs8HqKJfsSi1W2wyOtTN1SBjepkaro3Srzj43++LnqYhIMOnzVESke+hzU0SCoaq6mpEjRwbl3AcPHrzgPvagXFm6xBEWwcGdf7Q6RpfVebZRWngbx6rf518mXcXnbr0Ou12/Qr3dlV6sAlTXGzT7TBxOLeYXERERERERka5Tk2ARp9NJ7b438TbWWh3lohiGjw/+8hApo/6VMRnf5dGZ17Nq/UdUHz1pdTS5BPHX/Q/O/jfwxhVcrLYpq/EzcaAT/xU0GqC7RwKMvfbabj2fiIiIiIiISKhTuWoRm81P5Ue/tzrGJava9Sdq9r/F9Z95li+6x/P2jv1s2LbP6lhyEeLHLsPZ/4YresVqR/uO+5kwyBmYhWxcOT+P7ipEQ212q4iIiIiIiEhPULlqAbvdjuFr5OjBd6yOclm8DYd547k7GJv5X9ww5k5GDUvi9yVbafJeOSv/eiuNAjibCew/4WdojBPDuLIe2PbmcxmXdfxNXyztpiQiIiIiIiIivYsGZlrAZvNTseV3VsfoNttKvsfmV75Ov2gnD9/9CUYNTbQ6kpyHitXOVRz343A6rI4hIiIiIiIiIr2EylULOMMiqdr5J6tjdKvaA29R+ux0mk5UMHPaaGbdONrqSHIOKlbPr7bRpMUPdocKVhERERERERG5MJWrPczpdODZW0xL8wmro3Q7n/ckb6+5n4/ff4ZrhiQyb+b19IuNtDqWtFKx2jV7j/mwOTQxRUREREREREQuTA1CD7PbYd9Hf7A6RlDt/eBXePa+xpRZv+Urn5rEax/uYdPuaqtjXdFUrHZdxQmDUQOc+K0O0iuVkZ+1DBYUkpN+aquneAnzK2ZT1HGjpQI5i8/c7Mpm+SI3yVZEEhERERERkV5J5WoPstvt+JpPcPzQZqujBN3Jo/+ktCiTCZ9+iswJUxg9LInV67fju4Kewh4qVKxenJNekzqvSaTDgd9/5VasnT2k6nIffhVK3KeVwB7WLcnl6eJxLHarXhUREREREZGuUbnag2z42Ld9ldUxeoxh+Pjg5YdJGfWvjMn4LvNmXc/q0u0crKmzOtoVQ8Xqpak45mdMogOu4HI1aCVqWT5zV6W1rxA9tao1iXVLcqnMyKaioIBywJWdx5yKXJaWAGSysDCHQBd6xsrTzAWBVbGeYhbnVpCWWUJxSeAl9xmraDuXzPgMFwUVR6B17WpZflbrtQNZ2kvXsnzmLitpu3iHXIGCtqD8jGt3+p7TKcvP4vlKF+Xl5e3X8BQvYX7rSTpet7M8Hbe3/yxERERERESkR2jmag+y2UyO7HvD6hg9rmrXn3hj5Qz83mN8/rbruHVcmtWRrggqVi/dvjoDp9OBzWazOsoVp7gU5hUWUrQgk/KCXJ5Py6OoMI9sVwnPF3sIFJjLqMjOo6iwkKK8bFwlq1jnaTtDCRVpgdcWZkLxqmI857neKR62lJbjSksKfFe8hKWV2SxvvQYFueSXAZSRv6yS7LxCigoLWZ5d2ZoLyvJzKaD1mAWZFC9b0iFX58rJYHlhYaAsLctnfmng+6LCBaQVrGCd5zx5yvJPbS/MI7tyVZeuKSIiIiIiIt1DK1d7iM1mw2azU1+z0+oolvA2HOaN5+7g2tt+wJRRd3H10ER+X7yVRq/P6mh9korVy9PsM6ltNIl3OvD59Dt6sYqXZZ09zzSza8e6MsYF1o0mpeEikzmtqzOHpLbtkcz0RYVMb/82hdP/XOMiY1zgmPRpmVB5ETkzF1DkTqa9aM14JJAl2c2czAKer/LAGYtCk92LWAyAh4OV4J7dOrM1fQbZrlxKt3qYnnKBN52a0j7ntWxjCa6MvNbv08kpXAR4WNdZntPOncz0RYsucDERERERERHpTipXe4jD4cBTcVbdcMXZ/tr3qf7nK0z41JM8fPcU/vLOLnYdqLU6Vp+iYrV77DnmY8IgJ6hcvWhn3oofuA2+a8empXRh3ulpt+UDuMhu/zqVIV0cmdqe01PM4txSMmac3pyWF+Qyt6DDhswjQDo5eRkszs2iADo8BOsIleUdj07uUAifX9tq2baClk4W958zjzuH5RlLmJ8VeOG08QUiIiIiIiISdCpXe4hpNOHZ+5rVMUJC7YG3KH12Op+Y+VtmThtNedVRXnxzh9Wx+oRQKFZdw8MZFw1HDnvZcDSwbfKICFIjWnfwG2zd3RKYqTk8nHHRNsCgcmcLmwBwMn20jaPt31ujut5g8mAbfpsN0zQtTNK3Hakov/BOpykjf1lJhwK3jPysy5xlnexmXnYp83PzGdI+P/U881qT3SwudAOtxXF+CkU5SaS6Oi6U7bwo7fw9n7+Q7SxPsnsRRe7ANdctySU/patzZkVERERERORyaeZqD3GGx1C7/02rY4QMn/ckb6+dw8fvP4MrpT/zZl5Pv9hIq2P1anFjl1perE4eEdFalnYwOIzUCKg73syLhw1aHHbGDHcATkZEw5HDPo747aQMdwDgGm4nssGwtFgFaDHgZIuJ3d73PyZv+mLpZf130cpL2eIBKGNjyYV2Pj9P8aqzRxBcgmT3Ix3mugYebnVqXmsZ+VlZLC72BFa5ZuVT1uHYwMrTQDHafkzZSxSUnxpR0NX3nJTmorx062nXzS/rPI+neAlz809LQ2rSOU4sIiIiIiIiQaGVqz3A4XBQX7MTv6/J6ighZ+8Hv8Kz9zWmzPotX/nUJF77cA+bdldbHavXiRu7lLDEGy0vVttXp3ZU3cKLbf9L+3fY3t9GJNCMnwafkwQgULiaVO30Bzlt11SfNEiLc4A/NPIEw7bt23v2guk5LMzMYmluFgVkkp3tgi6ODGg9ATOyXcxvnZfqyl5AtmsZlUeAyyoVk5k+O5OCZStYN24R092LWFiR1X67/al5rG7mZS9hflZWYLsrm+WLWiek5uSRvSS3/Rj3gkKmJwPJXX/PyWdc15Wdx+J0IL2zPI+QvSSXue1x8lisqQAiIiIiIiI9xmYG6X7XPXv2kDJ4cLedr2VF4BbMsEd639xSp9PG3g+eoXJLkdVRQpbd7mT8p/6XxKE3UFVbx6rXt+Mzese80NzP3kjd9u/RUrPBkuuHQrEKMHlEONHHvTQkRJAaYZ42FgCAwWHck2Cn7ngz66ohcPu/nebDfhjgJKHZxw4cjMHPX/aFRpk5OMbO1KFheJsarY5ySTr73OzNn6ciIlbQ56mISPfQ56aIBENVdTUjR44MyrkPHjx4wX36/v2uIcDucFJT+YbVMUKaYfjY/Mo8ytb/F4P7xzBv1vUMGRBndayQFyrFKsCmvWeUqWeqbuHFnX5IiOCeEU7Ax94GSBroJMlhULXPFli1ug9uvjqCe0a37WcdT4OBDbDZbBfcV0RERERERESuPBoLEGR2ux1/SwMnj31sdZReoWrXn6jZ/xZTP/Msn7/tOt7bdZDXt17UPcNXjFAqVrvOx9FmB3ERNiYDm/Z5aXu0j2t4OCkNfjYNtnMPBlsPw5iBdm7uz/lL2yDym1DnNYmy2/H3wdEA3T0SYOy113br+URERERERERCncrVILM7HBwuv8wntlxhvA2H2fDcHVx762KmjJrBNUMTea54K41en9XRQkbvLFYBHEQ7AT8cP237qVmrruEOwISjJk0DrV8xeuikwYj4vjt3tbsK0R6f3SoiIiIiIiISAjQWINhML7X737Q6Ra+0/fXFbH7l68RFOXn47imMHq5HYEPvK1Zdw8O5Z3Q4N/cH+ttJcEBLs9G+YjWwj53IBoNNQHlL6xjo1gdeWc3TYOBwOKyOISIiIiIiIiIhSCtXg8wZFkVdzU6rY/RatQfeYsOz05k84zfMmHoN1w5P4o9v7rA6lmXaitXSyhZqGkO/WAUo3+cn5WonSQMjuAeg2c+Lpz2w6tSqVQCqDY5c7WTcwMC+Vo0EaHOkw9zVID3/z3JPv7z5so6fd9fEbkoiIiIiIiIi0ruoXA0im82GYfhpPLHf6ii9ms97knde+Bxp47+Ma+qjzJt5Pc+VbOVYfZPV0XpUbylWN+1tZtNpW/xs2H2+W+p9rDvt7w8X2r9nGSac8JpE99G5qyIiIiIiIiJy6TQWIIjsdjsNR/Ugq+5SseV3bFwzByfNfOVTk5h89WCrI/WY3lKs9lXV9QZ2jQYQERERERERkTOoXA0im93OsUMfWh2jT2k49jHrCzM5emAjmRNG8iX3eJz2vv1rrGLVep4GA5td5aqIiIiIiIiInK5vt1IWM41m6jzbrA1xyxrcD77HDbec2jTs7hLcD77X+t8a0s/Y1/1gCZPGtm38PJPmdvw+FBhsfuVRtpX8JwP7RTFv1vUMS4qzOlRQqFgNDceaDOyBwatWR+kFysjPymJu+3/5lHXpsHzmLinG020x8tsz5J8nQFl+J/u0HX++g8/Jw7ol57/m2YcUs7jt59TxaxEREREREQl5mrkaRA5nBHU1uyy7/rC7SxiVckbpOPYZRqbE0VKVR+lfRnHDgzNJuW8RZWt2MSltBCd3TeHEwPdISV8E25bALZ+lf+NrFFvcEZ/LofK/UnvgHaZ+5jnm3HodW/Yc4h+b+s4YBhWrocNnQIsf7DYbRh99qNWZOntI1fkfflVGftYyKrLzKHInA+ApXsL8rHwWFuac+kNO0JWRv6yS7LxCplPM4tx8ys5zfZfLRfHGMnLST+1RtrEEl8tFec8EPiXZzeLCnr6oiIiIiIiIXCqVq0Fis9mw2ezU1/7Tkuufs1gF2PYQpe1F6aIOL4wiPCLwVV1jHSlRAJ9nUtoAjm5aEtSsl6OlqZY3Vt5J+i3fZ/yoWVw1uD9Fr35Ig9dndbTLomI19NS3GMTar5yVq+cvUTvhqaICFxnjkts3Jbtn4y5YxsayHNLTCawIXVbS/rp7QSE5Z7WeHtYtyaWg/Ox9yvKzWNp2eOYCis4++OJlZOAu2EhZTnprAVvGxpJMMrIrKa84dyZc2Sxf5Ca5dXspLsrLy3EvyCO147nL8pm7rJLsvEVMTz7X+yojP7eAcmBpFizMS+P53ArmFOaQXpbP3FXgpoTicgBX63nOyOPKxE0JzD7Xz1JERERERESCSWMBgsRmt9NUdxCwbpXbyV1T2FVVd+4Xxz5DxoMzCa/Ko3jNEmAX3ubAS3FRraVs66rVD0Jw1eqZytb/gE0vPUR0uI2HZkxhzPAkqyNdMhWroamu2cTWx+f7XrbkcWS4yinI7XhbfDo5ha2ln6eYxa0rSosKC1me7aJ41dmjAMrycylIXUBRYSFFCzIpXraEdR6gLJ+lldksLyykqDCP7MpVge1nSWdGNhSsWMLi3ALSFlxo1WwKqa4SNrZlLttIceY0xneWqXAB7vICXupw73556myKCs8oN8vymbsqjeWFgUL03O8rnZy8bFxknnt1b3mgNC0qzCPbVU5B60U9xSsooPVnMZvW8lVERERERER6mpqCILHbbBw/vMWy6+//SyZvrz/PDtseovTXedQn5uKe+wzDWMkHFXuJGfUeKf3qOFq2K7BqtWwJ6fe1zmed+wzDeuwdXLxj1e+zviiThqO7uXvqNXzmk71vCZeK1dBV5zUxuHJWrl6aZKYvaisOs86eeZrsZnFh28pLSE5JPcc5ythYAu5prf9+02eQ7Sqn8si5rnXqXKfzsKW0HMrLKc9c0IXVnEmMzwiMBoDASID267dKzynssEo2iVTX6WdwpZ3xB52qYhYvg4WL3CRf1Ps6UyaBQ5IZn9F20cD7c89uPXf6DLJdnZ5AREREREREgkhjAYLGz4nDH1kd4gJW4qn9N/qnjCJ5LOxffx/FbYXsLWtwN75GMc+Q0W8vVb/eSvyDMxl6C+w/X2lrMcPXxDsvfJ608V/GNfVRHp01lZUlW6mpa7Q62gWpWA1tdV4Tm01/j+qS9ByKCnMCX3uKWZy7hHV5bas3O9zWD+DKPucpipdlUdxxtyoPuHNYnrGE+VkFrYfmsdh9ZrsauF2+cnYhRemBGbCL0/KYU5HL82nn2j8geVwGrtIqPMDGEhepM4CqjqctZnHr7ftt3B2+Tks5/bzFpZCdWXJqHML53tf5Ftq70s7x8hEqtVJVREREREQkJKhcDRKbDUsfZtVVgREAe2k67db/DrNWB6whDGgbGxBuRchLULHld3gqS5kyK5/sOyayfmsF7+46aHWsTsWNf5KwhIkqVkNYvdfE6bDjtzpIKCvLZ+7GaafPQU0eR4arILBC80g+S0s63P7eOlP0bB1ni54u2b2IIje0laj5KWfciu/ZSml5JnPSAQK33C/OzWUpmSwsPHex2p6TFWwpTqXYlcHy03b1sG5FAbQ/qKu1wD3Pj8I92830JM54mFYn7+ucow3OJ7By9nzXFxERERERkZ6hcjVIHM5IGk/sszrG2W5Zg3vUCE7umsLb6xcR3w84tpWy0/YJzFot3gaMraGFAXR84FVv0XDsY9YXZjLx0z/hlnE3MWZ4Eitf/wifL7TKy/iJv8ARO4rXK5o52mR1GulMvdfERuBhdaZp3SzlYJh318TuOVH6NNzLlpE/rUPhWfYSBeUuspOA026B97BuVQlw5srVdKZllrP0pTKm56S3rxhNW1DIjKolzK+Y3aG8dZF65rLO1jK3fcVocgppQDmVHPRAeqf9ajJDUstZWlCOKzuPQIXaibKXKCg/feXquU/pZk5mFs8Xz2Cxu/P3lXPRI6IDIwIKVhUzY5Gb5K7mERERERERkW6ncjUYbIG5jN7GGouDnMP6+6ga+B4po97DPQpofp9da5Z02KHDqlWAbQ9xJP09Uh4cEdg3hEcCnJvB5r9+g0GuT3PtbT/g0ZlTWVO6jf1HOnnQVw9rK1bXV3pVrPYCTb7APOW+VK5u2769G8+WTk7hAvKzspjbvq3Das3kGWS7clmaVRLYviAb17IKjgAdIA27MAAAFl5JREFUO8/0nDyyl+QyN6v1DNl5gbI2/ZGzti8+qyxNZvqi0zO4FxRSRD5zVxQzvn0G6jnST8uEkkoyxp25RzLTZ2dSsCyXuQVA5gIWZpbwfJWHCzwpi/ScBaRlrWDduEVM7+x9kUIaBSzNgoV5aec/YVsi9yNkl+YGRiRkZpOtlawiIiIiIiKWsJlBagn27NlDyuDB3Xa+lhWBNTlhjxRfYE/r2Ww2HHYf6wtvszqKdBAWmcjUzzxHREwyW/ce5u/vd8/QwtzP3kjd9u/RUrPhoo5Tsdr73Dw8jIQwP36fz+ooXdLZ52Zv+jyVLvAUszi3lIxORimIyOXT56mISPfQ56aIBENVdTUjR44MyrkPHrzwiEmtXA0Cm82Gr/mE1THkDC1Ntbyx8k7GZHyXcaM/w8hB/Sh69UMavD1flKlY7Z2ON5v0D7dp7qpY7swHg7kXFKpYFRERERERsYDK1SCw2Wx4m2qtjiGd2FH631T/869MvPMpHpoxhVfe3c2OfUcufGA3UbHae9V7TQzsVscQIT2nkKIcq1OIiIiIiIiIWoIgsNlsNJ+86Mc/Sw86Vv0+64syOVmzk7unXsO9N19gcGI3UbHauzX5zPaZyiIiIiIiIiIiKleDwWajse6A1SnkAgxfE++++CXK3/kZIwcl8Ois6xkQFxW066lY7f18hrpVERERERERETlF5WowmD68jTVWp5AuqtjyOzaumYPDbCb7jolcP2pIt19DxWrf4DNMbGpXRURERERERKSVytUgME0/3kbNXO1NGo59zPrCTGoqS7llXBpZt4/H6eyefx4qVvsOnwF2dasiIiIiIiIi0krlahDYbDatXO2VDD78+2NsK/lPkuKjeHTmVIYlxV3WGVWs9i0+w0TdqoiIiIiIiIi0UbkaBHabA2+DVq72VofK/8obK+/Ee7KaObdex6emXH1J51Gx2vf4DKsTiIiIiIiIiEgoUbkaBHZnhMYC9HLehhreen4mlVuf47q0ZB666xNEhzu7fLyK1b6ppa1c1dxVEREREREREUHlatD4fY1WR5BusPvtJ3n/zw8QHQ4PzZjCmOFJFzxGxWrfZphoNICIiIiIiIiIACpXg0ZPFO87jh/6kPVFt1Ffs4O7p17DZ2++ttN9Vaz2fX7T6gQiIiIiIiIiEipUrgaLTT/avsTweXnvxbns2pjHiIHxPDrrepITok/bp61YLd3XomK1D/Mbpv54IiIiIiIiIiKAytWgselH2yft/2glG1d/FrvRyNzp47nx2mEARF/19fZitbZRSxv7Mr8eaiUiIiIiIiIirbr+hB65OFrZ1mc1nKiktCiT8Xcs56b0WwBwRA5kz3GD/lEO+kdZHFCCymG3YTP071tEREREREREVK4GjW4b7lsSh02j36BJxCWNITphBOHRA3A4Ik7bZ2SCHaO5GdPQytW+zG634ccOfr/VUURERERERETEYipXg0UzV3ud8OgBDBg6jfiB44lJvJro+OGERcRjszvBNPE2+jl5xOTAJji8w4dnVz2znojjT7texMBg5jUzcYaHc3z9ej5+8klMn8/qtyRBMHbFChyDB1sdQ0RERERERERCgMrVIDBNE5vK1ZAVl5RO4pDriUu+lph+I4mIGYQzLAZsNgy/gfekn+MH4eB7BtXbmtn3Xj31nrMHbX75+X4cPnmY327+LQCFmwt5YPID3JlxJ5MzMjj62mvsfeopDK+3p9+iBJEjJgZMrU4WEREREREREZWrQWKiZ4VZy+6MJHHo1MCt/ANGEZWQSlhkIg5nOGDD3+Kn6bjB0T1w5J9+Dm45yb5NXnxNXTv/bfNjiE6Ch1+c377NwOBXm37Fbzb/hocmP8Qdt93BpNtupeYfr1L5859jaCVrn+CIjMSnclVEREREREREULkaFDb0PKueEhmbwoBh04gfOI6Y/i4i44biDI/Fbndimia+Zj8NNSZVm+HwTh8HPqijqswHl/HE9yETnFw7I5xlbyzjhPfEWa8bhsHP3/s5v9r0Kx6e8jC333E7ibffTs3f/kbFL34Bhh4335vZIyOhpcXqGCIiIiIiIiISAlSuBoGJqZmr3cpOwuDxJKZ8grikdKL7jSA8KhlneDRgwzRMvA1+6g6ZVH1gBm7lf7+e4we6v8S0O2HWj+N4+8A7bNy/8bz7+gwfT73zFL9875c8cv0j3Hbnpxlwxx0cefllKn/9a5WsvZHNhs3hwNSoBxERERERERFB5WpwmCY2jQW4aM7wWBKH3Ui/QROITbyGyPhhhEcmYneEAWD4DJrq/BytMKnZbVL9UQMV77bgre+5kvKzT8XTTBNLN/x3l4/xGl5+8vZPWPH+Cr4x9RtkzJxB0l134vnzS+zLz1fJ2os44+OtjiAiIiIiIiIiIUTlahCYhg9neKzVMUJWdL8RJA6dRkLyWKL6jSQqNgVnRBw2mx3TNDFaDBpqDQ59ZMOz08eBD5s4+GELht/a3JM/F0XyaCeP/OXrl3S81+fliTef4CnnU/z7tH/npnvuIXnmDA6tfYEDRUXdnFaCwRETg+m3+BdRREREREREREKGytUg8PuaiYgZSF3NDqujWMZud5IweDL9Uz5BXNIYohKGExGVjN0Zic1mwzRNWhr91B822bsFDpU1s39TCzUfh+ZDn/oNtzPt3yL51aZfcqDuwGWdq8nXxI82/IhoZzTfnPZNbpgzm0H3fobqVas5uHJlNyWWYHBER2PqwWQiIiIiIiIi0krlahAYpklEzECrY/SI8OgBJA65gYRBE4jp7yI6fhjOiIT2W/lNw6S53s/xAyZ7dhtUb2ug8t0WGmp7163w961IYHdNOS/teqnbztnga2DphqXEhsfy2LTHmPKFLzDo/vuoXvkHqlav7rbrSPdxxsZi+P16Yp2IiIiIiIiIACpXg8Jmd/a5cjVuwBj6D5lC/MDriI5PIzJuMM6wmPYHd/m9fhqPGxwqA88uP1Vbm9n/gRdfk8XBu8FdS2OxR/n59sv/EZTz13vr+a/1/0V8eDzzb5rPpKwsBs+ZQ9Xvf0/1Cy8E5ZpyaRzR0ahWFREREREREZE2KleDwG6PICI62eoYF83ujCRxyPX0GzyRuAFjiIofRljUABzOCGitlFqafDQcMancDod3Bm7lP1TWd2+THjU9ghHTwlhYvBCfEdz3ecJ7gsWvLaZfZD++deO3GJeTw+AvfJ4Dv83H8/LLQb22dI0jJgbT6hAiIiIiIiIiEjJUrgaBaZpExQ+zOkanImNTSBx6AwmDxhHdz0VU3BDCIuKx2QO/DqZh4G0wOFFlUlNuUl3WQOXbLdQd6l238l+uqH52bl8Yw4s7/8g2z7Yeu+6xpmP8Z8l/MiB6AN+a9i2ufeRrDPlyFgd/m4/nb3/rsRxyNkd0tEYCiIiIiIiIiEg7latBYJomkbGDLU5hJ2HQuMADpZLTiY4fQURMMo6waGytt/IbPoOmE348O01qyn0c3NrEvndb8DZobR7AfSviOHzyMPmb8y25fk1DDQuKFzAwZiCP3/Q4o7/+dYZ+JYf9z/ySI8XFlmS60jliYsDhAL/f6igiIiIiIiIiEgJUrgaBaZqERw3okWs5w2NJHHoD/QZPJDbxGiLjhhEelYjdEd6exe81aKg1OLADDu/ysn9zC9VbWzDUD3Xq1m/GEDvIxrz/y7U6CodPHubxfzxOSmwK37rpW1wzfz5DHnyA/c/8ktrXX7c63hXFERsLdrvKVREREREREREBVK4GhWma2B3hOMJi8Lec7JZzRvcbQeKQqYEHSvUbSVRsCs6IOGw2R/s1Wxr91B0yqSw3ObyjgX3vt1C7VyXQxRoywcnYWeHkbczjeNNxq+O0q6qvIvfvuQyNG8rjNz3OVY8/zrCvPsi+FT/n6JtvWh3vihA1dCimqZXdIiIiIiIiIhKgcjVITMNHRMxAGo7t6fIxdruThMGT6Z8ymbikMUTFDyciOhm7Mwpb65xH02/QVOenphxqyn1UfdRE5bstNB67suahBovdCbN+HMe7B95lfcV6q+Oc04G6A3zzb99keMJw/uOm/8C1cCHNtbXse/ppjr39ttXx+rTIkSMxDf1bExEREREREZEAlatBYviaieykXA2P7E/isBtJGDSemP5XExk3hPCo/tjtYYEdTPC1+Gk8ZnBgJxzZ3cyBD1s4uLkFn7eH38gV5t6fxdNMEz/c8EOro1zQvuP7+PorX+fq/lfz2LTHuPp736O55giVP/0Zx99/3+p4fY49IoLwxESaGhutjiIiIiIiIiIiIULlapAYhkHikKnEJl5D/MCxRMWnERU7GEd4TPut/JjQ0uSj3mNwsAIObW9k/wctHN7pszb8FWry56IYONrBIy9/3eooF2X30d3Me2UeYwaM4d9v+HeuWbKEZs9h9j6RR922bVbH6zOir7oKo6nJ6hgiIiIiIiIiEkJUrgaJIzyK1AlfBsA0DLwnDWo+Njha4ad6WxMV77RQf1i3F4eKfsPt3PhvURRsKeBA3QGr41ySHTU7+NrLX2Ns8li+Oe2bjP7Rj2iqrmbvE09Qv2OH1fF6vagRI/D7/YEHWomIiIiIiIiIoHI1aAy/iWenjzWPnLA6inTBfSsS2F1bzgtlL1gd5bJt82zjq3/+KhMGT+AbU7/BmCeeoPHgAfb++P9xcvduq+P1WtFXX40tIgJaWqyOIiIiIiIiIiIhQkuwgsQwDPoNd1gdQ7rgzh/GYo/y8x/rHrc6Srf6sPpDHvi/B1j8+mIa+keS/pOfcO3PVxB91VVWR+uVYkePxtDDrERERERERESkA5WrQWIYBhGxNmKS9SMOZaOmRzDypjC+/9r38Bl9c9btpqpN5Pwphx+W/pDm5Diu/elPufapp4hKTbU6Wq8SOWwYpspVEREREREREelAzV8QeRsMBo3R5IVQFdXPzu0LY3h598ts8/T9Bz+9c+Advvzil1n2xjK8g/sxdsUK0v/3f4kcOtTqaCEvYvBgsNsxTdPqKCIiIiIiIiISQlSuBpHNYTBQ5WrIum9FPJ6THp55/xmro/Sot/a9RdaLWTzx1hP4hyVz3TPPkP7kk0SkpFgdLWRFjRyJv6nJ6hgiIiIiIiIiEmJUrgaT3WToeJWroeiTD0cTOwhy1823Oopl1les50t//BJPbnwSI3Uw4371K8Y88f8IHzjQ6mghJ3rkSLRmVURERERERETOpHI1iAy/n6RrVK6GmiETnEyYHcHyt5dzvOm41XEsV7K3hC/+8Ys89c5T2K5KZfxvfsOo/1lG+IABVkcLGdHXXANhYVbHEBEREREREZEQo3I1iEzTxBEG/Ybrxxwq7E6Y9eM43q/axPqK9VbHCSl///jvfP6Fz/Pz935B2OirGVdQwOilS3H262d1NMtFu1x6mJWIiIiIiIiInEWtX5B5GzV3NZTc+9M4mmniB+uXWB0lZL1S/gpz1s4h/8N8wq4dxYSiIq5ZsgRnfLzV0Sxhj4ggPDERQ+WqiIiIiIiIiJxB5WqQOZwGg1SuhoTx90YycIyT3H9cuXNWL8aLO15k9prZPPfRc0RNHMeE557jmkWLcMbGWh2tR8Wmp2PoYVYiIiIiIiIicg4qV4PMtBmk6KFWlus33E7Go9EUbinkQN0Bq+P0Kqu2reK+1ffxh21/IGryBCauXInru9/FHh1tdbQeET9pEobNZnUMEREREREREQlBKleDzDAMkl1OwmNUzljpvhUJfHx0D2vL1lodpdda+dFK7lt9H6vL1hB3wxQmP/88ru98B3tkpNXRgqrftGkqV0VERERERETknFSuBplpmvi8Jmk36EnjVrnzB7HYo/x869Vcq6P0CUVbirhv1f38ceeLxN54A5NWr+Kqb30Le0SE1dG6nTMhgYghQzD8fqujiIiIiIiIiEgIUrnaA0z8jPxkuNUxrkhX3RzOyJvD+P5r38Nn+KyO02cYGORvzuf+1ffzl90vE3/LzUxavZqRjz2GPbzv/K4nTJ6Mv6HB6hgiIiIiIiIiEqJUrvYAEz8jbwrHpp92j4pMgE8tjuXvH/+dbZ5tVsfpkwwMfvn+L7lvzX389eO/0S/zNiatWU3ao49id/b+WcMJU6ZghmnVuYiIiIiIiIicm+q+HmAYBnYnDJuskqYn3beiH7WNNTz97tNWR+nzDMPg5+/9nPvX3M+re4sZ8Kl/YeLataR97Wtg770fMwnXX49pmlbHEBEREREREZEQ1Xtbj17G16LRAD3pkw9HEzcYHnv1m1ZHuaL4DB8/e+dnzF49h9f3rWfAXXcy+YUXSP3qV3tdyRozahT28HAMw7A6ioiIiIiIiIiEqN7VdvRmDj9XZ2rlak8YlO5kwuwIlr+9nONNx62Oc0XyGl6e3Pgks9fOZsPBN0meNYtJa9cyPCen15Ssibfcgr+lxeoYIiIiIiIiIhLCekfL0QcYfj+RcXaSRzusjtKn2Z3wr8vj+KBqM+sr1lsd54rn9Xl54s0nmLN2Dm8fepeBn72XyWvXMvRLX7I62gUNcLsxekkRLCIiIiIiIiLW6P1PnOlFWpr9XPXJcDw7G62OcpbxT/YjYyIceOoYL64NbHP/LpH01NYd6lsonVnHFoBvJzDv0w7A6LB/BPf8OQoKTh1vhc/8JI4WWxOL1y+yLoScpcnXxP9s+B+indE8duNjTP3cHAbdey/Vq1dzcOVKq+OdJWbUKBzR0fi0clVEREREREREzkPLsnqQzeHn6ttCb+6q+3eJZEw841fh2wmkp8LRv9by9FMtNMeGMfXJCCCCe252cPSvtZRV2hk6K6Z1/0iG1rZYWqyOvzeSQdc6yX11vnUh5LwafA38d+l/88UXvsimI1tI+cIXmLR2LSn33291tNNoJICIiIiIiIiIdIXK1R7k9/tJGGYnPiV0fuynrU7t6EfHeTqzlt//6MwXnETHBr46Utv2oJ8I7rnZxoH/Oxm8oBcQn2In49FoCrcUcqDugGU5pGvqvfX8YP0PmPvHuWw5up0hWVlMWrOaQffcY3U0QCMBRERERERERKRr1B70sJYGk5GfDKXVqwYHnqqlrLKTl7+dwLxHw2j4ay2/fqwZ8NFQH3gpKbH11ycEVq3e/4sE9hyrYG2ZhSHkop3wnmDRa4v4yp+/wvYTuxn2wANMXLOa5LvusixT20gAwzAuvLOIiIiIiIiIXNFUrvYwW5iPcfdEWB2jXfGXLzAj9UfHeTqzGT6dyLzfxQDNvLjBT/9PJ5KeanDg/3ztq1bdv0tkXkki8/4cx/ieegPAp5fE4Ij28+11j/fgVaU71TTU8N3i7/LVl77Krro9pD7yNSY8/weS3O4ez5J0xx0aCSAiIiIiIiIiXaJytYf5/X7iBjlIGdebniV2kupKINWJG9pHBjydeYwXr25dtUocV6X6Kcts5mhsGNd9u2eSXXVzOFdlhPP9179Hk6+pZy4qQXP45GG+s+47PPzSw3zcdIAR8+cz8Q8rSbz11h65vj0igqTbb8dvs/XI9URERERERESkd1O5agGfz8fE2VFWx7gIEcQnAvUGR87Y3j5r9Wo7gfW4p8YGBFt4NHxqcSyv7nmVbZ5tPXNR6RFV9VU8/o/H+dpfvsZe7yGuevxxxj/3HP1vuimo10287Tb8zc2YphnU64iIiIiIiIhI3/D/AXtHYoO+iUIxAAAAAElFTkSuQmCC" height="600" width="800" />
<img src="data:image/png;base64, iVBORw0KGgoAAAANSUhEUgAABVcAAAJXCAYAAACXAGQHAAAAAXNSR0IArs4c6QAAIABJREFUeJzs3XeQXed55/nve8LNt2/37YyOQCNnAiBIgkFMEkmRSp6V7Z2VvfbWVm251qr1Fv/0uqamamprw3jHszX2hHLVqqwZy5ZliRIlkyIpiaRIgghEBho5dQOdw83hnPO++8e93WiwG4EQBRCa51PVbPbtE95z7u1/fnjO8yhjjEEIIYQQQgghhBBCCCHEvJdffvmW21h3YR1CCCGEEEIIIYQQQgjxG0fCVSGEEEIIIYQQQgghhLgDEq4KIYQQQgghhBBCCCHEHZBwVQghhBBCCCGEEEIIIe6AhKtCCCGEEEIIIYQQQghxByRcFUIIIYQQQgghhBBCiDsg4aoQQgghhBBCCCGEEELcAQlXhRBCCCGEEEIIIYQQ4g5IuCqEEEIIIYQQQgghhBB3QMJVIYQQQgghhBBCCCGEuAMSrgohhBBCCCGEEEIIIcQdkHBVCCGEEEIIIYQQQggh7oCEq0IIIYQQQgghhBBCCHEHJFwVQgghhBBCCCGEEEKIO+Dc6wX8OpX9ClOlaYbzVxnOXeFqYZSx4jgzlVnKfhnf+GCubW8wxJwYjy17mH++7usoFEqpe3cBQgghhBBCCCGEEEKIz6zfuHDV1z6jhXFOzZzhxNRJhvNXmK1kqegKXuATaJ/AaAyG+WTVKFBg0ISdMKsaB1BIqCqEEEIIIYQQQgghhLix36hwdaQwxr7RAxwYP8TVwij5ap5qUEWjATCmVp1qjCHqRLCUjac9Avz6a1EGUstZ27xaKlaFEEIIIYQQQgghhBA39RsTro4XJ3nl7E84PjXIeGkCT3u1wlQFCoXBoNHEnBgDDcsJ2yFGiqNMlafxTS14bYm28Niyh0mGEvf6coQQQgghhBBCCCGEEJ9x9324aoyhElR4/eKb7B7ZQ87LUYtTFSgzV7NK3ImxoXkdXfFlBCbgfOYCBb9IYAKM0STcOOub1rCpZQOWkjlfQgghhBBCCCGEEEKIm7vvw1VtNCenT/Pe1d3kvXy9V6qa76kad2L0N/SxsnEFAw39jBYnODE9yIXsJQp+sX4UxbJ4Jw+2b6MhlLyHVyOEEEIIIYQQQgghhLhf3NfhqjGGkl/iZ0PvMlWewRiDUrVgNWyHaIm2sCo1wPa2raQjTRyfHuTnQ+8wXhyvdQxQCm00DaEk69JrWCe9VoUQQgghhBBCCCGEELfpvg5XA6MZK06yZ3Q/WmsMYGHRGG5gVeNKHuncycrG5UyWpnhz6Bf8YvhdACxVbxsAWMpifXoND3XsIObG7uHVCCGEEEIIIYQQQggh7if3dbjqa5/L2SHyXoGw5eJaDs3RZp7qepxHlz1EKpJicOoUr5z7McemB7GVPR+qgkEbTVuslS2tm1nZNHBPr0UIIYQQQgghhBBCCHF/uW/DVWMMvvY4n7kAGGzLZkf7Np7ve5bV6ZVUgyq/GHqPn1x4ndHiKI66/lJNfZ9HOh9iZ8c2QrZ7by5ECCGEEEIIIYQQQghxX7pvw1WASlDl9Ow5LCx+a+ArPNv3OdKRJopekXeG3+MnF37KWHECW9mL9q0GHk93P8GjnQ/RFGm8B6sXQgghhBBCCCGEEELcz+7bcFUbTTWoEHOi/K/b/me2tW0lFU5SqBb50fnXeWf4PaZKU1hKwYJWAFALZXe0PcBz/c/Sn+rFUtY9uw4hhBBCCCGEEEIIIcT96b4NVwFiboyvrnyJFal+4m4MbTTvXd3NhyP7mCpPY9RcrGowphbIKqV4pGMnLyz/PCtS/biWtAMQQgghhBBCCCGEEEJ8cvdtuGopi7gbZ216NWE7hDGGj8YO8fbwe1wpjOCbAJTCQhG2w6QjTaxo6GMgtZwtLRvoSi4jYodRSt36ZEIIIYQQQgghhBBCCPEx9224qpTCUc78BcyUM3w4dpCi9hhoXE6jm6AhlCQRSpCKNNESbaY92kpbrJVUuAFbWgEIIYQQQgghhBBCCCF+BfdtuLqYYW16JWsbV9CgXFLKosEKE3VjRMMNRKON4ETAcqRaVQghhBBCCCGEEEII8Sv7bIarpjZ4ymgfdADKAstGKQtuEIw2oHgm3AHZUXTuKpRz4FdBgbHDeJEkKt6MSrRiJdtQ0RQ4kdoxhRBCCCGEEEIIIYQQ4hP6TIWrxmjwK5hyDlOexZQyUC2CE0aFk6hwHMIJVCiOcsK10LXOrhbQY4PooYOYiXP4xRlMtYDxq4ABO4SVbEU192F3bMBqXY2d7oN4C4SiErIKIYQQQgghhBBCCCE+kc9GuGoMJqhiitPoibP4Vw6hrx5BZ0cx1RLYYax4GivVidW2Crt1DVa6HxVvglC8FoxGG6FnO1bLAOQncGaG0ZPn0DPD6MIkVAro2SswPURw9n1Uog27bzvOwGPYnRshlq4FtkIIIYQQQgghhBBCCHEblDH1Z/DvEWMMBB566hze4Ot4x1/H5CfBsgCFUlZtG6PnloyKNmB3b8VZ8xTO8l2ocAMoa1EvVeOVMfkJgvFT+Jf24Z9/D4oZ0B5zl20l23DXPIOz7jms1tUoy75h6wEhhBBCCCGEEEIIIcR/HV5++eVbbnPvw1W/jH9pD97ebxNcPgiWXfsC0BpMcG1bVC34rC9Z2SHsvu2EH/0fsVrXopzQjc+jffTMEN7JN/AOfK/WcsCqH8sY7M71hB75Q9wVj4H12SjoFUIIIYQQQgghhBBC3Buf+XDVBFW8E6/hHf4+wfhZlA4ABWgwoFr6sTrWYcWbQdmYSg6TuYqeHUbPjqACD2wXFWsi9NSf4K54FBWKLX0uY0D74JUJxgepHvh7gkv7a20HlAXKxm5dQWjr13A3fQWUfVfvhRBCCCGEEEIIIYQQ4rPjdsLVe1eiaTT++ffxjv6YYOzMtcf+lUHFmglt/x2snu1Y8RawQ/XMVYNfxpQy6KnzBMMH8c69h8mMUn3736KMxu5/GCuaWnQ6pRTYLtgu9rIthOMteA3fxz/9DiY3jiEgmDxP5cD3IN6CO/DE3b0fQgghhBBCCCGEEEKI+8o9C1eDsUH8wTfQ46fBBKj6I/9WUzehHf8ce/mjqFgTWM71vVSNwSTbsRq7sNrXYfdsxz/5Ft6lvVT3/y3haCOqZxvKdm94buWEsZp6cTd/DewQ/omfYvITtYLZ6ct4+7+D1boaK9lWG5YlhBBCCCGEEEIIIYQQH3NPwlVdzuEd/yeCoYPglWsBptGoZBvutt/BWf0MKtKw9M5K1YLTaCNWJIWV6sRK96NaV+Ad+SH+pT1YTb2oVOdN16AsByvdj7v+i5hKAXPyLajkQfsEIyfwDn+f8MN/CE7kEw+4CoKAQGuUUji2vWjQ1kLGGLTWBEGAAWzLwnE+/bfFGFNbVxCglIXrOjdd1yc9Jigsy8KyFEpd+/r49nNudW5jDNoYAt/HGINlWdi2jWXd32G3MQaDoeAVcS2XkO1i3WGAr43B1z6VoELcjaO49X0VQgghhBBCCCGEEJ+eexOujh4jGDqAKc3WB1RpiKaw+3firHryxsHqxyilIBTH7tyAijaAV0ZnRtCzQ6hkG8q6ed9UZdlY6X6cVU9icuME596vrSeo4g/+FHfdc7WgdkEVbLXqMTs7w2wmQygUQilFT3c3Sik8z+Py0BBnzpxhamqant4etj/wAIlEYtG5C4UCo2NjDF0eYnx8nFw+j1LQ0NBAe3s7PT09LOvsxHXdmwZm2hgqlQpXrlzBtm18z6exsZGmpkZs26ZUKjE6NsbFixeZmJigWCoRcl3S6TTdXd10d3eRSqVuO7QMgoBsLsfo6ChDl4eYmJygUqkACtu2CIfDxGJxIuEwrutiO7VwuVKpYrRmy9YttDQ3L3lNxhhKpRJj4+NcvnyZqyMjFPIFjNGEQiGampro7upmWdcy0uk0IXfp6uRsNcd4cYKKX0Ebg60s2uNtNEfTt7y+kl9mvDhBtpLDsWyKfpme5DLSkSaylRzjpQkKXhFLWTjKxjcBXuBR1R4ajaMcYk6UVLiB5kiauBvD/tjnsBpUee3imzSGG3mgdRMt0aXvx80YDLOVWY5OnGCiNMnz/c8Sd5fuNyyEEEIIIYQQQgghfj3uerhqvDL+uffQuXEwZr4q1Er34qx+utZj9Q5YjT24D3wd//TPgXpgy62HUinbwe5Yj+5/iODKYagWMAbMzBD+8AHceAtqQQ/XfCHP/v0fsWfvXuLxOG1trfzeN75BpVJh7759vP/++xw8dIjJySmeefpp1q9dNx+uGmPwfZ9Lly6x/8ABzp09x9WrI8zOzlIoFKhUKyigrb2dtWvX8OCOHWzbto2GZBLbXvpajNbk83m+//0f4AcB1WqVJ594gu3bt1EoFDhw8BAHDhzg1KlTjE+MUyyWsG2b5uZmVixfztatW3nooZ309vQQCoVueq8KxSIXzl/gwMGDnD5zhunpacLhMPFYDKUU2VyOiYlxyuUyrhuio72dtrY2tDHMzExjtKGjs5Pm9OKQs1KpMDIyypGjRzh69CgXL11Ca0MsFsO2bYIgwPc9EvEEff19PLB1K+vXraOpqWnRsbKVLO9f3cOV/FWMMTSGG3mq5/HbClcLXoHjk4McGD9MyHbJe0W+tPx5km6Cy7khPhzZx5XCCK5ySIVSNEfTGKDkl8hUs8xWMoRsl+ZIM33JHlY3raS/oYewE669XxgylSxvXX6bsB0mFUqSCjcQsm9+7z/O1z4XM5f50fnXyHt5Hl32MDE3WmuvIYQQQgghhBBCCCHuirserursCP7wIUy1WKvWMwbCcez2tdjLNv1Kx7bT/aiNL4EVgk8QMlmRJHbrSqzWAfTQoVrFq7Lwz7yD07sTE0nO914tFoocOnKY73znO8TicZ588nN847/7Bnv37uMv//2/59SpU1QqZTBQLJVw69WVxhiq1Sp79+3jpz99g7NnzxKNxejp6WH16lVYlsXs7CwnT51icHCQPXv28MEHH/D7v/f7PPnk52hOp29Y3ai15rXXX2d0dBTLsuhaVqvs/OjAAd559x2y2SzJRILenl6q1Srj4+OcOnWKo0eP8OGHH3L58mW+/OUvsW7t2htWsBZLJfbu3cuPfvQqBw4cIJVK8dhjj/Horl309vZgWRbDV66w+4Pd/OznP+fcufMEQUB/fz9tbW1k6oFqLBZddOxSqcTgyZP802uv8e4vf0k2k2Hrlq088/STrFy5kmgkwszsDCdOnODDPXv46MBH7N79IV/+0kt84fOfXxSw+jrg7Ox5Dk0cwVKKFanl7Fq287Y+C74OmChNsXt0L45V+/N4vGsX2mgmS9MMTp/mQvYSjuWwsnEFOzq2kQwl8I3PWGGco1MnGJw+yeGJY8ScKFtaNvHC8s+zLr0a27IxxjBVmqESVBgpjHF08ji9yW464u23Xb1qjGGmNMuRyWOcnD1Fa6SZsl+utV2QbFUIIYQQQgghhBDirrnr4WowcRpTnAGtwbIwOsBKtmN1bsAKL358/pOyEm2ffCdloRKt2C0DBEMHa/mUZaNHBzGFCUgtA7sWOrquQyQcwbIsQq5LR3sHV0dG+Na3vsX42Bjd3d04tk2xVKQxlcJxahWnWmtmMxn+3V/+Fblcjt//vd/j4Yceor2jnXC9YrRcqXD27Dl+8MorvPLKKwwODvLXf/3XtLe3sfPBBwmHw4uXrhSRcITGxhSTk5OEQiFKpRJvv/MOR44eZWDFCp566il6e3qJx2NkslmOHDnK3/3933Py5EnGx8f54Y9+RCQSobenh2QyuegcWmtOnz7D3/zNt3n/g/fZsH493/jGN3jpxRevW1NXVxebN22itbWVv/vud8lkM4RDIV54/jmamprme64uDBGDIODMmbP83d9/lx+9+iqNqQaefeZZ/uiP/oiuZdf3zX34oYfY9cgu/vY73+GHP/who6OjRKNRnn/uueurbpXCUTaO5aAARzk46sYDzhaylEXIdnEsB1tZKCxClotSFpaysC0HSykcy6I91sr29i1EnMj8/js7tvODsz/mg5E9TJWn2D9xgEQoTm+ym4Zwsv44fwZtNErB0ckTbG7ZSEusGfc21+hrn/PZi3w0fggLC20MuWoec+tdhRBCCCGEEEIIIcSn6O6Hq0MHwatcNyPKamjHTvdzL8vuVCgG8ebaGpQCFKaUQefGsYMq1PuuhkIhIpEIuh4UVsoV/svf/heK5RJ/8id/woYN63Fdl5GRUWzbng8UtTaUS2VCboj//V/9K9avX7foMfxYNMrGDetpb2tlamqKn/3sLc6cPcMv3n6Hvt4+enq6l6xudBybcChcGyYFvPHGGyxfvpwvvfQiz33hC0Qi18K/uXYAPT3d/F//979mcHCQqakpDhw4wOCjj/Lgju2LzlEsFvnuP3yXQ4cOEYvF2bVrF88/99ySYW80GuUrX/kKw1ev8O1vf5sfvPIDWtta+a2vfW1RawNjDDMzM/zj97/Pa6+9RjgU4rFHH+Ob3/wm7W2tS1ynw4YN63nhhRc4f/48+/bv59/95V8yMDDA+nXrau+jUoQtd77qtDYkzCa2IAC9GVspQtaCkFNBxAnXglbLqg+fUoAFWHg6YOGRm6Npnut7htHiKDPlWSp+laH8FS7nhtgYXo8xhonSBNpoHGVzKXeZE9Mn6W3opj3WdluDvkYL4xyeOMal7BCOcgiMZro8g5F4VQghhBBCCCGEEOKuuuuj1/XEWdA+c0GqUhYqnKgNpLqXlEJZNspekDcbMJkRjFeef6nqeVSqFRzHplwu89M3f8o777zD//anf8qLX3yBVStX0t/XxyMPP8TOB3fMV4JaliKVauDP/uxP2bBh/Q37m1qWRVNTE7/z21/Hsh1s22b//n2MjFxFa73EshWO42C7terKQrHI5eFhtm17gOefe+66YHWh7du28dJLL9HZ2QkYhoaHOHz40JLnuHjpMmfPnCWbyzEwMMCmTZuJx+M3vJWJRJy1a9bS37+cS5cu8+abbzIzO7vktr987332799PoZBnYGCAF1/84pLB6sLrXbtmNQ8//DCWpZicnOTv/u7vr9tGG10PGtV8WOmb4IbHXMhSNmE7XIsp6yG7Xz9exArjKBuDQaEIWQ6OWvwn1BRppCGUmh9kVfJLTJamgFrP1Xy1QGCCWm9f4ND4EU5Nn7mtcFQbzYnpkxwYP4xStTBdG022mp0P8oUQQgghhBBCCCHE3XHXw1VTmKq1BKj9hAGMHYZ7PencUOv/Ov8DYFno3Bj4lUWbK2XhBwH5QoFv/vE3WbF8OY5z40Jgy7JIpVIMrFhx0+0AbNumo6OTpsZGbNthYmKSbC5HECwdEFqWRSxa62VarVZ54vHH2b59+y0HVD3+6KP09vailEUmk2F4+ArlcnnRdidPniSbzaIUtLW11gPZm2ttaaE5na71Kp2a4vTp04u2mZ6Z4b333uPipUtEI1H6envZtOnWfXeTySRdXbW+sqVSmbfffoeZmdn5YNhSNhZWLb43YGHhWrdXpB0YTUX7OFgYY7CVRcQOYSmLuBPFtRwMtdetevj6cdpowKBU7RPuWi4J99pQs4nSFMHcWrG4nB9mcPo00+WlA+iFruSvcnTyOKPFUWxlYRRoE5D18lK5KoQQQgghhBBCCHGX3fVwlXrwdJ2gCv7iUO+umsvIdHD9S9Xyda9Zyqo/7q+xLEVbWxvbt28nEonc9JFupWpVlLZt3/LRb6UUkUiYxsZGlFL4vk+16s0Hch9n2zaRepBqKUVPdzctzS23PE8q1UBTYyOhUAiv6lEoFihXFgfJo6OjVKoVlLIIhUKEw7eebB+OhGvhroFyqczk5NSibU6fPs3IyAjVapWmdJqBgRWkGm5dwey6Ls3pNG1tbWityeVznD17Ft/3a7+3nPrj+waDwVKKsHXrNUPt/Z0LUI2Zq1B1USg846ExWPU/G20MmsXvSa6aI1vN4WkfS1k0R9L0N/SijaESVBkvTcz9swKoWqA7OHOaY5Mn6sHs0qpBlYPjRzk5cwaFVf8CjWGmPLOgYlcIIYQQQgghhBBC3A13P1y97pS1aIhqEVPO3/2lLBT4GK+E0Zr5pFXr+UfD5yhLYVm1qkbHcVm5ciXppiYs69O/lUHgQz0ctCx107B07vyO69LU1EgsFr3l8V3XJZlMEA6H0cbg+T7VanXRdqFwGKWsawOpbqM3brXq4fn+/Jo//si61ppTp04zNT2NMYbWlhZW3EZV79y1xmJxGhpSaK3xvCozs9cqVx1lYyk1HzNa9eFWt8NRNlE7PB9SKsBWNkpZlPwKgQnqFavUh1xdfy/KfpkPRvYylBsm0AH9yV4e7thBY6QRMHjaY6o0hUazuWUjbdEWHGVzJX+VY5Mn5tsHLOVydphjUycoBxXWpdewLr2GwGiM0UyXZvC0t+jfLYQQQgghhBBCCCHEr89dH2hFJFFrDQDzj22b4jQ6O4LdtuquL2eOqRYxhWlYWPun6sOtFg7fUqpeFVmrGG1qbLytQPCW5zeGIAjI5fOMjozy7i/fZXJyEqMNlm3hOM6iIG+hUrmMZdWqal3XXTQ86kbnnKuoVapeC7lED9He3h5i0SjGaIrFEoVC4ZbHzmQy5HI5DBCJRGhtabnu90EQMHzlCvl8Hsuq9Yo9duw4ga+pViuEIxEcx8ZxXMDgez6e7+N5Ho5jc/HiJSYnJgDwPI9CvoDW9XdOqesC4Ewlw76xAzRnmlDKoqKroBSOqlW4ahPgmwALqAYeZzPnmX/TFdf1Np3r5VqrOzUERhPogEpQYbQwzr6xA7x3ZTeZapZ1TWt4omsXm1o24Fg2vg6o+BUy1RyB9tnR/gBjhXF2j+5lvDTJ6dmzHBg/zBf6nl70PniBx/6xg5zLXKA7sYxHOh9kojTFkaljGANZL0fZr5Bw47cVfgshhBBCCCGEEEKIX91dD1etpm7M7DAmqIVUKIXOjqLHTmL6H0I5iyfQ/9oZXQt4Zy6jFlQ8AqhIEhZWPdaDSEwtdHPdEJb1ycOscrlMNptlemaG6alpJiYnmZmZYWZ2lpmZacbHxufDQsuycGz7ptWxVc+rBaSWRRAESw6mWnTZxtS3q53HcRzC4cX3f83q1bS2tnD6jM3oyAhDw8Ns3brlhuupVqtcunSJ0ZERQqEQbe1t9PX3XbdNpVJhcmKCcrmMbdtks1n27d/PufPnUUoRi8XqbQXMtaFUQYDnVdHaUCgUCIVD9PX11itZo9e/Dwsy8Uw1w/7xg8TdOJay0WgcZaOwMEBgfAITYNf3GCtNLHldC3N2X/tczF7ix+dfJ2pHmK1kuFoYJVfJkY6k2dSygc0tG1jdtJKmSCNQ642aqWYp6woKi55EFwOp5VzMXWaiPMVocYyD44fZ1rqFtvj1Q73Oz17g0MQRKkGVjc3r2Nyykf1jB1EoDIacl8cLvFqFsGSrQgghhBBCCCGEEHfFXQ9X7ZaV6Msfzf+slAWlWYLx0+jMVezm5Xd7SRi/gs6OYGaHwbKvZVNGoxo6wY3ccN9PkmMZUwsFL1y8yPHjx7ly9SrFYhHbtnFsB0Mt4Oxob6e3p5fzFy5QLBTqbQgWP1q/5HqUQmt9W+FqbU2173NVr0sFxR0dHTz44E7OnT/PlatXOXr0KDt2bKdr2bIlr/Hc+fOcGDzB1PQ0XV3L2Pngg4sqV7XWFEtFfN/HGEM6nWbrli20tbcRckO4rovj2ASBRimwrVoQqrXG932CoNbz1hiDbdusWrVyUQVxPb4n7sZZ2biCVDiFQmFbNraya9XC1B6rp95LtRpUsZXNmZlzSz5hb+b/a5gqTfPuld14QYWiX6IclHm2+ym2tm2mN9lNSyxN2L4WVvs6YLaSIdA+cTdOyAnRm+xmRaqfS7khMtUsl3JDHJo4yrPRJ+fD64pfYc/oR1zOX6Ev2cOG9DqaI02E7RCKWgVtyS9TCSrSFUAIIYQQQgghhBDiLrr7lavta8CNQSlTS/aUwgQ+euoC/sU9WI1dKPv2hg99WnRhEj15HlOYActamDiiGtqvr6adCznrPQ1uJ/CE2mPwmUyGt995hw927+bgwUMkEgkGBlawdu1a1qxeTXt7B83pJhLJJOPj47z66qugwLadTxSY3i5V7+UKtYpXZSn8IFi0XTQS4fOff5YrV4b5xS/e5qMDH9Hb28PnP/95mpqacOuhZrVaZWR0lB//+CccO3acdLqJxx57jKeeeqpWhbqAZVkYbebbIXR3dfHVr3yFdevWLlojXGth8PH7vbC1wfW/uPatJdLMMz1P0plov+U9yVZyxJwYb195j5tF547l0hJtoTmS5vDkEUp+GVvZxN0Yy1N9tEZbsD9W2RuYgJnyLIEJiDtxQrZL1ImyqXk9FzKXODJ1nKnSDHvH9vNA62Za47VA+lJ2iIOTR/C1x6bm9axI9eFYLmE7jKVqw9V87ZGr5utB8a1bQgghhBBCCCGEEEKIX93dr1xtXYVKtqHzE6ADFKAsG5O5ij/4OnbXJuz2dbWK1rvABB56dJBg+BAYzfzALWMg3oIVS1/XFsCY6wNVfRvhqjGG2dkMr//0df71n/85xWKR7dt38Du/89s8+sgjNDU1Xdcj1fcDPM+jVC5jjKn1UHXs+nCtpV0L8m6/dtGyar1c54JJx3GwraWDuYEVK/jd3/1dkskG3nzzDb79n/8zM7OzbNm8mcbGRow2TE5Nsnv3h+zdu5d4LMZLL77ICy88T39f36LjKcsiEo3Mn9/zPCqVyg1bDaj5IVK3Vytsrvt/g33bn6daVerSfUuvvWYpRV9DD8/1PoNj2XwwsgdtNG8M/Zx0NM0jnQ+SjjRdt15f+4wXJzBAQzhB2A6jlGJtejXnMhc5n71EzstxIXuZD0f38eKK5/C1z8+G3uFqYZS1jatZ37yWZDiJF3iE7BBRO0zRL6GNZqYyizafbgAvhBBCCCGEEEIIIW7s7leuJlqwujYTTF2sVa/ODY3SGj11Ce/g97Ce+GNULF3b4TbKVHSIAAAgAElEQVTDtDthjEbnJ/Av7ycYPYlaGCzqALtjDVa8BbUwXP14tepthKue53H69Gn+/M//H3K5PF3dXXzzj/+YrVu3EI0s1XLAEPhBvXeqwbHtWs/Vm9yLSDRyLfi9zWraWlioMLr26L3ruIsqTOdYlsXaNWuwbZtCocCbb73Fq6++yp4P95BqbERrzfT0NI5j88QTT/D444+zccMGksnEkscLuS5tbW1EIhFyuRyFYpHZ2dn5StRfxdxj/vM/YwjM4orcpWgM/ty2au54BlNvG6BMrd+uNhoF9DZ08dWBL3Ixe5mr+RGy1SyvX3qTZCjBQx3bCTvhWl9UY/C0x1hxEgUknDiOclAokuEkG5rXMjh9igMTh8lUsvxi+D0e7XqEbDnLntH9eIHHzo7trEj1YSmr1u/Xcok6MQp+CY1mpjxDIOGqEEIIIYQQQgghxF1z18NVlI27+imC8x+gy9daA2BZ4BXxT7+DclzCj/8xhOKA9SuHbUsxxmAqefyTb+Bf2A0mAMteEEwanJVPoKKp6wLea5WrtWDyVpWrxhhmMxn27tvL9Mw0ruPy9FNPMzCw4gbB6tzZDVrXBlPNDaq62X2wbQcdBASBJhQK47ruLe+B53u1AVGmdg7btm44nMsYw5mz5/iH7/0jY+MTvPzyyzz6yMMoy2KmHoo2pRppaEgSjUavq8Rdiuu6rFq1mg93f8jE+DgzMzNcGRn5VMLVwGg0Zr7O1BhDoG8zXDWGivbrwWotFPV1rS9swo3jWi4Bur6tRhtDf0Mff7L1j/iXe/8Pil6Ry9lhfnrxZyRDCba0bsRWtXtR8atMlGvDslLhFK7tzl9rf0Mf69KrOT59El97XC2M8MaFnzFemmC2MsuW1k2sa15DMpQEwFY2MTdK1InWrs8Y8l4Bg4SrQgghhBBCCCGEEHfL3Xn2/mPslgGczvVY4eTHqiwVeEW8Y69Ref8/YPKTn6AK8xMKqnjHX8U/8RrkJuDjj41HG3C6t9X6wy70sbYARt96fdlsluMnBgmFar1bW1tb5/uULsUYg+d5+H6A4zj4gU8QBDfs7zq3/dywJTfk3jLcBNBBgO/7AFjKIljw88flcnm+9a1v8fprr7F2zWq++PzzdHR00N7WxppVq1i7ejUdHe3E4/EbPtr/cTu2PUDnsk4sx2ZsbIzjx46Ry+Vua9+bqWjvWvUptbC1FFRua19jNFoHqHpjAG00FV1F19sFLOyzaysbR9k4lsOKxn6+vvKrxN04lrI4MXOK9658yOXsMNSPU/SLTJdmAEXCiWEt+MwlQnHWplezPr0GDXi6yg/O/4T3rn6IrwN2tD1Aa/TaUDBLWYTtEFEnXK+m1mSrudtqUyGEEEIIIYQQQgghPh33JFzFDuNu/BKqdRVmYXfMuYrFwMM78mPKP/s/Ca4cxFSLn+rpdWGS6t6/wTvwjwTTQ/VT1wcnYTB2GHfb11HJ9lo168J9jalXk869cuswSweaSqUyVwxJqVS86XCqWhWpTalUum5tN+L7PsVisb4mRbFUplr1brkuAK31/ICuQGs8b+lw9cDBg5w9dw5lWaRSDUQiYSzLwrIsbNvGtu356trbrTzt7e3lwe07aG9rp1QqcfLkSXbv/vC29p3j+z4zMzPX9cK1VS0YvVaDbLid9wlqoWXIdghMUD+GwdM+xmjyXpGq9rCUwtTbB/jGr71fls2zfU/y2LJHiLkxtNHsHtnDTy/+jMniFL72ma1kyHl5lKq1ApiraIXae9zf0MeOtgdwlYMxUA0qlIISW1s2sS69hkQoft29dS2XmBuv7Q9MFqfxtHfbQ9aEEEIIIYQQQgghxK/mnoSrSims1lU4qz6H1dgNgb/wl7XvQZXg8gEqb/+/VA/+A8HEWYxXuuNzGqMxlRz+xd1UfvEXeEdfxeTGakOs1HxzTZSysNLduOu/CPWBQx87UL2vae1Hz/cXDbn6uFgsSk9PN77vYynFiWPHyecLS+6jtSaTyfDDV35IqVSqB7kWlmUvGVoaYwiCgEq1Mn+8arWC7986XPU8n0q1iu/XqjxdxyEcXrrnarFQwPc8crkcg4MnOXr8ONlslkqlgu/7lMtlKpUK1WoV3/dvGh7PcV2XZ555hu3btuG6LhcvXeKVH/6Qvfv333JfYwwzMzP87Oe/4Mc/+afrfhfoa1W+hsVDyG4m0AElr4zFXNhOvdetwtd+bWCUqrWD+Hgf15gT4wu9T7O8oY+w5VL0S3w0fpB3ht+j5JepBFWqulrruerGFw3ZSoYSDDSuYFXjAL72a62IjeZz3Y/SFmu9bsjWXM/VhBvDKIMxMFWZphpUr/8HCyGEEEIIIYQQQgjxa3P3e67WqVAUd+XjmJnLeOUsppy9NlBqLkT0Sujx03iFaYKhA9hdG7G7t2Gl+1CRFMq+RV9RYzB+BZ0bQ0+eJbi0j2D0BHr6Mnjl+qmuBasYjYq3ENrx39ZC3yXCTMd1cUPu/OAgz7t5iKmUorGxkR3bd/C97/0jAEeOHePNt97i+eeeo7OzY/4R/lKpxODgSd586y1yuRwtLS2Mj4+TyWTIZLN4noezRDsB3/fxql7tEozB93yC4NbhpuPY6EDXB2c5gLrhI/29vb00NTVx8tQpdu/ezejYKJ2dncRjcUIhF60Ntm3j1u9PIp6gra2Vnp4e+vv6aGxsXPLe9PX18t/8s39GEAT8/Bc/Z+++vVS9KtNf/212PriDxsbG69YUaE02k+XE4Aneffddjh0/zte++rXrgmdf+/japxaNKrTRVPXtVfIaDBqNNhpLWRgDZb+CNhrf+AQmwNQHWvnB9VWiSil6kl282P8FKn6FM5lzTJWn2T26D8dyqQS149jUWgnA9Z8v27LpTnbycMcOTs6cnu/nuq55DXE3tihcty1rfmAWCmYqM5T88vzahRBCCCGEEEIIIcSv1z0LV0Ghku04a57FlHP4Z94Gv1obbDW/iVULSHPjBKUZ9MwlgitHsVLdqKYerIZ2VCyNiiTBcq4Nx/LLmHIOXZjEZEbQ0xfRs1cw05cx5SxzodvCilVjDCrRgrPmGZzlu1DW0rfG930qlQqB7+MtqNK8WZ/RaDTK5k0b+dJLL/GjV18lk8nwg1deYWJinI0bN9LQ0ECxWGJ4eIihoWFSqRRffPGLRGIxvve97zE7O8sbb75BLpdlw4YN9PX10ZBM1pduqFY9stkMnlerQq1UKvjB0o/3L+T5fn0fD6UU5XIZ3/cJh8OLtu3t7eGZZ56mVC5z5swZDhw4SCh0HMdx5kM/x7ax6i0CIuEwDakUrS0trF6zmocfeogd27cvGrTlui6bN28GIB6P88Hu3ezf/xG5bI7duz9g/YYNNDeliUQj+L7P+PgEFy5e4Pz5C1QqZbZu2cqO7duvO2ZgauHo3HAsbQK84DbbJBhNJaguaCmgawOt6r1WtdG1ALa+XSmoECc+v79jO2xq3cCVwgjZapax0gRX8yP8fOhdQrY73wrAVvZS2T1xN8Hq9CpWpJZzLnOBJ5btoincuGRYaimbsBWej2hLfplsNYevg3p4K4QQQgghhBBCCCF+ne5pAqMsB7tzAxiNCaoEFz7EeKVrFaxQC0CVgsBHZ0bQsyMo5xAq1lT/akSFE7VwdW6kk1/BVPKY4gymMA3lLGif+UrBhUHVXLAaT+Osfgp3y1exYukbrxlFS3ML27dtJ55I0NHRfstw1bZturq6+IM/+O8JhUMMDg4yNDTEj3/yE/bt/4jGxhTRaIxkMsnAihU88fhjDAwMkG5Kk8/luHDxItNT05w5c5aOjk66u7quO74f+PT397Oss4typUxLS8ttDZXyPI+urm527nwISyna2trwg2DJbZPJJE8/9RSVapVcLsfVq1dpbm6mIdVAPBYnEg7jeR7FUpHMbIapqSkuDw2hlOLQ4UOcPHmSqufx+KOPLurLmkwm2LFjOy0tzaxdu4bDh49w9uxZ3nrrZ+z/6ADJZJJIJFK//xCJROhatoyNGzfy0M6ddHZ2XLfWsB1mY/N60pEmlFI0R9I0hJK3vB8AjuXSGe/g6Z4nsJWNNpr2WCu2smmPtbG9bSt9Db1YyqI7sQxnidAzGUrwSOeDGKMZyl/BtWqhqms5LG/op2qqdCWWLRmAOpZNV6KTF5d/gaNTgzy67CEiTmTJlhBxJ8aaplXkvTy25WCMIeZEb7vnrRBCCCGEEEIIIYT41SjzGZh+Y7wy/vBB/MPfx7/8EVTy9QrWG4REteffr+8sqWrBp2GuH6qZ/4VSaslH/OeOoxLN2Msfwd36Wzgd6298XqBQKHLx4kUuDw0RjUaxLMUjDz98XQXnjWitGb5yhY8++ogTJwaZmJggCAJi8Rg93T1s2riRLVs209jYON8n9MTgIJcuXqJcKdPc3MyK5ctpb2+fry7VWpPL5fhwz17C4TDlcpmuZctYvryfRCJx0/VMz8xw5swZ8vkCGGhsSrF+3Tqi0eiibTOZDMdPnGDv3n2cPXeOWDTKylUraWttpaEhRSwWo1wuk8/nmZyY4MLFixw7fpxLly6Rz+cIhyM88cQT/Mt/8S9obEwtGf4aYygUCgwND3P8+HHOnjnLxOQk5XIZy7aIRWP09HSzZs0a1q5ZQ0dHx6JKWIB8tVCv4KxV79qWTUMoSTJ08/sBUPErzFRmqQa1al6tA5oijcTdOHmvQKFawDcBKAhbIdKRJtwl2lMEOmCqPE2hWsCxXByr1gogMJpqUCEdaSLmxpasSA10QMkvM1OZpTPega2sJT9bnvbIVfNkKzlsqxYEpyNNxJwo9scGsQkhhBBCCCGEEEKIT+bll1++5TafiXAVwHglgvFTeAe+SzB0AFOc4Vql6Y1Dy4WLV0u8tvD1hXvVOggoVLwZZ+UTuBu+iN2x/vqq1ttZ98d6bt7uPvl8nmw2iwHisRiJRGLJoPCzoFQq8+4vf8n3/vF7VCtVnnvuOZ566klaW1qW7AEbBAEzs7O8//4HvPrqq+zbv59qtUoqleLf/sVfsH3bA0vut5DWhkqlQr6Qp1gsYts28XicRDz+mb1PQgghhBBCCCGEEOI3x+2Eq5+ZxozKjWJ3bsR6vAXv5Jt4R3+EKcxAUKlVmMKSIetSceaSIevHflBuFKuxG2f987hrP4+VbL+zdd/BI9hKKZLJJMnk7T2qfi9pYzh67Bj/8T/9JwqFAv/DH/4BX/3KV5bsyzrHtm1ampt54fnnSCQSTE5NceLECarVCsdPHGfr1i23/OBZliIajRCNRj7dCxJCCCGEEPe9TDXLfzzx//H+6IdcKYzc6+WIO9QdX8aujof4n9b/IalQw71ejhBCCHFHPlMjxZXlYDV2E9r5e0Re+DOcgV21YVVz1aRz7QDqX7c8njGo+j61dLW+jxPGWbGL8FP/C6EtX7vjYPW/BpVKhe985285e/YMj+7axc4Hd940WF0oFAqxcmAF27Y9QBAEKBSZTPa23jshhBBCCCFu5N8c+Su+e+4HEqze54YLV/nuuR/wb4781b1eihBCCHHHPjOVqwspy8Hp3obdvp5gaB/eqbcILuzBFKZq+aiybtoq4DpmYagawl6xi9CmL2N3bUGFP/uVo/fa8PAVBgdP4vs+HZ0dpBpTn2j/WDxOS0trrceqUvT29GDJwCUhhBBCCPEr+GB0z71egvgU7Z84eK+XIIQQQtyxz2S4Os8JY/c8iNW2Fr3hJfTYSfwrR9Djp9C5CTD6WhWk1tcPrlIKlA3RJHbLAFbneuy+B7GbB1DhBDihe3dd95FsNkulWgUUruNg23cyKKn2HoXDYfqXL8e6ybAlYwzVapWpqSl83ycajdLU1ITjOPi+Ty6fp1QqobXGsW0SiQTxeByA6ekZKpXKfGWzshTxeJxoNEq5VMIYQ2NjY+26cjkC3ycejxMKXfssaK0pl8tMT0+jtaahIUUymZi/7mrVI5fLUSoVcRyHhoYGYrEYUBv65fs+DQ0NuK5LuVymXC7jui6hUIhMNkulXMEYDaja2hNx3Hr/Wc/zKRQK5HI5HMcmnU4TCoUIgoBMJku5Uq593g21a4vFSKVSKKUwxuB5HjOzsyQSCaKRSK23b6GADgISiQSVSpVMNlM/hiEUDtOYSuG67nx7C2NqvW4zmQwoRWtLC0qp2mvZLI7jkIjHCYfD8/cqk83S0tw8P9StWq2SzeaIRMLE43GMMZTLZUqlEo2NjfP3slgsUiwWSSSTRBZUQ9c+Ax4zMzN4XpVQKEQ6ncZxHIIgIJvLUaq/n5jan3osFqOhoWH+fUulUoTDYTzPI5fLEwQ+yWQSy7KYnplBB0G9EN4QDodoaGggCAKq1SrRaJRIJFK/75n5a83n82hjsJRCG4MC4vEEqZQ8wiaEEELcTTkvz3Rl5l4vQ3yKJkqT5Kr52xpAK4QQQnzWfKbDVaUUuBGUE0ZFGrBbV+OsegpdnMbkxjD5CXR+ElPJ1ypUAw9lu6hQDGJNWMkOVLINK94MkSQqFAc7VOvJKtWTt8WyFJalCIKAYqlMtVr9RPuXiiWmJqdQSrF8xXJWDqzAtpfuRqG1ZmJiksNHjzA6OkoiHidfKLC8fzlbNm8C4PDhwwxfvUokHCbwAxzX4cHtO+jqWsZ7H7xPsVgkHI5gWRaObdPf10draysnBgeZmJzkpS++QDQa5dSp08zOzrB582ba29pq5w8CRsfGOHzkCLlCAUspCsUiD+/cSX9fH5VKhWPHj3P58lAt0AQikTCPPrKL1tYWjhw7xuzsLI889BAtLS2MjY1x8eIl0uk0XV3L2L37Q6ZnZkgk4gR+QKADNm7YwMoVA6Dg1OkznDx9CrQhqAeiT37uCRzHYfeePeRyOSLhMMpSuK5Lb3c3yWQS27YxxjA9Pc0v3nmXbQ9sZXl/P77vc+LEIKVSic2bNjIyOsr+jz6aD5gLhQK9PT2sW7eOluZmlKq9z+Pj47zzy/fQOuCrX/4yyWSSkydPMXjqJM3pNBs3bmRZZyelUonBwZMcOXaMx3btYmBgBbZtk8lk2P3hHhqSSTZv3kQikeDS5cucv3CBpz73OaLRKAB79+/n8uUhdu7YwYoVywmFQmitGR8f5/CRo0xMThCLRslkc/T39fLA1q0oy+LgocOMjIyQiMdRSuE4Dl1dy1i1ciVvv/Mu+XyeXbseYcXy5Vy5coWDhw9jjGHL5s1EwhHefOstEskEITdEoAOam5tZu3oNExMTnDl7lq6uZezYvp1KpcLuPXvo6+khFApx/uLFeuDr4TouDQ1J+vv7SaXW3+FflxBCCCHuRNKVAO43TWACCVaFEELctz7T4eo8pVBOGJwwRJLYyXZoXo7xyuBXMIFX285oUBbKcsAJodwoOGGU7V7r2yo+kWWdnaRSKYaGhhm5epXpqWlaW1pua98gCBgaHuLQ4UM0NTXyW1/7Gol6lelScrkc58+fY2pqim0PPFAbhjU5yanTZ2htbaE5naZYKhGPxti0cQOVSpUz585x+OhRWlqamZmdpauzk97eXmLRGErVKlc9r0o+n+PqyAiDJ0+yZfNmyuUyhUKRwPfnz1/1PCYmJxmfnGT7Aw/QkGzg5KmTlEolPM/j9JmzTExO0dPTTUd7B4VigeHhYfbt38+zzzxNpVwhny/gBwEAnudRLBWJVeJ4vk+xVKSlOc2mTZvQWnPk6FEuXx4i3ZSmVCpy9eoVOtra6O7uplgocurMGTLZLI2pFLlcjrbWFvp6ewmHwyjLIh6L1dot1Pm+Ty6bJaif3xhDqVSiWCzg+z6VcgWtNVs3b8a2bUZGRjh34QJNTU2kGhoIhUIYY/D9gEKhgOd5TE5OEolEGB0bZWZmlkgkiud5GGPI5fMMXbmCV61y6sxpent7sCwLHdSqPEfHxmhsamT1qlV4nkc+n8foWhVzoVDgypWr5PJ5xibGaW1rpTmdrn0GLlxgZmaGbVu3kkgkGBufYHJiglKpRDgcplQqkojH2bqldh3KsohGo/VK3Twzs7PMzs5SLpeZzWSZnJwiEo1QrVaxLZtcPs+2Bx6gsakRhSIcDpFMJrg6cpWJyQkqXpW+3l7iiQS5XI5yuUxnZyexeJzz585zdXSE9rY2Vg4M3BdD6YQQQgghhBBCCPHrc3+EqwsoZYFtge1Kz9S7IJ1O8+wzzzI+PsGHez5k1aqVtd6rDTd/FNoPAo4dO8aPf/ITpqameeGFF3jyic/dsK2AMYZMNsvk1BSd7e2sXrWK/5+9uw9q67zzhv/VKyBebBAyL8agRIYYN04c42nwRsoEP0/rzt3kaZpk7OB0GNxM2hniGbNLN1O6dblpMqVPskzhmYSZNpuaYdbG8SRtejd733V2B7KWdk1a4yZ1YhzZNAKTYFcIg22EeZOeP86RdI50kITMq/P9zCgO0jnXua7zcp2jn67zO1qtFhtMJlweGsKVK1eRpNcDUEGfpMf69evh9U4Cfj+8Xi/8fj80KhW8k5PCLfS3bkGv1yMlRRjFqtFoYUhJwYVPndiYnw+dXicLTAKAWq2GTquDz+fD559/gbmcWeTn5yM7Oxt+vx9fiCNmizdvRnZ2Nm7dugWNWo3TH/wRY2NjUKvVUKlUkI+JFv5WAcG0FRq1BiqoMDs7C32KMHryyt/+hrm5OZQUFyMnJwczMzNYv3491q9fH5zX653E2Pg49Hq90Lbk5ODt/BCn8auEPLlTU9OYnZ3BiMeDlJRkoR6q0HSBW/h9Pl/wPWk5ycnJyFy/Hleu/g3r1q3DrakpGAwG6HTaYAqCsWtjmJmZxgMPbMcnfX24NjaGDSYT/BBSDvhuCAHt9PR0Yb2oVIBKGKHscrmQnpaGjfl5GB8fh9vtRub69bg2Noarf/sbNubnY/PmzQCAVEMq1q/LQEqKAT7fHOAXHrR2bWwMGrUGGq0WWZmZUInrNiszE16vF6Ojo7h1axI6nbDt/T5/sJ3Xr18HVMKA96zM9cGUAclJyZiemkLfhQvYdu+90Gp1wVHEWVlZGB8bF9IgZGdj48aNsvVGRERERERERF8+ay64SstLp9Ph61/7GtxuN/79P/4d7777b9Dr9Xjo7x5CTs4G6PV6WYBpZkbIlXm+rw8n33sPn376KWw2K5749hPIysqMuqzp6WnMzM4iMzMzmAfVYDAgLTUVXq8XU1NTAPzwjI7iL+c+FgJtAEqKNwt5Q9VqTHi9GL8+Dr1Oh+TkZKxbtw5arRZarRb5eXkA/OjruwCVRi0GQUN112q1yMnZgNJ77oHbPYLPXAPQaDVI0uuh1WgwNT0VzLGqVquh1+uRnpEBn8+HyclJMbgnf9iaSiX+R8yLOjY2houXLmFsbAwalRpFhYVISU7GrclJqMUcshqNBhqNBoWFmwAAN2/cBCAEkcfHx6ET25YRHuBWCdHC69evQ61WYXZ2Dt5JrxiEFSaZujUF18AArt+4gdmZWdxlNiM3Jyci6K3TapGXl4fRa6MY+vxz6PVJWCfmZ4Xfj5s3b8Iz6kGSXo+N+RvxqfOikAIhU9jGwvv58Pv8+Otf/4rU1NRgQHdmZgYXL11CVqaQLuHshx/B4xnFVOEUpm4Jr6ysLKjVaiG1wsAAZmZmkJSUhOTkZEAF3JqaEgPaGuh1OszNzkKn18MPIDc3F9PTM/hieBjT09NYl7EO+iQ9/GLuXyGQL+Se9fl8SNLrkZk5B7/fj3Xr1gmpCMav4zPXgCwAHwgOC5tTFQoYExEREREREdGXFoOrFNPdd9+FJ779bWh1WvT2nsX//t//B59//gU2b7bAaMxGUpIQCJ2ZmcHY2BiGhj7HxUsXce3aGB786oP45jf/B7aWlsYMRGk1GiHP6YQXPp8ParUaMzMzmLx1C8lJydCIwbm52TlMTU0hJTkZZrMZJcWbhfd9PmRnZ6MgfyOSk5Oh02mRnpYWDHyuX78O+Xl5OP3BB8IoRX2SLPXu7OwsfH4/cnNzkZuTA/fICD51OvGp8yLu23Yv1Go1pqeng3ln5+bmMDk5CQDQ6/XQ6XRQq0MjV30+H3w+n7AMv18cEZqCFEMKBgcHkZWViczM9TAYDNBoNPCJD1Ty+4Wcq1evXkVaWroYM/XDaDSiYGMBkpL00GqFtsn4/QBUMBqzkJubi9mZWUx4JxB4oBgAMYCbDs/oNVy/fh333vsVZGRkyIKIgYeBGY1Z+Jv7b3BevITcnBzotFqo1Wr4AVy7NoYrV67A7/dj+Mow1GoVLvX3Y2vpFgTWQG5uDlRQwTUwgNHRUejFh1bduHkTw1euICkpGR7PKG5NCg8QGx8fDwbCA6ORfT4fbty4gc9cAzAYDNiYnw+VSoWM9HQUbtokjkrWQCfma53zzSErMxOjo6O4fHlIGP27bh1uTYsPOhOfgJWfn4/M9ZkA/EhNTYVOp4NvzoeU5GRs2rQJI54RXPj0U2FdKKQUCT40jcFVIiIiIiIioi81BlcpJrVajW3b7kVOTg4e/Oo59PT0wOl04lJ/v/BUdr0eKo0a01NTQmB0bg4Fmwrw2GOP4b5770VmZvQRq4AwEjAtPR0Z6Rm4PPQ5Ng4NIS01DR6PB2Nj47j3KxuFBxgByMnZgAcf/CrSxVGegafZB4JjqWmpMKQYEAgqzs354PPNYW52Dhs3bkTBxo348C9/QY5pA6QjV6empzE0NIThK1ewY/t2bLZYcO3aNYxfvwGNRoNsYzY8Hg9cAwOYnZ3FzZs3MeAawPr165CZmYmsrDEMXr6Mv7ndAICR0dHgiMtAMC4vNwdf3bkTqQYDPvrLX/D5F1+gpLgYRqMR169fx2efuTDn82Hi5k2c/fOHKNvxALKysgAABkMK0tPTodfrgkG9QBAaEAJ+AJCbkwvL3XdjZmYGbs8IJiYmxMCiMBJ4+/33oahwE/7zlB2XL19GRno6NmzYECzH5xeCwmlpaUg1pOKC04ni4s3wjc3B5/NjdnYWo6OjuHFzArk5ORi/fh1ZmVm41EtiZu4AACAASURBVN8P98gIUpKSMTs7C61Wi00FmzDhncCHH/0F+Xl5Qh7ewUEkJSVDo9FgwuvF+sz18HoncOXqVeTl5cFoNGJw6DJycnOQlpqKosIifP7FsNhmod16vT54K39gNKyQL3YWBoMBExMTuHb5MjIy0mHISMfNiQkh9uwXSshIT0daWhpUKmH/DgRy53w+pKWmIi0tFX/9zAXP6Ci2lBQH9xG/H/CJ25KIiIiIiIiIiMFVituGDSb83//Xbjz0d7sw4vHgypWr8Hg8mJiYgF6vQ5I+CcZsI/Jyc5GVlSXcwr0A6zIyUFi4CW6PB2fO9CI7Oxuff/EFMtLTUbBxI/R6PbQ6HdRq4VZ9nU4HIBRUTDGk4MrVq5ienoFOp4Pf70POhhxkrBMe1qRWq6HT6XD/ffdh4PJl6CRBSgBITkpCSnIK3G43zvSexfrM9Ri+chWbN1uQkZGBLfeU4M8ffoSLly7B7R7BrVu3cPPmTZTt2IHk5GTk5+Xhk/N9+PRTJz7/4guMjY1hXUYGcjZsgN/vh1arhVq8lbykuBh/dbkwNPQ5Npg2YFNBAa6NjeHTixcxem0UN29OwOv1Ij1dGFWanJyML4avwOudFMpRq7HBZMLmzZZgUFSlViM5ORTIBYRUB3qdkLpBo9EgSS/klM3OzsY995TgL385h6ysLGRmZiJJHFmqVgnrKTkpCXm5ufhieBjrMzLgnZiAz+fH1NQUvN5J5OXm4pGHH4ZGq8GtW7eCI1Lzc/Og0+mgUauxbl0GCjcV4vMvhqHRaDA5OYnBoSGUlBRjx/btSEpKwsTEBP74pz9h/Pp13GU2o6iwEFevXsWf/nQGpmyTkH5AzLOblCRs95GREZz7+GNo1Gqo1BpsMAk5UHVaHZKSk4Q2rV+P9IwMpKSkQK1WiekW1EjS63Hh00+RmpoGwI/kpGSYzUVQa9TQajVQqVXIzMzE/du24b97eoIBfADQqNXQabXz5g4mIiIiIiIioi8XBldpwVJSUrCpoACbCgoWtVydToeioiKsW7cOl/r/iuvXr+OekmLcfdddyMjIwPT0DMxFZqjVqmBgNUCr1eK+r9yL8evXMTs7A78f8EMFlVqFVIMBd911F1QqFdRqNdavX49dDz6I2dlZpKYaZMu/6y4z0tLS0N/fj4mbN7H9/vtguftuGAwGpKeno/zBr2Jw8DJGRj3IyEhH2Y4HkJ+fDwBYv349Kh5+GJf+2o+bExOwWCwoLCiA0WjE5OQkSrdsQYb4dHm9Xo+/e/BBXB4aglqjRnp6Oh64fztMxmxcuXoFG/PzUVy8GZmZmZiZmcE9JfdgbOwa5uaE0aMajRpqtfwhVOlpabjvvvuQbcoOBgQLCzZhZnYGqampyM3JhU6rCwYGt9xzD1QqFZKSkjAzO4ukpCRoNBpkZq7HvVu3wmAwYJN4673JZIJOp8PsrJDnNikpCakGA5KShYCswWBA+YNfxY0bN5CaakBJ8WZkrFsHtVqNvLxcWP9uF27cuAmdToeNGzei2GIRg55C2+8pKcHU1BRUKhU2bSpAWnoaXJ+5MDY2hrz8PBRu2gRTdjbm5uZwl9mM1NRUzM3Nwe/zB0ev6vV6PLD9fmQbjYDRCIMhBWlpadBqtUhOTkZWZiZ0ej0eeGA7pqen4fP5xBQIaqjVGuTl5mL9unVIT09HSnIKijdvxtzcLHJzc4PrLNuUDa1Oi3Xr1jElABEREdEa5PV60dvbi5GREQwMDAAAioqKkJ2djbKyMhgMhhglLK2TJ0/i6NGjeO6552Cz2Va0LkREy2FsbAw9PT04ceIEhoeHoVarsWnTJjz33HMoLS1d8X45Hio/728lIiIiIqI1ZOfbjyzxEn6It578Bsyy926i96NH8f1LCy/H6H4VFafeWtQaxqPy4XdRZxrF79+uQuMK1yWWM0++v6Tlu91uvPPOO7Db7VGns9lsePzxx2EymZa0PvP52c9+hgsXLmDLli340Y9+tCJ1ICJaTv/xH/+Bf/mXf8Hly5ehVquRkZGB8fFxbN68GfX19bjnnntWtH51dXUxp+HIVSIiIiIiooDNLei+fzvgfhU7JUHIyoffRd3976M7f3UGJ5V0nnoUnStdiVWgt7cXr7/+OrxeL4xGI2w2G0pLS5GdnQ0AGBkZQV9fH+x2O+x2O3p7e/Hcc8+hrKxs2eoYWPaFCxcAABcuXMDPfvYz7NmzZ1nrQUS0nHw+Hy5fvowPP/wQKpUKJpMJzz77LJqamtDT04PR0VHZs2ZWq9VdOyIiIiKiJedGV2MVqo70zT9J3xFUVVUh2iSx9eHIbZfhRl+fO/6puxpR1diF+Oeghru3I336Q/wqLIDaeepR/P4GkL7OisoVqhstXG9vL1pbW+H1evHMM8/gF7/4BZ544gmUlpbCZDLBZDKhtLQUTzzxBH7xi1/gmWeegdfrRWtrK3p7e5eljr/61a/w+uuvBwOrARcuXEBraytef/31ZakHEdFy+/zzz3Hx4kVcv34dWq0WDz30EB555BE89NBDmJmZwccff4yRkZGVrmZMHLlKRERERATAMngCjV01aNgdfjtwH46cGIRlRWol5UZXYx3stmY0lK50Xe5w+iyUKLzd+N4jaAz+pXybvXArPsJSCFjx1pMHQ2kGpj9E8+9rJaNKn8IvHzuIMr1kYTf+gJ3v/VzyRvg00jQFQl3g/hBG03aki/M337JK0gLEWxcAZR04Yy4M/a00zRrgdruDgclDhw4FR4B6vV789re/DeZcNZlMwVQAe/bsQXZ2djCoWVhYuKQpAn7zm9/A4XBEncZut8NoNOKJJ55YsnoE9B2pQhPq0XFA0sm4u9BY1w5UN8v7x74jqGoC6jsOIFaXpFjuatd3BFUnitDcsBvSPcDd1Yi69n7xLwuqmxsgO230HUFVU7f4R0WU9SPp04MFCO8Fi1coQ758oKK+A8Jq7cORqiZ0I5JFsu36jlQhWD2F+sk+t1THaH+09i0vd1cj6gb2Lso+5u5qRJ3dFtH21SD8WJJuj9C+MA93Fxrr7LCF77OKnwv7ExTLjPbZwnz22WeYmZnB3//93+M73/kOdDoddDod/umf/gkejwdOpxPDw8PYsGHD7S1oiXHkKhERERERANhsKLSfixzl2deDQZsNhUrz0B2n0TMIoBCPPfk+3lqku7HTTdthdL+KnW8/gp1vv4pebEfdYy3iCFgxaIoP0fz2I+I0f4Ar/RvofvgpsYQf4q0n5dM0u4Gy+9/FLzeHlmM2bYbzI7EMWWA23roIweEz5kK4XI/MO81acfTo0eCI1UBgdWBgAP/wD/+AkydP4sKFC7hw4QLsdjvq6uqCI1XLysqCI1iPHj26ZPUL5IGNx3vvvQe3e+nHoJeWVwCDw/J+cGQA/RYLENY/uocHAUsRspe8VitAFiANEQJZhajv6EBHRwc66gvRXncEfbL5BlHdLHzeXD2IpnnuHnB3tYUFUQG4z8GOajQHyu/oQIc0eNl3BEKcW/ysuRqDTY3ocgNAKQ7I5utAc7UFQAX2ipE0d1cjmrorgvUPr58QWA193rF3AHXS+vcdkbU/WvvWMtPuBnSswsBqJDfO2ftRUS9sj9uOK5t2o6FjnsDrEvH5fNi4cSMeeOABJCcnQ6PRYHZ2FlqtFo8++iiysrKwFh4VxZGrREREREQAgG0oL6zDu327JV9Q3Og6MQhbTTkGwqaWj/4B5COY+nCk6gSKqgvR3t4NYXRPeXgJ4igjyXziCLHg9+2KwOgUyWim/jpU2avR3JCHd6uagOpqDLaH5ok6ckUhYGAJG40WPipK/nn4qKrVM2pp0fRWoTn1XdSZ0mA2v48zgSGetzN688YfJKNb38L3+6zovn87niwDOns3w6gHbrgdkrJ/jqfeDgVHKx+2woxB/F6y/M5T7XjksYMoyX8KCIyQveGI/cCtqHX5IZ40pQE3/oCngnfEh6b53sNPoXON5Jt1u904e/YsjEYj9uzZE3z/t7/9LbxeL1JSUrBnzx6kpqbiN7/5DSYnJ/H6668Hg7B79uzBH/7wB5w9exZut3tJRq+GpwGIxuv1YnBwcOkftJVdBEu/Hefcu4MBlr6eblTsbUbRiTbJ+0JQx2KrCQagYo7olIg6elLWT8nLCYxOrEdTcP6K+g48OixZdkXYCNmwfi/66L5Qv1xRYUH3oPQzsc3VNaG6lj6KaksdevoOoLRUWFeoqA/W17TNBku7fH2KDUGbvRAVln7IFjEygP7C8nmCem50neiGpbo5VJZpNxo6dis3xd2FtvZ+VNQ3BOs7MtAPVOwN/i3UbwAjAEzog1D9A/L2IXBeDC0/OP/uvahoPyHbL6TniIr6eqDpBIqaG7DtXNhoUIVRlH1HqtBTLm6fKNvN3dWINthQ2N6ObgDleyzoOdkPoAlVg9Vo3juAurBR1dLRqIgYmSofiRk5clU+Klh2XnR3obFuAHvrgabQThl1H5Tv82EjjsPnlV0XVKCiIlhoaL6mKnQHRhlLl2WpRnVhO9rDRo0PvNuIqu7+4DTRtklEPSrq0XFA+sE8I6YVRj0rKSgowPj4OGZnZ3H9+nUYDAb4/X7cvHkTOp0O9913X8x+b25uDnNzc4gWgtVqNNBoNDFqkziOXCUiIiIiEpWWV6C7R5IU1X0OdtiwLey63t3ViKZB6eiiZlRb+tHeJh3B0492e5E4TXgAUvwyUlGPjsAokb4jqKqzw9YsKXOwScwFa8LuhmZUW4QvddIRNd3tknnqK9AdHMUUxt2FRsmIqsCopv72tuD0QnBEPioK7XVintg+HKkSbmHtkI5aqpKM2rpDdJ56VBy1+Qh+f0N8U78ddU++LxlNGr8bt8IinpcccE4DZuMPAfwc524A6aaDOPNkBxoU5i9JTgOmR+GUvfsWvv/7R2QpCSKWs9C6lG2FGYDL83PFadKTN2OtOHv2LABEPAyqtrYWzzzzDH70ox/hiSeewJ49e2Cz2QAIAUzp6NDAvIGyFttCR6IG0hgsKdM22Cz9GAimOOxDT3cFyktNyCvsh/1coM4jGOi3wLYtNCKyzm4L9YnhIzolwvtP2ejHsJGfQjlhfVp3E3rKQ31Yd1OVcDu42GdZuk+Epg+mLlAa6amsqLoZHR0NeLQoYuVgd0NHWOqYEQxIRp+WHuiQBbHc5+zot4SfQ9zoarPDVvMowhfhHh6EZfAEqqqqxJdkHbrPwS5Z57H0vSsEwqRxuuwiC9DdEyxTqJ909LEFRQpDkQeH3cG2FuZJl5+NIktov+g7Uof24MjbZhSdCAXdTNtssPQLgdzgsqG0ryGu7dbfbkeRuJ/UPNMgjNKtqBfOj6XlqEA3QqdzcYTn3kRGowrn68HqwLmvHoXtdWiU75RoOlEUbHfo3I3IfbqjHhXoRtORPgjBaGnZwryNoZMyGuvaUVgfOB6A7mAUsxQHOoTrgor6DqHd7i40NnUHR7J27B1Ae0TUsx/d2BuqS3872qIdEOH1iPhlImzEdHM1LEBc6/rjjz/G1atXMT09jT//+c/45JNPMDs7i6mpKfzpT3/CRx99BL1ej/7+/qj9n9/vx/Xr1zHq8Si+ro2OLvnoVwZXiYiIiIgCSstREfbFE7ZtEV8QIm8ZNGGbLTIrq0VhXllgVfIlpa+nG5bqGsloERN214QFChTI5ik9gPqKfrS/qxDSULjdz7TNJsklGxqVJR8VFRhF1INuSzVqJAWYdteg2tKNE7G+mK1hje9JbtUHkG6qlt2KHw/PRPTRno3vPYKdrlA6gjNPvi8JtD6F/KTE6p5IXQAII3aflL7C8sGuARMTEwAig6uAMCq1qKgomHs1kPM0JSVFNkIqMG+grMXm9XqXpNzbI/RlwR+Z3MMYFINvpeUV6A+kBnAPYxCFyBNH6r/bDlTXSPrE0gOor1DqG/rwbrs8yBXqTwMjI2P0aZZqPCp2nUIfZkF16A1JcFgoTzYS07QbNdVQ7iOFBWL3Au6JdnedQLekPqFmCg9BrAtfLwDQ9y7aC/cqjuodGehHP2zywLPsB6xC5KELjcHg6/w/pp3olqwXkWl3AzrqgSZx/rqBvZJzWSnKK8J+JOx7Nyx1QXjw1YS8YM4cceRrcNuasHtvhWTSbbBZQgHPkYF+VFRIftDs60F3RTlK491uEUFrqVKUV0CyH5+DvV8M3C5QYBuHzn2lOFBfgf72dyXbxSLZzmK7A9cSpQdCP6JK6qZMHsAXgt+S/av0AOrnnVecXhpQL30U1RGXJtL9QqhL/0C0B0b14YiYczl22gE3utpiT3v9+nX88Y9/xMDAANRqNVJTUzE7O4u+vj50d3fjP//zP/HXv/4VGo0GaWlp8Pv9OH/+PM6dO6fYH6vVaqjVaszMzGBqakr2mp6eDn6+lJgWgIiIiIgoqBTlFU3iLZ5unLMDthoTgHm+eITf6mexyT6Wj/ARdDc1CZPKvqG6MTwI9HfXoao9fA4LbOFvRVlGdpEFsA/DPe/N+uG38AXKF0cl7Z3nhlShgqiLrGB4s9euzS3ovn87PK5HJLfFB/wcT7m24oy5EMZ1CyvWmPoUgBhBzd4q7AwsU6zHY092AG//r4Ut7LbrcjPsYVxrU6xb7r1eL372s59hcFC4KdtoNKK2tjahshIVWHa8lqoe4Ux5haE+ROgEhaBRaTkq+nuE3vCcHf2B28vdwxhEP7rrqhDeO1iqw95wD2MQFtgUE7Uq90HZRRZE5GWRCQR5lcvrbqqKvGU5SoAqXqGR/goj9EoPoKPjAIT+tgpHpA+dagLqO4R0L5GzdaBD8rdpdw2q7XU40fUoGrYBQDea2oSRoUJc+wiq6hqBsNu4AyNma8Iq1nekKjhq2CS2oaqqMHiLeumBZlQ31oX6+Yp6IUge1wpR2Lal5agIJj4QArH2YTdQOiKMUm0uwmCbsK+N9HSjolxYZ4ux3UrLK4ATQtmmkQH0V5QnlMJmRNgp5ds4uwgW2U4Ztg9mF8ECO4bdQGkob0ZY2h8gEIhtbxLP/WG30istO9rxMDLQH3ZtIQ1+J0a4ZrGgOo4R08GRyzF+oHC5XPB4PFi/fj2MRiOSk5OxZcsWuN1uDA8PAwAyMzORm5uLzMxMAMDw8DCuXLkCg8EAi0UeMVar1TAYDMGAqlQgQMvgKhERERHRMiotr0BTTx8OZA/Djsgvp4A0t6AF1c0d2G0K3BYbxwIq6tFR3oOqpjZ0bQt8IRaCAOH5TxeV5IudpboZHUKl0RhXpcUveXHmUFuzLjngLN2OsvwWVPbOl1/1Jjzj8xdRkpwG4KbsvYjb6TdbUaIHXF8oP3QKl2rxq/x3UWfKQv7mt/D+eDXKTFkoCZus4evv47GkD9H8+yvR2xVvXXp/CJf5G2IeV2kA9od468lvwOh+VZaGYDXbsmVL1GDkwMBAMLhptVrxne98BwaDYd6ylsJC0wKMjEQbXbaIgkFUN4aDPzAB0h+fyiOCONFzrK6kmE9QT0AosBqrzcLIwKaePhwoLUWfEFldQJAvPDhWgXppHyzmfLWfc0tG3EbmwxUEcqpKRw1Lgre7TQiMnAxlcXWjqxEoLA/8yCiOCjaFPh8eBCLyG8yjtLwC/SfOwb0NGLQU4VHTNtjQhnPubcBgBcoluTxve7uVlqOiX8gHmxcM3K4Aybm3or4DDaVikDtYTzEQL05XV9UemXd1BVmqm1GDNtS1dWFblPN/6GFpsa8RLl26hLy8PJhMJuh0Omg0GmzZsgU5OTnwer1QqVRITU1FVlYWkpKSoFarsXHjRgwODmJoaCgiuAoASUlJSEpOxuzsLObm5gAIQdek5GQkJyff3kqIA9MCEBERERFJiakBuuZJCRC6fb5ZdqvfyED4Y5+VVZSXil+IpbdfZqPIEuvWPGVCLrwQYaRLXkS9A7cXNndIcgaODIRG0Yh1CC8v+KlQwfnG8N4h3sL3+z7EDf121D3WgkrpR5tb0G0uxA13uziqM5Ar9f8J5Ukt68Bj6QrFpn8DbwXvTv8h3rp/O9KnP8TbveLfT76PM1//oWSGp/DIujRg+hLevwR0nnLAhUI8Jq2TuCzXFwt8yFbUuvwcb7tvIt10UDIN0PD1b8CMQby/RgKrAJCamgoA6O2NGIIMAMjOzsbjjz+Oxx9/HN/+9rcVA6uBeQNlLaa+vj54PJ4FzTMyMoK+vuXIcFyK8opu9HSdg71fPiIvu8iCweEu9HRLcn+a8lAoy50ZRdRplfugePvWeMu7XX1HqlDXXoj6iKequ9HVWBWWi1M2J3q6hRGZwi39woOf+tvrxPyc4ijXPnmZw4PiHQqmPBRiEDGbs8DcrPGUJcTRldanJPeu0rZ1D8sf2FVajor+AZwLnl+FXL4D587BXhgYWbpY201Ic2A/1xXK5ZqAbKEy8nHGsnMngPDtMjKAfnE0a+BW/Y6OGMFiMQ1PR30opYDSsqMdD9lFlrDrCDH4fRsK80zCg8ui5WYNPjwt9gMup6amcO3ateDfMzMz8Pv9SElJQX5+PjZv3gyLxYLc3Fzo9XrMzc1hZmYGarU6+NCrmZmZiHJVKhUMKSnQ60M5bLQ6HdJSU5d81CrA4CoRERERUZhsFFm60d6OqF9OpV9ghBEbC1mGmE81+GUlkKOtSfbFWrhlM5BvTxjBFB6AlT6QCn1H0KSQZ09S6VBwVHzwhbRO22yWsDxyoWCBafdeyUM4JGVEBAPWuEu1qHj7VfRCeIBVMO/o/Zvh/Ej+AKnG915F77QkT2r+KJpdkd9kb7g/BIJ5TL8B840/YOfvA0HRn+Opt/8AV/o35DlO8SGaZdOE1cmchd6PlNIXRBe9LuLDvFyDsryrjyV9iOa3q9CY0ApdGTt27AAw/8OovF4vzp49i7Nnz86b+zQQXA2UtVi8Xi+OHj2a0LxHjx5dllyt2UUWDNrtEbdSm7bZgPZ2dMvyXZbi0WoLupukuUGVAoWSaU9I83oeEfs5oR9cUJ8WlUJ5MQOg0YVG5ykFkQLLk/ShsvqHPfinQ/KQwgPC5+UVkK0bd1cb2hHIuVmKR6uhkBM1LJAqCezJzVN+fwX2ilHiviNVoQcxifkz+ysC+WEj2yfkIw3sC+HbVpxfVofA+bU/mNImu8iC7vZ2FAajn4u33UrLK9Df3i7mcg0x5RUC/XYEns/m7joRmYIgMG1EYLEPR5q6Yal+VFKmNC9wIHew5HNJgFR+vRDZrr6ebkCsb2DZwaL7jkS91jBts8EivY6IyJmbqECe2TaFHL8LyckKjI2Nwe/3B4OmC3n5fD7MzMzg5s2bimUHRq9qNBph1GpSEpKSFjFpeRRMC0BEREREJBN4ONV8D8swYXdDPQaqmlAV+JJjqUZzfSHqmuw4594d362xpt2oqbajrr0OR/I6cKD0ADrqgSpZnjn5l/jS8gqgqQlV3RWo7ygXpqi2wR7MdTj/rbmm3Q2oH6hCU6jSqG6uR2FdU/CWUtPuBjSjEXVVVcH5QqkKTDggVDDUbizNLbcr7y18//fxjNJUnq4zGPD8OZ56e55b/2XimS5anZTn7zz1qGRUa7x1gTz/6xplMpmwY8cOnD17FidPnsSePXtkn9vt9mBaALvdjqIi+X3NJ0+ehMfjwY4dO2QPuVoM//qv/7rgfKsBg4ODOHr0KJ577rlFrVO4QBC1Ym9p+AewWYD+sNHxkf3L/H1DYNpQ/mah3xLihwfQUX8EVXH0aXEpPYDm6kbUSfLBJp5+RXgYF9Ava6eszMDygn3owupfeqAD9Uek60Z+m3Woj5avO1m+1eFBwGKDUlrbyPItqG6WnGPEnKuh6lejWboRI9oXWT/ptrVUVMDSL93XxfNrf2FwJGngwYqyLBMJbDfTNhss7YHzo9im0nJUoBsRw1ZLD6C+ogpNYvmW6npUW5rmSWVaigMd9ThSFcqJHlkXCypwAlVVYiSzol5IvYNQ6gVpHtvm6hOoa+9B34ED2F1TDXudJN+6pRrNDaEHTh1orkZjXRWqxM+qKxCR2zi0EnajoX4gdB0hTm8vUkxyvDCBddbWhW0NeaH3+3qEZbWH54xX/hHi2rVrUKlU8Pl8mJ2dXVAVAkHZGzduBHOxSqlUKqQkJ2N6ehq+uTkYDIZlGbUKACq/3+9fliUREREREdEiEh5MhTsyuBndzrcfWekq0CI78+T7i16m2+3Gj3/8Y0xOTuLQoUMoKwvlOujt7UVraysAzPtZSkoKXnrppUUPrn7/+9/H5ORkwvOnpKTgl7/85SLWiGiJiHm9bSuWj7cPR6p6UK440niRrHgbo+s7UoUTRXH+oODuQmPdAPYu4frq6urC4OAg7r77bqSnK+XRmd+VK1cwNjaGe+65J+odBRMTE5ibm0NGRsbtVhcAUFdXF3MajlwlIiIiIiKiO47JZML3vvc9tLa2orW1Fc8880xwBGtZWRmam5uD0wWcPHkyeMv+9773vUUPrALASy+9BLs9vgfJKbHZbItYG6I7WF8PuivKsUKPslp2woM1baEHT7q7cKLbAltznP1YRC7ZxTc1NQWfz4epqSlotVqoVCqoVCoACP4bEBgL6vf74ff7MTMzE0wnEM1S5MmOhcFVIiIiIiIiuiOVlZXh0KFD+NWvfoWjR4/i5MmTsNlsKC0thdFoBABcuHABfX19sNvtGBkZQUpKCmpra1FaujRjt0wmE5544omI9/v6+mTBhZSUlIh0BUQUDze6GuvQ3l+B+o4vz60dESkIFpCWou9IFZq6hZQHS7nGLBYL/uu//gsffPABdDodkpOTkZqaitTUVBgMBuj1evj9fkxNTcHr9WJiYgJerxeTk5OYm5vDV77yFeTn5y9hDRPDtABERERERLSmMC3AnWcp0gJIud1u/Pa3v4XD4Yg6ndVqxbe//e0lGbEaS0tLi+wBXDt27EBtbe2y14OIiELiSQvA4CoREREREa0pDK7eeZY6uBrg9XrR29sLt9sdfKhUYWEhzzBU+gAAIABJREFUTCYTysrKYDAYlqUe89WtpaUFFy5cwJYtW1BbW7ui9SEiIuZcJSIiIiIiIgoyGAyrNmepwWDAj370o5WuBhERLZB6pStAREREREREREREtBYxuEpERERERERERESUAAZXiYiIiIhoTck15Kx0FWgRcXsSEdFaxuAqERERERGtKTtND6x0FWgRfXXDjpWuAhERUcL4QCsiIiIiIlpT/v6+Ghi0KfjvKx9gaOKLla4OJWhjah4eyi3H97ceWOmqEBERJYzBVSIiWhH+W9cx9V+vY/az/4Z/PPYXY78fgMoPFVRLX7kV5FdpoM4yw/Dt/xfqdRtXujpERKvSOn0GXth+aKWrQURERMS0AEREtDKm3v//MPPhW3EFVgFApcIdH1gFAJV/Dn5PPybfql3pqhAREREREVEMDK4SEdGKmP3svxcwtX/J6rFa+a4Pr3QViIiIiIiIKAYGV4mIaPlN3YDfey3Oif3Al2DEagTfHHzjDLASERERERGtZgyuEhHR8ktKX8DEX8LAqki9Lm+lq0BERERERERRaCcnJ1e6DkRERKSA52giIiIiIqLVTTs3N7fSdSAiIiIFPEcTERERERGtbkwLQERERERERERERJQABleJiIiIiIiIiIiIEsDgKhEREREREREREVECGFwlIiIiIiIiIiIiSgCDq0REREREREREREQJYHCViIiIiIiIiIiIKAEMrhIRERERERERERElgMFVIiIiIiIiIiIiogQwuEpERERERERERESUAO1KVyBuzmOoaXEA5kq8+IINxtgz4FhNC1Dbhv0liS3SY38Zh0/vinN5K80D+8uH0elS+syMyhdfgC3QCOcxCKtmP0qCfw/Jp1EqG/Gu+6Um1Of0rhfxgnKFKer+ILLW4sVN76yhfTwR0deD9Tb6h8XkPFaDFtSiLVgZJ5zOEpSseN08cDqBkpLVsHfsQ8rztdB6/w03jrykPMmeTqTfa8bcx7vgPZn4MjTuFtw88Wb8s+14DWkVO6AC4L+8wHlXgMf+Mg7Pc1CYKxenX3Ueq0GLAwCsoXMNLYt5t2/c108LWhhePnwau+a9flDq31bWqqpP4No2QuRxs2zXpE4nnCUld/AxK3w/GIrS1wnHEKJcFyuUmsB+5RFOsHfo9ddKEbZv5FFlXtD2JCIiWqg1E1x1nnEAZjPMrk6cdNqWJSBitL2ANtvSL2cxKX0x9thfxuHDx5AT4wvu6TeOIeeFyGk89jdwGuZFrystJSNsL7QhuPuGB9SD1t4+ngjFgJHzGGpaam7rB5jFUrK/DW3Bv0I/DK1stSQ/Yqyib9l+w8NI27tPIYD5Yxg2G+FfgTol378DqtEoQd/VSCnQ5rHj5cOHcSznNo8Jjx3vOPhFdkUpbF/nsRocrrnMYPeqM08gteZl2TG0LNekwWuFL8EecvoNHMt5IbKv89jxxmks+KpXfh6PLRQs/xKs6xUQ/uO58F3oZYDnJSIiWiJrJC2AE2ccgPXxZ7HLDDjOOFe6QmuK0fY4rHAg+morwK5dQwrTeHD+dAF27Vq6+hGtiJL9qLWyP1lz3BfhMz0MXfj7e74CtfsifMteoX1QGQD/xMVlX/KiM9rw+GIcE57LcKEAOfwCu6qU7H8RlWYHWo6xz1vtjLYXUGt1ofMNOzwrXZk7VMGuXRhS6Os850+jgBe9dxzhu5ALl3lAERHRElkTI1c99nfggBW1JUYYd5mBzjNw7g+/ZUl+G4i5shIFsjKEX4grCzrRGZjIWou2/ZDNJ/2lU3YLVuDWt9pdON3SCZfC9GtdztZdOP2GHR7paBfnSXQW7MSLGFrJqiUo/Jbw8NEhSreMB6aZJ/VA+AhQjx0vHw7tD8I+tXZ2CPlthuKIycpKDHUG2iSMPtt6XnKb6TwjokJ3Nq6VEWseXB0CZB0FEHGbZuSo1/BbzkL7lcf+Mg5f3oXKoU50usR5t56PvG027Fba0O2Ekv6opQYOSR+12NslsO1rd51GS/AgkO//nS4ArsOoOb1aUoIAwCn4vLXQ7QFmgrf+70PKZiPmTn8C1SbJewppBJIPnIYO8Y8yDUw/g29ClyW+eessbr32PGbwYxjqvgkNAGyqRXrd45hprsStwHyB6XEDs91fx+TZ22v5iojaxzlxrOYdbKosQGenA4AV360cwq/F/amlxhE6fmL0lc5jNXhnUyUKOjvhgHBu3XmmBi2oDB5PgPSYkh8LoUM0Wr+O0LEX41wefmt9eD+wNvs8I2yPW9HZIr+GkrcFUE4lJJlA6Tx3/hhqghdXSuvjKuwvt4S2i0IZsdZp9HpG7ouBbS6bz1yJyvA+f5Uq2VMJ8+HTOO+xQTiEws/Xyu1N+Bwmma+lxiE5JqJfS0Ucu9+txNCvO1EgO6ZuP1XXosvZil2n34DdI93PnDjZWYCdLyLyqlchhYN03crSAsToZ0L9iwuHa06H9uM4+skW1KIWLbJ9WnZ+jrOeUcuI2Oax+tm1mf5FKZWD9L15U6xYa9G23zhv2qk76bshERHFbw0EVz04f9oFWB8XTtq2x2HtbMEZ535JPkIP7C+3iIGIEoRyhAJWaVGuTpze9SLa2gJf9FpQ47Citq0N+yFe7LQcw855LxBc6HxnF15sa4MxrulXB+exFjE4HWNC41bswhvBC3lASMdg3bkfuLrk1VxkoZxabS8IjRFuszsm+cJ1GJ0FtWh7oUQ2T8uxnWjbX4Ktu8zo7DwJp03yJeKMA7DWhuWqbYOwCGG/qzm2tgKs4Rydl1Hb1hb6Unq4BuZK8bgR19Eb9q3ihbp4rBXUoi1wG6HzGGrWwq1XzpPodJlR+awk3G5/GYc7C4LtF9p7GC8j8MVE/FIq+cLjPFaDlpc34cUXxPs1HZ24XNuG4F2VCxolUYL9bbWA7EuoUyx2CbaLqxPvBPpEcZ7A/m974UVgleY2vvWFC+n5PwYgBkh3PAwNLmLqLKCrCEz1Jmbdz0K76StIBnALAPBjqLOAuY8XePt+1jeh/ngXbhwRyjDUfRNJe/dh5sRL8DZfDMvTKgZ1cRa3mp/HDADd3veQXPEeUrDKA6zOY2hxANZayT4Ts49zofN06LwIADtzlPJ6C8GaF8R9+lhNC2rCvtS6Ok9j14ttaAuefyA/npzHUNNyGDXmyuDynMdq0PKGHVvFwECsfj1Y5yjn8lC+xTZJwCOQLmEN93kAYNwEM07jqgcoEQN2LUOVeLEtEFgR2xdYpx47Xhb3gVAQswXHdkqDB/J9QDEVkaxfFMp4edOL8v4KoXqE38Ibs54K9YBYTosj7AewiIvDVcqYg4LASDvF/Uq5vYmfw/YjdPrZL5lfnP4FyfQ18jRD8mPXA3sX0HnGif2BC3XnmfiuQ5eVEVt3AW+c98AWuuiFw7oT+8MveiOOg8C6fgP2rfMd91H6GdsLeBFhOXTjvaZ0tOBMbRva9gMR5/546xmtjHmPx8AxHfv6ejXy2N8R9uMFVDAiFUdgG+0RCpGl34J4bAxVYs9qXQlERLSkVn9aAM95nHaZgycyoAQ7rYDjHcmtUs6T6HRZURu8+DDC9mylQr4kKx4PJq/ail1mwFy5J3ghYMyJPZzB+njol13j1l0wYwhXV9EtJq7Ow6ipqZG9pF8sohMuNE+fDzTIiTMOK3auxYsE5xk4zJV4VnLFa7Q9i0qzA+/YhfaV7G8LC4IK+1Zo+vB0CmJ6CnGFOM84YK58VnJRLe53jndgX0X7xEJJj4mSnVbIjhsYsUl6YHnO47Ts2IN4u70LnSdXz62nSsdF5EPchB9yrLXSY6UE+2utcHWeFEKcgS+IkvaW7G9Dm2zEx9IcM0uzXeRlbN1lBoaurv7bUE9+grksIWgKALrNxYD7FGbCJpu5dBF+mKHeI76x5yvQwAXfQh92deusZJTsS/CNAqrUYuVpdzwMTfINzJ5+PlifmRNvYPZWOjSb9y1wwUvI1YnDEceEQzbiJt4+zrxra9RRzYEfpUK7o3BcwXEGsl7CvAtbwwsyS76oluyEFWHn4U3yM32sfj1g/nO50A/I2m204YU2cb2skT4vXkbbC2H9l9gPBHguQz4wqwT72yJHZcW8NlLY/sF+NXCd96ykDNuzqDS7gtcjMespku+LTpzslPfpQrnR1sjaIm/vYp3DJBSnr41MNSU7dsVtIzm+hT5g56oLvBmFi97gOU8YUKBQS6MNL7TJg6jCfh7dQr4zxH1NKe0Txf7NFbjXPd56RitD8Xh8AW3BH8tiX1+vBo4W+fntcKfr9q5vPHa83OKAtVY5mB78IWfV3OVDRETLbdWPXPWcPw2XeReelZypSnZaAYfkVqmrQ4B5l/xkZsyJuNsX5k23ecIzY9MqP2Pe7pOejcLP+PDYbDAGf8Ff4OC7VcBzdQhwOXC4pjPiM3NYKq2I236CX8SFC86WwOgL2cgL4ZZyl+MwIhdhxlrO1lWwkESJnstwwYGWGoWnHa+ikUGy4yI4ii78AtmDyy7hgjyyNUJjFPuaiIXdbj+jbEm2yxLVdem9BN/oaSFoenIftCZg7vSbAH4sn+zsKczt2gGtOMo1Od8MjP6bOIp1AbzDEYHbeZmyoIIHftkIVXEU7XwB2ZUQ88nx8fdx0fdNoRzzrrBpSnbCineCIyjFgiLro/ReHObv14Ho53KhHyh4fJ4J1kift2DhtxIHTpQle1BpPozOwzXoBOZJfRP72sgcPoF0BK2Yo1e+yoUAXWf4sM356imS7YueqxiCGbvCyo3jd/Q1Q37sLdI5TFqi4vTCtdE70oM37DgVAnqd4l1m4g/Tq2vYqkB2x5Y4oCDqRW94SoVo13sL+c6wgGvKuPrEGPWMVobi8Sj5eAHX1ysp4tZ8MeXC4WM5Cdxd5sQx4XYG5dv9ncfEux1W78hdIiJaelq/fyWerRwvYdSBkJMo8iR++pMRWG1GCE3ww+/3S54ULf6f3w+/HwrTiP/6hffkswifyeYRp/GL5QXKjnhvxSi0Z/5JhX8C60L6d1YpyvFrfDJiRc4ZB6xllZL2ha/jlRK7rSOXXYD5afz0H5WDB36/H87O59HqAAArDr32j8Lt1p3PoxWhcovLrEDrGXxaWQycccD89E9R7PfDjxEIi/gp/lExmL0a9gmJ8G0eeFu2XeXHjPJ88nXvuTIEYf1VKl5Qrnz/orCvFFfip08P4SctNcCh11AZvH3/CoYAWKXvyYrywxPjOFA8TuLoO4Lr1u9HeN8V+TcWZbso1TV8f4i7T1kBwdQAO/KCKQEivYnJS48j/d6vIDnRlACLRJOantB8S7Hu4+vP4+njFPZN4SPx7Sj7kXi8FSgeA9JipO9FLi+8LTH79ZjH4zxtClZ7tfd5MbbvyGW4zOX4bpbQPo/9FfzkuAuAGU//9DXxFvxX8JOewPxZsP7ja0JoztmJ51tbUOMAYD2E1ypL4u/fwre/wnzh9R257Aq2I3Y9lfpJ5Ws0pX1txczTdgDiMWLFt4qVrmMV2rsI57Co18GhiuGKcPDKz0HS9ZllxbesnWg98ykq/b1wwIpDxavluki67rJQWg78+pMRWHPOwGEtQ6XSNb/Hjld+chwuCH3ia+It+K/8pEf5PB7PcSFbt/FdU8bsJxdaT6Uyou2TiO/6emXN04dnWfHdp0/jJz1XMOIvhhFxrAsAgAf2V1rgsB7Ca9asyPZ57HilxQHroddgzVot+zgREa2E1Z0WwNkLh3gh/dpr8tchK+A6/h6cEG/ndw3Jf2j2XF2Tj2BaeUZsLQd6ztvR67CibI3+BGssMEfuEzJO9DqELyGvBb8kiw84kiopgxUO9Nrt+J3DjPLgfW9GCItYa2N6F5eQSmN1pcaIh9H2XTxtBhytnaHbksXR7kNRGqPY1yTCMwSFZyAsmrW6XRZETA2QMk9KANl0MEK1N8GUAAvlHoUfRqh2SN/cB5UB8E9cXOKFL6bF6uOEkYIR5XiG4EIBFjIgO7Y4+/WohHbP1w+s7WPLA/vvHDCXB24l9+B8j0sIwrz2j6EcjUPz9E4llcI12CEr4OjFQpIgRN3+xgKF26XFEc8FxoXXM0DMWTqkUO5a4HzvOFzWsvhHwi3BOUx5eg+GXLHvpigpswJDV2HvdQALaccyMwoXvbD3OmCd56LXc74HLvPT+Olrr4WCn4t6Hl+c/nZR6ql4PEo/jnV9vZZF9g/Ozp/gOJ7GTxV/sXCi8yfHgad/qvyDBhERfamoAyM1VuPL2esArN8SfwmUv4rLrAAc6HX64S/+GvaZHWjtdIqfj+DUr4+LFxOBeaT/L/m1Pfxv2XvyeYSP5GUovbdir/D2RJtOOm3Y31k5BXAdPw6HtUwYpTnf+lvFbc2yfgtWSPcJP/wjp/DK88+j0xloDzB0ZSS0v3X+BMddCNumxfjaPjMcx4/DZX4QpcF9MQvWb1kBR6tYnvAaOfUKnn++E86VXj+xtrnidg1OFH0+6d/FX8M+swvHf30KI8FpnOh8/nm8cmrk9uu9ZPtKFqwH9sEMB34XrKewrV3Hf41TI6FpnZ3P4/lXxPYVC8H230nb5uyUbHOF4yRL+IJ//D1J//Q7h2w/C61moW4bzdJ9c6m2i9IxLX0vKxgUW6ptc3suwn/LDO0mYO7Sm1Gmewm+0XRoN5mB0U8WnhJgoc6ewtytdGh3vQad+JZu77PQJt+IUU9lS7Pugdj9eTx9XLCWkcecUHn4/eL5WlaOE52tQsAlcI5Ram/ke0rLk/4tfBqrX1dar6H3slD6oFn48Tb4+QhOvSIeO2uhz5tn+wrrwopviaOvAttKeoyPnHpFHPkrfu7sxPPPvyLvE3sjt93861PcKArb37zva0IZWaV4MGydjpz6NY67zHiwNCu+eiruG+L5uzV0ThbKXcpja4GvsGNF3j4z9n2tOOq+rtTe2zqHZW2EGUO4EphfnF56LeXsbIUDVpQVS7av0vosLoPVdRzHHYC1rDj2uljW40Oy7rJyUOA6juOOUJsi92sIAcXA3yOn8EprtPN47OMiKxC49vsR7zVl7H5y4fWMeC9wPL4Xfv0s9AOxr69X+qV0bPjh9zvx3nEXrN+yIiuwDTaaAcfvQseL8z1Z/xA8Dg+E5gm9RnDqlVY4zPtwQNqn8sUXX3zxdUe+4rF6c6567PidA7AemidHnRhQfbP3Ip4uLobtB43APzfg4EHhY/O+fbC6Fv5FlgCIF9MoW0X5ARW43mzAwfBNbN6Hxh/YYEQxnn71EHCwFQclycesh17F08UAUIynG/fhnxskZVgPoXHf79DwZi8uPl2MQOuNWx+EGS7gwbCHthQ/DWERByV5raw49OrTWN1rbjEZg8deg2RjmPc14ger/bHZRhu+ZX0TrW824HiusF8YbT9AI/4ZDQ0HEWxNcJ8CIO5Xxw9K973QNlceySHsa0MNgX3RjH2H9sHc+sF8FcPWB814880GHPxgHxp/kJtI4xZluwhpMVpx0LEa92sxj6npImYVUwKE3PrCBV2WGXNfLEdKgDcx+dqbSD5wGsl1p8WHbt3AbPfXMRmjnqvOYvVxxU/j1caN+OeGgzgYLOYQXn16sfeo+Pv1aIL9wMFgbWXHzpro81xvyuoHQOjLXpU/FMr2g0P4XHqeNO9D46ECNLR+IOShLH4ajfuU+sQFbjvrPmz83UEcdAWKkK4vI2w/eBW5xw9K6mzGvsYfiKNU46jnPKs+Ylua92Gf1YXVdXXoQOvB8CypifW5t3sOg3ErHjS/iTcbDuKDfY34ga0YT7/aiI2S6+v461aMMivgcFhX+eWkWE+Uzdsmo+0HOPT5Qcl2MmNf4yEUNLTig/Me2BI59ovLYEUrWg86xGvT2+9vF6eexojvVPLjMdb19ergkK1HQXgdg+srcLxYD+GQ1YFWAMBF/PubQof1pvR4AoRj6lufQ/g4sq9ddecDIiJaFqrx8XFmhyEiomWnen3P8ixoTyfS7wVmmiuXfuTqIvM/t9R5DIiIlsbF4wfRiqX4IYWIiIho+TQ2NsacZpU/0IqIiO5UqmVaTnK+Gf7LLWsusAqshoeDEBEl4iLOOMzY9z83sx8jIiKiOx6Dq0REdGfa8RrSKnZAdessbh1ZXTcCx4vnaCJaazyOZjSeGEDR3gbs4xPUiYiI6EuAwVUiIroznX0eN9dantMwPEcT0VqT9dA/oPUh4f/ZhxEREdGXgXqlK0BERERERERERES0FjG4SkRERERERERERJQApgUgIiJapXiOJiIiIiIiWt04cpWIiIiIiIiIiIgoARy5SkREtErxHE1ERERERLS6MbhKRES0SvEcTUREREREtLoxuEpERLRK8RxNRERERES0ujHnKhEREREREREREVECOHKViIholeI5moiIiIiIaHVjcJWIiGiV4jmaiIiIiIhodWNaACIiIiIiIiIiIqIEMLhKRERERERERERElACtevjDla4DERERKeA5moiIiIiIaHVTXf/Fw0zoRkRERERERERERCTxPy/vjDmNFnPTy1AVIiIiIiIiIiIiojsLc64SERERERERERERJYDBVSIiIiIiIiIiIqIEMLhKRERERERERERElAAGV4mIiIiIiIiIiIgSwOAqERERERERERERUQIYXCUiIiIiIiIiIiJKAIOrRERERERERERERAlgcJWIiIiIiIiIiIgoAQyuEhERERERERERESWAwVUiIiIiIiIiIiKiBDC4SkRERERERERERJQABleJiIiIiIiIiIiIEsDgKhEREREREREREVECGFwlIiIiIiIiIiIiSgCDq0REREREREREREQJYHCViIiIiIiIiIiIKAEMrhIRERERERERERElgMFVIiIiIiIiIiIiogQwuEpERERERERERESUAAZXiYiIiIiIiIiIiBKg9ftXugpEREREREREREREa4+WsVUiIiIiIiIiIiKihdP6OXSViIiIiIiIiIiIaME4cpWIiIiIiIiIiIgoAcy5SkRERERERERERJQAjlwlIiIiIiIiIiIiSoAWfgAqAIEoa+D/lf6Fwv8jjvnmK3u+ecPfC4i33Hinma/c8PfC6wmF96ItW2lapWXHW65UrDbNN61Sm2K1RWkdzVdf6fvxTBtreyykTUrLjrV9FqNNCHs/3jZFm3ax2hTvtg1fVjz1jrWd5lun4Z9J6xzrM6Vy5/vsdj4Pf3++edmm+Oq1FG1Sas9887JN8dWL+97ilx1vm8LLYJuil8s2xZ53IcfTfNdlsZabSL1uZ162afW1Selztmn1tYn93tpvU/hn0vn9YdMvxnKln4UvfznapLRstmn+cuOZZqF9l19hGqX5Y63PWP2edJrV3KYotH745RP7Y/yrtPCFzhc+/2JPu5Bp4il3vr/jXXa0ZaxUuUp/x1rmUrUt2nyJtEnp/Xi3/2LWId42xbuM8PcX0qbF2Ka3u45ilRXt/dv57HY+j6cjZZsW57NEP4/zZMc2LdJnt/P5nbbvLXRetmnxlruUZX+Z2xTtuiyR5SbyOdsUe362aWk+Z5sWr2y2aWnKXul9L9bfiZTNNi3echOdJp56xTt/vOtzLbcpCqYFICIiIiIiIiIiIkoAH2hFRERERERERERElAAGV4mIiIiIiIiIiIgSoPUzukpERERERERERES0YMy5SkRERERERERERJQArY/RVSIiIiIiIiIiIqIF0/qYFoCIiIiIiIiIiIhowfhAKyIiIiIiIiIiIqIEMOcqERERERERERERUQI4cpWIiIiIiIiIiIgoAcy5SkRERERERERERJQAjlwlIiIiIiIiIiIiSgBzrhIRERERERERERElQOtXqVe6DkRERERERERERERrjlaTZlzpOhARERERERERERGtLtdjT6Ly+5l1lYiIiIiIiIiIiEiqrq4u5jTMCUBERERERERERESUAAZXiYiIiIiIiIiIiBLA4CoRERERERERERFRAhhcJSIiIiIiIiIiIkoAg6tERERERERERERECWBwlYiIiIiIiIiIiCgBDK4SERERERERERERJYDBVSIiIiIiIiIiIqIEMLhKRERERERERERElAAGV4mIiIiIiIiIiIgSwOAqERERERERERERUQIYXCUiIiIiIiIiIiJKAIOrRERERERERERERAlgcJWIiIiIiIiIiIgoAcsSXPX7/cuxGKIvpeU8vngsExEREREREdGXQbwxEO1SVmJiYgLj4+Pw+XyYmZlZykURfWnpdDqo1WqsW7cOqampS7IMHstERERERERE9GWi0+nimm7JgqsTExMYGxtDSkoK9Hr9Ui2GiABMT09jbGwMABY9wMpjmYiIiIiIiIhI2ZKlBRgfH2cwhmiZ6PV6pKSkYHx8fNHL5rFMRERERERERKRsSUau+v1++Hw+BmOIlpFer8fk5CT8fj9UKtWilBk4lpOTkxelPCIiIiIiIiKiO8mSBFdVKhXzMhKtgOnp6UULrAKhY5kPsiIiIiIiIiIiirRkaQGIiIiIiIiIiIiI7mQMrhIRERERERERERElYEnSAhDRnYVpAYiIiIiIiIiIInHkKhEREREREREREVECGFwlIiIiIiIiIiIiSgDTAhBRTEwLQEREREREREQUiSNXiYiIiIiIiIiIiBLA4CoRERERERERERFRApgWgIhiYloAIiIiIiIiIqJIDK4S0bK5ePwgWh3zfKhNR9ZdW/E/nnwS5QWGZa3X6vL/s3fv8XGUd57vP1XVrVbLF2TJ2IxtxtLGMjbL5DWDtRBfhCc3GF6LOZkkQGxyMmTDTohPABNmWBJwsAO5DDMQBXLMkiEJ4RWs4GwSBvu1CSyThEi2hxwbskkWg+VgOZY9vqhl2bLU6lvV+aOquqtb3VJLlmTZfN95dSxVPfXUU9VdMvr59/yeGK3/9ADPcRMb/66J2pLt2vnBZ79B0dsZilIzu44lV3+EDy65iDO9m7E3fsBvwx/jvQ2jObiVf3rgOTpW3Mk3P+Z24H4LlR5OAAAgAElEQVQOVnDnNz/GaLoUERERERERmSwUXBWRYY1V5qrfzazFy2moyd+X7m7nt+2v8v2v7ebfbr6fO99TOqx4fsvda8dxKH3n/X2zWLy8gbzbGT/Kb3+7h//13Yf4RetN3H/niiGCtMNo/wEPbNrO8jtuYlQfA/8Yx8l+jtw/nGGuT0RERERERGTyO+eCq3s3r+X5ix/knqbaQdubAylcK9ZtYs3Cwcdm29St5sF7SmeFxVofZv3OpfltYq08vL6FjryWdax+8B6Cw8kfywrWbVqDO5S9bF7bXDzTLK/dUH1kG7A2cMHDXm+xPiaJ2N69sHDh6IM/eZ218vD6nSwteE8mnSLjzL1f5b1XezevpZl1bCp8433Hf87Gu1tpeuQB3nch7PnuJ/gqn+eZTy4u0ngP3/3EV+Hzz1B09xhr+ODH+FixlMXYL3hkw4/Z9+Nfsv89H6F+/IdyHmjggx8bnAH6MU7x2+9+jX9+7Tke+cFsNn6sgfDZGF7tCu5+fMXZOLOIiIiIiIjIuDungqt+8KludZHtnat5cJMXCI218vD6tWwOBBwL2+zdvJb1m2cXD0zFWvl2SwfULS3YfpCOIQNfMVofXk8L+edpfvhiL0i7kDWbNrEmf/RsXttM5+prsn3GWh+muS13nvw+yAZWcwHVvWxem3+9w/YxSeSC2GMU9q1t4p5NTWPT10SKtfJ82+BA/Rm58H088Mz7xqizCVK7gg9e/mP++bVXeW3/R6hXdPUMTOfdn7yT6zsf4oXtP6Dtvet57+yzPSYRERERERGR88s5Elz1Mz7rqKvrGLRvVxusWBcIGtY28aEVLTTv2suahQu9NnWsfjDXZuE1q6lbv4u9axYWBEpjtH67BerqBo0idrQT6paWDk7ufZGWjmLn2ckbsaaiQbO9m5tpq1vNg9mdMd7Y2UHd6k9lx7VwzTpWrG3mxb1NrFkIe90LDmSqLmTNuhWsfb6Va+5popa9vNjSwYp195TsQyaZ2EE6mMeHJlPk+6wIE40CxEmlg9tjvPEvz/Gj7e0ci6chNI0FS67nIx9+D8HyrO0/uJ3HDt3Ef/twjOee+CUdcZh15Se58+PvZnrsDf7luR+xvf0Y8TSEojXUvfvaQX0AnGr/BT/60f/it4d6SRMiOquB5R+5if/r0sAbFGvjkQ3PMfeOx/lg6kd8//tt7Ov1xrbi43z8I5cW/Kxwr+GF1zo42h0nzdBjGBuzufKDC3jh2X281h7jvbODIxr+nrb/4HYe2+5+vf2x29lOHTdtuJsVtSO4Hu8+dSy/g8eLpiv77cp/f0REREREREQmi3MiuBprfZ62FevYtKaW1ofXszNvr5sNOrSFrNl0T5HtnRyNwcK8Kf3raZm3jgcvfp71+ScidrAD5n2odCkBL/gajL8MmUm5dzPNBUHf4cVwT1NwRO3F1HUcJAbUxo7SSR35TRbSuAKez7vg/DIFK9atg+bnufjBe7j0jcKyCG5W7s6lgZIMezeztplcJm9h2YQVwSnre9m89nkuXj2PlpY2YAX/ZXUn32npADpYv3Ynqz+3lJ2PtjAvr8SBO0a8bcWmwudtK1YWoKCEQt3qwDX47bPjgsGlHryM5Ly4fkEGc8E58q998L1ZsXp1YNfDrPc6b17blh1fcDusYPXqTloKS1VwlNaHm3Nja7yFZ+7w0j0LygIU2vPdT/DVX8C7bnmEB/ISXN0SAb/wvtu4cePY1VzNfuGUqN95lP3tAItZMMdr09/Ocw8/wfZumHvFh/mby2tI73uFn/7yWf7hjQ5uv+8mGqoC/R/9n2x6LEzd9TdzW/QQ+6LzmdbVyj99eQuHpi/mL2/6MAumxel+7WV+/Oqz/MP+U9x3/wfxkzpjbY/w5S0HYO7lXHvzFcwNdfPayz/m5SceYs/KO7j9I3XuAlFevdDOf/knHjqU5vIP38xtNWn2vfJTfvnLJ3jo6N+w4TNLmA5ABy9seIyXu6MsWLmKmxfXEI13s+fXL7P91Wd55FQo0NYpsyZpebVZp9UtpoZ9dLR3klxe45YGKPOezlp+G7fVvMx/37qPBatu4wNzw8ye5uA4I7ie7NgCNVcLxx1r45Ey3x8RERERERGRyeScCK7WNt2DGz6NlXmEm81at7pkGJTWb7fQsWId9wSb7N3sTaVfCK2DjznaCXQ0szYbQ8sPwvnBV1ofZm0gKFa8jECM1ufdDNT8jNZaLl1aR0vLi+xtco+LtT5PGytYt9DdP3sedByMQTAkGztIhx8sHiILMnecX47gQTY15b5vo47VQO2lS6lrCWTcxt5gZwd0zMud18+gXejdu7XNnax+cJN3T92A5NrNwSBjhxsc3LQpO/J6gkHcGNRBSzbjGNi7K3DtI+cGKGH1g5u862jl4fXreZhg3d4OWlrmsW7TJu9+P8z69ZuZnS2p4AbcN90TDBQ307y5MRfQ9a7d7dLdv7kxULbBHUTeve6gjqV4n+/ZBYHqvZvzx713M2ubi5SqaGvh4LpNbPLO8521zWz8+Z/xQLFoaoAbWH0vn3/mk7glVrsCexfzyWee4ZPed/v37x/5jR+F1KlOXnvhKX56DEKXL2exFzDt+OnTbO8Oc8VtD/DxS72Nl17Klct/ySMbf8wTWxbzD7e8O1dPNN7L7Jsf4r9eOR1YwqVA7JfbOZCey4dv/wx/6b/tly6hYfZD/MMvf8uezg8yex5w9Jc8seUAzL+R++7OLQJ16ZLLWfz0/XzvlX/mp0u+zEcCie0HDsGN9/03L5sTLr10MbMfu59n9/ya9v4lLKmC1Bu7eS0OC27+b9xx5fTssZcuuZy6f76X7/3ul/z21BJW5HaNnVCUaUB37BSncJ/ecu/p9HmXcmn8d8A+ZtddyqVe4ulYX0/sd2W+PyIiIiIiIiKTjHm2BzD2YrQ+7E61/1SRefh7N69l7dr17vT9a4IRu71sbm5jxbrS9VQPduBmJG7a5L7WzaNl/cO0BmO+bc18m09l26xb0Ubz2s3sHdTdG+wcNAZXbdM9PLi6k+a1a1m7dq0bfAwEaBc2roC2ZjZnO/UCtSMQa32+4B65pQVyg7iUpXUd7Hwj5g13J6xezYq2Xd61eOUYGr2luna1Ubf6U4FAcS1Nn1pNXdvzefenbmnhVOm8K+fSpXWQPYcfwG0c5UJcuRIL2XHVNvGp1XV07HwjL1QffN9rmz7F6ro2nvcGvnDNpoLavG4WcO40BwsWOfNq62br3w5zr4uMu/X5gvu5cA1FD6lbTe4jtJDLGuEPB7qKNMwZHFideNsfv4M77sh/3X3/wzz7626Y+wHuuPHdbnYo7by6vRfmr+LaSwvmhtcu54OXQ/q119iTCu6Yy7sXFIvqddPRkf8PNLM/eD+Pfvlu/tIL3HW0/ZRj1HDtx1cUfE6rWHLttdTQy/ZX2/O7ffcHuTKv8XQWvHsu0E887m4JX/oRNvzDo3mBSL/fusXz3S9TjI/amoKsz9Hc03zjcz3Dvz8iIiIiIiIik805kblaPn/69grWbSo+1d4NlJFd9Opgdrp5s1t6oGQUr8hiVAuvYXXdelpe3EuTH0lbsS6QEenVOm1r5vnWa/K2x97YSUfdUj41aJDeNcxbxyZ/MHs3s3bt2twCVgvXsGkdrG1e603pr2P1utXUNe8s7KykoiUOFjaygk7vGy+D1st0jR3sYF7jp7i4roVde9ewsPYonazgQ249AI52Qkfbeta2FJ7Jzc70zZtdOrQKXsYs3jkW+vV0R1sk1g2IzytI4XWzcr0SCt4YLy7IHi6WHZw/TR/wg53+52D9WlpgUEmAove69mLqsve6zHFfXMegQ+bNHtkCZb/4Kl8FeNd8ZpbR/PjPN0L9J8auLIDXzaxFy1hQk78vOq+BxfMX0DBvOtmp8bGjdKaBcJyjb7zB0YL+Yqko0MHRmIMz2+9/FjOm5ZcdqLlsOfNf2MJr39vIa89OY8Gf/SVXLF/E4oZ55MKDp+jsiAN/xtxZRcoWzJrPImBH51G6nAXUevuj06YRKpiW74RCwDGOnnJw8q4zRf/RQxzo7qa7vZ32A2/yZkc3MD9QKqG86f6QP92+ZLtYd/a+OY6DM8J76t8Ip2gphzKuJ1cDIFcWoKDsQXnvj4iIiIiIiMjkcx4FV4OB1VLZpwF5i17BrjaA4JR/yNYCLbmCe20ZU1VrGRwT8zIql35qcGBs74vuNdwTuIKFa9wM2OB0+YVr2LQpEOrdu5mWbCmAi6lj56B6sgB1XhSx9uI6ODjMyGfPg5Zd7F0Du9pW0Limltqldew8GiN2dCcdKz7k3Wc3GJhXy3S0gu8LZ1YSoKRBmaZD27t5LW451RWs23SPVypgLc25QdN0zyaa3MasbfY+R4V1VyeF9/L5Z97Dv33iq2warnzAnu9y99OwcePYj2LBB27ipiHWNsrq7uQAwL6t/Pd9pRrFiZ2CXHpmlGi4oEntcj73wCy2b/0ZP31tH/te38q+17cCIeauvJXbPryY6dlUy9CIfjDOmj2t5LhS2ezNfjq3b+bbP/4d3f5CXaFpzF1wOVf82e945fURnHCk0nF6AWbXuD9vRnVPC43x9ZT1/oiIiIiIiIhMPudJcNULrLKaB4tlrBZb5CjP4KzUWGvBgk5F+8hfXGqhu2IUMRYG8x2LZCEWz0ws+2oLx0ZB/dPa2cyjg/zESzcLdN46L7iaDZwuzAWiY0fpBC7O3pZGVtDMrs3QtqLRvT+XLoVvv8iLdAQW1XIDyG2FdWBHyb+PrQSuqfTdcGvhFg1yu+PaWRBl9hcey20pvFfB99XPng0usjXEOf2g997NrG1272+tO4j8z4UX4F1apIuS4z5Y+oiyvfc9LGYxM295F3c/vYmf/1nxxa44/nM2fvUXvPfzzwATU3O1qJrZzAW6V97F1z5cN2zzIU1vYPnNDSy/GVJHO/jdvu38cutrHHjlv/N4zRe47y+jXsM06SE7GrlTr32Pr295E+a/n8/e/AHqZldla8QefXl8g6uxfb+lG5hfN8vdMAb3dFyuZ9j3R0taiYiIiIiIyOQzrjVXTdMc85dhgGHkb9vXsp4WYw1fvnclFxY77sLLWFbfQct32jjhb9vXQnNbPWuuXVT8XO6JBvfx0r7sthNt36Glo4kPr7zQ3bboWtYYLXyn7URgbM200cQViwJ9nzjGIer50wuLnHfRtaypb6O5JXced6zQdIU71gsvW0Z9Rwsv7St1LYu4dk09bc0t7AuOo34N1y4qdZ4TtH2nhQ4MjOx4FnFFE7S1tVH/p941XvgnXNzRRltHPcsu87aZF7Lyw03Q1kzLPjNwf/6RtWtzYzAg0Lf7uvBPLoaOztz7YpqYi66gqaOFlsA1Z9v/aT20/QttJ/xrf4mWDiD7mTAwstdwIZctq6ej5Tu59ifa+E5LB/XLLvM+KwYG5N2rwvfVAA4dC76n6/PPua+FtWv/MXcO02Tf7jZouoJFpsmFKz9MU0fwc7GPluY2yLvXBmDk3c+8cXufgbzPpBG8bvdVrgvft5Zb3vUHnt70c44P2ruH7979NH947+f5pFeU1fGmdJ/pK6fMY6bVMAuId3QSG7Q/yW+fvpt7Nz7N7pMF/ee1O8mrT23k3vt/zH5vW2jWfP5i2Rru+vu/Zj5w7OgpHGcac+qiwO/Ys7/IWI508CYQmjuLGsfJTsrHGXx/cnP0HRynn/ZX3yTNXFb9zSoWzIq6ZQS8azja2e23zE69d3IdD3F/KHG9wdd+XvnpAWAByy+rGdU9DRQp8NqM8HoKyxwMep/KfX/G5jOol1566aWXXnrppZdeeumll17lvsoxrpmr5Q5iBD26v6YHLzD2K37SCrCZ+27bnN+8fjUP3XMVtdTQdM9DOA/fH2hTz+qH7qGpxqHYMJ2CmoAE+rjtNr9VE3c9sYaGQW3uIzeUwjZA10H2M48PFT13sfPUs/qhJ7iq1mtf08Q9dx3kM4/eRmuJa6lpuoe7Dn6GR29rDYyjyQsKFT9PfVMT9fs7vQ+Qu62hsQlaO3nPpTXePW/A3fQeLg2Ov2ENT9xFYEyF1+4HogquuaGRJr7Oo7e10nTXE152qHeO1iYaG/Lb+9f19ftuYzNA013c1dTK1733ym/sX0NN0z08MXszn/HbA/WrH+KepppA+3pWr4ZHszc8OO4G1jy0mofvD7ynTXfx0Ornub/l/+OtNQ0sbFjDQ6sf5v7AOdzPXkP2nq154i42fybXR9Pq1dS3/FvuXmdvj3enBvXZxOrV9bT8W+4zGay3OXIX8r61t9B699Pc/d0/4ZlP5vYc//kWfgHwi6/yiV/AxvGoC1Cu8CKWL4vy+o5t/GzP5axZHM3t69jGltfTxBcspuj6VVnTmb8gRPx3v2bHnr+iLthHvJteIBp2fxTWLfsrZr3yE7b/ZDsr71pOrlxqnNd+9jO6ibLyigUjvIgQ4ajbx6l4/p54xza2vg7QS3zMF7Tq5rXvfZtXemHayuu4wr9Ho7yn6ez4xvp6yn9/RERERERERCYbwxn7CCgA+/fvZ9asWePRtYyX2K94+P5/4z0P3cNVZz67/4zs3fwZvs5dPDHeNUsn0TUPJ/arh7m/80ND3pNjx45RX1/vfnP852y8u5WmR0pM/S/T/v37ueCCC0bfQcC+Lev45g5Y9tlmbiw3Rhnfx5avfJMdvSHmXvHXvP8vakjve4WfvfIm3cznhi/cxfKaYP/L+GzzjSwo1ke8hkUr/4qVC6YR736df/3JrznEIj7xxdu43Asmdm//Ol/54QGY+xf81cormBvq5vV//Qm/PgQ1y27j729cQNRtyNe/9EO44YvctTx/da7u7V/nSz88kL3O1L4tfPGbO4hPW8D7V72fBdN6OfTrV/jZ60epWzCXffsOBO5JN9u//iV+yA18MS/AO+husmXdN9nBLBYtW5DXLt19gD37DtGbhtCCG/jCZwv6GcE95ejLfOmr2zg1//2s+avF1C1YwLQDI7ge7z4dWPZZmr03fdD7NIL3R0RERERERGSifPnLXx62jdKBZBLay67WelY/NNkWg5ooMX718P20zAsEl2O/4tst+2m6awT3pOsAf+BPufEMAqu+sfo3mNxs+eIZ40VVvosbvrSey7b9kOe3/4Rnfp2GUCWzFryfv119HYun5/rKLUwfyBT3+/j83zHnh5t58ZXNPPmvQGga7/qL1fzdX1/B3GiujxnL1rF+xjZatv2an21+nTQhps1ZwPv/9gauW1zjjt27hty15F+MkxsIjgOhd93AvX8b4pmWHfzr5if511AlsxYs57+s/zsWp17mS187wL7OIzjvmk02Qz8vc36ou3mMN3ccy98VmsaM+X/Bf37/dXwgOOZR3FNmLeP/fv/vePKVf+WZJ19h2f/zj9ywYATXk7sZ2fs06H0awfsjIiIiIiIiMpmMa+bqhReOQVRHJs6wC39NxBAeZn1LB3WrH+SeiRjEJLjm4vayeW0zbYEt+YtqFXf8+HHq66fy84138/Qf4F23PMIDZ5K2ivssT5+utEEREREREREReWf5yle+MmwbBVdFziNucLV+TPtUcFVERERERERE3onKCa6Wv7y4iIiIiIiIiIiIiGSNa83VcUqKFRERERERERERETnrlLkqIiIiIiIiIiIiMgrjmrkqIucHZaGLiIiIiIiIiAymsgAiIiIiIiIiIiIio6CyACIiIiIiIiIiIiKjoMxVERERERERERERkVE4pzJX239wO7ffHng90kZshH3E2h4JHNfOD26/nR+0B/r3vxEREREREREREREZwrmxoFWsjUc2PEfH8jt4/PGG7Ob2H9zOhts7uePxj9EwxOHlavjY4zw+Bv2IiIiIiIiIiIjI+e8cyFyN0fa0F1j9WH4IteFjG7ipbjuPKdtUREREREREREREJtjkr7kae4N/65jPjX+zoEh/NSz/3GMsLzhX+3N38Ph2/7v53PjA3ayoDYzJcXAcBwfH34jjeMdxO4/d1OBmy258lStvv5JXH9/CAa+35bc/xk2BGG/euebfyI3ztrDF78NtwB25wcDywD4RERERERERERE5Z03+sgDdhzjAPK6vLadxjLZHNrKFG3ngsRXU4tZY3bjxEQgEWMt3gC0vXMkDjz2W6+vx57j8sZto8L5/fPtybg98v3ELsNwfThuPPN7JjQ885p27nefueJznLs8P0IqIiIiIiIiIiMi5Z/IHVwHmz6WmnHaxPbx6YD43PuAGVgFqV9zCja9u5NU9MVaMPLrK8usDfS2+kvm8ytEYNNS28/KWAyy//e5svVf/XFv8g7sPcQC4MttbAzc99tiIxyByNkWjUXp7e8/2MEREREREREREJp3JXxbAceBAJzHHGT7AGuvkAHNZVeNO83fVsOjK+WzpjOE4NX4hgGxZAMc7h1ctAHC80gEA85k7I9BX7mCcrqN0Mp8rZ+Sfa9ZcsmUHWPB+bpz/JbZsvMMNuC77LN9QyqqcY+LxOH9y0UVnexgiIiIiIiIiIpPO5F/QqmYe8znEsViJ/e3Pceej2ym1G6C788AQe8dTLcs/9w2+8Y1v8I3PLoMd3+TOO+/kzue0AJeIiIiIiIiIiMi5bvIHV2uXs2rZAba8XCwgGWP71h0wd5Y7db9oIDbGsUMwf15ZhQVGMK5ZzOUAnd2Dz1VUw02BIOtrKLwqIiIiIiIiIiJybhvX4KrjTY8/09eCD9zA/B3f5M7n2vO2tz/3JbYcWMZnb1zgbqtZxBXzD7Dle23EvDaxtu+x5cB8rlhUE5ju72RLAXgjzSth4JcM8Pbkzpm3bQEfuGE+O775HO155wr00f4cd975KG2xwJhf2wHLLmfBGN0bvfQKvkREREREREREZOKcGwta1SznrubFbP/6l1i3LrB9/g18sXl5oBZrDcvvamb2lnV8ad0P/Ubc8MW7WD7GiavusO7is4fW8c11O7LjuWHZAfwzs+BGvnjD1/nSl9blts2/gS/etWDsByMiIiIiIiIiIiITynDGKd1t//79XHDBBePR9aS2b8s6ts79IneNRzRXZBgnT56kvr5+TPvcv3+/FrQSERERERERkXec++6/f9g245q5en5PU97HD+/6fzn00fWs8wOp+37IN3fM56PrZ5zn1y4iIiIiIiIiInJ+u/vuu4dtc26UBZiUFnDD+o/S/OCD3PU//G3z+ej6deNSgkBEREREREREREQmFwVXz0TNctZ9ffnZHoWIiIiIiIiIiIicBebZHoCIiIiIiIiIiIjIuUjBVREREREREREREZFRUHBVREREREREREREZBTGteaq4zjj2b2IiIiIiIiIiIjIWaPMVREREREREREREZFRUHBVREREREREREREZBQUXBUREREREREREREZBQVXRUREREREREREREZBwVURERERERERERGRUVBwVURERERERERERGQUFFwVERERERERERERGQUFV0VERERERERERERGITReHUejUXp7e8erexEpIhqNnu0hiIiIiIiIiIi8Y4xbcDUej/PD//Evg7YbhpF9+d+bZn4CrWmaedu8pkDumOCfYGBgev1ag85XzOA+ypPBOaPjAdwuLP+LAjYY4DhOtrF7Ciev/ajOW3I4RvAm5zGwim7PZ3rjtUdwVvf9zV1ndjCM3ZWduUHjG8UxDjbB924kfQbbOo6T/b5UH//5r1aOYKQiIiIiIiIiInImxi24Olk4jjNkINIPUo1lsLI85QbYjBG0HWvjd09KBxgdyok9Tvz7NfFGE9gVEREREREREZGJM6HB1fEKiE1kmG2iQ535t8wADAxjHEZQ0KWR/b/yjhvRffGyUwfFDs+TYKJhGAqMioiIiIiIiIi8A0x45upwAdah9hebim8YBjhnHl4dLsM1MIpSM+jHVG4sfpBu/E5aqueRnNEZSXsDHHtw+8kYjvTfhzMJlhoYeaUegp+zkfbrB24VwBUREREREREROfsmJLgaDIoOCoyWaJ/frnhfuY14kbmJnSo+6kxcwygdSTSGzgEdfM6xCLANvo5xyzL2+y3ov/zg9tkx0mBmXgC1oE5vsJ+hgreFQdjCwOpkvl8iIiIiIiIiIu8E4xpcLQyEDven/3Vwe34QqfSCVm5GqVEy4DTS7SNRGCAbtk+HkgtIuXPmBwfy8vv0r39E+aLDMIqM3xg+qOgFig3/6+HOYhg4zrlRM3W4YGrhNZRqX07m6nDZrMUCq8pcFRERERERERE5uyY0uOp/XU5wtVigtFjWa7YsQIljSo1ptPspyEIsJxO3PCUCc0X6zN82dgG2wfe79BjyTp9tWOZ5gp0z8qzViQoqFgYwR/vZKSdzNdu2jAXYlLkqIiIiIiIiIjI5TEhwNfj1cMHV4u1L73O/cLMDDWP4rMBiYxsJPwtx7Dl5/Q6uuVp8NBNdCmGsTfbsy4muuTqSwOpkv3ciIiIiIiIiIue7CQuuFn5fKrA6OPg6OMtvcD+GG8Aa4vyTL8tv5IGx0VxDOZmXpYLQ7ubhMiQn232dvEplripIKiIiIiIiIiJybprQ4Kq/baiFrfx9pml6QadgRmrx8gKlgqulxlBq32gXLAp+X1YfBpQfXDUwDDPQfuiFj3z+OMrJ3i2WPeluc+9/4RT0vO+9rGGnYGyjCRqWe8xw0+uHWxyqXMMtPFX2NRr5xxe7l+X04z8TCsiKiIiIiIiIiEwO4xpcHU45NSyL1ZYsJ1A2mvqYZfWb/b/ix41Vhmzx4FmZC2YF2pimWXbbIMuyvO1uQM9/FY5vuOzk0sFdY1CbUmMpZqgg41i9B0MFMcfyHKWUs6CWgqwiIiIiIiIiImfPhAZXSy1UVaxN7vsy+s1GO8/3KepG4AVusLW8Fe2HCsJZhgl+ABUwHAccGwwvI9U71vT6M7yArVc1wO3bsfHL0QYD0A5eaQcndwWF75NjGNlzDH9FIiIiIiIiIiIik8OElwUotq9YWYBcVoZnPHwAACAASURBVF7pdnl/lhFgHZNswyGyVsdSqUxPCAZKnbKCz35/JQOsgexSw+vffQHY2e3Fj8uvj2sMGnv+e+i2zb8eHKe8KHq2ef7CThNpNFnUrtw9Lifbtti1qSSAiIiIiIiIiMjkMu7B1cIp34MXrGLQ1/nbBk8rLyewOtKgW9n1Pt3GI+p7LAVrqWbLnpbIBi6cyu+3Lewrk7ExTRPTNAdluhqGld1m2za2bWf7dWvjWpimBTg4jp333pS6n7l6rkXG6x485D041wOMwwVShwoaB/edjeCyiIiIiIiIiIjkDF+Q8wwFA6qFgdVS2/yvvR6G3G8YRnbBIMMoHWgczZiKtisRBC7nvCM1kn6L1UUtt9/gcaXOZ9t23v7CYGzwffL7LD3W/PGWO+6RXNNQ1zKafs+sk/KzuIc753D/ICEiI9f+5N+z+1iJfa1beWFr4esldnUB7a288NJuukZwrq7dL/FCa/sQ52qlPf8AXizcJiKurt28uHVrkeewi10vBZ7VIZ6jrt0vlXiO3T5e3N2V/brEo1tCO61btw563of6GSDyjnTsp7z05P8pvq9rNy/6z/EYaG/1n+lBe/S8iojIGTkrZQGGymAdyfdDTZ0fTeCpnGOKLWg10j5GojDomL9AlZsBOtSiS36WZ6lFowzDwDGdbL/BzNjg135by7Lygqq27WDb7jiCl14sY7bYgliFYzIMo+yaq+VOsS/Mxj1byv1slBsgV+aqyBk69lNe+sw+olf/KfxkJS/V/Zirr6kd3K56Edc3NQzePrOJ64tsPjM9vL27i4YlM8e6Y5HzVIQIMTq6YKb/2HQdIEaEiN9k5hKuWXWWhtezn11dDTTqkRYZpP3Jlezno0TZx0sf+Tn1P7qdMf9rdST0vIqIyChNSHC19IrxpbP0igXESmXtGYYx6kWtxjsYOpZ9FmbROo6DbWcAJztd398XDIK67exs9qnjOHn7zJDlLUwFjpPLUHUcsv2CG9gNnsMbXV6f7uJW2YG7FVcHBcP9eq75RhNYfScFF4PXfLYDxSLnhVnXcvWP/g+tH1kLG1/h6stGeHx7Ky/sr2LZ1Us40bqVt+MREokEkTlLuWb+AV7ceZgEABHmLL2axhOt7DicAN7khVaKBmwj1dVw+DV2zb+6+C937a288GZP9tsZi1bR1JAby5zoYQ73AFSzeGkVb3tjiMxZyjV+wLZrd2Bs1Sxe1XR2f5kVOSNRamvjxA7koqtdB2JQW0vV4ZjbpGs3L+7s5z/4n/XscxRhRnV+b+2tW9nTA0SqmVHqlGU/Q27/h1/bTdfVSyj2SHftfsn7ueC2n7PUffbbW7fydtUcqg4f5gRA9SKWVe332ubakXc9QGQOy0qcS2Syafj0K8x48e/Z+Yv3sfRH147wc9vFrpd2knt8Ap/9vL8r3Wd0xu6X3Ge7ZycvEvg7MUvPq4iIjN44lwXIZTT6MbBccDC3P5clmct+zAUUB/cXZBhGbsX6Em2GHOFopqQ7Ba/xEphy73jBT9u2sf3apP4+70+3vYFhmGDkjnEvz9vuLjkVWLDKwDKtbDDV32aaJuFwmIqKCirCYcKhEAYG6XSagfgA8f44A/EBMuk0Bg6WZWIAphkMc7vvjZ2xyaQzZDIZ7EwGx3YwDQPLMglZFpZpeseM9w0dvXdSEFfknSPG7nufpuqJH1P1/dKlAcqVoJZlq1ZxzRLY9dphqhat4vpVq7h+UZTDe9qhoYllcyKlM2EBqhazZA5u+0Jdu3nxzThzlrr9LpsT4cT+wHTmxGHiF63i+lVLmRPpYc/Ofv7DqlVcv6iaxOE93pTodlp35sa2uLqHPSMsbSAy2VwwPUoidsD7HHfREYPa+dOLN+7azYtv9jBj0SquX3U50XgisOsl9vRUs3jVKq6/vIr+RLEORvYMRRdfzhwOU+yRpr2VHYej7vlWrWJxdSLv2U8c7ueiVau4fukcIj1vsqO/fnC7vJ8LS5nDYXZoGrOcK37/ODs7bmHVx/exs1RpgBLaW3dyOLrI/Xt21SJmJPznrJ3WvL8r47y9u4uZS65mcXXBPzYW0PMqIiKjNa6Zq4VyAVXIzzAt3Db8VO98wRXpi/U/dgqj0YXhwLy6o0P0M9zossca/nR9G9v2A8E24LiBTMNdVMoKBzJRvQzSdDrtfh+oker2lZvKD2CEQhiGiWHY2UWpDMMiFAphGW6/mUyGZDJJIpEmnU5j2267UChEJBLBMtxFrTDAMcgGUB3HIZNxA6v+/TFNMxu09ftOpVLu9Rm5IPFwCgPxw7cvpybsWGc+OwV/ltdnsazc4UotiMhI1bLka//ofun/WUzPm7yw9c3st9ls0ULR6cWzTxpGVj5g5pJ6Zmx9k9b2Bppm5O3Im9o8c3oUYsEjq7moAWAmF0QhVrvYzaabUUWEfrdJ+xFOUM1ibzwNi+fw9s5+ToAyZ+Tc1XARM97c75YG4AAxalkyE/YUa3uin0RkDku8Z6WxvpoX9vu7EkTmXO4+NzOX8B+qD/N24fEjfoa8c7zZSntDU342bMHPhhlVEfxHFYDqi7yxTKeKGLXeSYPtug7ESERqqZsZvJ5TdJUcj8gkctntrLoM4D96f5avoWlVIGN8BtEIxIu0m7nkaq4pu1c9ryIiMjoTGlyF4lP7R7LYj7ut9L7gceXWrhyNcQ9pBabU5wVGbYeMnfGm6+cygS0rhGWZ2e2Ok8G23YxSyzS94KmfmWoHTmQQjyewLAvLsjAMC8exSafTpFPpbGDWP080Gg3UW82VGkin017nBo5tu0FW089mNbGsEIbh1mg1DMhkbOLxeKDEgIFhguF4GbRF35axu+ul3/fi2ye6BMF4f35FZASGyjQNiFT5v4bNpPHqRe7iGG/CyKfeN9C06Agv7N9NV8G85OyU5dxJ874uOY05Tw97tm4NBJ4inNRvdnJOa+Ci6jc5cgK6TsVIROtLfpy7TsWBqmJ7OFlq1yAjfIYamlh8ZCtv7+5iScE586Y1AwTKFOR+pgwjcZgdWw/nbdI/mMh5L688h8t9YhpoWnqKF3du5QUY+dR7Pa8iIjIK41xztVjVgdKLWQVXng+uPj9s/Civ5urgoG2wZmmpGq5DbSvG8YdJqXDcMEMuo4XhuNdlYHiBT/eowkxQAwNsL4vWi5uaWIQtf7CGF9w0sG2bZCpDIpFgYGCATCZDJBzGtu1sn+AGRA3AsfMzTrOlAioqME2TUCiUzZRNJhJeVNR0x2SYgINluVmwfpYquMHYVCoN4GbIWu4x2RIHI7mXJRasmhyBRwOnzKCwMlFFzicNNK3ywqntrbzw0m5mXL1k6EPyDl/MnP072b0n8Jtbe6s3ZTlQN3L/KIamGm9yHmq4qJo9R3bTEU8wo74BKD7VdnDGd3aPm/FdzslG8Qy5Ga6vEXyku3a/xmHmsGyV21fX7pfY0V+yi9LK/AcgkfNHF7teOwxzlnL9kpn4gc9s5urMJVyzyv07t2v3S+xobR/RM6LnVURERmqca64ObfTBzckQNBtfRiC47E+t9xeXsiyLiooKQqEQjuOQSCTo6+ujt7eX06dPE4/HyWQy2YCsXyIgmUwyMDBAX18fp06doqenh1gsxltvvcX//t//m127dvHrX/+a119/nd///ve8secN3njjDX7/+9+zd+9e3n77bQ4ePMiRI0fo6uri5MmT9Pf3Z4O0VdGpTJ06lcrKSgDSqTSpVIpUKkUikSCdTmcD6242a/6iW/5aWAovisi5rZ3WrS+xK1iEsVTJgJJm0nj5HOjpoWjZR7rYtb+n6J4hNVwUqEvn/nL4wtbWEmEokXPIjCoiPYc5nPDLY5SQ9wzkP0cNFwXqE3ft5u1ij9hon6GZS1gyB070FH+ioZ09h0vtG6Lb+bVEevZnf960t27lBdVRlnea9j25jNKu3bxY8EyWnVXq0/MqIiIjNME1V/OzVv1thV+XM2U777gS24c6x1BthmIP32SM+AtO5RbdCpYI8AOTlmXlLcrlB1/9TFE/+Nrb28uJEyfo6emhp6eHvr4+BgYGSKfTZFIpMpnMoHO475VbO9XAIBwOU1lZSVVVFVOnTmXatGlMnTaVaLSSykiUaHQK0cqoG8zNZHC8rNVgWYHgWMPhsLs4lwO247jvogEYowuvTo5M1cHcLN4y2wayV4tlsgbrsSrLVWSy8qb1+1MSqWaxl8U6c3oUDr/JC60Mn7kycwlL5sTY4c8e9LJZ3enIEeYsmkPkzZHWSw1Ml3wT3FWMR1KyQGSSmjmf2shhDkcvGubz7D2fb7rPwIw5c4j46aredGD3GatmzpxIkUzW0T9DM5dczpzYTg5nv3frK7tThKtZvKiaE179xbLNXMI1i1oLft4oM13OJwkOZz/f4D5zV3u1UXfywmGgehGLq3t4+1QXNCxhyZyX2OGX7ojMYdnV7hMxoypC4vBOXqT0olY+Pa8iIjIShjNOEZr9+/fzP3/6cv7JAsHTYl8XtnH/DB5vlmhnYBQk4RqGOyd+uMsbaUDOMcrPrDyjJZOc/EWd/KzVwuBnMBDnT/v3M1UTiQSJRIKTJ09y/PhxDh8+TFdXF6dOncoGVm3bJhwKuQFUr2+/RICb/eouWlURcssBVFZWUllZyZQpU6iqqqJqShWRSAWVkSjTplUzY0Y1lZVRDMMNnoazi1Z5i2uZVrY0gGVZOEDGtsFxMEzTrdVa5v2dSEN9job7DDneAmSjOV/wvIXbio3pg+9bSn19/YjONZz9+/fzJxddNKZ9ioiIiIiIiIhMdt0nTgzb5qwsaFV+YDW4L9AHJtl8Vb/4aYlFrkYSPC2nrVMwltEq2UXgeozAyfy6pn4bJ+NghUwMy1voyisdkEqlSCaT9Pf1caq3l0OHDnG8q4uenh5OnjxJPB7Htm1vESwrm/mayi5IlV+GwDTdGq9hK4RlWUSjUaqq3ICqY2c42XOCZDKJbTtUVU1hxowaqi+YwbRpU5g2fRpTp06lIlyBZbkLVdmZDH7+r237C1c52SzZwE0ofmuyd2/077N/jbmDhwh8OrnPYrFgZjnnHUnmaqm6scFs1eCfIiIiIiIiIiJy9ozzglalgz8jKQ1QtJ+xinIOdY4z7XPUR/lHOtmAZzAQ7XiFSd3M00y2pmlfXx/xeJyBgQFOnTrFiRMnOHT4MCd6erKZqqZpEolECIfDOI7jLnCVTGYDl6aXverXczVNd8GpaDTKlClTmDp1KlOmTCEcsshk0qT7U6SSSQYGEvT393P6dC9dx48xbdpUqqsvYPr0C5g6dQpTpkyhsjKCZblZsu4lZMBxA8f+9Q4VNMwuIlYQ4xzNe2fkR+sHd5q/c8hxDZ+5Wn7Wqqb9i4iIiIiIiIicO8Y1uFokz4/84KFXhzO7L9iu2NfkVpQvEs/K9VXeaPL3Onm1W4dWRoZrIDAWDL4Fp/GTS0R1p8V7tU0BHNsGv06pnQvs2Y6NY0MmnWYgkSAe76e3t5eTJ0/S09ND7+le4v1x+vr76Tt9mtP9fSQTSTJetmrICrkBTtPMTv1PJlNurVbTxAxZhMNhQpaFYbiB1XA4zBQvY7UyEiEUsrAsE8MIEYlEspmwiWSC3t6T9JyI0dUVpioaZfr06VTPqKa2ZgbV1TO44IILCEcqCIXCYIBtOxjYOIDtMOR7YODHmr203sD9KzyuVGAy9144uU6H+mwYgz+dg41dELScMhYKuoqIiIiIiIiITA7jHFw1i2zND7AG2+QHR0sEWAOZrXkhpmyXxc7pnmn48ZYz1XqYMFuJad3+Pn9/KBTCtm1wTDeQ6oBpmHl1Uw3DwDKt7MJQmUyGRDyRzVL1A6qxWIzu7m5Onz5NIpFwSwOkUu5iVZmMF1S1vIWuwliWhWGY3jT8wCJjhoHtxSz97NXsAlZVUSorK4lGI4S8UgL+9bn1XyGVTNJ3updUKolpmpzuNTl1spveUxfQe/IEM2bMoHbmTKZPn84F1RcQqYxiGga2kwkETXOLXwXvmXs/LDfr1TBwvP/l3pHyAt55wW3DKecoyuy+pMLxlRscHWpxq2IBexERERERERERmVgTVHPV8GKi7p/ZRagKaq4Wtsvf5n1XpGxAYZshR1JqynmZAaqSrZxAEC0YwPNyKh0vvxIILB5lYeAtTOUt8pRXDoFcQM1xHBKJBF1dXXR3d9Nz4gTHva9P9pykr68PgIqKCkKhkNu3kcEw3MWvLCtEKOTWTfWzPN26q+6Uf9u2swtcpZJJDD+T1gvMRiIRIpEIFeEKwF0wK5VKMTAwwEC8n3h/H/F4H6lU0s14DZuEDBPbTtN3updMJkl/3yl6T/ZQXVPDrPgsambWugHWbLDXuy9GMKPZcTN3yQVybf+98j8LBTVYiwUhc4FVf1/us1bGuzsGBpe5KOczV6xtYWBVtVdFRERERERERM6Oca65ahV8n18OwM3GGxwwzV/0Cvyg1+DFqtyFrcocTTYAW9jPyAJUhaUNCjhOYJ8RCJB6IUBvVyrpBlMjYRPLskh7i0i5dU5NTMPEztgMJAYYGBggmUzSc6KHzoMHOXr0qBtUPXmKRCLpTum3LCoqKghXVHjDMMACy3KyWah+bVMn45BJZ8h4NVdtO5OXIWkEMmiTySTxeJxwyHKn/+NgWbmSApl0ikw6hWPbhK0QGcvCtjMYGYdwZYgpVVEilREs073+gf4+YnaaVGKARDJO7cxZTJ0+nXC4wgu8g2E42TH5C28ZhkHaW7DLf9+d4A0NBEbzr6VgQSjc/ou/3eMVXC0/+DnUtP8z+9yKyFD0PIlMrLF+5vQMi0yc8Xje9AyLTBw9byJjb4IyV4sHTku1GxxcLd1fuectFnwbnSECq0UEM0/9zEvHcTM/AQiHs4tH+dssy8IyLZKJJP39/Rw7doyjR49y/Ngxjh45SncsxqneXjIZm4qKCFOmuAtGRSIRHCCVSuUCk6EQppULlmaDopkMadvGwSGTSWOauYWsKsIhd+o/kEwm3bapJNFolHQqSSRS4QY7vbID/p/geAtlmZiGQSQSZkZ1NdOnTcU0DeLxOH19ffT3Jhjo6yeRTJBJO5iWxbRpIUJhC8e23XF54/ezbU3TxMjWibWzAWsHx61NO8S9h+DnzsEwC/eP/7T6oTJQy81g1fR/kbF3+vRpuru73az9VOpsD0fkHcP/+72mpoapU6eOuh89wyITb6yeX9AzLHI2jOUzLCKuCQuulqP4v6CUCmYOHaA9W4qd2w+KmYaB5dc2NQy3hmoikauLGgphpzP0n+7j9Ok+t55qVxf/fvjf6ezs5NSpU24gM5WmwgqRdjKQsUklksRNE9u2s4tRWZabNez/mbHtQcE50wAbg2i0EsMysQwvuOqVFrC9oKpj28TjcTeLtb+PUMjCNPEWw0qSHBgglUphWRaVlRGmTZ1KJBIhbJkYjsNAPI5huPdhypQpOI5DJuPQ39/Poc5OTsf7ueCCaiorq6iMVFJZWUm4ooJwRdgrVxB3PxtmyMvA9VOQTZxgsN4Bv+ZuJmMDZBfbCr4cCu/FxAUtiwVJi9VTPT8DqW/x/U8/yq+K7apfw1fuXcnMYXroeuVrfGHnUr5y70oIfD34OO9cV32Ob918Sck+hjufnN9Onz7N8ePH3Z97kQgVkcjZHpLIO0omnebYsWM4jsO0adNGfHxvby/Hjx8nHA7rGRaZYGf6/IKeYZGzaSyeYRHJmVTB1ZEERc/FVPbggkp+BmsymSSVSlFZWUkkEqE/1cfx48fp7OykqyvGqVOn6O6KcfToUQYGBqioqMDwpvOHQiHC4QqskBtATaVSZDIZN/PVsjC8gGsmkyGdyZCxM9nFshzHyVUfNUws08Q0/UWv3ACrbduYhvuDN5VMkEwmGYj34zi2txgW4Dg4tp3td2AAIuEKpk+dRlWkMjvV3zRzWcgO4GQyxAcS9PcPcLovzomqE1RURt3Fs6ZOpWrKFKZNn0Y0GiUUCrnvtZfd6y6g5ZUFoCAblEBtVtvGccBx7FxJBO//g0FXmUj13Pzle1k5UVHNXz3K9xuf5OOXDN9U3nm6u7sJhcPZf4QSkYllhdz/DD1x4sSofrE7ceIE4XA424+ITJwzfX79Y/UMi5wdY/EMi0jOONdcLayRGpzunx/YKiwHUOz4kZxrtIbrx3GK7/dmnBdlBqatZ7yFq/wAqGVZZDJu0LO/v5+urhidnYdo39vO0SNHSSQS2bqnpgMhw8Qw/XqqbnC1IhLBMk1S6TQDyUQ2wGpaFgZgOw7pTAbbsb1rCCwIZRokEg4hO0Q45GB6GbWplFtHNZVKYXu1YP36rACWaRIOWVihEJbp1YftHyCVSNJv9BGvjFIZjjB1apTKigpCVoi0naavv58BL6g6kBggmc6Q7nWvG6AyGmXKtKlMmVLFjBkzqKmpoXpGDVOmTKGiIuwGSb3MTsdxsP1AseO4i3cFarS6AVXHC7B6dVjxFxfLrwE8+M1zAvuGNvxnb/BzkPc+SNbgrFI3A5XPjSZAWs9VV8GvHn2W//TkzZQ8vOsVvnrfZvYHjssFgN/i+5/+CRd/bik7HvXa1K/hK/dexM+yWbiFAeMuXvnafTzrd1hmVq5MPMdxCCmwKnJWWaEQyURixP9o7v93iTLdRM6e0T6/oGdYZDI4k2dYRPJNaM3VwoWrgl+PJKg6ugffq7dZ4tjyAl2Gl7FZpFSBU7o+rOllXfpZpG4w0MayLMLhMIYBp0/30d3dTecfD/LHPx7keFcX/f39pNMpHAdCloVpmFiWmQ0kWpb7CofcIK2NjZHCWwzKxrQzmF57h1xg1T8/GJiYpG3bvwnZ/9DxMz/tVBrHyWB7NVVNwyAUMqkIh6kIh90SAVYIHAhbFWQyaUKmSTqdob8/Tsg0cTIODgOkkkniAwP0x+Ok0hksK0QkEsZIpUimUti2zenTp+nr76MiUuGWRYjFqKmdyYwZM6iurqGqqorKaNQNnDq5/zBz7wkYZu7+QC5DuHDavZ/Jmn3z8t7P4Gfh7PwlU6p8gE9/AZbn4mtu5eaD9/HIs42DygMA2cDqxZ97ks9fAtnA6FOv8B+zAdH9PPuTpXzlySeZ6QV7v/Dpem7+8pN8aya89eyneeTFt1h58yXZ43cs/TLfutcLDz/7ab7w7EXFzy9nVTKZzC4CKCJnj7tY5cj+TjMMg1QqpcCMyFk2mucX9AyLTBajfYZFJN+EZq4W7is3U3UsHna3jzOt0xpcHCuX2WgEdwEm7uJR2daOu9v0VrdP2zaZdBrTBGyTRCLO8aNH6DhwgD8e+COxWBf9fXEvS9TBNE0ilRWETItQyMLAnRaPYWBaBphgY2M7GTKZNOlMCtMyMY0wlmViOzZOxs1gdYOs7oBsO4PhODgYpNI2EMJxbNLpNI53ie6CVQlM3HNVhMKEMMEMgWmBYYFjYgChigqioSpMIBwyMUyLeCJJfCBBOp0imUqSTrnlCQzDJBy2wDQwLRPLdjNS06kUifgAfX199Jw4ybGK40w9eoza2lrmzJnHzJkzmVFTQ2VlJYZpYWTvv5ENbrtT/h3v82ViGLngqh94dTN6M3nvrXu8t1BWIK5ZGNQc2WfG73voWqvnb53VQvt59r5P82zetqu4e6jM0jMyk5W3rmHHfSXKA8xcyeefXJnX/j8urYed+c2u+ms/0HoJ/+kq+BV/nc1UvaTxKvjJEbq4hJlvvcizrOErgboHl9z8Oa769E945ZoJLIcgIiIiIiIiIhPinC1wU25ga6z/FSYYDMstpFS4UJThBhBN082ctB3wMg0ty/QWg0qTSafoi5/m+PFj7O/Yz4EDBzh25Bj9/f04joNlhbBCVva4SKjCmxqfW6TKxiGVTpJOp936rekEDrYbQDTBtAwMx/QyVR28hFU3uGjb2LaDjZmtY2pZFrbtBDJsHdy1odzJ9CknjeM4pNM2iZBbq9XyskTD4RDWlClUVka5YPpUKsJhBuL99PX1MTAwQCaTxjQtQqEwAIlkknQmTcZL+zUtkwrDzSJLJBIMDAzQ29vLiZ4eTp48ycBAkr6+PpKpFNXV1UydOo2KigiWFfLycgEnVzIgGMA3sxmt7n67aHaqH4C3C/aV+gyNPMumVDZqcGyF+7KXNkTw9dz518YJrrkKMHMl/3XNTr7glQeoLdqoYLGt+qVDdlk/r3gvXUcOwv5f8YVPby48gptHNmoREREREREROQdMeObqcBmrxcoElNPvaMY2mkzBwqBdMCMScjU9867TyE3Hd4OYFql0kt7eXo4cOcLBgwc5ePAgXV1d9PX3Y2fcafmmaRAKhbyFq8JUhiu8MgJuZmwynSaRTDCQGGBgYMDNOMWt52qaRnYxKX/KvJuVaQeu31vwCcALBPt1SiFXG9YwIpBJY9s2qVSaZDKFCZiWScg7JmRZ3qJc7nT/KVOnEQmHse0MfX392BkHMAmFQlihEJlMhv64W38VA0KRCkKmSSgcygZ6/YDxQDxOOp3GMEwSiQSJZJJZs2Zx0UV/wgUXVFMRqfDGboFjZGvYBhetcu9JrkSAYztu1m/Rz4WZW7CrRL3U4baVMtznrlQ91qGyXmV4M1feys073fIAX5kX3JMLqtav+TLfWjnTq/t6BidTjVURERERERGRd4wJzVwdaoGr4P5yAqwjOU+pfcWmew93zmCtTsddKSmvP3dVe7KLKrmBPDt7rOM4pFJJTp06xb//+7/zhz/8gUOHDtHT00MymSRkWVgVudpD4XCYaDRKVVUVYdPKLjblBh7d7M5EIuEuQOU4GF5gMhj89Wu9ZjLulHwKa4561+y3g9x+0zTdRbccsO2Um+lqZ7J5n45XGsCwQm6mrbc4TDKZwnDAth1CoRAVFRXZbNhMOo3tOJiGG2xN2xkyafe8ju1kM00rKysxDINQKozjOAwMJDhx4gQDiQR9fX1kMjbpdIYLqquprIpSEa4A3HvsLxwWrK8arL1qmkbwhb/iiwAAIABJREFU0ot8RooHOccrQ3Q0i1ydO9mqk0GuPMA/19fnNr+1i1+NYTB05kUXw/5OYqDgqoiIiIiIiMg7wFnPXC0WcC117EjPNZI25Z7PMk23dqmdywDNvvy6nYFsVscruGp6U+eTySSnT/dy7OgxDnUeygZW06m0m31JLoPUNE0ikQjRaJQpVVVgO/T29tLf308qlWIgmSSRTJBOpwE3EGuFQnmBXX+xp1xQ0XLrsXoBR8MwyDhuMNFvY1nu1H032GpjZzJkbBvHrRyby+o0jFyQ1XGwHQfDsEin05w+3Uc6XIFpmVRVTSFkhRgYiDMwMEAynfDKHlhURiIkM2k38GrbZMhlZVqWRWW0klBF2MtGJRdItm1CViibeVsTsqioqMA0ctmphUHm/Cn3JvnT/4vXUzUwsPMC715usn8LyvnQFDQaKpDqj3WoEgHnc8aqG5zcyf/pWsnKmdD1yk/4FXDVmHTulQfYvD9/2n8wGPrWs4P3j8Ql13BzfcECWm89y98+yjjWlZWJ0cOup5o58oENXFcX3N7Btg1Ps8v/tvEWNuQ1cI/b1ul+N++6ddzaWF38FB3b2PA03LLhOrI99OziqeZtdAbb5Z0jv39ozB7fs+spmrflHTmoTWH/g8ZXsL/xlqGvf8jrm1Cl3q/RcK+RQdc+CfTs4qnm3/Dn627Fve2B92Peday7tZGh3o2ObRt4msLPbPH9Pbueovk3f168z0HjEBEZQx3b2PD0rsCGxvy/K4eT9zMq+DN9Ev98FxGRc8pZrbk6dgtVTSDDwMmuTh8IFDsO2HZ2Wr4bLHQwvUWVwA0M9vT0cPzYMf74xw6OHDnC6VO9mBhEKiqwvYBtKGQRiVRSUREhEom4WZ+2TTI+kM1UTSQSJFJJUml3ur6fYVpZWUllZWU2sBrypuD7fRMoU5BMJjFNk1TazXi1LCv7chy39EAqmSaVSrkBTWzMbGkDdwEqt51DOp0hlU6TSKWwbZt0JoMTrWLq1CoqoxEqIhUYlkEymSSTtkkkE+6YwyEwTSwr7AagDXdxLshl0tpe4BUjFxAeGBjg6LFjpNJuNqxpGIQMk4qKSrBtLNN0lx3zsliL1i/1AuFDLaTmOAY43vtt+sFVI5exXNbnL7gAWjkfseIB1sL956VLbubuqz7NI96iV/VrPsfN9Y9ycIy698sDZBfU8s/3aa/aav0avvK5q/jCo7kA7wjPwMp7P8fBTz/K32YLuI7ngl0yMXIBzMa87e4vZUeuW8eGxupsu6d2+QFG77iLbmHDrXVe+2a2zSz2S1wH257eReEZevb9BrL9D9axrZltXMe6DW7Aq2fXUzQ/tcsNgDXeyoa87vzxrvB+Ie1gW/O2QP8F4/MCq+Rd3wa2ZQOWPex6Knj9Q13fuayO6zZsONuDKE/H79lVRlC1XHXXbeAcuXIROU91bNvA07sauWXDhmwwtWfXUzRveIrrzvgfdM6hn+8iIjKpnVMLWpXKch3JMWfKD6z6U+vdQKQbyLS9qeimaVJRUQG2G8BMeQHH3t5eDh48yIEDHcS6jtPb24vjOHl1VEOhEFVVVUyZMpWKigim6dYZPXnyJP29p0mn3WBnMpkkmUpmg7mhUCg7nqqqKiorKwmH3ezTRCKRrT+KAclUiv7+/mzQNVIZJRyOeCULUsTjA6TTGXfafSoTKBeQiyW6XZleTNnBzXx1A8iZbCkBh0QiRSadwcHNgjUti1A4RDKVJJFIQCpJuKKCULgCLBPbsbGdXLZtOp1mYGDAzWQNVxAKuR/ZRCJBf3+c3t7TDAzkas7OmnURU6dOJe0HZgMZxn7JAvf9yrgB0hIfD8MLijsjCIoOZaQB0WCAtdBQgdfJ7RI+/uS9w7e6+Um+FVz9aeWT2S9nrryXb630twe+LvtcM1l575MEDxt0PuBb2VNewseffDJv3yU3P8nn8zfwrbxTucd8vNTQ5JySzf5sbKSxc1f+zo7fs4tGbsn+ZldN4wca2fbyPnoaG6nu2cdvOudx3Uf9XwfruKwRnv59B9fV5UcfO7Y9DY2NUHCKniOdXHRZid8ce3bx8q55XLcuF0gbHFDNP8euedexzh9vTxdHmMefL/CPdsf3clcP1FXTs+83dAbbe9e34eVdrLi1keqONrZ1NnLLrbnjV1w3j+bg9QWzjeZdxy1//huePvIBNlzHoGyhQVmUPbt46n/AR28NBI6zmbjzAr9Ud7Btw++56LojbNvWCfPex/v4OT/vBJ7ewJHr1vGBI80FGZpu4Ps3f76OWxt7Bo0lP0tzcGZT/ljyM6g6tm3g5Ytu4c9/87SXUTyvIABQmG1ckPE7TDaxG2jw9jXm3uzgmJo3bPOyjPPP1XjddRzZVphh+vu87OPGod6TAHcc3rUFtpfKmN6gAIaIjFTHNi+wmp+lWt14K7cc2cDTbR00Zn8+jWYmRf7Pd/fn93VctG1b0Z+JhT+/B/1MHW42iIiInLfOqeBqSQ7krfhuFO4b25MZ5Nfy9BVOx7dMA8OEjJ3i5MmTHOo8xFtv7qGzs9Odju8FLP3Ap2maRKNRLrjgAqqqqgCDeDxOX18fp06dYqBvILcgk2NgWSHCFWG3Hms4jGGa7sJXlZVMnz6daDRKygukptNu2QHbtrG98aVSKSzLIhqpJBqNkkx5C0gNuMFV93LdGq6hUChbY9a2wc7YpPECtjiELJNw2MK2HcKRCqZMmUJltBI7naa3r59kwguQWgbhcJhIZSW2AZm0Qzplk8kkwEi6QVvvtjpe1mo6nXYXtEqmMb3sXAzIpG1SyV5SySR9/z9777Ibx5WubT7fWisOeSBF2VKV9r/VgDZQe2Y0DDSHBfSkhhrWBWjgC/Al8BJ8AR7oAmrIWRs9KqAnHHjgnvzlRmn/ULloWweKzMzIiFiHHqwVkckUqYNtSS7v9RgpkplxXLEi6Xz5fu+3XEZh1wXu3LkTxW0R9Fjez04+rkrnM746ThYlgpJ0LcVtrSNjbm4mk/nvwqc8OPqMezzi+GRH+bx3n1296OzJKXAn/nBwyGeXlM5HfHMChw92hKpHx1HA+uQbLu/ijCendzk9PeJoU5c/Cl1R/PyUP7/J57YrhFgObnGHx3z97RmHyXn6zQncebC1wTu3XnZAPj7lDODJKdz99NLrB7fuwPE3PLp/j3tnJ3z58GTzwfTRMUcPB/vvZSF32Dd3n3DGvSimfvs1fPrnjbD69ad8fvRZ3N+jY46+OObW+IH7hOPTBxwdDWP7vzPdjgV4dAgP03HFwePrx4f86bPoyH0bonh4J82LwUF1fOnD/+Pjh9x5cMTRcN5ffAmff8bhwa6bedjeXzj5QypX/eKYOw+OiC9fdgM/Oj7i4engVE7b4i6fkoT1W8ccfXVndK5edjbH5U/S8iMnp9z5/Iijg3QsD4/55DXltpeP4/IQ7gr8w7KZTCbztjyKvzSvfD+67KzfrSSJ751f8vbi5uPjr/n0mvfEV7+nvvr9O5PJZDK/bdTrF3l37OZg/jw2TYhk67/h+aH3VAjby77+tZcecrkR13a+Z1EUVFWFiHBxccFisaAoYjOnwbX63XffcXFxkYTATVd7pRTz+ZyPP/6YW7duMZ/P8d6xXC64uLgYS9uHDNWiKJjP59y4cYMbN26wv7/P3t4e8/mcyWSCUoqu60bH5vAwKZN1cNdOp1PKsqAsyzGCoKoq6rqmqmqMMZcEY58aY5HiAcqyZDKZMp1NqesJVVVhjN408hKhTALwZDIZtyc6CslVVY7u2rZtabv4teu6mCUbQtrHJB5TWYLEfNnhfL0PnJ2d8d133/H48WP+8Y9/sFgssH0PMIrKXdvStTGj9so84K05s5sNfO2sE3n9Y5iXPyFHePeRyWTeLweHh2+e6cYj/nr8mMM/7ZZkx3L6o6OHnBw+2PmQdcbJV6fc/+NVeznj9PFj+PRzjo6OODr6nPunDzk6frRZ5M4tOPkyvX7E0ZcnV0qFj/56zOPDP+2UT97j/tHnfPr1F2n9r7jz+eZD4MEfPuXuyUM2uzvj5KsdgXlXfD24w91h6eR8HU/t3h+5f3ez6L1PDnn89bfxeM+ecHr3kEO+5tv4BN9+TXLVPuKvx3D/z1vjeu8+Dw5P+Opkc7aHn7ziSt37hENO+ObR1rEdfvIW13YgXeMHG/Hx4PDP3L97+VjYvs73/sj9u1HEhgMOPzu65AQ9+MOnbA3L7oFz/2i4JkmcH+fXAYd/vv+KdR/xzcndrXGLzuOX2JoX8VhOefIKvfns5MvoJHuT6IHBdfbZNXbqTCaTuZaz+De8O68XR89OvuLk7n3+PP6Su8f9B4c8Pv4rj1655hVc+574hu+pI9vv35lMJpP5rfNenau/uDh0yXX4isV+QaPhboMkASQdxyBk9n2LEvDe0bYtzWrFD99/zw/ff0/btigRCqVBojO1LAt0VXLro5t8fOsjiqJgtWxYXix48fyMxfkFBPAoXAgYbagmE/b35zHLNDlLy6oa4wH6HWFxeDjnxtfKskxiZ9TYffBpHQGiQOp8gCAwGFnTOHgBfSkiIIrUfd8TXMyBtX2NKQyKlD2rY1arKgz0XRKl1ShABp9cuUnyV0phjNlMUmXGRl9lVVJVEyDmrzrvaJYrnj19RmEKgFF8rapqFJR3IxyGeIfhte3HMF+H6Adgk12buK50/5fiquZXr8tkzWQyH4JUjnj4gKOXPkhFQe2QKEwdfblpCnR28he+/vTPXG2g3M2Ci2La1198xckfP+MPACcP+cv9zzk6ih/1Hh0fEU2S28LXNY7ZVL44Oix5xPHREV8OZYwHh3z24JSjh0epPPIu9x/c5+7D0zcakbPTx3DnT1vHccAfPr0Lw+oHd7g7uGCTS/WT0y/4Jj7B1yRX7tkTTnnMyRdHHO/s4+4bGyJ3Ig9OH79ajL32pFKUwmVFmVt3do7rkhgQX398GsXVge3yfkbnU4pWGMZ8u3nZVfs+uMXOrneO9Q6XUiUO7nCXN7t+V/L4mIePgcM/vV6Y3nIuZ20hk8m8S17+fcPPf797aSeve099xft3JpPJZH7zvPdYgG0h6lWNhF7189YrvGG/dqL4+fpjeh3e+dTYaCN4SdK3nHMIsay8KGIjqcViwfNnzzh/cY61lrIs0UojafmubanKktlkwkcf3WRvPme9XvPiRWx8dfb8jKZZR3FQx2zWIrlF5/M9tNF0XbsRekWw1o5O1yF+YHj01tI0zZgDOzhcQwi0fc96vabrekAIcCmzVCmF3zpv5z3i3JhhGsVkBd6l7Nc6umGLgkldUZZFLNVP2ad93+PcxvULECQQ2Oxze9+mrCiKjcNWmwIRxf7+/ti4ylnL2fPnY17rINCWZTlm0A7nHrbcoMNYDee7LbJuC69jdu0vwFXC6VWvZzKZXztbwuprPkgd/OFT7h5/zbdnhxxywl++/pQ/f/YWJYu7Ytrhg0slj/f+eJ+7X6TtD08P2bC72mpylo6RsMnpc/Twrzw6TM7Me/c5OtpSMB8dc3z3zuYD7OmmjD9u9JSX0zavO5c/8OndY755dJ9PUrbsvVuHMZP2k1P49I9bH5R3c0svnckb7e7eJ4c8/upbzg5v8c3JIZ98oEr1UVS9m0pLUxfrgbGs/tExRw8fcnSScvv+8GGO9zKHPDj6hG+OHnL8yascWZtmaVlbyGQyP42r/zD1a+ba9++cu5rJZDK/ed5bLMBPEVXfdHuvez4KZ2+86VfiB0F1JxYginYd63VDURSp8VLg+fNnnJ6e0rZr6rpiNptS19Uo8jnXY4xi/8Y+N27coCxLuq7j/Pyc5WqB91ud7gWMMRRFidbRcRo89J1lve5Yr9uXHl3Xj82p+t7SrlvatqPvbWxYZV1sDHV+wfmLc5bLJU3TRJG17TZCrVKIkvSA6GENeG+xrqfvO5pmxXK54MX5Oc/Pznj69BnPnj3j7MUZy9WS3vaolAs7NPESgbIqUhOvGbNpfEwnE+qqokxNrIqiYFLVzKcz9vf3mc1mlGk7k7pOMQYVbdvy/PlzfvzhB3784Qee/PiE58+es1ousV2PEIVaEUGLQiEQtoRyUQxRES4Jx7uu0V+6TP/nbCvHBmQyH5izE74cct52VaRHxxwdHV9bknj27dc8fnzMF0NJ/8MT4ISHR19ycnbN+sk5c+sg5ZuePnmttBgz635KCfw120pRAAfxU++l/Z89OR33dXDn7kvHd3a6Lb1GJ+vpk5ModsaVuHv6hJNvTjeNtlI27OnbRaO+zL1POHz8Nd+efMPJTx2PK48llq5u8/jSAtulrams9PMjjl5XVn/vPkdHR3x+/26MT7hq32dPrvdlHdzizm6J/9uI31dx9w4HyZ118vD6uT00T/tzFhQymczP4N4nh3DyzZXvNbESJEbhXPX75me/3+3yNu+pu+/fv+RxZDKZTOZXyXsRV18l+vzygtBVWanXPf+2D5IwpzZiVth2OXrsUBJvLU2z4vz8BcvlBUoJs9mUojB4H5s0hRAoq5LpLAqLRVHgnGO1WrFeN0DMFp1MJlR1TVFUGFMAQt/3LBZLLi4uWK3WtOuWZrVmtWpYrRqaZk3TRBeqcz6Jq4627ejanr53WOvoOsu6WbNYLFkul6zXa/q+p+/7MffUOYcPPsUG+LHp1PhVDU3EkhAZcwIIYSM4L5sVbduO5zSdTpOgOmU6nTCdTphMJkzqmulkwnQyZVLHnwenamEKCmNQokaB1CUn7vn5OefnF6xWK7quo+s6loslz54+5ccffuDpk6dcXFxcikvQSqOGSAQf8D5cKv93zl8SV7cFzN2vbzw7f4aImslkfm1s3HlXulLu/XEni/OMk79ssk8PDj/bZKUeHXH04JDoDEwOzZQTurs+9/+YXKV/5D7H/GUr6/PRX495fPdT/rCxkl6bWXfwh0+5+/iYv46fWh9x/PCEu8P2z074chB6IeVn3t3kw750fimPNJXbHxz+icPt7T863iqDT8dw6w6Pj485GdywB7e48/iY49Ptc7hKzIsRBsdvFaZ3j08OH3N8fLITCXDAnbtw8s14oPz1im731x3L2clfOH58yJ+258DJV1vj9ted17cF0jiHNnvbPa8zvv36MXc//cNG1PxqyNVN8+l15/uXreV3M3N/IkPO7MMrLsBbZbJmMpnMq0j52g93/tAYGwFuMs6H3zd/2fp9dOn32S9zMK95T33V+3cmk8lkfuu801iAnyKqvolo9brYgO2ftyuuf54+FYjJohqRMDYpCgy5m6BSuf9yGYXKF2fPadctWmuqqhrFyqEsvypL9vfnfHTzI6aTKba3rJoVq9Uylep7REGhi1hKr2LpvPeOpokirKTmTsYUdH1P6Hqsi+X2EKjrmqIoCD6wbtc06zXrdYvzLgmLdowS6J3FeU90bqavDJmicXsCIDH6QClBKxXPWwLiVSr5D2itKAoDwRO8p+ta1u2aia3RRseyfq2SEO0ggLOxVJ9tF+ZYqh9QKkYcrJsGUxhEaay1LBYLLhaLNKYTbhzcoDAG79woqA7l/cYYynorg9XHSIPtGAXSNY2xCdHFuhmDNACvmH8vz5zLZf/XxQFsZ6i+6v7IeauZzK+Ds5OvYq7a8RccXQoDPUyd4w84/OwBp0dbr79VBts97h894Hh3/VGkO+Dws8/hy63X797fyVs9I0bRXfHR7uCQuPpWx+Xt7Q+Zq1tZp4cPjrZK818+v7v3P09dktPxf35/a/uHHB7CJXkvCcin44fPmI16wuVGWQeHn/Hg9IiHR5u1Dx+8qiw9umKPHx5dimuILii4HLc6ZNnGEk445MGDQ06+umbLh5/xOV/yxZiHO1zvLQ7vcDqed4w0uDeMyYPDyzm2nz/g8IuHfP3tGYeHu69z6ZoM4/BFGvDD+/e5+/hrruPe/c+5/+UXO8ufcutnf9LfjNnxJ0fc3xLzv/36MfD40rUCOLqUH5zJZDJvxr37R3x+Z/s9F4Y/RG7ed1/+ffkuyvFf/Z766vfvTCaTyfy2kfCOFJq///3v/F//9/9zeWc7+Za73+8uc9W6l54jlnAPP11ebteU6/l5hK3vPFqivDo0itJaIQS6ruOf//wnT58+Zb1aUpYlzjmePXvGDz/+wJMnP3J+dk5wsD/f49btj/j973/PfD5Ha83zF8/H9YfsUyWx/B0Vna1dZ+m6nq5rKQrD/v4+dT3Bup71uqO3Hd7Fkv2yrClKAwh919Gs13R9D3iU0uN5OedwIcSy/7E0Puwo0oPwF5teKVEYrTEpMkAFMFpHQbgoqKoyipS2RylhMqmZz+fUdYUWlRpFQdu2uL7H9jbGLqhYuq+1HvNZnXNYF8ZsVa01RVXR9ZYXL16wWCxo2469+T43b95kPp9HZ6v3FGXBzZs3+f3vf8/vfvc75vt7TCYTyqICoHcWmyIAlIrzZtjP0KRs+/lhnr1OCN2MWXzsiqzb27uKy38k2Dhod79u83/+8f/gP/7jP15xPG/P3//+d/7tzrUtUzKZf1n+9re/MZvPP/Rh/Lfi0fERD/mATT4eHXP0zSfvdP8f/BxfxdkJX35xyp92xeBreHR8xFd33n1e4HKx4D//8z/fer18D2cyH56fev/Cb+Aefsv31Ezm18jPuYczmf8uPHv+/LXLvLeGVtcJq9ctc9XzLz0XrnjunRGdi0ISutici9bRsbpeNzx79ox//OMxz58/py5LJpMJgcBqteTF2Rld18W8USWUZclsNqOua0IInJ+f8/TpU87Ozui6HmNirqqkyzQIud4FnI0ZqlHki691bc9qtRqzQr33tG0fjy81trLW4hlExBh3IBJ/VkrQJgqxIZ7gKCKG4An4zfch4IPD4gk+CrKF1vgAOIhaZEFVFehJGcXQlEPbti3BeYqiQCk1iqvOOnwIBOGSuBpCiFEFKTt2dJlqTddblsvo9G3bluAZM2vjMQZMYVJ8woqmabj9+99x+/Zt1EyP8QLbc2fTwCpGG+w6Wnfn22udq2FY/mq36ma5V/+dY9e1mqMCMplM5u149M0Jhx+qk9V7JzZaY8vh++ivxzw+fPCGIkDKks1/W8tkMhl+/ntqJpPJZH7LvBdx9X1krl7bMCuMfktErhKvZHvRa17dlIMLARW45FoFsH3P6ekpj/7+d3588gPOWvb/x7/jvWexWHB+/oKmWeG9xxhzKduz73vads3Z2RkX5+e0bbcpY9cF3ktsMGUHUTSKjsYYlFJjLmrTNDRNc8mB2fc9gVjGH0XhgCThMgqqCmNieT5KobTC+4BzflxuyFodBFvvPcE7go8Zsw7QCFoq/CggRhHUmNRsqq4wWuF6S9d147EqpWKmq43bi/tIpfRKxn0653DJfKyVQpTCdh1db8f8WiWKpmlo25bz8/Px/MqypGtbVqsVq9WKvu8pTYFWmrKsUMaMc2ZYx/vBtBuu/YPAT5m7P7WcP8cAZDKZzM/g7IQvv4gfgo/+23wKvqZE9U0ctcN4cciDz3JJayaTyfys99RMJpPJ/Ob51WWu/tztbhglVRThzUMBBAjD9jdi1iZkIIAECB7b96NLdLFY8F+P/ov/95tvEIH9/X3m0ynr9ZrnT56wWiwIziE+4EMUAwe35WoVRdemaXDOU1UxE3RSTyiKmrbtaJqW9brBGIMxJYinqqIj1NooMC6TcChaoQZRUBtk+J4oGBpjKMuSqqpG56b30aHpCfTW4txmxIIEtDZxFL0gDrzzOCDYKH4iKoqwSqVzDHg8ohWmLCirCqMNVkUHapsaZimlGDTv4HzcrvM4nx7OjQK21jq6XY2gFBilwcQIgb7vERG6RUNne7wPlMk5jBKatmW1XrNsVrjgKaqSqp4kx626Yk75mCO71bxs17X6ZoLny3Pp55BF1kwm86/Mvftb+a7vk4NDPjs6fC+7+mDneBX37nN09BOcuu9xvDKZTOZfhp/6nprJZDKZ3zzv2Ll6laQpcCkr9TqGhkZhlEaTdzCJcbKRqyQ5HYXUaCqMyw/OU0nOyygwbl7xW95UP5TDsxEiCR5JDZW0iaXzbedQCFrAOsuzZ8/5r//1X/x/3/5Pnj99wse3bjGfTvHO0SyXrJsVgqcsNF3X40NgOp1R1hWmLGjaNYRAs16jdcGNScxf9d6zWq1YLFZjl/u+77HWJvG1RilFs17Ttj2IYMoS5wM2ndTQcCu4KJ4ao9FKgzK4EMcyOPBesM5hXU/vLR5HEEGFKCL23oL4cVy0KSiKCiUSf1ZCVZh4zUNAaY0uNG3fEVbQW4vWRSzxt54gBW3fEkJPVZQIQt9b+s7irMeHzfWK+wgE5+icwxkTM2i1xlrHuu3obYwKKKuK3jna3rK2jm7VYLqOsigwxrBat/z49BkHN59y+/e/p55NKLwDic25Yum+R5JjFohitYoxFN6nOaRUnDO7Zf7j7Eka/DBLRYZQiUtz/3IO6+V7YldCHdbffL1qqUwmk8lkMplMJpPJZDKZzPvivWWuXse1uauj6Dk4RQNRlA1br27JqJeTAKJ8G0BSibpI2GopNPyrQBwEFUVWUVFACyEKhkQhUZJT1VtH7210fxYF3sNyueCf/3jM/3r0iB++/571ek1dlJTGQCqflyTWqRCQEJth7e/vUU8nTOoJ63aNtRalDMYU1HUNCKtVw3K5YrlcEkIsWe+6DojfR8EuDs3QNskjeAm4kEZJCR5FEI8EcD7gvKd30T3rRaOCwrpYrt97i8PHk1cQukAIDoxCJKBFMEqjjaEoSqqyjCX2BsR7nO/xLl4z5wPNuqNpe5Q0KBWjCLz19G0fy/w9dMFBAGc91nqcdZsIA0nXQAkkwXXdNbS6RWmD856u73EuoIxBGYPRhs7FRlW+txjn0hgJ3gdevDjn9PvvuXX7NtPplKooKQqDSIxp2DSqinNraCY1OkbHcQ87UmmanRt9f3tmj3P3pRW2F3klw97CEOD6JitlMpn2wIs7AAAgAElEQVRMJpPJZDKZTCaTyWTeER9cXL2e5EQdHH8SC/yHlyKpNHt7tdhxatvXuvH5yXVSVHRfDqIZg5iW9q9EYpm7s4gStBb6ruPZk6c8+vvf+dvf/ienp6fYrmNvNmM2mTCbTCi0QYsgPhCsw1lL8I6yqjm4sUc1maDRBO/QgN7TGFMgolivW/q2Y92sWa9btNagdDz95KocXLBd32OdwxMIqCRKKkRplFZoiHmmPkqw1lq88/QiKFEYZbDO0fYdLvjxvIcGTB4P1qOUIErh8XjvCMGhBIwRjNajsNq2Fu97vI9CtR9FSIVC8C66W0UkGV3bGDewPfY+LoOKKQ2BocmUxzsH3sds2BBioy4Xna3KOVAaQdCiYyQCAkHwLuCdw7uGJ0+e8Y9/fMfBwQF7sz2qskrjGgg+IEpQKjUCC5smWojgGUT7NHt2/0CQJpoQIMiOO3Vn5v2MMv8cEZDJ/DzKsvzQh5DJZICiKN66UWMIIVaxZDKZD8pPuX8h38OZzK+Fn3oPZzKZy3xQcfWVN7DsLBc2T8oVy1za3uDqSz+G9Ny1Mpdc3vYoWoUdgVYAPN7D82fP+Mfjx/zXo0d89913NKsGrRTTyZS6qqjrCpViBazt6boW53q0VlRFAd7h2o7OOpTRTKoapTWdtSwXKxYXS5qmSWXnQm8dSg+d7ME6j22aKDB6nxpAqXSMgtIalZpeiQjBD8KiwzuL8/0ocBpd4Ak4olgZCOBAgiBKkkgr0bWqFULcVteuEe/wfUlhDIRY2m+7Hhf8KJR6krs2eIKLwmmMKDDgwVqHBDBKoWTLsRxtxPg0jlFcTY2vSBuVKOwqBT7EIIrgPVpplC6TW3aQ5QPWOYIPrFZrvvvue/793/+d2x/fZjqZbc0zEFEoHcVV27vUnCveLrvZq1fOwWG+ylYYwC8khmZRNZP5ZRARnHPxj1eZTOaD4Kwd89/fBpGYue6sRZtfsVcgk/kN81PvX8j3cCbza+Dn3MOZTOYyH+g32VDEPuhj10QDSJJDxwZTG/F0kELD6DrdWn97G8FviqnHUurtI9jZtFKoEN2LwfvYlClljWolUVS0PU+fPOH0n9/x5MmPMVM15Y5qLVRVidGKvm9Zp+71zlmUKOqqpioM52fPCcT/obj58S3qWY0oxappuFhcsFiucC6gk0C67jq8dSitCRBFwgAoAa1Qoggquns9IUYcJP+uSBJJQ4w3CC65L1PGrAsxX3XQA32IKqUiOlWVCGVhYlKACHhH8A7rLMH2uK6lMAVaFQRS4yldRpdqiOKv957gIeiQqtoFpQRvfVRFQ0jNreKVEaJLdbxKg9gdXMxDTeeijcEUJdoYfIi5sb0PMXJANEVZRkHaeZyzCB48uN6yOL9gtWxo1x3OuRi1gEIp0NqgjYmC8FYsgKQ5dOmve2OUxWYySXJQvwk/170ahyeLrZnM2/LRRx/x448/Qgj5g10m8wFw1tL3Pbdv3/5J69+8eTPew5Dv4UzmPfNz71/I93Am8yH5Je7hTCaz4QP+FhvEoDdrbCVsxQJsvTYKsNdtfYgCGL/K2CgpjF2rNuuorRgAFyw+OJQKaAElit5B16x59vQJP/74AxfnL/DeUZUlVVFQlYbZtKYwmuViwWq1wNmesigojGEyqQF48eIF1sXS9vl8D1dPwXu6rsNaG0VRpRBlENUTEJwLiHdAzIgVreJDxQiA4dyC94SUHRtsPH5JQaCbfFZJeaZCEMYGUiHE8xzK4rXSaBF00GiJYjWBVLbvkmgbBVfvA1oZTFFEUVM0zjl6a3FYUAqtdWpQFfNPnViMEoL1UUwNnoBHSSCoQR4GJSFF7yrQMTvWh5gBW2pFURYEhN4K0jtsEt41oAK4JBhLEELw2N5i+56+7VmvW6x1FEU8Lq11dK4q9VLDqjiFNmLodizFdTP5UqzqO3Kv5r82ZjJvz3w+B+DZs2e065h9nclk3g9FUaCU4ne/+914L74te3t7iEi+hzOZ98wvcf9CvoczmQ/FL3UPZzKZDe9VXL1aALq6o49suwG3yrXjczKWWu9uZRQRIYpxV+SsDoLYS3mtg2CmBOWJDtAkxGoVxUjnHOt1w3KxoGlWCIGyMBTGUFclk7piOqkpigJrLc5ZisJQlXuUhUEpoet6go9Zod4FmvUaU6wQpXE+UJQVLmi63mJ9R+88HoUPPgqs4lGFQZQmqNi0SoYGV94Tkjg85JaKiqKhhNiwaWja5NP4ylCyn6yrSimMNlEIVckZ2cfsVcEjwUHwCAGjhFIJWgnB+Sj+2jjuPjlGxTmUj03FDNEJq7SkLFWN04JXFme3c25Vum5RUFcSkpM25b6OYyHoIh7nkKvrJKCNxjrA2XjUzsfx8H4UV733WGuxtk9C5SZndnCskoTg7WZWbAmrb8w70D6zazWT+fnM53Pm83nOmspk3jO/1D2X7+FM5v3zS95v+R7OZN4/+X7LZH553qm4+mYuvdf4/kTgJcfqNcsrGSuxr3ur2H4TuSysXna7RpFvEPpSaT2etmlYLRZ064ZSa/bnc/q+x3s/ul5DCCgJgKcsS/bm81FYbduWrreUdY30jqZpOT+/oLeeajJFmZKyntGHNX3b03SWpnOxzF1pfPCjU9UrlRy5khypYWwgNTg7g7eIYxQrx673KZJWERAfR1il5mESBPEQ6+cFkbDJTMWCtwRv0RJwTmGdB2VjRCqBnhgNoFNm6ZDBEARsv0YlB6sxBqUUhQKnIGiFhAJNdKSKEsAjPqAk5s1qozAmunR9IGXOggvgvEd5gaBwQQjO4VwU2r1zeOtj0y8BgkpCs8N7B4SY2+oDzsdcVmVSLIJS49y5LOJf94spCrVho8NeOQd/KVE0/2LMZH4++T7KZN4vv/Q9l+/hTOb98S7ut3wPZzLvj3y/ZTK/PO/YuRq2jX6/AC+/CQwNnEZ1dGt/IfYTeumYBofmJqw1iWZhXCS9LEkwjeJjbMhk6bsO711spDSZoJWwXjd473DeslicU5bR+TmZTKgKg0n5ndY6tDJMJjO0sbRdz2q9xolClRWTqsBoRWha1m1P2zs66/ABClOiTIFIas8k0bUKm0ZOPviYcRpCFA+tQxEIEh2j4xknR+ZQ6q+UoEWBF5zz+N5GgTK5TI3SiHcEbwm+J7gehwcVCFqwklyf4lEYKDXKlCgdhdCYk+rpnYMA2mikqtFlkXJdA2KEQmkKrTBaRdesgLjoktUmCrLTyTR2NQR662jbjqZtWXc9XYjbb61Hgt1cf2/xPsYtoDRKhdhUzEUHa5SmY8Ms51x03nqPTgHfo7C6NZlf9Re/9+klzc7VTCaTyWQymUwmk8lkMpkPwzsXV2ETaypJzBzEquG5jUAVXnr9atloS9AaulXtdLSKbs7tTMpNRXcIUUiLrkQdmzq5+JxzMdNUEaMAVEjrKsDCulnTdy2z6YTgHSEE1k2BBEffW/COtm1YrRbcuHGDyWTCer2mbVvadYsxJdVEaF4saTtLbz2992gnWCese4f1jkXTs2ptbM6EJojQJ7ep0QrROh2vjQ7VACG4rSGIJftBKwhsROIkzMrYICqgvMOIRoWAdw7lAirEhlZaBBUUoesBj0quVcGjBYxSGKUoC009KagnFVU5QRcKo1KzqdSJ27qermtxziEiVFWFMnqcB0ZptCgKpajKgrIsCHhCb4GAMYayLJlOo7iqtSEgtF3PsmlYLhvOzxc8OXsBa4fzQt+7mJuq47lHj6rgnUWpQLOKubgXi3NgHrNidWyMFbwfj22IWth1rF4prg7PjUkCm2yKq3JSf0pZRhZUM5lMJpPJZDKZTCaTyWQ+PL+ZtozbGazCVpMrUclt6EfT4SbPNboRB7HVe1B6d2OCVgABZzuUiqX28+mUqijouhZFoO8maN1R13WMBVAquVUDbdtGAU0JRVURlKbtzli1LS4do3WBZbOmCBqUwQWwHqwNWOejkKdiGX0gNoNCpfJz72OmaHBJ8AsoNnm1IgEhPRd8ylmNsQExI9WCtamZlVAoEx2nPhBcjziojAZRiCogCEpCFFTrksmkYDIpmc3r9HNNUUZRVat4JCFEN22QlJOqFGid3LzRUWq0pipKpkVFVZUYo8AHbB/HzxhNWRZM6ylFWVGUFcYUOO9pmjXPz8754YcfQTzh+TnWgbcxO1WrkGIQBA94CXRty/n5C54/f8bBzRuUZUFZlRhtxkzeIZ8259JkMplMJpPJZDKZTCaTyWR2ec/iagrf3Eh/1ywztlraLLfdmCoEdtcfut6PT4eNqLiJAgiji1Bie6TXlG/H7FQlCvEWay0SAlor9vfnBO85Pz9ntVyglVDVJfO9GVVZobWmsz0XiwvOnr+g7y1FUTCdTFHa0/eOdt0j2gCC9Z52saSyUFQTvPOx/F/UYDBFp+Za8WRCHCY8WEdwNjaZEtBG0KiYlYpHvE/i6lYsACE+bx3iY3SAIGhtKJTCiIoipQa9Vapfloaq1Eyqkums5sb+nL29GdNZRVVpilJT1zV1VSMqipPOxcZeohRlVVGWBaaMU6+3lt7a6Fw1hrqsmJY1hTGx6ZXz9H0H3mMKRWEKyhQ3oE1BUZSIjs2/nj4/oyg0637Nat3R9z3BgXKB3seGXN4HglIImrZrOHv+jO+/nzHfm1NPJkznc0qtMMS8WOccLqnyscFViqIYrNBbQvwwa3nF7L6KN8smfvX6mUwmk8lkMplMJpPJZDKZ9897d65uC0Hb0QBXMwZmst3UShjWI4ldsWx7qw57TAsIYXCpDtsBkSS4Eh2Jftiu1lFw9UkC3uoUH7wjOIcWmE+nCLBer3HWsm4a2ralrCvKoqQsSzyB8xcv+Ofp9zx7+pyyqvnoo48QbQi2p3eW3lmqsiZ4j+0dTdfjMaCi41VrjVIqxhm4mPcalKBUSLmrAeU9BIeEWPCuRVEASlKOqI9RBZKaRG1HA6AC6NgsymiFEZ3cpoIKAdESxc7phEldU5UF89mUyaRmOq2YzSbs7c2ZzadUlcaHDlFQFgVlWQJC13djRm1Zlezv7zOZTanrCpTQJ9eqNpqiKChNQakKtIoZrt67KGp7NzbCKouSkJpZidaYoiCIop5O6Puei9WSVdMSgofgadoW3zk67+I4Bg0m4CycvTjDlCXzvT0Obt7k1u3baK3jvEi5tZdm5I6un/TWSzP2VVLnzxVSt7eTyWQymUwmk8lkMplMJpP5sLw3cfWyqAqbPFZ15bIbESrlsI5f2WSqbq0TRS/ZfJ/6WxE2DZwuN77auBGHdbXSBO/jQ6KTM4qtjpA6ypdFwcH+HovFgnWzYrVa0jQr2naNLgxd32GKkq7rOT+/4OnTZ5ydnfPRxwXKFDgfy/+73uJc9DpGd2dqpBQCwQesi82WhIBWsaw+uk1ddKcyiHghNl+KHbfQeHQAFXwUF310tGoBTcw1NcrHvNkgYDRGYqOoQhuM1milUSIYUcxnM/Zv7HPzxg3qqmQ+nzOZ1NR1RVWXTCYVdV1hjKK3UdDUWlEUBSLQ2xJnLUigquuXxFUXHCoJpEVhKIuSQhUpDzaeQ/A+FfOnyAPRWOvoehejDIxGlGYvwO3bt1isGrrOAkJvO7q+HQXoMRbAx3mwXq+5uLjg/MU5TbOOzycfr3VunLBKpSZiO3M1bMmpbyp3bmet7j63mc85UzWTyWQymUwmk8lkMplM5tfOOxVXX+Wu2xZY33h7W49hzTB+L6Ngul2mvR1AsO0a3GStDq8plAhBVGwMNQq7m8ZPBE9ZGgiKs+fPWCwu6Np1EgEDXdfx4sU52pQUAdZtR9N29M5hyoq6nuI8LJYr2q7DWkvftfTW4lyITllil/q+bWmbJnasF0G0QpSgZRBQQ5QAg8cHl1yaDhVCdJ2GgOBQeJQKGKUotKI0iqIwFEZjlEEEShPFzbIoqcqSuixjQylTMJ1O2ZvPObhxg6oqmc2mVFVNWRYUqelUUUZR1geP9x6lhLIsUGpoVgXKqLh8VVJWVcyjlYCXGLOgjUEpjdYGLQqfBG1J10HJIIR7gg9oU6DLgPcB5z3egykKbhwc8L9tuU1XqyWr5YoVaxQQVHQ5BxcgCM46urZjtYruY+cc3ge8i83NNu5hGbN5X5rb2xPyurl7hWP1VS7W1zlTs/iayWQymUwmk8lkMplMJvPhea+xAC8LRq+LBdhqysRWMEBIjsHBxjoGsl7OZx1yVgfHY+wTHzMzo7B1eT9DEyNRggQIPoz7EYiO1uBxXUfXtjhr0TpmjHbW0nYdXdczm++jlEZpRVGWmMJSlhXaFDTNmlXT0Pc91vY0qyUuAEojonDO0rZr2rbF9l10kCqVMmKJGbDBIx4En7630dkaYvm/ETBaYnMqU1AaodCauiyoqpK6qqirkrqoMUZTVCVFWVJVJZO6ZjadMpvW1ElwrauS6XRKUZRUdRXPyRi0NpjCYIzBGA0ofGrmVZaGwpQxYkArdBHHQ5SKX0Xw+JhfqpKDOTmWN1dEUnZucq0GD0HFUn0tFEbHJll9j+1iZEI9nXITcNZje8tisaRpO9re4kJL8IJPkQKkGeGcp21bmmZN23bJQZyuv47xEErF/UoIl47zVSLn7ivXCawvrfcWwmkWWTOZTCaTyWQymUwmk8lkPhzvPXN1G5HXOfR2y63D1tNy6ZUxOGDYXvBRKEVSITiXlo2Cq4zG1GQZRWmFEk1wHm8dXjzaCMEpnHOsliua5QVd21IWJdNJdDiuu47lqqFZt6xWS+q6pqoq5vM51gWUNljnWTUNTdMQQlyvbZcoU6BNiajAulkRgkS3qyIKvRBFvUASGONYCB6FT885lASMEqpSU5eGsohf69JQVyWzScW0njCbTZlNp8ynM8qyopjGYy3LgrqumE4mTKcVhY5uXq00hTFoY9BFEV2mOjlNVcxpjY25NAFBKcEkZ6xSSaxWKn2/FdcgKuqnBAJReBwdzSKgVHKrSnKwDq24tifQJnNXlGBKReUrbt36mOADXd/jQqC3DvvkGbbp4/oiaZ/gnKNp1iwXS1arhr09F6MRlIYQm6CpdCxXNVJ71fTdSqsYl3+dIPqmuayjCzsLrJlMJpPJZDKZTCaTyWQyH4T3J64OptK3aMQzukuv6BL0UiV2ElxjYuZLu02e1UGsVQRUFOSGbYXA0O9dqSS6RfsqIgYkOhzX64bFcoEpNPPZlEBg1SgKraO3NATapsFaS1nW3LhxAxFDVZZ0XctyuaBpGgB8CPS9xYhGqeiKtbbDuYBohdEmRR2kCAAJaIgNqFKGqkZQotCiMBqqQjGra+aTgrosmNQlk6pgUpXMppMoqs5mzGYz9mYzyrqimk4pq4qyLCkKTVkZijIKo6O9VwSlNdoUSVgtkgAZRVbRJjYPU7EpmNIKRWrGBcktGk8njBdGb8TVsGlg5aPsGV2rQyau377MKja0Sk2nQCFKo0LAhThvqumUm7c+4n+0a5qm4fzigsVyRdP2iI/X2DohEHA+0LYt61UTr13fYyYGhSYQs3YH4VeSWnrJubrjgB7SKd4y9eK1XCW6ZoE1k8lkMplMJpPJZDKZTObD8W4zV3d6VW1nn14nsoroy82vAFBDK6uE39GthhJ/SY7EsCWqbtq5C6kcPUgS8xRGKySA9S4db0xq1VpAC8GGVCbuU4OjgDaKg4MDmmbN+fICa3uKwnDjxh7TyQQJga5ZM6ln/P7WbX738e+wznO+WLBex0iA3toxDgA2jbV8ih7AhSgyKjBGUxrDpIiPsjCUWqHFo4JFC1RGM6kNs7pkWhXMqoKq0EyrgtJoCm2Y1EMkQEVVGepSMCZQakepHYXuMcqj8RgcomQUEkNynSIdXvzW6MaxFw/olLGaROYgoGLNfxSrQyzzRw2O4kE8j+q5lzAkARCIDby8pEiEJDJ7n5YJAe8cIGhtCAH63kXxWSmCKOrphP0bc27fusm/Pf+Ii4tzFs0a2wutDThHvAYCwVtC6NNXl1zVaW45hws+NbYanNHDips5vYmtkNRI7WXX9LDsq8hCaSaTyWQymUwmk8lkMpnMvwbvNxYglelvfnwDF6uwI6zu2gIHN6owKmIBon91iAYIqTXVppnVUHkeko9VxrL0QJTzwA+xn6lh1dA1vkoNmYzRTCY108k0HoEowgR8EMpCUxaG+XxGAF68WLBerVitVnR9S987rLV4FwhaxwPyg1M2oDQUhaYqC6rkPN2b1MynE6ZlSaFB45Fg0eKpjWE+KZlPK2ZVQW0UhRFKrTEq5raWhaEoDKUpMIWiMoLWYCSKqUNhv5boHB3jE5RClCEFvUIQAo4Q4hgjanTYDrJ3CAElmwZQm5L+qJ764cqleICxwZgKQ0pu2n8YzbMK2bK++iSQR+euiAYcIoLWOorWEpjvz7h9+ybn57d5+uyMH59f0CxafDccgSL41BjLOby3gEepGDfgfRKXh1kXNucjr53Dv7xIOrhXt/e7+3Mmk8lkMplMJpPJZDKZTOb98N7E1Utu1Df4/nreTLCK29qUtY8uxLEP1rAvP4p3IfjoOkwva6WiczI5Kk2hKYqCECx914H33JjvIR5enJ+z7nqU0gQUxhiKokCJ0FrLcrXkxYsXLBaL1KyqxzuX5L2Umwox51RrirJkOptyY3/O/nzKtK7Yn004uLHPrKoxKoDtwLaIt5RaMZtW7E1qppXBJFdrIakJVhKGtVIYpUELWqIAqsWjVfxexMEQxeCjyxRUdINeEsYDSBgXHUvWY918dJbCKNJKEqlHl/GlhmKpxJ4oYockZkpIgmpSwn0aI5HoXfYEtFKIFlQAUQGlhEI0Pond+7Mp+vYtlsuG0x+fsffjGWdrRyA2Iws+7ts5Fx3FfZ8aZinwoH6SQBrS+f6EVV/BrqC6+1wmk8lkMplMJpPJZDKZTOb98kEbWr0ZmwL/bWF1cJ0OjaxevYkxWXXLhZg8lSHg/ZarNcTcT/AQolg3CLMm5Rx0bcvFeo2IMJvO+fjjMppOFwtCCEwmc0xR4DyxFH3RcPb8Oev1iuAcEmKpP1IhQGmK2BRKBGMKqrpiMp2yf2OP27c/5qODG0yqgmldcnN/j0lRoILHrle4dkVwHVoCk0IzKTWlBhWi+1RJ9PCq4FEhoNIwKh8zTfEgQVDolHOaOk55UvKpRjkPehi7KLSSxkUkpLgANvm4RIF0oy5uxna8kn4jDo65ocn3GmRzRV3YZOjKlloZYxTC6NqMj7BxrqYoB6MkCtPzGTf2ZsxnU8rnS0pt6YNGqygGO+dp246mael7m6II4jGNNue3ZnvuvuWab9jUKpPJZDKZTCaTyWQymUwm8+F4t5mrgyAVFbNLTaledtxFhW63s/qrdKmhqZWkrvFxZRXL1wdn35aoCvHpYbthq+R8u8TbOYcPDuUdRZIYnYuuym7dcnH2guVyST2pOdg/wBQl5xcXqIXQOYvR0eHaLhsWiyWLxYr1usF7T1kUTKcTqnJoxgQ6iYNaayb1hNl8yt7enJs3b/Jv//Z7Pv74JnWlqbRmUleUSoGz2ErwreA6A85ixKPFIX7jSC2USs2wQKuAKBedrDqglUYrj4gHbBzNoJLCDKSGTh6F8ilzVEdxVZRODzVm60ZB9XILsSAb4Xr7u+Gb8XoM04SXHZ8hhOEqItsrE5BBRE5CchxL8NbHDlp4jFbMJhX7ezP25zOq+gVVa/Fdyk31AWctzXrNcrVi3XUpKXUjrKcJea3gKVd8L7I1v94iZ/UqYfVSA60r1stCbCaTyWQymUwmk8lkMpnM++e9OlcvZ6fGZ65aCq4QowYlNb22KyWN2x6ryFUqPx+EVT+WpQ+Nr4b4ThGFGpopEQjeE5xFgidIwHlH38dS/ma1YrFY0Pc9k8kEY0wsmfexwZK3jrZtccHTrteAxxQGow1aFGVRoJSObbOUQqHwtsf7gDGaeRJW9/bn3NifcbA/56ODPeq6pBCJsQHBEyyUocBT4MThe48KHiMBrQKFgkLFvFU9OFhVbMgkSiWXLCgtKOVR4pHo1yQNBSFGwBLwOOtRWoEWRDRKJ3E12VZ9Skod1HER2eisQPAvN3a6dP0GgXx7XgTY+IzTNU4NrcZjJYB34KMjWA9uWu8QbyFdx6ow7M1m7M1nscGX0bQ2NsTy3tJbS9M0LJZL2rZNEQeD+Hv5OHeF0J2j3kzDEJJp+vWu11zyn8lkMplMJpPJZDKZTCbzr8e7FVd3MjVhKwsVGcWjzXPby2xWHQS2QSQdpLarxdnN/mQoTQ/bYuz2toZQgRCzRZO+FwXFzea9c9i+xzlL17Z0bUdZFsymU4qiwFqL7buY1RlCzO0kuiELY1CqYLVqEBVzT0ul0MZQliVGDG23xnYWUxj2phP2ZhOmdUlZKLTyGAWT0lBqjcKD8wQfCBqCBqfA61jerxGMglIRm14p0BAzV7VKMQcKEYVWEsVVLcRK/6FBlKSMVUUIsalTsIAoJGjAIGyE1Y3bNERBVUBUaj41jHpSsgfvqtpygw7XWNK/2yZMSRdCSBeGIYs1XaAQ0njE3FolMdNAcCg8zluC9xgt7M2m3NibURVxLAsjuBDdxrbvWCXhfL1e44NHDZbccU5tz6trpt7WrHzXpf3XuVl/rfzz9PRDH0Imk8lkMplMJpPJZDKZ/2b8250773T779i5erVguim1lp3nrxFLt1yrV748uh7lmuVTx/ew+X6MBE2ioIzHA0EpQKNDbGjkQojC6SDEhkBd1cymM8qyoO+7KOLhQUBrHR2t2qGMiZmmKvksU0ZoWRRMJxNKU2DWQqeSYDupmdYlVaEQb3F9i+3WqFDF5k14gvOx5Dy1dYL4sxCdm0ZIImMq70+GUiWbDFklRHFVCUrpeHxJdFVKo0XjReNdkqB9egSVPKMagrosho7m0yi4qnQ9fRro7UsSxqiGQexWWxGlQwhA/H6Uxod+WYQorqbVg/cE78Zc2YCPjeI/YVoAACAASURBVKgk4IMjOIdRMK1L5tMJVWkoi4LCO8SD7QXnouO4aZroPHYOdkTUXdH/ynk4nuCWiP+qvwOMi7+ZQDoIttvC7b+Kw/Vdv5llMplMJpPJZDKZTCaTybxvfr0NrQbr6BVCafwiqfxfxpLxkATWbZ+qiCDbCuOl7UcB0CfRM4To9FSiEG0oRCHO0jmH9z46Q5XGaE1d19R1jVaaYa8igmihrmuqSR0lvgBtF9f3wY+l4kVpqKuS2XQK3qEDVGVsWjWtSrSOuarduqFdL7F9TWlAqZTlmcTT4FPcQcoeNSJoBRDdnAHww5ClknqVulwFicJnFH2TaCoKJXoUT4WYo6rSz3iBQWQNqZPV+FDjmG5fOElxC7sC+eVmVGkURx11I7BKEAKbZlzDLNDDtQ8Olcr48RbBoVOjrSBgJWayVoVmOqmpy4LCaCov6CA4a1CicNbSrWNDq0G0xYNoXlva/0sLnK/KXYWXxdh/FYE1k8lkMplMJpPJZDKZTOa3xAcSV7cdq+raZZJkyabV0WbdqMUlcW0oRR9W287JHMrVxyiB9HQSZkUUwYP3Fhc8BInuT60wWuOdxfYW2/W43iIIRhsKE4fOOYdzLjo1dRQm68mEsq6wHvre0nYW7x3BR7HQGENdV9R1xd58TteswFnq0lCVhqosEAkx57Vd061X9O2MUGq0MqCji9R6P+4f79E6HoNISM2cogg3lO07P4iyROtqkCgehug+jQKxAXSMAkCSwKpQGEJQBC94J0iKF1AqRQOIwhMtsTI4gNn4VSXV8ock5kYDcEhu2XS9xgiAwVa88cGGsNXMKjW4ko1VFlHxHILr8cEh+CiwGh3zWPFoxehaNVpRlQblwZUVjVkhCH4Yy3ReGy3/7cTLty3Z314+C6WZTCaTyWQymUwmk8lkMv8avFNx9aeJRJtS7M3623XVO2LVTl7rhsBlUXbnpbGcPXV0DxKbUhE20QAh4JynbTtWy4a+XWGdRWtNCIGua0GEVdPQux5tDJPJlLIqCRJFVEQwbRejAgqDUprJdMJ8Pmd/b58bN/ZZLxcoH5suVUUUVwkO1wec7emblq5d4+oKMQYFOMA5S993eGdjObzeZKAqiccvOjbOEjWUqGuCaGL7Ko0ohUej0IRg8EETvIzCdbiUg5oE2VSeL2k9EU0QGNtaRbtpNJIO45tE0c31fPn6SIpplSSeXpoThE0W7vhPPDpSRqxzQvAOb3u0VlEAVuAIqBCQEBt7FVpTlSXBK6T3WKMpTBTMtYlir0JQRuPxMX/2dWJp2MQeCFunOk64N7sX3jan9V3numYymUwmk8lkMplMJpPJZK7nvTpXhwZIrxaarnpdtp6Nkt2mIdWufOo36tYYrLq7/ZcJSdBTY4l6wHvwLmB7S7tuaRYLgneUZYEo6PoO5z3r9ZrgA5PJhJs3b4IYHIGyLBFrMcZEQbW39L2lrirm8xk39ufs7c+5eD7BrhuMVhRaU2oDKJwxBB/o25b1ckVbVtRGE5QQnI/O0pSTigREG4LSoHzq+6XQpaHQaizN9wFciKX9SUPFW1BEAdHbgKgQnaZDXqiKAm3cl4zBC8EPy6TrExizX0NILlmRuK2wLaRuxNNNLIBCoZAQxsZVw5UfIgM8CoJjsOKGJIQrkSgmi+BDPC4XbDyW5FqNMQmO4CwEh5IozCo8RgmTumIyramrEhGht5ZSK7TW6YivZhQ25U3l0zfnTYXTLLBmMplMJpPJZDKZTCaTyXwY3pu4+kYu1u3GSLuNrsbXAjFKYNvVuosfBVJRWyXkKWg0IC+VX4cQ0MpQGh2bQQWLcxbnPJKyU7uuozDCZDqhKAqc91jXYf9/9t4dSJLrMNP9zjMz69Hd8wAESoDI2dXV7F5t7OpGjAzJaDiK0DXoUCELoCGDy3EZoAMSDhxIdIiQOwgaNBawNkQHxjJCDhAbonFhyBAN3FBosAuInBn0TPd0vTLzvNY4WdXVPYOZwWsAkOdj9Ex3nsys7KozSNZf//l/n92so9GI6e6Uw7szpDJU1pBagTaGyXSCkJLFYokQYK2hqioqa1FaEJPHu4jve4LvcyyBlPjo8N7RtR3dakVrNLW1AGhtwNZ4QRYOkUO6rEBKnYVTBC7mZfMkQYi5oIsgkDGhoyAAarCjJp0TAyQgZI4ZUEpvxFUpRBZAQyQRCElsMmCFDFlEzcGwCJkjFkCQ5CBxpnX26omouhZYJSKXdMV4kqe7rZ4Pwm5Mwyua7bPDfvm8Qkk0kq5dIckFV1k0z57eGCPBB7zrcA76kIXk8ahiOp0ybhoEkXa1IKTIqK42kzNxWsg8JWhumVPX8a+flAeVVW0/5lex1KpQKBQKhUKhUCgUCoVC4TeJxySurnNVHyQAPSh79ezP2/mrW65CETcC3GnH6lr5GqyaaS1Gic05pMz5oUobJJHgAsFFRASjDXYQNG1lmYwqENA5h/d+aJaHmOLmZ22q4RhJ7zzOe0KMuDiUT63FsBRJIRKcJ6XESutNHmhKIV97ghhTznZN2bUrlUYYS/KBECMxOWKKhCEhVWiFVhKrszCaSMQQiSEQXSCEmDNgfUAHj9IQIqiYUCqiVEQmjUYhREQOjtEYJYkshIokNs5UoYZsVJFdp2sxl7QOVM2/rxQiC6zrVyalzfOXiIiYBqcppJSjDZLcEsEZlMt1bIHI0QMxhCzKiixmu75DxIhIEQloIdFSoSWDaxWiH54DIdBGU1UGYwwk6LoOqSTJZnE1bRmq7+cULb7RQqFQKBQKhUKhUCgUCoXfPh5j5qq4z7Z7jrjn57z/UHq0yejcVBtxSmAVJ1vz0JDJuYn7XC9HF1vnFhun5/qkiZy1GkNAkHJeqtIopbHG0jQNXd8T/Ire9Tjv8TGyWC6JQqC0Reqc2dlojY+Rtu1QSjMej1FSIhD0ztGuVjjXb5a/pxDwXY8kobXAaIW1dlOgNZg6kVJlcTVEQoy5zCm3U5GEBKkRSoPS2YKaElEGUpTEJPDREWIipoBFo0UgeoFBoIeyKbV5vRIhRZRUSC0QSoAUg6s1IaVASoEQgTREBGxSALYcnYLsXE0xktJaoEyklPDJIxFoIVCb3N2YLafx5DWNpOyqFeTfS0BMAZ9izp6VEqkk1lqSy7m0MWaRWimF1galFFIpjBFDvmwarn8dQRAHEfujBP+Tebxxjp4a41OrrQ9b6r8eL5EAhUKhUCgUCoVCoVAoFApfHI/JuXqmnmjLNXrPnqfiALa2bZchibQZP12RdH9V60QIO/u4AjE4ZtcRrTFGiNnRKIcl6ymlQcDMQiAJvM9uVO89ibxv13V0znPhiScQUuC9y0vkpUAoibEGK2ukEHSrJfPZjH65YDabE2LAWpuFVGPQWqMUGKOptEEKmZe0h0CKIJAoYxHppGE+BU9KgRATbe/xPqJVQA2uXCEkQhlMU6FSJEVBIBFjIA4RApEhm1WAJIuvKSRS6BFCI31CKo9SFq0TWJmF3jSIoCIRRcxu0ygGYVsMDtPsjo0xbcWqRmKOREUmcp7sID4LIRApxxHk1yiLvOvyrG0/a1yPJVBIpFYEB8EHgvfElN3JWqtcdkVCSomRCjmkTOQ0g4RAoITEGpNdv1tlVR+JOP3D9mcIn1T6PBtbsb397M+FQqFQKBQKhUKhUCgUCoXHz2N3rm7//MlFoRO36j1y6rBx3cV09vFOxNQ0iGYpL7mPESlzJmlW+wRSKVKU+BjwzuFDwDmHCx7nepxzhBA2Il3nPW27yoJrgtWqJZAIIS9lN9YgpSaGQN/19F0H3nF0dAcjJKOqwlaWuqlQSgLZLSqEIIaA8xIXIhGBUBqtFFKoXOKEwLue4Ho61xK9R7DOG5XZeasNQikQat0JRSSRRBY2PZGQEj5KVIwoGYayqMEpKwJSRoT0KBUwJmVROqW8hF/4nH3KIK4OYac5HUAOWbe5ryolgZDyZOn/0MHlA5AiUgwxDack1Pw6+hhARKQAJU/mQkIQUn49lcj5sy4OsQlIUBKhch5sGvaTRmOUAimyo1VmQV1KgdH5OQ4xQopZeB5U4fXcPZnDD3KZrv/4aB7mPi0O1UKhUCgUCoVCoVAoFAqFLx+PrdDqfqwdl9mZuu1YPVmyn4mnjtus/t8s6ycXKm2P543D6Oll3EkMIl+KxJRdj5GEGAS5tToryY7TRMJHT9u1GJNYtZq27+mdI6aEtRatNa1zhOWK4D2+9xwfzwgxLy8Pw6/gg6Ndrji6e0S7WBL6jvndIxprmU5GKCWxlUEJcC47Vb3PGa5IQxKaIAxBZoerVAGZ8rPgQ2DpAqtlR7dc4b0jxjjEHkiEUIjBppnI4qaQEm0NxhqaylBZhVYil0EJUDIXa2mpkEqjpEcIj9aRFBIiJUTymCRIwg+u4rhZYi/W2ahIECq7gVFZ7BRy8xrmjqws7gYBSii01iBAqSww51wBgY9ZGNUqC8dKmyziAjG4wYWsEEojjM4CehocqErhY8B5h3OJyphBiRcb0VUKgZYaKRRKqbzdp0GWPxHnT+Ywp+bY6bma59vDeFBx1YOOKYJroVAoFAqFQqFQKBQKhcIXxxcqrq45EZZOhNB7hCrBRig9vVFuslhTSrlICU4a6ddFWWIQrIZW+SQhxSyqRmReeS4lSYrhfDnnVaIQUhCJ9KGn84I+uCESIOR2eq0x1uZl5EISfKRrO7q2zcVRQhAT+BDoO8divuDu4RFdu4IQcK5HKznkfKaN1gc5piAikNpgbIOyDUJbUJakdHasIukizNueo9mS+WzOYjan7zpC8EMe61CMNeTPppSdmkIqTFVRNxWTcU1TG6yWKBJKJLRSWK2pzRBXoDRaOawJpBgQySOwCBRIvynhUoOwKtY24kFcFcIMIqshDoJpTOBixAdPCDlUVgqJGnJutbZIKYlCEFPExVz+pbUkWI1JihQ8/aonekdQiWRMdvhqCyS8j/Qp0HnHqmvp2pa+B1s3hBgAhsKwoeBKqZNitPWHAFtzNKRwMmXvp50KwfpDgdMfFDycB2Wpns1aLZEAhUKhUCgUCoVCoVAoFApfHJ+ruHoiDp3OoPx0kQCnz3Py52nk1h7bEtW6YT4PipyzicyRrmJwc4qcvZmXxOu8lF5CHJyuIHDe44Kn0jVKaaRUKKmRQtL3DsQKJRU+BLqup+t6Vm3HatWynC84Pr5L8I7aWLRWVNZirUFImUW+4RKV1lhbUTc1zWjCeDJhNJ5gqwohEl3fM1+13L074/bBHW7fvs3s7jGL2Yyu6/HO5WXtrKMQ2PrKMrIesl7HI8uoqaitxmqJUQJrNJXW7IwnVFWVr1Nr6qqidhUhVMRUkdAIESB5AILIObRKSqRQQ26qIhAASZKBKLKLdOUc3RC34EPIZWJDfEB+nXIBFUJm17EcBFCtqCuDVpLgOvrVEpESI6uZjhuMloM7V+GCY7FaMVvMmS8WdF2H8/m5RkpiTPjgs6yuFFKqXALmA/HMkv+U0iAab8+q+83OrbK1R6Q4UQuFQqFQKBQKhUKhUCgUvjo8dufqSSP7xzvmkRSqB5z41OHD+cSQ1xlRg1B2esk3Q4P8Ojc0DFmsCUHX93R9j7FV3hYhhIh3jtUq565Opjv44PHOs5gvmC0WLBdLlosli9kMKaA2FltVjMYjmqbJGZ8hDDEFAmMMzWjEeDJhsjNlurvLqBkjtaLtWrrecXc258OD29y4+SEHBwcsjmcs53P63g35rxHYKrUSipgS3mchMyFQUlFXmro21JWhtgprFHVlqYxhb7KiaRpGTU1dGcZVTdNXeF+RUk2iypmsxCxKS9BSglQkqRBCkWIgJp+X6ItAQNC6ntlyybJt6ZzHx4gLnt55uq6ndz7nsAqQMgvdQkmkklSVoa4tWgp83+HbFUYrdsdjwrldppOGurGAJIRE2/Yslyu6rsOHQIpDrIQQxOBzhMIg2iqtgOxmRUnO8ggVV4VCoVAoFAqFQqFQKBQKhd9wHmOh1Qk5E/OenU8poA/Lk1xned537CO2n8q+XD/cuhhrWLodicQYIHikWF9WwqdA73PGaiLRO0fbdRhjabsWECyXSxbLJX2IVFXF+QsXcN4TQ2C1XLKczVitWtrlirZtsUajJNRVxahpqOsKbRTEmEuZlMQMwutoMmEyHTOdTlDa4kNgtWq5fXTEr2/e4te/+jW3bt3k+OiYtm2HSIJwkrmqGLJTDULmx/Ap0bnAcrGEBFoLrMmiqjYCq2V2qFrDbG+X6XjEeFQzri3LxjJqLF3f4OOYECq0BCXzdWslQSmE1lnMRRKjIASBC4kQJD4k5u2Kw7vHzJerXAjmHfO2ZbFaMZ8vWCyXrFpPSBGhFFobbFXljNhB7LVaEFxH9I5R3XBxbw+dU16RUoASxJBwvaPrelzviCEi16VgSpG8AwR6cAobbQCIKefKSqU2JWh52ohTAut2ZMVm3n8Cc/Z2NvD29+uxEglQKBQKhUKhUCgUCoVCofDl4TGJqx+dObktEJ1tYP8o8ei+xUEPEFu3SdvfiLxMHhJxaMlKMeJjhBgwSRIFBMDHQOdyiZWPgZByRuiyXQ0t8rBctrR9R+eyCzJnECS8c7SrFavlkr7vCd7lvFJhUEoNLfVbv9PwvZASW1nqpqFpauq6xhhNTIlVu+LO0SE3bt3iV7++wY2bNzk6PKRbtVkEJC9v19pmt+qwPB6pSEhCCjjf0/WehBriEyQhKbog6EJgRWDZJWqb3aPLVcd4VDOqDdPGMBlXeD8mRUcKFZVWGC0xRpF0FlZliiAUKQliEPQu0naero90vR8iDe4yWyzpfKANnlnXcrxYcHT3mNlszrLNkQFCabSxjCdj6rpiPBrRjUfURkMKKBJWG3zwdK2nbTuq2qJsFniVMgihyA7ldeasHMRKkFJirKWq7OZ5jiGdvB5nRM3EUKL2EGf1J81c/ajvS3RAoVAoFAqFQqFQKBQKhcKXg89dXL1/Kc+9+z1UGb1PoVXWrE6Ero/LEJ9KIpEiRDEUEEmBEBqpBZJAIuF8dq7OV0vGq4aUEiEEZrMZx7N5zgNNeRm5cz1KKRbLZXazLpasVsNydOdIMTJqGsajmslkjJbgvWfZtUgJRmuM1jRNzWgyYjRpqEcjqqZGW8Ny2bFYzLlz5w4HB7e5c3iX49mCtvckkZfMS6kQQlDbGin1VpFVdmPGCBGBjxCSHJ7gIWtUQAiJEDzSOVZ9wEdo+8CybamtZjW2tF1FCD0h9qQ4ZtJYKqshakTSSEBJmZ/PJAk+0LU9q0XHctmxbB3LVcdyuaBbtbS957hvOVzOmS0WHM8WLNqOtnPEBEJHdEzEFOhbS+w9yQViU1NZTVVbKlOhpWG1bBEkYgzUkwYPWWRGkGIWeo1U+TXzARc8CIG1OaZBa03XO2KMKNSpeSyGIi6JHITseM/8XBdgreeoEPdGC5yei2nz9/a/m+0PEs5eQxFZC4VCoVAoFAqFQqFQKBS+WB5TodVZPv5y5o/wsD7asR+h3a7LrtZOTxCDg1QjUkBICMHhQsDHvMTe9T2L5Yq2c7SdY9V2wxL+XGrlfMCHSNc7jg6PaFcrutWS6D2ShJICLRXj0Yhze3t87WtfgxRIPmC0QWtDVVkm0wl7e7tcuHCB3b09mqZGK0WMkeVyye07d7h58yYffniL2ewI73qUEghtUUoN16QY1WO0Mbm8KuXfNUbonc8uTqlYLvocHzA4W1Eyu02HbNYoBJ2DSMB5x0pDcIboHaRIGmIUUhgRGoMQDUrLjeCdYiSESN97VsuWxWLF7HjJfNXSdz67gVtH3/f0XYtre4ILgzhcoU0FQqJthbE2O0yVYlRXjKxlVFWMmpqd8YjpaEpja7zzzI4dznU0bYOwhtWqo+s6+r7HOUclBDEmUoqEEDZ5q3rjJE6nRM+z5JiA+PBpOERJPHiXTzdeKBQ+HSVqo1B4vJR/c4VCYU3570Gh8Pgo/94Khc+HxyKuPmjp/wkf/Q/8kQutHoHNqQZldV1In4YCKSElUgiIiZQCMUSCH5b5i1xm1bYtq/XXqkUIiTaJlDzee5TShBCYz2a5ld45lJJU1hJDAGA0GnH+/Hl+72tfI6VI1y4xRjNqaibNiL29Xc6d22Nnb4/xeIJQCoh0q5a7R0fcunmLX//qV9y6eZPju8fEGDHGYoxBaZ2vSRuaZoS1FVIoQJCSwMdE3/fZfZsSLiScC8SUCIm82F2q3HYPCKnogyOkRI/HikhcF2WJBCkgUkRKgBqjK6pKkpDElB2WzgXarmO1alkuW2azBceLJcEnQkx0XU/btTjnECGiAKsMxiiEMSht0FWNtZamqqlNLtqqtKapLOOmzpmw9QijJVoJnO8IIdD3PRJB8JEY87yUUqCUJJKIKW5eXzVksALEmBDyxHG6LXCmQXiNKSHFWU/1aXLyxKNP4AcJuoVC4bNlPs+rAGKMOOe+6MspFH5r0FqjlOL8+fNMJpMv+nIKhcIXQLkHFwqPn3L/LRQ+Hx5j5uqwVFqcNLRvC60fvWz6ET5V2eoPOitHbYSq/EBDEZHIwmASSC1JURJj3OwrlUQIRXCOvm3pBnGuriq8CxtRte8dKQmkUggkzjuc8xhj0VrTdi0ppo2oqqWEmOXcylrGTcO5c+dyRmn0pJSwRmdX67k99vZ2qZsGKTUhBkIILBZL7tw54ODmDW7d+DVHd24TfERphZYCLWV2dpqKuqppRmNsVaGkzkvgY8SHiDYKHxyL1QIhQMghI1YmQorElN24RhtCCKSg8M6TJd6ISBElQApBCgFSxBpFXRl6H0FqtG0QWhF6j48eFyKdG6IA2o6+C3gXcN7T9T2rtsXHgBASJTRGRYQxJK2pmxFVM6KpR+xMp+yMxlRao4WgUgprDFZLJs2IurYYLelcRx9akFlEjzHifXYg27rC2opEfk6EENRNzXRnB60Uq1WLMXrIoc3O1vVcTSmRRBoyV8Vmft1bPPXwqfvAaX2m0Gp7e8lfLRQ+PbPZjA8//BBjclGeraov+pIKhd8qgvfcunWLlBLT6fSLvpxCofAYKffgQuGLo9x/C4XPnsckrgJn8yjPiKt5j7OZqg8utEqbs4ohO3XIuDwjOK2zVUVaVxCdFBEJBElKlMiuTlIixgQhkIIneI93bvgKRO8QaNIgPmotUdoAAuezAKeUQmsNCZQWaJULo7zWpEHErStL3VSMRjVNUyNFFv+MUjlrdZxFUSklwXvarqPreu4cHvLhzZvc/vBDZnfv0rctSioUeqgNSzl+QOSCJiEExhjqukErg/OeVdciOoExGqUkQiW0zJmxiZwb62MCKVGADxGRBAKJtRYtAt6vODpe0rUtYXdMU1d0IRGFAWUR2qBMjdYKITwJjQsSqXoiS1xIdL1jtWxpe4frPZ3rcUSCBJ8SqOy+VXVNMx5TN2PGTXanjpsx01GDVQorBJWxNJWlri1aK6RM2MrQeUPrVyz6nq7rCDEgpUSL/IldHyMCqOuanemU6XSKrarB3apASGLIRWen5uN6Tomtnz8jzuasnv13sC2sfrWWdLzLf7v6Km/fd+wSz7/yIs9e/Bwe9fWr/JgXeO35y5/9yT8N777Od1+F7197nvtfWX6+eOEa3/6SXfpvCoeHhxu3f6FQePys/+0dHh6WN3ePhQPe+tFLvH59a9P+2ftj3uf9b63vPY/jXvTwx/jS3ssLn5hyDy4UvjjK/bdQ+Oz56tzN7ldoxaNpWmv9KbsL4+CSFSSRxdS8HFwSA8QYCDEgkkcKgdYaLXP2aN87FAzbDVUlEFJlATREEHKzHN8YmzvphyXjWimCd5uIgVHTMBo1NE3DaFSjlCLFiFGSqqqwQ7ZoDBHX9Sxnc46PZ9z88BYf3rzJnTu3aVdLUvA5yiAlUogE4RFCEEPAB0dMkZQiUopc+IRFW01VOVJKdF1HGoq8ut5lR65zxJAIQhCkHjJDh+dSKoSQ+NjiWofvE9YYOpfwUSF0ha4alK1RtsZYi0kRYwNCVrRtRM9WxCToXWDVOdreEVzAhYhLgT4FogBZVyQhUNogpMbaiqoeoZRGIKhMxbiyaCEYVzW7O1MgEqIjpkBd1xgUYeHxywVd3yNkLq3yLgvy3nmkkUynU3b39phMJlTVOkbhxIkqh3iAE2H/zMwbJuP2hwaItD1UAD5PEbVQ+Djk/OlYnDKFwheM0pq+676CHxh+xTh4i7996Q2u77/Aay+eCJTvvn6V717df8AHfYXCZ0+5BxcKXzzl/lsofLZ8acXVeyIF7hcPINbWwbNCl9i4V0+JYWnL6zo4/2KMIBVS5hKj6FNewi+gMpZKREZ1jVVZZNTWYLQlWoFSARDElPC+BwRSabQ2WFuhpCDFiAQwmhQt3jtSDOxMJ+xMpkynE+q6xprcSK+kxGiNNRYhBH3fs1ouOb57l9u3b3Pz17/iw5s3OT48pG9XpJjzTlOKeOc28Qa5rErgrGW1yuKgtZbReMx4OkUpxYULF7hw4RwHtz+kdz0fHtzGeQdtABIxiCzWDs9XTDkb1Q0FXAiNVOB8Yr7s6QMIVWHrMdVoSjWe0tQVEgi9B7HEzFuUsSAlQUAcYhqEUhilCK4jOk9SEqTK40LiQiAJidQaqTQIgRSSyliskjR1zWQ0JkZH2yXazqEqjdaWyueYBq0kxhiquqZPnpgineupTc3O7i7nz51jNBphjM6/e4hIdTbSYj0rt53YJzP1lCP79FT81Py2xAC8+/pV/v7pF/izX7w6uGuyIPvUz6/y48H2eum5V/jBoNB+1P4fJeAevPUjfvjG2raz9YbyPk7Sg7d+xA9/8af8zYvPcnGzz4n3dv+sy+Zh4w/h1LXt77P/6IcWPiZCCJxz5Y1dofAlwDlX3th9rhzw1k/egOde4bUzN8fLz1/j+1zlx69f4bXnL5w4W1+9yvvPvcIPnh12fGf7/nZWjD3jiL303Ml9k3f52auQAAAAIABJREFUb1ff4Znn3uf1N66fGXvQJQ9i8PB4++WG+BtFuQcXCl8Oyv23UPjs+FKKq6cLsGCz5v/MPmdlpvVSf7Y/fUk5AkAiCGt34fqAOLTBp0FgHWICxFBSZJRGCktlbM5LTfkYUkIOS+YTEJzHh6H0arg2rTVGSbz3kCJSSKRWaC0RwGQyZjqdMJmMs1PVqM3vIIRADu7TdrVidnzM3aMj7ty5zeHtO8zv3qVbrkg+IIfaqRgSMThwnphASE0UgrRYsmo7us4REoSUmEwmKFVjK8O5c3tIDV3X4YNn1a5IKdF3nt4HYnAIBAqJIBFiwLkOmTy1NdhKgxS0fY/zCaEMth7TjKaMJlNGTQ0x0quOVetAKrS11KMRTdfjPTA4iaVSyN4Qe0XSCj0eIW2FaRqQMpd6CUESOSe1dw7vA40xg3vYo6TMInkIeO/RWlJVlul0TB8TdT2jqiqWLn9q7kNAyOxcnUynGGNyVESKhEh2OYt7i9hOi/05e1Wc2e/eGfrxuV/u6m9D5ur1N37Gn71yjdcuDksBX7rKpede4bVrFwcB8+e8++zJG7vrb7zKMy9c47XL5PGXfgT3EVizePkM37/2IpfXP199Pb9JvHyFfV7l/3v3eS5fBjjgl7+4zv63XtwSVuH7167lxz14i7996Ue8tX6ch40/hLPXlpdAUgTWQqFQKHw6Dn7JP16/xJ995/43o8t/8RyXXnqHd59/nmdffAVOxQLcBuDt95/mb65d4+IgpGYx9jJrYfUf//QVXnvx5EPPH77+1NYS/rd5/YMXeO3aI37aOAirz7xwjR+s7+uvUm6IhUKhUCgUvrR86cTV08LqI36KIs6IrWecq2tvq+Sk2Iq1GJay01AylDMh8EhETCQfiDEQQyD6SPSBRbvC9z1Cqiz4ySygtquWtu2ALPyllHLr/BADIJVESoVSEmM04/GIyWTMeDzGGIPRapMXG2MgeE+3apkfzzg8vMPtgwPuHNzm6PCQ5XyG6ztIud2eKAkx0McACUKEmCTKR7rOE1JCqhl3jo4w1lJVNl8bMBqNmExGGGPY3dkhpcRkPGE2W3D36JjVqoUo8vmERGtJTIIUhpxbAVFkzTmEhFQaWzU0zZjRaExdV0Tv8T4glcJWFZOdXS540FVNXc1ZLJYEH0gCbBxhwxgnQFQWUVdUkwlBCFRlCcCq6wh0yBBQIWIEpBDo2hVNUxFjT0wB7xIohbaKnZ0d+iSo6yOqymK7iBcKrRRVVTGZThmNRjmeIaVTX/drpjqZmyfja8H1JBbgJHbiUXXWs3mr29t/MwTV67z+0lVeP7v5rJNl/1sbQfLylX14G/7yZAP7/IwbB3B5fcD+CycO0ct/wfOXXuIff3nAs6dUzXf5H29cZ/+FFzei7MVnv8Pzv3iJv3/rL/jBs5f5k3348Tvv8u3Ll4c3o/v85SC0vvWzt9l/4dqJU+fis/zX537BD3/+Ls8+f+Eh4w97Q5mF3EvPfWdz/OXnX2D/7VcfclyhUCgUCg/h9gdc5xn+8qM+6Lv4FM/wi9P31TPsf2t9j77IH/3pJfjFDQ64zMV3f87rPMffbN1vLz//AvtXf8Zbf3Hy4eL+lUdfxnHwy19w/dJz/NeTGyLf33+bHz/yGQqFQqFQKBQeL186cfVeTtZc3y8aYC1rbWdgrt2fwNaa7K2YgGFMiVz4JGR2RAqRxUoRFYRcYpV8R/IBrRSNrViGnFWqhEANS9S9D0M0gCelbK/vncNavYkeSDKLkVprKlvRNM3mSymFklnsTTHgfaL3gbZtmc/nHB4ecvt2dq0ujmc5JzUmlJCAJMRIiBHnPSGBiok+RKTRSGXwg4szxOzSbJoGYyxVbXn66adpmjFaK9q2Q64FR2uoa0vfdfS9Q0tNjAGkQklJQhFToHcdoAjJEFIkJZEjFrRBKoWQw/M9LOm3laUZNQSfsLZmOtlluVyxnC+ZLRZI7/BesFgtWR7PSKsV1nlUZWi7HpUEFZKRUkTboUJEy0RjLEomUtrBmEF0JhKCx8iKyljqqspCttUYq5GYHJMwGW+yVlNKxJTzc6U8I5aemndn5tzget7+mTPi6MflQULqV7PQCj5x5uqlp7nwwOHt0Ys89Qxc/+A2bC88PLjB+1ziz06dKO+75vKVffjZ8Ibx9gdc378yiJ23ef86vP3q1XsLufYfZfxh5OOf+db2E3OBZy7B+49yeKFQKBQKXwAHN96H62/zw6tvnBm5xPOf8Jy3P7gOz3zrVHTAhacvwQef8ISFQqFQKBQKnzNfAXE1c1ZYTQyGwI1JcHuP03VDaXPAWvTKxwkhUDILlGlY8i+FRChNioEUPTLBqBnx1BNP4FYrZvNjQgyEEAkpkRCDoOpp254YI22bm+nryg4PO7hjZf7SRlHXNXVdU1VVvriUgCzEeu/p+o7lcsl8Pufu3bsc3r7N4Z3bLOYzgnO5LEtqIgIfEiFGYszL2XsXSK6DridE6IPHOUc7BFZPJhNGoxEXLp5jurPDM888w2q14sMPDzg8PGS5XFLXDU9efIK9nV3md2fMZjO6VZtLvSRIkUhEfAzgPJ0zOO/ofaD3Hud6us7l1yRl566tK8Y7E4TSNKMJwSW8CyzmC+7cOSTeEsxvH3D76Igbh3e4cXhIGz2qaRjvTqlMhUFyfjzl/GhMV9X0yyXL47uMm5qmqeicY2d3RFMbpMxPa0oRhEIIgTGaqq4xXUSLCmkrdnd2mUwmGGPyfIk5FgKZC8qQcihDSyfuUZE4Wfh/WgA95Wr9DPnqu1a/Aly+wv71n/HLg2d56p232b9y+q3hR2eovvuQ8UKhUCgUviAuPM2lBzlTD27wPs/wJ5+0bPJRc1QLhUKhUCgUfkP5nMXVz9FVtzn1OkT1PuIrEDd/p9MCbUwgE4i8PD6EQEo+u0hFIokcE2CNRU93mGiFFZLeOxbLJceLObPFgq53aN1uzh1jxDmHc44Y87VJlQulsmsWlFQYY7DWopQiJp9jBwZh1TlH3/W0bUvbrgaRdcF8tmC5WBFDgpQzSMWQhSpQKBEhQoieEPPvFGJCGY2xFdIY2q7DhcCya9mNMN6ZcuHik9R1zc7OLru7O3zw/v9mPptBdFRawLgG3yNjwLueFAOIhFD50YmR5AOuC7iuo++zuNy1HUIklBKIQVS2tUVqTVVH5sdLjmbH3PrwFjdu3OTfbtxk0Tv6CD5B5z3L9eNZQ4qQtME0NfV0SmUsIXgOju4wW2h2pxNW7YLe7fHEkxeolcnZtSkLplEIpNGYyqK1IwmNVoamGWGrGqU0DIKpIL9mCLlxOhdh88vLaZfqATfeh0t/esbrevEpnuE6758ytOZ9eXr982X+ZP86f//Lt3jm7X3+ZKOtZhfpP37kO9OHjT+M+x2f3ayFQqFQKHwqLv4Rf3bpjfvE5WTe/fkbXN9/gU/y2eDFvFSEM2tFPhUXnt6KHRi23f6g3BALhUKhUCh8eZGf/+nXX+LM92dJIBKIiJApa1oyIeTJsv5IIg3CJ5D3z55CUooIkdis+l9/SZlb5qVCCZnFwPXhQxRATAkfAzFGYvB41yMEjKqaxlZM6hHTZsq5nfNcOHeBJy4+wc54h7pqqKoaayukMsQI3kfatmU2mxF8yOVYSm3EVakkyihMlcugtMlJsCFkt2c/RAp0rqftO1arlq7rWbU9vQ9IlYXS8WTKzu45RpMdTNOgbUVEoWyNtDXSVOiqQVUNdjSlHk+Z7uyxs7uHtoaqqRlPJ1x84kl+95mn+cYfXOLyf/xD/vN/+U/8wb//BruThlGl2B1XfP33foevP/MUv/s7FxhVOousbQ8uYKXBSgtekHygW7X43uE6z3K5pOvaHCegBKrW2JFFVop6t0Y1mqgTH9z6Ne/9279x8+AOR4sVHQJRj5C2pveRvg/MZwtWfY/Qiun5Pc4/9STjC3s4I7nbLjlczLhzdMitW7c4ODjg4M4dVt6DqQho+iBQtmE0niK1IolIIGBrw3gypa5GkBTeRWLIc2loMMtzZWvW5hI0ECkhYhqmbRrKzsglagkkMpekfYql++I+x3/1ogAeA2//jLcOhu/f/TmvX98/yWjdcJn/97lLvP3q64PPFA7e+sk9+16+ss/1N97g7U0kAMBFnv3WPtff+MnJ43DAWz+6yt++dfAI4w9jffzPN9f27uuv3hsxUPgCOOKdn7zMyy8PX2++9zHH3+PNlx80vr3rm7z88ps8YI9CoVD4BFzk2e88B2+8xHdff/fUyLuvX+XHb+/z/Ydmg38El/+C5y+9zY+3z/vu63z36sm99mNf7bPfYv/6G/yPkxsiPy43xEKhUCgUCl9ivkTO1bWIur2kOudWnir54aRfaNtHKNYb5OnHTUMmwJkzDOdcZwokpBJDLEAWdmWKxJAIIdDOZizvHnPw4S1c6Aki0a1aogukkDMGtMpu1Bg9XdtRG00MDqktWqqc5SrZyvQEKeWQDQoxZedqjJEQAj5ksTelhFI5RmAymQyPpambEcrWtL3n6Di7aGXvMMZQ6SYvg1e5cAslsys2ekyl6VrFufO7/P4zT3P+3DnOn99jOh1jiES3wi1mpH7F/O5dCBGjDXuThr3JhEpJPrx5i6PDQ1IIqCQwWqGlJMWId57oA8GH7Jwd/hYSIJJkAgVIQVQJlERVBtvUVM5jTQV1jVOSqmnQiwWtz5EG4zihqmsuXLzIk1/7nVxoJSNutSCsWlZtS5CCxWLBqB0zdhNqJlhjMUoTY8TYCqUUUoILEWU01hikkKQkEEIO45KQEjGFIdv2ZEKtXdFbauvWpFznTwxzbW2s3mz7eKzdsveLBPhqiqwfUWgFXHruFX7wscNYB/af4f2XrvLdfCaef+XF+zpwLj77In/Dj/jh1avrA/n+tedP73v5Cvu8DWfLNy4/z9889yN+uHX9p675YeMPY338cG2XnnuOfc5m2BUeN++9+Xe8+dRf8/J3vkEWUv+On7zzPb5zZe8Rxt/jzZd/yo1vfo+Xr+zd9/itR+LNn74DXHmsv1+hUPgt4eKz/ODaH/HWj17iu1e3tu+/wGvXtu93ubDq9Vev8vb+C7z20ODUizz74gu8f/VVvrsRQO9zb/1YXObbrzzH367v65ee4/l97vv/HQqFQqFQKBS+DHwpM1e3W9HvV2K1zWZUDPmX8SNKfgQn0abD/mvHaBKg5FrISht/rRICCRwfHvFv16/zr//6LyQiurIIrYkiEYDkHCLGrOuGiMcRnMc7B8Zk4XZYmo4CKSRK6aEQS5GEJKZE2BJYU4xAGkq2JKO6QgtBZWuapmEymSK15Xi+QBDpuyUrEbEKxpMaW40wdUVdV4SU8D6gtAKR6PuOJ568wP/9H/4DT57fIfmWbh4I3ZJKwpPnd5Hf+H2WsxnRh/zURVgsVmgSeIdrVwTvUSKhpUBJQQhuEwcQvScNv0eMkYQCBEJKtNYIodHWMpqM+Z2nnsKaht3ZAicVTkrsrMFFj5Bwd74kicjudMITFy9y/tw59nZ30SRqCTpGFneOiF3LyBiacUNMkd45fIhUUqKtIYaIVLm8LJKLx6RUaGMQUg6vfy7kQkAMgYgAEXM273qOATGtna3bOmp+vcRWiVpinQv8VRRCP2su8+1r1/j2w/Z6/hqvnd7Aay+ePc+Lpw/iCt++9vx9z332fBeffZHXnn3Yte7zJ/d5V/iwYx/t3JsL47VrDzn+2Uc9WeFz4egd/uGdp/nm974xbNjjyp9f4c1/+BeOrlxh72Hj7/0z73CFv94IqWfGtx7qvTd/CleuwDuP79crFAq/bVzk2Rev8bA7y9l70bevXXvg+IPv75fvOf6R9rn4LD+4duqG+NDrLhQKhUKhUPiieKzi6sOcdtsuvc02PlqWEme+E/ds395X5BiBtfCVskAWYyQNAmZaxwsASgqMFMQYOLx9m/91/Tr/+u7/TxQR01RMd3epx2NMXSFiQANGghMCUiR4j+t6GI2GSIC1wVGidF7ar41FKk1K5HzWzcXn5egigdaSprJMJg2MR+xOdhiPJ4zHY6RSjI4r2tWc+V3JSoERkZFV7OyO2D23x3g8Xq9UZzQeYSuLcx3nzu/xja8/zbSxtLMjegGx7xC+Y3dcM/m9p/D9BYiJvu85OrqLFjCbjJjvTlnNp7SrFVoKct1TwPUt7WrBcjmn792J03JYXZ+EgCiQSiOFpa4bdnfhma/DExc7ZssV894xd47JfErVVOzu7XB0fEzvHRcuXOBrTz7J+b1ddncmWCkYW00lJXetpZ3PmFQVVW2oRlUWTU/U95PsVBIxBrquRwiBtRZjDFrrnLOKuKeL6kST33KQirVif2YOi9MfCYh0Urz2aSmlVo+Bd9/h7f0rDxWBC78FHN3gA57iz7dV0L2nePqDf+Jfjq5w5WHj3/gmL7985pQHN4CnTm98701+yl/z8n/6Z94p4mqhUCgUCoVCoVAofKV47M7VdYbk/YTW+4uvDxaSxNpNeGq3s4EBWQTbeA3F0PEe8x9i+J8SQMpOTA34vmV+eJtff/C/+fW/vc/87iEueJTRKKCpKio5IhlDpTWN0VDbvBTe9SznC3anU3SjEApCDKQEUuRl/trYwQ05LDUXeVm6EOs4BGgqS9yZYKSgMhXndnapqgopJW3XYWRg2hgunptiTfbcWg069tjk2W0sdZPLmsbjEc2oIQTPaNQwtQq6Jat+hZICSUTESKMEZlwTK4P3nmPfYYhoIrWR7E5HdOd2WRiFd44YPMSI61sW8xmz42Pa1ZLgc4wBSeSIhZQIPpGURCowxjCdaqqqIfnEqnPMuo5537NYrXjqqSc5ns+ZLxZ0fU/TNJw7d47pqMEoiVWKajKhUYpJbelXSyajJr9+VmMag62qjRN1M8eEIIRI33cIwFpL0zRUdT3Mp5SL0KQcSq0EcZhTGxfqIIILRM753fJYn8xjgRhe28+aIrJ+Hhzw1o9e4vXr+3z/2idfzFj4DePpp045TNm7eFoafdj4Kd7jf775AVf++jtbxxzxzj/c4Jt/9U04+ufP5poLhUKhUCgUCoVCofDY+EJjAR5dYH3w8fccsW0CPTu49XPW2XIrvBJZJCPmBeyEwHJ2zK0bv+bWrz7g+PA2MkUUiUopzk2n/O4TT7Jz/hzz1YrgHFoJ+mbEYrlgsVyyOD5mOZ3S1DVWGkAQQyTGhDYWodQg9oohHgBUSmilUEqilKCuLSKOsErSVDV7OzuIlHCuJ7oWReD83pjJyNL1jsVyxXK5pO+WtDNJ2hlhG4uWCUNAJ4fVAhV7+vndjaHTGo1SEpEiIkqkkoTe0a9WzA/v4JZLiI7KKEa1ZTKqEdHTdYK+S/jY471ntVoyn81YLpa4zpEipCgIHnyKhJAgRXwKgEAbhTEWkQSm9xhX03jPtB+zuzOh63t67wkhopTEGEtlDQqBFAJjNI2ZMqotIgbGoyaL5AKijCAlQmmSlMhEzr4VghACfd+TUkJrTVVVVFWFD56YIiIJhNRIpQkJYownc24rPnXTnSZELrbacq2Ktal1K06g8NlzT4zAJ+bRlksWCp+MnL/6zpW/5uVvnGw9eue/809//Fd8J0eyFgqFQqFQKBQKhULhK8YXnrm6LaZuxNIzAuvZqqv7nod7Pa4ChvzL7DxcZ2KuzykQQ3lRzgwVKeX9QnaeruYzju8cMD8+plssSMHTWMsTFy/wH/+vP+DfX77MdG+Pg8NDhBBMjifEmLh18yYxBNq25e7REUpLxpMJUiukEvTO5RzUEAkxbqICUsrt8slabFVRWQPegdGIqKmMwiiIPkL01FZT2x2kPIeQEuc8B3cOObh9wNHRMVZGfLvArTQy1Xjh8fRYa4lB0LkWbQ1aSsBAVIiUEEpCkuB7Ut8R+xbXrpAIKqOojcZqhTMaUiRFT3ICUsD1HavlnMViTte1BB8hDgpulJBiFphTQCARCKQUEEGInB+QogcCVku0qpiqEUqpjTCqlckCtMjxDYqEqA1KCmpbIRVIIfApZ65GIQlCoFLYnMP7nA8bQgBAySxohygIMSFiQkqGa9uKAdjMzXVgxbrAaisKYPN9kVQLha88H9zgCE6cpkcHnFrY/7Bx4JSw+s1Tyir//Z/+mL/6ztlyq0KhUCgUCoVCoVAofFX4wsVVuL/AenoH7tGpzh4jUjoRt+6nsp4Nbx2W3Usp83AKCLLoF2NAeIfrWtrFArwn+UDoHbvnz/HvLn2d/+e//Gf+3R/+IUJr5P+S3LxxA1LA2IrQ94QYuH37Nn3XcXR0RO8dVV2jK021XDCbzZjPZ6zac6SUUFJmDU8qjDE0dU0YjfJjO4cICiOB4BHRY2RCVxpbWSbTKU3d4INnZzpiOrLcMJoQAyo6/GqGIZAGcVWlaijRApkqktIkPEFIkJC0IgaFCBGVckmWTDGXOMWIlNkxqrUmhIBUEhEgRo9zHcvlgvnxXZbzOf3eHnVVo6VCCoUUiRAiKSaMVZsXJaRATIEUPTH2pJAzWyUSBViVoxSU1mipkVKg5RChED1KgtFZODVW5+uMEukDPkGKESEFSmYBO4RA13Y47wje4wd37Ho+JZGDJEJK+feWp6MshmjVrRxX2J5g21OwSKyFwleUvad4mn/i4Ai+sdY/j27wwdN/zF/tATxsHDh6h5/83Zvwze/x8pXTIurRv/wTH3zwAX/38puntv/05Rt883vf4UrRXAuFQqFQKBQKhULhS88XJq5+nOX/Dzruo8RYcSZ2dTufMhc8DRmaKWXHZPSEmJApoaUkCUHwjr7tIEaUAKElTz5xkW98/et8/fd/n3O7O9w+usvBh7f41a8+YL5YMt3bo65rLp47T4wRFzwpJtq2w5MwUWMXC46OjphOp6xWK3KFUiLFSEoRBBijqJuK0FtkcEQFGolW2UiphMyFVqMRuzsT6rrJS9djwBpNYw2dc0TvQYjshK0sUoLRMjs4E5sl9lqATAGNRJFIweN7h2tbgvdoJWhXDtd3EBNaZXG16zvW8qH3Adf3dG3LcrlksVjQtS1xNAFtEHJ4XWKEIVtWCLlVZJbQWlJFRQoBEQMpBrzLArNKIKqKZAQCidLZbZqSQstcTBVTwFaG4DyESEqQYsJvlaUJKUkJvPekEIkx5jiAGBFCoPQQ1yDlEAdwOid4OyJADHNrO4IiJpDDTIt88jKrj8pUPZu3mufwZ9SYVSgUTti7wp9feZOf/s/3uPLNb5DzUd/h6T/+XnaqPmyc93hzEFa/83/Ye3cgSa7z3vN3Hpn1rn5MzwOPITik7o5BR3EvtBGkMXA2gooNOZQJ0FDEShx3A3Qo0qFDiQ4R1wUl4xqcMUVHsSFFyBkYZGyIa6zBiB3tXg11AZIApufVr6rKPOf71jgnq6p7HhgMZjAAeH6IQXdVPupk5unKrn//v//3AKV089W/5Ievrj3xm3/kh/8N/uKHf8aX71u7UCgUCoVCoVAoFAqfRT4VcXW93P9hzawets16l/aTDYMe6njVpaEwPdR1N+JyAyAJZZJdq0ShchZncxm5cwwGA+q6Tnmd1jGdTvny+fPs7JzCVY579+5wa/cmi8WM+fyIftNnNJkymY5oJTBrGqIKaqCJgfn+AmMdt2/fZmNjg/nRUWpQRcpRNZoyX51z1L5Ce30WISIGHOAtGO9QEVzlqWufBcgFxhgm4yG9Xo+N8YhFs2A+m6MqOJ8yVa1dXQObz0Gv30/OThEsioQkasbQ0LYLYtPQti3z+RzV1JhLJCYR21oEcnm9Mpsf0bap5H4+m9M2DU3T4KoKa3zKt/UexSAiOJdiAeq6oq4rQoz0Q00bAvPZgvl8zmLRgkYkNASbGo+pqRBxGJsyc3EGtQbva4KmfFYRk53JyXFr8vX21qJR0Bhx1mKsxfs0NlHBGov1jjZKOkfWoapLQdNaizHpsYhm0fgBURZdju8ymfXhPGlzqtLUqlB4tnz5z/53/uzv/ys//GF+4tW/OOZAfdTyu7/6F34F8I//lePm1FeLgFooFAqFQqFQKBQKXxA+E7EAz4KTOa1JfD3euX0pTKkCqZFU5SzeGlyvZjwaMx6P6fV6OO8xGtnY2GBza4t+f8CsXXBwcEDTLOjVPXRiGQwGjAZDBGU4GOJ7dcpXlYhZzIkihJDyWJv5nMVikXJfUWIIuQmSYDD0ejXaVmhbIUSsRFyOM8B5VIS2WSydjJ1AOBpWjEdDQFnM0msaazF2ddwquiZAGzTG5BZVxUgkZMetxIiIEPNXkfxYlaCSmlQpecRgszhtkqWTGAWJAZUIWCypnD+mi5KcojkH1RhDr99jyJCmaan9jMp7vGuIIaCQvnqfr6ugumwplZ5RxaCIpO9FUwRBNye6Y8GAy+7bqqpypqtN2a92JT7LsfnDMZH1mHs0R7N2IzmZQlEoFD6vbPLqX/6QV59g+X3O1I/iy3+2EmkLhUKhUCgUCoVCofC54JmKqx/lUH0cF2sy/mkWQMmOU119zSvpupSVvz0WDZBlL0O3mYKRLJBlJ6y1S0erc47haMjGxga9uofBAkLTtDRtS9M0qZN90+C9Z3t7GzWG3mBACEKMgdF4wAAIMXIwP2Le5nzRnOGqEpMgaUx2UzpQSRKkChJXVltVIYRAG0JytzqLr6okqBqDEUk5o8bgjMkuVUtlc9l9FjtFJDlPNaZzqumYxVjUWpCIhOTy1NiJqopGQEBEs9tXiDEJxTFGlCTuDgZ9BoMede1JuwvE2CKxxUmKMjDZTSqqoDHlqjqXIgLyta68ww2HKUt2IlnQTeKoqmKtxTuP9UnItdas1ExJ4rFKElY1zwWTIwJiG3DWMuz3GQ2HDHt9Kl9hrctNq45nqBrMMaVUsxi/nI7d892UzPEHJ4IoHjnP1/byiMcP+r7bd5FyC4VCoVAoFAqFQqFQKBQ+bT5TztUHlftDJ7B2j/SEwLq+0nHWJS1VXQqwq1UBOnU0AAAgAElEQVQtxgims3SSxMOgQiVKXfcZjsdUdQ9jHW0T0vIQado2N0GKqCSxz1gLIuzdvQfWUFcVrq5YNA3zZoHN4m4quW8JbYsGwarirEOsQSKga5meNomkYi2imrZRxUta5qKgJiZhtMsV1SQsikgqme8EQ11lzCbhOYXTLpszoTm3VVIWaYhIlHyqzdKNKiJIjEnsbQMhRKy1DAY9NjamjKcThsMhVV1jEGJsibHFicNXFuMcRoWmjYhCzNmrxmjyFhtw1lJXA5zzGOsQkgs2RqFpmiSweoux3ZxRrDVp+85deiJ3N409EkOg8hUbG5tMJ1NGwyFVFqlFkpAtKCpkIXg5QdfyTfNX8wCBdfmCqdHa49Dt4/jqH7XtxxFtC4VCoVAoFAqFQqFQKBQKT5tPTVxdz1t9Gs2sTgqxD5SY1l9G158ya4LtqqQ8dYcXiBGr0K97jCdTRpMpveGItg1JDIzK4cERd/f2eP937/Pb937HvFmkMnRgPptT9Wo2t7YZVRWV9wx6fdrO5akROoG1WSBxgKk8hrVc2XRwWOtw3kOsUNumcaqiapAohLaFXApvLcmJKnKsZN267OxVwaCp9B9NLlEMEpMgGUMaE7m5k8TksLVAMoammIC2aWkWDc18QbtYgErKeZ1O2Tl1mq3tbSaTCYNBLwmeGokxpGxbozgLKiYJnbGz5iaxGJJr2LjkZvXeYV2FAM4lt6v1KRLB2C7oQbOIqTkPVpfnIDUJI7tZhRgCsQ306x6jwSbbm1uMhiNcOkkpR1WTY1dNEsxFZCXiLqeSWU4dXT2zvHpLkdWkvIDHnfHrzapONq4qFAqFQqFQKBQKhUKhUCh8tnhuztWHNaN6Zl3PjVk2HTI5RsCYVMOtmjrCC8nxqDE1lbJ1zXA0Ybq1xWRzk6PDQ4yxOOtYzBfc2t3lt7/9Hb/77e9oY2DRLFg0DcYY6l6P0AYkCr3RkOl4TH8woKoqmsWcQb+fskdjSDEBUrHqSm+TGJgdo9Y6xKayeaxNJe7ZbSsSaduISADVJIRCdqzmY9dUht8JkagkZ2sWBUVI4qpEJEaMpPWSiJsFWRSJQjNfMD864ujwiMVshoSW2num0wnbp06xc/o0G5ubjEZDer0a67qs20jKFkj7RJMgqnksnQhqXTouFSWE5BRWI9l9u3Ly6jIWQjF0zap0KaJqjGsCK+l4oxBDOsZBv8/m1hk2Nzbo93pYA6I5DkGSwGqsw6R2WDmjdpWoqhx3rC4nFseL9NcSGUrhfqFQKBQKhUKhUCgUCoXCF4znmrn6qHUeJbguHxuzaly19n0S8E7s7+Q+OZ5a2QVtJgOkpoZL1tIfjtjc2mZza5sPfv87IDVsWswX3L59m5s3b3L3zh0EZTabcTSbpQZV3jOfLWgWDWdffIHzZ77McDxme3+f2eyA7a0NppMxztml8NfFAaSy9tVxGZNK/lMlv8W6VK6uorQhIBJT5miMeGvwzqUcVqOkjky6FCMNXdclhSgIx8XALr/UOIuzJgurKcogtA2zoyP29/bY39tjnvNmx+MhZ86c5ty5s5w9d4bhoM+grqmqCmsN1ibnKypoDEgy0WIQbJK5Mdo1kUriNZgUAdAKIg1qwDifGmY5tzxPqTxfMZ1IG9e+ape9moRhiSsRdzQc8sK5czlTt07XfjUZgHQejbNozLL0CYV0FRHw4HncJS90TumP+mkojtVC4dNDVamq6nkPo1AoAFVVHbunFgqFLzblHlwofDYo999C4enxXDNXHyaaPskP91IozS7Bk5EAKXLzIW8c1mS3Zi7Mz+KWYvB1xWg8ZjQep2ZOqrQhsr+/z53bd9i7t8fR0SHGWWJMJfQGCE3D3Tt3MNYy3dxgYzLh/JdeYdE0zOaH9Hqe/qDHaDDAe5djZHN5e6fyrXWljyIEicssURUlaso9jaHFWUvPp4ZYRgU0oBGipDxW0zlZcyRA0vwUI10zrySqqnNUxqEmN4yyDmuTOBlCy+zoiIP9fQ4PD4iq1P2ayXTKmTNnOHPmLKd2TuGtwanivMPYTjRNuagigaxcY0xy2Nq1uAhrbBKTTdeALMm/qiAxpiZYXUl+dtV2kQVdDICIZqF6rfGUpixaoynPtT8csXPqFJPxmNpX+ZRrF0+LIccTWIeKEERWQulaFMAye/UkyxDVx57CRVQtFD5F0h+SLDGEFL1SKBSeCzGElFtfPtgVCn8wlHtwofD8KfffQuHp8tzvZuuC5xP/1SRvI+b445X9c+XOXLW16lyheQWbdpBERptL1kGNoT8aM5pMMM4hajiaLZCjQ+7du8f86IjYtlSmoucdvWpIEKFtA0fzBU2zQEWYjsacf/FFnHfM5rNUJm+UuqqJCN6kNzY1NouzqeFVjJEQGppmwWKxILYtRgSjqYHTytG6EoVjjEhMja9sLqV3LgusmFSKr7mEnlVxvbF2LVLA4XsD6l6LmBbMEUdHcw6OjjiczZk3DVWvz3AyZfP0GU6fe5FTZ04z3ZwgbYOEBusdxjnUmOycNVn9NogqxnicBemEVmMQFTSENNY8bufTeOJSeJTkSFVJqqka1OSIge6IOpF96VFO21pj6HnPZDxiY2PKYDDAOkfI4mwSfA0OuxTKjTHYfI6Oz6X7tdNuOukxK+wqS/dpUwTZQuHJ2dra4ubNmwDlw12h8ByIIdC2LadPn37eQykUCp8y5R5cKDw/yv23UHj6PPdYgPX1VHUpsHaikQFc1x3ILKvcl87UVEi/rKE/uWO6xabLM11fPbs1jWSHZy4tt/mvqa0EpJFUzn/mDKONTXCOedMSQsN8vkBixBmwOT9UVBFRogRCaBkM+kzGIyajIZuTMb1ej/1DRxtb2pAE0NC2qAmoCtYZVCLNYsF8NsNm12rbBhZtgzQNEpOD1UgST71LMmDbRto2Nb2yJouvxmJViJrEyuV568RjBMUQRPHeY8QmUdJZ6sGQqa3g4JC4e5cPb97i9t17zJsGXMV4a5sXX7nAK1/9I1565QKbG2MqBw3JeeorT+XztRSA1JzKOk8TIpWviUDbtKisjsOoQowYFOfA+QprHEZSYywVWTpwu8spXb5qFq1xBglJbF02sgoBZ2AyHrG1tcV4PMZXDjWa8nFV8XWFtxVRhBjaJJLaFEUQURTJOnYSjLOvdjnlcouwlZjaCazGfCwX64M4+UeI9ceFQuHjM5lMMMZw+/ZtFvM5IYTnPaRC4Q+GFB1kOXPmDOPx+HkPp1AofMqUe3Ch8Hwo999C4dnwufszoaUTVB/AuqXwJCb7B48JUYrqSpBVBaNm6UiMolhV+oM+W9vbnDl7BlfVHM1mHM0OmC/mWJvK50GJMdCGliCGaKFtW0bDEWfOnGEwGNAsGqwBby0iFvWepmnQKESTxyWKaiTGSAyBECNt2xA0IiI0oV3miSKSCucl+Sqb4GnbgGpMoqt3GJ88mKpZtMytrYwqkl/SGpDs/LTWpdJ8MZiex7iau/tH3Lm7z+6dOxwdLcB6JuMx5154iS+9coGXvvQKm6d2qJ3DEnBVxFjwPjmCk9gMqMFbj8Fjs4M1NbcS0n/ZOUpq2LVsXqVC1DVBddlXqvMidxJ7zGLxKlLB5KzZKBGVSOU9O6dOsbGxwWAwwDufUgpyRIEzNjexSnuNEjHWrjJ7tZs5nWP0eA7rMlu1E/CXw/04AuhaGnCOcnj4Og97XCgUHofxeMx4PC55U4XCp0z5mSsUCuUeXCh8+pSft0Lh2fCZFlfNQ9x+DzMBnohZXZL9kPet3wmrq0ZCyc3aiWshBIwqda/HeHPK9NQWvUGfedsgqvT6NYNRn/6sh6pQicdHj68HzELD3t4+Tdswn8/58MMPMcD29haTjQlVVVHhCU2DVYgiWGcJy5L+JBiGGFKuahREhDYKsQ05PzTljTo80QoikRglZacaA0FxxqLGYFx3jjqpr2vjtRI0QXEGvEmNnIy3YCOzeTqWRROYbG4x2dpm68xpzr7wIts7p1E13Pxwl8pZnBE0NngHpl9RVw6fRVJjIMaYHMgigCAqxNiCRFDB1X2sr5IYblJMQ+dMlXydrHV5H2sZtKpIBNF0nsiirdHcPSvfRIaDIS+//DKDyRbj0Qi8IwbFmuTsVQOCEFSIAiLgSA3Elg3H8lxa6p5rOa2rc6wnJuljip8mb2fWtu/U2kc+LhQKn4TyS2ah8OlSfuYKhUJHeT8oFD49ys9bofBs+EyIq48sa37Yz765X+BKj5OwZfPzXQbmyd10DYy6L6qKtT6VomNS93mTXJC+rhmOp2xubmM0cu9gj0GvxufueiGEJByqMG8bKgwqyqA/oNfroars7e2BKvPZnJ2mZXtnC+cdMSSXqmgSHUMISIxY66h7PdqmoW0jMSSxL8ZIiEksdLncXKwkd2duvGSjxRoBtajPUQu6EisNKxcr5LQAY9L5Mi45NY3HGkdsArfu3OX23h6H85bTG30mm5tMN7ape0PaNnLr1j3m8yOG/YpBz+OsUHlD2/QYDWqGvQpvHW0bSDJuOgZJdlCMKMYlYdd22amamlt1bmRdc6I65zDGEI0hxpAajYkiIsSoSAzHSvNVI6A46xiNR4ym22jVw/dq2ghRFc3CehJydfmvOx/WWowkN2uOtz1hKF2X71cLUhTFx3CVrruv1+bt8Tl+/+NCoVAoFAqFQqFQKBQKhcKnz2dCXO141F9RulJ9sy4wsSYsrVWLr/szl4/0pBjWiarSFZIvu9YDqJhUL4/FVRWD0ZDt06c5uHeLg/09Br1tvHfEGGmaBuctbWyZzWbM5w3WeYaDIXVVEZqWZrHgyDoWszlNs6CuPf3hIJX/x4hoSOJedl567/DeI5ryVps20EYlSvpnpCtJV4I1uCjEEAkhYLFYozjnCBIxanFqMGoxarJ4ulLuLKTy+NwAynmPtRVRDAfzBR/eucPu3T0aEVx/QH84wfcGNFHZvb3Hom24d+cOlVc2N8aMhz16lWUy7BM3p1jGVF5ZLFoW8xZjXafoYqxNMQX5dKsqTdsmcdWlHFzj3LE5YtaE9bWMgGVmbxJikwCtqohEjFGcM9Suoh5NaaLSSGQRlDYqahyW9ezf1MzMeZcafB17vTyrTHb+npA3TT6PZn3CmQe1v7qfTrQ1RvN8PR5jcXK9k88XCoVCoVAoFAqFQqFQKBQ+PT5T4uo66w2tVk92AusJMWvt6/HvV3KYHFuycrSmJkiAsZicnSoiIKnsOhoIgKt7bJ0+xWJ+gOwJdb9mEIb0+z2cc4DinWU8HBDV0oaAd46j/QNufvABg34f3YhLZ+387Bl8VVE5R3Qu5buS3JqRPC4RQogsmoZF0xLaQNMKsZXssFWwio0QjUn5rDG5Q13OcE0xATGdDZNK8a2xy6ZMxhgQxVqXHztcVSM4DveP+ODWHW7e3eNgsSBax0ETuHl3nzuzligQJImhs9kBw77n4HDKxmRI7Q29ynL37l22phMmwyH9Xo9hr09/MGA4GmGdScKyCNqkHFNfK4JFMVixqCquqpJbNYucKVIgHZtKJ0KalNNqZHlMq9gAWV5vZy3ee2YhpPMaFDEWV/nkAiaJqsbadD2ysCt0ou0xSR+7NhfXZ2U25WYF9OOKn3ri64Ocst1zRVgtFAqFQqFQKBQKhUKhUHhefCbF1aUz8TE6rC/LpvP39oRZsFueGmHlZk5rdd3Jd2gwqYsSQO4An1yJQZUmtKnL/OYmd299iKuSo9Q6y2gyZjgccHh0gLGW8ajPYhGRGAlty969PSpfMRlPqKylX/cIix7zoxmD4YBBv4eIEmJyQmJ8cq92Was5azREoQ2RNkRCiKl83iTx2YohSIoFEEnNsZILVnMGqWJMWmaMgJHkxlSbRGULGIt1DuM8tqqZzVs+uHWbf3/3Pd6/dYfbB3MWajlYtMS9A5QjFk3LvGlp20CMDeNhTdM0HM1G9HzKX70zqLg1GjIeDBgNBmxOp0wnUzZDcpO2bSBKwHnPRCKjyQRX9ZZzIMYI2WnrsuAes6Aokht7LSMDbP5nlnMC7bJJs8PUmOV2IUZEwboa6z1g0zKTRVVN60dJ7uY039bF1O519D5hPzmpDRh9ar7S5XGpHnuuCKyFQqFQKBQKhUKhUCgUCs+Hz6S4+jAe5lhd/349JmD1OElfNjsTO8dm8hSa3J3eIKrL2IFUp+4QFZoYqa1nPJ0y3dji3u1dDg4Oie2c0WjIdGPC/sE9pI1UrkLaiInKbDHDCNTec+vDmzhVtrc26fdq9u/t0e/3GPX7eGNSMyVIzahEWISQhEW6Bk4mi7BCiBGLgk2isRUIYghRslPVdcbbZbOn7p/kRljLs6PgKo/JwqqpatR5DhaH/Mf77/P//Pff8LvdW+wvWozvsb8IzDhCBOaLlvlsQRsC1iiLdkHTNMwWDYOex0qLt8KgVzHq9xn1+2yMJ0wmYzY2NgihYbFY4Lxlc2uTl51lOJpQVzXG2iwqR2IIq2umunSwsiasrubIKvLAoLnEPh9rzh6Qbh9ZRPVVhfM1UQTN59xYg1GDGggx5kxei7HmRAZsdybN2hzsQivW5t9jBKM+rkh6UlAtoeSFQqFQKBQKhUKhUCgUCs+H5yqurjcp6h4/TChayVUnnl+rlzadoPoIremYCGZy0ySyW7VzeUIS0vKCmJf3hgM2tza5d2uDvTu3CU3LcDRmZ+c0+3t7HOwfIFGoq4qqqrB2gbUOjcLdW7cwEun3aiaTCXv37tIb9Nje3kql7ZKaKllrcNaCAdGUm1pVNdY5ompqaiWKokksllz6b4QokRgF5yxqDTGLqcsi805kzRmzJp8s6zxqHTgHxrFohdv39nnv/Q+58dvfcuvgkNZYnHUctQHiAlEIbWQR0jmzRpFFi6igGJqeB2kw0tLzjkGvZtir2d8/ZHinT7+/y9HhAbP5EedeOEtV18SY4gmqqoZO1AwBFUGdW8YBkOMi0vHIMaEz6apJODfL5XkGmZSQGlVyDITDmgrnfRJdJV1nVFNurbXJ7bzMce32vS6crnEs9/ejZu4j5mhxoxYKhUKhUCgUCoVCoVAofC747DtX18Sy+xYtGxt1DazWvq4pXMvycHJGpqbHag3WplxPk4XdEAOGJPJhLWgqCI8IztcMxxPOnDlHbFuO9oV+7amdR6Nw69Yt5vMFW5vbDAYDmjZycHBIiC2L2YxmPl/mqu7t3WM4Hi3zWpPoKYjY5aBVFe8rfFVjTMplTYJpWkU0CagmKtakZlZtCDhncdasXK65273NO1ZNGaLemBQfYJJD01lHBO4e7PPu73/Pb99/n999uMsiKhGfRMk25Gp5l3JsvUMDRAlIEIxRDudzJDrQgCMiUTDG4pynDoJZBGbzffbu3WGxmHH+S19iOt1gPB7T6/Vwzi4dq51rFU1i8vqFTWJ4dpVisFaXBtVAOkYRIQgIFmyaRzEEgvplFIIAEiNRIqICKggW71wS2qNdCrum00rXnNFdfIU9MS/XZt9jyasf5UB9lOBa3KuFQqFQKBQKhUKhUCgUCp8+nylx9eMIRMfWNcv/rXypD2k01KWsJhdjcowCqWu9hrWmRak03OKWLsmgUPX6bG5vc3i4T9vOaZsGay07p0/T6/VpmoavfuWP2Nrapg2RD97/gJs3P+Dg4IDhYMBoOMQYmB/NiG1LXdc0YYEiBEnC3v2OzJWTMS1LoqpFUsasUQxCcKkBVvRCzCpgjJGYM0tTubwFJ1jcMis0imC8xzhPjMLe/gHvf3iT3Vt3mM3n4GtwLsUOaAAjgAXjlqX2mqy/qBpCEOYasUS8Uapcej8ajdnc3GTQ7yNtEoFVAmdOn2Fn5wwbm5vUdY1EIbaB0LaoCM57rDFLp+3q/EhytUpE8vIUsZqzZ0UJKkRN8Q9o6lMWNGXpipIyaaMgmpy/IqvWZ52w73JTK2u7PFdZm4cnMlDhAUrqcbH/QTyOU/VxHN6FQqFQKBQKhUKhUCgUCoVPj8+UuPqkKEkIXRZrP0CnSgIldCGcnQNRVHI8gFm6RcmF84bcIAlFY6QNLc5bRpubTPf3uHP7NjfvfEhYzJiOx5w6dZrRcMh//s//hRdffBFjPf9+4wb/379d5+7dO/TqmslkjBq4t7+gDS117alDnZyl0SbnpCTh8ZiYhkkNqDRlkaqAUcEIubGVoW0jrWvxznatu2itWYrDxhiMtVi1qEbAAY4gEadJYAwxcnh0yL27d5nNZhjAe49ak8r0RRFsds9anPdZuAXvPAZhsVjQasB7GNaeuq7Y3NzkxRde5PxLL3FqaxOjEEKDdYavfOUVTp/eYTqdYoxh0TaEEBBJjbecczhrU5l/zj9VjZBdpkbj8tpJBNGYROWYmn9FNeA8FoMxFlWbM2mVGAUxca0llcGYlZDdXQPnXP5+FQnQuaS7mAC73l7tCUv7HycSoMQGFAqFQqFQKBQKhUKhUCh8Nniu4uqTuu+eaLs13WspVgKIoiniFNs1QzqWTZpzSyUiIbAxGuJRJttbbNzd5tbtXe7evcPR0RGIUtcV4+mUIJFz514kxEATW4JEpFkw352zWCy4d7DHaDJkf3+fRbtIjaw0Iin9Fecc3nuaplmKjN67pbCmIohRok1l/kSwVli0Ee9jPkeG1qzEZuccfumMzQ2uJGBMjYRIw5wQBYktBmHYr5kMB4jxtKp4wHmbMlWblijZCGsd1ii1Nxi1LJo5oi39usdkPObs6bNc+PIFLrzyJc6/+BJbW5toiIgEMMrGxgTvPW3TJAdxTI7cynqsd1RVBZAF0wDoMl/VGkEtSHawRolIiMQQaUNMx4PDGVKmrPUY8WAMUZKj1RiTGnoZk92wSbyObcC41Y9IEjRl6W59vHloOZYj8LDpWZyohUKhUCgUCoVCoVAoFAqfOz4zztVHNbJ6GGs975dOvpg3cOtbamrflKQxsLl2uystN9ic1ZkzWJOtETFJFHN5FxHYOzxi0KsZbW5x+qWXuLe/x717d7ize5ODvX0kRkbTKaby9EdjDmZHHBwesnvrFk2zILQtR7MjZvMj+oMeN2/epO7X9Ho1IQYExTpD3auJGpnN5ul4vKOue3i/oGkiGIchl8abJAZKVGIMtK3Nxwg2qckYA1VVJeEwZ5XG2GKpcC6AgLYRYpoUw6pi0u8xrD1H8wYi1FgqXyFYTNuykICJirMVqBIWgcoZKqPUvZpTGxu8eHaHl148w4vnzvDC2bOcO3uG8WiIxIjElhBanAUJLWLAqE35pflaWOuwpHJ+CQGVuLroNl9HEVTDUmBVZK1ll2UZYWBt1/EqzznSc9aCTeKqyW7mpcAuEdTmsv7kXF1mq5KbqC27g30Ujyugngh2PYZ28cH5a3GwFgqFQqFQKBQKhUKhUCg8L56LuLrM/1x7fHLZ8rnH1I66Eu7Olbrs6K6dTJXTVs3xnMzl64hgU3woart8Us0V3gbrUuOrqu4RRcBaqtGAF185z2Qy5O6tXX777nvc2r3JeHNKbzykGvQxztLEwK17d9jf36NtGppmgVFl/+Aed+7c4tyL57AWkhUUvK/AkGIIXCqLr+ua0BPqep5co6pdwGhqUGUgiOACNK5Nx5GFShXBGGjbFl9VWHEkAS8JlcYqzoCqwyr0rGHUqxj3ekx6NWHRIBIxrqJyhqhCSyBqi1NNomvt6NUjRqMBo0GfzemYszvbnD1zmrM7pzh7eofJuI/Ehtg6qqrGWI8xSRBt2wgI3lVZ9cwO4hjTsebogdSATMBIdt4mN6tIQLPw6TBE6zCWHIOQsmZVLaomCbUYrHUIbhkXsWp81nWrSq7fLkc1PcxzaOV9Tqs+QDg9Xr7/cZypD85UVe1U3JXA+vH2WygUCoVCoVAoFAqFQqFQeJp8pmIBPm5p9HqDo2PPsWo51GVjaucEXHYcMsmBaC1qUll5Z0m0xmJtcjEa1aVIB7BoW1ChdhZb95hubzMZDdnc3GQ4GnH6zhleeeUVzpw9h+/VyRXpLK721P0+vX4PkQGIUlUVBwcHGJNK9mlN6lofw7Ihl698ElZDwPuKqqqoq4omChriUmQTFUIwWE2l+lYNKgY0omLBKL5y+OAxrcH7tdJ6sRgVHKkxVWUNo7rOAmvNwns0RIxVrEaMKn1vqV2Pqq4ZDgYMR0Om0ylbWxuc2t5iZ2vK1saUzemY0aBPv65BIqFZMFfFDBUNgaZdYB04ZzBYlIjGFD3QXTNjDd77JBgDoVOUVdAoSAhEiSkrNTftMjblqxojaV/L85Qdyzl/1WRHc9JUV03EbBb4hePCqeGkkHq/+n//M90sfAS6EnRXfxpQ1lTUtR3ndUruaqFQKBQKhUKhUCgUCoXCc+XZiquay5uXZdjmgQLqk+VNZiGt2/+6zvSw3eWKcJVOaHVL2UtElxXjycFqsoCXMldRg7GAM0gQIor1FX44ohoNmWxM2djaJLaBrc1NNiaTJJFZQ93vs72zw/Yppa48FqVtGiaTMW1sUxZqVWFDgy4Ci6ZJorEolffUvYpm4XGuoao8lfcE2xDyaUj5sIIqBBWMcThVUjm8T9EHBuqmpa1bbM4XTTEI4IzHmVReT4w4hH7lGHjHsKo4sNCa3BhLAhao+zV1v894MmEymbCxtcm5s2fZ2dnmzJnTbE0n9OuKukqNqGLbgggxtLQoQ+nRtAvadk7P1KgxSAx5ziRnqWSx0zqL88mRLCIpqxXJAmNMTtbc1EpMuk6qNs8SQ05ITdEJBkQ78dY8YF6aEyJmN93WJtia8/nBLtO1CWke5Gm9n5W/1awctNrt66F7LxQKhUKhUCgUCoVCoVAoPEeesXN1rbS/y6zUVZ/19VWOy0XHpaMHp0+uiVvHd3TstVe93XX1eP0117/X1PHdrK2oxrCsxs7bWu+WOadqDNZYql7FpNfHW0vPV6g1zA4PiCIMBn12dnbo9/oMB31Q4eBgjza03Lpzm4OjIwbjEc47XDSgVEgAACAASURBVPSIShJ0AWMsztkk7KJ4Z6i8YdHljarkHNIkNosxiChtlByFkIRGYyKLtsU3Tc6VjRh6VN5guxhSkxpcSQw4C/1exXQ8omkaqrpNYrS1WOeoB0PGkwmbm5tMNzbY2NxgZ2eHra1Nzp45zWjYxxkwCDEEGmMIbcAZQ+U93lno1RgjOGex1qa5IYogRCXFL+TjCjFFGKjG4+KqCKhgurJ+QGLXtKvTx5PAKoCoIRqHpDTafElX3mZjzEPm2sPkzAdJp+bE6vrg1T6C47ECH/24UCg8OV20TKFQ+HQoP3OFQqGjvB8U/hAp875Q+GLx6YirsFI1zQlxlXWxiPueW9epVm8+khdlwTQ39jFdqXcWcruMSu0sq+tZmideZ9kA6ljWa87qXI5DQSPWmmXOqWYRMKrS8y41zWpa2sWcw717HM2OsNYxHAwZ9Pv06h5taGhFuH3vLr/94H3OvPgCVb9Hr9fDVR5EIOau9bmxkjFgHXhv8d7gnGJMkk+1ywlN+QUohigmOzoVNDl0F67FuQUGJXqHNVBXNpfDR1QtMQZiDDhrGI0GnDlziv5wQNMKaizWenxV0e8PGE8mbGxuMhqPGQz6jMYjpsMhk8GAXlUBkppRYXE1RBuwBnr9HpX39HoVlXfEGJJ71Bog5cSKCBJTVINRJcSYBFgDLp//JKzGFH2g95f/iyRhVUlSbMQiOCIWzeepu9jr0aid13Slqd8vjj7qRrjcq3bbfrTX9EERGes33CKiFgrPhoODA27fvo2I0Lbt8x5OofAHg/ce5xzb29uMx+PnPZxCofAcKPfgwh8yH/c+eOO//zuHh4fLx6d2TvHCiy8CsJjP+c2N39CGdvmx88JXLjDK+/3wgw/48IMPl9v2B33+6D/9p6d4NIVC4VPIXH0WRcwnmwSteRA/4V9/7tv6mJNRs/japYHapAWqEIFWFFGhbQJHh0fs7+1zcDhjvmhoFwv29veRGFks5ty6c4tbtz7k4OiIl15+idFozNmzZ6h69cqTq0qMkRiToFtVntYnJ6v3DusMMbASi61BsxitCoISBEyMWANtG1hkcdX75Bat64oYBWMiMf9iIzHgnGU0HGJtxXgyTfECWIx1OOepezWD4YDhcEzd61FXnkFd06sclXN4YwCHdwbjHLX3SAyoCs6mOILKO1BP02WdrjmEl0ZnDILiTBqvzc3GVECCEiUmAVp0lY9qk/Cq2ongJsu8DjU2e17z9evmDeuzdJXU+3Hm7vrcU11dlvX586Q8zKVa/tpZKDw5+/v73Lx5M2VZ93rUvd7zHlKh8AdFDIEPP/wQVWUymTzv4RQKhU+Rcg8uFD7efVBVefn8eaYbUz784ENE4moZqYfLly9coKo8/3b93+7bdmt7mxdefIHDg0Pe//3vn8XhFAp/0DzXhlZPi05geqDOZMxKOvtEQlSn/JmcwaqpRN5akFx0nqraCSEQYiSIEkSZLVpu3dzl7p07HM0OiaFlNj9iPj9CDdy9e4+7d++xtbVF1ethrSXEiIgQ81djLc45nPdY7/HeY6wDE8CmIzR21YQJVaymZNEYLcEItg1YoykDNTq8r2jbSAgBUEKEtm2JMWCdoT/oU/cHTHFY11s2i7LO4b2nqmu8r7DG4pxJQipKDA1BHQaDN+kvct45VBxt0xBDSyNzkCodX4gogjE2NxXLebDGIiY5c4V0PJqbPGn+filEG9MlOyxzcpNea5bxpbqW/bs0o65nra596b550hlTSvYfxHV+dvkt3rnv+Qu88aPv8drOIzbdvcbf/uCXfOOj1nuiYV3hOz9/mb/53mt8vF1f52eXf875h43pWY75GbJ77cd8/yoPuCbp+vHm23z74jN63V9+/Qmuw5Nz584dqqrC+S/ErbBQ+NzR/ezduXOniKvPlF2u/fgHvPuth71/P9v392fG9St85637f6sA4MLrT+F+8nTPS7q/3rh/waU3+ekbH+MFnvj3ls8W5R5cKDzeffD/uvF/AGBnpzhlTi3NXh/cu8Hvm/87rRQ9/XAWaw3WOUSF67//P1G/AMDMJ5ydXMDaVOV7sLi73O9/ufC/PtuDLBT+QPhC3806Ee0p7Y0uYkBVIIt/qZxdMRpTMywUU9X0BkobAv35nOroCLGWoOB8zWAwYLIxZjwacur0DhcuXGB7+xR1XWdhNZXEx5wzaq1dHo+1FusdxjussxjnUAFIY+p6iEVy5moEiHQZpSaLkyKeug5JCA4txkCMIDE1hrLW4p3J7lyPd1UWcw3GWbyrcZXDGFCJxKA0C5uaUongrcEaw6Dfp9/vU1ceVFjMjpjP54iEJBRngdpXDucMFlLDLSwWJeRcWREhqEKMGI1ARCXFARhrsSY1JVOFqN3RWtS4HJeQjl6WU8LyQD5DeuiDBNr1uIDPp3j7ACH1+hW+84Mfw6NEyJ3X+Ou3X/s0Bvj0+DyOeckNrvz9Nb72Of/g9ihUFREpTplC4TnjvKdZLEr23HPlIt9+++3nPYgn46mIqA/jGZyX+4TUJHx/58rHFFg/55R7cKGw4qPug7f2fs/2qS2UiIjm+DtFbYBeEk9pBZmlz/CpAbQmYbVb3vTTtt0yFbSac/vWnU/xSAuFLzZfUHH12f5yniRKPZYcK6RfFDxQ9QfYuoetaqxLguThbM7RfMHB3h5BYWM45sJXvsIf//Ef0x/0GA4H1HWFtw6jEE2Lc466rjG5oZMaMM7iKo/1DuuSwKqkEviogsbcb14FqymTNAaIziDREcURoqOKEe89/X5N01QYY5Fs7XTOUVcVIpE2RowKGAWTsl+NKiqB2MaUZxoiMQYO9vYQiXhfoTkjdTqZMBmPGQ0HSIzs7d1jNjuibRqsd/T7NdPplNFoRF33MT43FcuxBY6UnSpE2hCIcZGF2ywUG5NF7RQHEGNqgpUyVW3K4LXpX3KpWlRPzo/jLtXnLVmuC6d/EJmrF9/gb17/Md9finnX+dnlX3H+9Xe5cvVG+uD0l/B32QV67p8v8xOOfwjZvfZjvv/et5bPHXeHHBd0r1+5zL++/DrvXr3KDS7wxv92/thwrl+5zE+WRphLfPftN3iijzv3OVdPOHcvPeAYHjHmf3j5dc5fvbrc/tKak+ZR2z7O8vu4dIlL71zl7659jb9+yIr3O02PO3y6a/Jd3lqez0tvvs2fvr82lvs+ZL7HP/34Mu/cWK1/zC10wqV08hz8HV9fnqP7tj2BMYa2bcsHu0LhM0DbtkVYfa6cdGg+u/tVujdeZbn16z86fp95xPv8k3B/NUYSM6+cT8eUxvsm3/jlW1y5cfJ4jp+Xk78//C//8w3+pb9+btK+f/H1Hz303nk/O7z2vTd59/Jb/OzV1bEe/12E1TVYOz/fv/ze6neUp3zenjXlHlwoHOdR98EYlKr2ROCDDz7gzp3bzGYz8Cm3FUDFEdqW//iP/wEoTbPAOYfJy6Mx3Lt7l7ZtCG2qWq1qTwxf4M+YhcKnzBdUXH0QTyn71QDWgmoSM1VTA6rUPYmI4kjOTVf3mG6fot8fUvf61IM+/+M3v+Fwfw9f9ZlMprz88nlUBWstMbbLKABIb5bJum9ommb5vbWpNL9zsKKChkjQLPiKrlyqudlWjCwbZCHJvbqYN8xmCwa9PtakmAFDynaNCjEuaNuGqBEJglqXMkxFkM5N2kZC2zJfzNm7t4+EBmM9ITQYDJPxmM2NDabTKdYYjo4OmM1mtG1LVVUMRn22t7eZTqfUvT69wYjBZEI1GNDr9ajqGueTQ1akJcQaaRskRlQCOTAABaKm3NUkdBtSWINFcXkdy0pCXf/+88Hn16360ex87etcuPoetyALde9w5b03+enbS+Vsue7FVy/BW7/i+hsXs+i5y69/eYNL31oTVn/5df7m7e+lfV2/wnd+cIVzayLpO1ff47tvv50e717jF//vOXbytj9593X+5u3Xlo+//+NrT8EVs8u1H7/Fu6//iJ++tkP3Aexvr6UPYI8z5htXf8k3fvQ2P93J43rrCn/y9htcvH6F7189z3ff/t7qA9bato+z7/t5lW+/Cd956++59rVPEGvwzlv865tv89M3ujFf5p1L+bruXuNvf/Bzrn1zbf833knn6Hs7efllftZ9QLx+he+8xbHr9rc/+DHX1j7Ur5+jQqFQKDwJz/B+xXV+9oOrnH/zbf56KeL+gJ+de/z3+Y/Lzmvf47vvXeYn/3yd1964yO61v+cKr/M3a2Lxjatvcf7Nt/lpN4ZHVNMc+/3h+hX+Zf33kd1f84sbl/jz733cwV7kTy7BP7y/Cxd3krC69rtIOi+d+PoGP32T47EAz+C8FQqFzw4xpL4udnrALBwxAxiArVuWjb59QDfvcE/vpsebQLVaboczWvcB9wAqsP20zyKuFgpPjy+MuGqMWf7Lz2Qh6mSW5idD1eTsUYOKEkUxXSMtY4gKVVUhUZK7MwrRGIbTDXbOnuNwNssZopYmKGqSA9VZg3I8CiBGSREEKNbZ1esCxlp87ak05ZWKSCrpl1wQr2CNQTRnxAq0UdI5yjmkc9tQVXOOenUuza8BxTmP9yDxiIODQ+aLBSEIqEVVaWMSVNu2pWkDoWkJsUUlBSf06j4htslFGgNIhBhw1nJwcMDRbEbUQFVVLJo+i9mc27du46oKV/fojcaMJhMmG1OG4zGjyZiqX+FNEoi7TNaUs5quc+dGTbEAJkcDpGZWuhRYk+CKsSmA9SF/Hcze3/vaXD0ZT0fUP+lm/cKVT+6c4zy/JH+uAODSqw+R/i6+yiXe4l+vv8HFi6w+zOQPav90Fd740ZoYevENvnvpMv9w7ZsrJ8mlV1fC4s5r/PUbDxnWa9/jp0+jsv/6P3PlxiW+u/zAtcNr33ubtOvHHfO3lh+Sdr72dS505+vka118g58uqxgfc98PIq/3k08SD3Dhdf704vqY4RvfXD7BNy5c5d2Vog4XXuevlgf5Gn9+6So/+dV1vn3xFNd+/g6X3nz72HX7q9d/yffzB+a0/df5WvkgWSgUCk/Os7xf3ff+vF52v/t47/MnuXGV71++et/T647Yi998nQs/eIufvfw6754cP8ClN1cuz4vf5I0LP+AXv97ltQfd/9d/fzjx+8jur3/JjUvfeqJql1MvX+DGe+mGePGNt/np+sKLr3LpAYn1iSc8b4VC4XNDbIW7uwdYd3h8QQsce2rv+PJ7j9hpC3KoxFaeziALhcIXR1x9KCaLZE9JhxKRJM5l+S1pdAZjfAqXFqEVqJxLIlgIRCyurhlNN9ncPs38aE6YzwhBaJpAv18noTYKi0WbBVUhxJCs+yHknNf0+p2w5r1PTtcQCTaiknJXyY2cugZbiHaRsVhRbEwu20UbqBcN8/mCXt3DWJ8zZFOu7KKZs7d3l/39Q2bzBdYkt2cUyVmtq39GYTgcUdc149EQVaFtW7z3eOewxuCco9frESUSNX1vjGG+mHM0n6HGgvPUw33Gsxnz0LIhEbWGoRmCt4gGNAZQWTa2Stdh6dVFRIliiMYm52p2sarpghzSuXm4OLkKfDCPMXFOlvB3zxmzElbL3wSfJsnhkUS3i8c/zOy+z7vc4J0fXObKia0uvP7Re9557VtcuvpW/qD2GOXzj8nu++/Cha9z6sELP9GYuw+CP7mcPngdL7/8ZPu++MabXLr8Vo4HeIyxfCTnOfeo83n+3LEPvKdevgC/fJ9d4N0b8M5bl+//eHnpaYyrUCgUCvCM71dc5E9fv5CqGOBE3MCtJ3uff5zM1U5svHqVC6//6L77+oWX1492h3PnyULnRx/PuuP01ns3Hv6H4SfgZAOsB5+GJzxvhULhc8PYn6Zq+0lMfYo4YOyHT3enhcIfMJ8rcXUlYj3e+scaWql+YoF1XSBLzkmHMZrdoHYZEm0kPeesw1Q9vLFU2kONYzQ5oOrfZn54yMHhEbfv3OWFF87ia08b25QRuhT+PHSOVBVMzj2NCGI05a96nxyfUYg5AsAYg3GpxJ8YkyCsihWDCESTREnbCkfzhv68oVencn7vPSEGDg4OuH37NjdvfsjNm7do24BzjkF/gPcV1lpq7xkN+3jnqKua0XDCxnTKdDLBOkeMAVWl8lXKVK0q2hBo25Y2pv1Z5zHWEEJk0TbMQyRaS93v47zDeYevHVXlsdaAxNR4SzULrKwE5S7cO8cBCBY1ZtXKS3PDr8eZO/dd8Ues+4AJ+axK+L+w0QC77/Mu5/mTxxQyV9EAp3h/LRIg8UlE0eSi+XaXyfaDy1z5JLmrj80nGfPKVXT9ymV+8tZl3un294n3fZFvv3kpxwN860l28FT5rGfIFQqFwhefT/aHx2VFSC51/847ncs0LX/W7/OdO/RpcfHVS9z4+a/Zfe0c//rOJf7kIZUwH8Wt924sRd6VqHopR/7k7NdHUO6PhcIXlzPDP+LcuRcwdtWL48GmnvtNP4+qdlRR3n//989y6IXCHxSfK3H1YRyPA3g2dHKWyWX5qTQdIHei78Q9BWsskSS4Yh3Wp4RPVwVs5THOEkVZNIHD2RxRxXqPrzwiVcoSlYAag7UG2+WsWoNzFudMamQlFhttdpt241CwFmMcagzGeYwIEgMhCtaAMY7KJXemCMwXLb3FAl/VOJeyV51z9Po9xuMxs9mcxSJlvo5HI/o5D3XQ79PvD6iril5dMxyMmE5Sc6ouXBtSg6x+v5/iEkQIOVdWVPFVhXMeUWXeNMzaQItivKfu1QyGQ3q9HtYaVCTHAqyuiYGla1VUkpCanbsrgdXm9mPZxZodrA+/2azFSXzG+EIKq+RSuoc5ZR5EV4p37WXeXUYCkOMFbhwvNX8iOsEyfaBZRhA86d6SDYYHDuupjZlUSvhGbqjx611ee+0p7HsZD/BzLgDnP3KDT8C777PLxeVQb713A85/ix1Ocf4C/OLBdaWFQqFQeEp8WverFGHzRs5w/TW7r33t2b3P717j767CG2++zi/eOt44Ck4Krrsk8+4p4DHcqxdf5dKNn/Pra+d559KrfPuJBnidf30Hzr+ZMm5//csbH0MsLffHLz6/4R9/+N/gL37In335SZYXPvcojMapQnS9irUz3aw/FskZq9bet2z9sbWWpmlKeWWh8BSxz3sAH4eViLoSU59X7mTSuFY5n9qVphsH1uVGStkxabLAZ7p1LBFLBIJEQtQkeFY1VVVhbRYKJaIqGJN6aHnv8N4u/1nnwCY3puTWTpi111Mw1qPGEkRpQqQJgqghKb4OsLQh0oSY8mOtpz8Ysr19ipdfepmvfvWrXLz4P/HVr36FL33pPC+//BKvfOk8X7nwChcufJkvv3KeL51/mZdeepEzZ0+ztb3FeDpmNBkx3Zyyub3J5tYW040NxpMJ4+mUjc0NNre22dzaYrKxyWRzi83tbU6dPsO5l17kpfPneenllzh79izTjWkSnTXSxkCIMd0DOoHU5MiHLo82C9uxE1ZxqOn+WTCr67IUUJMh+BneXB5f/O9ueicfn3z+cZd/Lrh+JXXy/cuPk+uZSvHeuXqVGxdeXhNlU8nhO29d4frqBfjZ5cv87PqD9nOc3Ws/5js/vsbuctNf8Q6X+JNP6ga5+E3euPAO/3BtuWeuX7nMd65c/8Rj5voVvnN5bdvdX/OLGxf4xtd2Pvm+u+G/8SaXbtzgxtpz6QP4L/l1PqTdaz9/aCLcY3PjKv/Ujev6FX7yzgXe+OZFYIfXvnWJG1f/ntUp3OXajy/zt2vntFAoFAqfkGd5v7pv3SQkXvj619h5Zu/zu1z7+6vw+l/y2sXX+Kv7xg+88/PVa+bM2T9/bGvuRf7k0g2uXH3nCSMBUgOxd9ZzX4F33989vvyh2///7L1LsBzHme/3+zKzqh/ngQMSJCENeE04JNN3JHtoG45rXU8Am4nQ2MHN3JgVoMUsOMRWQW0kccONNNyIoS01XGgx0Mox2nAxihg7TIRDunEHEeaN0IyDV7oGQ6BHHAkkQRI43V2VmZ8XmVVdfV548BDP/EnN012vzqrqcwr17//3/8r1sVB42FGU0WiUmj1XNdZaqqqirmucc1hrqeua0WjUvx6NRtT16rJVVfWvu+1pUVcLhUPjgXGuDsWp7um9EFaXzlUYuhuVVI4uxuQ4gtS5nhwZkBY3iLEY5xBnUSNETV3uEVIZfLB4332z1EmmMccPkJys3cMK2Yq6FBzF9K9T3KrioxIiGAXNYxDrsggshAghKiF1yqKuRozGE6o6/ZxOp3zyyScsFgvGoxHra+usra2lP/DOYY3BGAfGUFUViuKDT10NjSGa9GfbWovYJApbZ9PRMza5ecVQ11BZg7gqlT2IEGKg9Q1t8MvmXp0m2jV20u4cSHYPd1EAJondYneIqjvOKYfVdupg9vq8doLofsLpXhy0zv3P5VxqP+T0stP9bfDsqdNw8WK+KVvSdwY+v7wVuVUHyLEzL3DuFy8PmmOk8sf9V91rf4Yl+f2WOfPtl7hy/mVe7Dd9lu9/+9nPPObeWbpj3WVfqM+w7eWb8I2XTnPxtcHtXfe+ef9Pnn2Jcydf48rtbHYnp8/y9E/P8+Ll3fvBs+f4/tlX+e7geA8blhQKhULhYPbK5dx9Pfgcr1d91MxgHKdf4kfd3/E7+Tu/T0Or7lp8/GcvrzTo6q7zP7hwapn3evpprrx8nhcH693OJTL9e4Rb+yL2YopCWBnp2e8tjwHHOPPCWX7+8vL4n37pe5z76ctcyFnzyS37Gt89/4v0742H8fr47pskM+bzdGbMa5fe4IdvP8c3/xz+tx++zXPffIFTWzuX/2OuvvFD3n7um7ywnJmdnd/k+N/vN28f1+e1S7zxw/f5k7+AH//4Upp26i945Y+v8sYP3+S9NGE5zttdfh+uXXqDH775Xl7/FKduc37hIUOHhpqIzw2wO6dqCAGTNQjvQ4rlq1JcoQ+hN6iFEAj5dW/MeRBvJwuF+xTRz0mhuXz5Mv/+P/w/+dUy+2P1AYhiTGoQNRRNV8XUVVFKdjR6X13W5mdZ0NROOouHUumt+fudSJfnOkznTNOsEWIIpPZPEaMgosy3Z/zu/d/y3m/e5fe//WeOHd3if3juv+W/+FcnePzoJoZA02yzmN2gXWwTfJuExaZh0cxpGs9sPmN7e8a8aWjbwGLRcuPGjPl8wWLRENqAEYOIQaPSLhraZgHBUxlhMqqZTsaMa4ezBidQOWFzfY3NI5sc2TzC+sY6rnJ479ne3uaTTz7h008/YXt7m7qqWV9bY5rL9Z21WGNxrkpCqTX41jOfL5LLVBUjFpe/MRtNJozGY+p6jNgs9DqLMZbOoqtZhBVJzbMaP6dtG4geJeIENF9ItD/XhoVX2jayiEJDRTQV2BHY9DyKI+YIAVSS1CrJtdqJq/0vQ9+07M5/PdKv1rKZGOzvLu1KOHavv/v1QeLqf/fffImTJ0/e8Zj34vLly3zh+PFD3WahcD/wq1/9irX19Xs9jELhkefG9et8+ctfvtfDKDyCvHPhPD9g2FjrjjbCi5dOfbZtPIIcfA3eKXpe49IbP+T9P3mF559Jz4ci6btvvsLfH0+vexH2hVNspZm88vfH+eYLp+CAeVt7DePapSSKnvoLXnn+meXrXiDdMZbbXX7Pt3yDH755vBdg333zFX58CU7lY3Gz+YUHk4Oug//x7bf5w698hbquU++Stk19V6wleE8IIVe/plJ/Vc1NpCM+N5g2xqRYvhh7p2uzWPBP//RP/NFzz93lvS0UHjw+/Oijmy7zQMUC3A90PemNxiyeai+sKlkcxKzIct1zsYZqPGK6tsZkuk41HiHWopJF2/ztURKPc5aqKmhAuwcRMcm9aXLWqukeWTgMCj4qPgRan7JWo3ZOTslapMHYCrEVzlaIdTmnNLlYuzyXJWkvlEjUgMaABo/GgIhircVVDuscGKHxDddvXOfatWt89PE1rn3yMZ9cv85svqDxgYggrsI4h7E2iaydwNpX66d6fSE5ddPE1TL47hHyeNOYc76qLB9djEA62Fm8lyTKLs8t+ZzePR7ocv5CoVAoFAqFR5x3Lt1pJEBhf57hq6fg0i/fTS+v/Zq33zvFV58B2OJLz53gvbd/zTUA3uWXl07w3JeSWLn1pec48d7b/DrN5N1fXuLEc19i6ybz9ucEz/9xVi23vsRzJ+DE83+cnad5LO9f+wzLD7nGr99+b7A8PPP8XwycqTebX3goUXLvkZjEVB/wTUvbNPi2JYRA27Y0TYPPYmvbtmmeD70g61vfz+/6n5T70ELh8HhgxdWduZR3740B1RW/amfVB5A8J4mZkrM+k7BnrWM6mbJ5ZIvNI0eYTCZY51BSNEDM2+iaV6XK+E5gTM+tkJtaLQXVrgygExC7P5iN93m7STBtfaBpPa1PjZ+Mq6jqimqU8lgAvA/4TpAdBGYbY7DWYk36yISQ/jjHmJZDItalWICqqhBjiCHSBk/rW3wI/T4qoNYkd6qziLVIzo5VI330Qj7UK07mNG0grMYkrPo8jqhKFMDkiAZjsogq2XWswzN3Vysh9nOiwt5N2faLvbjXecOFQqFQKBQKjzxX3+Kvzifn6+1F7RRuhWe+egrev5oE1Gvv896pr/aCYhJJ38/zrvL+ief40lY/k+dOvEfSL69x9f2l8HrgvNvg+LHbW+fWl7/G++/tXH6L4ydudX7hYURV+3vuqErUmOIDu3vrgclIu9exmz+cF1fm7zZTFQqFz8IDk7m6yr37IzDM5hTImaqy6w9TEiS7avA0z1nLZDph88gm89kNakPKXs1iYsjO0C5bNcowSmH53IhgrWCNYMVguw6AKD4GQgygELzmWATyt1MpiXRUV8QYEUmCrwhoVBaLFmWbqJHRaIQItL4laOwFVnK2S9u2SA5IUA0pR7Uep+NhDM45qlGNZhdunUOzR5Mx1ajGVQ7jLEYcYtN2JSbxM+Zy+hizK1WXf/i7GwWRQQAAIABJREFUsXb5q6opVzZGQ46fQRBEDHRNrHZkrfYRDnsmsN5behG539/VEe71OSsUCoVCoVAo3D7PnnudH93pysfO8J3Xz9x8ucKd8cxXOfXe3/Pra6c49stLnPrq88t5W1/iuRNv8st3n2fr6tvw3J8P3KfJHfrmL9/l+a2rvM1z/PnWzeet5JiSy+xvX3e9LbqS/sQJnv/mn3y+b1h4IOkqXOPg/rCrXtUYCZ1GkA1XCqnx9SBv1RiTTFP5hlmh1ygKhcLh8ECIq517cvl6NXP1JmtzmGJsapqUnpss3JnODZkbUwEYpB+jihCJOCPUo5rpdML6+hS8z6Jp79NMzsreGbuaO2s6oTW92Y4lIMbsWvURkCSKptRX2qio9wjQ+pCES5KAa5wDK3gNqG+hSdOdtf372KrGhkBlLdYlYdQ6lzsSupybm//YO4sb1YxixI5GGGNxVU09nmBHY6SqCDnrNGpMPbgwy+MnyzMWNBJDIMTYj6X79k47F6xCjIGgEMkNvQZl/+n4QyA1uhIxg+Org593h/0crEUoLRQKhUKhUCgUIEUDvMff//oSxy+dYqitLkXSSxx/H57781UVdOtLz3HizV9yKc1cKfvfb97WqRd4ZVfnqMPfqyHPPP8Kr6zs1zUunYC3r16DZ7b6ae/3mm9yqe4/v/Awku59k+M0hnRv3BFieh1zk6qQ54WuwjTEbiNp2Wyw6pywGovAWigcFnc1FmCZL6kgyXnYsVtXSq7I9NjJMB3T7HjekdeVuOxYdChYBIeQut0bBUtSqR1gNSIxYIz2ImDav5QlaqyhGlWMRhWTSYUPLSI57TR6RGPeExnsVfdNFH0cAEi29sckD0rKJTXGEFB81CQmGkMUQxQhAE2MzNqWG4uGWbugjYEmehbR4zXQ+IbZYs58MafxLUHBVA5TVYzX1qimE6rpmNFkjBvVSHagihWQSJubTtlRRT2dMFlfY7yxQbW+jp1M0MrRKCxCYOEDrUY05vNtktE2nbmlY7Uv4c/f2KV8VYhR+wtMiIG+eRQgxqBiiWIIGIKk45AyWLNI3n8ollmsfV6ryj1tnrifY7VEAhQKhUKhUCgUHgWe+eop3nvzTS4NIgE6tr70HCcuvcmbDCIBljN57sQl3nyT3WX/B82752xx6k9O8d6b/xc5bZZ33/wxl255fuGhJBuSYoyEmExHIYRlfmqM+OHr0MX8pXvkEEJ63j+yIBvjPb3fLRQeNu6qc3VXrqQspycO/vXeLSjdqtC0Ush/Z2haP/2QpSyXxWLp5qn2cnASPXMOq4AS+3J202WLdgJpzj7JSmMSYnPkQOpoL70wbYxgc96qCCmb1QjWpvxSYyIh58AmN6eixoC1RANtiMwWDW57RogeHxx1ZXDWYq0hqiYx1xhwDkSo6opIylytnKNyFiuCE8FZh3U255kGsAZHBdaiWCQ3zjLWIa7KGasWTaGyXXJBep6OUs6TWYZsq0JE0JAE1ZQjE9PFJaaM2yCaRHojuTlWai4Ws2NVRVAxiHbnQ0kBrZ179bB9zntzs9L/QqFQKBQKhULhkeeZr3KKS+ROVqvkZlHs2ZAqOVvZS3g9cN59wDPP883n3+CHr7wCwInnn+cUb976/MJDR5eTGjVVuK5UsO58DUsRYjBvZXsM7rNLNEChcGjcF7EAqex/rzm3LzrtjBA4XGTlmaiy9Dcmga7/85TL+GNq70eW8rKYCsZZ1Ifsbs0CqCoaO8E2baMTZwVNUQOa3LJm2b8K6ZpNOYerHCEkITdET4ypE6CIQaxDJBKiMp8vUCKLhaVpKyajivFoRGUt0UZE0/iNCM5ZnHMgMQmrdZXiAUQwSGqw5SpwDmMdGIdL6bEg6TViwXTibxpvn+Nqchl/51bWQch2H8i9LIkIoQv11twkqxNPDSI2vZ9xSVztGpAJ9H5gYXAh6d53KKveH2KniKwIsDufD6cVCoVCoVAoFAoPH6f21FYTBzekOrGn8HrzeT1bp3hhJStgi1MvvLJjkRd45U6X3/dtd0QUnDp1W/MLDxd9Q+dBLN5QFO1fZ0G1n7Nz2YGg2jfDunu7USg89NwlcVX2EU+H7PzVvnOB6/MTWJNDFbR3rO6k1wh3TZRUap46PGGdS6XsOR80ZmFWl4vn8vW0MZOdqiaPQFSzuJuEVivJzeqsw9skPHohlw/E3Hwr/W31IRBDigFoW4NKWj5GqK0lOIco/fasSc25jDFUlWNUV9TOYXJ2aRJLHVLVYLO4KfSCat9YSizkoO1hRusytiEfV41oDGgIvagK9KX6EQgKISo+QtQkMGMc2BqxVXqvYXjr0py665ymOAFdnXafuElv1tCqUCgUCoVCoVB4KHn3l1w69VWe32vetV/vaFa1MpNfv707i/Xm8wqF+xDVPiM1xh2Zq7m8P7DalyR4nypBQ+xvgUOIKV5AZGBgKveWhcJhcV84V+F2m1TdA7L4l2I9u07zQwt+mqaYfj9ibn6VhM2c8Zm7+zlXQ4yYXCKfxMHk4iR22aOpRB5JQmdVVcnR6QMmy6zL/w1EVmsIIWKyszHGLCDGnAEbA6I50zRajLPJ/RmV1lpaFyAq1hjq2uGspLEag7NdLEDVdyS0xqQyfFsRTYoowBiMOHA2uUmzsKqyzMVNAQrdie+k5YjJubUa/LIBlXQRAqnUP2ikjeADRBGMOKwZoWaEmio1s9IumzY3IVt+jTc4L105xOq51M8hIGCn0/Qg5+nO6ICDtlkoFAqFQqFQKDw8XOPSGz/kzfdO8Rev7LatvvvmK/z40gme/+YLu92n777JKz++xInnv8kLO2ceNK9QuE/p+tboQGTNM/rX0t/3x5Xl0rKDdVWJuaGVRi3iaqFwiHzO4urArq43c+FlAYz9IgJu850/pzzL7EHt3mV1xj5u27RbWQKVlAdqqwrRiHEuZZBaA2pBLRFPDErMmaJdBmplLeocwXqcsVhjsSYus1nzCIwxvfDZj6HvMBhQHxAiKilP1bYRxRMjyfVaKU6EUe1oW0/tDBor0CTpJu00Zbx274XYFF+a30sku0E16Zyp4VUnWnbnp/vWrRt5zI7ciGjoRU/Nn43UzAp8UNoIbRSCStoP4xBTgTgUR+zbgXXv0A2u+9GJ48tyiOXh0n3O5OFzMxH1VkXWQqFQKBQKhULh4SCV0+9X7P7M86/wyp52VuCZ53llv5kHzSsU7lP6WIAd2slOnWNv3UOXRiWWsQEpFmCvxuGFQuFO+VzF1Z0uvdWZ9I7FnWX8g8jRA5AdP/de5vAdsav5nEKONxkMSwbya+eCTMKqAUwur6+JAtaaLDqaJLJiiVEIqvhBJ0CriobkWkXBGUttLd5GWmtS6X4WPi0pKzW9+/I4Re0eQFRUAkEBGwnREEJAK7AS8UHxPuLblsYKdV1hrRBzx8FgIkhMYnEWzqVzoOYf2pX3ZyEzOVhJGat9gX+KOFDpTKRpHTQFJSTXaSQEZeEDbRtoGk+ISsSixiKuQmVEwKFYtP+ZXK8GIWJyJMNSIDd9HMCqyHovMlf3+xJgp6haclYLhUKhUCgUCoVC4RFhcO/X9S4xxq7E7HWmp06E7fqbAPl5Mh6JSIr26+7dy31loXBo3LVYgJ3ftPSy3y5NSXY8dk7fueyeG9nx3qRvbDAHLncwnRMzPZaj2bsJ0vK90vwog70Wg7FVakxlUtf7GCN2EA2gpLL91nvaxQL1ntgGQutzoLVijaWqFOcD1gaMCRgx5L+zOfA6h40KqdkUkhpoqRI9hBiIJuArmFBhDanc3keaxjNfNBhRRpVDSH+oQfABrAs457DWYS1Yl9yrSUOVlOnis4DaNbOyphdju5xTIcUOKDn7Vbv8lzQ/hMjCB+YLz7zxNE0LYqlqh63G4GqisURxqHR5q6a/eKACGFSS6G1WvumTZeRDN0mTGH4/X2uKyFoofDZUlaqq7vUwCoUCpNijz7UhaaFQuJ8o1+BCYZWDroPJk5buX9O9t4U8zZhBpaZI/3uVljd7LJvu5VPi3tAQVigUPiv3R+bqvs2Gdszbqc/q4OdBdE7Kzm36Gf7x3vdeym8+LCXfPexOuFuWpHdZnyIGtSk3NUYImgvZsws2Rs2u1cBiscAvFrTzhtB6rGSXq62w1mKdw7oksFrjEGkB05fTA/mbrdxISoSmUaIP+Ki0i5agYMThrNL6yFwCRlqMKIRAXdfJZyoWHxXbRpyrqFzAWI91Lc451KQ/6talPICYvz0T4xG1oC4JrMYgprMoJxFYQ8yP4XkTvCqND8wWLfNFSxsC1jmcrTH1GGyNYogYoqRv8lJGwdK5Kgh94UN/TrpmVnEfiXznGb1TDjdndWXLn1P8RaHwsNM11gveY939cSksFB5Fgve7oowKhcLDTbkGFwpLbuU6+Ktf/foujqhQKNwJ9/5qprksflC+vywxHyzTC5XdNOnFt4ONq4ecuZqFOemU0n3Rvgx9dX2D4DDiUQzksvkYU/6qBiDElIeiXb4KxKA0jaeZLxBNLlSpAtiKytVMpxawxDBj3rZ9SLUxqaFUVHKIdWqs1blYiRFcRQAW3iMaUW/QykOsqKzBOWXeBFQsYj1RBBuFEBQfYn8xcM5ga4dqxGrEWpvds2DFYjTtbySgUUg6rwGTnLshKBo0nVOTHLExQGgWvWu1jSC2xlTj1EBLbC+sIl3maoofkOH5UUVU0M59bJaxBJ8f5bvAQuF+5ujRo/z+978HKDd3hcI9IHhP27Y88cQT93oohULhLlOuwYXCrV0H/83/9G/u4ogKhcKdco+vZMOy/lsRou4sFkAOUWBVkV602+/LJZF9SspzJbxIKk1nmM2au/XpoLNfDCELohEfA4u2ZTabEX1MLZesQ6o6CaViUQU3GjGJ4KMlRCHOFzTeE/I2Yog5FkBAKsSBWoMCPioNMTeUSpmnxhoCgtoFoxBpFUYBqlqoKkOF4mzOaSWiRhDx+agncVlVCfm4VDY3wDIG1YD3LVE9ISjBB5K71qFR8MCsCXx6Y8Zs0eIVjK0ZTaZU9QRTjcA6wOYsAgfiiN2RlWH6bfqMSW6Y1ocOHPDRWNH3D1En/azunBIJUCgcDhsbG4gIH374IYv5HO/9vR5SofDIUFUVxhiefPJJ1tfX7/VwCoXCXaZcgwuPOuU6WCg8XNxHXxPKUu3KGZmJ+1BEEpIrFTios7wSyRpfklK1ixVY2nRFBIn0Wa6qkWQzVSRqihKIOTogKAvvaWYNTesJKUgVMS7lr1QjjKupqorxKG3GRyUoxOhRFXxUYkyhBcZYMJKcw0RCVBofU4l+Gwg+EhQWbaQNgdGoZtoExmPPZKKMxzm3RQRsEouNSoo0iIqEnJkaA0gghJSpWlUOcRbvPTGGtM9ZbI4R2uDx0TNvle1Fy415oI1gqzGunjBZ28TWYxRLBIKa1CzLJKFVc+dDyc3SyA28Bkm/iEBIJyklCBDzvGELsPvy01coFA6R9fV11tfXS95joXCXKb9zhUKhXIMLjzLlc18oPFzcP+JqSmrOL3Y2srpP0IHc1o1Vu/8sx5lchUPbI4h0HenjarpB13RKk5gqSQlND82l7aqpPD5GvFfmbct8vmDRBtqgRAUxhno0YTRZw9UjghqMq7CuxgYIUZAQUYlEDSlqwChEEJuE7Ri1d8x6VRaNZ9F6RlXDbNFQjyqm84bpdMJ6G9kIABbN3QdVFKNpD0NMWa0xRnzwhBixzjFBUBGMKm3rCTHki0oSQn2ILFrPbOHZXngWXvE4bD2lnqwzGk9xowliq+S+TUGwICn+QDG9zTSi6fhlkTrFDWTRle5npG9mNVBS76NPXaFQuAuUf9wWCneX8jtXKBQ6yt+DwqNI+dwXCg8X94+4et/TtbHqWlXt7K51K+z2QXbl90AWVRVCREISWzUq0Ue893gfaEOg8YGF96nBU+NZNC0xgq22GY1nVOMJ1tZgLD4oYJDscJVsn43k9xJN0/L7hhDxMWJCxBBZtELlLPOmpaotk3nD2qJl0QaaNtJ6Zdp4RuOKujIEFWoMVgUTkljrfRJXXQRjPRGDtUobAiHG3isaYqRpW7bnDbPGs2gVNY56OmW8tslovI5xNUEF9REVkx3ESxdxl1MrEpeu1f4nS6F7pYPVXufl5rEBhUKhUCgUCoVCoVAoFAqFR5sirt4BmuVAzc/2Kx1PAt2qK3IoBcpgOQMYhrEAsRdbQ4gsFi3zRZPE1DY95k3L9jy5WJs2gJlj3AzrKqwbYd2I0WgMxiYnKYKxFqOKxuQqVeizXSXEHEdAcoRGRTRifGDeeKyF0azlxrxhe9Zw/cacTz/dZjoZMZ7UTKdj1tanjMZjKucw1ibXbYyICDaA1wVVFXE2l/SHQNRIDJEQA03rmbcer4CtqcfrrG9sMVrbQOwIr0KzaFGNGFshYpaG4tgnqWb3cFw50imaIa7kp+rQgLyyZKFQKBQKhUKhUCgUCoVCoXAw97m4elDq5a0KYIcrlPWxsCq9l/Xgd9YVEVWyfVKy6CoiGBEMqZt95yDtclc1KDFE2tYzX7Q0TZMaWy3SY9GkR9sGonh00SaN0VQ4N2JtbQNbV/0oIooYweSs1BgjITtMRfNSYpYRuKScVB8i4iONh9YHmqZle3vGp/WnjOuK0aRmY2ON6foa4/EYV1VZYDVJWLUW5yxunvJhnXMggm/b1HArBIImEVYqh63GjCYbjKabjCZTrKvwavAxElRBBVlJX5DlqVBQ0f4ciKRjO/C3Ds4OOz4iMniUxNVCoVAoFAqFQqFQKBQKhcL+3Ifi6lDcYsfPnULpXhmt+23zsIQyA7p0RKp0jZNWl9Lcs37XqJVUik9udCVgRBAkiZvZtao+pEdUYgx4n4XVJomq2/OUg9o0ntan8noVQ9BA6wNRA9YGfFBs5RBjsdYi1qZ8lzyoJO4aMDEJlnT5LxaRlIMq2VEbCXigCcDC41vPfHuGtUJVOT6+fp3JZEJd11hnqSpHVTmsszjnqFyFqxw2i6siBu89bfBodtVOpmPWx1Mm0w3WNrYwoykqlsZH2tgSVBBrMTljNTmHu52hbwxG10RMBgJr/3HZ4TYeirS68qNQKBQKhUKhUCgUCoVCoVDYl/tGXF0NdN6pdu0ljko/T7OyuXcm9CE7EDWHAogOJnXtkbpYz1yaPnBALuW8JKQa6Z6BEcUiiIaUwRoVDYGQBdboQ8pC9ZGmiSzmgcXCs2g8jQ/4EFN8ahYNY/LB4qPSzmewMFhrsc5hnMNahzFgJGWwGmMwONSSHZ4GjOR9TeM2uczeShIqVSJBIzEGJEYWoWG79Yy2G6w1iGgSVGuXHKvOpTHkcbi6pqoqEIMYw3g0YVKPcPUa1Xid8XSDerKGSsWsjbTeE8UgxmFdjTEWgKiKxmUeruYoAMnHo9eRDcuP0uBzYpS0XV2VwnXgON7/o3Dzz9XBn81CoVAoFAqFQqFQKBQKhcKDzH0jri7pXKCxF1z3EqaW027WWEr3mX5nxKg4k52mvYhKyi8VMMYmwU9sluc0OVM1SX8igjFJfBw5R4wtBqW2BnwLGkADMXhCzE2smvQIHrxX2r6ZVMQHxSuEABojYgw4hwbwMRJjctGKD0jrEdMJnQbn0r5Ym6MJTHKDqpgcRrp0uFpjEQJWFCH24yR6UthAJKqwaAMsWrxvEZSqstR1ej8xBltZnKtw1QhXV4wmU9Y2NqinU9Y2j7Bx5Chrm0dw4wmRihCSSByR3JTLgjFEkWRSFelzU9NHQDEWDKY/PyLLflao9lEAhiRE2539rfKTlU+WyC2JqYfB3XyvQqFQKBQKhUKhUCgUCoXCnXMfiqv3N1YMABoiShLyxBiE1CgpdKKYam4ilRCJ2exqsj/S58U0i63Sv+4cmDEEfAj4NtC2nhgVjaCY9FAhBsX7SBtScyoxDgSCgg8RYywqknJYg0LwhBCx1hKC0ogwGY2TkzZ1fModtiQJwaQYgShp5GoUZ5RKql5oFSIWxdosOEel9XM0BMQkcTtGRTSkLFRjsKq4Uc3GxhGOPfkEjz1+jPXNLerJBONqVCytVzyKMclxi3FEhKCkaAZJDt1OKF0SVxqILU/Cbg9zEljvTH4fiqCy4xuAlelShNJCoVAoFAqFQqFQKBQKhYeR+0ZcVdWDBar7BCPJjap0eakGDLkxVEgiohiMS45NEYNBiaFNYmPeT2sdgZZ50xJRvCbxtWkDi0WLD8mtGWKgCZ4mBNrg8THiNRJVCarJJZsfUTsBMwURpEzXJNyGbjmS+zaSMlRNFkONSMowNSmX1diUi2qs7fcZWDpaDYhRLL0Wi3Mpp9Ui1CNDCAHvG1QDAimHdVQznk5ZX99g4+gWxx5/iiefepKNI1tU9RhsRRSDD5pyZCHlxFqbGm0hxBBRzY5VkT4OITlT44pQ+iDImjs/58W1WigUCoVCoVAoFAqFQqHwYHDfiKsPCn3IQC7vt9Zkp6lJGaQasdb1jaKSq1UhWiCCAeMc9cgSmkjrQxYSFSPJ+dqEQJtL4TsHaggpWzVoJGbhMUZNbtYseAoG8kPE9G7UJAQPJMehS1aExreY7OEUE5KgavP2LSmTVRRDTEvZ9AgWLJEu5TUEgxWhdg7rBGstSWq1OR6gYjydsnFkk62jj7P1+GNsHXmcI1tbuLpO5f/eo8ahIhiXohVUhRhj7k7VRReQ9rnbl/xfRXcbRQ9Jm9+rXH8/4f9WhdLh/CKqFgqFQqFQKBQKhUKhUCg8WNxTcfVBFJNi9khmbS9lfuYQT2NMElxdRYiRpp0BgrM2N4IyGAtVVTMej2gIWZSFoJJETVensngW+Kg0IdLGLMCq4mPXSEoJIWeqqoDmFNgVsU/QKL2TFZFeGO6EwqBKDjUAIgRNzbEiBK+0xmeHLkgWVyujVBacJUcDKFaUNmfJOmMwViFGlMBoVDOejFhbX+foY4+x9dhjKQbgyCZra5uMJxPAEHwgBCUGj9gKsSk51YeBuGoEEYcRycLrMku122dYNhXbT1ftna6HwH4Ca+fGXibz7p5/EA/i70ehUCgUCoVCoVAoFAqFwqNEca7eAaoKqkQVCP3U1CjKVWAc7aKhaTwiBmtcKm0nOVuDKraqsXGMzY7NJgQMILbCVjVRhHnrabxPjat8drnGSIhdHEDX8Cs1o0rDkmXjJknj6oTVYWewTrhLAqDpHbkiktZVJWokxpDdoCnpVVC8RNqcvWqNYgWMKE4MYpK4WlWGylkmkwlbW5scO/Z4ElaPHmV9Y4P1jU3qyZiqqiALpcZYjGb5WhWNCmLysE0vpg4bVO0yqUonFeshtjEbbv/2S/clxxcUsbRQKBQKhUKhUCgUCoVC4eGiiKu3iWSnakzdq5YzlBwT4Aiaslitc8nNam3KSPWe6BuECBhG9YTJdIPgG7bDgmBAYkDFEqKwaAJtq7Q+0oSA95HglRiSczWNJ7k7k5TYlcRr/n9XNr9bZhwKfTHG3mFppHPmpqZanZAMEEmZsYon+oCXiBVwBkQUbT31yLI2mTCZrnH0yBGOHXuMJ588xpNPPsHmkSOMJuOU5epqutwC1UjM4q+1NjlqYzfGLLB2+yhpZL1jtdu3HbEHovu7Uw9D4jzsHOD7MV+4UCgUCoVCoVAoFAqFQqFwMEVcvWOWzk/IYmuMSAxETcLqyDgUCCGyWMxYzOcQfJIJxTAapcZO1z/+kNmsoVFPbSD6SAgQA4QIMUKImqIBOmE1RxF0P6WPJ+g8qCl3lZxZmgTJpay42une7NgrQGP+oajGnOia8lXRQIgeJSI2Ja46K9TjmvW1CY8/9hhPHX+C408+wZNPHuPxx4+ytbVFPRqhko5VjBAFjJGcSyu9axbN4+uExuyi1exiTbuvq4JqXi6FG6T4gr1kysP2ju4nit6pS3Wvxm6FQqFQKBQKhUKhUCgUCoX7kyKu3iEi9BmrUZVIREMgth4xFcY5rAht27I9m3Htow+Zbc8YVY7pZAwi1NWI9Y1N5jeus/A3WCwWeANEj48QEaIKikGjEEPXwApQQWOvRaYyes2OzmRB7cXGfv7KDiyfms7cmhZEicn5mkVQYsAYg4oiGlANiEbEKNZa6rxPxx47yuOPHeWpp57kqaee4MknHuOxo1tMp5Nc/g9t8EQfU3l/dvoaawm9QXY5TumcqlHRGFFjb6nUP2py3nbnqeNel+Xv1RCrUCgUCoVCoVAoFAqFQqHw4HJXxdWdrrybOfT2W/ZmDYQ+X5I4liIAbBLMurJ6TSX2aCBm9+j2fM61jz/mn3/7W2bb2xx/8knqegRqUAzra0e4MfmUxY1t5tev0/gGg9K0ER+FEJPACp27NDeuyqrpUlxdPrpj0ZfNSz8xTckO0T4/NIYstpq8/UF/KFWEiDOS4gyky18VRpVjbTpmfW2Nrc0NvviFpzjxxS/y1PEn2NzcYHNjjY31Kc5ZYoy0viUEnyMN0vFzziLGEEPynIqANYagQtRI58pFsv6rmsaw13nO0wQDGnbP/xzY7/N2K9msq+7h3dspYmyhcPcorvFC4e5SfucKhUJH+XtQKNw9yu9bofD5cFfF1c/yS3w//RFIDaQEY8zqDGMQsSjQNA0+wPUb23z44Uf89rfvE0Lgi1/4Iltbj1HVoyyKCuPxhPF4jW13naZtk9t10TBfNDStT+5RY1PDJ0mibIzJxRrpskVzSfxAiBQkN77asQMrE9JxFSWLsEn4NJDK/qUzuUZEFJOzZUeVYW065ujWEY5uHeGJxx/jmX/1NMe/8BRHj25R147KGTQG2jbkBlUx1fQTkXz8rDEgBiuRYASjybFr8jA1C6lOLIriQ0AsIAbdWeSfX0r/n90xALqcVSgUCly/fp0PP/wwfQHUtvd6OIXCI4NzDmstjz32GOvr6/d6OIVC4R5QrsGFwt2nXH8Lhc+HBzIW4CChda95hy3Miggmby/G2DeEqmyF2IrWB5rZnBuzBddQWBtjAAAgAElEQVSufcxHH13j448/oaoco9GI9c0j2GpEDJ6WyHiyzsaRhvnsBm2zoJnNmS888yYwWzTM5gsWbUsTPD4GVGPOFs35o7msP8JATUwl9WjMQqWuiIq9e5W8ktDnnoooRpLomcTVlL9qRXDGMKpq1tbGPLa1yfGnnuCJJx7n8a0tjhzZZDweUVtHZW3/vqgmMdUKVoUYJOeuBrxvQVK0An2sgSBisTY5WEXBiKz0D+sctYpZjTjI+9MJzsPz3kfSFgqFAvDpp5/y+9//nqqqqEcj6tHoXg+pUHikCN7zu9/9DlVlY2PjXg+nUCjcRco1uFC4d5Trb6Fw+JibL1LYi6gR7z3ee0IMSVytK+rxCAQaH9iezbi+fYOFb3FVzWQ8xdmaGBUfIo33zOYNah3VZJ3x2iajyTrYiqCpmdWijWw3nkXjU0MrVYImQTdlvWovtN4uvbCaG1UJMWWpagA8khtDWQQr4AyMKst0UrO1uc6xx4/y1JNP8IWnnuLJJ59ga2uT8ahGTOdOTRJnjAHftoTWE0MEze9DapalGtEYiSE9T820IsaASRZaNAY0BmynpQ5dqrtQiop6v3KVt149z4vnB48L7+xe7J0Lq8ucf5W3rq4swN/ss+7Vt17lxVff4uquOYP5u7a33Obf7DGcw+Bm4yrcfT766COqqsK6B/J7xkLhgcc6R1VVfPTRR/d6KI8E71zYcf3deU165wIvnr/AOyuv97oupmv5X+2+kHYr3vE1+rPyzoV9/l1RuO8o1+BC4d5Rrr+FwuFzX13NDsqfPIxtH+Z2Y1TQSIgRFbLjM22/9ZG2aWjalhgVax2uqlBge7bNx59+ymg0wohh3qQSGMVQTaaM19ep5zPMjRuoneEV2hBpo+IVgoKP0GokdkXu2XU6lBM7J2hH51RNz5fKpAGMSeM26UDRBbqqgBrJywlWDc7CeFyzuT5la3ODrc11NtanrK9NmE6nVM7hjCRhFAgh4H1D1IiqEmIEY7GVw1nB5uPStgEhYMVAdql2TlpjUsashoBYOzyrkNNtb4fhcSoRAXeTq7z16sv8/Gvf40ffPrYy7cVXz/L9b5/hGKSbudfgW6+/zrPdqu9c4MWXz3Plpdf5xrODTV58jb85tWPaLXGZC2+8xVe69yw8cqSGfbE4ZQqFe4x1jmaxuK/inx5G3rlwnh/wEj96/dmVad89/x7fev0cB11GL752gf/xJsvss+IdXqMLDzvlGlwo3HvK9bdQOFzuqnP1dpvzqOodNfS5O02AcmMrmxozIULbeubzec5b9aBC5WqqqkYVbmzPufrBh3zwwYcEBVePUGNpYsDHiDhHPZ0yXd9kur5JPVlDqoqA0ATPwrfMfYuPEUSS8GnMYDTL/R8eO5HUpEpkKayKLEvoU4OqmJdRjChGwBmhsobaWUaVYzyqWJuO2VyfsrmxzubGGmvTMeO6xhpDDAFy0yvVSPAeH1pizC5Yk+IUJHX+Sk7V0BJjWGm2lUTVJPoawBrBVTb/0dflI9f551SElce+3HSBwufG1X/k55dP8m+/MpQzj3HmhbOcvPwL/jHbWN65dBFOn1q9iXv2HN86DRcvDd0oJzl9+iQXXxu4bG6V06c5ffkn/PW+rpu93DWrztarb73KixfeWXEC/c07nTN2P1fue/zdq6vLr7DDsTucf/WtV/mrt95KbqDP0WH7qCAiJd+tULhPaNu23Nh9rrzDP1yE06dWVc5nz73EaS7yDwddT06e5vTJi/zgtt2gt3aN3uU0vfoWfzWoLnnnwnn+6q13BlUvad7w2rvbQXupv1burlTZUUGz6zp/gbe663ipNvncKNfgQuH+oFx/C4XD43MVV4ciXyf07TXtQUM1t1IyBusczrn8j4SG7e1tZrMZvvWopn88WOMw1rJoGt7/l3/hN1euMJvPMc4hzhKNIYigxmKqmtHalPWtTTa2Nllb32A0mWCrGkVoQ3LLpsZV+fR1nen7rFFSc6rukQXPTpBMT1Npvkk19+k16bURxVmhcpZRVTGqa9amYzY21tja3ODo5iabG+usTSeM65rKGZwxSQQ1tm/0tfNci4CrbGpipRBDSLEK3vcCq29b2rbBGENdVYgIMYakiRrBGJtjAdL+yEBr3XWepIQD3FccO87TXObCz3bcZh07w3de/zZnsub6+ImTcPGnu8r2nz33Oj86t3pj+PTXX+DcHd30neIbL53m8k/e2CMe4Da4+Br/cOp1fvT663z/7Ekuvnae7773Z/zo9df50ffOcnLnfly+yJWvfa+ff+W1gUg6cOwu56/eFF7+yS94+ntpfnECFQqFQuHWeJynT8LFn+4UC5/lGze9npzgT184y8mLr932l3p3fo1e5fJPfgovpGvft05f5sLL5/nbE/la+tJpLv/kZ6sC7sWL8FK+lr70NBde7q6lgwqafK391tM/4bsr47vIhe46XqpbCoVCoVAo3CIPVObqTpH2ltcDGJTNf5ZEzs49qbkJlDEWaytEDCFEFouG7dmM1gdC8P23snU1QsTwwUfX+M17/x+fXL+Bj4qKQcUQAZ9L/3GWajJmvL7O2pEjbDz2GOtbRxlP1zEuOVm9KhFQkUFiKimPdTC+JDB2x22Zr5rWyM2mpDs6eXrOXe0ehshkVDOdjFmfTplMxoyyWxUUjWk9a0zvWo0xhRYYEYwxaBZTO5HVWoOrLM7ZHEugRI3M5zNm8xlGhLquU35t0+JDQMT0QnY6o/Q/9zKkyq6TfNjfyumOR+FgnuUb30s3aPtnqcKxM9/ub54OzGVNSyfn6x3c9CU3bIoHuGN99eRZ/jTflB77ytc4yUnOfb2fwL89eZkrH6wu/5edinzsDP+ud+Ne5a2fXuT0S4Oyy2Nn+MuzrIrRJ7/GV8qdXqFQKBRui2Oc+fZLnL78E767T3XEwauf4S/P3kmlyGe4Rg85/Wf9F7DPnjoNnObfLSdwmiu8P7yQn35pKRg/+3XOnbzMz//xKrzzMy4wuA6T3bs7vgjd6fAtFAqFQqFQuBn3PHN16WrcrzVREutSrujSEblEsmaW5DXp1zM75ifL5lJo1V3K8jKWVFemMZikKCqpq30nUyopB3XeerbnC7ZnC1ofaZqWtvWEqIzGU6ZrCz766CP++f1/4T9fvoytLE8+cYxmPmfhA1GVALQKXgymrhlvbLDRNsy8Z7ZoqJo5s8YTQgCTiuJjTMJkyoFVxJi0b93gRXohtReGVdHB/LRvIWWwSlrfELAYamuZ1BXrkzFrWVgVIPjAYrGgriqqymGdxcZU1h9jEm+HZyUqSIyIWIwVrDNgBImKSsSHhu35DRYB1o5sMZqO8TdusAge6x2uGmcxOZ2/paiqfbysdG5Vzedd0zEanNH+v7IyRQfLaL/ubnSg0XYLSP4kmF2L7qHwPtocO8N3Xj+Tnr9zgRdfu8iFl89z4eQgc5XOpQqdy+TCxdd48SKc3pm5mrf5l2d/wXdzJtzjtzGcZ8+9xOnzr/HXb32F75z5zHsHPM3xg8TPp4+vuGAeP3ESfvE+V4Erl+Hia+e5uHOd04cxrkKhUCg82mSXKqTS+5d/kq85p2+auQpw7MwLnPvFy/zgwil+dO42rrSf4Rq9LydPHLidkyeGc49x/Gm4/N4HXOUKXL7Id8//ZOcanDuMcRUKhUKhUHhkuefiasdeAmvntlTRgWw6nN/pggPvYr8Ns/wpoL0MmtfNU/q1RXq3Z7cELJtrLd2fg/dHkvs0BOZNy/ZswY3ZnEXT0LYR70Meo6Eej5mub3B9e8bHn17n/377PwLKF7/4B8y2t1k0LSIQRPCAV4jGYOqKajyhnkxwkwn1ZIrZXmAUQoiEEPEaUmMtVQwp1zTtl2BkKR52xyz9J6I52zTJzEmCFAFnobYGZ4RRZZmOa6ajJK5OxiMqm0rzvW+Zzxc4a7E2uVaNESrriCGV8ptepJQ+T7ULgI0a0eizSO1pY8vCN8zbSBs9blQnN64YUMEaSxs1Nevqzp0MBVZFxHRtvrLgmiTeKN0Yst6ZxzUUaGPn9u0+FLDXp24p1q94oYc/u/fV/TXaAjx7jh+9fo6UcfYaf/fOmT1KE49x5tuvc4aUOfrdn77Fn+5Rpje86fv+idsaBN946TQvvvYGb33lzz7DzhwOe4rHhUKhUCgcJv0XnekLzL996+t858zNyiKSC/XnL7/G35z6Hk/f1tvd6TX6c2DHl7mFQqFQKBQKh8EDFQtwMHsViUvvYlxmkS6X76bJUJMld6nP/+u6We7Kic25oiHGJKxuz9nenjHbnmVxtSXEiBiDqypG4zGT6ZTJdErrA//0T//Ef/rVr/nggw+5vr2NDxEVIajiY3KwBk0pqBgLxuLqEfVowmgyoapHGOvSPJFOGs05rCYJiiv+zo6lKDgs35dcvm+NwVnDqLKsjWs21iZsrq+xsT5lOhkzrmoq5zAiaFR80zCbbXNj+zrz2YzFfM5iPsd7TwwhuWnz9rsHImg20qrGJGuqEmIghECI2YkqgnEOYx3G2HRsQsznoDtDeZ90GXNgdCh8wk7Rsztee/lXb529JNMSD3AQuxtEdaQsuCvvX2Vn06ghx5L1hA92z2JYevjXv7jNgfXxAD/lym2uettceX9l/z9473J2sw6PQaFQKBQKh8g7F3jx/F4l/UtX5y3RxwO8wc9vawCf4Rp9B6zuz1Xev5LcrAf/O6JQKBQKhULhznmIxNWO1WxR6R9dQ6eIEcUKWBGsLAW2oQAoqeZ+j4ZcnRBpEbFEH1nMF2xvb3Nje5vZfI73gRhjcsZKanpV1zWj0ZjJZEJV1Xz66XWuXLnC22+/ze9+dxXB4EyFYPGtp23a3DgrjT5oynet6xGj0ZjRaISrKsSYFAOQH2JTqX1EkrM1BkJMImeMy/L5hPROT0j5qElctdRVxWQyYXNjg63NIxzZ3GRjvctbraicxYoSQ0uzmDG7cYP5bJvZ9jbNYo5vGkLwqKZGVaYTQjv3KkIMikZAu0zWJPamc5BEYmMcxjisc6kJVoz5XA3OdZcb22fHDuZJTI9hU69+Xtfdayd7JbgWPivHzvxZynvbmZ/6zs+4cLnLT3uWPz17kouv7dHd96cXOXn26/uXLuabvsuXL9/22J499xKnL19muGa6CfsF/5jHcfWtn+4u2b9dLv+Evxs0sPrBxS6j9Rhn/mxng63U0Xh3F+RCoVAoFG6DZ7+eGkvt/ILz6lv87cVBVvgtcOzMC5w7eZnbvtTuc41OTSwv9cLvOz/7Cbd/Fd/BIEP16ltvLP+N0R2H4b9D9hWeC4VCoVAoFG6d+yYW4KZ0pdw3XWBnibZl76ZDe6Vw7r3ZrpRdRJIbVZKw6mOkaTw3bsy4fn2b7dkC3waqaoSqgNhe+BQRRqOatbV1jmwe4dqHH/Lb3/4L/8f//n/yP//x15iORzSNgAbG4wmocr1tCSHStp7ZbEbbtqhCVVXU9YgQlZjL/Ls9N5LctiGkrNcQAzan1VrRFBMgBoNgpctVEIwBZwXnDHVVMxlPWJ9O2drYSMLq5iZu5KiMA5OMuyaHK2gMhHZBu6hYOINBcc4iUmFMcsSS33d4qFVT3EM6PoaoKaLAmHTcVFNHLmstVVWzaFNDrCTQDk/j6jlPebpdgmz3hp3gvitpd/+PVOGQeZZvvP49nn71ZV48P5h88izff31ZonfszLf50fELvPjyeS4MFjv90ut85yb3f13p4YWDF9t7bC+d5uJrA/n02XN86/R5fpDHcfLsS5w7+dpnc7eePsvTPz3Pi/nO8fRLr/dNOnj2HN8/+yrfHez3ybPfu4VSzUKhUCgUDiJF7By/cH5H3uhpvvX6t2+at7prWy+c5ecv78wtvYU197hG95EB59P19/RLqcHUZ+Hk2a9x5eXzvJhece57XaZsaux15XzKcU/cWuZsoVAoFAqFwkGI7gwSPSQuX77Mz//9L1ffbOgM7UrEIYlvsPJaski4c71dO9BPz/PMzmXMwOW4XGenuNrJdd37rkQADMaUi+gJEWbzBZ988ikfXrvG9RszFm0EhHo0Su9r3LLlkRhUldlsxrWPPuK931zhN795l08+vsb/8r9+nf/+uT/i6NYRRpXFOaFtF3z68TWuffQRH1y9yuXLl9ne3maxWNC2LU3TMJ8vWCwWNE2D974fawiBdrHANy2oRwAngjOCzQ/pXbtQWUPlLCMnjCvL+rjmyPo6Rzc3eGzrCEc2N1hbW8NWJsu0msRVAzEGVANihdFowmQyoq7HVJWlrmuqquodtWKSGxVrwDoQg6kctqqZLxb8/oNrfPjxddTW/MHTz/DFP3iG3/7+A7YXnvFkje35gqbxVN0+AKLJ25vcqQqYPpM1DCIAYg5nFTV9ZKrpogW0a0kVVzNXs2i9SswftbhrzuBTCSw/vyuS/s7c3pv8+g3n73w+/Ix2vxt/9JX/kpMnTx64zdvl8uXLfOH48UPdZqFwP/CrX/2KtfX1ez2MQuGR58b163z5y1++18MoFAp3kXINLhTuPeX6WyjcGh9+9NFNl3lwnKt3ROdWlF0iFAzFqiS2dsJql7HaLT8Ub0UMTRu4sT3n448/5donH/PJJ58yX7SoWKy1hKy7qdjUZMpYqqrC2jTfGIv3nslkDY3K//uf36VdNPzhv/6vOP7kE0wmI6wRnK2wziFiWCwWvbA6HFsXB2Ct7fcrxogRg7EWVcH0nZukFw9NrqMXBGMtlasYjxzTccXGdMLRzQ22NtfZ3FhnbW3CeFxjrc1RBRFrO4HTopqyZW1lcc5hDLvFcIWYy/eNWBBDzAK0MRVKcunGoGmfcYSgeO/xbSSOFO9TbADGdSeQLv5hKWHGZSupXlQfNjxT0OJWLRQKhUKhUCgUCoVCoVAofHYeInFVV34kIiImR21mQXKvVbTrAJ9E1q7Zkgi9sKoKMaZVtrcXfPLxp1y79jGfXL/ObDan9RGViJGIik95pzmfta6Te9OIoCEQ2pa29b0A+ZvfXGF24zpr0zGVdWxtbTAZp3VcFmRV6SMCRMh5qkqIaVxRBWOyB9coxilV79CN2Z2puYFUihOQ7GA1NrlMJ5MxG2tTtjbXOHpkgyMb62xuTFmbjKnqOjtVIxojxoI1kvt6adqWs1SVxVqDtWme6QXWJMRKjkroGksJJrt6Dd4rIo7xeEpVjwgKTePZ3l5gbIX3PovJktzIuXGVojk6VQeC6vC1sIwDyNEAvXm5NKAqFAqFQqFQKBQKhUKhUCjcGQ+RuJrou8fvEtiWk5Iup73gCqR8zy6zUzWLq7mMHUEjhBhZtJ4bN+Z8ev0GN25ss1g0+NCJnIEYPYtctt/4gDGG6XSKKtRVxWI258aNG/37ALRtw/vv/wv/8B8uMd++wR/+6/+aLxx/EsFgTIVzFZCEzRACAD54fPCEEAgxOzrphEdJDaCsTSXzmkXVkBpbkcXk5F41VNWI0XjMdG2Nzc0NtrY22Tq6web6lPXJiMkol/YL+f08RsA5gzVZhDYGTOdcNb2YnAyjBu2crCa9p1iHqCBiUQwxgm//f/buNbau8773/Hfd9pU3iZQjRVZjehSwE6U4hccaQC5A2nCPXSeAZ1KcY8dSgDiNjwU3b3qkN46VSdAgdvxGysEAjiE3aVIglGN3EB8YaFx7atQSJiFw5AnOmVQBiKiWXUmJLJOiJHJf11rPMy+etTc3bxJFi6Iuv08h1Nxr7Wc9a/Oywx//z/8xhEGOcqmbfL6Eh0+jmVKp1AjCAsaDKAqzz4uZ02K3MzSfXYzf+Ylv9Vv15gWrqmIVEREREREREZGVua7D1c6+q5dirckysyw161iO3tpFfv4wbuz2R3OWsLc2XrJ2dlOlJEmpNxvUGk2mZyrU602SpLXE3MfalCRJiJO03Qu13mziB0FWvZojiWOqMxWq1SphGLjQ1aRUKjPUG3Umz03xwb+dpFwqkYsiurtK1OsNKtU64Ltl8waMNdkSeVw/0eyfmzNYzyWenucCxcBzgar1fTxCAs8j9MEPAkLfp1gqUyyV6O7uobevh56+brq7uyiXChTzgQtRs56xnufhGfAw+F5HD9egFa66tgdZ4uoqhwMfvACLh7UexkLoBfieT5qC9aFWa1CrN4kKZUrlLgqFIsZA3Eyp1RoYLlLu6sLzAvea2hRrLNjZ3qetAmXfDzDuarN1qd5s4N76mvKztg1YO9tnNfsqMotVOq+ixdpWiIiIiIiIiIjI9e26Dldhkd6d8465/5gNUZ2FmwB5rWXo2b+5oa2XVapmfTmtdRse+S4otNaSpgn1ugtWZ2YqNJsJqTGkBpLU0IwTms2YOEmI4yQLQg3GWprNJtVqFd/zqFWqxHFMoVAgn8/hYZmZuUjSdP1Uz354ligIicKIzZs2Mj1zkfPnL9CME+LEtKtUjW31FZ39Z7Kl/9lLgsUj8Hz8wMf3XNgYBj65KHKbWAUuDO0qFunpKtO7rpfedT309pTp6ipSyofkAg/Ps/h4YI3rmeoDGPzsv33fc4Gq72WFqa5y1fND/CAE38+6onp4vmsN4ILXgNR6NJsxMzNVLk7P0BsWKRTKFAplZmoNms2YSrVGrZEQ5QouzLatHqpZJar1s16qFmONC3NbLQMss6/IvPJWg3uO53ntQ501z+3Qdc7X3GW/ZFfNYn9sUBgrIiIiIiIiIrJ2rqtwtVUZ2fr/y+XhtXt7WtuKx7yONqrZx15r9/jZwM12nOuCVA/r2Wz/J9cWIDUpzdiFqxenZ6hWqhi8dg/URiOmXq/TTFLSNCVJUyy4pfmASVMa9TpYaDQaWGsolspYY0iyoLVRqxLHTabOX8AYQ7FYwKQJtVqVixcvUK83ssDWulDX4sJiP8D3TdYntjMMzDbg8gOCMCDwIQx8CrkcxWKRfC4kH+WIooBSPk93uURvXw/dPWVKXQVy+Ygg8vE8i2dTdy2b9Y3NXkDPy3qt+r4LTf1WD9Vso60gAD9rCYCX9Vt1/4z18HwPvIDKxRmmZ6pUq3W6eiGM8gRhjiStU6s3mZ6pgu/T3dNLkhoC32/Fqi6wpfU5bfXHXaTaOeuf63Wc4zb+8rJ9vmbrXNs9eBcreb6GlqraXk41t4iIiIiIiIiIrL41DVdbIVHnkugrDVbdAOBai2abN7UCs47AtfV/rdNnW662Qlcfi+92vffcOamxJM0m1Wqd6YsXuTgzw8WLM9RqNfwgdOFqktJoNKnXG8RJ6q7lu96iAa4lQBgEYCzGuH6lnu9RLOaJ49j1SM36pBpjSJpNzpuUf/u3f6NWq7Z7pSZJkm38BImxrndqK8gMQvB8t9mUte419D3wLH7oNsQKw4B8LqRcLtHb00NXqUSpVKSYz1EoFCkX8/SWi3QXIgqRRxAAnsViANfD1csCSWssJk3xrMW3LlgNgrAdtPqB+7hVTYvnu76xfpC1L/BIjSUMA7A+Fy5OU6m61zTKFfCDHKn1qNWbVGt1KtUacWLo6alQ7qrjl4vkQj8Lv901fNzn0Pf8LBM1zNaheln/2gDw3ddKFsW2viAs7nUzrbg9q2Zd+LW4OsHm/OssFqAu9zEREREREREREbk2VjVcXU7w0xkqdQarV9KD0lpXzTnbGsBVTraX+GfVlm4PI5v1/rTtcLV1nTR1wWwQBFhjaTSbTE9XuHD+AhcvTlOt16hWazQaDcLIZu0CsmrVrGoVXLVoa8wwDAj8IOvj6ebr++4azWadOGliTEK7ljYLmM9NTVGpzFDI5ykVC+Tz+SywbLpw07RiwFYgPBvQAgS+C1WjwF0rCHyCMCTK5enq6qK/v5/169bR091FV1cX+VxAIfAJMfimiWeaeCZ2S/ANeGGEbw0Yg00sNs2C5Gypvx8G7YpVL2unYKx73X2yADgIMaklbfWI9UNMbJip1EgNrFs/QN/6fvwwII4T6vUGzTglTlKq1TpTUxcIwwjfG8DvKhEFLhA3NnWVtFlI7ZF1DrAuZLV4Wejq/rVeo/bXjrVYY1wU265YXSLwzCqhV3M1/vL6DCtUFRERERERERFZa2sarraCxEsFqZeqZG113mzXJ3qzS9LblzZZb80sWLPZYx07GGGz3ezTrCLTNGMaWQuA8+fPc/7CRWq1OmmaECcJjWacVWS6QHa2FcHsfXXOP00TV5WaJO3ZNho1Go06SdLE933CMCQIfFLrxqtWq1RmUsrlMngeQRS527Ge29QqzaovfeuqRj0PzxhIU7eBVhSSy+VcqJptOpWPIgqFAuWubtb397Np0ybWr+ujq6tMGPgEJsXGddJmhbRRxTQ9bBK3qzqt75b2+xgCG4EJ8EMfLwhdH9VW71o8fC8kCH3XChWPJE1x22BlG1tlfVcbjQaNepMoyrNx0ye5bcMnCMKIRhzTTFLwfYIgIjVuw696vU4YBoRBQFDKE/ihq661Zrb3rDGYrGo26wjR/nqYrUbN2gBkwSqtNgueq751z7Fzglj3vNUNVjt1fv8s9b0x/zwREREREREREbl2rmlbgOVUo7aXtV9Jz9VWxaTnKhTbYaC12NRt/uSHs8u83YZHrUpWwA+yikaPRqPKhfNuE6nzFy4wU6nSbDbxCIiiCGOa2RJ9t/S/vau8l/Un7ai89TxIkgSTJMRxjLXGVbIGHhcvnqfRaBLHMfl8DlPMkyRNF+4a46pgrQtkXaAY4vseaVYx2goC3ZL/EN/3SbNg1fM8oihHLpcjF+XI50JyuZBSoUBvbw9969ZRLndRKBTI5QtEuTxh4OHbFAIIfUviW4xvSRuQxJbUgk2z+/MDwsgllq4Hq48xraphi0mBnEcQ5fA93/WrbcQYLyXKF7HZcv5arc6FmYtYD4rFMr3r1lPu7sbgk8Qxnh+4+8jniaK6C5wrFcrlMvlcRBSto1TMEfmRC1exGOuun1qD8Tp67eJaKVi3k1XWo9dmgayftWfwodWiAdv+XHR+Tv1gdZPVpQJT9R2fAdkAACAASURBVF8VEREREREREbn+XFcbWq1c1lPT892HFtfjtF1VCra1w3xW3eqqEsFYQ9poAB6NZsyFC9N8NDHJ5MQk5y9cpNmI8X2fYrFEoRBky8s9DID12v1cTUc/V7J2Aca4INSkCUncBFxLgNQkNBp10iTB2pQoCklyObd83/ddl1MvysYx1Go1AKKsetUFhrh2AFl/U98P8LyAIEiJsgrVXD5HqVCgXC7R3VWip7uL3u5u+np7KJfLhGHo2gtkgWngB0RRgJcPIAkxjTxxvUbSqFGtVDBYPGNw+1AFBL6Hl1V+xklKLoqyClbfbQxmwPpuqX2KxVhD5HkEYUCcWM5fuMC5ySkKhQLr1q2ju6uLMIqox4YUSy6fJ4zy+H5ImC/QrFSpVyv87ne/Iww9clFA4PeQi4KsDYTF2tQt88e6iuCsH21iDWnqKlx9fALfx/PD7HPiPnHWc59DY7PPptdqL9H5BwGFmSIiIiIiIiIi4lzTcLVVVTlfq1J1RZtZuRHaPVTdpk+G1Lgl9J6XVSP6ATC7dD1NDY1GTKPZpNFoYlJLpVJjplLl4sw09WaTJE1JTIpnDUESEyYJBAEEoeshCu3rWmuwJgXfwyaWeqNBmqa4YkivPUdjUkxqCQLXUgBwVbfZWH4WmLpQ1vVxbTQaWGspFApEUT7byAmMscSJAS8lDF0QGEV5SqUC5XKZQqFAqeRC1e7uLnp6uugpl+nuKlMouF6uxUKBKMoRBT5R4BH6EBBBEpKGIdb3IQgILSRxTNqMwbMEQYAf+GANphm7jaCy1wY/oJmmxKaJ54cYzyMM81jPJ4jyBGGe2DS4cHGG6ZkamzZvZt3ABordvfhhhE0SgjAiV/Dww4jEuj62SWqo1Js0z04QRBHlcpkoCikVC4Sha39grXtdvCAgDEKifA7reZhmTBw3SdOUKAgJgwAvC1XJKoVTY0ityTJ4H9/3yedyHZ/n1gZftv35bH1di8iNxVrb8QcrEVlLURR9jP8NKCI3Gr0Hi1wf9P4rcvVct5Wrcze3yvYYsha82V3eW9WjHr6rHY0tnud2q7d+iOeDF2QVq35AaizNuluKHzdjarUmlVqFWrVGbAxxs7WJUoIXhuRKJWyYhayexQZu+XuQK7henMbgez65XM5Vb9omhpTYpGBirE3BCwlzIb4XYLKNqFIMUS4iDANq1m2QlaQxURQSBh7WWOJmTGJSfN/D9yN3D/j4rf6qvt/ewMn3fXw/IJfPUygVKZWKlLu66O7pprurm+4uF6h2dZXam2NFuZAwyuOFLmgMfPc6GWsx1sfz8xCFBF4OL2qS83J4jRqxXyNNmtjsPnys67uKT0pAGObBD2kmMSYx+IEhyhco5Ap4QUBiPSrVBhdmZrB+RLGrl/W3baTc04fxAppxQmwtXi6Hb32a1tK0htQLiEplihaa9RqnP/yIaq3GmTP9fHLTJ9gwsJ6+nm6inNv4K7EJsbEkzcT1pA0icrmAJI4xaUK90SDnB9lr5xH5Ib41+KbVPsB9bbV6rraX33trW7mqNgAiV0frZ2eaJAThdftWKHLTS5Ok3dpJRG4Neg8WWXt6/xW5uq6Ld7PWN/Syv7G91iZDHYGgcRWLvu9DkC3/92f7oprE0Gy6/qW1Wo1ao0G1WmO6UqFer7ul5BaSNHVL2n0fQh/PhK7y1PcwXvZ4q7+pdRWoOS/Ez+cJfUhtSpD4WJvipTFBEBBFbrOq9qZWHkS5CJO68NSYNGs9UMAkKXEck8QxQeCCW98PXe9WC74fEIYRYeTCWT/w29WuuVyOfKlIuVyiq7uLnp5eenp63MelEuVykXwuRxRmm00FYRZMu02nLB6JtVlgHeD5AV4uxA/z5IggzGG8AFOvkMRNjDEEHgRegB94mCAizfrXen7oPjtBgBdEBGGEwadWq3F+ukKlWicqlOjqK9G3fgNhvkA9TmgkLkgN8TD4pEBiLE1j3flBjo/qDS6eP8/FCxeYvniRWr1GrV6nPtBPd1cXfuCRmAQ/9AnzOcLQI/BD15/AC/EDDw+DNQZjUrf8P9sMy2/1XM2qkZMkpdUKwFVeW1fZ6q1OxWqrgltEVt+6dev46KOPAPTLncgaSLOe9Bs2bFjrqYjINab3YJG1o/dfkavvBnknay35XzrM8pjd6d3Hx2RL51NjSZKERqNJvdagVqsxU61Sq9WoVKtUajWSOG332DR4+H6AxZKkKalJsR7gu13uW9WiblbuukHg4+N6d1rfEiUJXgBh4qpMWxtOGWPavUFbH7c2pfLzrjo1jROwhjSKyOVyFItFPC9gZqYC1rUQyOULFItF8vkcUS4kCN11/MAnl89TLpcpd3VTKpUpFIsUCkXy7c2rIgLPww9cmJpaSI3Bw8Nm1asW16bA9zwCP8IPDZEX4IetdfSW2IJNmhjP3ZPnB/hBiLVeds9RFnC7v4YlaUojbjI9PcP0TAWLT093N+v6N1Aqd9FMU+rNJo3EQJDDhobEpOD5GOtRbzTJ5fIUozz5QoFGLYdNYirVGmfOnKVaqTLx0Uf0dPeQy0d093ZTKpcoWI9czsNl7h6B7xEEkQtXkxhrXDsAA1k1cIDne/jWdy0GUheutkNPD/S3PZGbQ3d3N57nce7cORr1uvvjl4hcE1EU4fs+t912G11dXWs9HRG5xvQeLLI29P4rsjquy3C1swdra/OmjqPtNgEu9SSrlAzctlZ+CPjZEnwX6DXqDarVKrVag1q9TqVapdaoU683aMSx2/jKc8vurQdB4JaFN+OEJEmyikUXuPqeTxAGWBtCmuJ72fw8CAIfL/AIwwAvgCjNtZe9ANkmV63+njEA+Xweay1pEoO1JBZsLkcU5cjn8+RyedLUVbwmqetPVCwW6OrqotxVolgsEOYiF3laSxiGWbjaRaFYIopyBIELYIMwdP/tux6wxkKSGppJigk9omxTLM8Di3WvSbbZVZgL8H0PrHEVqRbS2IdW64Ig+xxkG36FUej6p1qPOEmpV2tU6w0qlRomtZR7yvT29dHXtw6DpdmMieOY1ABeik1imkmKH7gK2lq9RhTlCMOQXJQnlyuQeh7GGqZnqlQqM5w7d46erm4KpTw9vd2Uu8qUuroolkoUCkWKhQLlYh4vilxxs+dny/wNWNcOwMNkn09Xxep7wZyvSzybfT2qulTkZtDV1UVXV5f6TYlcY/qeExG9B4tce/p+E1kd12W4OpcLWGG236Trv+rhZW0ByKpWsW6XemMsjWaDesOFqtVajUq1Qr3RpN5o0mg0aCYxaZKSpAZjDNYDY1wFaxBaV72abY5krMHahCRNyAd5gjDE94A0wJoUkySkSYzFEHgBXuARRSF+GGSVm62WBR5pmgKGZpy1AigV8TyPWtUQN5tYLPl8nlKpTLlcJk0N9XqDQqFAatyxfN5tVNXb20u5q8tt2mQtSZoQBAGlUolisUQ+n8P3g+xVdJt7tfqzgsEaS2rdXCwuGI6CENrhqyXB4hsI/ADPjwhyRaLs85A2QmzadLWu2dJ6D1cB2roeeCSpqzCt1OoY61EslVm3rp9SuQvPD5ipVKk1mq56NAgwQJzEJKlxlciBC1fz+YKrAg4C12YgTdw9GIOxBmzMDFVXIVupEEUh+WKBUrlMd3cPPd09rOvpplwuUshHhH62gZfvAuXU2KzFRIqXbUQWhkH7a899/Rmyjqza0ErkJqLvY5FrS99zItKinwci146+30RWx3Ubri62odWs2WX5rQJCYyxpmmBsSppaZqoVpiszzExXqNZcpWqjGRMnCXGSuEDVWrcsPk1JrSFNDcZacrkCubxb5u6lhiRuug2n4thVTwaupyheShIb0jShGTex1hDaEN964LtKVj9wlZytjaw863q3+r5PGIaUCgWMSanMGJrNJr6FQqnM+vXrKJXKzMxUSFNDsVjE4rtwNZejUCjQ1dVDT1+vq37F0oxjPM+jWCxSKBSIotD1FM0qZyFrmxC6ClWbpqSpq17Fc5tP+QGEnqsCthhSk5JiMFh86+H5EWGuiI+HCULSpIE1CZ4xBHhYa0itJU0NFtfPNDWGJE0Bj2KpRLmnl+6+PoIwR6PZ5OL0DAYI8wX8IKSRtgLT7BPvu7YA9WZMLpcQ5vLk8nniuIFJyCqWI/zAx1hXceylPrV6AztdIQzPUyico1Qu09fTxfreHnp7uigX85SKBbpKBdfbNoA4SUnSFJOmGB98E+KqpbNq6mvxxS8iIiIiIiIiIjeE6zZcnWuJnqvWAq43Zpwk1OtN4tgSp4aZapXp6WlmZqo0GnXqcZM4TTBpFp61NrBqLdO3hiRxgavnhwRRBL6fVbRarE3d0vw4xhrfbWyUGkwak6YxaZpgrcX3ySowfQLAeh5eFrDObtwFYRi2/1lrs4pW8FsbU2VVmq22AvlCAXAbXEVRlFW3lujq6iJfKGCx1Ot1jHGtAYIwJMrlXMWsB61WCdZ6WfWql3VPda9BbAzEMXiu6jQIAsDDeoFbNZ+meMYSWPDxCaKcq1b1PdKkmfUvte17sYAx4GW9avP5AlHep1DqptTVTRSGGOP62iZpipe1LjB+gEdK6IUYXNVwEsfEceK+BoIQz4/dBlzGVSm3eqJ6fkiUKxDlXNVxnDZpNGMq1QbT01W8iSk+KuZY11NmXW8vA+t76ekuE/f10N3dTRBGHeGpBUvW/+nabWglIiIiIiIiIiI3jlULV8NV2/VxYdBqjKHeaHLhwjTVapPU4nqrVipU63WSJCZOU1Lr+owaC0mSkiSG1Bo3qkdWremRJCm1WgOTBYUGSxD44HlUG3U8Y1y1prUEbgL4vo9tjWUtaZKQpimBDQkJ24FmmlVBBoHbHMptttXAGOOC08CdG8fNLKh0PV+jMATPVbuGrXC1XKbc1UOhWHDztB61ep04tQSpJcIjzIWujYJHFmQm5GyI74dYz3dbV6UmO9YgMYa8teRy+WwJvmslkCZZFWuS4JMS+R5RGOGiWBeSxrFrRt/q/eraKhiCMKCvuI4gyhNEefwoR2wMqUmwnk8QRvh+6NoV+B6hFxHmi/ixG3emViVOE/wgcBt8WUsjVyDJN2jalDRu0mw2scbgez5+UCAIQ0I/7ypt04QkiTGpxRqozNRImk0unp+iXM7R19PNur4+urp7KHd1ZUFwnsD3sMZ9TmfD8eu7dnX1vu9ERERERERERGS+VUtiCoXC6gw824K1zRhLs9FkZqbK+Ysz2GxpeK1Woxk3SXH9VF23TIsxhiRJacRuUykv8An8gDAXuWOppV6tuqX+uE2nwtBVkjbqdeJGnaTZxMdQiCJyWYWpq5702tew1mA92w4ovdbEravIBGgaS6PRaL9mUdYjtVar4ftN0jTNxnX9Sz3PI/B9gigkXyhQLpfIFwoupG02qdZqxHGM7/tZBWzehasmdRW6qWmH0y7w9UnTrCo3C4QtrvepHwaEfkjoQZrEmBTSOCbAEIQ+hB5+EGBNCHg04oQ0bhIEgRs7CEiMIQwiunp6yBVKpKkltR71egNCd14YheAFLrz0fIIgpFQq4jVcn9tarY4xhjAKKRRK2NS4nrZBgPU8TFZlGsex+5w3m+SLBaJcRBAG5KMCBYrudU9jknqNqZmLYBOiECYKRfr6eljfP8Btn/gE69f3E+ZyrnrXn/vFZtvh6vUZshaLxbWegoiIiIiIiIjILcOzrV15rjJjDFNTU1Sr1WxptYisljAM25ucXe3q1RMnTrBp48arOqaIiIiIiIiIyPXu3NTUZc9ZtcpV3/fp7++nv79/tS4hIiIiIiIiIiIismb8y58iIiIiIiIiIiIiIvMpXBURERERERERERFZAYWrIiIiIiIiIiIiIiugcFVERERERERERERkBRSuioiIiIiIiIiIiKyAwlURERERERERERGRFVC4KiIiIiIiIiIiIrICCldFREREREREREREVkDhqoiIiIiIiIiIiMgKKFwVERERERERERERWQGFqyIiIiIiIiIiIiIrEK71BETk1vD7M2fWegoiIiIiIiIicovZtHHjqo6vcFVEronV/mEmIiIiIiIiInKtqS2AiIiIiIiIiIiIyAooXBURERERERERERFZAYWrIiIiIiIiIiIiIiugcFVERERERERERERkBRSuioiIiIiIiIiIiKyAwlURERERERERERGRFVC4KiIiIiIiIiIiIrIC4WoNbGsXaPzyb0hOjGEv/G61LiPSZu0ijy16nl3GOUsfv9TzF5vDYo93jnGp5889tvhzAIK+zRT+p3voHXmSoNS3+CREREREREREROSqWrVwtX74/yQ59vPVGl5EOqTnTzPz7t9jmzX6/7dvrfV0RERERERERERuCavWFiA9MbZaQ4vIEuofvLvWUxARERERERERuWWsWrhqq1OrNbSILCGdmVzrKYiIiIiIiIiI3DK0oZXIzSSN13oGIiIiIiIiIiK3DIWrIiIiIiIiIiIiIiugcFVERERERERERERkBRSuioiIiIiIiIiIiKxAuFYXriQ+//VUH//fhQITjWitpiFyQ+jPxfzPXVX+bOM5SoFZ6+mIiIiIiIiIiAhrGK6+8m/r+MVE11pdXuSGMtmM+H/O9dIwPo9tObvW0xEREREREREREdawLcCvLxTX6tIiN6zjlcJaT0FERERERERERDJrEq5WEo+LcbAWlxa5oV2IQ2qpWiWLiIiIiIiIiFwP1qQtQDm0a3FZkRuewaMYGPQdJCIiIiI3snq9zvT0NMYY0jRd6+mI3BKCMMT3PLq7uykUtCpS5GpZs56rIiIiIiKy2sb5ye4DnNz5LF8fGVjB8WWYOMx3941xz7NPMzIwzk92v8aWZ59mWcPNee4SdzC6m/1HOh4Y3MlzT48wMHsCT752+9zHLuVKz5errlqtcvHiRYIwJIwiwkgbHItcK8YYzp8/T09PD6VSaa2nI3JTULgqIiIiInKzG/sBP9n4NF8a6nxwgsPPH+AIMPhxxh4Y4esHRz7W9JYyPrqb/ezhpYNDcx57Zvcp9h7cxdAlnivXr0qlQhAE+L7aXYlca77vQxBQqVQUropcJQpXRURERERuclt27ODku+Mw1BFHThzjlwwzPHiEk50nTxzmu/sOcaL9wCC7WpWlE4f57g/gni2HGD0CDO/hpQfPZNWnX+DkPhfWsm83J/ccdGHu+ChPHugsPR1eZjA6ztEjMLxn7plDu/YwfOQAR8d3McTs2J2B64Jq1+E9vLRraM5cWuf3H36eZ8Z2dFSyumpeWvPPPj4yfyxZEWstxhhVq4qsIT8ISOIYay2e5631dERueApXRURERERudhu3cc/Ym4wz1A41J46NwY4vsGWsI1zNgtUtew7y9SFw1a37GP3BYba1wscTh/jljmd56WC2qH7iTPbkIb50cA90tgUYH+XJAyfZ9ezBbNm/Cyr3j969jICyny2DMPraYf5szhL+Ib508GD237t4aQ9zlvmPj+5m/8mdPHcwe874KE8eOMBP7j7Il4YWnj9xyTm46t6TO5/lJZcuc/j5fXz38Mdoo3CL8zyPNE0VroqssTRNFayKXCUKV0XkGst+STvR+dhyK1hWrr2sUJUmIiJySxpg246T/GO7eHWCY2NwzxP9MNZ52vwl/gNs2zE49xwGuWfbMoPFoV28dHDOA2wfhiNLnT9vziNP7+Hk7gM8s/tQ+9HhdkXpUpc8yEtzHrib4WVecXlzOsjqNEEQERGRG9H1G64+tZ9X7928yIHTvPPoXr5/zSd0NTzF914ZgXe+yH9+ceHRz33zhzy+rbzwwOnDPLJnkScseZn9vLr9Aj/+i2/z82Wc/rlv/pDH7/jAnf/QN/nR45/i/R9/lb9+Y/mXFFmWrBqGnc/y0tMDHQ8/zzO7n59dcihyjdXrdaampmjGMdVKhXyhQC6KWLduHeXyIj+XbzK3+v2L3CoGtu3g5JtZujpxjF+yg/80AMcWPXveUvjBHR/v4vNbDQwv94muSvVLHWMcObCbI8v4w+zE4ed55tDsX3OXfck5Bhj5wjCjB/bx5CEWbqYlIiIit7zrN1wFqPxmQUD4uW/+kMdf2Q83bMB6GQuC1If41t9+mVcPcGUB6xX4+be/uqwQVuTjmeDwD1ywOn8Z3cDI0+w9tZufHZtgpH3sEv3NJg7z3X2nuGfnSUZbvzTN/2Vnzi9xwwwv+I3qMuPP7yeniteb1uTkJBOTk/T29rJu3To2bNiAMYZarcbp06fp7unhtg0bCIJgrae6Km71+xe5pQxs456TP+DwxNNsOzYGO55YJCScfX8czJbCTxx+nmfGFg63LB3vx8NZqwG3mmQl829V1bpVMD87/OCiS/NnQ9Vh9h58mqFWD9WVGtrFSwd3te/lmd2H9L8NREREpO36DlcX8fNvv8u/f+VuNjwEvAGt8LFd8DknkH2K772ylfPH+ti2rdw+dseBnzJbFDu/EnbeeHPCzqf43it3c/7YebZt27z48x/6Jj96/DPM1vlUOPaxqkDf4K//4g6+98oI33vqxdmK13mVvadb1bDtxzfz+Cv7uSOb21/Ouee59zWncnXe1f/ykq+VyBWYOMYvTwzz508vXusxtOsgX29/NLuRxEsd/d7m9jc7wuip1u7B7vy/ObzNHZ/fL258lCcP0FGysozx5/eTk5vS5OQkF6en2bJlC4VCgWq1ijEGgL6+Pvr6+jhz5gynTp3iU5/61KJjuF/ityxZQXW544ueP2djldUz//47lUqlZdz/Ym0+Wla/3ceiJg5nG+uoEl5koQG27YC/OTYOY3DPE4t0HB1/lyNXsTpz4tgYJ1YaRGbv3wt/lgywcQucODUJC2Y5wbGxE5dtHbAirXB3fJQnD7zL+K6ha/8zTkRERK47/lpP4ONxQegd7/8djzz6RR559Iu8c/4zPH7gqY5zNrOt7113/C++Dd/8Iff2/YYfZ+f/+Fgf9/7tN/lcx3jbzh/Oxvs7jvWN8Oqc8cpsu+NC9vy/41hlM/e2jmfB6vl3vjj7/EqZbf+xNf5KvchvT0Pfhofch0/t59V74Z3sHh758W/ou/eHfOsh4MW9PPLOaRckdwarHff8yDunYfMI33vqUtd0oevSr5XIFZo8xYnB2+lfxqkTh1/jyPCejl+KBhh5YiccepPx9lmD7HqwdYLr3+Z+ycp+kRvcyZ+1D+9ib0fl6nLHX3Y/Obkh1et1JiYn+cQnPgHAe++9x6lTp9r/Tpw4wczMDBs3biROEiYnJ5cebPAkP3v+8MJNUcZH5yxJvZ503v/8YLUlCIJl3f/wnoO8dHD+vzUIVkXksga27YBDBxhlB0u+zZ04Rfs7/mr8HDt5pv3zceLw8+xfbvvToQfZNXiE/fN/vk4c5mdHOv93wGKXbF+Rw88fuGTH1YGNW+DEGMcmWsO/1nH+BIef3813D8/OYPzdIzB8t37GXUNnj77My28dp7LC4ytSOc5bL7/F8RUOWjn+1tWfk4iIXJduuMrVvzwwwubKb/i/3wCe+lO28Rt+/O3ZstDv7znMp1+5m289RLta9PRvl15OP2dJ/FN/yrbyad75i9b5b/DXf7+dHz0+b7yjrQrPNzj6/n9g2x0b+Bzw8ze+zVfmVKi2jn/8+37/fIV7++4AHuJb2zdz+p0vzlaQvvFt/n77D3n83z8Fbyy81+/v+eLcatMXj3N60X62l6b2AXK1ze+F1lraP3nqBBw5wJMLfhNaXre0yVMnYMsX5tSy9N8+CKc6jn+M8eXmMDU1RW9vL4VCgffee48kSeYcN8bw4YcfUiqVuO222zj74Yf09y/154Ed3LNljGMTI3OqJcffPcLw8DBH5n2tjY/unhsuXLKq6xItLD6Gzvu/lCAIlnH/l3P5Nh9/vgf2Hzgye/zBM3Nae8ypXBsf5ckDc17AS1TJzquuVb9EudUNbOOeQWDHtsW/D4Z2sXd4N/t3Z99jgzt5bs8wzxzIfsZd9gJDbB8+wf59u/nlzmf5+sgT7BrbN7sh1fAentv5Gs8cWk7lp9s8auPo7jkbWs0u929d8m6GTxzgmd1jrn/7Ezv55b6sRyowvOdZdr22j9F3x/nS0NDC81v3vG83o8Dgzj3sGjzAydYc5o3nfo4oWr323uMXR3t4YPttcx6tHH+Lt4/Dsv6CfyXKW3ngsa1XeVAREbkZXd/havkzPP7KT3l8zoOneedRF25+bkMflDcvck6F80sM6doKjGTPmbtk/3Mb+qDyAe93PuGNjzj/+OJLQZfmNq5qx5dX9c+Vd9BXhs33/pRX75136PSlnzl/w6zLnH7J10rkivXfzmBWCdP6ZW5g5Gleyn5LW9DPbbV7malX2i2v0Wyyfv16qtXqgmC108WLF+nr6yO+xDkA2+7ewt/M6xt89Mgw2/cwJ1wdH93N/pM7ee5gFvCNj/LkgQP85O7FlrAup0XGyrTufzmKxeJl739py2vzsf/dPR09DQ/w5JFh9h48yND83orjozx54CS7nj2YBdlu/P2jdy/yPe2e+8sds5vojY/u5pnRjfr+l1uI2xBq1vzd7ud/7Fr1vLRr7igvtYdo9T3tHHLuY/OfP398mH3/n//cRe9gkfnMO2N206ul5jhnDvPPX+QaIx2v2TLmKNfAuju5c+oDznIbs/Fqhd+/B1u39nN8qvPkCsffep2jHYsu+rc/zANb3e9CZ4++zAfrtjN19CiT9LP94T9m6vUPWLd9iqNHJ6F/Ow//Cfzi9fe48+EHcE+bN2b/dh5+YGtHO7izHH35bY67g2xVLivXyK9//Wv+cGiIKJeb83jcbDI+Ps5n/+iP1mhmIreO6ztcXWRDqxWdM8eL/OdHX6TdAuDxn/Lq466X6PuXfe7lzIaqlWN/xyPffiPrZ/qxB+aOvjKV8+8DbrB2j9VlmA1VT/POo1/l+9k8L2/p10p9V+WKDWzjnsFDS24+0an/9kEYO8MEQyuqLlvszpTOhQAAIABJREFU+ZOnTlzyuNx6atUq4W23tXusXkoQBJff0Gnobra8doyJkVZo+i5Hhu/mS7w797RdB3lp3vOGl1iw2mph8dK8Fha/3Pcm4yMfb9l96/6X43L373bu7jToqsEGlnsPHct721V1D2bHBti2Y5DRVm/FoV0dIQ+02oIs+gqOv8koO3mu42fO0K49DO9+jcMPqieriMiNpYdNd77Hb85C++2r8nve407+eN17HeFqFoKuu5/HHnAnVo6/xetHf8HxTa2gFI4fneL+xx7LgtqzHOU4R6fu57HHssErxzuu7cZ8786HeeyB2YD29aM9PLb9NlrB6tT2h3lsa9m1FHj9KPTfuZoviAi//vWv+Zd/+RdOnzrF/fff3w5Y42aTt99+m6nz57HAHylgFVlV13e4ehk//+g8j2/rZWXZ5Rv89V+8QSsQ/fRT8P3FxntoA32wZCXsHE9tZfMVh73LGphPb4bzv30DeIjzlRHumN3R6zIeYvsd5SsKYxda+Fqx4rHk1jW7rO67zKu6a/VzG9zhzhz5AsOHOjao4so2+Wk9/x/HR1wl4PioW4I9PPf4SseXm0O+UFhWsNpy+XOH2L7ltXZrgPF3jzB89y6YF662zG+LsVhTitVsYXE17/9SG8es9B62bLzMd2LHDuRLDTdx5iScODJvOTHAIJcsghMRketSedOdTHWkq5Xfvwd3/gll3us8i60PPMbWec/rn3MOsPVTzP8T49ZPLfFHx7O/4SjbeXjrbJ3qbdvvZ+vL/53jn3mArZUPOM5W7m8dL2/lT7a/x+vvLT6cyNXyh0NDnDp1iqnz53n77be5//77AdrBal9fH384pNU6Iqvthg5XefGfOLb9y9x74Cm+n+18P7vZ0+LVla6S9IPZAPSprWzmNO+8CDB/vIf41n/8DOXTh5e/HL7cEc4+td9VjH6stgAP8a2/HWHz6cM88iLAG/z10T/l1Xv/A9966I1sXrMbe33l24tPtK8dxmbjcfm2AJd+rURWYGCErx/cxuHnO/qWAa7K7WBHFdkQX3p2J99d0N9sucFn6/m7eTJ77q5hGF1wfKXjy80gn8tRq9Xo6+vD9/0lw8NisUi1WsVbxphDd29h/5vjjOzCtQTYBR27pAGdoWqrZ2C2bH4pq9TConX/pVLpsucu9/6XdDXvoSNUHd5zkK8PZa0Wljpf39siIjeP8ibunPpN1hrAtQS480/K8PvFTz979GXXjxWAflZaR1q5OAWTx3n95aPzjvSzvXW8/86OFgFQ7lm3wquJLF+Uy/Gn99/PP2Vh6ttvvw3QDlb/tKOaVURWz40drvIGf/0Xd/C9V0Z4tb3M/dLL1n/+7f+L7X/75Y4+ra6X6Pfb48G3/vbLs+OdPswje5aZJr64l3c+/VPufeWn3AuuZcE78Pi9n2L7Q/Dz5QS0mzvvxWm1GOi8zo83/JDHH/8prz4+e047WH3xOKfvHeHxV37I9h9/NduU68u8+sqX3S2983cc2/5ltl2mBPXSr5XISi3s7bb4aZfob7bIsQVLrRecM28TjiscX24+fX19nP7d7+jr62PDhg18+OGHC87p6emhVCpx8uRJenp7Lz/o0N0MH3iX8bvJWgLMN8GxsROXrPTstJotLDrv/3ItDyYnJ5d3/4u42vcwcWyME8sMa90O4HN7PYuIyI2szKY7p/jF8QoPbHItAf6kvPCsdqjav52HH9tKuXKctz5uGemCHquzruoWGyJXaH7ACihYFbnGrt9w9cW9WaXmZU/M+oIu91hriftSLnV84Xg///ZX57QA+P6eLy4IH3/efsql5rpwrEu59Lnzr/NtvjL/ll6cfWDOWG90nnu510pE5MZVLpfp7u7mww8/5BOf+ASlUomLFy+2jxeLRUqlEpOTk8TNJrdv3nyJ0VqG2D58gP0HYHjP0gvPT56ZgKEB3IZLB+joWjHHarawmH//SwWsV3b/C63KPZycDWsnDj8/p+3HHEMPsmtw39zNrsZHefIA7D348XrWiojI2ihvuhN+8XvO0moJMD/cPMsHx/vZ/vBsf9WPfc2edTA5RQUWDVcXO165OAWoelWujc6AFVCwKnKNXb/hqoiIyCq7bcMGTp48yQcffMBtt902p4qzWq1y6tQpmo0GmzdvvvyGVpmhu93uStsXTe5mew+3WlIM73mWXa/tY/Tdcb60oCfW6rawmH//xWJxzv2fO3fuiu9/oat7DwMjT7BrbN9sH9XhPTy38zWeOfQu47uG5gWmA4w8vYeTuzt7vg4rWBURuZGVN3Enr/P20X62P7xUejrJVDvpPMvR148y+THaAnDbZ9je/zpvH/1UtoEVcPYoL78N9z+2nduy4//9+Gd4INvQ6hdHJ7WhlVxTrYC19d8icu141lq7GgNP799xyeNf/W+fWo3Litz0DvzRv7LYN23rO/kP/o/5vaA+nhMnTrBp48arOqbI9WZycpKpqSmSJMEPAowxeEBPby+3bdjwMYLFG8Otfv8iInJt/e53vyNfKCz7/LNHX+Zt7m8Hm5Xjb/H6e3e2l+nP/9gFn61mq/1sf/iPmXr9baa2P8wDW8sLxoOzHHVJKe2HslYCd7YrYN057RaubHXB6uwsO45vZfv2KY52zknkOtOo1/nkJz+51tMQue6dm5q67DkKV0VuMApXRURERORGdqXhqohcfQpXRZZnOeGqfw3mISIiIiIiIiIiInLTUbgqIiIiIiIiIiIisgJrFq7255K1urTIDWtdFK/1FEREREREREREJLNm4eof9tTX6tIiN6xPd9XWegoiIiIiIiIiIpIJ1+rCj/7BFHnf8usLRT5qrNk0RG4I63Mxn+mq8mcbz631VEREREREVsxaSxAEaz0NkVteEARYa/E8b62nInLDW7NUsxwadt2hoEiuHmsXeWzR8+wyzln6+KWev9gcFnu8c4xLPX/usSUGFxERERG5QXieh+/7mDTFV8gqsiZMmuL7voJVkatEG1qJiIiIiIjINVMul0nTFGPMWk9F5JZjjCFNU8rl8lpPReSmofX4IiIiIiIics2USiV832d6epokSUgTbXYsci0EQYDv+/T19VEoFNZ6OiI3DYWrIiIiIiIick0VCgWFOyIiclNQWwARERERERERERGRFVC4KiIiIiIiIiIiIrICCldFREREREREREREVkDhqoiIiIiIiIiIiMgKKFwVERERERERERERWQGFqyIiIiIiIiIiIiIroHBVREREREREREREZAUUroqIiIiIiIiIiIisgMJVERERERERERERkRVQuCoiIiIiIiIiIiKyAgpXRURERERERERERFZA4aqIiIiIiIiIiIjICoRrPYHLevBluj97R8cD7xPvf4z6VbvANyjtHcb+8wPUfvVxx3qU4tf+Cu/4DqpvLn08LCw8kv7LUs9ZXPTIWxTKR5j+0XeWdX7hK2NE/APTP/qOe+6G31J/4WvEy7+kiIiIiIiIiIiIdLiuw9XCV8aI1r9PvH9HO0yNHnmLwt638K5KGLo2FgSpd71A131jlLiygPVK1H+04yoG0iIiIiIiIiIiInL9hqsPvpwFq3OrVONXHyD4yhjRv/sG/KpVtTmvIvTcP8xWdN71Al33rSc92U+4pds9Vv9VVrX5DUp7P08AcN8YpQ1ZuHm5atm7XqDrvrvwsg/tyf/CzKvMzuGzY3T1/hdmXn1leff6q68xs+Fluj/7MoU3H5sbJLfmzDRJFijPPv55ur+2KbuXhVWxbl5uDp2Vq/O5EHuJexUREREREVkl1lo8z7v8iSI3EX3di9xcrttwtfDJO+DcPywa8s2twsxCxeo/MP3Cd9ofd3+FjiDxDsLyPzC9/zuQBar5Rx4lfvU7VPczty3Agy/T/dl+kn/ekVXGuvOjr3yD+o+y5993F6ZdffoNSnv/itKDO6i+wGXaAlzCm8dIPzuMdxfQClA3/Jb6/mzp/oMv033fyxR+9Rj1Vx+AOW0B5r8GrQD2qxTveuWSFb7RI28RlX7Vvk70yFsUvvYCqVoGiIiIiIjIKpmZmeHcuXMYY4hj/eYht5YwDAmCgPXr19PV1XXZ80/863tUKpX2x/0D/Wz65CcBaNTrvH/ifeIkBuuOD945SDkb9+yHH3L2w7Pt5xaKBbZ++tNX8W5E5DoNVx/FK4H96LeXP/XB/52w8D7xC60g9RVqY8N03TdM8S6oATBN8j9ax7+DOfd5gvISP0zefIzpOcFodn72UfTIMEH9V9TfnD1e3b+8vqeX9lts/fN4GwC+QbQFkn/uCDjffIz4k2OEjzwKCypiX6H2wtzH4uO/Jb/lyn9gxq8+oFBVRG4Z9Xqd6elpjDGkabrW0xG5ZQRhiO95dHd3Uygs0oxeRG5q09PTfPTRR0RRRC6fJ5fPr/WURK65NEk4e/Ys1lq6u7svea61lk9u3kx3TzcTH32EtR3HgCAI2PIHf0AUhRw/fnzBc/vW9fGJjRupViqcPXsWEbm6rtNwdfmi3n6o/5Y5vxL/6veY+z7mX2LmLf3nnPt/Qbkbqr9f3QDyrk34dOPdN0b3fXMP2criT2mZu8R/+rKXil89QrT38xT2jlHoaD0gcvWN85PdBzgyvIeXdg3NOTJx+HmeGdvBc0+PMHDZcSY4/Pw+Tn7hIF8amh2XPa2PV9Pca42P7mY/2f2Mj/Lka7cv8x7kelCr1bhw8SJBEBBGEWEUrfWURG4pxhjOX7hAr7UUi8W1ns5NzL1vjp5YeGT4Ct87Jw4/zzOnvrDgffzqyf63AsDgzgXvqROHn+eZQ4veyOycJg7z3X1j3PPs04ws+oY8zk92v8aW1vHLni+rYWpqiiiKCMIb/tdRkRVrff1PTU0tGa7+jw/+CQBb66V/YIAoivA8n7MXTvBR8ht3UhoQJv1EUUSUi7DWcvzD/xcms9SiVmKg61Pt77lK/WJ73H/3qT9d3ZsUuUVcp+9mr2Crf4W3VHXpauoIVVsbT7l+pavt03iFaexHrY+vLOhsh6r1bIn/XS/QtayAuVV5m7UWuG+M7vvUd1VW0ZED/OTuqxmEDvGlgwev1mBXduVdB3lpTa4sV8PMzAxBEOD7/lpPReSW1Prem5mZUbh6DSwIUicO8919u/nJNfnj5DKNv8uRRULVORb8kdYFst+9/Vm+PjIAAyN8/eDINZisrJS1FmOMqlVFcAFrs9FYsgfrhxc+oLe3h8gWMca0/8W2jvHOZ2dF+Ol6PN/LjluaTGM99xu9jzfnucYmxExx4cLFa3inIje36zRchfrv3if67DYKsCDka/cjfeFrxBcmKWxZTwCz1aR3bcIHVrLAM9r6abxzi2/8BJBWpok2bCLqvN7V8OA2AiaJfwXwe8x9d2UtApbjG/jrP27Vaau1gOsx6z8IXGnfWJHLGmR4GI4cGGX7wV0s+bvcxGG+u+8QJzqet+vZpxkZ6Ki+ObCbkzuf5esjkwsqV+dWtgyzt+Na46O7+dntO9ly6JCrjGHeL5xLXnvhNNuVq3e/y5MH3GjP7D7F3mdv52fzq2DGR3nyAHPmImvLWksQBJc/UURWje/7JOq1uDYGRvj6nlM8Oec9eWGV6+BOF1rOvrce4MmTswHo3Pfcpd8zW5Z6j+58/Jndh66gqnaI7cNwcvYCHZWo4/xk97ts2XmS0UMnYPB+/tcTb/PfAPbt5uSeg3yp3z3t5JvP8+SRE62b1kqUVeR5HnEcK1wVycRxvOTmVmliKRYLpNMe585NUq1WmJ6eIQh8ckX3PWSbEemFhA/PnGmPF+Ui/ILrHZA2fGamp/n9735Ho9EEoFgscG7ywjW4O5Fbw/VbrvPmY8Tn7iDa+zKdnbjcRk3dpMezfqRv/leS+h1EX/lGdsajFHfchXfuyMqDxtKmdqVq9MhbHcvs3TL6tHAX0YOtRx6l+LUxuh55dIUXw1XLfvYO0n9pVYt+h/jkNMFnO+/9G5T2jlF6cKlBujvCWLfp1nL2HoweeYvur70wW5n74DYC3scoWJVVsuXBJ9g1eIT9o+OLn5CFm1v2HOSlgwd56eCz7Bo8wegPDjPBACNPP8uuQReIfn2R397cL2db2HvQPf+5nSfZv3uUzqudODTGlmdbxwc5ciA7fslrX8LQLl7aM+x+GTu4i6GBbdwzeIJfHpt91vi7Rxjc+aCC1etIkiRrPQURAfU7XktDdzPMSc5MQDtY3bInew9075EnDv2AwxMwMPI0z+0cdJWjncHq2A6ey85/ac8WRvfNfc/tdKn36IGRpzveS6+kmnaco0eG+fMlE90jjJ76gpvf04/wxME9DDPIrmc7r3GCI2TnHNzD8IlD/M3hS77zi4hcE2liSa2BQp0L8Wk+nP5XqnwIuUa7EtV6CaZ4kQ+n/5UPp/8VW7yI9ZP2caImNf8sH07/K+ebJ/FKVVJrSBN7+QmIyLJct5WrAPUf7SB95C0KezuX5b9PvP+BjmrWV6i9AMWv/RXdez/vHrpE5elC38GcGyO6b4yurf+FmVd/SPi1v8p6kLqx6ieHKWxpVdF+h+o/b6LrvjG6P8vs9bJNppKPvkrhs2N0f3LpOQSf7Xgu4FoA7JgTBsevPkDwlTGijntvtSmAbMOq+z5P995txPsfo/ov2+hujztN8s//QHrf5wm2Pgq/mr8BVud15t1v1o5ALQFk9Qww8sROfrlvifYAC5bzDbBtxyCMLWfscf7x0AmG9zzdDjEHRp5g19g+fnb4wdkwdvgL7aqagW07GGSMMxMw9LGuPfcet+0YZHTsGBMjIwwwztEjg9zzrGpgRETketLPlsETnJwEBgYYefogc94Fs/fIxY3zj4dg17MdFZ5Du9g7vHvue+6c85fxHn05Rw7w5JH5Dw6yZQKGlhhi+O7LJbWD7HqwdY6rhD1yahJUuyoia8zElnq1QZCLITcvDG10/HepNvdYyuxSXr8J5XmHqxYTK1wVuVqu63AVlrt7fWtJ+yJ+9TVm5lWw1n+0Y054OP/jxcaaM4dFxlzefC8xz0XMn9cc8+fw5mNMz682/dVsuNs51tw5XtmcRK6KgRH+084xnsmWIvYvelLHphYAgzsuP+7EGU4yyD1zBhxg45YrneAKrj3PwLYdDB46xSQwMHGGk4M7+DP9jiYiIjeA8dHd7J99E+SexU6aOMNJTnBk325G5x0a3LnU+VfhPXpBz9Ws4vbNcUZWbaMtEZG14dscU2dWp/TJt7lVGVfkVnTdh6sicnNqVavsH72b527vPDIbbA7ufJaXWn3errh6dCWu4rUHtnHP4CGOju+i/8wY7HhC9S8iInKdmeTkiUG2ZIFnO1Qd3MlzB0cYyPqXLu3yPVZX3wAjXxhm9MC7jO8aUvsdEbmp3NHzv7B+oB/P87D26lSatsY6NzF5VcYTEYWrIrJmZtsD/M3g4OzDy9kpeMkhN7KF1vLG1oMTnDkJ3L70067KtRdOxrUGePcwW07CPU8oWhURkevM+LscYQt7B4Cshc2yw9JF33Ov9PwreI++nMHbl1gJIyJy47JYuru7iaIIay3WWjzPawekrY+Bdvjq+/6CY51am8pNTqi3tMjVonBVRNZOqz3AoRNzl96fyJbTA4yPLjy+pCH+bOdgu92A2334B/z/7d0/bBtnnsbx7wwlR7faW9CQQdAGsZYFBg5sB8tiWGQTyAUNV4KqNEyuYKGLW0FucgkOmCbZbWKozUKFisuqCbCAwEowixjepCALLfwHMELINMBLCEE68XIhNpE0M1fMkBqOKIlWJMuRnw9gQJx535mXgIyBH//m937xdJzbH/YZbh763rv5rQH+yheX3uNTZauny2qZhVKVkewkN9PDB48/8tsvUCJHPpt44fcWkVNi7Sv+dOce4zOfh6o9w+HnE/7r47/ydK+2AD2eue03QJjptSHVETyje38RvvrbPS699YneEDmlmpU5Zhs3sCdGu47XijbzleBDaoLpKYu4f4aiPU+F3VIT00xZcaBJZW6WYj181qJgTzDaY15kRVTmZmncsOleUuSaVmHXmvdWo2jfJTk9hRXv+pLY893fZOc7yCvBg6GhIc6cOYPjuLiug2mamKbZ2bAqFothGEZns9aBgQE8z8Nxdo81TZNYLEYsFgO1XBU5MgpXReREtdsDdPq1BZthfHYraPZ26T0+nRnnozvf8GjtOtfPBRWhd25xb3yGv7wfvd6HfMqf+ejWreDIOLc7/+g7wIH33m+uxfjTO3x065udqp9zV/njJeCtq/oH36nSorpcJZ1OUy0/ZjWd5UVHnIlsnvwLvqeI/Lrdu3OL7n2gLvH+J5+Hnm2X+beZcT7ojLvE+5/MMP7xHb5+tMb16+eC/zS8wwf3gmfr9Q+5XQ89N4HxnsGq7xc9o3e+yO4NrcZn+EvfvQkukx1/ymcf3+Lr9z7hP64+z83lRWtW5pgt1sHqPu4Hq6EwtFbEnqsEAesoE7bNxK7rJLnRDiWbVZaZYNpuB7J9r6gToEaWRK04SzFZwJ4a7Yybq/QThLbD4FTXmgFqDytYhWiIK68SDw/TMDBNE8dxcF23q3I1HK62q1XDY03T7BrbDltNw8BTuipyZAzvqBp3RPzfZ4er9BI5rF6/yb1+uaO/8r3H7H1+v/l7/W2KHg9fY7/53ed6z4nO/f1/lnsv4pCePn3K+WTySK/56ljjqz/PwdRJ96OTXr777jteGxp6/omtKkuLG2TyF3m2UIJcnnABaau6xOJGhhwlSlX/WDqX58oPSyyW19sHuqtOg0rYtnTomq3qEn9njLPlMtXg3MVn3ZWrrWro2oyQnbxJp6A2cm1Ik8v7gbC/1jGyG2Xa00+qGld+/R48eMAbly8zeKZ7g4ytzU2ePHnCtTff7Dnv559+4sKFCy9iiSLykvj2228Z/u1v9x7QrDA3W6SOhWVVqBCuAvXDSLpCx72qSXeulQyPrxWxH157jsrScNBrYVUq3fdvVpibXSYTrjytFbHvJkMVtbu1q29TlgWVRvd8mlTmvoR3I9Wscuq0fvyR119/vee5fywvc/XqNc68doatrS22traIxWIMDAywtb2N6zgMDg5imiabm5t4nsfQ0BCO4/hjBwYYiMXY3t7GcRwGBgYYHBxkc3OTx48e8YdM5gV/W5Ffn//Z2DhwjCpXRUSOy9ojvuYt/l3B6qnS+n6F9XSGBAlIQ+nZKtlEpHa1WuJZLk8+GwSYpQWq6Rz5fCIIZ5epXgkC0NUyfkab9ytgW1WWFpeohgLS9fIKY5N58sHn1Wehe62WWSyfJZe/6c9fLbOwWOZ3+SyJ1TILpQ2yk/ngWquUF0qUyhd3wt1qmY1cnnyivZa/Uz0fCmdF+vDgwQMePnzIf9fr5HK5TsC6tblJqVRio9nEA97cI2AVEYnKFGymRqFWrPR4xT9Fskfg2Fhrwmj3idr9InWrwFQoR22uNUg1Gth25x3+PloCZCjYU4xSo1iJrKjZoE6SG+Fbx5Ok6stUm9be4WgyqJ5tVpirNCInmzSAxqxNsf2t1RLg1eOB6/mv9DuOg+M4nVPu9jZOUMnarlbF89ja2uqM9we6OO7ONWKxGJ7rqS2AyBEyT3oBIiKn0ZMvbvHBx9/wx6mj2BxLXh6rPC6vk77oB5OJK1lGqstUW5FhI1muBNnl8PkxRhghu3OAsZF1NlrQaTGQC7UWGE7zdhbKj1dD1xvjfM+w058/kr2yMz+RJR9Upvo/h4PSBBfTe6+VxEXStNcm0r83Ll8mHo+z0WxSKpXY2tzsClbj8ThvXNY+7iLSp7iFtWfSOco1q07xywrN9qHa/Uj/1ECzwt1Kiol3ui/WbNSpk2HatrFtm+mJBvN2kdq+S7L2D19Tye4K1fg5Dnr3a9Tapy1Bc41GvU6y4K/Rtgski7PMVZp7zZBTyMPDc10818UNXvV3HAcnCFbDn13HwQmFsO1z2+3PwTHPdXE9d9cbmSJyeCdXuRqLQeh/XUTkYObAAG7QqFxebpff/3xXP1g5BVafUR3JMtkOI4fPMzZSZuX7Ful9Sz3P8rs9wtGNdaiWFqhGT0VD0J78+WczB5SZtqosLZZpNw7o79oi/Rs8c4YbuRx3gzC1VCoBdILVG6FqVhGRX2p0YpqJuVlm7aCm0ypQsCrcjYxrVpeppzK8G4/Ot7FDn+PWu0wsz3K38s7LUxkat5iyw51dR5koWNjz96lZ/Wy8JaeB53m4wR/PPxCcMfyfQ5/b543Q3GCk/zk473pBYKvSVZEjc2Lhqhf7DQb/BEdBkUg/YgODDAz9Cz//+MNJL0XkFeVXibIOiwuR3sbrv2xjq3Skb+uRCYWq6VyemwlYLS9QOoZbiUQDVkDBqogckzjWlB3aVKpJZQ6S18LBaJPqcp1U5t0+Nq2Kc65dZtrp9xqwCv31Zq03aMLOvZprNIAkoX6tnUsecpOqeJIU0fYBcqp5fkjquW5wwN/MyjANcP3Y1Aw+G4BnGBimiel5nY2vDNPE6NpUxPMzWWWrIkfmxMJVY6uF99q/wtBrEFPrVzkeRp/HXnaOs43z8z/5ufW/J70UkVdX63tW1iObRUEnwHy2miXaevVgw5wdgZUfWpA4TJPT/ef7/WEjm2eJHKNwwAooWBWRF6NZZbmeIhPvcSxatrrHhlhrjSCc3VUx2od4khTLdLV8bTY6VbNxa4rnvWSzMsfscqZ7Q6xmg3q0/YCcau22AK7n4Wxvs+1s+9WsoTYBAIZpsh28Gby1udlpCeC5u8easRiu66gtgMgROrlU03MxflJQJEen17Oh1+Mi+hDpPWbv8/vN3+v5FD0evsZ+87vP6eEncpJa36+wPjLG29EMczhNJl3uvbHVgYZJZ9KUuzaRalFdWmRlbJKbB+4q1Z4fqpxtVVlaXGFs8ibnATZ+oEWCYfzNtUpV1BZAjlU7YG3/LCJy1GpFm3naFaVNKl8Gm1Z1has9NpkC/J6tMH+3wjtBcNmsfEmRCabPIEaxAAABqUlEQVQP+6593OKGVWT+fg2rvaa7FVKZ6UMHofF0hlSxyP2aFYTANYrzFayCrXD1VeLhh6OhP/5hb+ezYWAEgavneZim6YerrosXGuu5HkY7aPXUFEDkKKlkVEREpA+Py+uMZN+mV9yZuJiG0jLVK0Gg+TwSWSazSywuLtBuNjCS7SdYjcxfWOgcSufyflCbfpvsyuJOG4N0jsnsMovlZ6xmEz2/i8hRUKgqIsep3XPVbjdOTU0wHXnPvrnWgFSmZxA5OmFTKNo7PVuxKNj7bC51mDVZBexf0r81bjE1DXOzO/1hUxPTTKnZ6ivF87yutgAGYBgGpmnieR4GRtAWwMRxHP+zafq9VfFbBrTHeoYfp3rBdfesDBKR52bMzMzob5SIiIiIiIiIiIj8Kt2+fftYrnvhwoUDx5jHcmcRERERERERERGRU07hqoiIiIiIiIiIiMghKFwVEREREREREREROQSFqyIiIiIiIiIiIiKHoHBVRERERERERERE5BAUroqIiIiIiIiIiIgcgsJVERERERERERERkUNQuCoiIiIiIiIiIiJyCP8PrK7FQ8SdijoAAAAASUVORK5CYII=" height="600" width="800" />
Personal Details
Contact Details
Emergency Contacts
Dependents
Immigration
Job
Salary
Tax Exemptions
Report-to
Qualifications
Memberships]]>
  </system-out>
  <testcase name="Get_MyInfo_SideMenuItemsCounts_009" time="1.334" classname="testcases.DashboardMyInfo"/>
  <system-out>
    <![CDATA[<img src="data:image/png;base64, iVBORw0KGgoAAAANSUhEUgAABVcAAAJXCAYAAACXAGQHAAAAAXNSR0IArs4c6QAAIABJREFUeJzs3XeQXed55/nve8LNt2/37YyOQCNnAiBIgkFMEkmRSp6V7Z2VvfbWVm251qr1Fv/0uqamamprw3hnZmvsCeWqVVkzli3LEiVKJkVSEkmRBBGIDDRy6gY6h5vDOed99497u9FANwIpCiDk51PVbPbtE95z7u1/fnjO8yhjjEEIIYQQQgghhBBCCCHEvJdffvm221h3YR1CCCGEEEIIIYQQQgjxG0fCVSGEEEIIIYQQQgghhPgEJFwVQgghhBBCCCGEEEKIT0DCVSGEEEIIIYQQQgghhPgEJFwVQgghhBBCCCGEEEKIT0DCVSGEEEIIIYQQQgghhPgEJFwVQgghhBBCCCGEEEKIT0DCVSGEEEIIIYQQQgghhPgEJFwVQgghhBBCCCGEEEKIT0DCVSGEEEIIIYQQQgghhPgEJFwVQgghhBBCCCGEEEKIT0DCVSGEEEIIIYQQQgghhPgEJFwVQgghhBBCCCGEEEKIT0DCVSGEEEIIIYQQQgghhPgEnHu9gF+nsl9hqjTNcP4qw7krXC2MMlYcZ6YyS9kv4xsfzLXtDYaYE+OxZQ/zz9d9HYVCKXXvLkAIIYQQQgghhBBCCPGZ9RsXrvraZ7QwzqmZM5yYOslw/gqzlSwVXcELfALtExiNwTCfrBoFCgyasBNmVeMACglVhRBCCCGEEEIIIYQQN/cbFa6OFMbYN3qAA+OHuFoYJV/NUw2qaDQAxtSqU40xRJ0IlrLxtEeAX38tykBqOWubV0vFqhBCCCGEEEIIIYQQ4pZ+Y8LV8eIkr5z9CcenBhkvTeBpr1aYqkChMBg0mpgTY6BhOWE7xEhxlKnyNL6pBa8t0RYeW/YwyVDiXl+OEEIIIYQQQgghhBDiM+6+D1eNMVSCCq9ffJPdI3vIeTlqcaoCZeZqVok7MTY0r6MrvozABJzPXKDgFwlMgDGahBtnfdMaNrVswFIy50sIIYQQQgghhBBCCHFr9324qo3m5PRp3ru6m7yXr/dKVfM9VeNOjP6GPlY2rmCgoZ/R4gQnpge5kL1EwS/Wj6JYFu/kwfZtNISS9/BqhBBCCCGEEEIIIYQQ94v7Olw1xlDyS/xs6F2myjMYY1CqFqyG7RAt0RZWpQbY3raVdKSJ49OD/HzoHcaL47WOAUqhjaYhlGRdeg3rpNeqEEIIIYQQQgghhBDiDt3X4WpgNGPFSfaM7kdrjQEsLBrDDaxqXMkjnTtZ2bicydIUbw79gl8MvwuApeptAwBLWaxPr+Ghjh3E3Ng9vBohhBBCCCGEEEIIIcT95L4OV33tczk7RN4rELZcXMuhOdrMU12P8+iyh0hFUgxOneKVcz/m2PQgtrLnQ1UwaKNpi7WypXUzK5sG7um1CCGEEEIIIYQQQggh7i/3bbhqjMHXHuczFwCDbdnsaN/G833Psjq9kmpQ5RdD7/GTC68zWhzFUddfqqnv80jnQ+zs2EbIdu/NhQghhBBCCCGEEEIIIe5L9224ClAJqpyePYeFxW8NfIVn+z5HOtJE0SvyzvB7/OTCTxkrTmAre9G+1cDj6e4neLTzIZoijfdg9UIIIYQQQgghhBBCiPvZfRuuaqOpBhViTpT/ddv/zLa2raTCSQrVIj86/zrvDL/HVGkKSylY0AoAaqHsjrYHeK7/WfpTvVjKumfXIYQQQgghhBBCCCGEuD/dt+EqQMyN8dWVL7Ei1U/cjaGN5r2ru/lwZB9T5WmMmotVDcbUAlmlFI907OSF5Z9nRaof15J2AEIIIYQQQgghhBBCiI/vvg1XLWURd+OsTa8mbIcwxvDR2CHeHn6PK4URfBOAUlgownaYdKSJFQ19DKSWs6VlA13JZUTsMEqp259MCCGEEEIIIYQQQgghbnDfhqtKKRzlzF/ATDnDh2MHKWqPgcblNLoJGkJJEqEEqUgTLdFm2qOttMVaSYUbsKUVgBBCCCGEEEIIIYQQ4ldw34arixnWpleytnEFDcolpSwarDBRN0Y03EA02ghOBCxHqlWFEEIIIYQQQgghhBC/ss9muGpqg6eM9kEHoCywbJSy4CbBaAOKZ8IdkB1F565COQd+FRQYO4wXSaLizahEK1ayDRVNgROpHVMIIYQQQgghhBBCCCE+ps9UuGqMBr+CKecw5VlMKQPVIjhhVDiJCschnECF4ignXAtd6+xqAT02iB46iJk4h1+cwVQLGL8KGLBDWMlWVHMfdscGrNbV2Ok+iLdAKCohqxBCCCGEEEIIIYQQ4mP5bISrxmCCKqY4jZ44i3/lEPrqEXR2FFMtgR3GiqexUp1YbauwW9dgpftR8SYIxWvBaLQRerZjtQxAfgJnZhg9eQ49M4wuTEKlgJ69AtNDBGffRyXasPu24ww8ht25EWLpWmArhBBCCCGEEEIIIYQQd0AZU38G/x4xxkDgoafO4Q2+jnf8dUx+EiwLUChl1bYxem7JqGgDdvdWnDVP4SzfhQo3gLIW9VI1XhmTnyAYP4V/aR/++fegmAHtMXfZVrINd80zOOuew2pdjbLsm7YeEEIIIYQQQgghhBBC/NPw8ssv33abex+u+mX8S3vw9n6b4PJBsOzaF4DWYIJr26JqwWd9ycoOYfdtJ/zo/4jVuhblhG5+Hu2jZ4bwTr6Bd+B7tZYDVv1YxmB3rif0yB/irngMrM9GQa8QQgghhBBCCCGEEOLe+MyHqyao4p14De/w9wnGz6J0AChAgwHV0o/VsQ4r3gzKxlRymMxV9OwwenYEFXhgu6hYE6Gn/gR3xaOoUGzpcxkD2gevTDA+SPXA3xFc2l9rO6AsUDZ26wpCW7+Gu+kroOy7ei+EEEIIIYQQQgghhBCfHXcSrt67Ek2j8c+/j3f0xwRjZ6499q8MKtZMaPvvYPVsx4q3gB2qZ64a/DKmlEFPnScYPoh37j1MZpTq2/8OZTR2/8NY0dSi0ymlwHbBdrGXbSEcb8Fr+D7+6XcwuXEMAcHkeSoHvgfxFtyBJ+7u/RBCCCGEEEIIIYQQQtxX7lm4GowN4g++gR4/DSZA1R/5t5q6Ce3459jLH0XFmsByru+lagwm2Y7V2IXVvg67Zzv+ybfwLu2luv9vCEcbUT3bULZ703MrJ4zV1Iu7+Wtgh/BP/BSTn6gVzE5fxtv/HazW1VjJttqwLCGEEEIIIYQQQgghhLjBPQlXdTmHd/wfCYYOgleuBZhGo5JtuNt+B2f1M6hIw9I7K1ULTqONWJEUVqoTK92Pal2Bd+SH+Jf2YDX1olKdt1yDshysdD/u+i9iKgXMybegkgftE4ycwDv8fcIP/yE4kY894CoIAgKtUUrh2PaiQVsLGWPQWhMEAQawLQvH+fTfFmNMbV1BgFIWruvccl0f95igsCwLy1Iode3rxu3n3O7cxhi0MQS+jzEGy7KwbRvLur/DbmMMBkPBK+JaLiHbxfqEAb42Bl/7VIIKcTeO4vb3VQghhBBCCCGEEEJ8eu5NuDp6jGDoAKY0Wx9QpSGawu7fibPqyZsHqzdQSkEojt25ARVtAK+MzoygZ4dQyTaUdeu+qcqysdL9OKuexOTGCc69X1tPUMUf/CnuuudqQe2CKthq1WN2dobZTIZQKIRSip7ubpRSeJ7H5aEhzpw5w9TUND29PWx/4AESicSicxcKBUbHxhi6PMT4+Di5fB6loKGhgfb2dnp6eljW2YnrurcMzLQxVCoVrly5gm3b+J5PY2MjTU2N2LZNqVRidGyMixcvMjExQbFUIuS6pNNpuru66e7uIpVK3XFoGQQB2VyO0dFRhi4PMTE5QaVSARS2bREOh4nF4kTCYVzXxXZq4XKlUsVozZatW2hpbl7ymowxlEolxsbHuXz5MldHRijkCxijCYVCNDU10d3VzbKuZaTTaULu0tXJ2WqO8eIEFb+CNgZbWbTH22iOpm97fSW/zHhxgmwlh2PZFP0yPcllpCNNZCs5xksTFLwilrJwlI1vArzAo6o9NBpHOcScKKlwA82RNHE3hn3D57AaVHnt4ps0hht5oHUTLdGl78etGAyzlVmOTpxgojTJ8/3PEneX7jcshBBCCCGEEEIIIX497nq4arwy/rn30LlxMGa+KtRK9+KsfrrWY/UTsBp7cB/4Ov7pnwP1wJbbD6VStoPdsR7d/xDBlcNQLWAMmJkh/OEDuPEW1IIervlCnv37P2LP3r3E43Ha2lr5vW98g0qlwt59+3j//fc5eOgQk5NTPPP006xfu24+XDXG4Ps+ly5dYv+BA5w7e46rV0eYnZ2lUChQqVZQQFt7O2vXruHBHTvYtm0bDckktr30tRityefzfP/7P8APAqrVKk8+8QTbt2+jUChw4OAhDhw4wKlTpxifGKdYLGHbNs3NzaxYvpytW7fy0EM76e3pIRQK3fJeFYpFLpy/wIGDBzl95gzT09OEw2HisRhKKbK5HBMT45TLZVw3REd7O21tbWhjmJmZxmhDR2cnzenFIWelUmFkZJQjR49w9OhRLl66hNaGWCyGbdsEQYDveyTiCfr6+3hg61bWr1tHU1PTomNlK1nev7qHK/mrGGNoDDfyVM/jdxSuFrwCxycHOTB+mJDtkveKfGn58yTdBJdzQ3w4so8rhRFc5ZAKpWiOpjFAyS+RqWaZrWQI2S7NkWb6kj2sblpJf0MPYSdce78wZCpZ3rr8NmE7TCqUJBVuIGTf+t7fyNc+FzOX+dH518h7eR5d9jAxN1prryGEEEIIIYQQQggh7oq7Hq7q7Aj+8CFMtVir1jMGwnHs9rXYyzb9Sse20/2ojS+BFYKPETJZkSR260qs1gH00KFaxauy8M+8g9O7ExNJzvdeLRaKHDpymO985zvE4nGefPJzfOO/+wZ79+7jL/7Df+DUqVNUKmUwUCyVcOvVlcYYqtUqe/ft46c/fYOzZ88SjcXo6elh9epVWJbF7OwsJ0+dYnBwkD179vDBBx/w+7/3+zz55OdoTqdvWt2otea1119ndHQUy7LoWlar7PzowAHeefcdstksyUSC3p5eqtUq4+PjnDp1iqNHj/Dhhx9y+fJlvvzlL7Fu7dqbVrAWSyX27t3Lj370KgcOHCCVSvHYY4/x6K5d9Pb2YFkWw1eusPuD3fzs5z/n3LnzBEFAf38/bW1tZOqBaiwWXXTsUqnE4MmT/ONrr/HuL39JNpNh65atPPP0k6xcuZJoJMLM7AwnTpzgwz17+OjAR+ze/SFf/tJLfOHzn18UsPo64OzseQ5NHMFSihWp5exatvOOPgu+DpgoTbF7dC+OVfvzeLxrF9poJkvTDE6f5kL2Eo7lsLJxBTs6tpEMJfCNz1hhnKNTJxicPsnhiWPEnChbWjbxwvLPsy69GtuyMcYwVZqhElQYKYxxdPI4vcluOuLtd1y9aoxhpjTLkcljnJw9RWukmbJfrrVdkGxVCCGEEEIIIYQQ4q656+FqMHEaU5wBrcGyMDrASrZjdW7ACi9+fP7jshJtH38nZaESrdgtAwRDB2v5lGWjRwcxhQlILQO7Fjq6rkMkHMGyLEKuS0d7B1dHRvjWt77F+NgY3d3dOLZNsVSkMZXCcWoVp1prZjMZ/v1f/CW5XI7f/73f4+GHHqK9o51wvWK0XKlw9uw5fvDKK7zyyisMDg7yV3/1V7S3t7HzwQcJh8OLl64UkXCExsYUk5OThEIhSqUSb7/zDkeOHmVgxQqeeuopent6icdjZLJZjhw5yt/+3d9x8uRJxsfH+eGPfkQkEqG3p4dkMrnoHFprTp8+w1//9bd5/4P32bB+Pd/4xjd46cUXr1tTV1cXmzdtorW1lb/97nfJZDOEQyFeeP45mpqa5nuuLgwRgyDgzJmz/O3ffZcfvfoqjakGnn3mWf7oj/6IrmXX9819+KGH2PXILv7mO9/hhz/8IaOjo0SjUZ5/7rnrq26VwlE2juWgAEc5OOrmA84WspRFyHZxLAdbWSgsQpaLUhaWsrAtB0spHMuiPdbK9vYtRJzI/P47O7bzg7M/5oORPUyVp9g/cYBEKE5vspuGcLL+OH8GbTRKwdHJE2xu2UhLrBn3Dtfoa5/z2Yt8NH4ICwttDLlqHnP7XYUQQgghhBBCCCHEp+juh6tDB8GrXDcjympox073cy/L7lQoBvHm2hqUAhSmlEHnxrGDKtT7roZCISKRCLoeFFbKFf7r3/xXiuUSf/Inf8KGDetxXZeRkVFs254PFLU2lEtlQm6I//1f/SvWr1+36DH8WDTKxg3raW9rZWpqip/97C3OnD3DL95+h77ePnp6upesbnQcm3AoXBsmBbzxxhssX76cL730Is994QtEItfCv7l2AD093fxf//e/ZnBwkKmpKQ4cOMDgo4/y4I7ti85RLBb57t9/l0OHDhGLxdm1axfPP/fckmFvNBrlK1/5CsNXr/Dtb3+bH7zyA1rbWvmtr31tUWsDYwwzMzP8w/e/z2uvvUY4FOKxRx/jm9/8Ju1trUtcp8OGDet54YUXOH/+PPv27+ff/8VfMDAwwPp162rvo1KELXe+6rQ2JMwmtiAAvRVbKULWgpBTQcQJ14JWy6oPn1KABVh4OmDhkZujaZ7re4bR4igz5VkqfpWh/BUu54bYGF6PMYaJ0gTaaBxlcyl3mRPTJ+lt6KY91nZHg75GC+McnjjGpewQjnIIjGa6PIOReFUIIYQQQgghhBDirrrro9f1xFnQPnNBqlIWKpyoDaS6l5RCWTbKXpA3GzCZEYxXnn+p6nlUqhUcx6ZcLvPTN3/KO++8w//2p3/Ki198gVUrV9Lf18cjDz/Ezgd3zFeCWpYilWrgz/7sT9mwYf1N+5talkVTUxO/89tfx7IdbNtm//59jIxcRWu9xLIVjuNgu7XqykKxyOXhYbZte4Dnn3vuumB1oe3btvHSSy/R2dkJGIaGhzh8+NCS57h46TJnz5wlm8sxMDDApk2bicfjN72ViUSctWvW0t+/nEuXLvPmm28yMzu75La/fO999u/fT6GQZ2BggBdf/OKSwerC6127ZjUPP/wwlqWYnJzkb//2767bRhtdDxrVfFjpm+Cmx1zIUjZhO1yLKeshu18/XsQK4ygbg0GhCFkOjlr8J9QUaaQhlJofZFXyS0yWpoBaz9V8tUBgglpvX+DQ+BFOTZ+5o3BUG82J6ZMcGD+MUrUwXRtNtpqdD/KFEEIIIYQQQgghxN1x18NVU5iqtQSo/YQBjB2Gez3p3FDr/zr/A2BZ6NwY+JVFmytl4QcB+UKBb/7xN1mxfDmOc/NCYMuySKVSDKxYccvtAGzbpqOjk6bGRmzbYWJikmwuRxAsHRBalkUsWutlWq1WeeLxx9m+ffttB1Q9/uij9Pb2opRFJpNhePgK5XJ50XYnT54km82iFLS1tdYD2VtrbWmhOZ2u9SqdmuL06dOLtpmemeG9997j4qVLRCNR+np72bTp9n13k8kkXV21vrKlUpm3336HmZnZ+WDYUjYWVi2+N2Bh4Vp3VqQdGE1F+zhYGGOwlUXEDmEpi7gTxbUcDLXXrXr4eiNtNGBQqvYJdy2XhHttqNlEaYpgbq1YXM4PMzh9muny0gH0QlfyVzk6eZzR4ii2sjAKtAnIenmpXBVCCCGEEEIIIYS4y+56uEo9eLpOUAV/cah3V81lZDq4/qVq+brXLGXVH/fXWJaira2N7du3E4lEbvlIt1K1Kkrbtm/76LdSikgkTGNjI0opfN+nWvXmA7kb2bZNpB6kWkrR091NS3PLbc+TSjXQ1NhIKBTCq3oUigXKlcVB8ujoKJVqBaUsQqEQ4fDtJ9uHI+FauGugXCozOTm1aJvTp08zMjJCtVqlKZ1mYGAFqYbbVzC7rktzOk1bWxtaa3L5HGfPnsX3/drvLaf++L7BYLCUImzdfs1Qe3/nAlRj5ipUXRQKz3hoDFb9z0Ybg2bxe5Kr5shWc3jax1IWzZE0/Q29aGOoBFXGSxNz/6wAqhboDs6c5tjkiXowu7RqUOXg+FFOzpxBYdW/QGOYKc8sqNgVQgghhBBCCCGEEHfD3Q9XrztlLRqiWsSU83d/KQsFPsYrYbRmPmnVev7R8DnKUlhWrarRcVxWrlxJuqkJy/r0b2UQ+FAPBy1L3TIsnTu/47o0NTUSi0Vve3zXdUkmE4TDYbQxeL5PtVpdtF0oHEYp69pAqjvojVuteni+P7/mGx9Z11pz6tRppqanMcbQ2tLCijuo6p271lgsTkNDCq01nldlZvZa5aqjbCyl5mNGqz7c6k44yiZqh+dDSgXYykYpi5JfITBBvWKV+pCr6+9F2S/zwchehnLDBDqgP9nLwx07aIw0AgZPe0yVptBoNrdspC3agqNsruSvcmzyxHz7gKVczg5zbOoE5aDCuvQa1qXXEBiNMZrp0gye9hb9u4UQQgghhBBCCCGE+PW56wOtiCRqrQFg/rFtU5xGZ0ew21bd9eXMMdUipjANC2v/VH241cLhW0rVqyJrFaNNjY13FAje9vzGEAQBuXye0ZFR3v3lu0xOTmK0wbItHMdZFOQtVCqXsaxaVa3ruouGR93snHMVtUrVayGX6CHa29tDLBrFGE2xWKJQKNz22JlMhlwuhwEikQitLS3X/T4IAoavXCGfz2NZtV6xx44dJ/A11WqFcCSC49g4jgsYfM/H8308z8NxbC5evMTkxAQAnudRyBfQuv7OKXVdAJypZNg3doDmTBNKWVR0FZTCUbUKV20CfBNgAdXA42zmPPNvuuK63qZzvVxrdaeGwGgCHVAJKowWxtk3doD3ruwmU82yrmkNT3TtYlPLBhzLxtcBFb9Cppoj0D472h9grDDO7tG9jJcmOT17lgPjh/lC39OL3gcv8Ng/dpBzmQt0J5bxSOeDTJSmODJ1DGMg6+Uo+xUSbvyOwm8hhBBCCCGEEEII8au76+Gq1dSNmR3GBLWQCqXQ2VH02ElM/0MoZ/EE+l87o2sB78xl1IKKRwAVScLCqsd6EImphW6uG8KyPn6YVS6XyWazTM/MMD01zcTkJDMzM8zMzjIzM8342Ph8WGhZFo5t37I6tup5tYDUsgiCYMnBVIsu25j6drXzOI5DOLz4/q9ZvZrW1hZOn7EZHRlhaHiYrVu33HQ91WqVS5cuMToyQigUoq29jb7+vuu2qVQqTE5MUC6XsW2bbDbLvv37OXf+PEopYrFYva2AuTaUKgjwvCpaGwqFAqFwiL6+3nola/T692FBJp6pZtg/fpC4G8dSNhqNo2wUFgYIjE9gAuz6HmOliSWva2HO7mufi9lL/Pj860TtCLOVDFcLo+QqOdKRNJtaNrC5ZQOrm1bSFGkEar1RM9UsZV1BYdGT6GIgtZyLuctMlKcYLY5xcPww21q30Ba/fqjX+dkLHJo4QiWosrF5HZtbNrJ/7CAKhcGQ8/J4gVerEJZsVQghhBBCCCGEEOKuuOvhqt2yEn35o/mflbKgNEswfhqduYrdvPxuLwnjV9DZEczsMFj2tWzKaFRDJ7iRm+77cXIsY2qh4IWLFzl+/DhXrl6lWCxi2zaO7WCoBZwd7e309vRy/sIFioVCvQ3B4kfrl1yPUmit7yhcra2p9n2u6nWpoLijo4MHH9zJufPnuXL1KkePHmXHju10LVu25DWeO3+eE4MnmJqepqtrGTsffHBR5arWmmKpiO/7GGNIp9Ns3bKFtvY2Qm4I13VxHJsg0CgFtlULQrXW+L5PENR63hpjsG2bVatWLqogrsf3xN04KxtXkAqnUChsy8ZWdq1amNpj9dR7qVaDKrayOTNzbskn7M38fw1TpWnevbIbL6hQ9EuUgzLPdj/F1rbN9Ca7aYmlCdvXwmpfB8xWMgTaJ+7GCTkhepPdrEj1cyk3RKaa5VJuiEMTR3k2+uR8eF3xK+wZ/YjL+Sv0JXvYkF5Hc6SJsB1CUaugLfllKkFFugIIIYQQQgghhBBC3EV3v3K1fQ24MShlasmeUpjAR09dwL+4B6uxC2Xf2fChT4suTKInz2MKM2BZCxNHVEP79dW0cyFnvafBnQSeUHsMPpPJ8PY77/DB7t0cPHiIRCLBwMAK1q5dy5rVq2lv76A53UQimWR8fJxXX30VFNi287EC0zul6r1coVbxqiyFHwSLtotGInz+889y5cowv/jF23x04CN6e3v4/Oc/T1NTE2491KxWq4yMjvLjH/+EY8eOk0438dhjj/HUU0/VqlAXsCwLo818O4Turi6++pWvsG7d2kVrhGstDG683wtbG1z/i2vfWiLNPNPzJJ2J9tvek2wlR8yJ8faV97hVdO5YLi3RFpojaQ5PHqHkl7GVTdyNsTzVR2u0BfuGyt7ABMyUZwlMQNyJE7Jdok6UTc3ruZC5xJGp40yVZtg7tp8HWjfTGq8F0peyQxycPIKvPTY1r2dFqg/HcgnbYSxVG67ma49cNV8Pim/fEkIIIYQQQgghhBBC/OrufuVq6ypUsg2dnwAdoABl2ZjMVfzB17G7NmG3r6tVtN4FJvDQo4MEw4fAaOYHbhkD8RasWPq6tgDGXB+o6jsIV40xzM5meP2nr/Ov//zPKRaLbN++g9/5nd/m0Uceoamp6boeqb4f4HkepXIZY0yth6pj14drLe1akHfntYuWVevlOhdMOo6DbS0dzA2sWMHv/u7vkkw28Oabb/Dt//JfmJmdZcvmzTQ2NmK0YXJqkt27P2Tv3r3EYzFeevFFXnjhefr7+hYdT1kWkWhk/vye51GpVG7aakDND5G6s1phc93/G+w7/jzVqlKX7lt67TVLKfoaeniu9xkcy+aDkT1oo3lj6Oeko2ke6XyQdKTpuvX62me8OIEBGsIJwnYYpRRr06s5l7nI+ewlcl6OC9nLfDi6jxdXPIevfX429A5XC6OsbVzN+ua1JMNJvMAjZIeI2mGKfgltNDOVWbT5dAN4IYQQQgghhBBCCHFzd79yNdGC1bWZYOpirXp1bmiU1uipS3gHv4f1xB+jYunaDnc1C+4ZAAAgAElEQVQYpn0Sxmh0fgL/8n6C0ZOohcGiDrA71mDFW1ALw9Ubq1XvIFz1PI/Tp0/z53/+/5DL5enq7uKbf/zHbN26hWhkqZYDhsAP6r1TDY5t13qu3uJeRKKRa8HvHVbT1sJChdG1R+9dx11UYTrHsizWrlmDbdsUCgXefOstXn31VfZ8uIdUYyNaa6anp3EcmyeeeILHH3+cjRs2kEwmljxeyHVpa2sjEomQy+UoFIvMzs7OV6L+KuYe85//GUNgFlfkLkVj8Oe2VXPHM5h62wBlav12tdEooLehi68OfJGL2ctczY+QrWZ5/dKbJEMJHurYTtgJ1/qiGoOnPcaKkygg4cRxlINCkQwn2dC8lsHpUxyYOEymkuUXw+/xaNcjZMtZ9ozuxws8dnZsZ0WqD0tZtX6/lkvUiVHwS2g0M+UZAglXhRBCCCGEEEIIIe6aux6uomzc1U8RnP8AXb7WGgDLAq+If/odlOMSfvyPIRQHrF85bFuKMQZTyeOffAP/wm4wAVj2gmDS4Kx8AhVNXRfwXqtcrQWTt6tcNcYwm8mwd99epmemcR2Xp596moGBFTcJVufObtC6NphqblDVre6DbTvoICAINKFQGNd1b3sPPN+rDYgytXPYtnXT4VzGGM6cPcfff+8fGBuf4OWXX+bRRx5GWRYz9VC0KdVIQ0OSaDR6XSXuUlzXZdWq1Xy4+0MmxseZmZnhysjIpxKuBkajMfN1psYYAn2H4aoxVLRfD1Zroaiva31hE24c13IJ0PVtNdoY+hv6+JOtf8S/3Pt/UPSKXM4O89OLPyMZSrCldSO2qt2Lil9lolwblpUKp3Btd/5a+xv6WJdezfHpk/ja42phhDcu/Izx0gSzlVm2tG5iXfMakqEkALayiblRok60dn3GkPcKGCRcFUIIIYQQQgghhLhb7s6z9zewWwZwOtdjhZM3VFkq8Ip4x16j8v5/xOQnP0YV5scUVPGOv4p/4jXITcCNj41HG3C6t9X6wy50Q1sAo2+/vmw2y/ETg4RCtd6tra2t831Kl2KMwfM8fD/AcRz8wCcIgpv2d53bfm7YkhtybxtuAuggwPd9ACxlESz4+Ua5XJ5vfetbvP7aa6xds5ovPv88HR0dtLe1sWbVKtauXk1HRzvxePymj/bfaMe2B+hc1onl2IyNjXH82DFyudwd7XsrFe1dqz6lFraWgsod7WuMRusAVW8MoI2moqvoeruAhX12bWXjKBvHcljR2M/XV36VuBvHUhYnZk7x3pUPuZwdhvpxin6R6dIMoEg4MawFn7lEKM7a9GrWp9egAU9X+cH5n/De1Q/xdcCOtgdojV4bCmYpi7AdIuqE69XUmmw1d0dtKoQQQgghhBBCCCHEp+OehKvYYdyNX0K1rsIs7I45V7EYeHhHfkz5Z/8nwZWDmGrxUz29LkxS3fvXeAf+gWB6qH7q+uAkDMYO4277OirZXqtmXbivMfVq0rlXbh9m6UBTqVTmiiEplYq3HE5VqyK1KZVK163tZnzfp1gs1tekKJbKVKvebdcFoLWeH9AVaI3nLR2uHjh4kLPnzqEsi1SqgUgkjGVZWJaFbdvYtj1fXXunlae9vb08uH0H7W3tlEolTp48ye7dH97RvnN832dmZua6Xri2qgWj12qQDXfyPkEttAzZDoEJ6scweNrHGE3eK1LVHpZSmHr7AN/4tffLsnm270keW/YIMTeGNprdI3v46cWfMVmcwtc+s5UMOS+PUrVWAHMVrVB7j/sb+tjR9gCucjAGqkGFUlBia8sm1qXXkAjFr7u3ruUSc+O1/YHJ4jSe9u54yJoQQgghhBBCCCGE+NXck3BVKYXVugpn1eewGrsh8Bf+svY9qBJcPkDl7f+X6sG/J5g4i/FKn/icxmhMJYd/cTeVX/xbvKOvYnJjtSFWar65JkpZWOlu3PVfhPrAoRsOVO9rWvvR8/1FQ65uFItF6enpxvd9LKU4cew4+XxhyX201mQyGX74yg8plUr1INfCsuwlQ0tjDEEQUKlW5o9XrVbw/duHq57nU6lW8f1alafrOITDS/dcLRYK+J5HLpdjcPAkR48fJ5vNUqlU8H2fcrlMpVKhWq3i+/4tw+M5ruvyzDPPsH3bNlzX5eKlS7zywx+yd//+2+5rjGFmZoaf/fwX/Pgn/3jd7wJ9rcrXsHgI2a0EOqDklbGYC9up97pV+NqvDYxStXYQN/ZxjTkxvtD7NMsb+ghbLkW/xEfjB3ln+D1KfplKUKWqq7Weq2580ZCtZCjBQOMKVjUO4Gu/1orYaD7X/ShtsdbrhmzN9VxNuDGMMhgDU5VpqkH1+n+wEEIIIYQQQgghhBC/Nne/52qdCkVxVz6OmbmMV85iytlrA6XmQkSvhB4/jVeYJhg6gN21Ebt7G1a6DxVJoezb9BU1BuNX0Lkx9ORZgkv7CEZPoKcvg1eun+pasIrRqHgLoR3/bS30XSLMdFwXN+TODw7yvFuHmEopGhsb2bF9B9/73j8AcOTYMd586y2ef+45Ojs75h/hL5VKDA6e5M233iKXy9HS0sL4+DiZTIZMNovneThLtBPwfR+v6tUuwRh8zycIbh9uOo6NDnR9cJYDqJs+0t/b20tTUxMnT51i9+7djI6N0tnZSTwWJxRy0dpg2zZu/f4k4gna2lrp6emhv6+PxsbGJe9NX18v/80/+2cEQcDPf/Fz9u7bS9WrMv3132bngztobGy8bk2B1mQzWU4MnuDdd9/l2PHjfO2rX7suePa1j699atGoQhtNVd9ZJa/BoNFoo7GUhTFQ9itoo/GNT2ACTH2glR9cXyWqlKIn2cWL/V+g4lc4kznHVHma3aP7cCyXSlA7jk2tlQBc//myLZvuZCcPd+zg5Mzp+X6u65rXEHdji8J127LmB2ahYKYyQ8kvz69dCCGEEEIIIYQQQvx63bNwFRQq2Y6z5llMOYd/5m3wq7XBVvObWLWANDdOUJpBz1wiuHIUK9WNaurBamhHxdKoSBIs59pwLL+MKefQhUlMZgQ9fRE9ewUzfRlTzjIXui2sWDXGoBItOGuewVm+C2UtfWt836dSqRD4Pt6CKs1b9RmNRqNs3rSRL730Ej969VUymQw/eOUVJibG2bhxIw0NDRSLJYaHhxgaGiaVSvHFF79IJBbje9/7HrOzs7zx5hvkclk2bNhAX18fDclkfemGatUjm83gebUq1Eqlgh8s/Xj/Qp7v1/fxUEpRLpfxfZ9wOLxo297eHp555mlK5TJnzpzhwIGDhELHcRxnPvRzbBur3iIgEg7TkErR2tLC6jWrefihh9ixffuiQVuu67J582YA4vE4H+zezf79H5HL5ti9+wPWb9hAc1OaSDSC7/uMj09w4eIFzp+/QKVSZuuWrezYvv26YwamFo7ODcfSJsAL7rBNgtFUguqClgK6NtCq3mtVG10LYOvblYIKceLz+zu2w6bWDVwpjJCtZhkrTXA1P8LPh94lZLvzrQBsZS+V3RN3E6xOr2JFajnnMhd4YtkumsKNS4allrIJW+H5iLbkl8lWc/g6qIe3QgghhBBCCCGEEOLX6Z4mMMpysDs3gNGYoEpw4UOMV7pWwQq1AFQpCHx0ZgQ9O4JyDqFiTfWvRlQ4UQtX50Y6+RVMJY8pzmAK01DOgvaZrxRcGFTNBavxNM7qp3C3fBUrlr75mlG0NLewfdt24okEHR3ttw1Xbdumq6uLP/iD/55QOMTg4CBDQ0P8+Cc/Yd/+j2hsTBGNxkgmkwysWMETjz/GwMAA6aY0+VyOCxcvMj01zZkzZ+no6KS7q+u64/uBT39/P8s6uyhXyrS0tNzRUCnP8+jq6mbnzoewlKKtrQ0/CJbcNplM8vRTT1GpVsnlcly9epXm5mYaUg3EY3Ei4TCe51EsFcnMZpiamuLy0BBKKQ4dPsTJkyepeh6PP/roor6syWSCHTu209LSzNq1azh8+Ahnz57lrbd+xv6PDpBMJolEIvX7D5FIhK5ly9i4cSMP7dxJZ2fHdWsN22E2Nq8nHWlCKUVzJE1DKHnb+wHgWC6d8Q6e7nkCW9loo2mPtWIrm/ZYG9vbttLX0IulLLoTy3CWCD2ToQSPdD6IMZqh/BVcqxaqupbD8oZ+qqZKV2LZkgGoY9l0JTp5cfkXODo1yKPLHiLiRJZsCRF3YqxpWkXey2NbDsYYYk70jnveCiGEEEIIIYQQQohfjTKfgek3xivjDx/EP/x9/MsfQSVfr2C9SUhUe/79+s6SqhZ8Gub6oZr5XyillnzEf+44KtGMvfwR3K2/hdOx/ubnBQqFIhcvXuTy0BDRaBTLUjzy8MPXVXDejNaa4StX+OijjzhxYpCJiQmCICAWj9HT3cOmjRvZsmUzjY2N831CTwwOcuniJcqVMs3NzaxYvpz29vb56lKtNblcjg/37CUcDlMul+latozly/tJJBK3XM/0zAxnzpwhny+AgcamFOvXrSMajS7aNpPJcPzECfbu3cfZc+eIRaOsXLWSttZWGhpSxGIxyuUy+XyeyYkJLly8yLHjx7l06RL5fI5wOMITTzzBv/wX/4LGxtSS4a8xhkKhwNDwMMePH+fsmbNMTE5SLpexbItYNEZPTzdr1qxh7Zo1dHR0LKqEBchXC/UKzlr1rm3ZNISSJEO3vh8AFb/CTGWWalCr5tU6oCnSSNyNk/cKFKoFfBOAgrAVIh1pwl2iPUWgA6bK0xSqBRzLxbFqrQACo6kGFdKRJmJubMmK1EAHlPwyM5VZOuMd2Mpa8rPlaY9cNU+2ksO2akFwOtJEzIli3zCITQghhBBCCCGEEEJ8PC+//PJtt/lMhKsAxisRjJ/CO/BdgqEDmOIM1ypNbx5aLly8WuK1ha8v3KvWQUCh4s04K5/A3fBF7I7111e13sm6b+i5eaf75PN5stksBojHYiQSiSWDws+CUqnMu7/8Jd/7h+9RrVR57rnneOqpJ2ltaVmyB2wQBMzMzvL++x/w6quvsm//fqrVKqlUin/3b/8t27c9sOR+C2ltqFQq5At5isUitm0Tj8dJxOOf2fskhBBCCCGEEEIIIX5z3Em4+plpzKjcKHbnRqzHW/BOvol39EeYwgwElVqFKSwZsi4VZy4Zst7wg3KjWI3dOOufx137eaxk+ydb9yd4BFspRTKZJJm8s0fV7yVtDEePHeM//ef/TKFQ4H/4wz/gq1/5ypJ9WefYtk1LczMvPP8ciUSCyakpTpw4QbVa4fiJ42zduuW2HzzLUkSjEaLRyKd7QUIIIYQQ4q7IVLP8pxP/H++PfsiVwsi9Xo74FXTHl7Gr4yH+p/V/SCrUcK+XI4QQQnymfKZGiivLwWrsJrTz94i88Gc4A7tqw6rmqknn2gHUv257PGNQ9X1q6Wp9HyeMs2IX4af+F0JbvvaJg9V/CiqVCt/5zt9w9uwZHt21i50P7rxlsLpQKBRi5cAKtm17gCAIUCgymewdvXdCCCGEEOL+9m+O/CXfPfcDCVZ/AwwXrvLdcz/g3xz5y3u9FCGEEOIz5zNTubqQshyc7m3Y7esJhvbhnXqL4MIeTGGqlo8q65atAq5jFoaqIewVuwht+jJ21xZU+LNfOXqvDQ9fYXDwJL7v09HZQaox9bH2j8XjtLS01nqsKkVvTw+WDFwSQgghhPiN98Honnu9BPEp2z9x8F4vQQghhPjM+UyGq/OcMHbPg1hta9EbXkKPncS/cgQ9fgqdmwCjr1VBan394CqlQNkQTWK3DGB1rsfuexC7eQAVToATunfXdR/JZrNUqlVA4ToOtv1JBiXV3qNwOEz/8uVYtxi2ZIyhWq0yNTWF7/tEo1GamppwHAff98nl85RKJbTWOLZNIpEgHo8DMD09Q6VSma9sVpYiHo8TjUYpl0oYY2hsbKxdVy5H4PvE43FCoWufBa015XKZ6elptNY0NKRIJhPz112teuRyOUqlIo7j0NDQQCwWA2pDv3zfp6GhAdd1KZfLlMtlXNclFAqRyWaplCsYowFVW3sijlvvP+t5PoVCgVwuh+PYpNNpQqEQQRCQyWQpV8q1z7uhdm2xGKlUCqUUxhg8z2NmdpZEIkE0Eqn19i0U0EFAIpGgUqmSyWbqxzCEwmEaUylc151vb2FMrddtJpMBpWhtaUEpVXstm8VxHBLxOOFweP5eZbJZWpqb54e6VatVstkckUiYeDyOMYZyuUypVKKxsXH+XhaLRYrFIolkksiCaujaZ8BjZmYGz6sSCoVIp9M4jkMQBGRzOUr19xNT+1OPxWI0NDTMv2+pVIpwOIzneeRyeYLAJ5lMYlkW0zMz6CCoF8IbwuEQDQ0NBEFAtVolGo0SiUTq9z0zf635fB5tDJZSaGNQQDyeIJWSR+OEEEKIG+W8PNOVmXu9DPEpmyhNkqvm72hQrBBCCPFPxWc6XFVKgRtBOWFUpAG7dTXOqqfQxWlMbgyTn0DnJzGVfK1CNfBQtosKxSDWhJXsQCXbsOLNEEmiQnGwQ7WerFI9eUcsS2FZiiAIKJbKVKvVj7V/qVhianIKpRTLVyxn5cAKbHvpbhRaayYmJjl89Aijo6Mk4nHyhQLL+5ezZfMmAA4fPszw1atEwmECP8BxHR7cvoOurmW898H7FItFwuEIlmXh2Db9fX20trZyYnCQiclJXvriC0SjUU6dOs3s7AybN2+mva2tdv4gYHRsjMNHjpArFLCUolAs8vDOnfT39VGpVDh2/DiXLw/VAk0gEgnz6CO7aG1t4cixY8zOzvLIQw/R0tLC2NgYFy9eIp1O09W1jN27P2R6ZoZEIk7gBwQ6YOOGDaxcMQAKTp0+w8nTp0Abgnog+uTnnsBxHHbv2UMulyMSDqMsheu69HZ3k0wmsW0bYwzT09P84p132fbAVpb39+P7PidODFIqldi8aSMjo6Ps/+ij+YC5UCjQ29PDunXraGluRqna+zw+Ps47v3wPrQO++uUvk0wmOXnyFIOnTtKcTrNx40aWdXZSKpUYHDzJkWPHeGzXLgYGVmDbNplMht0f7qEhmWTz5k0kEgkuXb7M+QsXeOpznyMajQKwd/9+Ll8eYueOHaxYsZxQKITWmvHxcQ4fOcrE5ASxaJRMNkd/Xy8PbN2KsiwOHjrMyMgIiXgcpRSO49DVtYxVK1fy9jvvks/n2bXrEVYsX86VK1c4ePgwxhi2bN5MJBzhzbfeIpFMEHJDBDqgubmZtavXMDExwZmzZ+nqWsaO7dupVCrs3rOHvp4eQqEQ5y9erAe+Hq7j0tCQpL+/n1Rq/Sf86xJCCCF+cyVdCd9+EwUmkGBVCCGEuMFnOlydpxTKCYMThkgSO9kOzcsxXhn8CibwatsZDcpCWQ44IZQbBSeMst1rfVvFx7Kss5NUKsXQ0DAjV68yPTVNa0vLHe0bBAFDw0McOnyIpqZGfutrXyNRrzJdSi6X4/z5c0xNTbHtgQdqw7AmJzl1+gytrS00p9MUSyXi0RibNm6gUqly5tw5Dh89SktLMzOzs3R1dtLb20ssGkOpWuWq51XJ53NcHRlh8ORJtmzeTLlcplAoEvj+/PmrnsfE5CTjk5Nsf+ABGpINnDx1klKphOd5nD5zlonJKXp6uulo76BQLDA8PMy+/ft59pmnqZQr5PMF/CAAwPM8iqUisUocz/cploq0NKfZtGkTWmuOHD3K5ctDpJvSlEpFrl69QkdbG93d3RQLRU6dOUMmm6UxlSKXy9HW2kJfby/hcBhlWcRjsVq7hTrf98llswT18xtjKJVKFIsFfN+nUq6gtWbr5s3Yts3IyAjnLlygqamJVEMDoVAIYwy+H1AoFPA8j8nJSSKRCKNjo8zMzBKJRPE8D2MMuXyeoStX8KpVTp05TW9vD5ZloYNalefo2BiNTY2sXrUKz/PI5/MYXatiLhQKXLlylVw+z9jEOK1trTSn07XPwIULzMzMsG3rVhKJBGPjE0xOTFAqlQiHw5RKRRLxOFu31K5DWRbRaLReqZtnZnaW2dlZyuUys5ksk5NTRKIRqtUqtmWTy+fZ9sADNDY1olCEwyGSyQRXR64yMTlBxavS19tLPJEgl8tRLpfp7OwkFo9z/tx5ro6O0N7WxsqBgftiKJ0QQgghhBBCCCF+fe6PcHUBpSywLbBd6Zl6F6TTaZ595lnGxyf4cM+HrFq1stZ7teHWj0L7QcCxY8f48U9+wtTUNC+88AJPPvG5m7YVMMaQyWaZnJqis72d1atW4Tj/P3v3HtzUfeeN/y1ZkuU7vgjbYGwlwg6ikAtmGryRMjG/X0vnaTJNmwxgtuMxm+HpjsMM7ONuZk2Xet104v6S9TzmN4ln+sum9nh2MTDJkk6zz1OyO3Y28q7JFnjSkiJicCJfEqCywBds8E3n98c5OjpHd8s2luH9mnGCdG7fc/uecz76fj9Hh7UmE4aGh3H9+g0kGwwANDAkG7BmzRpMTd0BBAFTU1MQBAFJGg2m7twRu9DfvQuDwYCUFLEVa1KSDqkpKbj8eR/Wr1sHvUGvCkwCgFarhV6nh9frxVdffY35/DmsW7cOeXl5EAQBX0stZks3bkReXh7u3r2LJK0WvZ/8F0ZHR6HVaqHRaKBuEy1+1gBy2ookbRI00GBubg6GFLH15PU//Qnz8/MoKy1Ffn4+ZmdnsWbNGqxZs0aedmrqDkbHxmAwGMR1Mxrl7vyQxhE0Yp7c6ekZzM3NYsTjQUqKUSyHxj+erwu/1+uVv1POx2g0InvNGly/8SdkZWXh7vQ0UlNTodfr5BQEo7dGMTs7gyeeeBx/dDpxa3QUa00mCBBTDngnxIB2RkaGuF00GkAjtlB2uVzISE/H+nWFGBsbg9vtRvaaNbg1Ooobf/oT1q9bh40bNwIA0lLTsCYrEykpqfB65wFBfNHardFRJGmTkKTTISc7Gxpp2+ZkZ2Nqago3b97E3bt3oNeL+17wCvJ6jo+PAxqxwXtO9ho5ZYAx2YiZ6Wk4L1/G1i1boNPp5VbEOTk5GBsdE9Mg5OVh/fr1qu1GRERERERERA+eVRdcpXtLr9fj29/6FtxuN/713/4VH3zwLzAYDHjqz55Cfv5aGAwGVYBpdlbMlXnJ6cSZDz/E559/Drvdhh98/wfIycmOuKyZmRnMzs0hOztbzoOampqK9LQ0TE1NYXp6GoAAz82b+MPFz8RAG4Cy0o1i3lCtFpNTUxgbH4NBr4fRaERWVhZ0Oh10Oh3WFRYCEOB0XoYmSSsFQf1l1+l0yM9fC+sjj8DtHsGXrgEk6ZKQbDBAl5SE6ZlpOceqVquFwWBARmYmvF4v7ty5IwX31C9b02ik/0h5UUdHR3Hl6lWMjo4iSaNFSXExUoxG3L1zB1oph2xSUhKSkpJQXLwBAHB74jYAMYg8NjYGvbRumYEBbo0YLRwfH4dWq8Hc3Dym7kxJQVhxlOm703ANDGB8YgJzs3N4yGxGQX5+UNBbr9OhsLAQN2/dxPBXX8FgSEaWlJ8VgoDbt2/Dc9ODZIMB69etx+d9V8QUCNniPha/XwfBK+CLL75AWlqaHNCdnZ3FlatXkZMtpku48Onv4fHcxHTxNKbvin85OTnQarViaoWBAczOziI5ORlGoxHQAHenp6WAdhIMej3m5+agNxggACgoKMDMzCy+vnYNMzMzyMrMgiHZAEHK/SsG8sXcs16vF8kGA7Kz5yEIArKyssRUBGPj+NI1oArA+4LD4u7U+APGRERERERERPTAYnCVonr44Yfwg+9/Hzq9DufPX8D/+l//G1999TU2brQgNzcPycliIHR2dhajo6MYHv4KV65ewa1bo3jym0/iu9/9b9hstUYNROmSksQ8p5NT8Hq90Gq1mJ2dxZ27d2FMNiJJCs7Nz81jenoaKUYjzGYzyko3it97vcjLy0PRuvUwGo3Q63XISE+XA59r1mRhXWEhej/5RGylaEhWpd6dm5uDVxBQUFCAgvx8uEdG8HlfHz7vu4JHt26BVqvFzMyMnHd2fn4ed+7cAQAYDAbo9Xpotf6Wq16vF16vV1yGIEgtQlOQkpqCwcFB5ORkIzt7DVJTU5GUlASv9EIlQRBzrt64cQPp6RlSzFRAbm4uitYXITnZAJ1OXDcVQQCgQW5uDgoKCjA3O4fJqUn4XigGQArgZsBz8xbGx8exZcs3kJmZqQoi+l4Glpubgz+5/4S+K1dRkJ8PvU4HrVYLAcCtW6O4fv06BEHAtevXoNVqcLW/H5utm+DbAgUF+dBAA9fAAG7evAmD9NKqidu3ce36dSQnG+Hx3MTdO+ILxMbGxuRAuK81stfrxcTEBL50DSA1NRXr162DRqNBZkYGijdskFolJ0Ev5Wud984jJzsbN2/exNDQsNj6NysLd2ekF51Jb8Bat24dstdkAxCQlpYGvV4P77wXKUYjNmzYgBHPCC5//rm4LUKkFJFfmsbgKhEREREREdEDjcFVikqr1WLr1i3Iz8/Hk9+8iLNnz6Kvrw9X+/vFt7IbDNAkaTEzPS0GRufnUbShCM899xwe3bIF2dmRW6wCYkvA9IwMZGZkYmj4K6wfHkZ6Wjo8Hg9GR8ew5RvrxRcYAcjPX4snn/wmMqRWnr632fuCY2npaUhNSYUvqDg/74XXO4/5uXmsX78eRevX49M//AH5prVQtlydnpnB8PAwrl2/jm2PP46NFgtu3bqFsfEJJCUlIS83Dx6PB66BAczNzeH27dsYcA1gzZosZGdnIydnFINDQ/iT2w0AGLl5U25x6QvGFRbk45vbtyMtNRW//8Mf8NXXX6OstBS5ubkYHx/Hl1+6MO/1YvL2bVz4P5+ifNsTyMnJAQCkpqYgIyMDBoNeDur5gtCAGPADgIL8Algefhizs7Nwe0YwOTkpBRbFlsCPP/YoSoo34N8/dmBoaAiZGRlYu3atPB+vIAaF09PTkZaahst9fSgt3Qjv6Dy8XgFzc3O4efMmJm5PoiA/H2Pj48jJzsOE+TwAACAASURBVMHV/n64R0aQkmzE3NwcdDodNhRtwOTUJD79/R+wrrBQzMM7OIjkZCOSkpIwOTWFNdlrMDU1ies3bqCwsBC5ubkYHB5CfkE+0tPSUFJcgq++viats7jeBoNB7srvaw0r5oudQ2pqKiYnJ3FraAiZmRlIzczA7clJMfYsiHPIzMhAeno6NBrx+PYFcue9XqSnpSE9PQ1ffOmC5+ZNbCorlY8RQQC80r4kIiIiIiIiImJwlWK2dq0J//f/tRNP/VkFRjweXL9+Ax6PB5OTkzAY9Eg2JCM3LxeFBQXIyckRu3AvQFZmJoqLN8Dt8eDcufPIy8vDV19/jcyMDBStXw+DwQCdXg+tVuyqr9frAfiDiimpKbh+4wZmZmah1+shCF7kr81HZpb4siatVgu9Xo/HHn0UA0ND0CuClABgTE5GijEFbrcb585fwJrsNbh2/QY2brQgMzMTmx4pw//59Pe4cvUq3O4R3L17F7dv30b5tm0wGo1YV1iIP15y4vPP+/DV119jdHQUWZmZyF+7FoIgQKfTQSt1JS8rLcUXLheGh7/CWtNabCgqwq3RUXx+5Qpu3rqJ27cnMTU1hYwMsVWp0WjE19euY2rqjjgfrRZrTSZs3GiRg6IarRZGoz+QC4ipDgx6MXVDUlISkg1iTtm8vDw88kgZ/vCHi8jJyUF2djaSpZalWo24nYzJySgsKMDX165hTWYmpiYn4fUKmJ6extTUHRQWFOCZp59Gki4Jd+/elVukrisohF6vR5JWi6ysTBRvKMZXX19DUlIS7ty5g8HhYZSVlWLb448jOTkZk5OT+K/f/Q5j4+N4yGxGSXExbty4gd/97hxMeSYx/YCUZzc5WdzvIyMjuPjZZ0jSaqHRJmGtScyBqtfpkWxMFtdpzRpkZGYiJSUFWq1GSregRbLBgMuff460tHQAAozJRpjNJdAmaaHTJUGj1SA7OxuPbd2K/zx7Vg7gA0CSVgu9Thc2dzARERERERERPVgYXKUFS0lJwYaiImwoKlrS+er1epSUlCArKwtX+7/A+Pg4HikrxcMPPYTMzEzMzMzCXGKGVquRA6s+Op0Oj35jC8bGxzE3NwtBAARooNFqkJaaioceeggajQZarRZr1qxBxZNPYm5uDmlpqarlP/SQGenp6ejv78fk7dt4/LFHYXn4YaSmpiIjIwM7nvwmBgeHMHLTg8zMDJRvewLr1q0DAKxZswaVTz+Nq1/04/bkJCwWC4qLipCbm4s7d+7AumkTMqW3yxsMBvzZk09iaHgY2iQtMjIy8MRjj8OUm4frN65j/bp1KC3diOzsbMzOzuKRskcwOnoL8/Ni69GkJC20WvVLqDLS0/Hoo48iz5QnBwSLizZgdm4WaWlpKMgvgF6nlwODmx55BBqNBsnJyZidm0NycjKSkpKQnb0GWzZvRmpqKjZIXe9NJhP0ej3m5sQ8t8nJyUhLTUWyUQzIpqamYseT38TExATS0lJRVroRmVlZ0Gq1KCwsgO3PKjAxcRt6vR7r169HqcUiBT3FdX+krAzT09PQaDTYsKEI6RnpcH3pwujoKArXFaJ4wwaY8vIwPz+Ph8xmpKWlYX5+HoJXkFuvGgwGPPH4Y8jLzQVyc5GamoL09HTodDoYjUbkZGdDbzDgiScex8zMDLxer5QCQQutNgmFBQVYk5WFjIwMpBhTULpxI+bn51BQUCBvszxTHnR6HbKyspgSgIiIiGgZud1uXLhwASMjIxgYGEBJSQny8vKwbds2mEymlS4efvKTn0Cj0eDnP//5SheFiOieGB0dxdmzZ3Hq1Clcu3YNWq0WGzZswIEDB2C1WpGamhp9JvcpjcD+rUREREREtMS2v/fM8i+kvAPnzMXq72Y+RfNvDqNzIfPZ2ILuxx6Hx/UMXjy/lAWMxYv45XMHUT79W2z/8BcrXJbozr3w0bLO3+l04vTp07h8+XLYcTZt2oTvf//7sFqty1qWcJxOJ5qamgAA9fX1K1YOIqJ76d/+7d/wD//wDxgaGoJWq0VmZibGxsawceNG1NfX45FHHlnpIi6Lurq6qOOw5SoREREREa06VU9/gDoTcP73z+BHV33fioHKuhc+wDO/f1bxfSJ7Fz/6zbsrXYiE4HA48PbbbwMQA6h2ux15eXmwWq1wOp0YGRmBw+HA5cuX0dTUhAMHDsBut9+z8k1NTeHMmTNwOBzyd2+//Tbsdjt27dr1QLfaIqL7m9frxdDQED799FNoNBqYTCa89NJLaGpqwtmzZ3Hz5k3VO2EeNA/mWhMRERHRKuREW3U1GrvcYcdwdzWiuroREUaJzt2FxsXOA044nQsYu60a1W0LmOCB9zd4wZSOCXd7QAD1XfzoN7+FC+koW/fiShWO4uALrKakpKC+vh5HjhyB3W6XW4VarVbY7XYcOXIE9fX1SElJwdtvv60KdC6nqakpvPbaazh9+jRGRkbk70dGRnD69Gm89tprmJqauidlISK617766itcuXIF4+Pj0Ol0eOqpp/DMM8/gqaeewuzsLD777DNV3figYctVIiIiIlpdHK1oK2zA/sCeuO4utDoAy4oUSsmJtuomoL4D7Cy8vDKMG0N8+wu8+N4v/B/LO3DOnIPzqpasUld8BKQQSGtB9wuPI8P3eULqqu8jddnP8H8DV1D3/b/Buy98B2b58yB+8141GuWyAOfdOSg3pUvTvwnPOkVagFjLIs9PkRYhnpQICcDpdMqB1SNHjqCkpET+/syZM3LQ0m63ywHXI0eO4LXXXsPbb78tt25dTi0tLRgcHAw7fHBwEC0tLThy5MiylkPkRldjHRz2ZjTsVOSfdbahuqkblfUdqvrR3dWIOocdzQ07ETlbrb/uCqpfE5i7qxF1A7vREVBoZ1s1mrp9nypR37FfVSe7uxpR194vfrDURNg+obaLuA98k4dahmr+gH+/SPspmAU1zQ0Qd6m4TH/x6wPWTz3cUhNwLASWL2j6lRNuf8XD2VaNJiTOuvkFHjPK/RF8LAaKds6qhru70FjngF0+diKVI35ffvklZmdn8Vd/9Vf44Q9/CL1eD71ej5/85CfweDzo6+vDtWvXsHbt2sUtaJVicJWIiIiIVpViux2DZ51AQDDFfdEhDuu/Ny3ZaCX9AhcnvgNzxndw7oXN/uDlIplNj8PlegaV5wFfkPTct6HKhQr3m9j+sdSNv7wD58wf4JdjUuDWF3xVBEIbvv0RnnuhA5DLWIzyrE/R/J4vCPoifrlugWWBLy1CuiK4K6VEeK4FWGUB1tOnTwMADh8+LAdWlSkCfC5fvozLly/jwIEDKCkpweHDh9HU1ITTp08va3DV6XRGzAGrLJ/T6bwHOVhN2Gq3oH1gBFCEXtzXBmGxWNB91on9ijKMDPQDxbujBFZXJzmAWan+3tlWjabBGjR3iMEpd1cj6hq75GCVOF0x6jsaYJXGr2srDBmkc7aJQUzVItwX4YB//iEmQl07UNPcIQa83F1orGtEV3MDdlr3o6Njv3JmYuCteLcUHHOjq7EJ3XJAVBze2OULoEqBVUXA1NlWrRgOONvq0F5cj46GUNPfP6z7O9Cx0oWIhfsiHP3Rg6qxMu1sQMfOJZjRAni9Xqxfvx5btmyB0WgEAMzNzUGn0+HZZ5/FF198gQf5lU4MrhIRERHR6lK4FXZHK7rcylYaTnzQXowdzUBg2zJ16yVA1TrI3YXGugHYawbR3t4vtl6qDZiBuwuNde3oV7Y2CWh55G81pGhN1FQtPfxCbDlSU4PB9nb4GxKFb0kSscxioQJaTQUMl8ssLywBW/YsTuOHb2LdcwdRbijGcy98hOek7yfcb6Ly4/hymE6431S0Qv0FXnRtxjmzDb/cCPwoKwcZuI3zXyvmfb4a2xWtVhsefhwZM5+iWdHCtPHD32LrC9/B1nL/eK6vowc/I5blqpgWARO/VYzzLn7ktKH7scfx359+EZ1xboN7ze124/Lly9i0aZMqKPmP//iPAIBt27bJOVcvXLgAh8MBm80Gq9UKq9WKTZs24fLly3C73TCZlidw5FxAjo97E1wFTIXFQPtZOPdbpWCNGxcdgL12N4rrlN87cbYbqKyX21Oq646ILTYjt/5Ut8xUD3O2VeNUST3sjiZpWWIdVfiBf36BrS3V8wus8wIo6uXKyn6o24H61tm/Xqadu1HZfgoX3Tux0+TGRUc/LDW1cnmtOyqBJuV2k1cETahEZcASMDKA/uIdYbabG12numGpafaX37QTDWGiYe6uVrT3V6K+wbfkEQz0A5W7fZ8DgunOs+hGJeoVdbr12Rqg7gM4d+6H1d2FU90W1DT7p9+5uxLtpy7CvVPaJqprRCXq64GmUyVobtiKiwGtooNbUTrRVn0WO8JcD5XXNmdbNc6W+K59Frz4AvDue/0AmlA9WIPm3QOoa0LwcSUtbySwZWpAK82glquqsqiPIV+L2Xo0ycdg4HU46NqrunZGbk2sOn4rK/3BeEWZmqq75eNeuSxLTQ2K29sDWpgO4IPGanTLjasj7RMFaXni+MHfBwpu9RxaUVERxsbGMDc3h/HxcaSmpkIQBNy+fRt6vR6PPvpo1Dp4fn4e8/PziBSC1SUlISkpKWp5Eg2Dq0RERES0ypiw1Q60XnRjp++BwHkW3ZU7sB/XVGO6uxpVrZfkwEJrF7bKDyXdaB+oR0eH/+FNMQM0is2P0KF8qGkvRn1Hhxy8aKuuQyOa0bDTiv0d9YCqG54YmOlud6CmuQMNJkgPOY0oCRE8iF5m6TMCWmXVtaGwYz+szjZUNw36lyWNX912vwVYlS+C8nfFzzAdxLkXagLSAMTGMxkQkDx/CS7zd8T8rR+L/y5/7COcezhEF328iHXJAKavBwROFWkKygHgNjxjiyxL1maYAbg8AWW42oM+6+MoD5kuITFduHABAIJeTHXkyBGcP38eP/jBD+Thf/mXfwlAHcC02+24fPkyLly4gF27di1LGSOlA1jMuIti3YFKnMI1N2A1QWpJaUetKQ+wdOOsc7/YuN99DYOoxG5F12SHvRkdDb4WjuFbbAbWRcrWnwho+enuakRddZsqSNbffgr25g50+IJgddWw1DSjQ/wC1U1SMBCKYFFHg1jvOdtQ7avTwmwCe30HGqyAs607IPRpxf6OgPaM7msYBCC2izZhZ0MHVHEnMRobsCwn2pqA+o4dONutXoL72iAsg4Oorg4RXHZfhKPfAnttLMF+Jz5o70dlfYNi2XkosQDtcgtkKRhsz/NPZilBXtC8BsXjYWQA/SjGbuXi80pg6XdIwWUn2pTXNd91zlKD4FbR4rLRXwy5nbR8vYW0H+G/Hipb6ErL724fUFwvgYoMZVoAJyrR5D9epeVV7haPgwVl8FRc+3b6rrN1jYDyOtvdhFO+Y9Ddhca6arRJ1+rA1s7i/JrQtqMD+61ia+JB+V5A3Ro4VEvoJkitna370dFcgsa6Aezu8B/vTd3+Y0Y1vk9/N1DfgQ45lUQrurZG+MEh1DZQbsGAFtO+Mu+OIbD62WefYWxsDDMzM7h06RK8Xi+eeOIJzM3N4Xe/+x0uXboEm82G/v5+zM3NyT0QAgmCgPHxcczOzoYcrtFokJcXfGSvBnyhFRERERGtOqatdsBxEb53TjnPdqNyR/AjuGlnAzpULTvEB8dAoabFiD+w6m/VIT341Ssf+K3YX1+J/vYPEKl9m6Wm1v9QZN2P+sp+tH8QPEXUMksP7jW1ylZZDejwPaSd7VYvCybsrK2BpfvUIl/Slch+gRffewbb33sG212DANJRbm1B1YLmES3oKS7jNxMAMr6Dcy98JP59+2+k4RuRa4iv9Asvi8hs/shfjhc+wrkXDqJ8ycpwb7jd4kEZ+EBdUlIiB1adTidee+01eZiyZahvOt98lsNCXlR1715qZcWOyn44LkrrPTKA/uJCmKT6ovus0/+9LxDn/ADtqEGtIphi3V+PypB1gxT02x1QzzTshEkOCPrrQdPOWtRYunFKOaPK3XI9ZN1RCaDSH8ix7kClFAwUlwVVnSbWkQHzUzLtxM4F/Fbk/KAd/Yry+IgvQawWA10BAWZ31ykM1jwbMrg7MtCPftjR3NGBjo4ONNcMoqm6TXENKEYhutBYXY3q6uqwL1p0d51Ct6UGz6oWIgZ/69EkTVuHgd0d/uuQdQcq+9vRqpih8wNFTwUgOPhqKoScnVlq+SrvC9NO7FZE9Uxb7bB0n5XWZQQD/ZWorOyG75DyX2/FFrqq66FpJ2proL62Ve6I0BXeih2V8B+vUvf5UJfkyHythaNcZy2K419ab9+yrfs71Nde647AbBMK4j5q2OkPQFsUx4p1f32EaYPvI6zP1gTni1ceF9YdqEQ/BiJFm0e60NjUjcr6KAFYQMxR3w7UNEdOUzA+Po7/+q//wsDAALRaLdLS0jA3Nwen04nu7m78+7//O7744gskJSUhPT0dgiDg0qVLuHjxIiYnJ4Pmp9VqodVqMTs7i+npadXfzMyMPHw1YstVIiIiIlp9TFthR6vcCudsdyV27AcQLr4S2B3OomwlZ0FJUEOJfrQ3SR0mC5VPKWJ3ze6m6sBOoghK+heguFD9tJNXYgEc1+AO92gTrsyhWiXJ3Lg2CPR316G6PXCYBfZQk6xCYr7Rm6FzrZ6vxm9yP8JzGTkoW9Bc05GbFX2sxg+fkZcplsOXC3VBC1uCstyOq3VuovG19AzXlf78+fM4duyY/PnP//zPVeP6/r2cLUZDBQnCuXfBVbEO6ZdaGIoBL7FVmmmrHRapbhk52w2LvVlsgyhWDqgLqhwsqAmcufsaBmGBPVQjspDDTCgsDjGuajGhWlv65teP7rpqBJUsqGALJ3a/rkR9R5gf4HZCbMVY3eh/KZC7C60OO2obQrefDMz1adpZixpHHU51PYuGrQDQjabWGjR3dCha4ga0opRbpNYGdO0Wu58P+lpYwo2uxmpUF/t6H1ixv7kGjXX+er6yXgySx8J9bRCw2FX7wrqj0p9Tx1SIYjikVrBiK9XmkkG0il/4r7eRroeRL4cq1h2VwCnxeDWNDKA/YjA2HLEsxbtDXGcHFF8UF6q2tfI67M+qE/AiMgByaoUmaZur0mmEWrbY+li5aHVZA+47lMHvuPjuWXyt1CPxt1yOFoR1uVzweDxYs2YNcnNzYTQasWnTJrjdbly7JvYUys7ORkFBAbKzswEA165dw/Xr15GamgqLRR0y1mq1SE1NlQOqSr4ALYOrRERERET3jCI1QKGii2IA/0OSRe4mJ3Y/jb4ES00zatGKuqY2f245qWtppHypi7WYMvse8mLNobZadX59Ff/d9DieefpFNIbLLTpzE31h5yC1Mp1Rf5ub9iIAxfzKN8McmGdVWY6P2/HMcwdRnlyAKhwWX7KVXIAqQJEaQHzRVPn0b7HdE9v6RS3L1Y3+FAFXlWUT0yPkLiLv7L1WXFwc8UVQZ86cAQCkpKTgyJEjQd1NfflQi4sXF5oIZ2pqCkNDQzGPf8/SAkAZRIUi4AXFj09bgUGgeIeiLoiSY3XlRMmxGid/YDXKi4RMW2G3tMNx0Y2dO4GuVgfstQ0L2E6BweVK1KtaQT6LGkudNH9fEtAw6QN8OVX9CVuxs7YGjrpT6HpW2kaBOVzdXWhEMXb4YsH9A1C97kyVFiEasVX0qYtubMUgLCXPir1FWi/CvRUYDLjeLvp6aN2Byn4xH26h4keCe81/7a2UuveLQW5/OaVu9VIahbrqdinv6ooUN0hlfQd2nK1GU9uOCCmAFC9Li+Fku3r1KgoLC2EymaDX65GUlIRNmzYhPz8fU1NT0Gg0SEtLQ05ODpKTk6HVarF+/XoMDg5ieHg4KLgKAMnJyUg2GjE3N4f5+XkAYtA12WiUX5S1Gq3OkDARERERPfB8qQG6wqQE8HfVa0ZHh/+hfWSgP8S4gSywbzWJL0FBN5rapG6FUuuSwWsL74IcOI34Bu/CgIf3GMqcVwKL3J02kNhapj9i38H7wNXD+P/ct5FhOojup19UDap6+gM8l3Eb553SS6POX4IL6Sh/+G/kcRq+LeZnDZRhqsEvfelKN7ag21wMTPSIrUPLO3DuhY/wruLFVNhoQ5kBmBjrQSeAxi8+xYThcdR927+sqqdrUG64jfNfBOZojSxiWfALvCetv7I84noN4qNVElgFIL8AZWQk9DFrt9vx/PPP44c//GHIPH6+6ZbrZVbnz5+PPlIAhyOmX0IWz7QVdjhwsessulWtQk0oLO7HwEV1F2tTYbEcdIs+70IUh+uGHHKY2Go+vvWIsKy4ia09xRyagYFVJ9qqq9EWLo+L+yIc/f1or/N16RdfYtTdVI3GLneY6cX1Ly40SesTro5WLsaBfosdW5fg0BXnJR0Doa4RIwPyskIdB+6AnWfdUYn+gYviS9K2SuvUP4CLFx0olq+34vUmnuuhmi/FRZf4I0FcgdrQZQm63g9egztweHEhTHJX/Q45xU5Ypp1o6OhAR30l0H0WzpDLFn/oDF/WgONdCn7HT2wJa322BpbuprDHtvzytBii4dPT07h165b8eXZ2FoIgICUlBevWrcPGjRthsVhQUFAAg8GA+fl5zM7OQqvVyi+9CpVbVaPRIDUlBQaDP4eNTq9Helraqm21CjC4SkRERESrlakQxf3taI/yMKYMNIovkVjIQsR8qpAfVqx4tsaC/vZWVf48Z1s1qhu7pIe20A95qmmcbWjqtqDm2dAFj1hm01bYLQF55KQurV1usesiAh6uxLyCbRFzwq42nR8/i+2//xQwHVTlHa3Luorm95Td5X+BF3//KSYUeVKfufummDs1gMt9FWWPSfN67HHA/ab/xVXnq7HdNajOcyqNI7cSvXoYle/9Fi7FssT0BQvvvh+xLL71DyjPc8mfojlUqoQEtmnTJgDhA5JTU1Po6ekJ293eN922bduWvGxTU1M4ffr0gqc7ffr0PUoPIAZRHY5BWOxbVT/UWHdUoru9Xd3F2vosaiyKH4sAsbt6yLpBrOu6T3X5g1HyuNKwJv90vqBNLC/HCRY8v6gB0CicbdJL/0K20g1eN1X5fcEz+U/Mn1lZ78uxKeUJDZwevhyZVjxbA7S3KrfdB2jvF3+08wn9Axuk/JrKfLNudLUqc8YGbBt3F1qV+XFNO7FblWtUykfqO0ak40CevzS9Sl4JLN3taO8vhpjRJg8llm60txcrrrfi9UZ9PRSD2o0LTPBt3VGJ/vZ2dAekBMgrsUgBTFFQbllZiLKEus72t+MDxXY7FTDcf92WWnjKQ4LXS3wJ2g5Y5WX7864725pCpA7yl3WrXX28h1+vBTLtRG3QuSQXCnUx5Fn1GR0dhSAIctB0IX9erxezs7O4fft2yHn7Wq8mJSWJrVaTk5GcnLzYtV9RTAtARERERKuU9ICLcPnZTNjZUI+B6iZU+55yLDVori9GXZP01uSYFiO+WKWpqRElzQ3YubMBzWhEnTI/oKqrrfS25fY6VDtq0NxQCACorLHDIU8TrgtsDGU2mbCzoRlorEN1tVwA//xM+9FRD1Sr8uDF0C12Nbp6GJWxBC1DjveuPwgZ63zOV2N71IaMv8CL74VppRpy+nfxo98oWprGWpaYy5PYSkpKsGnTprCpAf7pn/5J/v+uXbtUw5xOJy5fvoxNmzYtS8vVlpaWsC1qIxkZGUFLSwuOHDmy5GUKZN1Rif7uQdQEdi2XAnSD6sSOwfVLhLrBtLMB9QPVihytYj1jBQBfPShXQourY3zLaqpW1Frxdjd3d+FUNwC0B+WX9c0zeN0WVn7r/g7UtwVOr375l7h91NtOmW9VTH0aKgutFfs76tFWrcidbalBs7wxfDlXq1EtD25WbSvr/mbUKK8Rqm7gvuPAN38LKist6Fc2nTRthd0C9Bf7rq++FysG5M217kdzjfp6GC0tjWmrHZb2JlQr0zVIx2vgL6W+XLa+4yJiblnrfnTUt6E60nXWUgmcqkZ1v2+zdEjDfakXlHlsm1Fzqg7tZ53Yb7UGDRev+1b1dpA2uKWmBpVBGYSV66U+3sXxHSHyvy+cvM3adqhSFjjPistqD8xtXFkfMo3ArVu3oNFo4PV6MTc3t6Ay+IKyExMTci5WJY1GgxSjETMzM/DOzyM1NXVVt1oFAI0gCMJKF4KIiIiI6P4l5W1bxjytiWj7e8+sdBFoGZx74aMln6fT6URTUxNSU1NRX1+v6v7/2muvyQFUZbByYGAATU1NmJqaQn19fdgXYi3Gj370I9y5cyeuaVNSUvDLX/5yiUtEtDzEvN72FczH60Rb9Vl/fvNlsPLrGIkTbdWnxB9wYyicu6sRdQO7I+RWXbyuri4MDg7i4YcfRkZGxoKmvX79OkZHR/HII49E7FUwOTmJ+fl5ZGZmLra4y6quri7qOGy5SkRERERERCvGarXiwIEDePvtt9HU1IRDhw7JwdIjR44EtWh1Op04duwYpqamcODAgWUJrPqWHU/OVQAoLy+PPhIRiZzhX0x5/3Gjq7EODru/ha+76xS6LXY0xxj1jS13/OJMT0/D6/VienoaOp0OGo0GGo0GAOT/+/jabAqCAEEQMDs7K6cTiCQtLW15Cr8CGFwlIiIiIiKiFWW32wFADrBu2rQJdrsdJpMJVqsVTqcTIyMjcDgcuHz5MgDgwIED8nTLoaSkJOglWlNTUxgcVL96pri4GKmpqctWDqL7lxhobO+vRH3Hg9K1IzgFgTq1UCRiT5huWFDTvLzby2Kx4D/+4z/wySefQK/Xw2g0Ii0tDWlpaUhNTYXBYIAgCJiensbU1BQmJycxNTWFO3fuYH5+Ht/4xjewbt26ZS1jImFaACIiIiIiWnJMC3B/Wo60AEpOpxOnT5+WA6ihbNq0Cd///veXrcVqJG63O6iLaHNz87LkfCUiopXHtABERERERES0alitVlitVrjdbly4cAFutxuD6ok11wAAIABJREFUg4MoLi6GyWTCtm3bVjSQaTKZcODAAfzzP/8zAOAHP/gBA6tERA84BleJiIiIiIgooZhMJuzatWulixGS3W5f1nQERES0umhXugBEREREREREREREqxGDq0RERERERERERERxYHCViIiIiIiWXEFq/koXgZYY9ykREVEwBleJiIiIiGjJbTc9sdJFoCX2zbXbVroIRERECYcvtCIiIiIioiX3V4/WIlWXgv+8/gmGJ79e6eLQIqxPK8RTBTvwo837V7ooRERECYfBVSIiIqIEJdwdx/R/vI25L/8Twlj04JQgANAI0ECz/IW7zwmaJGhzzEj9/v8Dbdb6lS7OqpRlyMQrjx9a6WIQERERLSumBSAiIiJKUNMf/b+Y/fTdmAKrAKDRgIHVJaIR5iF4+nHn3cMrXRQiIiIiSmAMrhIRERElqLkv/3MBYwvLVo4HmXf82koXgYiIiIgSGIOrRERERIloegLC1K0YRxYAtlhdHt55eMcYYCUiIiKi0BhcJSIiIkpEyRkLGJmB1eWkzSpc6SIQERERUYLS3blzZ6XLQERERESUsHi/TERERETh6Obn51e6DERERERECYv3y0REREQUDtMCEBEREREREREREcWBwVUiIiIiIiIiIiKiODC4SkRERERERERERBQHBleJiIiIiIiIiIiI4sDgKhEREREREREREVEcGFwlIiIiIiIiIiIiigODq0RERERERERERERxYHCViIiIiIiIiIiIKA4MrhIRERERERERERHFQbfSBYhZ33HUtvQA5iq8+oodudEnwPHaFuBwK/aVxbdIj+N1HO2tiHF5K80Dx+tH0ekKNcyMqldfgd23En3HIW6afSiTPw+rxwk1b8S67ZebWJ7eilfxSugCU8TjQWI7jFc3vL+KjvF4RN4OtkXUD0up73gtWnAYrXJh+tDXV4ayFS+bB319QFlZIhwd0r4sUm6nANJ1Iv79Gmfd4nHg9aOdcAEwVyV+veRxvI6jYU6KpSp/3/FatPQAgM1/raF7Qr/7Qxg3ZAQPuHsBd996GbNLubBtbyG9shTz3d/GnQuhRzHu74Ue/4KJtp8v5ZLjllDl8d3bBgk+b+7ZPWlfH/rKyu7jc1Z8PhiOUNeJdSQi3BeHmGvQdTw6j3iBvU/vv1aKuH+DzyrzgvYnERHRQq2a4GrfuR7AbIbZ1YkzffZ7EhDJtb+CVvvyL2cphXow9jhex9Gjx5Ef5QG3953jyH8leByP4x30wrzkZaXllAv7K62QD9/AgLps9R3j8QgZMOo7jtqW2kX9ALNUyva1olX+5P9haGWLpQg0JtBTtnn4fbzueCnEQ3Efjr8/vCI1Vd+ZTrhsC3uoXnGhfqj0OPD60aM4nr/Ic8LjwPs9fJBdUSECqcb9vTDWdSKpuQp3V6xgFCxMILX2ddU5dE/uSeV7hVVUl8Wr9x0cz38luK7zOPBOLxZ8LVFfx6PzB8sfgG29AgJ/ZBWfhV4HeF0iIqJlskrSAvThXA9ge/4lVJiBnnN9K12gVSXX/jxs6EHkzVaEiorhEON4cKm3CBUVy1c+ohVRtg+HbaxPVp2KChT1XoIn8Pu+cxiuqEDRPS+QBzeGAfOG++BpLdeO55finPAMwYUi5N8Hm+R+cretBXN3zdDv/9uVLgpFkWt/BYdtLnS+4wiu62hJFFVUYDhEXee51Isi3vTed8RnIReGeEIREdEyWRUtVz2O99EDGw6X5SK3wgx0nkPfvsAuS+puIOaqKtVDtu8X4qqiTnT6RrIdRus+qKZT/tKp6oLlceD1o72oOFyB3hax+2fg+Ktd/uYK9L7jgEfZmqnvDDqLtuNVDK9k0eIU2CU8sHVIqC7jvnHCdA8ObAGq6A4sTr66Wq+puxlKLSarqjDc6VsnsfXZ5kuKbsQhWrz5uwD7p0n8lgFiUCwoGhfQTTO41WtglzP/ceVxvI6jQxWoGu5Ep0uadvMlse5QbhNffSJ95+9OqKiPWmrRo6ijlnq/+Pb94YpetMgngfr473QBcB1FbW+ipAQBgM3YXnQ0oAeDB473h1Hx0nYMQfFdiDQCC+266Rv/MFr821Le1opjwXUUtZ3+Y2F1nhMhRKzj+nC89n1sqCpCZ2cPABv+omoYv5KOp5baHv/5E6Wu7Dtei/c3VKGosxM9EK+t28/VogVV8vkEKM8p9bng37aR6nX4z70o1/LA1AmB9cDq3L8ncefq88jY8g0YAbn1qnF/L/Q5yvEmMKfs5r+rExlbFO34boboUr+xExmV5tDTAwAKkfJyL3TG8PNQlyN4HpHL+bdIrXsawpAHug1mAC7MSi10VdPdvYC5qbAbKKGU7aqC+WgvLnnsEE+hwOu1+txTp3qK4xqmmK6lVpleJfK9VNC5+xdVGP5VJ4pU59TiU3UtufzNqOh9Bw6P8tztw5nOImx/FcF3vSFSOCi3reraEqWe8dcvLhyt7fXXHzHUk+GvRwsrZ8R5BO3zaPXs6kz/Eup+QPld2BQ6tsNo3ZcbNu3U/fRsSEREsVsFwVUPLvW6ANvz4kXb/jxsnS0417dPkY/QA8frLVIgogz+HKGATTkrVyd6K15Fa6vvQa8FtT02HG5txT5INzstx7E97A2CC53vV+DV1lbkxjR+Yug73iIFp6OMmLsZFXhHvpEHxHQMtu37gBvLXswl5s+p1fqKuDJiN7vjiuCHFHh5pUw1Tcvx7WjdV4bNFWZ0dp5Bn13xEHGuB7AdDshV2wpxEeJxV3t8dQVYA/V0DuFwa6s/QHS0FuYq6byRttE7js3SjboigOXrRth3HLWroetV3xl0usyoekkRbne8jqOdRfL6i+t7FK/D92AiPZQqHnj6jtei5fUNePUVqb9mTyeGDrdC7lW5oFYSZdjXehhQPYT2SbNdhv3i6sT7vjpRmsZ3/NtfeRVI0NzGZdttaDnXh32+i4DnEnpRgZdyoQiu5mJz0I9xUi+IqJVhgJ4WnDvcitZ94jz827oM+1pfxQbVdlLkqG61+68Vq+KcOI4W5faJqY5zobPXf10EgO35ofJ6i8GaV6Rj+nhtC2oDHmpdnb2oeLUVrfL1B+rzqe84aluOotZcJS+v73gtWt5xYLMUGIhWr8tljnAt9+dbbFUEPHzpElZxnQcA7psQUArNNgAXxPys+tQLuNvsSyGwBykvH4au4i3oL7yM2W1vIX1LLua6KxRBzO8iddfPMXXGN9MM6ExXcLe5CrOQcr5WdsJ4QZF+IGcbNJ9VYOKMfx7pu6/g9qmT/mXCXw5xHh8iBWLwNGo5Q5QD0nz0Of5Aq5iPFsDN5d3MSyI3H0W+lnYhj6vgc29x17B98F9+9imml8Z/RTF+rTrNkPrc9cDRBXQq6+i+c7Hdh95TudhcAbxzyQO7/6YXPbbt2Bd40+tx4HWpLlT9QNn5Dhybw533EeoZ+yt4FQE5dGO9pwx7PcqNvZyR5hH2GuZLLxb9/joReRzvi8fxAgoYlIrDt492iTNRpd+CdG4MV2FXom4EIiJaVomfFsBzCb0us3whA8qw3Qb0vK/oKtV3Bp0uGw7LNx+5sL9UFSJfkg3Py8mrNqPCDJirdsk3Arn50TuU2p73/7Kbu7kCZgzjRgJ1MXF1HkVtba3qr6Un1l+UxRvN3ku+FerDuR4btq/Gm4S+c+gxV+ElxR1vrv0lVJl78L5DXL+yfa0BQVDx2PKPH5hOQQrMSBuk71wPzFUvKW6qpeOu5304EuiYWCjlOVG23QbVeYNcbFCeWJ5L6FWde5C627vQeSZxutuHOi+CX+Im/pBjO6w8V8qw77ANrs4zYojT94CoWN+yfa1oVbX4WJ5zZnn2i3oemyvMwPCNxO+GWrYdtp5z8K2J51IvULE5KP4g1tGKc1jafwveP2blw5JYT7jC9S30XbNeUlwr7C+hyuxS1K0JwNWJo0HnhPplYLHWceYQ217J96PUPsU23Cfm5ICqljBXYHPgjJTbvmw7bAi4Dm9QX+mj1es+4a/lYj2gWu9cO15plbbLKqnzYjV76tuYUOVmPYk594R/BFMONKopfo6p5gpFYFU0f9U/j9mrVyAgVwzg+tz8F8U0P8fUZy5oNjwPIwBsexpJxgnM9SrmceodzN3NQNLGPbGVUyK4P1aM87fQb8jA/Gf+IK8430hbZHVRn3tLdQ1TCDn+4eBUU6pzV7qWKM5vsQ7YnnCBt1zxple+5okNCkKUMteOV1rVQVSx3ohsIc8MMd9TRroexVrOSPMIeQ17Ba3yj2XR768TQU+L+vp2tNO1uPsbjwOvt/TAdjh0MN3jeF183kqYXj5ERHSvJXzLVc+lXrjMYoskn7LtNqBH0VXqxjBgrlBfzHLzg3PvmTcs8oJnRqKn1Vvsm55zxZ/x4bHbkSv/gr/AxncJwHNjGHD14GhtZ9Awc0AqraBuP/KDuHjDKbeQU7W8ELuUu3qOIngRZqzmbF1FC0mU6BmCCz1oqQ3xtuMQAY2Vojov5FZ0gTfIHgy5xBvy4LURVyZkXRO0sMXWM6Ety35ZprIuvzJst/l6MHhwqReoeElscaMi/Yjma0Glanm+EEX5sW8nKd/o8+oLktgSPnwTtHsv1AutVGKv4yIfm1JO2oqAccq2w4b3ccMDlPkGhdrOC9n2yqWGrdeByNdysR4oej7MCKukzluwwK7/vgDkmfcxt/EwdJW9yKhE6JQAmIDgjjx7YfKK+gtlC1pTDjTwQFClETiJOfdL0KWVxlZOiXfspP/DtkJoMYF5VdlOQpg6HLmwq4j63Fuia5hyjiHHF++N3leevAHnqRjQ65Tq6Dh7DNwLqh5bUoOCiDe9gSkVIt3vLeSZYQH3lDHViVHKGWkeIa9hisELuL9eSUFd86WUC0eP58fRu6wPx8XuDKG7+/cdl3o7JG7LXSIiWn46QRBWugwR9OGMnJMo+CLe+8cR2Oy5EFdBgCAI8K+N9C9BgCAgxDjS/wXxO/Uk4jDVNNI4gjQ/37yDvlsxIdYn/Kji/3zbQvk5x4od+BX+OGJD/rke2MqrFOsXuI1XSvR1HRlyAea9+Nlfhw4eCIKAvs6XcawHAGw49NZfi92tO1/GMfjnW1puA46dw+dVpcC5Hpj3/gylggABIxAX8TP8dchgdiIcEwqB+9z3tWq/qs+Z0NOpt73n+jDE7VcV8oZy5euXEMdKaRV+tncYP22pBQ69hSq5+/51DAOwKb9TzUqAJ8p5EPI8iaHukLetICCw7gr+jCXZL6HKGng8xFyn3BPq8pSW29By7nNU5dxAL3bgL3KUdblv/XJg+54NncfO4fMqAed7ANuh0gjrE7zO6n2DEN8FTBPmXBsZcgXNZ6XEVp/HUseFODbFQdLXEY4j6XwrCnkOKGej/C54eYHrErVej3o+hlknudiJXudFYcqB5u4VzEmBTLGbfAbE/KUVchd8o8k3wUnceUsKWO7qRMaW7yKj7rthgqxLKyktQ/539HIuv2XZt2HqCwDSOWLD90pD3ceGOE6X4BoW8T7YXzBcF09e9TVIuX1ybPierRPHzn2OKuE8emDDodJEuS9SbrscWHcAv/rjCGz559BjK0dVqHt+jwNv/PQEXBDrxLekLvhv/PRs6Ot4LNd91baN7Z4yaj250HKGmkekYxKx3V+vrDB1eI4Nf7G3Fz89ex0jQilyEcO2AAB44HijBT22Q3jLlhO8fh4H3mjpge3QW7DlJMoxTkREKyGx0wL0nUcPzNj7s7fw1lvqv0M2wHXiQ/RB6s7vGlb/0Oy5sSpfwbTycrF5B3D2kgPne2woX6U/weYWmYOPCZU+KdDyFt6SH5KlFxwplZXDhh6cdzjw6x4zdsj93nIhLmK1teldWmIqjcRKjRGLXPtfYK8Z6DnW6e+WLLV2H46wMiHrmnh4hhHiHQhLZrXulwUpK4et5zwcl84COyJ0Sy8rhw3DuOEQH/CXvU7LLQrR9VNqvVmUIK1WY7JUdVwuxNMmYD6eYbhQhIU0yI4uxno9InG9w9UDq/vc2oOUjWZF1/k90JkyIAy1YKLZ//IoZVBT5UwVJporMPGZC8gRX4oVK01gC1Rla1X3zeA0AtgDTSqkFq8LLKfPhWvwIgMaVQBWnO9q0PfhCbhs5bG3hFuGa1jo8T0YdkXvTVFWbgOGb8BxvgdYyHrcY7niTS8c53tgC3OB8Fw6C5d5L3721lv+4OeSXseXpr5dknKGvIYpB0e7v17Ngq8XfZ0/xQnsxc9C/mLRh86fngD2/iz0DxpERPRA0fpaaiTiX9/5HsD2PemXQPVfabkNQA/O9wkQSr+FPeYeHOvsk4aP4ONfnZBuJnzTKP+t+LU98LPqO/U04iD1PEJ9t2J/gesTaTzluAGfc/KL4DpxAj22crGVZrjtl8DrmmP7HmxQHhMChJGP8cbLL6Ozz7c+wPD1Ef/x1vlTnHAhYJ+W4lt7zOg5cQIu85Owysei2CIOPcek+Yl/Ix+/gZdf7kTfSm+faPs85H6VR4o8nfJz6bewx+zCiV99jBF5nD50vvwy3vh4ZPHlXrZjJQe2/XtgRg9+LZdT3NeuE7/CxyP+cfs6X8bLb0jrVyoG23+tXLe+TsU+D3Ge5IgvJTnxoaJ++nWP6jjzb2axbOvNymNzufZLqHNa+V2OHBRb8X0Ycl/mYL25BydOAE9ac8JvK6EU5TYXTpwQH/BLF7SMwH0T5jvlNDlWPBmw7Uc+/hVOuMyKcq70Xyz1eSx1XKjtHXx8lpYHzqcPncfU+yOm7RxyecF1WLR6PXA56u9yYH3SLP54Kw8fwcdvSOfOCtR5S8W4/zB0RhfmTp1Ufa8MfIovgFIM3NWJjLoPkaIIfBrXmYGbfwzskR9ZzneRusv34W+RusUMYeh9cR4XPsb83Qzx5VRyOV6CzjiB+av+skYsZ0g/x+zQBJK2dMqBYHG+Cym437Kci/6Zq74f+fgNHOsxY8+3SiMe64F13aKvYTnrYcYwrvuml8ZX3kv1dR4Tf6gqDX/uytO6TkCsekujb4t79hew7XLyUeQ6gRM9/nUKricgBhR9n0c+xhvHIl3Hoz8z5PgC11K9E8s9Zahtrf5u4eUM+s53Dfsw8P75DXw8Esv99Ur/hTo3BAhCHz484YLtezbk+PbBejPQ82v/+dL3oep6IZ+H+/3T+P9G8PEbx9Bj3oP9tkS5tvOPf/zjH/+W6y8WiZtz1ePAr6UunCFJAdWT569gb2kp7D9uBP6+AQcPioPNe/bA5joZelqKTLqZRnmYbZ8gXCcbcDBwF5v3oPHHduSiFHvfPAQcPIaDiuRjtkNvYm8pAJRib+Me/H2DYh62Q2jc82s0nDyPK3tL4Vv73M1PwgwX8GRA67jSvRAXcVCR18qGQ2/uRWJvuaWUK597DYqdYd7TiB8n+muzc+34nu0kjp1swIkC8bjItf8Yjfh7NDQchLw28jEFQDquThxUHnv+fR66JYd4rA03+I5FM/Yc2gPzsU/CFQybnzTj5MkGHPxkDxp/XBDPyi3JfhHTYhzDwZ5EPK7F7QQ8GfwSpABicK8HtntSp+XC/uM3UXDioGLbm7Gn8ceJ/yb5QEtVx5XuxZuN6/H3DQdxUJ7NIby5d6n3R+z1eiRyPXBQLq3q3FkVdZ5xG4x1verWpXcv4G6z+qVQd94qRWrdd8Wu/r5xPsuBcUspdNuA2TNVuJv1IYy+nKu+cd5aYEqAmxcgbOxFxhbxozDUgttykFdMPWDc36so8wTmun2tVGMo54XABYpmT30b2P0hjHW9YuD27gXM3dyWYDe/PTh2MDBLanx17mKvYcjdjCfNJ3Gy4SA+2dOIH9tLsffNRqxX3F/HXrZSiFWvLcFvJ6VyojzsOuXaf4xDXx1U7Ccz9jQeQlHDMXxyyQN7POd+aTlsOIZjB3uke9PF17dLU87coGcq9TUs2v11YuhRbUdRYBnl7eU7X2yHcMjWg2MAgCv415NipPWk8nwCxHPqe19BHHxSdS0QByfY9YCIiO4JzdjYGLPDEBHR/evKCRw8hgQMEBNFp3l7V/SRaNkJB86sdBFWnSsnDuIYluOHFCIiIqJ7p7GxMeo4Cf5CKyIiosW5cq4H5j1/h42CEOEFTkSJSbPSBSAAifCintXmCs71mLHn7zZy2xEREdF9j8FVIiK6P3l60Nx4CgMlu9GwJ8RbfomIYsT6I3aenmY0nhpAye4G7OEb1ImIiOgBwOAqERHdn3Kewv849pT4b7ZaJaJF4P1y7HKe+h/wV73cbkRERHT/0650AYiIiIiIiIiIiIhWIwZXiYiIiIiIiIiIiOLAtABERERERBHwfpmIiIiIwmHLVSIiIiIiIiIiIqI4sOUqEREREVEEvF8mIiIionAYXCUiIiIiioD3y0REREQUDoOrREREREQR8H6ZiIiIiMJhzlUiIiIiIiIiIiKiOLDlKhERERFRBLxfJiIiIqJwGFwlIiIiIoqA98tEREREFA7TAhARERERERERERHFgcFVIiIiIiIiIiIiojjotNc+XekyEBERERElLN4vExEREVE4mvH/+TSTSBEREREREREREREp/N3Q9qjj6DA/cw+KQkRERERERERERHR/Yc5VIiIiIiIiIiIiojgwuEpEREREREREREQUBwZXiYiIiIiIiIiIiOLA4CoRERERERERERFRHBhcJSIiIiIiIiIiIooDg6tEREREREREREREcWBwlYiIiIiIiIiIiCgODK4SERERERERERERxYHBVSIiIiIiIiIiIqI4MLhKREREREREREREFAcGV4mIiIiIiIiIiIjiwOAqERERERERERERURwYXCUiIiIiIiIiIiKKA4OrRERERERERERERHFgcJWIiIiIiIiIiIgoDgyuEhEREREREREREcWBwVUiIiIiIiIiIiKiODC4SkRERERERERERBQHBleJiIiIiIiIiIiI4sDgKhEREREREREREVEcdIKw0kUgIiIiIiIiIiIiWn10jK0SERERERERERERLZxOYNNVIiIiIiIiIiIiogVjy1UiIiIiIiIiIiKiODDnKhEREREREREREVEc2HKViIiIiIiIiIiIKA46CAA0AHxRVt+/Q/0fIf6NGKYLN+9w0wZ+5xPrfGMdJ9x8A78LLCdCfBdp2aHGDbXsWOerFG2dwo0bap2irUuobRSuvMrvYxk32v5YyDqFWna0/bMU64SA72Ndp0jjLtU6xbpvA5cVS7mj7adw2zRwmLLM0YaFmm+4YYsZHvh9uGm5TrGVaznWKdT6hJuW6xRbuXjsLf28Y12nwHlwnSLPl+sUfdqFnE/h7suiLTeeci1mWq5T4q1TqOFcp8RbJ9Z7q3+dAocppxcCxl+K5SqHBS7/XqxTqGVzncLPN5ZxFlp3CSHGCTV9tO0Zrd5TjpPI6xSBToCgHlmI8v9QC1/odIHTL/W4CxknlvmG+xzrsiMtY6XmG+pztGUu17pFmi6edQr1faz7fynLEOs6xbqMwO8Xsk5LsU8Xu42izSvS94sZtpjhsVSkXKelGRbv8BgvdlynJRq2mOH327G30Gm5Tku33OWc94O8TpHuy+JZbjzDuU7Rp+c6Lc9wrtPSzZvrtDzzXuljL9rneObNdVq65cY7TizlinX6WLfnal6nCJgWgIiIiIiIiIiIiCgOfKEVERERERERERERURwYXCUiIiIiIiIiIiKKg05gdJWIiIiIiIiIiIhowZhzlYiIiIiIiIiIiCgOOi+jq0REREREREREREQLpvMyLQARERERERERERHRgvGFVkRERERERERERERxYM5VIiIiIiIiIiIiojiw5SoRERERERERERFRHJhzlYiIiIiIiIiIiCgObLlKREREREREREREFAfmXCUiIiIiIiIiIiKKg07QaFe6DERERERERERERESrji4pPXely0BERERERERERESUWMajj6IRBGZdJSIiIiIiIiIiIlKqq6uLOg5zAhARERERERERERHFgcFVIiIiIiIiIiIiojgwuEpEREREREREREQUBwZXiYiIiIiIiIiIiOLA4CoRERERERERERFRHBhcJSIiIiIiIiIiIooDg6tEREREREREREREcWBwlYiIiIiIiIiIiCgODK4SERERERERERERxYHBVSIiIiIiIiIiIqI4MLhKREREREREREREFAcGV4mIiIiIiIiIiIjiwOAqERERERERERERURwYXCUiIiIiIiIiIiKKwz0JrgqCcC8WQ0RERERERERERPe5RIo16pZz5pOTkxgbG4PX68Xs7OxyLoqIiIiIiIiIiIgeAHq9HlqtFllZWUhLS1vRsixbcHVychKjo6NISUmBwWBYrsUQERERERERERHRA2ZmZgajo6MAsKIB1mVLCzA2NsbAKhERERERERERES05g8GAlJQUjI2NrWg5lqXlqiAI8Hq9MBqNyzF7IiIiIiIiIiIiesAZjUbcuXMHgiBAo9GsSBmWJbiq0WgwOzubUMlliYiIiIiIiIiI6P4yMzOzYoFVYBnTAhARERERERERERHdzxhcJSIiIiIiIiIiIorDsqQF8GFaACIiIiIiIiIiIrpfseUqERERERERERERURwYXCUiIiIiIiIiIiKKA9MCEBEREREREREREcWBLVeJiIiIiIiIiIiI4sDgKhEREREREREREVEcmBaAiIiIiIiIiIiIKA7LGlxdKldOHMSxnlBDdEjJyYe5/Nt44VvlKEi9V2Wx4dCbe1G6hOMmlis4cfAYemyH8Obe1VVyIiIiIiIiIvr/2bvz+Lrq+87/r+85526SrvbFtrxbxgvYYEMMMYsJNGkykA2aoQU6TTtNaDvdpuQ3zdLJJJnQSdMJ85tp2oSknXZo8CShgTakhSaQYBOzGHCCDV6wsLxItiVLsqQr6W7nnO/8cSVZsmVrsWQj6/18PPwgss79nu/3fh738/D95HO+XxG5UGZE5+rgMLWrrmd55fC9UCXcAAAgAElEQVTfpGnduZM9P/pbvviT57jrT/6AG6qm5JZjzMVirWWs1U3k2reXgflaq+5jERERERERERGRs5gRnauDlr/7lzmjkfKXoWfn3/Klb+7gO1/5NnWf/2WWRy7K9ERERERERERERGQWuSQOtCpd++v8wQdqIbWNb/+09WJPR0RERERERERERGaBGdW5ei51176bhu8/QuOO/XS8q47B3QH6m1/kse89ye6DnaR8AI9k/XKu/cC9fHB16YgxCtd+n1cbU/iAl6xn+bUf4N4Prqb0tPvl+5v56Xf+lu/vbCPteyRq1/KBX7+LG+afufFrvmc3//St7/HsnjZ8L0Ht8uu5894Psvr0Qemn9dUn+fb3X+JgZxofj2TD1Xzgzju47vRx+5t58bHv8eTug3QWFjb6fPd/m9/7Xy3c9cd30PGdr/HswTTUXsuv/8G9rC0FBua2bX8baRIsvuGjfOxOtf6KiIiIiIiIiIiMxf3c5z73uekYuKuri3g8PiVjdbzxJNuPwMIN7+PyyrNcFIvQ89JzvHksRsMvXEWdAz2vfpPP/uXTHEs08O7b7+CW669hxVyfYz/fxWvbX6Z/1S2sKi+8PL//O3zhwX/mcOIq7rjj/dz4zhWUntzDju3P8WxrPTdeVUdkaC5d7Hvpx+z0L+dDH3o/16yAYzte4YXnXhox5tC1L2+jkWu46573sX5+H3tfeJHnnt1N8pp3sjAxuIB+9n/nAf77Ewdg8Tu57bb3ceMVpZzc9QI/fvoFmmuvZP3cgYt7XuWbn/1Lnj6WoOHdt3PHLddzzYq5+Md+zq7XtvNy/ypuOTUJntzeyOGdL9BWdzu/dMd6qiL1XLW2jljHT/nKF/4PP+ssZ/0dd/D+61eQf+FhHt6fpfTYMdoWbuB9Z33DRURERERERERELq5MJkNFRcW0jP3DH/5wzGsumc5V8Egkgc4OenqAqg52bj8IiU38/h/fyeLBy1av5tpVlXzuy0+z7aX93Lm4sInr/pe2kWIDv/XH97J66NI1LP67P+GRgztp7F/L2qHm0RSs/T2+eNdyCn+1mqvnJ/jjB7ew/dWD3Ll46G5ACn/Vb/HFe1cXrl29mqtX/YgvPvAEjz2xk2s/upYIkN/5Xb62LUXy+t/jPw0bd/W16/n+F7/M0498l1eX/zZXl0LHzu0cJMGm3/9j7jy1MFZfu4rKz32Zp7e9xP47F3Nqe9o0qbp7+OLHrqUUuHo1QJ6dTzzGIX8Rd/yX+7m56tSaV33r83x9aoIiIiIiIiIiIiJyybok9lwtqKKybuTPN/z2Azz4Z8MKq4Pmr2IV4J8xRiuNzf3Dfi5i7Ucf5M8+d++wwipAJTffPFgAHbB4LeuBdKqH/Igxa3nfu1ePvLbuZj6wHvwdO9iTB+hn57Yd+KznrjtOG5f5vO8D68Hfw7M7eworu+G3eeDBPxtWWD117arRF0b92oaRWxvk97Bjhw/r3831VcN/UcTqd/8C6lcVERERERERERE5t2ntXLXWTtE4p8Y7+5AddLaeesHw6/L9HbS2tJHqbGFn434O7WmkZei6woUNGzaS3P48T3/5kzybqKVhw81cu34laxZXMXwH0sLltVSWnD4XiwXo6KHbWqqGrm1gXu3p13rMW1QPO/awv9myZnEz+/cD9YuY5525Rm9eA4vYwaHm41ibHL4wOlpbaEt10rKzkf2H9tDYMjAXOzCfgcFqK5Ij49G8nz1A/aJ5eIPXDqpdxErg+WHvj4iIiIiIiIiIiIx0CW0L4JNOAdRROdiJ2bOHx77+12xpGWzl9EhULmblzRtIPPE8jcNeHVl+F5/+9HKefuxJnm9sY++W77J3C+BVsuaOf8/d188f1lFaSfLMc6smJuIBafKDba4+4I33IKke9jz2df56S8tQk6qXqGTxypvZkHiC5xvPfEUicdrY+TzpidxSRERERERERERERrh0iqsdjezsBBYtphaAgzz25a+zJZVk3d2/xfvX1FFVNFBJzO/k7554/owhiurW84HfXs8HyNPTfJA9O57m6S172fXd/8F3k1/io2unrhLpp1NAJVWDz+p7gJ8/xytOOfjYl/n6lhTJdXfzW+9fQ11V0UB3bZ6df/cEZ65sFJEIifHfUkRERERERERERE4zI7YFGDbiWbcFOLjlSQ4BDddfQaW12IM72J4CNtzNr22oHzmfjlYOjZjjQZ74wt+wpfbD/NffWk8Cj2R9AxvqG9iw6rt84qvP09nTg7XDdiI9/VH6YXMc+bsWWjssDSM2Me3h4J5OYB21FRZr62logOf37uFg/yYqEyNHzLfs5xCwqL4Wa5vYUVgYd//aBupHzKWD1lMLO21+p7138xpYyRZ+tucg/ZsqGXHLztbCtglMRwxFREREREREREQuDZfEgVadO/4Pf7MlBclN3L5hoBU0kSwUDNNp0iOu7mH740/ROfC7QuNmPYsXpfH3bmF758ix0z0pfCCROK3iOW6HeOrpxhFzSDc+xRONkNh4PSsjAAnWXL8Oj708/kTjafNt4aknfgY0cP2aUiBBsrAw0iMvpGf74zzVOfC7sTpSIyu5fmMC9j7OE40jZkfj008NFZ9FRERERERERERkdDNqW4DGp7/Ld3cM+wu/s3A4VcoHr4GP/McPs3jwd3XruXXRD3h012a+ujnNresqoXMv25/ZRiOLWVTZyKHOHgoP50dY8/4Ps2jXozz+p39Oy4dvZV1lglTjFp7asheSm3jv+skWVz3S27/On3du4r2bGmBgzFRyI7/7/oahw7Iia/4tv7Wxka8+/3X+vPN6bt2wkkq/kS1PbWFvp0fDR+6mUDeuY/2ti/jBo7vY/NXNpG9dRyWd7N3+DNsaYfGiShoPddJTWNg5RGh4/79n466v8vzX/5zOTe+lML2n2NKYLuxSMMkVi4iIiIiIiIiIzAYzYluAwVHa9j5P24jfeCQrFrHutlu5/RdWUTni0fcKNt73CeyjD/ODHY/y8HbwkstYd/sf8oUNtTQ+/J/437saac5tpCICVGzkDz9VweObH2X74w+z3QcvXkvDpo/zH25fVdhqYNhc7CiP3Q/+1464dgO/8Z+vYO/D/5fvPvQMvhdn0bpf4Tc+vIH6+PD5xln2kU/xiUWP8/hTL/H4w1vwvTgVi9bxK7/xYTbUJ4bez4qN9/EJ+ygP/2AHjxYWxrJ1t/OHX9hAbePD/Kf/vYvG5hwbKyLDJ3zmlgrxZXzkU59g0eOP8viWzex9xiNeu4YP/eEVHP3vf8/zA2sRERERERERERGRMxk7TdWzpqYmSktLx75QREREREREREREZBJ6enpYsmTJtIx9//33j3nNJbHnqoiIiIiIiIiIiMiFpuKqiIiIiIiIiIiIyCSouCoiIiIiIiIiIiIyCSquioiIiIiIiIiIiEyCN52D66R5ERERERERERERuVSpc1VERERERERERERkElRcFREREREREREREZkEFVdFREREREREREREJkHFVREREREREREREZFJUHFVREREREREREREZBJUXBURERERERERERGZBBVXRURERERERERERCZBxVURERERERERERGRSfCma+BEIkEqlZqu4UVERERERERERGSWSyQSF/X+01ZcTafTzJ0zZ7qGFxERERERERERkVnu2PHjF/X+2hZAREREREREREREZBJUXBURERERERERERGZBBVXRURERERERERERCZBxVURERERERERERGRSVBxVURERERERERERGQSVFwVERERERERERERmQQVV0VEREREREREREQmQcVVERERERERERERkUlQcVVERERERERERERkElRcFREREREREREREZkEFVdFREREREREREREJkHFVREREREREREREZFJUHFVREREREREREREZBJUXBURERERERERERGZBBVXRURERERERERERCZBxVURERERERERERGRSVBxVURERERERERERGQSVFwVERERERERERERmQQVV0VEREREREREREQmQcVVERERERERERERkUlQcVVERERERERERERkElRcFREREREREREREZkE72JP4ILZ9wgff3DriL9acvcDfGpT9cTHat/Cf/vMZpqW3M2ffnIT4xmhfcuX+PTmpgndczKvufj28a37HmQrN3H/Q/ew4mJPR0REREREREREZJrMis7VfY/cd0ZhFaBp82f4+H2PsO8izElERERERERERERmtku/c3XfI3xloK560x89xL1DrZSDHZZb+coj1/CNeybQY1m9iU89tGmqZyoiIiIiIiIiIiIzyCVfXN33SqGyuuTuB4YVVgFWcO8Dd3PkM5tp2voK++5ZwQoKXa5f2TqyEHvG4/ln2RZg8LWDRhZzT5/Y4DYFS7jngU9yXk/9j7LlwTnnP/w1N/1RobA8fE0fbubTQ+ONMr/T7zc4xpkTGyhgn2UcERERERERERGRGewS3xZgHy9vBVjCxstHqepVX87GJQBHON5+nnc6rbAKsPXB+/jWaHsOtG/hv01VYXVorNPvPcntDpo2DyusAjTxyF9vYejtGaWQy9YH+fgjp9/tCI99abCwOjDOZ7QFg4iIiIiIiIiIXDpmTOdq/q9umfBrIr/ztTGuqGbOAqCpiSMdMK6TqUbTvoXHBoq4Q8XSgSLk1lf2ce+KYV2dzf/Kf9u8lSbgpj+agk7OM7YoGOwWLRSMV0xi/KGu18FCalMzhbennS2Pn+oELnTBDtxvWPdvQRO88wG+8clh1wzMael3Jx5LERERkekU+Z0fX+wpiIiIiMgMNGOKq9OjneNHpmCYjmaaAG768Kli6Yp7+MZD95xxadPWU4/bL6iagnsPGf4I/vm4iXcMVkhXXMNNbB02ZgdHCgvljlML5d6HHuLeM8YZ3i1cxYIlUHiTRERERERERERELg0zrrg60a6Cd9wEW7c28fwb7Wwa1mnJHz3EvVVv8HwTjFboPDKs7bOjeTqqgk088q/72DSRg7RGM3yv1Ice4t5zFFmbmk+157afraq8ZD5TU/NdwJyzdM2qM0RERETeLibzdJSIiIiIyKBLfM9VWHHNTQA0bf7MwP6nK3jv3UvY+uB9fPwzmweaKc8sBBYKkXBq39ZzqJrPEoCtj7NlcHPSfY/w8fvu4+NfGrZfKYXH6b/x0APcswTY+uDoe7JOwL5/LaxhyTsvL5RN249z1mbcI8cH5tLOGy9MpmA80IHKVh47tVC+dd99fPy+L51au4iIiIiIiIiIyCww4zpXJ2zFPdx/01a+srVwwNRoddIld//i0F6hVfMHnl/f+iAfH+8z9tWbuOOmzXxlaxOPfOY+Hhk+9kDRc2TdsZpNv3k3z39mM1sf38J7P7npnNu9Nm3+DB/ffMasueeBT3L5wHxHv2bgboWNZQuHVd13lovGpZpNH76JRx7ceub9lryT0c4MExERERERERERuVRd8p2rACvueYhv/NFNZ/39qS5VqN70Se4ffumSu7n/7iXjusf9p93i1KFPo6jexB03AU2b+eZ5tHxWb/rNQhfssHv+6d2Fguvzb7QPTm7g7wbdxP3neD/OacU9Z76XS+7mT8coEIuIiIiIiIiIiFxqjLXWTsfATU1NzJ0zZ8rGG9wPa+r36xy2B+t5bn8qIiIiIjPL9P0bU0REREQuhGPHj7NkydiNkZNx//33j3nNpb8twJgKp92LiIiIiIiIiIiITISKq+OUyWTo7e0ll88Ti0WJRKIXe0rjls/nyGZzRKNRiouKiMfjGGMu9rQuCMVt5lLsZibFbWbKZDL09fWRzeVmXNzgVOxi0SjFxcXE4/GLPaULRp85EREREZGLS8XVcehJpejr66O2tppEIkFhIwXL9GyoMLUK31EMxhS+gLW1tZPL50mWlOA4l/aWu4rbzKXYzUyK28w0PG5FRUWE4WDA3v6xG4wbgOMY+vv7aWtrp7i4mNJk8qLO7ULQZ05ERERE5OJTcXUM2WyWvr5eFi6cj7Xg+/6M+NJyOmMgGo2yYME8jhxpIRqJkEgkLva0po3iNnMpdjOT4jYzDY8bmIG4zYzi3HDGQBga4vE4CxfWc/hwM7FolFgsdrGnNm30mRMREREReXtQcXUMvX191NRUA4YgCIZ19Mw81oa4rkN1dRWpnt5L+suL4jZzKXYzk+I2M42MW0gYhjOyQAdgTKEo7LoONTXVdHenLuniqj5zIiIiIiJvDyqujiGbzVJUVIfvBwRBiJ2p3zoBawuPTiYSCdrbOy7ybKaX4jZzKXYzk+I2M50Zt5lcXGVo7kVFRbS1tV/cCU0zfeZERERERN4eVFwdQyQSGXhEcmZ/6SwodPVY6+B5kYs9mWmluM1cit3MpLjNTKfHbWZ3P4LjhEOxi0RmV+z0mRMRERERuTh0YsAYjDFD+8/N7C8uDK3BWnvJn8aruM1cit3MpLjNTJdS3ECxm6lmU9xERERE5NKjztVxKnyBmeHfXuCSWMNEKG4zl2I3MyluM9Ng3C6FdV8Ka5gIxU1ERERE5OJS56qIiIiIiIiIiIjIJKhzdRymo6MnDALS/b10tB6j+a197NnxEgf27CKV6iGwEC9KMn/pSq56541cuWEjlTU1U3LfS6XDZTwutU6sS2Ed4zWdsbPWEobhGX9vjBn6M9X3my2xU66cmYbH7VJY86WyjvFQrhQRERERufhUXB0XS+GwhfP/R38Q+HQcO8LrL21l96svcfTYcXp7egjzORzH4DoGx7Hk+rrYt2Mb+157hV2vbue2u+5l0bIGXPd8Q2YH/swGUxe3i282xQ2mI3bWWmyQxUntIt7xFF7PdpxsC9YrIyi5klzVewjKr8dGSqe4aDCbYqdcOTOdipvy5UyjXCkiIiIicrGpuHoBBX6eI2++wY/+7zdp3PsGqbRP2rfEIhEcxyGTC3AMRD2DYwzRiEcQ+ux47mk62tv5pY9+jFVrr8J13Yu9lEtae3s7zz77LI7jcOONN1IzSidcNpvltddeY+/evWzYsIGVK1dehJnKeFlrIdtGtPUfiTd/Azd9YMTvve6fE2n7Adm6O8nO+yhhyWU4jj5nF4ty5czxxBNP0NzczG233cbChQtHvaanp4fNmzczZ84cPvShD13gGcpEKFeKiIiIiEyciqvjVGgKsZM+kdeGIW3Nh/jpPz/Kvtd/jm9dciFYHFzHEI24hKGhN5OnNxviORBxC3+iEYd9r73Cv3yvlKKSJIuXNUyqW8SYmX+i8ESNJ26+79Pa2kprayuZTIZUKsXhw4dxXZdXXnmF0tLSUV9z6NAhjh49ys6dO+no6AAKj0vG43FqamqoqakhFoud9xpmY9zg/D9zp8axkOskeuwx4ge/ipM7jh1lu2kTnCR25BFMPk128X8gLF5+3l1ZszF2ypUz06m4nXvhJ06coKWlhXQ6jbWWgwcPcvLkSX7+859z5MiRUV+TTqdpa2sjk8mwbdu2ob93HIdkMkl9fT3l5eVTso7ZHbvzHUe5UkRERERkMlRcHQdrh+9rNrkx0v297P3ZdnZs2wqOS9aHdL5QDMAYgsBSFPNwXYfeTJ7+bEAqG+A5lqKIIRbzePm5Z6mrX0RZRSUVlZWTXMv5fwGbKcYTt0wmzev7XuLlxm/S0vkKlhCTrySavhGcPD996xHCSMeZLwwjeP2X4+VXsLPlb/nZyTeHfuU6UepKr2Td0rtZu+JmSkpKpmAtsyduMDWfuSFBGq/zeSIt38P0t41aLDgli3f8afzi1YSxeViv+DxvPrtip1w5M42M29kXvXffG2zb+784eGILoQ0AiPX+Gxxq2H7wKwTHmkd9nQmSxLmDrv6D/OD1vxjxu1ikmGU1t3PDFR9j0aJFU7iW8x5qRlCuFBERERG5+FRcvQCstXS2HmPvz1+mP5vDeDFSmZCcH1JaFKGkKILvW9I5nzC0FEU9iqIe+TAk74fY0B/ozgrZ+eqLXH7VOkqveYceeT1Pvp/nrUOv8/ODm2np2o4XNTiuwRSfhPLvAxAFYLSOHB+SrwGvEQEiI67J05F9hTeORKkorWXpwiunpINVJsekjxNp+Wfcjt1Yxv7MGL8Tr+2nBJU3EpauugAzlEHKlW9fhw438cpbf0dT+4/xIoaIazAOUPwkFkbJg8P1YksfxgDxM67p562T36XozUpKS3+dioqK6VyGnINypYiIiIjI5Ki4OiY79GeyXRV+Pk9H2zGamw6QCwyZfEA6b0lEHIpjHiuX1hEEIa/tPYoF0vmAXBASdQ2eYwhwCW1IxItw6K23aNy7lxWXX0FR8WQ6ReywP5eyc8ctDEO6ujt58/AzdGe2U1XhUlTiEIsbnHM164zzzmEIEXuA9u491PU1EI1Gz2/QWRM3mIrP3HBOthPTfQDrA+fsxDrF9DRDph2bnIr3e7bETrlyZjo9bmeut6+vjz0HnqE19QyVZS5FSYd44vxz5eDdwwCyPEtLy3vOe3uAwUfkZ2fszm805UoRERERkclRcXVc7Hk9dpfPZUl1dZHJZsn4lkwQEnMspXGXJQurufGapbgOpHoz7D3QSswxuDhk/IC+ICQMwWCxQCbv09Z2nL6+XhJFRRNfiZ1NX1zOHrcgCOju7iAe76SyNEdZuUey1CUSHejGOk9hCKGfJujpJJvNnvdJzrMrbnC+n7kR8v3Q24HNT6B7se8kJtc7JSdwz67YKVfOTMPjduaaOzs7icTaKS/OUFbhUVrmEo1NTa6EQr4Mcic42XlyCnLlbI7deQ6lXCkiIiIiMikqrl4AQeCTTfcThCGu51EWMdTPqeCadSu45vK5VCU9XMdw9wev4Wd7Wti59yitJ3rIZPLk/YCsH5ILIJcPcXBpO3ac3p4UVdU1532IxGxlrSUI8pQUBdQnPCqrXRIJZ8qKBQA2NKSy+qJ48XnYMI71x18wsJE41io9XmjKlW9P+XyeRNxnXo1HVY1LcfHU5koAG0J7ezi1g8oEKVeKiIiIiEyG/kU8DoVOmMkftuB6EWIlSXA8oi6sXLWC2z74b1i5pJqw+xD5dA8BhurqSt73rmretfFyTnSkON7WTXtnio6uXrpTaY539NJ4pBPPdTGOmVSnyOBaZoNzxa3w3hmKE8WUxiupKIsQiU1l8aWwC2HuRHzMQ2LGNdosihuc/2duuNAtwUbrobt1/PcvnYP1yqaoG2v2xE65cmYaGbczF22tJRFNEC+ppKo8QjQ+1YVqi6GIdpiyXDk7Y3d+YylXioiIiIhMjoqr42aHPW44Ma7rUZQsw3gRipOl3Pze93H1DTfj9xylP3UcJ5IADD4OQQBeNMqC+cUsWjAHG/r42TTWz3H4eBff/N4rVNfVUVxcOIF+YvMxzL5H7s4eN9cpZkHN77Fo0X+f2jv6GWwmRdB7gqDnZSLZ7YTBfEjOxRRVgTPRj91sjBucz2duuDBWSVC+BtP2JsZPj+81xQ2EidopKBjMxtgpV85M545bTdldXHbZf576u2ZT2EwPftdRWrt+jD1ksIkKTNkCiJZMfDyr2E2WcqWIiIiIyOSouHoBOK5LaUU1i5ZdRlEk4Kpr1uN6MfImghMtAhsAhsHnLENryQYh1obYwBBkLR4BhpCiojhz6+sneUCLDGetJQxDwnBqHkW1+TTh0Z/hv/kjjJ/GLa5maUkJGEN47DD5fa341sC8d2AWboSETsW+EMJEDfmlt0FXC97hLWNfX74Uf8EthMVzL8DsZDjlyrevwXw5ZeOlT+K//hhhy89wk7U4RZW8o6Ec03cA/1gb+Z5WgmgppuEXof6aKbuvnJ1ypYiIiIjI5Ki4Og7DD/qYbHdGRVUNq69aT+/x/RQnYmBcnEgCJ5YsjGktxjiAxRow1kIQEJosoZsHG9Ldm6dh1ZWsumIt0Vhsko+6nv8j6jPFueI2/O/DMOTYsWN87WtfI5FIcPXVV7NixQoefvhhfN9n5cqVbNiwgccee4xUKsVVV13FHXfcwQsvvMCTTz7Ju971Lm6+di2dz/8t4eEXqFpyJW79FRjjYBIVOJFCcSdmIOhqJrvvSfJv/jP2ql+DOVeCFxv3WmaLqfjMnWLwKy7DrPwIJtWJc2L3Wa8Mi2sJln8Iv+5qQpwpeUZ1NsVOuXJmGituw3MlwGc/+1kAli9fzq/+6q/ywAMPkMvlAPj85z/PX/zFX3DixAkAvvCFL4x4zRe+8AVs+5s0/t3HWNKwikj9lbjl87H9nbi1KyCfw5tzBXEb4LftI/Pcn+KXN8DGP4DkvAmtZTZQrhQRERERufhUXB2X8//yUpxMctna9Rx2AzrbjjF3WRVOtBg3UQZhUPjjDJ4QUiggWCfAAsZNYwOHvFPEFde8k/mLFhWummTBYPY8eje+4qq1ljlz5vD5z39+xDV/8id/MuLnT3ziEyNef91113Hddddh+1rxX/sWZZlDRNbfjpMoBz8PNsB2NxO4sUIB1RiconISV34EZ+9TZLd8kXDdb8CyW8d8/HV2xQ2m4jM3YjQTIT/vWtiYxN3x9zjN2zH5YY+9OhHC6uX4a+/CX3wjQTQ5ZZv/za7YKVfOTOMrrg7+bniutNby6U9/esTPv/u7vzvi5+GvCVt3kn/6szRcdxuROZdj82nI9WPcCEHLa5iiSiwG4xi8qqUU3/i79L/4N+Qf/03se74EdWvOvZKheSp2kxpNuVJEREREZMJUXL1AjDHUzKkn6jn0pk8QZnsxbhQ3Vor189ggO3hl4T82xJo8+DkwLj4RapdfQ1H9aqLx+EVbx6XmvB91zfYQvv5tzLFX8OrWEBx/DT+fw5u7BuMlCHtPgJfAxEvBOORPNGIicbyF1xD0tpLf/ldYx4Ol74JI0dQtTM4QOhHydWuw1/0OzoE1mKOv4aRasfEktnYV4ZLr8eesKRTD5aJRrnx7mpJtAXoOEzz1h0TnvQO3pJL0T/9/IstuwSlfAH6WoOsIrhvFGgPGJdf8c5zy+cTX3zGd4ggAACAASURBVEX4078iePJ+7O1fherLpmZRMirlShERERGRiVFxdQLOtzPEcV1Kq+bg5hLk+nvxEqU4iVJcGxBme8GGDB3qYEOGejiMwS1fSE3NGohX6LG5CRrPtgB9fX3s2rULz/Oora0lmUyyb98+ACorK6mpqeHgwYNks1nKysqoqamho70N5/DTLEo9S3H1UpxoFFwHa6LYfB+EeUx8oKsn2wvGwWZ7sdk+XDdKZO5aws7DBDsfIaxYDNWrwEz1Kdwz21R1Y5n0SdxjO4g0v4yTTxHWrCBcfxdBSR0mm8I5sQdv12YiW5sIY2UEdWvIL76JoHoVRLVn50QpV85M490W4MUXXwQKuXHZsmW8/PLLALiuy7p169i7dy+9vb0ArF69mt7eXpoPvcXKI/+TiqIEXtUCbKYTt7QWbB6b6QIb4pTXY3O9hbC6HmEmBak2XC9GtOFmMq9shhf+B+G/+Z/gRM66htlIuVJERERE5OJRcXUcBk/hnYovL47rQryUbNCLyfXhxkshUYZxXKyfG7wjNvCxuUxhf8FoKTa5CBs5/8fvCms4ryFmjHPFbXixIAxDrLVEIhE8z8PzPIwxRKNRACKRyNDPYRjiui6O45C07RTn36DY6YK+JqzJ45TOB+sUuuuCbKHgY81A5cfiJJKAwWZTmEgCJzmXsHU3HPgJNlkPsdKzrGX2xA2m8DOX78c7toPY69/BO/ZzzGDXY+MPz/oShyN4ba8T2f8v+As2kl39SwTVK8EdvZgzltkUO+XKmWmsuA3PlVDIiYP/DcOQWCxGGIZDOTIajQ5dA4Wi69zsDqpsEyaykKD5GZza9Xjzr4QgwOa6CwVVBnLlQL50K+aDDQlTrThFVThl9YSHt8Fbz2AbfvEsa7GK3WQoV4qIiIiITJqKq+MyxXua4ZIxcZwwQ5ENcLwEBg/rZrDWx4YBYdCHteBEk4TxasKiGjDulBQMZs+eZufec3Xwv0EmjdN6hMXJosI+fyePE61czeLFi4FCASESiVBfX08YhnieR8RzSUbaSXgtOLEKTKy2sA9kvgtrHYw1WGvAmkLIQjsydtaAFysUW10P59AW/Ib3QqRk1O7V2RU3mOhnzhnYg3P4tSbdRaTpGaKNP8TES/HX/zsoqoJ0F87x13CO78LkCt11NlpMWLuacN7VkCiH9Emctr14J3bjbP9LsqvvIL/whqGtG8xAjMbzmPTsip1y5cw0dtwGC6zB4UYWl8QxRSU4R5tg/nwWL16MtRbHcTDGMGfOHKqrqwGIxWJ4jqUkfAmnOIEpnwtBiPF7Bg5CGp4vOS1f9gKFPEo0j5usIeg6jLP7H/CX3ALOmf+E0Z6r56ZcKSIiIiIy9VRcvUisiZLKpgnyPZRVz8F6UcK8SxjkwM/ieBEcN0LaRgliVThe4mJP+ZJkrSW0llwqReu//iNOUTElG28l3tvLwYMHASgvL6eiooKWlhYymQylpaXUlrkUd+0hwkmIzYe4B6FPGKYAB3ALfyyYYOAp5vDUl19rgSAHxmAcF7oPYzr2YZNzQLGeEGtydAVvElqfZHQxrolgcAiTETJr3kPv5TfQk2+iK/cm2eAwUaeMqjW/Ru3RDoq2/x2EPulrfpUTixZyIv0qufAwUaeciivupDSyGM8pxhhn4CH0XgKbJ5U7iGNcSpwGHKt4TSflyreHoe5VN0Lr976FyWWIbXw3Md/nwIEDQx2rl112GUePHqWnpwdjDA0NDdjO16nKvYWJF2OjDgaPMEiBHZYrcSC0mHD0fGnCPMaLYhwH2vcU8mXN5RfxHZl5zitXvvjXAMqVIiIiIiKjUHF1XE51wkzlfm5+NsPxll30ds6hbvl6YmW12NDH5vvpbUtz4tA+bDRJomje1OylZoZ3hsyG7pCzx23EtgAA0Xjh8eJ8Dt8PCIIA3/cB8H1/6OcwDAmCAJPrJhK04UZCcDLYMIW1BmMcsIVigbEONhzo2sFgrcX4A489WsDJQZAtNKqGPubkAcL6a8EdeQjP7IsbTOQzFxqfrtx+dp/8G2JuGQm3BsdEsFgCmyXrd5INOsnbNNb6GFyKIvNYUnUbS9/7n3FsSJP7Bgfa/4ze3BEsAca4REwRMbeCmFuJ68QxGELrkwnayQQnuazsHooSizHnmN/si51y5cx07riN2HM1XoQNfEwuN5QT8/k8ALlcbujnwU7FIAiI9+/Di1qsE4DtLeRKzECH8UC+DAe6/DGEgA0tJhiWL0O/sI+1MRDkMCf2EFavPudaZocLkysb3vdfAJQrRURERERGoeLqOAx+H5iqR10HuQ64mQ5aXtnB0f2vU7NsLbGiElInmuk69AZJuogtuJJcaIhNxSO2duR/L3VjxS0SiZDNZglzOYJ0H86GmzGJYqK5NK7rUlpairWWRCKB67qUlJSQy+VIJBJETCcRJ4OJRMDkMGE31kQxxsPiAA44DqE1EBgcDBgIjcWGtvDdMfCw+TQQgAMmfQIb5M4I0GyLG0zsM2esR8ypIBsUCgM9NJ17bEJ684fY3/0dKAOMYd/Jh8mFqWH3D8nabrJhN+QPjjpOzC3DEDnn/GZb7JQrZ6ax4haLxUilUoX/c6m1BXfdRoLKOoqPH8JaS1lZGUEQEIkUPg/FxcUYYzDG4DgOcbowngteFIJOjIliTBSLW9hnFRdcQ2gB6+AAGENowoF8abBBgM33YxywjsH0HTtrIXj4mi51FypXehUJ/DCjXCkiIiIiMgoVVy+w0EJfAC394PSFrK4opzjq0HL8BG9ufZwwDEkkYtTMqWNe3Qp68HjxUCe2yGN5VZSqIo+I61zsZcx4juOQTCZpbGykrKyM0hVrWHDaNQsXLhzx87x584b+d7S3lYgX4hTVYWpvxva3YDt3QAjWxApFgxAMHrge4BS6tRyDY0PC0GBtAH4PxrEY1xCoW2dyrEPULcXBI8Qf98tC65MLewnC9IhiwXg4eEScJAZ3orOVcVKufPuorKzk4MGDdHR0ULF0JfOXriz8YlXhsfwFC0Zmz9ra2hE/x2IOhixO3fug5DLCQ49g8l3gJLBECr2KARgTw7guoTWFAqplIF86hXyZLxRpDRDYsffwlNOcT64MeskGncqVIiIiIiKjUHF1XM7/kBYL9IdwIO3yZn+EkojLdXGfROBi6hZTXL+KvJOAWBVeNIGbP4npOURFtpf5RXH+aneGYy+1cO28Im5dXsGy6sSECweDpwrPnkfuzh23eDxOTU0NBw8eZMmSJcTj8VHGGJ0TWELjQtCBjZVj6j+I6fo5tuNlTN/hwiPLXhnGz0Cmm9AycHgLYMGxYMMQbB9EDNa4GC8GA9sHjFjFrIsbTOQz53kR6iLv4M6l28gF3Rztf47Gnu9xMrt7SmdUEVvNkuQHqC/eRNytBMDPh/hhcI5DgGZb7JQrZ6Zzx83zPJYtW0ZjYyMrVqwgkZjY3pkBHrgG2/sG5rI/wilfA20/wXbvwWRPYp0oNlaH6T0M+QzWHSjEWQPWjsyXsQg2sBCJn3MLA8XuTMqVIiIiIiLTQ8XVcTm/goFvoS1weD0T4UjGIea6rKmKUxuUYdNxPOPglMylN3Rpb3sdN1JKVd1VlFRXEvYfZ15yHvNa+/nJriZ2Hj7B1gPt/Mr6Ody8rJKyeGT8q5h1X17OHTfHcaiuriabzbJ7925KS0uJx+O47tgdNomgj4gfJ+H3Ylt/RBCbj6m9CXfuDeD3F/ZbTXdgD/w9YeY4xnFxMFjXYDFY4xDmUzhuDhMxhI4hTNYSOt6o2wLMrrjBeD9zMTdPUfePiDd/jUjqNcJIBZXVt1NZ/Su8Ej5OW/rVs742cC02sIQWAv/c7211fC0biv8t89pfILrnv+LkTuCXXE6m/uP0ld5KNhy9MD/7YqdcOTONHbfKykoymQyvv/465eXlQ9uljEeQi1PuxrGpfYQH/wZ/wa8TvezXMEEO/D6MKcGefAP7xpcIjYvjOIU8SWEfVms8wmwnTsRiHIfQDwlL61VcBS5YrgwtYahcKSIiIiIyGhVXx6HwfWVyBYO8hUbf5eW8hxPxiBiHE315Xu/sZ8G8emoWemT6ekjnob/tW1Smvo7Fo739Vk7WfpSKee+kx4/Q1t5C3s/gh3kaTwT8z+fStPVl+dDldVQXRSe4jom+AzPTeOLmeR4LFiygurqaEydOkEqlCIJgzLFj5Cl14lS5EejdQ/uur/FWcAPpyBKikRjFbi8LzXaqcjtxTAjGElLoXjXGAT8Dpg8btYXzXGycsOIyrBM7y56rsyduML7YOY5DNDhBYv+XcPsPYAGT6yCaeYzKwDKn6p0c6375rPcI3ZAwsIShJcid+xHj2rJrqGz9CZHj38f4XVjA7dxFPP0V/MuXk4usGDrAZ/R1jHflM5ty5cw03rjNnTuXqqoqWltbSaVSQ4f+jSU0JSz1XBwvQdj8CPuaWmm276CoKIljDFWRNlYE/4RLBkwcTECIOZUv8z2FfBl3sH4AsWL8qivOseeqYjfclOVKX7lSRERERGQ0Kq5OowBoxuU5IkTihc7FDj+kxzNsP5mmszfNbUvrqS6bR//hn1CR+QlzyrpwopDOfofWtp9w4sR7idbew3/ceBVX1BTx6KtNHO7ooau/n2+9cpiE5/LBy+soiWo/s8lyHIfi4mKKi4vH/yIbUtyTJ2zfj5c/Rq1pxMsf4VhnJX4Yobqol9JEBseLYB0XwhDHKRzwgg0IbQYnEhQefw0gKL6MoHQRuOMr/kiBCfKYziOEDO9KzBBPdZKsW0I+e/ZCgOOGhWJBGJ7zOoBibwHx1M+gt2/EvUymBRNkYPxNkTIK5cqZIxqNnrHH6liMXU3+8E+IpffgOpZVPEmi+2U6T5aTiPjMS3bgxgA3jrF5CM2pfBnmCW0aJ2awoQu+JV++jrC4fnoWeIk671wZWAJfuVJEREREZDQqro7T4CNrE+nG6jYOO4xHOuaSdF1a0gEnbYgTMdhklO0n+9m//QCbIt28w3+GpHsQ101ALk1RDBZXt9GXeZi240+TcT/MexfcQ2e6jn94LUtXj09XXx/f3nGIpZUJrq4vI+KacazhfN+JmWUycRsfQzp+GU7sKooz7UQch+rigOpkKxgDoQdEwIYUNlktHM5ibEBo8oXHW10HG4TYwCFbdxOhV3qWTqzZFzcYO3a28LwwYfrMb+thzsOGFj9z9i5k1wsI/ELn6rmuAwpdWzlv1HsROGed52yMnXLlzDR9uRIsLl0Vd1DS8+fEPYPnuDRU94DpBlwII4AHNg/GAYeBfOkX8mXUYEIH64dY16V/wR3nzAuK3em/P/9cGfqFzlXlShERERGRM6m4Oi4T30cwi2EvHq85Lg0xjxO5gONhQNaxREJwPEhUxCmhn3j7TkrsiyQWbiRfewv0vIDb80OcbDslcSiqOUpX6i/p7rOsqvxl5lWX0Z3NYvwsTcdP8ujPWqgribKoPF7o9DnbKmbdnmbnf7jO2eTzefp6Y7RkriXR30Wds4eqRC8RO/zgnDxQKKqeetzR4BhT2ArAFOoIfeXXkam8ltBNjPrtcvbFDcYTO2stNjTYbAmEuVN/b1wCP04unz53N1Yw2Llqx+zGyuczBH4cN5PA2GHFBSeKDccqGMym2ClXzkzTlysB+vr6aO1bjA3upKr3GeqTXRSNuCIACp/BU/myEJ/C/qt2KF/2lN1Gtvyqs1bitOfqKFdMQa4MfEvgK1eKiIiIiIxGxdVpYIGTOOxxXJIxl7yB42HISRNgHfAwOFhiQZqKzreYc3IbNUX78do7sJF6wroP41fcimn/J9ze53Cck5TFo9iSUoJ8FN/LguuCBRME/OT1FjYuqqCmuJZiPfJ6QbS2HufNffuor6+nYvmv0n7knwn6X6C2qIeIM7yz59QXRWMoFAncga4sA9noMnrnfAQ/NufCL2KGs9aSd5Lk5rwP760nGXyvw2Q9naXLaTq+hXzm7IUAN1IoFgRBeM7rAA61vcCi0uXURA/gdDUN/K0hWHIrea9qWgpSs4Fy5ezw8svb8fN5bv2Fu+g/uogDh/6epeUnKPKyw64a+Rkyxhb+Zli+TMfX0jP/Ny7k1C8JU5ErQ98S5JUrRURERERGo+LqmE51wYy3qycAOoyhxXGoi7j0BiFdhPQNdN64xuIQEuvqoLL5Veoi+ymqux6/bj3m+E9wj/0YZ96tBHN+kyD3Hjj+N6SDCM3+tfy01dDcmyl8N7IWYwOy2Sw7m7u4bnE5RZHRT+KFkQdfXPrdIROP20R0dXWx+43d7N69h+uuu5aG+bfQecInmnmB6kSKEU1xhqG3u1BgLchFF9BVfS/Z+FIszjk6sUau59I3vthZa8m6JUTW/jqhSeIe24lNVBA03EpHeZL9ux7GP8fhK74NC6eOBxZ/jG6sppZtXL72Fym//Ddw9/8Q09dOULea4Io7ycaqCIPRXz+7YqdcOTNNb64EOPDWW7S1ttHa1sYH3n87+bpf5siJb7G8oq1w4N9wZ8mX2fgKOub+PoEzeof/0GqGrUWxG7hqKnLlwIFWypUiIiIiImdScXWcJvLIZNbCMWPAcYgZQ1sY0m0tfQ44FjwLsZ4U8YN7qD/5KvPKD+Ic74XKq7Gr/yP5rt04R57AbX0JU7mMMO/SYa7nR8fK2NWeIpcPsL5PmA8I/QAbWPa1dNHTn2dOMnaONTAtX5zfzqbrUVdrLbl8jlSqh+e3baP7iitYPG8D1rcU2+0Ume6RLxgstloInWL6i95BV8WHycUWgPHGKBbMvrjB+GKX86E7Pp/YDX8MTo62rn3sPfzP7H71+6RzJ885vs+wgsEYJ2D35k7yT69+lhUL3suqjR9lTuXlGBslm82d88T02Rg75cqZaTq3BbDW0tuXovnwYb797e/w7ne/m47IB6kMn6HGbTzzBcPzpVtOT+l76K74IIGbHHNjzulaw9uZcqWIiIiIyMWl4uo0yFs4EVpCWziJvC+09FlLxlocwA0D3JYjVO17noayFsoW30RYtQyz+59w9/0AVtxOuPZT+O3bcQ/9X07aMnZGr2Bra8ix7n7CdIYwk8Hm8xBYnBB6ejP4/rkPmpCpE41EcRxDX18fAHv27MGY1bDwPcRKr6Ui3E0+1Ux/JiTtRwgtJCIBpRVzCSqvIxdrwDpnL+7I+AVBQCabpjvzJv/y4qfo6H5rXK8LnYGCQVB43HUsvfkOXt37CAdatnH7xi9THr+MIFAx4HwoV84OyWSSVCqF63rkjh/j+eef56qrrmJf0e9gyw5iun5Gur+XvlyUbOBhCEgmQkqrl9NX/i58r/ZiL+GSoFwpIiIiIjI9VFwdp8ETiMfTWREF5gY+r6bztEcc0oElG1iy1mKA2IkOinf/jBU9u1lefBTvZCl2yS2EN30W/9BWzK5HMU0/xp1zOXl3HodTS9naVcLBzhT5VD9hqh/bn8b6AViw1rC8JklxzDvn/Kw1s64zZCJxm4iysjIqK6toamrCdV3a29s5cOAA8Xgcx51HZ9EiSuaV4HkeThCS6e/n0NEWupu6mZ8vZs5ciEbHN6fZGDeYWOxsaHCJ49gYgT++9ypwLWEIYWjH/RoAhygu8YG4nLvQMBtjp1w5M01XrgRYtqyBLVuepb+/j3g8zoEDBygtLaWhYTlvequJFa+jrL4M6/t4oaW7q4vXDzYRtAesWu1RUTH+Oc3GDsgLkSttaJUrRURERETOQsXVcRj8B/94HzeMAlc6PulMP9uCgFbPJROEBDbEYAi7uqjqOMyKxEkqM+2Eb2yFptdwV23Crr2dcNFNBE0/we77Hq1hLTuCJWzvynEilSFI57DZPFgH40SJxVyuWVjNv7t+MXPKYmMUDIavY0remre1icZtIsorKlh+2WXse3MfPT09+L7P8ePHqKiooLKykmwuy0svvcSBt94ik8kAUFxcRFVlJameboxjmDt3Hq479qE6sy1uMPHYhWGI68SpLFvC8c43pnVuFclFuE6cMAzHnNtsi51y5cw0nbkSYOWqVSxZupT9b76JBbLZLAcOHKC6uppksoQjzc089vhjnOzsJAgCXNelrKyUqspKMuk0175zI0VFRRNey2ygXCkiIiIicvGpuDpNkg7cEg1ZHaTZ1gu7fEtTCCeMIfTidJTUsae1lnVl3dRyHNvXTfjy9zH7fopz+S9g5iwnHVvG7uPlPJcp4VjWYgOHuBejtKyIOYkoC8rivGNROdctqaQ04WFGnKIk08nzPFauXMmJE238+Jln6O1NEYlEyOVyvPnmmzQ1HaCjs5N8Lk8Q+OTzefL5PPF4nMsuu4xlDctnzZf/C8FaSyJayzUr7uF4xxt09jSN/aJJqEguZN3yu0hEa/HzerR8KihXXvpisRh33vlLfPMbD9HR0YHnuaTTacIw5Mc//jEHDzaRyWYJ/GAoXx4+fIjS0lLWXXUVwTn26pSJUa4UEREREZl6Kq6Oy8gTecfLAea58JEE3B5ajuahLQhpS5ZwYNEqnjlyjAOHkry3ro3rig9SmTtBmOokfPG7UBSlpXgVu9KrKa2aw13zFlIRc6mIe1TGI8wtjZKMebjOqSLB2HObbSfxTi5u41VSkuSGG27C8yK89NKLVFVWMX/+Ag4ceItjx44NdRIFQYAxhmg0SjabxXU9iouLcRxnnPOabXGDycQu8EMqildwy/r/j6df+VO6epvHea/xFdrKS+Zz05V/QG35lQT+2J1YBbMtdsqVM9P05kqA+fMX8LGP3cfj//gYRw4fYfXq1ZSWlrFnz+6hHBkEAWEY4jgOsViMVCpFUXEJxSXFE5iXYjcW5UoRERERkaml4uo4ne9JynEDS6OwFAOJKPlrVtEyr5yfvvgK/6fxTZ72anh/3TGuLj5Eab6TjCli58kq4nOX8cvXLKW6qvKs85roGmaT6TwBG6CkpIRNm25m7dorMcZQUV7OnLlzsMD+N/eRTqdHXLt8+WVcf8MNVFXXDM1vvGuYbSYauyAIsNZhfvX1fPDGr/Ba4z9woquRWCRJeXI+yaI5FMUqMEAq3UZr5x4c4wKWuVVrWFZ/E6VFhdilc9309B2lu/co2VwPlWX/r737i43ruu8E/iMpUiRlWbbF2PQfRaG3Bdt1nG12XRkJYFJbLJBiV3KRAtICkmFh0TYC+pAHSQ9OvDYWMpz4QRaweQggty/OWnowgQZYCWjzEkg0NkZUF4sgMHbVpuY6tiMmpexYtkmJ1J99mLkzd/5xZi45nBny8wGMRJyZO2fuuffMud8559wvxJd/9z/H3VvGY2nxVty61dhIrI1Yd9rK7tTqtjIi4sGHHoo/+7M/j8uXZ+PBBx6Igc0D8R//0564cP58fPTRh3HrVm5dzp6enrjnnu3xxS9+MSZ3//uIaHw9TnVXX5a2sqenN7SVAABQnXC1Tfr7++MLOz8fD9w/Gr987/14862fxalfXIqxzaMxee9HcfNWb/zs2kPxyOiO2H7P3e0uLsvo7++Pe+8t3s16584vxP33PxAffvhhzM39SywtLcXQ0FBs37497r777ti0qb+NpV3fbt26Fdev3Yptg78X/+Hf/bfo7bsZvb390XN7UywuLhXCm4GB/lhYmov5ax/G7du3Y9e//i9x59BDcf36YkRE9Pb2xsBAf0TPzbh5aylu3eyNxes34vq1pXZ+vA1JW7m+DA0Nx8MPP1z4965dj8ejj34pLl/+VXz88cfR09MTW7dujfvuuy/uuGNrG0u6vjXbVi5c/zhu3bqhrQQAgCqEqw3IDaZozaie/v7++FcPj8VDDz4Q//zO78VP/+Fn8T8uX47hwf748pcejd8Z25kvw8rftzh1cMWb6gqtrLd6+vv747777ov77ruvSrmaK8tGq7eIldfd4uJiLC4uRk9PT9y+fb3i8YWFhejrG4qhvh0REXHrxq347W8/LnnOZ5/l/je3jWw7f6PVnbayO7WzrYyIGBwcjLGxhyv+nqUs6q45jbaVg71bInq1lQAAUI1wtUG3b7d22trAwED8/u+Nx9gXdsb8/Hz09/c3uS5nfRvxLrytrre1sBHrLWJ16m65195o8CY5K33/jVZ32srutB7aygh1l30b2koAAMhKuNqAnp7cf2thcHAwBgcHW7b9tfws7baePut6+iyNWE+fdz19lnq0ld1pvX3W9fZ5lrOePut6+iwAAGwswtU6bt++Hb29PdHT0xM9Pasz5bRdchcuPdHb2xPr/Y686q17qbvupN66U3m9dfPU7CScS+qum4/BRjjnAACgM/S2uwCdbmnpRvT390V/f1/09fVFT5cOq+jp6Ym+vr78Z9kUS0uN3cG3W6m37qXuupN6606V9dbblaMHc+Fcb1ndNTadvVs55wAAoDMYuVrH4OBQXL9+IwYHB2Jx8Ubcvn07bt681VUjRHIXLr2xeXN//nMsxeDgULuL1VLqrXupu+6k3rpTut6Wlm6W1Fu31F1u5GZp3V2/vrHqzjkHAADtI1yt444tW2Ju7ko8+OD22Lr1dmza1BtLSzfj1q3uuXjp7e2J/v6+GBzcHJs3D8Tlyx/FXdvuanexWkq9dS91153UW3dK11tEpOrtVtcsD9DTE9Hb2xv9/X0xNJSruw8+uBLb79ne7qK1lHMOAAA6g3C1joGBgbhjyx3xwQdXYmTkzrjrrjsKF57dIrnoXFy8GZcvfxjDQ1ti8+bN7S5WS6m37qXuupN6607L1Vu3jIDMrdWZq7vr12/EBx9ciTu23BEDAwPtLlpLOecAAKAzCFcbsHXr1ti8eXNcvfppXLt2Lfr7u2tts9u3b8fS0s0YGhyMu++6Z8NcuKi37qXuupN6605JvX3yyWfxm9983HX1FpGqu6Gh2H7P9nUfrCaccwAA0H7C1QYNDAzE9nvuaXcxaJJ6617qrjupt+40MDAQ9wwMRNx9d7uLQpOccwAA0F697S4AAAAAAEA3Eq4CAAAAAGQgXAUAwbkUzwAAIABJREFUAAAAyGDdh6uzU/tjaHg4hoaH48TF1m1//9Ts6m+84GKcGB6OoeET8dMWvkvXmZ2K/cPDMbR/Klq591fTT0/UOxaz1PVsTO3fHy09BFck+Uw1/ts/FX9bd7+sVRlbfY5djBPdch4n59fwcAy1sGLqnxOtff2Gc/FE6vwrPRbT35dZ63xtvhO7VPqcGi5rs9P1kvk7bTam9i/T1g6fiL/tgPpZm3O2078XAQBYT9Z5uDobb0ydK/zruenV78mP7ns9Fubn4/V9o6u+bTaiXXFsfj4W5o/F4w09fzam9j8cT5+r/8xO9uVj87EwPx/HdrW7JK10MU4M747n2l2MBs2+MRVnk388P90dgTBNuhi/LIRPpd+XtNq5ePeXxX/9dPr5NXnXezZEn2V9fC8CANA91ne4evG1XOf6+PF4IaJGQFA50qN0NMXyj1cbpVM6WjZ5fXGEUGHUxlR6FMsqjGYrGRVTOTKlZFRSyeiYyjIW/1Yc+VH6+u4ZEbJ8uSvrd3/xA+f2Z2mFV4yWTepzdeqxygjKkpFm5fWWXECei6cf7tTRYklgPB8L8+dz52Icj/PJ317fF++WjGRKHXtTJ8rqJV1f5fu6bIRs+bComvuxzHIjNuucY7UfTwerz8fuis9aq/1pl4vx2qFzEXE8XjgeEfF8vFFertS5MHWi+j4pto9Tqbqp3XYs156u7Nhu8tgoHFuNtY11j4uOdS6m3kjauzeiIltN9kt6f1X7WwbLt5uVo90Lb5d//5J9XKVMq9sut0bxB9+L8UZFtlrlOKv6t7TR2Pd60ta+Ez/YExGxJ37wTvK3Y7Gz7Hyq2h/J78fiPqx8v+bqr1Z5V9Ce13y8W74XAQBYT9Z1uJqMBHlh4lg8USMg+OmJytENz+0uXgjUe7zCxRMxdig1Wnb3N2OqxlOfO3SoODIsno/dK7lYnZ2K/Q+ntxdx9tDDJRek6XJFRMS5Q/HNqdmIGI0n9u2Jkv2TXGjv2RdPjOYCjtLXn4unH+7MC9a0euWuVr9nD30zV7+jT0RutxRD+WQ03959T8Ro5C4wd5dcFD8fu1dzmYLZqdi/u+yq+9yhGOuMBK7FzsXTh4qf/eyhb8b+ktFI6XOmyqjQ53eXBuUN7cfnY3f6PHp+d/EcqneO1Xu8iqbbl7VycTq3L49PxLGJ4xGxzMj/c4fi6dSurfaZzx46lKqb2m3H6BP7Ym9EnJ16o/ADQm405Z7Y90TWkXYZjo3CsVW/bcxS7x0h/6NjYV//8t04GxEvHD9efM6uiYofJovfq9mHmS/fbs7G1P7KEd7P7c4fM/kyFY+RyjK1vF1eqT3H44X0d8vsu3ExIvYePx57C09Kjr0qAXhy7K2ikv7I87tj//79qX14Lp7+ZukPis3VX/Vz/rndGdvzuo8DAMDaWsfhajIS5Hg8sSvi8WUDgvTIjvlYmH89SmfM1Xs8MRtTJ3JXHHtffSf33PO74mytqWnHz+efk7+Yvfhu5ou/JPR74XzpCMHnTuQveHYdS5W/+J5n8/MSk1Aj2T+lIWIScKRGG54/HhHPx8sdfTFTv9yPH5sv2S+53ZJM1ywPVsqDnvwxtufVmMm/fubVPRHnDsVrqx2sJMdK8t+xXZEbpVQ6Omm9TfVMzqOkXs5Gfl+XnzP5MLBw3uVHbZ099FrpBX3V/VgqOYdmXt2Tf4t8ZFDnHFv+8V1xrGzUbvGtG21f1k5JWFUlYCtVLH+yzyra2cI5khyvVUbCRhR/0Dj3brwbsTphUr1jY3RfvJ4+Jt55NRdw5Y+t5dvGBtrejjWR+9Exv69zdX48nphIP2dX/ofJZPmA0u/VbOq1m+nRl+ljJilDvkznpuKNqmVaw3Y5s53575bcZ8odQ3ti38TOkmcVfmzIf0+XH3urKt82Jufw2XO7ct+byfmQnJMN79/U926tpW6S9rjsnKt7zi77+Pr/XgQAoPOs33A1NfLq8YiaAUEudM1NHas2Na3e46V+Ge+ei4g4HkeTzvyup/Kd/EqFkT9J2Vbg3dwbx3O7k3LmR3UULojykumr5SO1SkZpFkPJ3OdIPlduOvNQ6vVn04vGdZzGy51MPa7cLalgJQl6jh/LhV/50UZx7lCM5befjJJNArkVK9TL7i6ccrxSxdGKO3fmTqJCqPD5nakRXhGz7+au6s8eeji/n5IRUflApuH9WAyNRneWpkf1zrGGz8GU5tqXtVIeVu2qOfI/IornQ0SM7juWa8vKfih64di+fBg0GvuO5YLx6udI2Q8a+dGUKwmT6h4bBflpxmWjUJdvG7PVe6fInVfPxxsXk8BsZ+wse05yjE69MVts85Lv1SyaaDdzU88rR3eXlKkQtD2VK9NatMurYOfOXZH7DBfzx9Su+Pzny55UNnsid6ytZBR3bUl/pNDuJXU8ujNKWsK6+7d4Dhe+d2uMGi70gcreo9452/g5DQAAa2PdhquFm0MUwpTieocloy3zIzqT0Rql6yE28HjHy19sJGvSvbYzN0rr/PGy56VCjakkRGzgAnoFo23bKl/uZN2413a+nhohmZK6uJ1KRqg1MB129ULnZBTX+UIAf/bQwyu4m/RGUxyF3Lr9WO+CfpnHO7F9SX6YSoUjyY8OVUdjNtAGNBNqpX/QyLXjrQmTCsdGYe3Yd+Op9Ci6YomytY1dEPQU9vWJE7lp6dVC7NQ0/J820QZmkWs3i+uK/vKp9MjV6mWaauIY6agfAwuf4cQyx1T6x4YkAF/9JQFWS2EmzL6y79Nzh2JsVdZpL70JWPOPAwBAa6zPcHV2Kl5e5sa76bXaEsnFQBI6lk9rrfd4zudjZ37KayHATW6q1WLJyL7i1NTSKcbla9IlIz/SChfa+bXXihfQyecqn+aXuxlRh17nRf1yl4/Qm41fVuyW4sXt0/kb/BSmwyajbVLTI5ebbr4yyU2h8kFDYUosEcXRVsVposX/Sqsi+36sd47Ve3zZ8jfUvqyF4tImVVXbX6m/zU6dyAWzu3aWtAvpNVST7e/aWWOnpEYZ716FMKnesVEx1To/Wra0SLXaxpXVe9slbdi5c3E2atVJMg3/UOwubwNX8p612s2KpSCSGQjVy/R0+TGypu3ySuS/n/L7fu/O8mGrOYVjb3fuB+KWLAnQjCb2b7LsTu7Ho9TasXXfYvlztvH2HgAA1sa6DFeTi+WK9RWTUWuFMKDyTt3JtPHcxXO9x8sVp7wWpqvtvhh7aywL0LzUNLuyu/QWL8DKHi8bApc8XnFzq4iI0X1xtDByM30BXWWaXyfd2Tw1PbH0TvCNljt5vHL6aURqqnNE2eii4gV+6fvXH6FTUU+19mXFXczzZawInPJTyzuiQtogGQVWmCZaNh214f1YW71zrNFzMDne9k/9vMn2ZQ0U7hhf+YNEsu5tZUBSXNYgaVcqyl84R5JzbLmALjlvcxoNk2qeU/WOjbxim10lXK7ZNjZT750oWfIhYrk6SdYszz2tsSUBKvZ3YSmOBtvNwuOVN7eKiHj8qeII49JjJHu7vLbSx/kyI2+THxvqPW/N1Nu/+eU1Uv/l2oUmyl7vnG3wnN7w34sAAKyZdRiuJmviVQsokgvJJCBI3/igaO+r7+RHP9R7vIpdx1JTfPfED975Xuxbwadp2Oi+eL18OuueV2MmX9DHj51Preu6J37wTv5zVV2DNiouoEf3vZ76XDnL7ocOsXy5d8Wx9DoAe16Nmfw+LB05WAwgyo+px49VLiXwwvlVHLG261iVJRyOx/nXK9ew3NjSN4xKpPZT3f3YgDrnWN3HY1c8VXIsfq759qXFij9MVQZoSdtQMfJ/z6vxg9SurVb+va++Wtb+VLm5TUoSWK5OmLT8sTG673sldfDC+fw5XTZKt1bbWL/eO1vNz5WWWhd8NYL/ZdvN0X3xvfR5cvx8/twtC/YLoWPlMdLydnmVFI7zZX/kSYWwHbIkwPL7t9r51uz+r9Oe133c9yIAAGur5/bt27dbseGZmZm4f3T1rgKWvv9HERHR/5c/XrVttsJPT+TXJzx+Pj9F7mKcGN4dz8XxOF/tbrkA3Wh2KvY/fCjO7nk1ZmqE1LNT+2Ps0LnY++o7zd2xu4Fts5Z8j7VT5vOIhnVLHxMAgOouz87G2NhYS7Z99OjRus/Z1JJ33sBy6++dy91IKz27dCV3VwbYQCrWQaW9kpuc+R5rg2Q2TicsCQAAAFSzDpcFaK/Rfa9X3nG+i6aIArRPbr3GsUPnIva8Gt8zSq/N8uuO56ZjxHnfY2vr4onCOsV7X/1exy1rAAAA5FgWAACADUsfEwCgu7V7WQAjVwEAAAAAMhCuAgAAAABkIFwFAAAAAMhAuAoAAAAAkIFwFQAAAAAgA+EqAAAAAEAGwlUAAAAAgAyEqwAAAAAAGQhXAQAAAAAyEK4CAAAAAGQgXAUAAAAAyEC4CgAAAACQgXAVAAAAACAD4SoAAAAAQAab2l2AZi19/4/aXQQAAAAAACNXAQAAAACy6JqRq/1/+eN2FwEAAAAAoMDIVQAAAACADISrAAAAAAAZCFcBAAAAADIQrgIAAAAAZCBcBQAAAADIQLgKAAAAAJCBcBUAAAAAIAPhKgAAAABABsJVAAAAAIAMhKsAAAAAABkIVwEAAAAAMhCuAgAAAABkIFwFAAAAAMhAuAoAAAAAkIFwFQAAAAAgA+EqAAAAAEAGwlUAAAAAgAyEqwAAAAAAGQhXAQAAAAAyEK4CAAAAAGQgXAUAAAAAyEC4CgAAAACQgXAVAAAAACAD4SoAAAAAQAbCVQAAAACADISrAAAAAAAZCFcBAAAAADIQrgIAAAAAZCBcBQAAAADIYFO7C9Bql04fjpenaz8+ceRUPDXe4kLMXYjvPnsmZsYOxHeemYyRFr/dSs1deCm+fWam6mPl+yt57tiBF+Nbky34ZBX77lK8dvhkTMdEHD11MFa/6lq9/VIt338xFxdeejZOp6ozyzHf+nJWvGFXnTMbRdKerkm72VJre54DlKvdPx2Lgy8+E2vxVVvZFq63PlCLJX2VGg93/3clANAoI1dpyvTJw/HdC3Mr39DchfjuSxdiFba00oLEhZdeitX4SJ2nMliNyNXha5faU6KVunS6e8sOAPXNxOln12u/ZGOZPrkO6rFj+usA0NnW/cjVhF+Pm1c+kiAZYTBz5kdxaTI3omFk8pl4ZbLJDV86Hd84OR0xdqD+c0cm41unmn2DhguSH6ExFgcLfxuPp06diqda9I5rau7t+MlMRKRGoCQjZabfuhRPjXfwCVFR78WgeOKxtpUKAFZVaf80+a6biZ+8PReTaz6acx31gdZSlVk2uf5Wu+pxlTTTXweADW7DhKv1JKHT2IEDsePMmcjN1MpPzYrUtJ+yDlRxmuyRiJMnI5nh1UiYWzH9fuJIvHJwPHmwyrTopNOdnjJWPjqxylSupHOUl3X61cjkM3H0/cPx8vR0/P2lgzE+XmNKV5VpUoX9kS7LzJn49uEzuce2Fz/vwR1n4vR05Pb1n0f8Va3p4SWfq3QaXdVyJc+fOBKvHIx8sBqRGyVyOE6X/L1sP1Z8phqPjx2I73z9/fh2jXLVdqW0HgvHQrU6b3YqXbG+xg+eilcOph+rNgWw+nsuX87Gt1U8Z16MHT+ssa2S4/+ReDv1ntMnD8e05QI63KXU+RVVLzzT7d/YgRfjL+KvqxzTy2+noWOpynYmjhxZ1U8LsDpG4pGvjEXMzMTM+1cioqz/klf+3b96bWHl93i2bU/E0VOPxd+v2hID9fu6lcsspJ5T0v8r77Ok+zr1v7satf2hsYgoq8dGtl9S1xNx9EjEy+myV70+qL6cQ/l1RsW1SdlxVdJnrdVfH6+yr/XJAKB7wtWl7/9R06/p/8sfF/7/9MnDMV3xjMrO2cyZdICWD92i5AnxVxceqQi0pk+eLPv34YhlAtaqa21Nn4xvvJfvoIw8El8di5iZeTPenpvMdXSSkYhjX4lHqgarERHT8fLhqOxQlnyEZ+O7kS1gTTqL783ORYxXeX2N9aemT74UO158JuqOQZ05U/w8O0ZjJGZrPHE6Xi7Z5TNx+tnTMdqKNcKq7MPcfn6vMnycORPfLi/XX1+IR+p0OmfOnCzdZ9Mn47sP5eooudAqjn6Yi7ffnImIsfjqI8tstXAMJcf/ytdxW66czZo++Wz5H+K1xxofYX7j+38US02/68aUbgsjVt6eLq/s4jEid168FIWLr/ILvpkzz8ZfjY01vZ3E8sdS5XbK2+ss+wPYmFrbnibf7xFjD23P/amJftxK28LlNLft6Xj5pfeivFXPpn5fd+7CS1XWr52Ol08/lgskxx+LiZiO6em34tLB8Xz/+K1ceSe+Xj1Yjaj5ndNImSvqsZHtz12I75bUdXlft4kSVLl/Qsm1SdW+bf2+dNXrl5kz8e3To/HKwXHfpzSl8b4lQOfrmnB1zSS/vqZCwmSEQGFafMmv0GWvi9TU6x9eiD+u1iGbuxB/k++YFH9Fzne6Zs7E312ajKfGK0O1ubffzJXnK4/ktnnpR7nOZuq9c2Wcjr+58LX41mTEhR9OV3+f1NT+LKrugxr7o8TIwXjlSBSmGRU7lMWnlPyyPlcrXE2P3Eg63snnbqQLPB5PnToSUWXUQqm5wj5Mj3hIpnud/tGlmDxYuhcrRunOvB919lZUG2FRWH7hka/EWMzEzJtvx9zkZIxUhOy1jMTkM0fivfIRuisaRbJMOZvdVKH+ixdO1UP7kZh85sWIZFmA/P5d+n6mD0CLzV34Yf6Ctfx8Sdq21EVn4RzOtUszTW0n9eTljqXkAjp17C530z6AtVT9x//kx9O55vpxrWwLs2x7NZrZun3dkcolqpL+13uzMRfjMRLj8YcTEdOpmVeX3sqX+LH8PJtmvnPK5Ud2VpqIP833SRvZ/qUf5QcnVMxeanqnxd+dyf0IX+jf5q9rKq5NKkYg541X769feit5meXWACCt68LVrL9wNdoJKASXI6OxIyJmUqMDR0Zzf6m6/a8XOyrjXzsQY9NnYqZWqHbl/ULnqVim8fjjA2MxfWamsB7mSEmo9kjFaMW52fdyL63SqcuFnxHvpadSlzzjvag1+HRFCqMlU2VqarrQRPxhQ521Yoe15jS6VXElvw8n4miq81mo4/QoiHy5CuVPRko08C5jB75W3EbhdUkdlY5ifqQ8ZF9Wfv20khEK0/HySw9lmsK1fDmb3Fah/MX6a4Zfu+urN4KkFfvwyvuFRie+UXbw5y7Ei+dU8Rwutn+Nb6d4wC13LCXtZPrYHZn8ekycKY4gciwB9axde5r+AfRKU/24lbaFy2nltpdTv6+b2gFVR2PmJP22XB874u9zSWehz9bMd05DykLL+tuPSD5qEvhGjMTk1yfidI3PVNPcbOQ2VW0GXv7apDCaN1WeWkFryvhjExHT0yXHY/oay/cpjTDCGViPettdgM63I0bbtYhQPlSLmTfj7UuNjlZsraRzWJzmVG4kJp85Fa+cejEOJvPBZs7Etw83eJf3sYei1pazSELmiFQHvZVWufw5+QuZmImfvH2psSUByo0fjFdOnYpXjkzk/p3vXBflLtJyihdz2TS2rR1tO7FYbxxLQLeaOHIq9/1c+C/7rKJWtoWd3M7OXXgpvnH4cHx39mulfZ20pE89/VZcKiwJ8NjqLCU1diC+c6qs7zv9VsVcqFWV7scVwtRm5H58f+XUkSjsremT8Y3DL8WFueVedrBiH0+fPBzfeOlCLPcyAFjvum7kaqdKT7NJpu/XDNq2PxRjETFTtl7V3+VHbaV/sU5GB5w+mQ81U6MVCyNpa44MnYsduUxudabvXDqdX2cpPeKsllzIOhnFaWeFO9Qnn39FhUkvAVBtbau8wpSw4nOKthf2T23Jc1Jrd0V66tbqdMxLptYXptcVg/3CKOZkzdMGQvbCdL/0SISa+34m3ksGgBTev/lyNrOt5ozEMgPH6SDJuszLjYBJzqniOVxs/5rZTiOSdjJ97BamZwJ0tO2r1o9rZVu4Ftuu3dctToGvmNlVuqV8nzpZx3QsDn6tuENX5zsnvYxR6SyhRraffNRCfzm9NFWF4sjlwnVHoRjF2Xf119rPz3CK4pJXhTX+l+uvjx+MV04djOKyZql7RADABrRhwtXqa1rFii/cC6pMV0ovFVBiZDL+dOJMbl3W8nKNHYg/ThWnEKrlHiwdrTj+tTg4Nh2nq733kVPx1HhxOlG196k3LXzmzLPxjSpLSJVMDS+3zJSsYmhceIPi3UczDPesLF8x9C10xmuug1Wypdy0qYkj8crB8sdSU7IqpnKVdsxXZjpePly630r2c+rmVBGNLQlQOHaqTEErhsLFC7ea50jD5Wx2W9lMnzwc0+5M21bL3iAwmQpa7Xx58ZmYHEkt45E6h8fGSqeZjtTdToOFLSxfUXnsAnS2lfXjSrSyLay27bGxhn9Ir97fzLf1dfu6Sd+jyhT4MiV96rIfqVftOydGYvLPD8RPnj0TM6mb4Day/eKSU1X6bYXNJ8Hpcp+3uNROxXPy1z2119utMjOq0F9/MXb8sMYasG2eWQcA7WZZgFUycSQ1FSjqjzAYP3gqvnOg7D6qE0filfKO8shk/Gky86ai45L7hfxgxWZS7z1+sHJ6VOZgaiwOvnhq+RtGjR+MV148UHGH2LEDLxbLlEzNyntvNstEook4WvK5ym7SNH6wbP+WPz+iON2+UJDqU5qqfqaJOHqqmc728sYOHCmpx+KNfoplnfx64UBobEmAkcn4Vnq6V6LkB4XcTa/SzykvS+PlbG5bzRp/LLXlimUN6By5m8WVHnelF6cjk8+UnJ9jB16Mv/hK89vJWp6JI1XOC4BOtGr9uFa2heXbnoijz3w9dqzKtuv1dXNhZuobJQ6+mH/+zJvxdrpjl+pTV/5IvVrfObn3+Yv8d9zMmb/OT7NvYPsjk/Gt8r5tRd91PJ4q65NWq8fy79n8Ewv9v5HJZ6ounzBxJF2e8v56xOQzp+JoZccyjvrBG4ANruf27du3W7HhmZmZuH90dNW2lyx83WkLpeem0LT2rpnJe1QGbmwoyahgozZpUK12s73taerux1XuiKydAzpRZ7anHaIwaykVFhb+VvbjN81J9uNqzbSDDqDdBFrh8uxsbjZkCxw9erTuczbMsgBda+5C/M10RNM3MGKdKa671ciSANC5UnearjI9UjsH0GUKywJUm4a+SjeNAgDoYF0Xrvb2dtZKBp/7gyfjybsivnBvb6x20eZ+fjZ+8v8iHn3yydj71b3xpdW/DT3d4MrP43/mDoR4cu9X48lHHQjUd+vWrXYXoaaRyWfi6PuH8zfIS2ScfgnQATqtf7q2fj+e/u//NcZ+/PP4bfrPO78Se/VZVubeP4g/+ZO7I3beu8GPMQDobF0XrnaakUf3xpOPdt+26SLbH40n9zoQWF/GD56qcgM5ALrS8M54Ys/Odpdi/dn+aOzdow8IAJ3OT6AAAAAAABkIVwEAAAAAMhCuAgAAAABkIFwFAAAAAMhAuAoAAAAAkIFwFQAAAAAgA+EqAAAAAEAGwlUAAAAAgAyEqwAAAAAAGQhXAQAAAAAyEK4CAAAAAGQgXAUAAAAAyEC4CgAAAACQwaZ2FwAAAAAAoNMcPXq07nOMXAUAAAAAyEC4CgAAAACQgXAVAAAAACAD4SoAAAAAQAbCVQAAAACADISrAAAAAAAZCFcBAAAAADIQrgIAAAAAZCBcBQAAAADIQLgKAAAAAJCBcBUAAAAAIAPhKgAAAABABsJVAAAAAIAMhKsAAAAAABkIVwEAAAAAMhCuAgAAAABkIFwFAAAAAMhAuAoAAAAAkIFwFQAAAAAgA+EqAAAAAEAGwlUAAAAAgAyEqwAAAAAAGQhXAQAAAAAyEK4CAAAAAGQgXAUAAAAAyEC4CgAAAACQgXAVAAAAACAD4SoAAAAAQAbCVQAAAACADISrAAAAAAAZCFcBAAAAADIQrgIAAAAAZCBcBQAAAADIQLgKAAAAAJCBcBUAAAAAIAPhKgAAAABABsJVAAAAAIAMhKsAAAAAABkIVwEAAAAAMhCuAgAAAABkIFwFAAAAAMhAuAoAAAAAkIFwFQAAAAAgA+EqAAAAAEAGwlUAAAAAgAyEqwAAAAAAGQhXAQAAAAAyEK4CAAAAAGQgXAUAAAAAyEC4CgAAAACQgXAVAAAAACAD4SoAAAAAQAbCVQAAAACADISrAAAAAAAZCFcBAAAAADIQrgIAAAAAZCBcBQAAAADIQLgKAAAAAJCBcBUAAAAAIAPhKgAAAABABsJVAAAAAIAMhKsAAAAAABkIVwEAAAAAMhCuAgAAAABkIFwFAAAAAMhAuAoAAAAAkIFwFQAAAAAgA+EqAAAAAEAGwlUAAAAAgAyEqwAAAAAAGQhXAQAAAAAyEK4CAAAAAGQgXAUAAAAAyEC4CgAAAACQgXAVAAAAACAD4SoAAAAAQAbCVQAAAACADISrAAAAAAAZCFcBAAAAADIQrgIAAAAAZCBcBQAAAADIQLgKAAAAAJCBcBUAAAAAIAPhKgAAAABABsJVAAAAAIAMhKsAAAAAABkIVwEAAAAAMhCuAgAAAABkIFwFAAAAAMhAuAoAAAAAkIFwFQAAAAAgA+EqAAAAAEAGwlUAAAAAgAyEqwAAAAAAGQhXAQAAAAAyEK4CAAAAAGQgXAUAAAAAyEC4CgAAAACQgXAVAAAAACAD4SoAAAAAQAbCVQAAAACADISrAAAAAAAZCFcBAAAAADIQrgIAAAAAZCBcBQAAAADIQLgKAAAAAJCBcBUAAAAAIAPhKgAAAABABsJVAAAAAIAMhKsAAAAAABkIVwEAAAAAMhCuAgAAAABkIFwFAAAAAMhAuAoAAAAAkIFwFQAAAAAgA+EqAAAAAEAGwlUAAAAAgAyEqwAAAAAAGQhXAQAAAAAyEK4CAAAAAGQgXAUAAABfXa9jAAAEvElEQVQAyEC4CgAAAACQgXAVAAAAACAD4SoAAAAAQAab2l0A6GbXr1+Pn/3sHyIi4otf/DcxPLylzSUCAGAj0z8FgLVl5Cpk9Nlnn8Y//eP/Kfz7n//5H+PqJ1fbWCIAADYy/VMAWHtGrkITrlyZi6tXfxtbt94ZmzcPxvzCfOGxhYWFuHnjRvz615fjww+vxLZtd8UDDzzUxtICALDe6Z8CQHsJV6FBV67MxZUrv4mF+flYvH49tt65LR58cEd88MF7ERFx//0PxNWrH8dHH12JTz/9JBYW5qOnpyfuv//BNpccAID1SP8UANpPuAoNunr141iYz40EuHZtIfo2bYqxsd8pPH7vvaPxi19cik8//SQiIubnP4u5ud/ovAIA0BL6pwDQfsJVaNDWrVtj8fq1uHZtIQY2b44779wWfX198eCDOwrP2bbtrlhYmI/5+c9iaHAo7r57extLDADAeqZ/CgDtJ1yFBixcW4jh4S2xtG0p+jZtijvv3Bb33jta8bwHHngoenp6Ym7uN7Fl+I7YcsfWuHr147jzzm1tKDUAAOuV/ikAdAbhKtSxtLQYl3/1Xly/fi1GRu6LsbHfib6+vprPv//+B+Nz994Xv/rg/fjf/3AxNg8Oxr/9d7tiaHBoDUsNAMB6pX8KAJ2jt90FgE73i1/837h+/VpERMzN/Trm5n5d9zWXf/VB/OKfLkVExPVr1+LN/zXd0jICALBx6J8CQOcQrgIAAAAAZCBchTrGxn43Ng9sjoiI7ds/F/ds/1zd19w3en+MPZy7U+vA5s3xh7u+2tIyAgCwceifAkDnsOYq1DE4OBSj9z8UN2/ejMXF63Fl7jcxNLQltm27q+rzFxbmY3HxWtx117Z49Etfjr6+vti6desalxoAgPVK/xQAOodwFRowPLwlrl79ONcxvX4tlpaWoqcn4s47SzuwCwvzcW3hs1i6sRibNvXHHXdsiaGhLW0qNQAA65X+KQB0BssCQIPm5z+NxfyNA5YWr8enn34St27fiqtXfxtXr/42bt66GYuL12LpxmJERNy4sRTXry20s8gAAKxj+qcA0H5GrkKDhoaGY2lpMZYWF6O/fyA2bx6Mzz79JK5+/FHhOb29fbFpU3/cuLEUfX2bYmDzYBtLDADAeqZ/CgDtJ1yFBm3bdnf09PTEp59+EsPDW2JoaDj+5TeXC49f/fij2D5yX2zatCmuX1uIgc2DMTx8RxtLDADAeqZ/CgDtJ1yFJtx5512FdawWF69HX9+muHnzRkRE9PVtip6enhgcHLaOFQAAa0L/FADay5qrkNHAwOb43H33F/69/XP3xeDgUBtLBADARqZ/CgBrz8hVWIFNfZvioR1j7S4GAABEhP4pAKw1I1cBAAAAADIQrgIAAAAAZCBcBQAAAADIQLgKAAAAAJCBcBUAAAAAIAPhKgAAAABABsJVAAAAAIAMhKsAAAAAABkIVwEAAAAAMhCuAgAAAABkIFwFAAAAAMhAuAoAAAAAkIFwFQAAAAAgA+EqAAAAAEAGwlUAAAAAgAyEqwAAAAAAGQhXAQAAAAAyEK4CAAAAAGQgXAUAAAAAyEC4CgAAAACQgXAVAAAAACAD4SoAAAAAQAb/HxSYPpe8ciD+AAAAAElFTkSuQmCC" height="600" width="800" />
<img src="data:image/png;base64, iVBORw0KGgoAAAANSUhEUgAABVcAAAJXCAYAAACXAGQHAAAAAXNSR0IArs4c6QAAIABJREFUeJzs3XeQXed55/nve8LNt2/37YyOQCNnAiBIgkFMEkmRSp6V7Z2VvfbWVm251qr1Fv/0uqamamprw3jHszX2hHLVqqwZy5ZliRIlkyIpiaRIgghEBho5dQOdw83hnPO++8e93WiwG4EQBRCa51PVbPbtE95z7u1/fnjO8yhjjEEIIYQQQgghhBBCCCHEvJdffvmW21h3YR1CCCGEEEIIIYQQQgjxG0fCVSGEEEIIIYQQQgghhLgDEq4KIYQQQgghhBBCCCHEHZBwVQghhBBCCCGEEEIIIe6AhKtCCCGEEEIIIYQQQghxByRcFUIIIYQQQgghhBBCiDsg4aoQQgghhBBCCCGEEELcAQlXhRBCCCGEEEIIIYQQ4g5IuCqEEEIIIYQQQgghhBB3QMJVIYQQQgghhBBCCCGEuAMSrgohhBBCCCGEEEIIIcQdkHBVCCGEEEIIIYQQQggh7oCEq0IIIYQQQgghhBBCCHEHJFwVQgghhBBCCCGEEEKIO+Dc6wX8OpX9ClOlaYbzVxnOXeFqYZSx4jgzlVnKfhnf+GCubW8wxJwYjy17mH++7usoFEqpe3cBQgghhBBCCCGEEEKIz6zfuHDV1z6jhXFOzZzhxNRJhvNXmK1kqegKXuATaJ/AaAyG+WTVKFBg0ISdMKsaB1BIqCqEEEIIIYQQQgghhLix36hwdaQwxr7RAxwYP8TVwij5ap5qUEWjATCmVp1qjCHqRLCUjac9Avz6a1EGUstZ27xaKlaFEEIIIYQQQgghhBA39RsTro4XJ3nl7E84PjXIeGkCT3u1wlQFCoXBoNHEnBgDDcsJ2yFGiqNMlafxTS14bYm28Niyh0mGEvf6coQQQgghhBBCCCGEEJ9x9324aoyhElR4/eKb7B7ZQ87LUYtTFSgzV7NK3ImxoXkdXfFlBCbgfOYCBb9IYAKM0STcOOub1rCpZQOWkjlfQgghhBBCCCGEEEKIm7vvw1VtNCenT/Pe1d3kvXy9V6qa76kad2L0N/SxsnEFAw39jBYnODE9yIXsJQp+sX4UxbJ4Jw+2b6MhlLyHVyOEEEIIIYQQQgghhLhf3NfhqjGGkl/iZ0PvMlWewRiDUrVgNWyHaIm2sCo1wPa2raQjTRyfHuTnQ+8wXhyvdQxQCm00DaEk69JrWCe9VoUQQgghhBBCCCGEELfpvg5XA6MZK06yZ3Q/WmsMYGHRGG5gVeNKHuncycrG5UyWpnhz6Bf8YvhdACxVbxsAWMpifXoND3XsIObG7uHVCCGEEEIIIYQQQggh7if3dbjqa5/L2SHyXoGw5eJaDs3RZp7qepxHlz1EKpJicOoUr5z7McemB7GVPR+qgkEbTVuslS2tm1nZNHBPr0UIIYQQQgghhBBCCHF/uW/DVWMMvvY4n7kAGGzLZkf7Np7ve5bV6ZVUgyq/GHqPn1x4ndHiKI66/lJNfZ9HOh9iZ8c2QrZ7by5ECCGEEEIIIYQQQghxX7pvw1WASlDl9Ow5LCx+a+ArPNv3OdKRJopekXeG3+MnF37KWHECW9mL9q0GHk93P8GjnQ/RFGm8B6sXQgghhBBCCCGEEELcz+7bcFUbTTWoEHOi/K/b/me2tW0lFU5SqBb50fnXeWf4PaZKU1hKwYJWAFALZXe0PcBz/c/Sn+rFUtY9uw4hhBBCCCGEEEIIIcT96b4NVwFiboyvrnyJFal+4m4MbTTvXd3NhyP7mCpPY9RcrGowphbIKqV4pGMnLyz/PCtS/biWtAMQQgghhBBCCCGEEEJ8cvdtuGopi7gbZ216NWE7hDGGj8YO8fbwe1wpjOCbAJTCQhG2w6QjTaxo6GMgtZwtLRvoSi4jYodRSt36ZEIIIYQQQgghhBBCCPEx9224qpTCUc78BcyUM3w4dpCi9hhoXE6jm6AhlCQRSpCKNNESbaY92kpbrJVUuAFbWgEIIYQQQgghhBBCCCF+BfdtuLqYYW16JWsbV9CgXFLKosEKE3VjRMMNRKON4ETAcqRaVQghhBBCCCGEEEII8Sv7bIarpjZ4ymgfdADKAstGKQtuEIw2oHgm3AHZUXTuKpRz4FdBgbHDeJEkKt6MSrRiJdtQ0RQ4kdoxhRBCCCGEEEIIIYQQ4hP6TIWrxmjwK5hyDlOexZQyUC2CE0aFk6hwHMIJVCiOcsK10LXOrhbQY4PooYOYiXP4xRlMtYDxq4ABO4SVbEU192F3bMBqXY2d7oN4C4SiErIKIYQQQgghhBBCCCE+kc9GuGoMJqhiitPoibP4Vw6hrx5BZ0cx1RLYYax4GivVidW2Crt1DVa6HxVvglC8FoxGG6FnO1bLAOQncGaG0ZPn0DPD6MIkVAro2SswPURw9n1Uog27bzvOwGPYnRshlq4FtkIIIYQQQgghhBBCCHEblDH1Z/DvEWMMBB566hze4Ot4x1/H5CfBsgCFUlZtG6PnloyKNmB3b8VZ8xTO8l2ocAMoa1EvVeOVMfkJgvFT+Jf24Z9/D4oZ0B5zl20l23DXPIOz7jms1tUoy75h6wEhhBBCCCGEEEIIIcR/HV5++eVbbnPvw1W/jH9pD97ebxNcPgiWXfsC0BpMcG1bVC34rC9Z2SHsvu2EH/0fsVrXopzQjc+jffTMEN7JN/AOfK/WcsCqH8sY7M71hB75Q9wVj4H12SjoFUIIIYQQQgghhBBC3Buf+XDVBFW8E6/hHf4+wfhZlA4ABWgwoFr6sTrWYcWbQdmYSg6TuYqeHUbPjqACD2wXFWsi9NSf4K54FBWKLX0uY0D74JUJxgepHvh7gkv7a20HlAXKxm5dQWjr13A3fQWUfVfvhRBCCCGEEEIIIYQQ4rPjdsLVe1eiaTT++ffxjv6YYOzMtcf+lUHFmglt/x2snu1Y8RawQ/XMVYNfxpQy6KnzBMMH8c69h8mMUn3736KMxu5/GCuaWnQ6pRTYLtgu9rIthOMteA3fxz/9DiY3jiEgmDxP5cD3IN6CO/DE3b0fQgghhBBCCCGEEEKI+8o9C1eDsUH8wTfQ46fBBKj6I/9WUzehHf8ce/mjqFgTWM71vVSNwSTbsRq7sNrXYfdsxz/5Ft6lvVT3/y3haCOqZxvKdm94buWEsZp6cTd/DewQ/omfYvITtYLZ6ct4+7+D1boaK9lWG5YlhBBCCCGEEEIIIYQQH3NPwlVdzuEd/yeCoYPglWsBptGoZBvutt/BWf0MKtKw9M5K1YLTaCNWJIWV6sRK96NaV+Ad+SH+pT1YTb2oVOdN16AsByvdj7v+i5hKAXPyLajkQfsEIyfwDn+f8MN/CE7kEw+4CoKAQGuUUji2vWjQ1kLGGLTWBEGAAWzLwnE+/bfFGFNbVxCglIXrOjdd1yc9Jigsy8KyFEpd+/r49nNudW5jDNoYAt/HGINlWdi2jWXd32G3MQaDoeAVcS2XkO1i3WGAr43B1z6VoELcjaO49X0VQgghhBBCCCGEEJ+eexOujh4jGDqAKc3WB1RpiKaw+3firHryxsHqxyilIBTH7tyAijaAV0ZnRtCzQ6hkG8q6ed9UZdlY6X6cVU9icuME596vrSeo4g/+FHfdc7WgdkEVbLXqMTs7w2wmQygUQilFT3c3Sik8z+Py0BBnzpxhamqant4etj/wAIlEYtG5C4UCo2NjDF0eYnx8nFw+j1LQ0NBAe3s7PT09LOvsxHXdmwZm2hgqlQpXrlzBtm18z6exsZGmpkZs26ZUKjE6NsbFixeZmJigWCoRcl3S6TTdXd10d3eRSqVuO7QMgoBsLsfo6ChDl4eYmJygUqkACtu2CIfDxGJxIuEwrutiO7VwuVKpYrRmy9YttDQ3L3lNxhhKpRJj4+NcvnyZqyMjFPIFjNGEQiGampro7upmWdcy0uk0IXfp6uRsNcd4cYKKX0Ebg60s2uNtNEfTt7y+kl9mvDhBtpLDsWyKfpme5DLSkSaylRzjpQkKXhFLWTjKxjcBXuBR1R4ajaMcYk6UVLiB5kiauBvD/tjnsBpUee3imzSGG3mgdRMt0aXvx80YDLOVWY5OnGCiNMnz/c8Sd5fuNyyEEEIIIYQQQgghfj3uerhqvDL+uffQuXEwZr4q1Er34qx+utZj9Q5YjT24D3wd//TPgXpgy62HUinbwe5Yj+5/iODKYagWMAbMzBD+8AHceAtqQQ/XfCHP/v0fsWfvXuLxOG1trfzeN75BpVJh7759vP/++xw8dIjJySmeefpp1q9dNx+uGmPwfZ9Lly6x/8ABzp09x9WrI8zOzlIoFKhUKyigrb2dtWvX8OCOHWzbto2GZBLbXvpajNbk83m+//0f4AcB1WqVJ594gu3bt1EoFDhw8BAHDhzg1KlTjE+MUyyWsG2b5uZmVixfztatW3nooZ309vQQCoVueq8KxSIXzl/gwMGDnD5zhunpacLhMPFYDKUU2VyOiYlxyuUyrhuio72dtrY2tDHMzExjtKGjs5Pm9OKQs1KpMDIyypGjRzh69CgXL11Ca0MsFsO2bYIgwPc9EvEEff19PLB1K+vXraOpqWnRsbKVLO9f3cOV/FWMMTSGG3mq5/HbClcLXoHjk4McGD9MyHbJe0W+tPx5km6Cy7khPhzZx5XCCK5ySIVSNEfTGKDkl8hUs8xWMoRsl+ZIM33JHlY3raS/oYewE669XxgylSxvXX6bsB0mFUqSCjcQsm9+7z/O1z4XM5f50fnXyHt5Hl32MDE3WmuvIYQQQgghhBBCCCHuirserursCP7wIUy1WKvWMwbCcez2tdjLNv1Kx7bT/aiNL4EVgk8QMlmRJHbrSqzWAfTQoVrFq7Lwz7yD07sTE0nO914tFoocOnKY73znO8TicZ588nN847/7Bnv37uMv//2/59SpU1QqZTBQLJVw69WVxhiq1Sp79+3jpz99g7NnzxKNxejp6WH16lVYlsXs7CwnT51icHCQPXv28MEHH/D7v/f7PPnk52hOp29Y3ai15rXXX2d0dBTLsuhaVqvs/OjAAd559x2y2SzJRILenl6q1Srj4+OcOnWKo0eP8OGHH3L58mW+/OUvsW7t2htWsBZLJfbu3cuPfvQqBw4cIJVK8dhjj/Horl309vZgWRbDV66w+4Pd/OznP+fcufMEQUB/fz9tbW1k6oFqLBZddOxSqcTgyZP802uv8e4vf0k2k2Hrlq088/STrFy5kmgkwszsDCdOnODDPXv46MBH7N79IV/+0kt84fOfXxSw+jrg7Ox5Dk0cwVKKFanl7Fq287Y+C74OmChNsXt0L45V+/N4vGsX2mgmS9MMTp/mQvYSjuWwsnEFOzq2kQwl8I3PWGGco1MnGJw+yeGJY8ScKFtaNvHC8s+zLr0a27IxxjBVmqESVBgpjHF08ji9yW464u23Xb1qjGGmNMuRyWOcnD1Fa6SZsl+utV2QbFUIIYQQQgghhBDirrnr4WowcRpTnAGtwbIwOsBKtmN1bsAKL358/pOyEm2ffCdloRKt2C0DBEMHa/mUZaNHBzGFCUgtA7sWOrquQyQcwbIsQq5LR3sHV0dG+Na3vsX42Bjd3d04tk2xVKQxlcJxahWnWmtmMxn+3V/+Fblcjt//vd/j4Yceor2jnXC9YrRcqXD27Dl+8MorvPLKKwwODvLXf/3XtLe3sfPBBwmHw4uXrhSRcITGxhSTk5OEQiFKpRJvv/MOR44eZWDFCp566il6e3qJx2NkslmOHDnK3/3933Py5EnGx8f54Y9+RCQSobenh2QyuegcWmtOnz7D3/zNt3n/g/fZsH493/jGN3jpxRevW1NXVxebN22itbWVv/vud8lkM4RDIV54/jmamprme64uDBGDIODMmbP83d9/lx+9+iqNqQaefeZZ/uiP/oiuZdf3zX34oYfY9cgu/vY73+GHP/who6OjRKNRnn/uueurbpXCUTaO5aAARzk46sYDzhaylEXIdnEsB1tZKCxClotSFpaysC0HSykcy6I91sr29i1EnMj8/js7tvODsz/mg5E9TJWn2D9xgEQoTm+ym4Zwsv44fwZtNErB0ckTbG7ZSEusGfc21+hrn/PZi3w0fggLC20MuWoec+tdhRBCCCGEEEIIIcSn6O6Hq0MHwatcNyPKamjHTvdzL8vuVCgG8ebaGpQCFKaUQefGsYMq1PuuhkIhIpEIuh4UVsoV/svf/heK5RJ/8id/woYN63Fdl5GRUWzbng8UtTaUS2VCboj//V/9K9avX7foMfxYNMrGDetpb2tlamqKn/3sLc6cPcMv3n6Hvt4+enq6l6xudBybcChcGyYFvPHGGyxfvpwvvfQiz33hC0Qi18K/uXYAPT3d/F//979mcHCQqakpDhw4wOCjj/Lgju2LzlEsFvnuP3yXQ4cOEYvF2bVrF88/99ySYW80GuUrX/kKw1ev8O1vf5sfvPIDWtta+a2vfW1RawNjDDMzM/zj97/Pa6+9RjgU4rFHH+Ob3/wm7W2tS1ynw4YN63nhhRc4f/48+/bv59/95V8yMDDA+nXrau+jUoQtd77qtDYkzCa2IAC9GVspQtaCkFNBxAnXglbLqg+fUoAFWHg6YOGRm6Npnut7htHiKDPlWSp+laH8FS7nhtgYXo8xhonSBNpoHGVzKXeZE9Mn6W3opj3WdluDvkYL4xyeOMal7BCOcgiMZro8g5F4VQghhBBCCCGEEOKuuuuj1/XEWdA+c0GqUhYqnKgNpLqXlEJZNspekDcbMJkRjFeef6nqeVSqFRzHplwu89M3f8o777zD//anf8qLX3yBVStX0t/XxyMPP8TOB3fMV4JaliKVauDP/uxP2bBh/Q37m1qWRVNTE7/z21/Hsh1s22b//n2MjFxFa73EshWO42C7terKQrHI5eFhtm17gOefe+66YHWh7du28dJLL9HZ2QkYhoaHOHz40JLnuHjpMmfPnCWbyzEwMMCmTZuJx+M3vJWJRJy1a9bS37+cS5cu8+abbzIzO7vktr987332799PoZBnYGCAF1/84pLB6sLrXbtmNQ8//DCWpZicnOTv/u7vr9tGG10PGtV8WOmb4IbHXMhSNmE7XIsp6yG7Xz9exArjKBuDQaEIWQ6OWvwn1BRppCGUmh9kVfJLTJamgFrP1Xy1QGCCWm9f4ND4EU5Nn7mtcFQbzYnpkxwYP4xStTBdG022mp0P8oUQQgghhBBCCCHE3XHXw1VTmKq1BKj9hAGMHYZ7PencUOv/Ov8DYFno3Bj4lUWbK2XhBwH5QoFv/vE3WbF8OY5z40Jgy7JIpVIMrFhx0+0AbNumo6OTpsZGbNthYmKSbC5HECwdEFqWRSxa62VarVZ54vHH2b59+y0HVD3+6KP09vailEUmk2F4+ArlcnnRdidPniSbzaIUtLW11gPZm2ttaaE5na71Kp2a4vTp04u2mZ6Z4b333uPipUtEI1H6envZtOnWfXeTySRdXbW+sqVSmbfffoeZmdn5YNhSNhZWLb43YGHhWrdXpB0YTUX7OFgYY7CVRcQOYSmLuBPFtRwMtdetevj6cdpowKBU7RPuWi4J99pQs4nSFMHcWrG4nB9mcPo00+WlA+iFruSvcnTyOKPFUWxlYRRoE5D18lK5KoQQQgghhBBCCHGX3fVwlXrwdJ2gCv7iUO+umsvIdHD9S9Xyda9Zyqo/7q+xLEVbWxvbt28nEonc9JFupWpVlLZt3/LRb6UUkUiYxsZGlFL4vk+16s0Hch9n2zaRepBqKUVPdzctzS23PE8q1UBTYyOhUAiv6lEoFihXFgfJo6OjVKoVlLIIhUKEw7eebB+OhGvhroFyqczk5NSibU6fPs3IyAjVapWmdJqBgRWkGm5dwey6Ls3pNG1tbWityeVznD17Ft/3a7+3nPrj+waDwVKKsHXrNUPt/Z0LUI2Zq1B1USg846ExWPU/G20MmsXvSa6aI1vN4WkfS1k0R9L0N/SijaESVBkvTcz9swKoWqA7OHOaY5Mn6sHs0qpBlYPjRzk5cwaFVf8CjWGmPLOgYlcIIYQQQgghhBBC3A13P1y97pS1aIhqEVPO3/2lLBT4GK+E0Zr5pFXr+UfD5yhLYVm1qkbHcVm5ciXppiYs69O/lUHgQz0ctCx107B07vyO69LU1EgsFr3l8V3XJZlMEA6H0cbg+T7VanXRdqFwGKWsawOpbqM3brXq4fn+/Jo//si61ppTp04zNT2NMYbWlhZW3EZV79y1xmJxGhpSaK3xvCozs9cqVx1lYyk1HzNa9eFWt8NRNlE7PB9SKsBWNkpZlPwKgQnqFavUh1xdfy/KfpkPRvYylBsm0AH9yV4e7thBY6QRMHjaY6o0hUazuWUjbdEWHGVzJX+VY5Mn5tsHLOVydphjUycoBxXWpdewLr2GwGiM0UyXZvC0t+jfLYQQQgghhBBCCCHEr89dH2hFJFFrDQDzj22b4jQ6O4LdtuquL2eOqRYxhWlYWPun6sOtFg7fUqpeFVmrGG1qbLytQPCW5zeGIAjI5fOMjozy7i/fZXJyEqMNlm3hOM6iIG+hUrmMZdWqal3XXTQ86kbnnKuoVapeC7lED9He3h5i0SjGaIrFEoVC4ZbHzmQy5HI5DBCJRGhtabnu90EQMHzlCvl8Hsuq9Yo9duw4ga+pViuEIxEcx8ZxXMDgez6e7+N5Ho5jc/HiJSYnJgDwPI9CvoDW9XdOqesC4Ewlw76xAzRnmlDKoqKroBSOqlW4ahPgmwALqAYeZzPnmX/TFdf1Np3r5VqrOzUERhPogEpQYbQwzr6xA7x3ZTeZapZ1TWt4omsXm1o24Fg2vg6o+BUy1RyB9tnR/gBjhXF2j+5lvDTJ6dmzHBg/zBf6nl70PniBx/6xg5zLXKA7sYxHOh9kojTFkaljGANZL0fZr5Bw47cVfgshhBBCCCGEEEKIX91dD1etpm7M7DAmqIVUKIXOjqLHTmL6H0I5iyfQ/9oZXQt4Zy6jFlQ8AqhIEhZWPdaDSEwtdHPdEJb1ycOscrlMNptlemaG6alpJiYnmZmZYWZ2lpmZacbHxufDQsuycGz7ptWxVc+rBaSWRRAESw6mWnTZxtS3q53HcRzC4cX3f83q1bS2tnD6jM3oyAhDw8Ns3brlhuupVqtcunSJ0ZERQqEQbe1t9PX3XbdNpVJhcmKCcrmMbdtks1n27d/PufPnUUoRi8XqbQXMtaFUQYDnVdHaUCgUCIVD9PX11itZo9e/Dwsy8Uw1w/7xg8TdOJay0WgcZaOwMEBgfAITYNf3GCtNLHldC3N2X/tczF7ix+dfJ2pHmK1kuFoYJVfJkY6k2dSygc0tG1jdtJKmSCNQ642aqWYp6woKi55EFwOp5VzMXWaiPMVocYyD44fZ1rqFtvj1Q73Oz17g0MQRKkGVjc3r2Nyykf1jB1EoDIacl8cLvFqFsGSrQgghhBBCCCGEEHfFXQ9X7ZaV6Msfzf+slAWlWYLx0+jMVezm5Xd7SRi/gs6OYGaHwbKvZVNGoxo6wY3ccN9PkmMZUwsFL1y8yPHjx7ly9SrFYhHbtnFsB0Mt4Oxob6e3p5fzFy5QLBTqbQgWP1q/5HqUQmt9W+FqbU2173NVr0sFxR0dHTz44E7OnT/PlatXOXr0KDt2bKdr2bIlr/Hc+fOcGDzB1PQ0XV3L2Pngg4sqV7XWFEtFfN/HGEM6nWbrli20tbcRckO4rovj2ASBRimwrVoQqrXG932CoNbz1hiDbdusWrVyUQVxPb4n7sZZ2biCVDiFQmFbNraya9XC1B6rp95LtRpUsZXNmZlzSz5hb+b/a5gqTfPuld14QYWiX6IclHm2+ym2tm2mN9lNSyxN2L4WVvs6YLaSIdA+cTdOyAnRm+xmRaqfS7khMtUsl3JDHJo4yrPRJ+fD64pfYc/oR1zOX6Ev2cOG9DqaI02E7RCKWgVtyS9TCSrSFUAIIYQQQgghhBDiLrr7lavta8CNQSlTS/aUwgQ+euoC/sU9WI1dKPv2hg99WnRhEj15HlOYActamDiiGtqvr6adCznrPQ1uJ/CE2mPwmUyGt995hw927+bgwUMkEgkGBlawdu1a1qxeTXt7B83pJhLJJOPj47z66qugwLadTxSY3i5V7+UKtYpXZSn8IFi0XTQS4fOff5YrV4b5xS/e5qMDH9Hb28PnP/95mpqacOuhZrVaZWR0lB//+CccO3acdLqJxx57jKeeeqpWhbqAZVkYbebbIXR3dfHVr3yFdevWLlojXGth8PH7vbC1wfW/uPatJdLMMz1P0plov+U9yVZyxJwYb195j5tF547l0hJtoTmS5vDkEUp+GVvZxN0Yy1N9tEZbsD9W2RuYgJnyLIEJiDtxQrZL1ImyqXk9FzKXODJ1nKnSDHvH9vNA62Za47VA+lJ2iIOTR/C1x6bm9axI9eFYLmE7jKVqw9V87ZGr5utB8a1bQgghhBBCCCGEEEKIX93dr1xtXYVKtqHzE6ADFKAsG5O5ij/4OnbXJuz2dbWK1rvABB56dJBg+BAYzfzALWMg3oIVS1/XFsCY6wNVfRvhqjGG2dkMr//0df71n/85xWKR7dt38Du/89s8+sgjNDU1Xdcj1fcDPM+jVC5jjKn1UHXs+nCtpV0L8m6/dtGyar1c54JJx3GwraWDuYEVK/jd3/1dkskG3nzzDb79n/8zM7OzbNm8mcbGRow2TE5Nsnv3h+zdu5d4LMZLL77ICy88T39f36LjKcsiEo3Mn9/zPCqVyg1bDaj5IVK3Vytsrvt/g33bn6daVerSfUuvvWYpRV9DD8/1PoNj2XwwsgdtNG8M/Zx0NM0jnQ+SjjRdt15f+4wXJzBAQzhB2A6jlGJtejXnMhc5n71EzstxIXuZD0f38eKK5/C1z8+G3uFqYZS1jatZ37yWZDiJF3iE7BBRO0zRL6GNZqYyizafbgAvhBBCCCGEEEIIIW7s7leuJlqwujYTTF2sVa/ODY3SGj11Ce/g97Ce+GNULF3b4TbKVHSIAAAgAElEQVTDtDthjEbnJ/Av7ycYPYlaGCzqALtjDVa8BbUwXP14tepthKue53H69Gn+/M//H3K5PF3dXXzzj/+YrVu3EI0s1XLAEPhBvXeqwbHtWs/Vm9yLSDRyLfi9zWraWlioMLr26L3ruIsqTOdYlsXaNWuwbZtCocCbb73Fq6++yp4P95BqbERrzfT0NI5j88QTT/D444+zccMGksnEkscLuS5tbW1EIhFyuRyFYpHZ2dn5StRfxdxj/vM/YwjM4orcpWgM/ty2au54BlNvG6BMrd+uNhoF9DZ08dWBL3Ixe5mr+RGy1SyvX3qTZCjBQx3bCTvhWl9UY/C0x1hxEgUknDiOclAokuEkG5rXMjh9igMTh8lUsvxi+D0e7XqEbDnLntH9eIHHzo7trEj1YSmr1u/Xcok6MQp+CY1mpjxDIOGqEEIIIYQQQgghxF1z18NVlI27+imC8x+gy9daA2BZ4BXxT7+DclzCj/8xhOKA9SuHbUsxxmAqefyTb+Bf2A0mAMteEEwanJVPoKKp6wLea5WrtWDyVpWrxhhmMxn27tvL9Mw0ruPy9FNPMzCw4gbB6tzZDVrXBlPNDaq62X2wbQcdBASBJhQK47ruLe+B53u1AVGmdg7btm44nMsYw5mz5/iH7/0jY+MTvPzyyzz6yMMoy2KmHoo2pRppaEgSjUavq8Rdiuu6rFq1mg93f8jE+DgzMzNcGRn5VMLVwGg0Zr7O1BhDoG8zXDWGivbrwWotFPV1rS9swo3jWi4Bur6tRhtDf0Mff7L1j/iXe/8Pil6Ry9lhfnrxZyRDCba0bsRWtXtR8atMlGvDslLhFK7tzl9rf0Mf69KrOT59El97XC2M8MaFnzFemmC2MsuW1k2sa15DMpQEwFY2MTdK1InWrs8Y8l4Bg4SrQgghhBBCCCGEEHfL3Xn2/mPslgGczvVY4eTHqiwVeEW8Y69Ref8/YPKTn6AK8xMKqnjHX8U/8RrkJuDjj41HG3C6t9X6wy70sbYARt96fdlsluMnBgmFar1bW1tb5/uULsUYg+d5+H6A4zj4gU8QBDfs7zq3/dywJTfk3jLcBNBBgO/7AFjKIljw88flcnm+9a1v8fprr7F2zWq++PzzdHR00N7WxppVq1i7ejUdHe3E4/EbPtr/cTu2PUDnsk4sx2ZsbIzjx46Ry+Vua9+bqWjvWvUptbC1FFRua19jNFoHqHpjAG00FV1F19sFLOyzaysbR9k4lsOKxn6+vvKrxN04lrI4MXOK9658yOXsMNSPU/SLTJdmAEXCiWEt+MwlQnHWplezPr0GDXi6yg/O/4T3rn6IrwN2tD1Aa/TaUDBLWYTtEFEnXK+m1mSrudtqUyGEEEIIIYQQQgghPh33JFzFDuNu/BKqdRVmYXfMuYrFwMM78mPKP/s/Ca4cxFSLn+rpdWGS6t6/wTvwjwTTQ/VT1wcnYTB2GHfb11HJ9lo168J9jalXk869cuswSweaSqUyVwxJqVS86XCqWhWpTalUum5tN+L7PsVisb4mRbFUplr1brkuAK31/ICuQGs8b+lw9cDBg5w9dw5lWaRSDUQiYSzLwrIsbNvGtu356trbrTzt7e3lwe07aG9rp1QqcfLkSXbv/vC29p3j+z4zMzPX9cK1VS0YvVaDbLid9wlqoWXIdghMUD+GwdM+xmjyXpGq9rCUwtTbB/jGr71fls2zfU/y2LJHiLkxtNHsHtnDTy/+jMniFL72ma1kyHl5lKq1ApiraIXae9zf0MeOtgdwlYMxUA0qlIISW1s2sS69hkQoft29dS2XmBuv7Q9MFqfxtHfbQ9aEEEIIIYQQQgghxK/mnoSrSims1lU4qz6H1dgNgb/wl7XvQZXg8gEqb/+/VA/+A8HEWYxXuuNzGqMxlRz+xd1UfvEXeEdfxeTGakOs1HxzTZSysNLduOu/CPWBQx87UL2vae1Hz/cXDbn6uFgsSk9PN77vYynFiWPHyecLS+6jtSaTyfDDV35IqVSqB7kWlmUvGVoaYwiCgEq1Mn+8arWC7986XPU8n0q1iu/XqjxdxyEcXrrnarFQwPc8crkcg4MnOXr8ONlslkqlgu/7lMtlKpUK1WoV3/dvGh7PcV2XZ555hu3btuG6LhcvXeKVH/6Qvfv333JfYwwzMzP87Oe/4Mc/+afrfhfoa1W+hsVDyG4m0AElr4zFXNhOvdetwtd+bWCUqrWD+Hgf15gT4wu9T7O8oY+w5VL0S3w0fpB3ht+j5JepBFWqulrruerGFw3ZSoYSDDSuYFXjAL72a62IjeZz3Y/SFmu9bsjWXM/VhBvDKIMxMFWZphpUr/8HCyGEEEIIIYQQQgjxa3P3e67WqVAUd+XjmJnLeOUsppy9NlBqLkT0Sujx03iFaYKhA9hdG7G7t2Gl+1CRFMq+RV9RYzB+BZ0bQ0+eJbi0j2D0BHr6Mnjl+qmuBasYjYq3ENrx39ZC3yXCTMd1cUPu/OAgz7t5iKmUorGxkR3bd/C97/0jAEeOHePNt97i+eeeo7OzY/4R/lKpxODgSd586y1yuRwtLS2Mj4+TyWTIZLN4noezRDsB3/fxql7tEozB93yC4NbhpuPY6EDXB2c5gLrhI/29vb00NTVx8tQpdu/ezejYKJ2dncRjcUIhF60Ntm3j1u9PIp6gra2Vnp4e+vv6aGxsXPLe9PX18t/8s39GEAT8/Bc/Z+++vVS9KtNf/212PriDxsbG69YUaE02k+XE4Aneffddjh0/zte++rXrgmdf+/japxaNKrTRVPXtVfIaDBqNNhpLWRgDZb+CNhrf+AQmwNQHWvnB9VWiSil6kl282P8FKn6FM5lzTJWn2T26D8dyqQS149jUWgnA9Z8v27LpTnbycMcOTs6cnu/nuq55DXE3tihcty1rfmAWCmYqM5T88vzahRBCCCGEEEIIIcSv1z0LV0Ghku04a57FlHP4Z94Gv1obbDW/iVULSHPjBKUZ9MwlgitHsVLdqKYerIZ2VCyNiiTBcq4Nx/LLmHIOXZjEZEbQ0xfRs1cw05cx5SxzodvCilVjDCrRgrPmGZzlu1DW0rfG930qlQqB7+MtqNK8WZ/RaDTK5k0b+dJLL/GjV18lk8nwg1deYWJinI0bN9LQ0ECxWGJ4eIihoWFSqRRffPGLRGIxvve97zE7O8sbb75BLpdlw4YN9PX10ZBM1pduqFY9stkMnlerQq1UKvjB0o/3L+T5fn0fD6UU5XIZ3/cJh8OLtu3t7eGZZ56mVC5z5swZDhw4SCh0HMdx5kM/x7ax6i0CIuEwDakUrS0trF6zmocfeogd27cvGrTlui6bN28GIB6P88Hu3ezf/xG5bI7duz9g/YYNNDeliUQj+L7P+PgEFy5e4Pz5C1QqZbZu2cqO7duvO2ZgauHo3HAsbQK84DbbJBhNJaguaCmgawOt6r1WtdG1ALa+XSmoECc+v79jO2xq3cCVwgjZapax0gRX8yP8fOhdQrY73wrAVvZS2T1xN8Hq9CpWpJZzLnOBJ5btoincuGRYaimbsBWej2hLfplsNYevg3p4K4QQQgghhBBCCCF+ne5pAqMsB7tzAxiNCaoEFz7EeKVrFaxQC0CVgsBHZ0bQsyMo5xAq1lT/akSFE7VwdW6kk1/BVPKY4gymMA3lLGif+UrBhUHVXLAaT+Osfgp3y1exYukbrxlFS3ML27dtJ55I0NHRfstw1bZturq6+IM/+O8JhUMMDg4yNDTEj3/yE/bt/4jGxhTRaIxkMsnAihU88fhjDAwMkG5Kk8/luHDxItNT05w5c5aOjk66u7quO74f+PT397Oss4typUxLS8ttDZXyPI+urm527nwISyna2trwg2DJbZPJJE8/9RSVapVcLsfVq1dpbm6mIdVAPBYnEg7jeR7FUpHMbIapqSkuDw2hlOLQ4UOcPHmSqufx+KOPLurLmkwm2LFjOy0tzaxdu4bDh49w9uxZ3nrrZ+z/6ADJZJJIJFK//xCJROhatoyNGzfy0M6ddHZ2XLfWsB1mY/N60pEmlFI0R9I0hJK3vB8AjuXSGe/g6Z4nsJWNNpr2WCu2smmPtbG9bSt9Db1YyqI7sQxnidAzGUrwSOeDGKMZyl/BtWqhqms5LG/op2qqdCWWLRmAOpZNV6KTF5d/gaNTgzy67CEiTmTJlhBxJ8aaplXkvTy25WCMIeZEb7vnrRBCCCGEEEIIIYT41SjzGZh+Y7wy/vBB/MPfx7/8EVTy9QrWG4REteffr+8sqWrBp2GuH6qZ/4VSaslH/OeOoxLN2Msfwd36Wzgd6298XqBQKHLx4kUuDw0RjUaxLMUjDz98XQXnjWitGb5yhY8++ogTJwaZmJggCAJi8Rg93T1s2riRLVs209jYON8n9MTgIJcuXqJcKdPc3MyK5ctpb2+fry7VWpPL5fhwz17C4TDlcpmuZctYvryfRCJx0/VMz8xw5swZ8vkCGGhsSrF+3Tqi0eiibTOZDMdPnGDv3n2cPXeOWDTKylUraWttpaEhRSwWo1wuk8/nmZyY4MLFixw7fpxLly6Rz+cIhyM88cQT/Mt/8S9obEwtGf4aYygUCgwND3P8+HHOnjnLxOQk5XIZy7aIRWP09HSzZs0a1q5ZQ0dHx6JKWIB8tVCv4KxV79qWTUMoSTJ08/sBUPErzFRmqQa1al6tA5oijcTdOHmvQKFawDcBKAhbIdKRJtwl2lMEOmCqPE2hWsCxXByr1gogMJpqUCEdaSLmxpasSA10QMkvM1OZpTPega2sJT9bnvbIVfNkKzlsqxYEpyNNxJwo9scGsQkhhBBCCCGEEEKIT+bll1++5TafiXAVwHglgvFTeAe+SzB0AFOc4Vql6Y1Dy4WLV0u8tvD1hXvVOggoVLwZZ+UTuBu+iN2x/vqq1ttZ98d6bt7uPvl8nmw2iwHisRiJRGLJoPCzoFQq8+4vf8n3/vF7VCtVnnvuOZ566klaW1qW7AEbBAEzs7O8//4HvPrqq+zbv59qtUoqleLf/sVfsH3bA0vut5DWhkqlQr6Qp1gsYts28XicRDz+mb1PQgghhBBCCCGEEOI3x+2Eq5+ZxozKjWJ3bsR6vAXv5Jt4R3+EKcxAUKlVmMKSIetSceaSIevHflBuFKuxG2f987hrP4+VbL+zdd/BI9hKKZLJJMnk7T2qfi9pYzh67Bj/8T/9JwqFAv/DH/4BX/3KV5bsyzrHtm1ampt54fnnSCQSTE5NceLECarVCsdPHGfr1i23/OBZliIajRCNRj7dCxJCCCGEEPe9TDXLfzzx//H+6IdcKYzc6+WIO9QdX8aujof4n9b/IalQw71ejhBCCHFHPlMjxZXlYDV2E9r5e0Re+DOcgV21YVVz1aRz7QDqX7c8njGo+j61dLW+jxPGWbGL8FP/C6EtX7vjYPW/BpVKhe985285e/YMj+7axc4Hd940WF0oFAqxcmAF27Y9QBAEKBSZTPa23jshhBBCCCFu5N8c+Su+e+4HEqze54YLV/nuuR/wb4781b1eihBCCHHHPjOVqwspy8Hp3obdvp5gaB/eqbcILuzBFKZq+aiybtoq4DpmYagawl6xi9CmL2N3bUGFP/uVo/fa8PAVBgdP4vs+HZ0dpBpTn2j/WDxOS0trrceqUvT29GDJwCUhhBBCCPEr+GB0z71egvgU7Z84eK+XIIQQQtyxz2S4Os8JY/c8iNW2Fr3hJfTYSfwrR9Djp9C5CTD6WhWk1tcPrlIKlA3RJHbLAFbneuy+B7GbB1DhBDihe3dd95FsNkulWgUUruNg23cyKKn2HoXDYfqXL8e6ybAlYwzVapWpqSl83ycajdLU1ITjOPi+Ty6fp1QqobXGsW0SiQTxeByA6ekZKpXKfGWzshTxeJxoNEq5VMIYQ2NjY+26cjkC3ycejxMKXfssaK0pl8tMT0+jtaahIUUymZi/7mrVI5fLUSoVcRyHhoYGYrEYUBv65fs+DQ0NuK5LuVymXC7jui6hUIhMNkulXMEYDaja2hNx3Hr/Wc/zKRQK5HI5HMcmnU4TCoUIgoBMJku5Uq593g21a4vFSKVSKKUwxuB5HjOzsyQSCaKRSK23b6GADgISiQSVSpVMNlM/hiEUDtOYSuG67nx7C2NqvW4zmQwoRWtLC0qp2mvZLI7jkIjHCYfD8/cqk83S0tw8P9StWq2SzeaIRMLE43GMMZTLZUqlEo2NjfP3slgsUiwWSSSTRBZUQ9c+Ax4zMzN4XpVQKEQ6ncZxHIIgIJvLUaq/n5jan3osFqOhoWH+fUulUoTDYTzPI5fLEwQ+yWQSy7KYnplBB0G9EN4QDodoaGggCAKq1SrRaJRIJFK/75n5a83n82hjsJRCG4MC4vEEqZQ8wiaEEELcTTkvz3Rl5l4vQ3yKJkqT5Kr52xpAK4QQQnzWfKbDVaUUuBGUE0ZFGrBbV+OsegpdnMbkxjD5CXR+ElPJ1ypUAw9lu6hQDGJNWMkOVLINK94MkSQqFAc7VOvJKtWTt8WyFJalCIKAYqlMtVr9RPuXiiWmJqdQSrF8xXJWDqzAtpfuRqG1ZmJiksNHjzA6OkoiHidfKLC8fzlbNm8C4PDhwwxfvUokHCbwAxzX4cHtO+jqWsZ7H7xPsVgkHI5gWRaObdPf10draysnBgeZmJzkpS++QDQa5dSp08zOzrB582ba29pq5w8CRsfGOHzkCLlCAUspCsUiD+/cSX9fH5VKhWPHj3P58lAt0AQikTCPPrKL1tYWjhw7xuzsLI889BAtLS2MjY1x8eIl0uk0XV3L2L37Q6ZnZkgk4gR+QKADNm7YwMoVA6Dg1OkznDx9CrQhqAeiT37uCRzHYfeePeRyOSLhMMpSuK5Lb3c3yWQS27YxxjA9Pc0v3nmXbQ9sZXl/P77vc+LEIKVSic2bNjIyOsr+jz6aD5gLhQK9PT2sW7eOluZmlKq9z+Pj47zzy/fQOuCrX/4yyWSSkydPMXjqJM3pNBs3bmRZZyelUonBwZMcOXaMx3btYmBgBbZtk8lk2P3hHhqSSTZv3kQikeDS5cucv3CBpz73OaLRKAB79+/n8uUhdu7YwYoVywmFQmitGR8f5/CRo0xMThCLRslkc/T39fLA1q0oy+LgocOMjIyQiMdRSuE4Dl1dy1i1ciVvv/Mu+XyeXbseYcXy5Vy5coWDhw9jjGHL5s1EwhHefOstEskEITdEoAOam5tZu3oNExMTnDl7lq6uZezYvp1KpcLuPXvo6+khFApx/uLFeuDr4TouDQ1J+vv7SaXW3+FflxBCCCHuRNKVAO43TWACCVaFEELctz7T4eo8pVBOGJwwRJLYyXZoXo7xyuBXMIFX285oUBbKcsAJodwoOGGU7V7r2yo+kWWdnaRSKYaGhhm5epXpqWlaW1pua98gCBgaHuLQ4UM0NTXyW1/7Gol6lelScrkc58+fY2pqim0PPFAbhjU5yanTZ2htbaE5naZYKhGPxti0cQOVSpUz585x+OhRWlqamZmdpauzk97eXmLRGErVKlc9r0o+n+PqyAiDJ0+yZfNmyuUyhUKRwPfnz1/1PCYmJxmfnGT7Aw/QkGzg5KmTlEolPM/j9JmzTExO0dPTTUd7B4VigeHhYfbt38+zzzxNpVwhny/gBwEAnudRLBWJVeJ4vk+xVKSlOc2mTZvQWnPk6FEuXx4i3ZSmVCpy9eoVOtra6O7uplgocurMGTLZLI2pFLlcjrbWFvp6ewmHwyjLIh6L1dot1Pm+Ty6bJaif3xhDqVSiWCzg+z6VcgWtNVs3b8a2bUZGRjh34QJNTU2kGhoIhUIYY/D9gEKhgOd5TE5OEolEGB0bZWZmlkgkiud5GGPI5fMMXbmCV61y6sxpent7sCwLHdSqPEfHxmhsamT1qlV4nkc+n8foWhVzoVDgypWr5PJ5xibGaW1rpTmdrn0GLlxgZmaGbVu3kkgkGBufYHJiglKpRDgcplQqkojH2bqldh3KsohGo/VK3Twzs7PMzs5SLpeZzWSZnJwiEo1QrVaxLZtcPs+2Bx6gsakRhSIcDpFMJrg6cpWJyQkqXpW+3l7iiQS5XI5yuUxnZyexeJzz585zdXSE9rY2Vg4M3BdD6YQQQgghhBBCCPHrc3+EqwsoZYFtge1Kz9S7IJ1O8+wzzzI+PsGHez5k1aqVtd6rDTd/FNoPAo4dO8aPf/ITpqameeGFF3jyic/dsK2AMYZMNsvk1BSd7e2sXrWK/5+9uw9q67zzhv/VKyBebBAyL8agRIYYN04c42nwRsoEP0/rzt3kaZpk7OB0GNxM2hniGbNLN1O6dblpMqVPskzhmYSZNpuaYdbG8SRtejd733V2B7KWdk1a4yZ1YhzZNAKTYFcIg22EeZOeP86RdI50kITMq/P9zCgO0jnXua7zcp2jn67zO1qtFhtMJlweGsKVK1eRpNcDUEGfpMf69evh9U4Cfj+8Xi/8fj80KhW8k5PCLfS3bkGv1yMlRRjFqtFoYUhJwYVPndiYnw+dXicLTAKAWq2GTquDz+fD559/gbmcWeTn5yM7Oxt+vx9fiCNmizdvRnZ2Nm7dugWNWo3TH/wRY2NjUKvVUKlUkI+JFv5WAcG0FRq1BiqoMDs7C32KMHryyt/+hrm5OZQUFyMnJwczMzNYv3491q9fH5zX653E2Pg49Hq90Lbk5ODt/BCn8auEPLlTU9OYnZ3BiMeDlJRkoR6q0HSBW/h9Pl/wPWk5ycnJyFy/Hleu/g3r1q3DrakpGAwG6HTaYAqCsWtjmJmZxgMPbMcnfX24NjaGDSYT/BBSDvhuCAHt9PR0Yb2oVIBKGKHscrmQnpaGjfl5GB8fh9vtRub69bg2Noarf/sbNubnY/PmzQCAVEMq1q/LQEqKAT7fHOAXHrR2bWwMGrUGGq0WWZmZUInrNiszE16vF6Ojo7h1axI6nbDt/T5/sJ3Xr18HVMKA96zM9cGUAclJyZiemkLfhQvYdu+90Gp1wVHEWVlZGB8bF9IgZGdj48aNsvVGRERERERERF8+ay64SstLp9Ph61/7GtxuN/79P/4d7777b9Dr9Xjo7x5CTs4G6PV6WYBpZkbIlXm+rw8n33sPn376KWw2K5749hPIysqMuqzp6WnMzM4iMzMzmAfVYDAgLTUVXq8XU1NTAPzwjI7iL+c+FgJtAEqKNwt5Q9VqTHi9GL8+Dr1Oh+TkZKxbtw5arRZarRb5eXkA/OjruwCVRi0GQUN112q1yMnZgNJ77oHbPYLPXAPQaDVI0uuh1WgwNT0VzLGqVquh1+uRnpEBn8+HyclJMbgnf9iaSiX+R8yLOjY2houXLmFsbAwalRpFhYVISU7GrclJqMUcshqNBhqNBoWFmwAAN2/cBCAEkcfHx6ET25YRHuBWCdHC69evQ61WYXZ2Dt5JrxiEFSaZujUF18AArt+4gdmZWdxlNiM3Jyci6K3TapGXl4fRa6MY+vxz6PVJWCfmZ4Xfj5s3b8Iz6kGSXo+N+RvxqfOikAIhU9jGwvv58Pv8+Otf/4rU1NRgQHdmZgYXL11CVqaQLuHshx/B4xnFVOEUpm4Jr6ysLKjVaiG1wsAAZmZmkJSUhOTkZEAF3JqaEgPaGuh1OszNzkKn18MPIDc3F9PTM/hieBjT09NYl7EO+iQ9/GLuXyGQL+Se9fl8SNLrkZk5B7/fj3Xr1gmpCMav4zPXgCwAHwgOC5tTFQoYExEREREREdGXFoOrFNPdd9+FJ779bWh1WvT2nsX//t//B59//gU2b7bAaMxGUpIQCJ2ZmcHY2BiGhj7HxUsXce3aGB786oP45jf/B7aWlsYMRGk1GiHP6YQXPp8ParUaMzMzmLx1C8lJydCIwbm52TlMTU0hJTkZZrMZJcWbhfd9PmRnZ6MgfyOSk5Oh02mRnpYWDHyuX78O+Xl5OP3BB8IoRX2SLPXu7OwsfH4/cnNzkZuTA/fICD51OvGp8yLu23Yv1Go1pqeng3ln5+bmMDk5CQDQ6/XQ6XRQq0MjV30+H3w+n7AMv18cEZqCFEMKBgcHkZWViczM9TAYDNBoNPCJD1Ty+4Wcq1evXkVaWroYM/XDaDSiYGMBkpL00GqFtsn4/QBUMBqzkJubi9mZWUx4JxB4oBgAMYCbDs/oNVy/fh333vsVZGRkyIKIgYeBGY1Z+Jv7b3BevITcnBzotFqo1Wr4AVy7NoYrV67A7/dj+Mow1GoVLvX3Y2vpFgTWQG5uDlRQwTUwgNHRUejFh1bduHkTw1euICkpGR7PKG5NCg8QGx8fDwbCA6ORfT4fbty4gc9cAzAYDNiYnw+VSoWM9HQUbtokjkrWQCfma53zzSErMxOjo6O4fHlIGP27bh1uTYsPOhOfgJWfn4/M9ZkA/EhNTYVOp4NvzoeU5GRs2rQJI54RXPj0U2FdKKQUCT40jcFVIiIiIiIioi81BlcpJrVajW3b7kVOTg4e/Oo59PT0wOl04lJ/v/BUdr0eKo0a01NTQmB0bg4Fmwrw2GOP4b5770VmZvQRq4AwEjAtPR0Z6Rm4PPQ5Ng4NIS01DR6PB2Nj47j3KxuFBxgByMnZgAcf/CrSxVGegafZB4JjqWmpMKQYEAgqzs354PPNYW52Dhs3bkTBxo348C9/QY5pA6QjV6empzE0NIThK1ewY/t2bLZYcO3aNYxfvwGNRoNsYzY8Hg9cAwOYnZ3FzZs3MeAawPr165CZmYmsrDEMXr6Mv7ndAICR0dHgiMtAMC4vNwdf3bkTqQYDPvrLX/D5F1+gpLgYRqMR169fx2efuTDn82Hi5k2c/fOHKNvxALKysgAABkMK0tPTodfrgkG9QBAaEAJ+AJCbkwvL3XdjZmYGbs8IJiYmxMCiMBJ4+/33oahwE/7zlB2XL19GRno6NmzYECzH5xeCwmlpaUg1pOKC04ni4s3wjc3B5/NjdnYWo6OjuHFzArk5ORi/fh1ZmVm41EtiZu4AACAASURBVN8P98gIUpKSMTs7C61Wi00FmzDhncCHH/0F+Xl5Qh7ewUEkJSVDo9FgwuvF+sz18HoncOXqVeTl5cFoNGJw6DJycnOQlpqKosIifP7FsNhmod16vT54K39gNKyQL3YWBoMBExMTuHb5MjIy0mHISMfNiQkh9uwXSshIT0daWhpUKmH/DgRy53w+pKWmIi0tFX/9zAXP6Ci2lBQH9xG/H/CJ25KIiIiIiIiIiMFVituGDSb83//Xbjz0d7sw4vHgypWr8Hg8mJiYgF6vQ5I+CcZsI/Jyc5GVlSXcwr0A6zIyUFi4CW6PB2fO9CI7Oxuff/EFMtLTUbBxI/R6PbQ6HdRq4VZ9nU4HIBRUTDGk4MrVq5ienoFOp4Pf70POhhxkrBMe1qRWq6HT6XD/ffdh4PJl6CRBSgBITkpCSnIK3G43zvSexfrM9Ri+chWbN1uQkZGBLfeU4M8ffoSLly7B7R7BrVu3cPPmTZTt2IHk5GTk5+Xhk/N9+PRTJz7/4guMjY1hXUYGcjZsgN/vh1arhVq8lbykuBh/dbkwNPQ5Npg2YFNBAa6NjeHTixcxem0UN29OwOv1Ij1dGFWanJyML4avwOudFMpRq7HBZMLmzZZgUFSlViM5ORTIBYRUB3qdkLpBo9EgSS/klM3OzsY995TgL385h6ysLGRmZiJJHFmqVgnrKTkpCXm5ufhieBjrMzLgnZiAz+fH1NQUvN5J5OXm4pGHH4ZGq8GtW7eCI1Lzc/Og0+mgUauxbl0GCjcV4vMvhqHRaDA5OYnBoSGUlBRjx/btSEpKwsTEBP74pz9h/Pp13GU2o6iwEFevXsWf/nQGpmyTkH5AzLOblCRs95GREZz7+GNo1Gqo1BpsMAk5UHVaHZKSk4Q2rV+P9IwMpKSkQK1WiekW1EjS63Hh00+RmpoGwI/kpGSYzUVQa9TQajVQqVXIzMzE/du24b97eoIBfADQqNXQabXz5g4mIiIiIiIioi8XBldpwVJSUrCpoACbCgoWtVydToeioiKsW7cOl/r/iuvXr+OekmLcfdddyMjIwPT0DMxFZqjVqmBgNUCr1eK+r9yL8evXMTs7A78f8EMFlVqFVIMBd911F1QqFdRqNdavX49dDz6I2dlZpKYaZMu/6y4z0tLS0N/fj4mbN7H9/vtguftuGAwGpKeno/zBr2Jw8DJGRj3IyEhH2Y4HkJ+fDwBYv349Kh5+GJf+2o+bExOwWCwoLCiA0WjE5OQkSrdsQYb4dHm9Xo+/e/BBXB4aglqjRnp6Oh64fztMxmxcuXoFG/PzUVy8GZmZmZiZmcE9JfdgbOwa5uaE0aMajRpqtfwhVOlpabjvvvuQbcoOBgQLCzZhZnYGqampyM3JhU6rCwYGt9xzD1QqFZKSkjAzO4ukpCRoNBpkZq7HvVu3wmAwYJN4673JZIJOp8PsrJDnNikpCakGA5KShYCswWBA+YNfxY0bN5CaakBJ8WZkrFsHtVqNvLxcWP9uF27cuAmdToeNGzei2GIRg55C2+8pKcHU1BRUKhU2bSpAWnoaXJ+5MDY2hrz8PBRu2gRTdjbm5uZwl9mM1NRUzM3Nwe/zB0ev6vV6PLD9fmQbjYDRCIMhBWlpadBqtUhOTkZWZiZ0ej0eeGA7pqen4fP5xBQIaqjVGuTl5mL9unVIT09HSnIKijdvxtzcLHJzc4PrLNuUDa1Oi3Xr1jElABEREdEa5PV60dvbi5GREQwMDAAAioqKkJ2djbKyMhgMhhglLK2TJ0/i6NGjeO6552Cz2Va0LkREy2FsbAw9PT04ceIEhoeHoVarsWnTJjz33HMoLS1d8X45Hio/728lIiIiIqI1ZOfbjyzxEn6It578Bsyy926i96NH8f1LCy/H6H4VFafeWtQaxqPy4XdRZxrF79+uQuMK1yWWM0++v6Tlu91uvPPOO7Db7VGns9lsePzxx2EymZa0PvP52c9+hgsXLmDLli340Y9+tCJ1ICJaTv/xH/+Bf/mXf8Hly5ehVquRkZGB8fFxbN68GfX19bjnnntWtH51dXUxp+HIVSIiIiIiooDNLei+fzvgfhU7JUHIyoffRd3976M7f3UGJ5V0nnoUnStdiVWgt7cXr7/+OrxeL4xGI2w2G0pLS5GdnQ0AGBkZQV9fH+x2O+x2O3p7e/Hcc8+hrKxs2eoYWPaFCxcAABcuXMDPfvYz7NmzZ1nrQUS0nHw+Hy5fvowPP/wQKpUKJpMJzz77LJqamtDT04PR0VHZs2ZWq9VdOyIiIiKiJedGV2MVqo70zT9J3xFUVVUh2iSx9eHIbZfhRl+fO/6puxpR1diF+Oeghru3I336Q/wqLIDaeepR/P4GkL7OisoVqhstXG9vL1pbW+H1evHMM8/gF7/4BZ544gmUlpbCZDLBZDKhtLQUTzzxBH7xi1/gmWeegdfrRWtrK3p7e5eljr/61a/w+uuvBwOrARcuXEBraytef/31ZakHEdFy+/zzz3Hx4kVcv34dWq0WDz30EB555BE89NBDmJmZwccff4yRkZGVrmZMHLlKRERERATAMngCjV01aNgdfjtwH46cGIRlRWol5UZXYx3stmY0lK50Xe5w+iyUKLzd+N4jaAz+pXybvXArPsJSCFjx1pMHQ2kGpj9E8+9rJaNKn8IvHzuIMr1kYTf+gJ3v/VzyRvg00jQFQl3g/hBG03aki/M337JK0gLEWxcAZR04Yy4M/a00zRrgdruDgclDhw4FR4B6vV789re/DeZcNZlMwVQAe/bsQXZ2djCoWVhYuKQpAn7zm9/A4XBEncZut8NoNOKJJ55YsnoE9B2pQhPq0XFA0sm4u9BY1w5UN8v7x74jqGoC6jsOIFaXpFjuatd3BFUnitDcsBvSPcDd1Yi69n7xLwuqmxsgO230HUFVU7f4R0WU9SPp04MFCO8Fi1coQ758oKK+A8Jq7cORqiZ0I5JFsu36jlQhWD2F+sk+t1THaH+09i0vd1cj6gb2Lso+5u5qRJ3dFtH21SD8WJJuj9C+MA93Fxrr7LCF77OKnwv7ExTLjPbZwnz22WeYmZnB3//93+M73/kOdDoddDod/umf/gkejwdOpxPDw8PYsGHD7S1oiXHkKhERERERANhsKLSfixzl2deDQZsNhUrz0B2n0TMIoBCPPfk+3lqku7HTTdthdL+KnW8/gp1vv4pebEfdYy3iCFgxaIoP0fz2I+I0f4Ar/RvofvgpsYQf4q0n5dM0u4Gy+9/FLzeHlmM2bYbzI7EMWWA23roIweEz5kK4XI/MO81acfTo0eCI1UBgdWBgAP/wD/+AkydP4sKFC7hw4QLsdjvq6uqCI1XLysqCI1iPHj26ZPUL5IGNx3vvvQe3e+nHoJeWVwCDw/J+cGQA/RYLENY/uocHAUsRspe8VitAFiANEQJZhajv6EBHRwc66gvRXncEfbL5BlHdLHzeXD2IpnnuHnB3tYUFUQG4z8GOajQHyu/oQIc0eNl3BEKcW/ysuRqDTY3ocgNAKQ7I5utAc7UFQAX2ipE0d1cjmrorgvUPr58QWA193rF3AHXS+vcdkbU/WvvWMtPuBnSswsBqJDfO2ftRUS9sj9uOK5t2o6FjnsDrEvH5fNi4cSMeeOABJCcnQ6PRYHZ2FlqtFo8++iiysrKwFh4VxZGrREREREQAgG0oL6zDu327JV9Q3Og6MQhbTTkGwqaWj/4B5COY+nCk6gSKqgvR3t4NYXRPeXgJ4igjyXziCLHg9+2KwOgUyWim/jpU2avR3JCHd6uagOpqDLaH5ok6ckUhYGAJG40WPipK/nn4qKrVM2pp0fRWoTn1XdSZ0mA2v48zgSGetzN688YfJKNb38L3+6zovn87niwDOns3w6gHbrgdkrJ/jqfeDgVHKx+2woxB/F6y/M5T7XjksYMoyX8KCIyQveGI/cCtqHX5IZ40pQE3/oCngnfEh6b53sNPoXON5Jt1u904e/YsjEYj9uzZE3z/t7/9LbxeL1JSUrBnzx6kpqbiN7/5DSYnJ/H6668Hg7B79uzBH/7wB5w9exZut3tJRq+GpwGIxuv1YnBwcOkftJVdBEu/Hefcu4MBlr6eblTsbUbRiTbJ+0JQx2KrCQagYo7olIg6elLWT8nLCYxOrEdTcP6K+g48OixZdkXYCNmwfi/66L5Qv1xRYUH3oPQzsc3VNaG6lj6KaksdevoOoLRUWFeoqA/W17TNBku7fH2KDUGbvRAVln7IFjEygP7C8nmCem50neiGpbo5VJZpNxo6dis3xd2FtvZ+VNQ3BOs7MtAPVOwN/i3UbwAjAEzog1D9A/L2IXBeDC0/OP/uvahoPyHbL6TniIr6eqDpBIqaG7DtXNhoUIVRlH1HqtBTLm6fKNvN3dWINthQ2N6ObgDleyzoOdkPoAlVg9Vo3juAurBR1dLRqIgYmSofiRk5clU+Klh2XnR3obFuAHvrgabQThl1H5Tv82EjjsPnlV0XVKCiIlhoaL6mKnQHRhlLl2WpRnVhO9rDRo0PvNuIqu7+4DTRtklEPSrq0XFA+sE8I6YVRj0rKSgowPj4OGZnZ3H9+nUYDAb4/X7cvHkTOp0O9913X8x+b25uDnNzc4gWgtVqNNBoNDFqkziOXCUiIiIiEpWWV6C7R5IU1X0OdtiwLey63t3ViKZB6eiiZlRb+tHeJh3B0492e5E4TXgAUvwyUlGPjsAokb4jqKqzw9YsKXOwScwFa8LuhmZUW4QvddIRNd3tknnqK9AdHMUUxt2FRsmIqsCopv72tuD0QnBEPioK7XVintg+HKkSbmHtkI5aqpKM2rpDdJ56VBy1+Qh+f0N8U78ddU++LxlNGr8bt8IinpcccE4DZuMPAfwc524A6aaDOPNkBxoU5i9JTgOmR+GUvfsWvv/7R2QpCSKWs9C6lG2FGYDL83PFadKTN2OtOHv2LABEPAyqtrYWzzzzDH70ox/hiSeewJ49e2Cz2QAIAUzp6NDAvIGyFttCR6IG0hgsKdM22Cz9GAimOOxDT3cFyktNyCvsh/1coM4jGOi3wLYtNCKyzm4L9YnhIzolwvtP2ejHsJGfQjlhfVp3E3rKQ31Yd1OVcDu42GdZuk+Epg+mLlAa6amsqLoZHR0NeLQoYuVgd0NHWOqYEQxIRp+WHuiQBbHc5+zot4SfQ9zoarPDVvMowhfhHh6EZfAEqqqqxJdkHbrPwS5Z57H0vSsEwqRxuuwiC9DdEyxTqJ909LEFRQpDkQeH3cG2FuZJl5+NIktov+g7Uof24MjbZhSdCAXdTNtssPQLgdzgsqG0ryGu7dbfbkeRuJ/UPNMgjNKtqBfOj6XlqEA3QqdzcYTn3kRGowrn68HqwLmvHoXtdWiU75RoOlEUbHfo3I3IfbqjHhXoRtORPgjBaGnZwryNoZMyGuvaUVgfOB6A7mAUsxQHOoTrgor6DqHd7i40NnUHR7J27B1Ae0TUsx/d2BuqS3872qIdEOH1iPhlImzEdHM1LEBc6/rjjz/G1atXMT09jT//+c/45JNPMDs7i6mpKfzpT3/CRx99BL1ej/7+/qj9n9/vx/Xr1zHq8Si+ro2OLvnoVwZXiYiIiIgCSstREfbFE7ZtEV8QIm8ZNGGbLTIrq0VhXllgVfIlpa+nG5bqGsloERN214QFChTI5ik9gPqKfrS/qxDSULjdz7TNJsklGxqVJR8VFRhF1INuSzVqJAWYdteg2tKNE7G+mK1hje9JbtUHkG6qlt2KHw/PRPTRno3vPYKdrlA6gjNPvi8JtD6F/KTE6p5IXQAII3aflL7C8sGuARMTEwAig6uAMCq1qKgomHs1kPM0JSVFNkIqMG+grMXm9XqXpNzbI/RlwR+Z3MMYFINvpeUV6A+kBnAPYxCFyBNH6r/bDlTXSPrE0gOor1DqG/rwbrs8yBXqTwMjI2P0aZZqPCp2nUIfZkF16A1JcFgoTzYS07QbNdVQ7iOFBWL3Au6JdnedQLekPqFmCg9BrAtfLwDQ9y7aC/cqjuodGehHP2zywLPsB6xC5KELjcHg6/w/pp3olqwXkWl3AzrqgSZx/rqBvZJzWSnKK8J+JOx7Nyx1QXjw1YS8YM4cceRrcNuasHtvhWTSbbBZQgHPkYF+VFRIftDs60F3RTlK491uEUFrqVKUV0CyH5+DvV8M3C5QYBuHzn2lOFBfgf72dyXbxSLZzmK7A9cSpQdCP6JK6qZMHsAXgt+S/av0AOrnnVecXhpQL30U1RGXJtL9QqhL/0C0B0b14YiYczl22gE3utpiT3v9+nX88Y9/xMDAANRqNVJTUzE7O4u+vj50d3fjP//zP/HXv/4VGo0GaWlp8Pv9OH/+PM6dO6fYH6vVaqjVaszMzGBqakr2mp6eDn6+lJgWgIiIiIgoqBTlFU3iLZ5unLMDthoTgHm+eITf6mexyT6Wj/ARdDc1CZPKvqG6MTwI9HfXoao9fA4LbOFvRVlGdpEFsA/DPe/N+uG38AXKF0cl7Z3nhlShgqiLrGB4s9euzS3ovn87PK5HJLfFB/wcT7m24oy5EMZ1CyvWmPoUgBhBzd4q7AwsU6zHY092AG//r4Ut7LbrcjPsYVxrU6xb7r1eL372s59hcFC4KdtoNKK2tjahshIVWHa8lqoe4Ux5haE+ROgEhaBRaTkq+nuE3vCcHf2B28vdwxhEP7rrqhDeO1iqw95wD2MQFtgUE7Uq90HZRRZE5GWRCQR5lcvrbqqKvGU5SoAqXqGR/goj9EoPoKPjAIT+tgpHpA+dagLqO4R0L5GzdaBD8rdpdw2q7XU40fUoGrYBQDea2oSRoUJc+wiq6hqBsNu4AyNma8Iq1nekKjhq2CS2oaqqMHiLeumBZlQ31oX6+Yp6IUge1wpR2Lal5agIJj4QArH2YTdQOiKMUm0uwmCbsK+N9HSjolxYZ4ux3UrLK4ATQtmmkQH0V5QnlMJmRNgp5ds4uwgW2U4Ztg9mF8ECO4bdQGkob0ZY2h8gEIhtbxLP/WG30istO9rxMDLQH3ZtIQ1+J0a4ZrGgOo4R08GRyzF+oHC5XPB4PFi/fj2MRiOSk5OxZcsWuN1uDA8PAwAyMzORm5uLzMxMAMDw8DCuXLkCg8EAi0UeMVar1TAYDMGAqlQgQMvgKhERERHRMiotr0BTTx8OZA/Djsgvp4A0t6AF1c0d2G0K3BYbxwIq6tFR3oOqpjZ0bQt8IRaCAOH5TxeV5IudpboZHUKl0RhXpcUveXHmUFuzLjngLN2OsvwWVPbOl1/1Jjzj8xdRkpwG4KbsvYjb6TdbUaIHXF8oP3QKl2rxq/x3UWfKQv7mt/D+eDXKTFkoCZus4evv47GkD9H8+yvR2xVvXXp/CJf5G2IeV2kA9od468lvwOh+VZaGYDXbsmVL1GDkwMBAMLhptVrxne98BwaDYd6ylsJC0wKMjEQbXbaIgkFUN4aDPzAB0h+fyiOCONFzrK6kmE9QT0AosBqrzcLIwKaePhwoLUWfEFldQJAvPDhWgXppHyzmfLWfc0tG3EbmwxUEcqpKRw1Lgre7TQiMnAxlcXWjqxEoLA/8yCiOCjaFPh8eBCLyG8yjtLwC/SfOwb0NGLQU4VHTNtjQhnPubcBgBcoluTxve7uVlqOiX8gHmxcM3K4Aybm3or4DDaVikDtYTzEQL05XV9UemXd1BVmqm1GDNtS1dWFblPN/6GFpsa8RLl26hLy8PJhMJuh0Omg0GmzZsgU5OTnwer1QqVRITU1FVlYWkpKSoFarsXHjRgwODmJoaCgiuAoASUlJSEpOxuzsLObm5gAIQdek5GQkJyff3kqIA9MCEBERERFJiakBuuZJCRC6fb5ZdqvfyED4Y5+VVZSXil+IpbdfZqPIEuvWPGVCLrwQYaRLXkS9A7cXNndIcgaODIRG0Yh1CC8v+KlQwfnG8N4h3sL3+z7EDf121D3WgkrpR5tb0G0uxA13uziqM5Ar9f8J5Ukt68Bj6QrFpn8DbwXvTv8h3rp/O9KnP8TbveLfT76PM1//oWSGp/DIujRg+hLevwR0nnLAhUI8Jq2TuCzXFwt8yFbUuvwcb7tvIt10UDIN0PD1b8CMQby/RgKrAJCamgoA6O2NGIIMAMjOzsbjjz+Oxx9/HN/+9rcVA6uBeQNlLaa+vj54PJ4FzTMyMoK+vuXIcFyK8opu9HSdg71fPiIvu8iCweEu9HRLcn+a8lAoy50ZRdRplfugePvWeMu7XX1HqlDXXoj6iKequ9HVWBWWi1M2J3q6hRGZwi39woOf+tvrxPyc4ijXPnmZw4PiHQqmPBRiEDGbs8DcrPGUJcTRldanJPeu0rZ1D8sf2FVajor+AZwLnl+FXL4D587BXhgYWbpY201Ic2A/1xXK5ZqAbKEy8nHGsnMngPDtMjKAfnE0a+BW/Y6OGMFiMQ1PR30opYDSsqMdD9lFlrDrCDH4fRsK80zCg8ui5WYNPjwt9gMup6amcO3ateDfMzMz8Pv9SElJQX5+PjZv3gyLxYLc3Fzo9XrMzc1hZmYGarU6+NCrmZmZiHJVKhUMKSnQ60M5bLQ6HdJSU5d81CrA4CoRERERUZhsFFm60d6OqF9OpV9ghBEbC1mGmE81+GUlkKOtSfbFWrhlM5BvTxjBFB6AlT6QCn1H0KSQZ09S6VBwVHzwhbRO22yWsDxyoWCBafdeyUM4JGVEBAPWuEu1qHj7VfRCeIBVMO/o/Zvh/Ej+AKnG915F77QkT2r+KJpdkd9kb7g/BIJ5TL8B840/YOfvA0HRn+Opt/8AV/o35DlO8SGaZdOE1cmchd6PlNIXRBe9LuLDvFyDsryrjyV9iOa3q9CY0ApdGTt27AAw/8OovF4vzp49i7Nnz86b+zQQXA2UtVi8Xi+OHj2a0LxHjx5dllyt2UUWDNrtEbdSm7bZgPZ2dMvyXZbi0WoLupukuUGVAoWSaU9I83oeEfs5oR9cUJ8WlUJ5MQOg0YVG5ykFkQLLk/ShsvqHPfinQ/KQwgPC5+UVkK0bd1cb2hHIuVmKR6uhkBM1LJAqCezJzVN+fwX2ilHiviNVoQcxifkz+ysC+WEj2yfkIw3sC+HbVpxfVofA+bU/mNImu8iC7vZ2FAajn4u33UrLK9Df3i7mcg0x5RUC/XYEns/m7joRmYIgMG1EYLEPR5q6Yal+VFKmNC9wIHew5HNJgFR+vRDZrr6ebkCsb2DZwaL7jkS91jBts8EivY6IyJmbqECe2TaFHL8LyckKjI2Nwe/3B4OmC3n5fD7MzMzg5s2bimUHRq9qNBph1GpSEpKSFjFpeRRMC0BEREREJBN4ONV8D8swYXdDPQaqmlAV+JJjqUZzfSHqmuw4594d362xpt2oqbajrr0OR/I6cKD0ADrqgSpZnjn5l/jS8gqgqQlV3RWo7ygXpqi2wR7MdTj/rbmm3Q2oH6hCU6jSqG6uR2FdU/CWUtPuBjSjEXVVVcH5QqkKTDggVDDUbizNLbcr7y18//fxjNJUnq4zGPD8OZ56e55b/2XimS5anZTn7zz1qGRUa7x1gTz/6xplMpmwY8cOnD17FidPnsSePXtkn9vt9mBaALvdjqIi+X3NJ0+ehMfjwY4dO2QPuVoM//qv/7rgfKsBg4ODOHr0KJ577rlFrVO4QBC1Ym9p+AewWYD+sNHxkf3L/H1DYNpQ/mah3xLihwfQUX8EVXH0aXEpPYDm6kbUSfLBJp5+RXgYF9Ava6eszMDygn3owupfeqAD9Uek60Z+m3Woj5avO1m+1eFBwGKDUlrbyPItqG6WnGPEnKuh6lejWboRI9oXWT/ptrVUVMDSL93XxfNrf2FwJGngwYqyLBMJbDfTNhss7YHzo9im0nJUoBsRw1ZLD6C+ogpNYvmW6npUW5rmSWVaigMd9ThSFcqJHlkXCypwAlVVYiSzol5IvYNQ6gVpHtvm6hOoa+9B34ED2F1TDXudJN+6pRrNDaEHTh1orkZjXRWqxM+qKxCR2zi0EnajoX4gdB0hTm8vUkxyvDCBddbWhW0NeaH3+3qEZbWH54xX/hHi2rVrUKlU8Pl8mJ2dXVAVAkHZGzduBHOxSqlUKqQkJ2N6ehq+uTkYDIZlGbUKACq/3+9fliUREREREdEiEh5MhTsyuBndzrcfWekq0CI78+T7i16m2+3Gj3/8Y0xOTuLQoUMoKwvlOujt7UVraysAzPtZSkoKXnrppUUPrn7/+9/H5ORkwvOnpKTgl7/85SLWiGiJiHm9bSuWj7cPR6p6UK440niRrHgbo+s7UoUTRXH+oODuQmPdAPYu4frq6urC4OAg7r77bqSnK+XRmd+VK1cwNjaGe+65J+odBRMTE5ibm0NGRsbtVhcAUFdXF3MajlwlIiIiIiKiO47JZML3vvc9tLa2orW1Fc8880xwBGtZWRmam5uD0wWcPHkyeMv+9773vUUPrALASy+9BLs9vgfJKbHZbItYG6I7WF8PuivKsUKPslp2woM1baEHT7q7cKLbAltznP1YRC7ZxTc1NQWfz4epqSlotVqoVCqoVCoACP4bEBgL6vf74ff7MTMzE0wnEM1S5MmOhcFVIiIiIiIiuiOVlZXh0KFD+NWvfoWjR4/i5MmTsNlsKC0thdFoBABcuHABfX19sNvtGBkZQUpKCmpra1FaujRjt0wmE5544omI9/v6+mTBhZSUlIh0BUQUDze6GuvQ3l+B+o4vz60dESkIFpCWou9IFZq6hZQHS7nGLBYL/uu//gsffPABdDodkpOTkZqaitTUVBgMBuj1evj9fkxNTcHr9WJiYgJerxeTk5OYm5vDV77yFeTn5y9hDRPDtABERERERLSmMC3AnWcp0gJIud1u/Pa3v4XD4Yg6ndVqxbe//e0lGbEaS0tLi+wBXDt27EBtbe2y14OIiELiSQvA4CoREREREa0pDK7eeZY6uBrg9XrR29sLt9sdfKhUYWEhzzBU+gAAIABJREFUTCYTysrKYDAYlqUe89WtpaUFFy5cwJYtW1BbW7ui9SEiIuZcJSIiIiIiIgoyGAyrNmepwWDAj370o5WuBhERLZB6pStAREREREREREREtBYxuEpERERERERERESUAAZXiYiIiIhoTck15Kx0FWgRcXsSEdFaxuAqERERERGtKTtND6x0FWgRfXXDjpWuAhERUcL4QCsiIiIiIlpT/v6+Ghi0KfjvKx9gaOKLla4OJWhjah4eyi3H97ceWOmqEBERJYzBVSIiWhH+W9cx9V+vY/az/4Z/PPYXY78fgMoPFVRLX7kV5FdpoM4yw/Dt/xfqdRtXujpERKvSOn0GXth+aKWrQURERMS0AEREtDKm3v//MPPhW3EFVgFApcIdH1gFAJV/Dn5PPybfql3pqhAREREREVEMDK4SEdGKmP3svxcwtX/J6rFa+a4Pr3QViIiIiIiIKAYGV4mIaPlN3YDfey3Oif3Al2DEagTfHHzjDLASERERERGtZgyuEhHR8ktKX8DEX8LAqki9Lm+lq0BERERERERRaCcnJ1e6DkRERKSA52giIiIiIqLVTTs3N7fSdSAiIiIFPEcTERERERGtbkwLQERERERERERERJQABleJiIiIiIiIiIiIEsDgKhEREREREREREVECGFwlIiIiIiIiIiIiSgCDq0REREREREREREQJYHCViIiIiIiIiIiIKAEMrhIRERERERERERElgMFVIiIiIiIiIiIiogQwuEpERERERERERESUAO1KVyBuzmOoaXEA5kq8+IINxtgz4FhNC1Dbhv0liS3SY38Zh0/vinN5K80D+8uH0elS+syMyhdfgC3QCOcxCKtmP0qCfw/Jp1EqG/Gu+6Um1Of0rhfxgnKFKer+ILLW4sVN76yhfTwR0deD9Tb6h8XkPFaDFtSiLVgZJ5zOEpSseN08cDqBkpLVsHfsQ8rztdB6/w03jrykPMmeTqTfa8bcx7vgPZn4MjTuFtw88Wb8s+14DWkVO6AC4L+8wHlXgMf+Mg7Pc1CYKxenX3Ueq0GLAwCsoXMNLYt5t2/c108LWhhePnwau+a9flDq31bWqqpP4No2QuRxs2zXpE4nnCUld/AxK3w/GIrS1wnHEKJcFyuUmsB+5RFOsHfo9ddKEbZv5FFlXtD2JCIiWqg1E1x1nnEAZjPMrk6cdNqWJSBitL2ANtvSL2cxKX0x9thfxuHDx5AT4wvu6TeOIeeFyGk89jdwGuZFrystJSNsL7QhuPuGB9SD1t4+ngjFgJHzGGpaam7rB5jFUrK/DW3Bv0I/DK1stSQ/Yqyib9l+w8NI27tPIYD5Yxg2G+FfgTol378DqtEoQd/VSCnQ5rHj5cOHcSznNo8Jjx3vOPhFdkUpbF/nsRocrrnMYPeqM08gteZl2TG0LNekwWuFL8EecvoNHMt5IbKv89jxxmks+KpXfh6PLRQs/xKs6xUQ/uO58F3oZYDnJSIiWiJrJC2AE2ccgPXxZ7HLDDjOOFe6QmuK0fY4rHAg+morwK5dQwrTeHD+dAF27Vq6+hGtiJL9qLWyP1lz3BfhMz0MXfj7e74CtfsifMteoX1QGQD/xMVlX/KiM9rw+GIcE57LcKEAOfwCu6qU7H8RlWYHWo6xz1vtjLYXUGt1ofMNOzwrXZk7VMGuXRhS6Os850+jgBe9dxzhu5ALl3lAERHRElkTI1c99nfggBW1JUYYd5mBzjNw7g+/ZUl+G4i5shIFsjKEX4grCzrRGZjIWou2/ZDNJ/2lU3YLVuDWt9pdON3SCZfC9GtdztZdOP2GHR7paBfnSXQW7MSLGFrJqiUo/Jbw8NEhSreMB6aZJ/VA+AhQjx0vHw7tD8I+tXZ2CPlthuKIycpKDHUG2iSMPtt6XnKb6TwjokJ3Nq6VEWseXB0CZB0FEHGbZuSo1/BbzkL7lcf+Mg5f3oXKoU50usR5t56PvG027Fba0O2Ekv6opQYOSR+12NslsO1rd51GS/AgkO//nS4ArsOoOb1aUoIAwCn4vLXQ7QFmgrf+70PKZiPmTn8C1SbJewppBJIPnIYO8Y8yDUw/g29ClyW+eessbr32PGbwYxjqvgkNAGyqRXrd45hprsStwHyB6XEDs91fx+TZ22v5iojaxzlxrOYdbKosQGenA4AV360cwq/F/amlxhE6fmL0lc5jNXhnUyUKOjvhgHBu3XmmBi2oDB5PgPSYkh8LoUM0Wr+O0LEX41wefmt9eD+wNvs8I2yPW9HZIr+GkrcFUE4lJJlA6Tx3/hhqghdXSuvjKuwvt4S2i0IZsdZp9HpG7ouBbS6bz1yJyvA+f5Uq2VMJ8+HTOO+xQTiEws/Xyu1N+Bwmma+lxiE5JqJfS0Ucu9+txNCvO1EgO6ZuP1XXosvZil2n34DdI93PnDjZWYCdLyLyqlchhYN03crSAsToZ0L9iwuHa06H9uM4+skW1KIWLbJ9WnZ+jrOeUcuI2Oax+tm1mf5FKZWD9L15U6xYa9G23zhv2qk76bshERHFbw0EVz04f9oFWB8XTtq2x2HtbMEZ535JPkIP7C+3iIGIEoRyhAJWaVGuTpze9SLa2gJf9FpQ47Citq0N+yFe7LQcw855LxBc6HxnF15sa4MxrulXB+exFjE4HWNC41bswhvBC3lASMdg3bkfuLrk1VxkoZxabS8IjRFuszsm+cJ1GJ0FtWh7oUQ2T8uxnWjbX4Ktu8zo7DwJp03yJeKMA7DWhuWqbYOwCGG/qzm2tgKs4Rydl1Hb1hb6Unq4BuZK8bgR19Eb9q3ihbp4rBXUoi1wG6HzGGrWwq1XzpPodJlR+awk3G5/GYc7C4LtF9p7GC8j8MVE/FIq+cLjPFaDlpc34cUXxPs1HZ24XNuG4F2VCxolUYL9bbWA7EuoUyx2CbaLqxPvBPpEcZ7A/m974UVgleY2vvWFC+n5PwYgBkh3PAwNLmLqLKCrCEz1Jmbdz0K76StIBnALAPBjqLOAuY8XePt+1jeh/ngXbhwRyjDUfRNJe/dh5sRL8DZfDMvTKgZ1cRa3mp/HDADd3veQXPEeUrDKA6zOY2hxANZayT4Ts49zofN06LwIADtzlPJ6C8GaF8R9+lhNC2rCvtS6Ok9j14ttaAuefyA/npzHUNNyGDXmyuDynMdq0PKGHVvFwECsfj1Y5yjn8lC+xTZJwCOQLmEN93kAYNwEM07jqgcoEQN2LUOVeLEtEFgR2xdYpx47Xhb3gVAQswXHdkqDB/J9QDEVkaxfFMp4edOL8v4KoXqE38Ibs54K9YBYTosj7AewiIvDVcqYg4LASDvF/Uq5vYmfw/YjdPrZL5lfnP4FyfQ18jRD8mPXA3sX0HnGif2BC3XnmfiuQ5eVEVt3AW+c98AWuuiFw7oT+8MveiOOg8C6fgP2rfMd91H6GdsLeBFhOXTjvaZ0tOBMbRva9gMR5/546xmtjHmPx8AxHfv6ejXy2N8R9uMFVDAiFUdgG+0RCpGl34J4bAxVYs9qXQlERLSkVn9aAM95nHaZgycyoAQ7rYDjHcmtUs6T6HRZURu8+DDC9mylQr4kKx4PJq/ail1mwFy5J3ghYMyJPZzB+njol13j1l0wYwhXV9EtJq7Ow6ipqZG9pF8sohMuNE+fDzTIiTMOK3auxYsE5xk4zJV4VnLFa7Q9i0qzA+/YhfaV7G8LC4IK+1Zo+vB0CmJ6CnGFOM84YK58VnJRLe53jndgX0X7xEJJj4mSnVbIjhsYsUl6YHnO47Ts2IN4u70LnSdXz62nSsdF5EPchB9yrLXSY6UE+2utcHWeFEKcgS+IkvaW7G9Dm2zEx9IcM0uzXeRlbN1lBoaurv7bUE9+grksIWgKALrNxYD7FGbCJpu5dBF+mKHeI76x5yvQwAXfQh92deusZJTsS/CNAqrUYuVpdzwMTfINzJ5+PlifmRNvYPZWOjSb9y1wwUvI1YnDEceEQzbiJt4+zrxra9RRzYEfpUK7o3BcwXEGsl7CvAtbwwsyS76oluyEFWHn4U3yM32sfj1g/nO50A/I2m204YU2cb2skT4vXkbbC2H9l9gPBHguQz4wqwT72yJHZcW8NlLY/sF+NXCd96ykDNuzqDS7gtcjMespku+LTpzslPfpQrnR1sjaIm/vYp3DJBSnr41MNSU7dsVtIzm+hT5g56oLvBmFi97gOU8YUKBQS6MNL7TJg6jCfh7dQr4zxH1NKe0Txf7NFbjXPd56RitD8Xh8AW3BH8tiX1+vBo4W+fntcKfr9q5vPHa83OKAtVY5mB78IWfV3OVDRETLbdWPXPWcPw2XeReelZypSnZaAYfkVqmrQ4B5l/xkZsyJuNsX5k23ecIzY9MqP2Pe7pOejcLP+PDYbDAGf8Ff4OC7VcBzdQhwOXC4pjPiM3NYKq2I236CX8SFC86WwOgL2cgL4ZZyl+MwIhdhxlrO1lWwkESJnstwwYGWGoWnHa+ikUGy4yI4ii78AtmDyy7hgjyyNUJjFPuaiIXdbj+jbEm2yxLVdem9BN/oaSFoenIftCZg7vSbAH4sn+zsKczt2gGtOMo1Od8MjP6bOIp1AbzDEYHbeZmyoIIHftkIVXEU7XwB2ZUQ88nx8fdx0fdNoRzzrrBpSnbCineCIyjFgiLro/ReHObv14Ho53KhHyh4fJ4J1kift2DhtxIHTpQle1BpPozOwzXoBOZJfRP72sgcPoF0BK2Yo1e+yoUAXWf4sM356imS7YueqxiCGbvCyo3jd/Q1Q37sLdI5TFqi4vTCtdE70oM37DgVAnqd4l1m4g/Tq2vYqkB2x5Y4oCDqRW94SoVo13sL+c6wgGvKuPrEGPWMVobi8Sj5eAHX1ysp4tZ8MeXC4WM5Cdxd5sQx4XYG5dv9ncfEux1W78hdIiJaelq/fyWerRwvYdSBkJMo8iR++pMRWG1GCE3ww+/3S54ULf6f3w+/HwrTiP/6hffkswifyeYRp/GL5QXKjnhvxSi0Z/5JhX8C60L6d1YpyvFrfDJiRc4ZB6xllZL2ha/jlRK7rSOXXYD5afz0H5WDB36/H87O59HqAAArDr32j8Lt1p3PoxWhcovLrEDrGXxaWQycccD89E9R7PfDjxEIi/gp/lExmL0a9gmJ8G0eeFu2XeXHjPJ88nXvuTIEYf1VKl5Qrnz/orCvFFfip08P4SctNcCh11AZvH3/CoYAWKXvyYrywxPjOFA8TuLoO4Lr1u9HeN8V+TcWZbso1TV8f4i7T1kBwdQAO/KCKQEivYnJS48j/d6vIDnRlACLRJOantB8S7Hu4+vP4+njFPZN4SPx7Sj7kXi8FSgeA9JipO9FLi+8LTH79ZjH4zxtClZ7tfd5MbbvyGW4zOX4bpbQPo/9FfzkuAuAGU//9DXxFvxX8JOewPxZsP7ja0JoztmJ51tbUOMAYD2E1ypL4u/fwre/wnzh9R257Aq2I3Y9lfpJ5Ws0pX1txczTdgDiMWLFt4qVrmMV2rsI57Co18GhiuGKcPDKz0HS9ZllxbesnWg98ykq/b1wwIpDxavluki67rJQWg78+pMRWHPOwGEtQ6XSNb/Hjld+chwuCH3ia+It+K/8pEf5PB7PcSFbt/FdU8bsJxdaT6Uyou2TiO/6emXN04dnWfHdp0/jJz1XMOIvhhFxrAsAgAf2V1rgsB7Ca9asyPZ57HilxQHroddgzVot+zgREa2E1Z0WwNkLh3gh/dpr8tchK+A6/h6cEG/ndw3Jf2j2XF2Tj2BaeUZsLQd6ztvR67CibI3+BGssMEfuEzJO9DqELyGvBb8kiw84kiopgxUO9Nrt+J3DjPLgfW9GCItYa2N6F5eQSmN1pcaIh9H2XTxtBhytnaHbksXR7kNRGqPY1yTCMwSFZyAsmrW6XRZETA2QMk9KANl0MEK1N8GUAAvlHoUfRqh2SN/cB5UB8E9cXOKFL6bF6uOEkYIR5XiG4EIBFjIgO7Y4+/WohHbP1w+s7WPLA/vvHDCXB24l9+B8j0sIwrz2j6EcjUPz9E4llcI12CEr4OjFQpIgRN3+xgKF26XFEc8FxoXXM0DMWTqkUO5a4HzvOFzWsvhHwi3BOUx5eg+GXLHvpigpswJDV2HvdQALaccyMwoXvbD3OmCd56LXc74HLvPT+Olrr4WCn4t6Hl+c/nZR6ql4PEo/jnV9vZZF9g/Ozp/gOJ7GTxV/sXCi8yfHgad/qvyDBhERfamoAyM1VuPL2esArN8SfwmUv4rLrAAc6HX64S/+GvaZHWjtdIqfj+DUr4+LFxOBeaT/L/m1Pfxv2XvyeYSP5GUovbdir/D2RJtOOm3Y31k5BXAdPw6HtUwYpTnf+lvFbc2yfgtWSPcJP/wjp/DK88+j0xloDzB0ZSS0v3X+BMddCNumxfjaPjMcx4/DZX4QpcF9MQvWb1kBR6tYnvAaOfUKnn++E86VXj+xtrnidg1OFH0+6d/FX8M+swvHf30KI8FpnOh8/nm8cmrk9uu9ZPtKFqwH9sEMB34XrKewrV3Hf41TI6FpnZ3P4/lXxPYVC8H230nb5uyUbHOF4yRL+IJ//D1J//Q7h2w/C61moW4bzdJ9c6m2i9IxLX0vKxgUW6ptc3suwn/LDO0mYO7Sm1Gmewm+0XRoN5mB0U8WnhJgoc6ewtytdGh3vQad+JZu77PQJt+IUU9lS7Pugdj9eTx9XLCWkcecUHn4/eL5WlaOE52tQsAlcI5Ram/ke0rLk/4tfBqrX1dar6H3slD6oFn48Tb4+QhOvSIeO2uhz5tn+wrrwopviaOvAttKeoyPnHpFHPkrfu7sxPPPvyLvE3sjt93861PcKArb37zva0IZWaV4MGydjpz6NY67zHiwNCu+eiruG+L5uzV0ThbKXcpja4GvsGNF3j4z9n2tOOq+rtTe2zqHZW2EGUO4EphfnF56LeXsbIUDVpQVS7av0vosLoPVdRzHHYC1rDj2uljW40Oy7rJyUOA6juOOUJsi92sIAcXA3yOn8EprtPN47OMiKxC49vsR7zVl7H5y4fWMeC9wPL4Xfv0s9AOxr69X+qV0bPjh9zvx3nEXrN+yIiuwDTaaAcfvQseL8z1Z/xA8Dg+E5gm9RnDqlVY4zPtwQNqn8sUXX3zxdUe+4rF6c6567PidA7AemidHnRhQfbP3Ip4uLobtB43APzfg4EHhY/O+fbC6Fv5FlgCIF9MoW0X5ARW43mzAwfBNbN6Hxh/YYEQxnn71EHCwFQclycesh17F08UAUIynG/fhnxskZVgPoXHf79DwZi8uPl2MQOuNWx+EGS7gwbCHthQ/DWERByV5raw49OrTWN1rbjEZg8deg2RjmPc14ger/bHZRhu+ZX0TrW824HiusF8YbT9AI/4ZDQ0HEWxNcJ8CIO5Xxw9K973QNlceySHsa0MNgX3RjH2H9sHc+sF8FcPWB814880GHPxgHxp/kJtI4xZluwhpMVpx0LEa92sxj6npImYVUwKE3PrCBV2WGXNfLEdKgDcx+dqbSD5wGsl1p8WHbt3AbPfXMRmjnqvOYvVxxU/j1caN+OeGgzgYLOYQXn16sfeo+Pv1aIL9wMFgbWXHzpro81xvyuoHQOjLXpU/FMr2g0P4XHqeNO9D46ECNLR+IOShLH4ajfuU+sQFbjvrPmz83UEcdAWKkK4vI2w/eBW5xw9K6mzGvsYfiKNU46jnPKs+Ylua92Gf1YXVdXXoQOvB8CypifW5t3sOg3ErHjS/iTcbDuKDfY34ga0YT7/aiI2S6+v461aMMivgcFhX+eWkWE+Uzdsmo+0HOPT5Qcl2MmNf4yEUNLTig/Me2BI59ovLYEUrWg86xGvT2+9vF6eexojvVPLjMdb19ergkK1HQXgdg+srcLxYD+GQ1YFWAMBF/PubQof1pvR4AoRj6lufQ/g4sq9ddecDIiJaFqrx8XFmhyEiomWnen3P8ixoTyfS7wVmmiuXfuTqIvM/t9R5DIiIlsbF4wfRiqX4IYWIiIho+TQ2NsacZpU/0IqIiO5UqmVaTnK+Gf7LLWsusAqshoeDEBEl4iLOOMzY9z83sx8jIiKiOx6Dq0REdGfa8RrSKnZAdessbh1ZXTcCx4vnaCJaazyOZjSeGEDR3gbs4xPUiYiI6EuAwVUiIroznX0eN9dantMwPEcT0VqT9dA/oPUh4f/ZhxEREdGXgXqlK0BERERERERERES0FjG4SkRERERERERERJQApgUgIiJapXiOJiIiIiIiWt04cpWIiIiIiIiIiIgoARy5SkREtErxHE1ERERERLS6MbhKRES0SvEcTUREREREtLoxuEpERLRK8RxNRERERES0ujHnKhEREREREREREVECOHKViIholeI5moiIiIiIaHVjcJWIiGiV4jmaiIiIiIhodWNaACIiIiIiIiIiIqIEMLhKRERERERERERElACtevjDla4DERERKeA5moiIiIiIaHVTXf/Fw0zoRkRERERERERERCTxPy/vjDmNFnPTy1AVIiIiIiIiIiIiojsLc64SERERERERERERJYDBVSIiIiIiIiIiIqIEMLhKRERERERERERElAAGV4mIiIiIiIiIiIgSwOAqERERERERERERUQIYXCUiIiIiIiIiIiJKAIOrRERERERERERERAlgcJWIiIiIiIiIiIgoAQyuEhERERERERERESWAwVUiIiIiIiIiIiKiBDC4SkRERERERERERJQABleJiIiIiIiIiIiIEsDgKhEREREREREREVECGFwlIiIiIiIiIiIiSgCDq0REREREREREREQJYHCViIiIiIiIiIiIKAEMrhIRERERERERERElgMFVIiIiIiIiIiIiogQwuEpERERERERERESUAAZXiYiIiIiIiIiIiBKg9ftXugpEREREREREREREa4+WsVUiIiIiIiIiIiKihdP6OXSViIiIiIiIiIiIaME4cpWIiIiIiIiIiIgoAcy5SkRERERERERERJQAjlwlIiIiIiIiIiIiSoAWfgAqAIEoa+D/lf6Fwv8jjvnmK3u+ecPfC4i33Hinma/c8PfC6wmF96ItW2lapWXHW65UrDbNN61Sm2K1RWkdzVdf6fvxTBtreyykTUrLjrV9FqNNCHs/3jZFm3ax2hTvtg1fVjz1jrWd5lun4Z9J6xzrM6Vy5/vsdj4Pf3++edmm+Oq1FG1Sas9887JN8dWL+97ilx1vm8LLYJuil8s2xZ53IcfTfNdlsZabSL1uZ162afW1Selztmn1tYn93tpvU/hn0vn9YdMvxnKln4UvfznapLRstmn+cuOZZqF9l19hGqX5Y63PWP2edJrV3KYotH745RP7Y/yrtPCFzhc+/2JPu5Bp4il3vr/jXXa0ZaxUuUp/x1rmUrUt2nyJtEnp/Xi3/2LWId42xbuM8PcX0qbF2Ka3u45ilRXt/dv57HY+j6cjZZsW57NEP4/zZMc2LdJnt/P5nbbvLXRetmnxlruUZX+Z2xTtuiyR5SbyOdsUe362aWk+Z5sWr2y2aWnKXul9L9bfiZTNNi3echOdJp56xTt/vOtzLbcpCqYFICIiIiIiIiIiIkoAH2hFRERERERERERElAAGV4mIiIiIiIiIiIgSoPUzukpERERERERERES0YMy5SkRERERERERERJQArY/RVSIiIiIiIiIiIqIF0/qYFoCIiIiIiIiIiIhowfhAKyIiIiIiIiIiIqIEMOcqERERERERERERUQI4cpWIiIiIiIiIiIgoAcy5SkRERERERERERJQAjlwlIiIiIiIiIiIiSgBzrhIRERERERERERElQOtXqVe6DkRERERERERERERrjlaTZlzpOhARERERERERERGtLtdjT6Ly+5l1lYiIiIiIiIiIiEiqrq4u5jTMCUBERERERERERESUAAZXiYiIiIiIiIiIiBLA4CoRERERERERERFRAhhcJSIiIiIiIiIiIkoAg6tERERERERERERECWBwlYiIiIiIiIiIiCgBDK4SERERERERERERJYDBVSIiIiIiIiIiIqIEMLhKRERERERERERElAAGV4mIiIiIiIiIiIgSwOAqERERERERERERUQIYXCUiIiIiIiIiIiJKAIOrRERERERERERERAlgcJWIiIiIiIiIiIgoAcsSXPX7/cuxGKIvpeU8vngsExEREREREdGXQbwxEO1SVmJiYgLj4+Pw+XyYmZlZykURfWnpdDqo1WqsW7cOqampS7IMHstERERERERE9GWi0+nimm7JgqsTExMYGxtDSkoK9Hr9Ui2GiABMT09jbGwMABY9wMpjmYiIiIiIiIhI2ZKlBRgfH2cwhmiZ6PV6pKSkYHx8fNHL5rFMRERERERERKRsSUau+v1++Hw+BmOIlpFer8fk5CT8fj9UKtWilBk4lpOTkxelPCIiIiIiIiKiO8mSBFdVKhXzMhKtgOnp6UULrAKhY5kPsiIiIiIiIiIiirRkaQGIiIiIiIiIiIiI7mQMrhIRERERERERERElYEnSAhDRnYVpAYiIiIiIiIiIInHkKhEREREREREREVECGFwlIiIiIiIiIiIiSgDTAhBRTEwLQEREREREREQUiSNXiYiIiIiIiIiIiBLA4CoRERERERERERFRApgWgIhiYloAIiIiIiIiIqJIDK4S0bK5ePwgWh3zfKhNR9ZdW/E/nnwS5QWGZa3X6vL/s3fv0XGUZ77vv1XVrVbLF2TJ2B7bjKUdy9gMk5XB2iS+CE9uMKyNOZkkQGxyMmSHPSE+AUyYYZOAgwnkMsxAFMgxmwxJCCtYwZkkDPbaCWwmCZFsDzk2ZCfZGCwHy7Hs8UUty5alVt+qzh9V1V3d6pZasiTL5vfJ6kiqeuutt6q7xNLj533eGK3/dB/PcgP3/10TtSXbtfODz36DorczFKVmdh1Lr/wIH1w6hzO9m7HXf8Bvwx/jvQ2jObiVf7rvWTpW3s43P+Z24H4Iq5z1AAAgAElEQVQOVnL7Nz/GaLoUERERERERmSwUXBWRYY1V5qrfzawlK2ioyd+X7m7nt+2v8P2v7ebfb7yX299TOqx4fsvda8dxKH3n/X2zWLKigbzbGT/Kb3+7h//13Qf5ResN3Hv7yiGCtMNo/wH3bdrOittuYFQfA/8Yx8l+jtwvzjDXJyIiIiIiIjL5nXPB1b2b1/HcRQ9wV1PtoO3NgRSules3sXbR4GOzberW8MBdpbPCYq0PsWHnsvw2sVYe2tBCR17LOtY8cBfB4eSPZSXrN63FHcpeNq9rLp5pltduqD6yDVgXuOBhr7dYH5NEbO9eWLRo9MGfvM5aeWjDTpYVvCeTTpFx5t6v8t6rvZvX0cx6NhW+8b7jP+f+O1tpevg+3nch7PnuJ/gqn+fpTy4p0ngP3/3EV+HzT1N09xhr+ODH+FixlMXYL3h444/Z9+Nfsv89H6F+/IdyHmjggx8bnAH6MU7x2+9+jX9+9Vke/sFs7v9YA+GzMbzaldz52MqzcWYRERERERGRcXdOBVf94FPdmiLbO9fwwCYvEBpr5aEN69gcCDgWttm7eR0bNs8uHpiKtfLtlg6oW1aw/SAdQwa+YrQ+tIEW8s/T/NBFXpB2EWs3bWJt/ujZvK6ZzjVXZfuMtT5Ec1vuPPl9kA2s5gKqe9m8Lv96h+1jksgFscco7FvbxF2bmsamr4kUa+W5tsGB+jNy4fu47+n3jVFnE6R2JR+87Mf886uv8Or+j1Cv6OoZmM47P3k713Y+yPPbf0Dbezfw3tlne0wiIiIiIiIi55dzJLjqZ3zWUVfXMWjfrjZYuT4QNKxt4kMrW2jetZe1ixZ5bepY80CuzaKr1lC3YRd71y4qCJTGaP12C9TVDRpF7Ggn1C0rHZzc+wItHcXOs5PXY01Fg2Z7NzfTVreGB7I7Y7y+s4O6NZ/KjmvR2vWsXNfMC3ubWLsI9roXHMhUXcTa9StZ91wrV93VRC17eaGlg5Xr7yrZh0wysYN0MJ8PTabI91kRJhoFiJNKB7fHeP1fn+VH29s5Fk9DaBoLl17LRz78HoLlWdt/cCuPHrqB//7hGM8+/ks64jDr3Z/k9o+/k+mx1/nXZ3/E9vZjxNMQitZQ986rB/UBcKr9F/zoR/+L3x7qJU2I6KwGVnzkBv6vSwJvUKyNhzc+y7zbHuODqR/x/e+3sa/XG9vKj/Pxj1xS8LvCvYbnX+3gaHecNEOPYWzM5t0fXMjzz+zj1fYY750dHNHw97T9B7fy6Hb3++2P3sp26rhh452srB3B9Xj3qWPFbTxWNF3Zb1f++yMiIiIiIiIyWZwTwdVY63O0rVzPprW1tD60gZ15e91s0KEtYu2mu4ps7+RoDBblTenfQMv89Txw0XNsyD8RsYMdMP9DpUsJeMHXYPxlyEzKvZtpLgj6Di+Ge5qCI2ovoq7jIDGgNnaUTurIb7KIxpXwXN4F55cpWLl+PTQ/x0UP3MUlrxeWRXCzcncuC5Rk2LuZdc3kMnkLyyasDE5Z38vmdc9x0Zr5tLS0ASv5r2s6+U5LB9DBhnU7WfO5Zex8pIX5eSUO3DHibSs2FT5vW7GyAAUlFOrWBK7Bb58dFwwu9eBlJOfF9QsymAvOkX/tg+/NyjVrArseYoPXefO6tuz4gtthJWvWdNJSWKqCo7Q+1JwbW+NNPH2bl+5ZUBag0J7vfoKv/gLecdPD3JeX4OqWCPiF99P9998/djVXs984Jep3HmV/O8ASFs712vS38+xDj7O9G+Zd/mH+5rIa0vte5qe/fIZ/eL2DW++5gYaqQP9H/yebHg1Td+2N3BI9xL7oAqZ1tfJPX97CoelL+MsbPszCaXG6X32JH7/yDP+w/xT33PtB/KTOWNvDfHnLAZh3GVffeDnzQt28+tKPeenxB9mz6jZu/Uidu0CUVy+081//iQcPpbnswzdyS02afS//lF/+8nEePPo3bPzMUqYD0MHzGx/lpe4oC1et5sYlNUTj3ez59Utsf+UZHj4VCrR1yqxJWl5t1ml1S6hhHx3tnSRX1LilAcq8p7NW3MItNS/xP7buY+HqW/jAvDCzpzk4zgiuJzu2QM3VwnHH2ni4zPdHREREREREZDI5J4KrtU134YZPY2Ue4Waz1q0pGQal9dstdKxcz13BJns3e1PpF0Hr4GOOdgIdzazLxtDyg3B+8JXWh1gXCIoVLyMQo/U5NwM1P6O1lkuW1dHS8gJ7m9zjYq3P0cZK1i9y98+eDx0HYxAMycYO0uEHi4fIgswd55cjeIBNTbmf26hjDVB7yTLqWgIZt7HX2dkBHfNz5/UzaBd5925dcydrHtjk3VM3ILluczDI2OEGBzdtyo68nmAQNwZ10JLNOAb27gpc+8i5AUpY88Am7zpaeWjDBh4iWLe3g5aW+azftMm73w+xYcNmZmdLKrgB9013BQPFzTRvbswFdL1rd7t0929uDJRtcAeRd687qGMZ3ud7dkGgeu/m/HHv3cy65iKlKtpaOLh+E5u883xnXTP3//zPua9YNDXADay+l88//UncEqtdgb1L+OTTT/NJ76f9+/eP/MaPQupUJ68+/yQ/PQahy1awxAuYdvz0KbZ3h7n8lvv4+CXexksu4d0rfsnD9/+Yx7cs4R9uemeunmi8l9k3Psh/e/d0YCmXALFfbudAeh4fvvUz/KX/tl+ylIbZD/IPv/wtezo/yOz5wNFf8viWA7Dgeu65M7cI1CVLL2PJU/fyvZf/mZ8u/TIfCSS2HzgE19/z371sTrjkkiXMfvRentnza9r7l7K0ClKv7+bVOCy88b9z27unZ4+9ZOll1P3z3Xzvd7/kt6eWsjK3a+yEokwDumOnOIX79JZ7T6fPv4RL4r8D9jG77hIu8RJPx/p6Yr8r8/0RERERERERmWTMsz2AsRej9SF3qv2niszD37t5HevWbXCn718VjNjtZXNzGyvXl66nerADNyNx0yb3tX4+LRseojUY821r5tt8Kttm/co2mtdtZu+g7l5n56AxuGqb7uKBNZ00r1vHunXr3OBjIEC7qHEltDWzOdupF6gdgVjrcwX3yC0tkBvEJSyr62Dn6zFvuDthzRpWtu3yrsUrx9DoLdW1q426NZ8KBIprafrUGuransu7P3XLCqdK5105lyyrg+w5/ABu4ygX4sqVWMiOq7aJT62po2Pn63mh+uD7Xtv0KdbUtfGcN/BFazcV1OZ1s4BzpzlYsMiZV1s3W/92mHtdZNytzxXcz0VrKXpI3RpyH6FFXNoIfzjQVaRhzuDA6sTb/tht3HZb/uvOex/imV93w7wPcNv173SzQ2nnle29sGA1V19SMDe8dgUfvAzSr77KnlRwxzzeubBYVK+bjo78f6CZ/cF7eeTLd/KXXuCuo+2nHKOGqz++suBzWsXSq6+mhl62v9Ke3+07P8i78xpPZ+E75wH9xOPulvAlH2HjPzySF4j0+61bssD9NsX4qK0pyPoczT3NNz7XM/z7IyIiIiIiIjLZnBOZq+Xzp2+vZP2m4lPt3UAZ2UWvDmanmze7pQdKRvGKLEa16CrW1G2g5YW9NPmRtJXrAxmRXq3Ttmaea70qb3vs9Z101C3jU4MG6V3D/PVs8gezdzPr1q3LLWC1aC2b1sO65nXelP461qxfQ13zzsLOSipa4mBRIyvp9H7wMmi9TNfYwQ7mN36Ki+pa2LV3LYtqj9LJSj7k1gPgaCd0tG1gXUvhmdzsTN/82aVDq+BlzOKdY5FfT3e0RWLdgPj8ghReNyvXK6HgjfGiguzhYtnB+dP0AT/Y6X8ONqyjBQaVBCh6r2svoi57r8sc90V1DDpk/uyRLVD2i6/yVYB3LGBmGc2P//x+qP/E2JUF8LqZtXg5C2vy90XnN7BkwUIa5k8nOzU+dpTONBCOc/T11zla0F8sFQU6OBpzcGb7/c9ixrT8sgM1l65gwfNbePV79/PqM9NY+Od/yeUrFrOkYT658OApOjviwJ8zb1aRsgWzFrAY2NF5lC5nIbXe/ui0aYQKpuU7oRBwjKOnHJy860zRf/QQB7q76W5vp/3AG7zR0Q0sCJRKKG+6P+RPty/ZLtadvW+O4+CM8J76N8IpWsqhjOvJ1QDIlQUoKHtQ3vsjIiIiIiIiMvmcR8HVYGC1VPZpQN6iV7CrDSA45R+ytUBLruBeW8ZU1VoGx8S8jMplnxocGNv7gnsNdwWuYNFaNwM2OF1+0Vo2bQqEevdupiVbCuAi6tg5qJ4sQJ0XRay9qA4ODjPy2fOhZRd718KutpU0rq2ldlkdO4/GiB3dScfKD3n32Q0G5tUyHa3g+8KZlQQoaVCm6dD2bl6HW051Jes33eWVClhHc27QNN21iSa3Meuavc9RYd3VSeG9fP7p9/Dvn/gqm4YrH7Dnu9z5FNx//9iPYuEHbuCGIdY2yuru5ADAvq38j32lGsWJnYJcemaUaLigSe0KPnffLLZv/Rk/fXUf+17byr7XtgIh5q26mVs+vITp2VTL0Ih+Mc6aPa3kuFLZ7M1+Ordv5ts//h3d/kJdoWnMW3gZl//573j5tRGccKTScXoBZte4v29GdU8LjfH1lPX+iIiIiIiIiEw+50lw1QussoYHimWsFlvkKM/grNRYa8GCTkX7yF9capG7YhQxFgXzHYtkIRbPTCz7agvHRkH909rZzKeD/MRLNwt0/novuJoNnC7KBaJjR+kELsrelkZW0syuzdC2stG9P5csg2+/wAt0BBbVcgPIbYV1YEfJv4+tBK6p9N1wa+EWDXK749pZEGX2Fx7LbSm8V8H31c+eDS6yNcQ5/aD33s2sa3bvb607iPzPhRfgXVaki5LjPlj6iLK99z0sYQkzb3oHdz61iZ//efHFrjj+c+7/6i947+efBiam5mpRNbOZB3SvuoOvfbhu2OZDmt7AihsbWHEjpI528Lt92/nl1lc58PL/4LGaL3DPX0a9hmnSQ3Y0cqde/R5f3/IGLHg/n73xA9TNrsrWiD360vgGV2P7fks3sKBulrthDO7puFzPsO+PlrQSERERERGRyWdca66apjnmL8MAw8jftq9lAy3GWr589youLHbchZeyvL6Dlu+0ccLftq+F5rZ61l69uPi53BMN7uPFfdltJ9q+Q0tHEx9edaG7bfHVrDVa+E7bicDYmmmjicsXB/o+cYxD1POnFxY57+KrWVvfRnNL7jzuWKHpcnesF166nPqOFl7cV+paFnP12nramlvYFxxH/VquXlzqPCdo+04LHRgY2fEs5vImaGtro/5PvWu88E+4qKONto56ll/qbTMvZNWHm6CtmZZ9ZuD+/CPr1uXGYECgb/d14Z9cBB2duffFNDEXX05TRwstgWvOtv/Temj7V9pO+Nf+Ii0dQPYzYWBkr+FCLl1eT0fLd3LtT7TxnZYO6pdf6n1WDAzIu1eF76sBHDoWfE835J9zXwvr1v1j7hymyb7dbdB0OYtNkwtXfZimjuDnYh8tzW2Qd68NwMi7n3nj9j4DeZ9JI3jd7qtcF75vHTe94w88tennHB+0dw/fvfMp/vDez/NJryir403pPtNXTpnHTKthFhDv6CQ2aH+S3z51J3ff/xS7Txb0n9fuJK88eT933/tj9nvbQrMW8BfL13LH3/81C4BjR0/hONOYWxcFfsee/UXGcqSDN4DQvFnUOE52Uj7O4PuTm6Pv4Dj9tL/yBmnmsfpvVrNwVtQtI+Bdw9HObr9lduq9k+t4iPtDiesNvvbz8k8PAAtZcWnNqO5poEiB12aE11NY5mDQ+1Tu+zM2n0G99NJLL7300ksvvfTSSy+99Cr3VY5xzVwtdxAj6NH9Mz14gbFf8ZNWgM3cc8vm/Ob1a3jwriuopYamux7EeejeQJt61jx4F001DsWG6RTUBCTQxy23+K2auOPxtTQManMPuaEUtgG6DrKf+Xyo6LmLnaeeNQ8+zhW1XvuaJu664yCfeeQWWktcS03TXdxx8DM8cktrYBxNXlCo+Hnqm5qo39/pfYDcbQ2NTdDayXsuqfHueQPupvdwSXD8DWt5/A4CYyq8dj8QVXDNDY008XUeuaWVpjse97JDvXO0NtHYkN/ev66v33MLmwGa7uCOpla+7r1XfmP/Gmqa7uLx2Zv5jN8eqF/zIHc11QTa17NmDTySveHBcTew9sE1PHRv4D1tuoMH1zzHvS3/H2+ubWBRw1oeXPMQ9wbO4X72GrL3bO3jd7D5M7k+mtasob7l33P3Ont7vDs1qM8m1qypp+Xfc5/JYL3NkbuQ9627idY7n+LO7/4JT38yt+f4z7fwC4BffJVP/ALuH4+6AOUKL2bF8iiv7djGz/Zcxtol0dy+jm1seS1NfOESiq5flTWdBQtDxH/3a3bs+Svqgn3Eu+kFomH3V2Hd8r9i1ss/YftPtrPqjhXkyqXGefVnP6ObKKsuXzjCiwgRjrp9nIrn74l3bGPrawC9xMd8QatuXv3et3m5F6atuobL/Xs0ynuazo5vrK+n/PdHREREREREZLIxnLGPgAKwf/9+Zs2aNR5dy3iJ/YqH7v133vPgXVxx5rP7z8jezZ/h69zB4+Nds3QSXfNwYr96iHs7PzTkPTl27Bj19fXuD8d/zv13ttL0cImp/2Xav38/F1xwweg7CNi3ZT3f3AHLP9vM9eXGKOP72PKVb7KjN8S8y/+a9/9FDel9L/Ozl9+gmwVc94U7WFET7H85n22+noXF+ojXsHjVX7Fq4TTi3a/xbz/5NYdYzCe+eAuXecHE7u1f5ys/PADz/oK/WnU580LdvPZvP+HXh6Bm+S38/fULiboN+fqXfgjXfZE7VuSvztW9/et86YcHsteZ2reFL35zB/FpC3n/6vezcFovh379Mj977Sh1C+exb9+BwD3pZvvXv8QPuY4v5gV4B91Ntqz/JjuYxeLlC/PapbsPsGffIXrTEFp4HV/4bEE/I7inHH2JL311G6cWvJ+1f7WEuoULmXZgBNfj3acDyz9Ls/emD3qfRvD+iIiIiIiIiEyUL3/5y8O2UTqQTEJ72dVaz5oHJ9tiUBMlxq8eupeW+YHgcuxXfLtlP013jOCedB3gD/wp159BYNU3Vv8Gk5stXzxjvKjKd3DdlzZw6bYf8tz2n/D0r9MQqmTWwvfzt2uuYcn0XF+5hekDmeJ+H5//O+b+cDMvvLyZJ/4NCE3jHX+xhr/768uZF831MWP5ejbM2EbLtl/zs82vkSbEtLkLef/fXsc1S2rcsXvXkLuW/ItxcgPBcSD0juu4+29DPN2yg3/b/AT/Fqpk1sIV/NcNf8eS1Et86WsH2Nd5BOcds8lm6Odlzg91N4/xxo5j+btC05ix4C/4L++/hg8ExzyKe8qs5fzf7/8dT7z8bzz9xMss/3/+kesWjuB6cjcje58GvU8jeH9EREREREREJpNxzVy98MIxiOrIxBl24a+JGMJDbGjpoG7NA9w1EYOYBNdc3F42r2umLbAlf1Gt4o4fP059/VR+fv+dPPUHeMdND3PfmaSt4j7L06crbVBERERERERE3l6+8pWvDNtGwVWR84gbXK0f0z4VXBURERERERGRt6NygqvlLy8uIiIiIiIiIiIiIlnjWnN1nJJiRURERERERERERM46Za6KiIiIiIiIiIiIjMK4Zq6KyPlBWegiIiIiIiIiIoOpLICIiIiIiIiIiIjIKKgsgIiIiIiIiIiIiMgoKHNVREREREREREREZBTOqczV9h/cyq23Bl4PtxEbYR+xtocDx7Xzg1tv5Qftgf79H0RERERERERERESGcG4saBVr4+GNz9Kx4jYee6whu7n9B7ey8dZObnvsYzQMcXi5Gj72GI+NQT8iIiIiIiIiIiJy/jsHMldjtD3lBVY/lh9CbfjYRm6o286jyjYVERERERERERGRCTb5a67GXuffOxZw/d8sLNJfDSs+9ygrCs7V/uxtPLbd/2kB1993JytrA2NyHBzHwcHxN+I43nHcyqM3NLjZsve/wrtvfTevPLaFA15vK259lBsCMd68cy24nuvnb2GL34fbgNtyg4EVgX0iIiIiIiIiIiJyzpr8ZQG6D3GA+VxbW07jGG0P388Wrue+R1dSi1tj9f77H4ZAgLV8B9jy/Lu579FHc3099iyXPXoDDd7Pj21fwa2Bn+/fAqzwh9PGw491cv19j3rnbufZ2x7j2cvyA7QiIiIiIiIiIiJy7pn8wVWABfOoKaddbA+vHFjA9fe5gVWA2pU3cf0r9/PKnhgrRx5dZcW1gb6WvJsFvMLRGDTUtvPSlgOsuPXObL1X/1xb/IO7D3EAeHe2twZuePTREY9B5GyKRqP09vae7WGIiIiIiIiIiEw6k78sgOPAgU5ijjN8gDXWyQHmsbrGnebvqmHxuxewpTOG49T4hQCyZQEc7xxetQDA8UoHACxg3oxAX7mDcbqO0skC3j0j/1yz5pEtO8DC93P9gi+x5f7b3IDr8s/yDaWsyjkmHo/zJ3PmnO1hiIiIiIiIiIhMOpN/Qaua+SzgEMdiJfa3P8vtj2yn1G6A7s4DQ+wdT7Ws+Nw3+MY3vsE3PrscdnyT22+/nduf1QJcIiIiIiIiIiIi57rJH1ytXcHq5QfY8lKxgGSM7Vt3wLxZ7tT9ooHYGMcOwYL5ZRUWGMG4ZjGPA3R2Dz5XUQ03BIKsr6LwqoiIiIiIiIiIyLltXIOrjjc9/kxfCz9wHQt2fJPbn23P297+7JfYcmA5n71+obutZjGXLzjAlu+1EfPaxNq+x5YDC7h8cU1gur+TLQXgjTSvhIFfMsDbkztn3raFfOC6Bez45rO0550r0Ef7s9x++yO0xQJjfnUHLL+MhWN0b/TSK/gSEREREREREZGJc24saFWzgjual7D9619i/frA9gXX8cXmFYFarDWsuKOZ2VvW86X1P/Qbcd0X72DFGCeuusO6g88eWs831+/Ijue65Qfwz8zC6/nidV/nS19an9u24Dq+eMfCsR+MiIiIiIiIiIiITCjDGad0t/3793PBBReMR9eT2r4t69k674vcMR7RXJFhnDx5kvr6+jHtc//+/VrQSkRERERERETedu65995h24xr5ur5PU15Hz+84//l0Ec3sN4PpO77Id/csYCPbphxnl+7iIiIiIiIiIjI+e3OO+8cts25URZgUlrIdRs+SvMDD3DHv/jbFvDRDevHpQSBiIiIiIiIiIiITC4Krp6JmhWs//qKsz0KEREREREREREROQvMsz0AERERERERERERkXORgqsiIiIiIiIiIiIio6DgqoiIiIiIiIiIiMgojGvNVcdxxrN7ERERERERERERkbNGmasiIiIiIiIiIiIio6DgqoiIiIiIiIiIiMgoKLgqIiIiIiIiIiIiMgoKroqIiIiIiIiIiIiMgoKrIiIiIiIiIiIiIqOg4KqIiIiIiIiIiIjIKCi4KiIiIiIiIiIiIjIKCq6KiIiIiIiIiIiIjEJovDqORqP09vaOV/ciUkQ0Gj3bQxARERERERERedsYt+BqPB7nh//yr4O2G4aRffk/m2Z+Aq1pmnnbvKZA7pjgVzAwML1+rUHnK2ZwH+XJ4JzR8QBuF5b/TQEbDHAcJ9vYPYWT135U5y05HCN4k/MYWEW35zO98dojOKv7/uauMzsYxu7Kztyg8Y3iGAeb4Hs3kj6DbR3Hyf5cqo//8lerRjBSERERERERERE5E+MWXJ0sHMcZMhDpB6nGMlhZnnIDbMYI2o618bsnpQOMDuXEHif+/Zp4ownsioiIiIiIiIjIxJnQ4Op4BcQmMsw20aHO/FtmAAaGMQ4jKOjSyP5feceN6L542amDYofnSTDRMAwFRkVERERERERE3gYmPHN1uADrUPuLTcU3DAOcMw+vDpfhGhhFqRn0Yyo3Fj9IN34nLdXzSM7ojKS9AY49uP1kDEf678OZBEsNjLxSD8HP2Uj79QO3CuCKiIiIiIiIiJx9ExJcDQZFBwVGS7TPb1e8r9xGvMjcxE4VH3UmrmGUjiQaQ+eADj7nWATYBl/HuGUZ+/0W9F9+cPvsGGkwMy+AWlCnN9jPUMHbwiBsYWB1Mt8vEREREREREZG3g3ENrhYGQof76n8f3J4fRCq9oJWbUWqUDDiNdPtIFAbIhu3ToeQCUu6c+cGBvPw+/esfUb7oMIwi4zeGDyp6gWLD/364sxgGjnNu1EwdLphaeA2l2peTuTpcNmuxwKoyV0VEREREREREzq4JDa7635cTXC0WKC2W9ZotC1DimFJjGu1+CrIQy8nELU+JwFyRPvO3jV2AbfD9Lj2GvNNnG5Z5nmDnjDxrdaKCioUBzNF+dsrJXM22LWMBNmWuioiIiIiIiIhMDhMSXA1+P1xwtXj70vvcb9zsQMMYPiuw2NhGws9CHHtOXr+Da64WH81El0IYa5M9+3Kia66OJLA62e+diIiIiIiIiMj5bsKCq4U/lwqsDg6+Ds7yG9yP4Qawhjj/5MvyG3lgbDTXUE7mZakgtLt5uAzJyXZfJ69SmasKkoqIiIiIiIiInJsmNLjqbxtqYSt/n2maXtApmJFavLxAqeBqqTGU2jfaBYuCP5fVhwHlB1cNDMMMtB964SOfP45ysneLZU+629z7XzgFPe9nL2vYKRjbaIKG5R4z3PT64RaHKtdwC0+VfY1G/vHF7mU5/fjPhAKyIiIiIiIiIiKTw7gGV4dTTg3LYrUlywmUjaY+Zln9Zv+v+HFjlSFbPHhW5oJZgTamaZbdNsiyLG+7G9DzX4XjGy47uXRw1xjUptRYihkqyDhW78FQQcyxPEcp5SyopSCriIiIiIiIiMjZM6HB1VILVRVrk/u5jH6z0c7zfYq6EXiBG2wtb0X7oYJwlmGCH0AFDMcBxwbDy0j1jjW9/gwvYOtVDXD7dmz8crTBALSDV9rByV1B4fvkGEb2HMNfkYiIiIiIiIiIyOQw4WUBiu0rVuvHaGoAACAASURBVBYgl5VXul3e1zICrGOSbThE1upYKpXpCcFAqVNW8Nnvr2SANZBdanj9uy8AO7u9+HH59XGNQWPPfw/dtvnXg+OUF0XPNs9f2GkijSaL2pW7x+Vk2xa7NpUEEBERERERERGZXMY9uFo45XvwglUM+j5/2+Bp5eUEVkcadCu73qfbeER9j6VgLdVs2dMS2cCFU/n9toV9ZTI2pmlimuagTFfDsLLbbNvGtu1sv25tXAvTtAAHx7Hz3ptS9zNXz7XIeN2Dh7wH53qAcbhA6lBB4+C+sxFcFhERERERERGRnOELcp6hYEC1MLBaapv/vdfDkPsNw8guGGQYpQONoxlT0XYlgsDlnHekRtJvsbqo5fYbPK7U+WzbzttfGIwNvk9+n6XHmj/ecsc9kmsa6lpG0++ZdVJ+Fvdw5xzuHyREZOTan/h7dh8rsa91K89vLXy9yK4uoL2V51/cTdcIztW1+0Web20f4lyttOcfwAuF20TE1bWbF7ZuLfIcdrHrxcCzOsRz1LX7xRLPsdvHC7u7st+XeHRLaKd169ZBz/tQvwNE3paO/ZQXn/g/xfd17eYF/zkeA+2t/jM9aI+eVxEROSNnpSzAUBmsI/l5qKnzowk8lXNMsQWtRtrHSBQGHfMXqHIzQIdadMnP8iy1aJRhGDimk+03mBkb/N5va1lWXlDVth1s2x1H8NKLZcwWWxCrcEyGYZRdc7XcKfaF2bhnS7mfjXID5MpcFTlDx37Ki5/ZR/TKP4WfrOLFuh9z5VW1g9tVL+bapobB22c2cW2RzWemh7d2d9GwdOZYdyxynooQIUZHF8z0H5uuA8SIEPGbzFzKVavP0vB69rOrq4FGPdIig7Q/sYr9fJQo+3jxIz+n/ke3Mub/WR0JPa8iIjJKExJcLb1ifOksvWIBsVJZe4ZhjHpRq/EOho5ln4VZtI7jYNsZwMlO1/f3BYOgbjs7m33qOE7ePjNkeQtTgePkMlQdh2y/4AZ2g+fwRpfXp7u4VXbgbsXVQcFwv55rvtEEVt9OwcXgNZ/tQLHIeWHW1Vz5o/9D60fWwf0vc+WlIzy+vZXn91ex/MqlnGjdylvxCIlEgsjcZVy14AAv7DxMAoAIc5ddSeOJVnYcTgBv8HwrRQO2kepqOPwquxZcWfyPu/ZWnn+jJ/vjjMWraWrIjWVu9DCHewCqWbKsire8MUTmLuMqP2DbtTswtmqWrG46u3/MipyRKLW1cWIHctHVrgMxqK2l6nDMbdK1mxd29vOf/M969jmKMKM6v7f21q3s6QEi1cwodcqynyG3/8Ov7qbryqUUe6S7dr/o/V5w289d5j777a1beatqLlWHD3MCoHoxy6v2e21z7ci7HiAyl+UlziUy2TR8+mVmvPD37PzF+1j2o6tH+LntYteLO8k9PoHPft5/K91ndMbuF91nu2cnLxD4b2KWnlcRERm9cS4LkMto9GNgueBgbn8uSzKX/ZgLKA7uL8gwjNyK9SXaDDnC0UxJdwpe4yUw5d7xgp+2bWP7tUn9fd5Xt72BYZhg5I5xL8/b7i45FViwysAyrWww1d9mmibhcJiKigoqwmHCoRAGBul0moH4APH+OAPxATLpNAYOlmViAKYZDHO7742dscmkM2QyGexMBsd2MA0DyzIJWRaWaXrHjPcNHb23UxBX5O0jxu67n6Lq8R9T9f3SpQHKlaCW5atXc9VS2PXqYaoWr+ba1au5dnGUw3vaoaGJ5XMjpTNhAaqWsHQubvtCXbt54Y04c5e5/S6fG+HE/sB05sRh4nNWc+3qZcyN9LBnZz//afVqrl1cTeLwHm9KdDutO3NjW1Ldw54RljYQmWwumB4lETvgfY676IhB7YLpxRt37eaFN3qYsXg1166+jGg8Edj1Int6qlmyejXXXlZFf6JYByN7hqJLLmMuhyn2SNPeyo7DUfd8q1ezpDqR9+wnDvczZ/Vqrl02l0jPG+zorx/cLu/3wjLmcpgdmsYs54rfP8bOjptY/fF97CxVGqCE9tadHI4udv87u3oxMxL+c9ZOa95/K+O8tbuLmUuvZEl1wT82FtDzKiIiozWumauFcgFVyM8wLdw2/FTvfMEV6Yv1P3YKo9GF4cC8uqND9DPc6LLHGv50fRvb9gPBNuC4gUzDXVTKCgcyUb0M0nQ67f4cqJHq9pWbyg9ghEIYholh2NlFqQzDIhQKYRluv5lMhmQySSKRJp1OY9tuu1AoRCQSwTLcRa0wwDHIBlAdxyGTcQOr/v0xTTMbtPX7TqVS7vUZuSDxcAoD8cO3L6cm7FhnPjsFX8vrs1hW7nClFkRkpGpZ+rV/dL/1vxbT8wbPb30j+2M2W7RQdHrx7JOGkZUPmLm0nhlb36C1vYGmGXk78qY2z5wehVjwyGrmNADM5IIoxGqXuNl0M6qI0O82aT/CCapZ4o2nYclc3trZzwlQ5oycuxrmMOON/W5pAA4Qo5alM2FPsbYn+klE5rLUe1Ya66t5fr+/K0Fk7mXuczNzKf+p+jBvFR4/4mfIO8cbrbQ3NOVnwxb8bphRFcF/VAGonuONZTpVxKj1Thps13UgRiJSS93M4PWcoqvkeEQmkUtvZfWlAH/mfS1fQ9PqQMb4DKIRiBdpN3PplVxVdq96XkVEZHQmNLgKxaf2j2SxH3db6X3B48qtXTka4x7SCkypzwuM2g4ZO+NN189lAltWCMsys9sdJ4Ntuxmllml6wVM/M9UOnMggHk9gWRaWZWEYFo5jk06nSafS2cCsf55oNBqot5orNZBOp73ODRzbdoOspp/NamJZIQzDrdFqGJDJ2MTj8UCJAQPDBMPxMmiLvi1jd9dLv+/Ft090CYLx/vyKyAgMlWkaEKny/wybSeOVi93FMd6AkU+9b6Bp8RGe37+broJ5ydkpy7mT5n1fchpznh72bN0aCDxFOKm/7OSc1sCc6jc4cgK6TsVIROtLfpy7TsWBqmJ7OFlq1yAjfIYamlhyZCtv7e5iacE586Y1AwTKFOR+pwwjcZgdWw/nbdI/mMh5L688h8t9YhpoWnaKF3Zu5XkY+dR7Pa8iIjIK41xztVjVgdKLWQVXng+uPj9s/Civ5urgoG2wZmmpGq5DbSvG8YdJqXDcMEMuo4XhuNdlYHiBT/eowkxQAwNsL4vWi5uaWIQtf7CGF9w0sG2bZCpDIpFgYGCATCZDJBzGtu1sn+AGRA3AsfMzTrOlAioqME2TUCiUzZRNJhJeVNR0x2SYgINluVmwfpYquMHYVCoN4GbIWu4x2RIHI7mXJRasmhyBRwOnzKCwMlFFzicNNK32wqntrTz/4m5mXLl06EPyDl/C3P072b0n8Jdbe6s3ZTlQN3L/KIamGm9yHmqYU82eI7vpiCeYUd8AFJ9qOzjjO7vHzfgu52SjeIbcDNdXCT7SXbtf5TBzWb7a7atr94vs6C/ZRWll/gOQyPmji12vHoa5y7h26Uz8wGc2c3XmUq5a7f43t2v3i+xobR/RM6LnVURERmqca64ObfTBzckQNBtfRiC47E+t9xeXsiyLiooKQqEQjuOQSCTo6+ujt7eX06dPE4/HyWQy2YCsXyIgmUwyMDBAX18fp06doqenh1gsxptvvsn//t//m127dvHrX/+a1157jd///ve8vud1Xn/9dX7/+9+zd+9e3nrrLQ4ePMiRI0fo6uri5MmT9Pf3Z4O0VdGpTJ06lcrKSgDSqTSpVIpUKkUikSCdTmcD6242a/6iW/5aWAovisi5rZ3WrS+yK1iEsVTJgJJm0njZXOjpoWjZR7rYtb+n6J4hNcwJ1KVz/zh8fmtriTCUyDlkRhWRnsMcTvjlMUrIewbyn6OGOYH6xF27eavYIzbaZ2jmUpbOhRM9xZ9oaGfP4VL7huh2QS2Rnv3Z3zftrVt5XnWU5e2mfU8uo7RrNy8UPJNlZ5X69LyKiMgITXDN1fysVX9b4fflTNnOO67E9qHOMVSbodjDNxkj/oJTuUW3giUC/MCkZVl5i3L5wVc/U9QPvvb29nLixAl6enro6emhr6+PgYEB0uk0mVSKTCYz6Bzue+XWTjUwCIfDVFZWUlVVxdSpU5k2bRpTp00lGq2kMhIlGp1CtDLqBnMzGRwvazVYViA41nA47C7O5YDtOO67aADG6MKrkyNTdTA3i7fMtoHs1WKZrMF6rMpyFZmsvGn9/pREqlniZbHOnB6Fw2/wfCvDZ67MXMrSuTF2+LMHvWxWdzpyhLmL5xJ5Y6T1UgPTJd8AdxXjkZQsEJmkZi6gNnKYw9E5w3yevefzDfcZmDF3LhE/XdWbDuw+Y9XMnRspksk6+mdo5tLLmBvbyeHsz259ZXeKcDVLFldzwqu/WLaZS7lqcWvB7xtlpsv5JMHh7Ocb3GfuSq826k6ePwxUL2ZJdQ9vneqChqUsnfsiO/zSHZG5LL/SfSJmVEVIHN7JC5Re1Mqn51VEREbCcMYpQrN//37+509fyj9ZIHha7PvCNu7X4PFmiXYGRkESrmG4c+KHu7yRBuQco/zMyjNaMsnJX9TJz1otDH4GA3H+tH8/UzWRSJBIJDh58iTHjx/n8OHDdHV1cerUqWxg1bZtwqGQG0D1+vZLBLjZr+6iVRUhtxxAZWUllZWVTJkyhaqqKqqmVBGJVFAZiTJtWjUzZlRTWRnFMNzgaTi7aJW3uJZpZUsDWJaFA2RsGxwHwzTdWq1l3t+JNNTnaLjPkOMtQDaa8wXPW7it2Jg++L5l1NfXj+hcw9m/fz9/MmfOmPYpIiIiIiIiIjLZdZ84MWybs7KgVfmB1eC+QB+YZPNV/eKnJRa5GknwtJy2TsFYRqtkF4HrMQIn8+ua+m2cjIMVMjEsb6Err3RAKpUimUzS39fHqd5eDh06xPGuLnp6ejh58iTxeBzbtr1FsKxs5msquyBVfhkC03RrvIatEJZlEY1GqapyA6qOneFkzwmSySS27VBVNYUZM2qovmAG06ZNYdr0aUydOpWKcAWW5S5UZWcy+Pm/tu0vXOVks2QDN6H4rcnevdG/z/415g4eIvDp5D6LxYKZ5Zx3JJmrperGBrNVg19FREREREREROTsGecFrUoHf0ZSGqBoP2MV5RzqHGfa56iP8o90sgHPYCDa8QqTupmnmWxN076+PuLxOAMDA5w6dYoTJ05w6PBhTvT0ZDNVTdMkEokQDodxHMdd4CqZzAYuTS971a/napruglPRaJQpU6YwdepUpkyZQjhkkcmkSfenSCWTDAwk6O/v5/TpXrqOH2PatKlUV1/A9OkXMHXqFKZMmUJlZQTLcrNk3UvIgOMGjv3rHSpomF1ErCDGOZr3zsiP1g/uNH/nkOMaPnO1/KxVTfsXERERERERETl3jGtwtUieH/nBQ68OZ3ZfsF2x78mtKF8knpXrq7zR5O918mq3Dq2MDNdAYCwYfAtO4yeXiOpOi/dqmwI4tg1+nVI7F9izHRvHhkw6zUAiQTzeT29vLydPnqSnp4fe073E++P09ffTd/o0p/v7SCaSZLxs1ZAVcgOcppmd+p9MptxaraaJGbIIh8OELAvDcAOr4XCYKV7GamUkQihkYVkmhhEiEolkM2ETyQS9vSfpORGjqytMVTTK9OnTqZ5RTW3NDKqrZ3DBBRcQjlQQCoXBANt2MLBxANthyPfAwI81e2m9gftXeFypwGTuvXBynQ712TAGfzoHG7sgaDllLBR0FRERERERERGZHMY5uGoW2ZofYA22yQ+OlgiwBjJb80JM2S6LndM90/DjLWeq9TBhthLTuv19/v5QKIRt2+CYbiDVAdMw8+qmGoaBZVrZhaEymQyJeCKbpeoHVGOxGN3d3Zw+fZpEIuGWBkil3MWqMhkvqGp5C12FsSwLwzC9afiBRcYMA9uLWfrZq9kFrKqiVFZWEo1GCHmlBPzrc+u/QiqZpO90L6lUEtM0Od1rcupkN72nLqD35AlmzJhB7cyZTJ8+nQuqLyBSGcU0DGwnEwia5ha/Ct4z935YbtarYeB4/8u9I+UFvPOC24ZTzlGU2X1JheMrNzg61OJWxQL2IiIiIiIiIiIysSao5qrhxUTdr9lFqApqrha2y9/m/VSkbEBhmyFHUmrKeZkBqpKtnEAQLRjA83IqHS+/EggsHmVh4C1M5S3ylFcOgVxAzXEcEokEXV1ddHd303PiBMe970/2nKSvrw+AiooKQqGQ27eRwTDcxa8sK0Qo5NZN9bM83bqr7pR/27azC1ylkkkMP5PWC8xGIhEikQgV4QrAXTArlUoxMDDAQLyfeH8f8XgfqVTSzXgNm4QME9tO03e6l0wmSX/fKXpP9lBdU8Os+CxqZta6AdZssNe7L0Ywo9lxM3fJBXJt/73yPwsFNViLBSFzgVV/X+6zVsa7OwYGl7ko5zNXrG1hYFW1V0VEREREREREzo5xrrlqFfycXw7AzcYbHDDNX/QK/KDX4MWq3IWtyhxNNgBb2M/IAlSFpQ0KOE5gnxEIkHohQG9XKukGUyNhE8uySHuLSLl1Tk1Mw8TO2AwkBhgYGCCZTNJzoofOgwc5evSoG1Q9eYpEIulO6bcsKioqCFdUeMMwwALLcrJZqH5tUyfjkElnyHg1V207k5chaQQyaJPJJPF4nHDIcqf/42BZuZICmXSKTDqFY9uErRAZy8K2MxgZh3BliClVUSKVESzTvf6B/j5idppUYoBEMk7tzFlMnT6dcLjCC7yDYTjZMfkLbxmGQdpbsMt/353gDQ0ERvOvpWBBKNz+i7/d4xVcLT/4OdS0/zP73IqIiIiIiIiIyFiboMzV4oHTUu0GB1dL91fueYsF30ZniMBqEcHMUz/z0nHczE8AwuHs4lH+NsuysEyLZCJJf38/x44d4+jRoxw/doyjR47SHYtxqreXTMamoiLClCnuglGRSAQHSKVSucBkKIRp5YKl2aBoJkPatnFwyGTSmGZuIauKcMid+g8kk0m3bSpJNBolnUoSiVS4wU6v7ID/FRxvoSwT0zCIRMLMqK5m+rSpmKZBPB6nr6+P/t4EA339JJIJMmkH07KYNi1EKGzh2LY7Lm/8frataZoY2TqxdjZg7eC4tWmHuPcQ/Nw5GGbh/vGfVj9UBmq5Gaya/i8y9vr6+ojFYm7Wfip1tocj8rYRrqjANAxqa2uZMmXKqPvRMywy8cbq+QU9wyJnw1g+wyLimrDgajmKZ+KVCmYOHaA9W4qd2w+KmYaB5dc2NQy3hmoikauLGgphpzP0n+7j9Ok+t55qVxf/cfg/6Ozs5NSpU24gM5WmwgqRdjKQsUklksRNE9u2s4tRWZabNex/zdj2oOCcaYCNQTRaiWGZWIYXXPVKC9heUNWxbeLxuJvF2t9HKGRhmniLYSVJDgyQSqWwLIvKygjTpk4lEokQtkwMx2EgHscw3PswZcoUHMchk3Ho7+/nUGcnp+P9XHBBNZWVVVRGKqmsrCRcUUG4IuyVK4i7nw0z5GXg+inIJk4wWO+AX3M3k7EBsottBV8Ohfdi4oKWxYKkxeqpnp+B1Df5/qcf4VfFdtWv5St3r2LmMD10vfw1vrBzGV+5exUEvh98nHeuKz7Ht268uGQfw51Pzm+nT5/meFeX949KYSoikbM9JJG3lUwmw7Hjx7nQcZg6deqIj9czLHL2nOnzC3qGRc6msXiGRSRnUgVXRxIUPRenRAcXVPIzWJPJJKlUisrKSiKRCP2pPo4fP05nZyddXTFOnTpFd1eMo0ePMjAwQEVFBYY3nT8UChEOV2CF3ABqKpUik8m4ma+WheEFXDOZDOlMhoydyS6W5ThOrvqoYWKZJqbpL3rlBlht28Y0IJNOk0omSCaTDMT7cRzbWwwLcBwc2872OzAAkXAF06dOoypSmZ3qb5q5LGQHcDIZ4gMJ+vsHON0X50TVCSoqo+7iWVOnUjVlCtOmTyMajRIKhdz32svudRfQ8soCUJANSqA2q23jOOA4dq4kgvf/waCrTKR6bvzy3ayaqKjmrx7h+41P8PGLh28qbz/d3d3Z7HgRmXj+s9fd3T2qP+z0DIucPWf6/PrH6hkWOTvG4hkWkZxxrrlaWCM1ON0/P7BVWA6g2PEjOddoDdeP4xTf7804L8oMTFvPeAtX+QFQy7LIZNygZ39/P11dMTo7D9G+t52jR46SSCSydU9NB0KGiWH69VTd4GpFJIJlmqTSaQaSiWyA1bQsDMB2HNKZDLZje9cQWBDKNEgkHEJ2iHDIwfQyalMpt45qKpXC9mrB+vVZASzTJByysEIhLNOrD9s/QCqRpN/oI14ZpTIcYerUKJUVFYSsEGk7TV9/PwNeUHUgMUAynSHd6143QGU0ypRpU5kypYoZM2ZQU1ND9YwapkyZQkVF2A2SepmdjuNg+4Fix3EX7wrUaHUDqo4XYPXqsOIvLpZfA3jwm+cE9g1t+M/e4Ocg732QrMFZpW4GKp8bTYC0niuugF898gz/+YkbKXl418t89Z7N7A8clwsAv8n3P/0TLvrcMnY84rWpX8tX7p7Dz7JZuIUB4y5e/to9PON3WGZWrkw8x3EI6Q86kbPKsiySfqmkEdIzLHJ2ncnzC3qGRc62M32GRSRnQmuuFi5cFfx+JEHV0QVSvXqbJY4tL9BleBmbRUoVOKXrw5pe1qWfReoGA20syyIcDmMYcPp0H93d3XT+8SB//ONBjnd10d/fTzqdwnEgZFmYhollmdlAomW5r3DIDdLa2BgpvMWgbEw7g+m1d8gFVv3zg4GJSdq2/ZuQDaL6mZ92Ko3jZLC9mqqmYRAKme7UnXDYLRFghcCBsFVBJpMmZJqk0xn6++OETBMn4+AwQCqZJD4wQH88TiqdwbJCRCJhjFSKZCqFbducPn2avv4+KiIVblmEWIya2pnMmDGD6uoaqqqqqIxG3cCpFzS1szVawTBz9wdyGcKF0+79TNbsm5f3fgY/C2cns7VU+QDfuZi5fTZcdNXN3HjwHh5+pnFQeQAgG1i96HNP8PmLIRsYffJl/iwbEN3PMz9ZxleeeIKZXrD3C5+u58YvP8G3ZsKbz3yah194k1U3Xpw9fseyL/Otu73w8DOf5gvPzCl+fjmrkslkdhFAETl7RltnUc+wyNl3JnVS9QyLnH2qdSwyNiY0c7VwX7mZqmMRRHL7ONM6rcHFsXKZjUZwF2DiLh6Vbe24u01vdfu0bZNJpzFNwDZJJOIcP3qEjgMH+OOBPxKLddHfF/eyRB1M0yRSWUHItAiFLAzcafEYBqZlgAk2NraTIZNJk86kMC0T0whjWSa2Y+Nk3AxWN8jqDsi2MxiOg4NBKm0DIRzHJp1O43iX6C5YlcDEPVdFKEwIE8wQmBYYFjgmBhCqqCAaqsIEwiETw7SIJ5LEBxKk0ymSqSTplFuewDBMwmELTAPTMrFsNyM1nUqRiA/Q19dHz4mTHKs4ztSjx6itrWXu3PnMnDmTGTU1VFZWYpgWRvb+G9ngtjvl3/E+XyaGkQuu+oFXN6M3k/feusd7C2UF4pqFQc2RfWb8voeutXr+1lkttJ9n7vk0z+Rtu4I7h8osPSMzWXXzWnbcU6I8wMxVfP6JVXnt/2xZPezMb3bFX/uB1ov5z1fAr/jrbKbqxY1XwE+O0MXFzHzzBZ5hLV8J1D24+MbPccWnf8LLV01gOQQRERERERERmRCTqubqSJQb2Brr7L5gMCy3kFLhQlGGG0A0TTdz0nbAyzS0LNNbDCpNJp2iL36a48ePsb9jPwcOHODYkWP09/fjOA6WFcIKWdnjIqEKb2p8bpEqG4dUOkk6nXbrt6YTONhuANEE0zIwHNPLVHXwElbd4KJtY9sONma2jqllWdi2E8iwdXDXhnIn06ecNI7jkE7bJEJurVbLyxINh0NYU6ZQWRnlgulTqQiHGYj309fXx8DAAJlMGtO0CIXCACSSSdKZNBkv7de0TCoM91+vE4kEAwMD9Pb2cqKnh5MnTzIwkKSvr49kKkV1dTVTp06joiKCZYW8vFzAyZUMCAbwzWxGq7vfLpqd6gfg7YJ9pT5DI/tsDZWNGhxb4b7spQ0RfD13slgnuOYqwMxV/Le1O/mCVx6gtmijgsW26pcN2WX9/OK9dB05CPt/xRc+vbnwCG4c2ahFRERERERE5Bww4Zmrw2WsFisTUE6/oxnbaDIFC4N2wYxIyNX0zLtOIzcd3w1iWqTSSXp7ezly5AgHDx7k4MGDdHV10dffj51xp+WbpkEoFPIWrgpTGa7wygi4mbHJdJpEMsFAYoCBgQE34xS3doppGtnFpPwp825Wph24fm/BJwAvEOzXKYVcbVjDiEAmjW3bpFJpkskUJmBaJiHvmJBleYtyudP9p0ydRiQcxrYz9PX1Y2ccwHSL1odCZDIZ+uNu/VUMCEUqCJkmoXAoG+j1A8YD8TjpdBrDMEkkEiSSSWbNmsWcOX/CBRdUUxGp8MZugWNka9gGF61y70muRIBjO27Wb9HPhZlbsKtEvdThtpUy3OeuVD3WobJeZXgzV93MjTvd8gBfmR/ckwuq1q/9Mt9aNdOr+3oGJ1ONVREREREREZG3jQnNXB1qgavg/nICrCM5T6l9xaZ7D3fOYK1Ox10pKa8/d1V7sosquYE8O3us4zikUklOnTrFf/zHf/CHP/yBQ4cO0dPTQzKZJGRZWBWRbJ/hcJhoNEpVVRVh08ouNuUGHt3szkQi4S5A5TgYXmAyGPz1a71mMu6UfAprjnrX7LeD3H7TNN1Ftxyw7ZSb6WpnsnmfjlcawLBCbqatV5Q+mUxhOGDbDqFQiIqKimw2bCadxnYcTMMNtqbtDJm0e17HdrKZppWVlRiGQSgVxnEcBgYSnDhxgoFEgr6+PjIZm3Q6wwXV1VRWRakIVwDuPfYXDgvWVw3WXjVNI3jpRT4jxYOc45UhOppFrs6dbNXJIFce4J/r63Ob39zFr8YwGDpzzkWwv5MYKLgqIiIiIiIinKGOggAAIABJREFU8jZw1jNXiwVcSx070nONpE2557NM061daucyQLMvv25nIJvV8Qqumt7U+WQyyenTvRw7eoxDnYeygdV0Ku1mX5LLIDVNk0gkQjQaZUpVFdgOvb299Pf3k0qlGEgmSSQTpL0V/sLhMFYolBfY9Rd7ygUVLbceqxdwNAyDjOMGE/02luVO3XeDrTZ2JkPGtnHcyrG5rE7DyAVZHQfbcTAMi3Q6zenTfaTDFZiWSVXVFEJWiIGBOAMDAyTTCa/sgUVlJEIyk3YDr7ZNhlxWpmVZVEYrCVWEvWxUcoFk2yZkhbKZtzUhi4qKCkwjl51aGGTOn3Jvkj/9v3g9VQMDOy/w7uUm+7egnA9NQaOhAqn+WIcqEXA+Z6y6wcmd/J+uVayaCV0v/4RfAVeMSedeeYDN+/On/QeDoW8+M3j/SFx8FTfWFyyg9eYz/O0jjGNdWZkYPex6spkjH9jINXXB7R1s2/gUu/wfG29iY14D97htne5P869Zz82N1cVP0bGNjU/BTRuvIdtDzy6ebN5GZ7Bd3jny+4fG7PE9u56keVvekYPaFPY/aHwF+xtvGvr6h7y+CVXq/RoN9xoZdO2TQM8unmz+De9afzPubQ+8H/OvYf3NjQz1bnRs28hTFH5mi+/v2fUkzb95V/E+B41DRGQMdWxj41O7Ahsa8/9bOZy831HB3+mT+Pe7iIicU85qzdWxW6hqAhkGTnZ1+kCg2HHAtrPT8t1goYPpLaoEbmCwp6eH48eO8cc/dnDkyBFOn+rFxCBSUYHtBWxDIYtIpJKKigiRSMTN+rRtkvGBbKZqIpEgkUqSSrvT9f0M08rKSiorK7OB1ZA3Bd/vm0CZgmQyiWmapNJuxqtlWdmX47ilB1LJNKlUyg1oYmNmSxu4C1C57RzS6QypdJpEKoVt26QzGZxoFVOnVlEZjVARqcCwDJLJJJm0TSKZcMccDoFpYllhNwBtuItzQS6T1vYCrxi5gPDAwABHjx0jlXazYU3DIGSYVFRUgm1jmaa77JiXxVq0fqkXCB9qITXHMcDx3m/TD64auYzlsj5/wQXQyvmIFQ+wFu4/L118I3de8Wke9ha9ql/7OW6sf4SDY9S9Xx4gu6CWf75Pe9VW69fylc9dwRceyQV4R3gGVt39OQ5++hH+NlvAdTwX7JKJkQtgNuZtd/8oO3LNejY2VmfbPbnLDzB6x825iY0313ntm9k2s9gfcR1se2oXhWfo2fcbyPY/WMe2ZrZxDes3ugGvnl1P0vzkLjcA1ngzG/O688e70vuDtINtzdsC/ReMzwusknd9G9mWDVj2sOvJ4PUPdX3nsjqu2bjxbA+iPB2/Z1cZQdVy1V2zkXPkykXkPNWxbSNP7Wrkpo0bs8HUnl1P0rzxSa4543/QOYd+v4uIyKR2Ti1oVSrLdSTHnCk/sOpPrXcDkW4g0/amopumSUVFBdhuADPlBRx7e3s5ePAgBw50EOs6Tm9vL47j5NVRDYVCVFVVMWXKVCoqIpimW2f05MmT9PeeJp12g53JZJJkKpkN5oZCoex4qqqqqKysJBx2s08TiUS2/igGJFMp+vv7s0HXSGWUcDjilSxIEY8PkE5n3Gn3qUygXEAuluh2ZXoxZQc389UNIGeypQQcEokUmXQGBzcL1rQsQuEQyVSSRCIBqSThigpC4QqwTGzHxnZy2bbpdJqBgQE3kzVcQSjkfmQTiQT9/XF6e08zMJCrOTtr1hymTp1K2g/MBjKM/ZIF7vuVcQOkJT4ehhcUd0YQFB3KSAOiwQBroaECr5PbxXz8ibuHb3XjE3wruPrTqiey385cdTffWuVvD3xf9rlmsuruJwgeNuh8wLeyp7yYjz/xRN6+i298gs/nb+Bbeadyj/l4qaHJOSWb/dnYSGPnrvydHb9nF43clP3LrprGDzSy7aV99DQ2Ut2zj990zueaj/p/DtZxaSM89fsOrqnLjz52bHsKGhuh4BQ9RzqZc2mJvxx7dvHSrvlcsz4XSBscUM0/x67517DeH29PF0eYz7sW+ke743upqwfqqunZ9xs6g+2969v40i5W3txIdUcb2zobuenm3PErr5lPc/D6gtlG86/hpnf9hqeOfICN1zAoW2hQFmXPLp78F/jozYHAcTYTd37gj+oOtm38PXOuOcK2bZ0w/328j5/z807gqY0cuWY9HzjSXJCh6Qa+f/Ou9dzc2DNoLPlZmoMzm/LHkp9B1bFtIy/NuYl3/eYpL6N4fkEAoDDbuCDjd5hsYjfQ4O1rzL3ZwTE1b9zmZRnnn6vxmms4sq0ww/T3ednHjUO9JwHuOLxrC2wvlTG9UQEMERmpjm1eYDU/S7W68WZuOrKRp9o6aMz+fhrNTIr83+/u7+9rmLNtW9HfiYW/vwf9Th1uNoiIiJy3zqngakkO5K34bhTuG9uTGeTX8vQVTse3TAPDhIyd4uTJkxzqPMSbb+yhs7PTnY7vBSz9wKdpmkSjUS644AKqqqoAg3g8Tl9fH6dOnWKgbyC3IJNjYFkhwhVhtx5rOIxhmu7CV5WVTJ8+nWg0SsoLpKbTbtkB27axvfGlUiksyyIaqSQajZJMeQtIDbjBVfdy3RquoVAoW2PWtsHO2KTxArY4hCyTcNjCth3CkQqmTJlCZbQSO52mt6+fZMILkFoG4XCYSGUltgGZtEM6ZZPJJMBIukFb77Y6XtZqOp12F7RKpjG97FwMyKRtUsleUskkfX19bmA34zBnzhw3uG0YWNnp/RTUxzW968nuzX5YTMPANLz30sgEjjGydXNF5O3iXdz0/7P3LrtxHena5vNFxDrkgRRlS1Xa/1YD2kDtmdEw0BwW0JMaalgXoIEvwJfAS/AFeKALqCFnbfSogJ5w4IF78pcbpf1D5aJtHSgyM1euteLQg4i1MpkidbAsqap2PEaKycx1jBWZdL75fu939AX3eMTxyY7yee8+u3rR2ZNT4E785eCQLy4pnY/47gQOH+wIVY+Oo4D12Xdc3sUZT07vcnp6xNGmLn8UuqL4+Tl/fJPPbVcIsRzc4g6P+fb7Mw6T8/S7E7jzYGuDd2697IB8fMoZwJNTuPv5pecPbt2B4+94dP8e985O+PrhyeaD6aNjjh4O9t/LQu6wb+4+4Yx7UUz9/lv4/I8bYfXbz/ny6Iu4v0fHHH11zK3xA/cJx6cPODoaxvZ/Z7odC/DoEB6m44qDx7ePD/nDF9GR+zZE8fBOmheDg+r40of/x8cPufPgiKPhvL/6Gr78gsODXTfzsL0/cfK7VK761TF3HhwRn77sBn50fMTD08GpnLbFXT4nCeu3jjn65s7oXL3sbI7Ln6TlR05OufPlEUcH6VgeHvPZa8ptLx/H5SHcFfiHZTOZTOZteRT/aF75fnTZWb9bSRLfO7/m7cXNx8ff8vk174mvfk999ft3JpPJZP61Ua9f5P2xm4P5bmyaEMnWf8PjQ++pELaXff1zL93kciOu7XzPoiioqgoR4eLigsViQVHEZk6Da/WHH37g4uIiCYGbrvZKKebzOZ9++im3bt1iPp/jvWO5XHBxcTGWtg8ZqkVRMJ/PuXHjBjdu3GB/f5+9vT3m8zmTyQSlFF3XjY7N4WZSJuvgrp1Op5RlQVmWYwRBVVXUdU1V1RhjLgnGPjXGIsUDlGXJZDJlOptS1xOqqsIYvWnkJUKZBODJZDJuT3QUkquqHN21bdvSdvFn13UxSzaEtI9JPKayBIn5ssP5eh84Ozvjhx9+4PHjx/ztb39jsVhg+x5gFJW7tqVrY0btlXnAW3NmNxv42lkn8vrbMC9/QY7w7i2TyXxYDg4P3zzTjUf8+fgxh3/YLcmO5fRHRw85OXyw8yHrjJNvTrn/+6v2csbp48fw+ZccHR1xdPQl908fcnT8aLPInVtw8nV6/oijr0+ulAof/fmYx4d/2CmfvMf9oy/5/Nuv0vrfcOfLzYfAg999zt2Th2x2d8bJNzsC8674enCHu8PSyfk6ntq933P/7mbRe58d8vjb7+Pxnj3h9O4hh3zL9/EBvv+W5Kp9xJ+P4f4ft8b13n0eHJ7wzcnmbA8/e8WVuvcZh5zw3aOtYzv87C2u7UC6xg824uPB4R+5f/fysbB9ne/9nvt3o4gNBxx+cXTJCXrwu8/ZGpbdA+f+0XBNkjg/zq8DDv94/xXrPuK7k7tb4xadxy+xNS/isZzy5BV689nJ19FJ9ibRA4Pr7Itr7NSZTCZzLWfxO7w7rxdHz06+4eTuff44/pG7x/0Hhzw+/jOPXrnmFVz7nviG76kj2+/fmUwmk/lX54M6V391ceiS6/AVi/2KRsPdBkkCSDqOQcjs+xYl4L2jbVua1YqffvyRn378kbZtUSIUSoNEZ2pZFuiq5NYnN/n01icURcFq2bC8WPDi+RmL8wsI4FG4EDDaUE0m7O/PY5ZpcpaWVTXGA/Q7wuJwc86Nz5VlmcTOqLH74NM6AkSB1PkAQWAwsqZx8AL6UkRAFKn7vie4mANr+xpTGBQpe1bHrFZVGOi7JEqrUYAMPrlyk+SvlMIYs5mkyoyNvsqqpKomQMxfdd7RLFc8e/qMwhQAo/haVdUoKO9GOAzxDsNz27dhvg7RD8AmuzZxXen+r8VVza9el8mayWQ+Bqkc8fABRy99kIqC2iFRmDr6etMU6OzkT3z7+R+52kC5mwUXxbRvv/qGk99/we8ATh7yp/tfcnQUP+o9Oj4imiS3ha9rHLOpfHF0WPKI46Mjvh7KGA8O+eLBKUcPj1J55F3uP7jP3YenbzQiZ6eP4c4fto7jgN99fheG1Q/ucHdwwSaX6menX/FdfIBvSa7csyec8piTr4443tnH3Tc2RO5EHpw+frUYe+1JpSiFy4oyt+7sHNclMSA+//g0iqsD2+X9jM6nFK0wjPl287Kr9n1wi51d7xzrHS6lShzc4S5vdv2u5PExDx8Dh394vTC95VzO2kImk3mfvPz3hnd/v3tpJ697T33F+3cmk8lk/uX54LEA20LUqxoJver3rWd4w37tRPHz9cf0OrzzqbHRRvCSpG855xBiWXlRxEZSi8WC58+ecf7iHGstZVmilUbS8l3bUpUls8mETz65yd58znq95sWL2Pjq7PkZTbOO4qCO2axFcovO53too+m6diP0imCtHZ2uQ/zAcOutpWmaMQd2cLiGEGj7nvV6Tdf1gBDgUmapUgq/dd7Oe8S5McM0iskKvEvZr3V0wxYFk7qiLItYqp+yT/u+x7mN6xcgSCCw2ef2vk1ZURQbh602BSKK/f39sXGVs5az58/HvNZBoC3LcsygHc49bLlBh7EazndbZN0WXsfs2l+Bq4TTq57PZDL/6GwJq6/5IHXwu8+5e/wt358dcsgJf/r2c/74xVuULO6KaYcPLpU83vv9fe5+lbY/PDxkw+5qq8lZOkbCJqfP0cM/8+gwOTPv3efoaEvBfHTM8d07mw+wp5sy/rjRU15O27zuXH7H53eP+e7RfT5L2bL3bh3GTNrPTuHz3299UN7NLb10Jm+0u3ufHfL4m+85O7zFdyeHfPaRKtVHUfVuKi1NXawHxrL6R8ccPXzI0UnK7fvdxzneyxzy4Ogzvjt6yPFnr3JkbZqlZW0hk8n8Mq7+YuofmWvfv3PuaiaTyfzL88FiAX6JqPqm23vd41E4e+NNvxI/CKo7sQBRtOtYrxuKokiNlwLPnz/j9PSUtl1T1xWz2ZS6rkaRz7keYxT7N/a5ceMGZVnSdR3n5+csVwu83+p0L2CMoShKtI6O0+Ch7yzrdcd63b5067p+bE7V95Z23dK2HX1vY8Mq62JjqPMLzl+cs1wuaZomiqxttxFqlUKUpBtED2vAe4t1PX3f0TQrlssFL87PeX52xtOnz3j27BlnL85Yrpb0tkelXNihiZcIlFWRmnjNmE3jbTqZUFcVZWpiVRQFk6pmPp2xv7/PbDajTNuZ1HWKMaho25bnz5/z808/8fNPP/Hk5yc8f/ac1XKJ7XqEKNSKCFoUCoGwJZSLYoiKcEk43nWN/tpl+u+yrRwbkMl8ZM5O+HrIedtVkR4dc3R0fG1J4tn33/L48TFfDSX9D0+AEx4efc3J2TXrJ+fMrYOUb3r65LXSYsys+yUl8NdsK0UBHMRPvZf2f/bkdNzXwZ27Lx3f2em29BqdrKdPTqLYGVfi7ukTTr473TTaStmwp28Xjfoy9z7j8PG3fH/yHSe/dDyuPJZYurrN40sLbJe2prLSL484el1Z/b37HB0d8eX9uzE+4ap9nz253pd1cIs7uyX+byN+X8XdOxwkd9bJw+vn9tA87Y9ZUMhkMu/Avc8O4eS7K99rYiVIjMK56u/NO7/f7fI276m779+/5nFkMplM5h+SDyKuvkr0+fUFoauyUq97/G1vJGFObcSssO1y9NihJN5ammbF+fkLlssLlBJmsylFYfA+NmkKIVBWJdNZFBaLosA5x2q1Yr1ugJgtOplMqOqaoqgwpgCEvu9ZLJZcXFywWq1p1y3Nas1q1bBaNTTNmqaJLlTnfBJXHW3b0bU9fe+w1tF1lnWzZrFYslwuWa/X9H1P3/dj7qlzDh98ig3wY9Op8acamoglITLmBBDCRnBeNivath3PaTqdJkF1ynQ6YTqdMJlMmNQ108mE6WTKpI6/D07VwhQUxqBEjQKpS07c8/Nzzs8vWK1WdF1H13UsF0uePX3Kzz/9xNMnT7m4uLgUl6CVRg2RCD7gfbhU/u+cvySubguYuz/feHa+g4iayWT+0di48650pdz7/U4W5xknf9pknx4cfrHJSj064ujBIdEZmByaKSd0d33u/z65Sn/PfY7501bW56M/H/P47uf8bmMlvTaz7uB3n3P38TF/Hj+1PuL44Ql3h+2fnfD1IPRCys+8u8mHfen8Uh5pKrc/OPwDh9vbf3S8VQafjuHWHR4fH3MyuGEPbnHn8THHp9vncJWYFyMMjt8qTO8enx0+5vj4ZCcS4IA7d+Hku/FA+fMV3e6vO5azkz9x/PiQP2zPgZNvtsbtzzvPbwukcQ5t9rZ7Xmd8/+1j7n7+u42o+c2Qq5vm0+vO909by+9m5v5ChpzZh1dcgLfKZM1kMplXkfK1H+580RgbAW4yzoe/N3/a+nt06e/Zr3Mwr3lPfdX7dyaTyWT+1XmvsQC/RFR9E9HqdbEB279vV1y/mz4ViMmiGpEwNikKDLmboFK5/3IZhcoXZ89p1y1aa6qqGsXKoSy/Kkv29+d8cvMTppMptresmhWr1TKV6ntEQaGLWEqvYum8946miSKspOZOxhR0fU/oeqyL5fYQqOuaoigIPrBu1zTrNet1i/MuCYt2jBLoncV5T3Rupp8MmaJxewIgMfpAKUErFc9bAuJVKvkPaK0oCgPBE7yn61rW7ZqJrdFGx7J+rZIQ7SCAs7FUn20X5liqH1AqRhysmwZTGERprLUsFgsuFos0phNuHNygMAbv3CioDuX9xhjKeiuD1cdIg+0YBdI1jbEJ0cW6GYM0AK+Yfy/PnMtl/9fFAWxnqL7q9ZHzVjOZfwzOTr6JuWrHX3F0KQz0MHWOP+DwiwecHm09/1YZbPe4f/SA4931R5HugMMvvoSvt56/e38nb/WMGEV3xUe7g0Pi6lsdl7e3P2SubmWdHj442irNf/n87t7/MnVJTsf/5f2t7R9yeAiX5L0kIJ+OHz5jNuoJlxtlHRx+wYPTIx4ebdY+fPCqsvToij1+eHQpriG6oOBy3OqQZRtLOOGQBw8OOfnmmi0ffsGXfM1XYx7ucL23OLzD6XjeMdLg3jAmDw4v59h++YDDrx7y7fdnHB7uPs+lazKMw1dpwA/v3+fu42+5jnv3v+T+11/tLH/KrXf+pL8Zs+PPjri/JeZ//+1j4PGlawVwdCk/OJPJZN6Me/eP+PLO9nsuDF9Ebt53X/57+T7K8V/9nvrq9+9MJpPJ/Gsj4T0pNH/961/5v/7v/+fyznbyLXfv7y5z1bqXHiOWcA+/XV5u15TreTfC1j2PliivDo2itFYIga7r+Pvf/87Tp09Zr5aUZYlzjmfPnvHTzz/x5MnPnJ+dExzsz/e4dfsTfvvb3zKfz9Fa8/zF83H9IftUSSx/R0Vna9dZuq6n61qKwrC/v09dT7CuZ73u6G2Hd7FkvyxritIAQt91NOs1Xd8DHqX0eF7OOVwIsex/LI0PO4r0IPzFpldKFEZrTIoMUAGM1lEQLgqqqowipe1RSphMaubzOXVdoUWlRlHQti2u77G9jbELKpbua63HfFbnHNaFMVtVa01RVXS95cWLFywWC9q2Y2++z82bN5nP59HZ6j1FWXDz5k1++9vf8pvf/Ib5/h6TyYSyqADoncWmCACl4rwZ9jM0Kdt+fJhnrxNCN2MWb7si6/b2ruLylwQbB+3uz23+z9//H/zHf/zHK47n7fnrX//Kv925tmVKJvNPy1/+8hdm8/nHPoz/Vjw6PuIhH7HJx6Njjr777L3u/6Of46s4O+Hrr075w64YfA2Pjo/45s77zwtcLhb853/+51uvl1/DmczH55e+fuFf4DX8lu+pmcw/Iu/yGs5k/rvw7Pnz1y7zwRpaXSesXrfMVY+/9Fi44rH3RnQuCknoYnMuWkfH6nrd8OzZM/72t8c8f/6cuiyZTCYEAqvVkhdnZ3RdF/NGlVCWJbPZjLquCSFwfn7O06dPOTs7o+t6jIm5qpIu0yDkehdwNmaoRpEvPte1PavVaswK9d7Ttn08vtTYylqLZxARY9yBSPxdKUGbKMSGeIKjiBiCJ+A390PAB4fFE3wUZAut8QFwELXIgqoq0JMyiqEph7ZtW4LzFEWBUmoUV511+BAIwiVxNYQQowpSduzoMtWarrcsl9Hp27YtwTNm1sZjDJjCpPiEFU3TcPu3v+H27duomR7jBbbnzqaBVYw22HW07s631zpXw7D81W7VzXKv/p5j17WaowIymUzm7Xj03QmHH6uT1QcnNlpjy+H76M/HPD588IYiQMqSzd+tZTKZDO/+nprJZDKZf2U+iLj6ITJXr22YFUa/JSJXiVeyveg1z27KwYWAClxyrQLYvuf09JRHf/0rPz/5CWct+//j3/Hes1gsOD9/QdOs8N5jjLmU7dn3PW275uzsjIvzc9q225Sx6wLvJTaYsoMoGkVHYwxKqTEXtWkamqa55MDs+55ALOOPonBAknAZBVWFMbE8H6VQWuF9wDk/LjdkrQ6Crfee4B3Bx4xZB2gELRV+FBCjCGpMajZVVxitcL2l67rxWJVSMdPVxu3FfaRSeiXjPp1zuGQ+1kohSmG7jq63Y36tEkXTNLRty/n5+Xh+ZVnStS2r1YrVakXf95SmQCtNWVYoY8Y5M6zj/WDaDdd+IfBL5u4vLefPMQCZTCbzDpyd8PVX8UPw0X+bT8HXlKi+iaN2GC8OefBFLmnNZDKZd3pPzWQymcy/PP9wmavvut0No6SKIrx5KIAAYdj+RszahAwEkADBY/t+dIkuFgv+69F/8f9+9x0isL+/z3w6Zb1e8/zJE1aLBcE5xAd8iGLg4LZcraLo2jQNznmqKmaCTuoJRVHTth1N07JeNxhjMKYE8VRVdIRaGwXGZRIORSvUIApqgwz3iYKhMYayLKmqanRueh8dmp5Aby3ObUYsSEBrE0fRC+LAO48Dgo3iJ6KiCKtUOseAxyNaYcqCsqow2mBVdKC2qWGWUopB8w7Ox+06j/Pp5twoYGuto9vVCEqBURpMjBDo+x4RoVs0dLbH+0CZnMMooWlbVus1y2aFC56iKqnqSXLcqivmlI85slvNy3Zdq28meL48l96FLLJmMpl/Zu7d38p3/ZAcHPLF0eEH2dVHO8eruHefo6Nf4NT9gOOVyWQy/zT80vfUTCaTyfzL856dq1dJmgKXslKvY2hoFEZpNHkHkxgnG7lKktNRSI2mwrj84DyV5LyMAuPmGb/lTfVDOTwbIZLgkdRQSZtYOt92DoWgBayzPHv2nP/6X//F//f9/+T50yd8eusW8+kU7xzNcsm6WSF4ykLTdT0+BKbTGWVdYcqCpl1DCDTrNVoX3JjE/FXvPavVisViNXa57/sea20SX2uUUjTrNW3bgwimLHE+YNNJDQ23goviqTEarTQogwtxLIMD7wXrHNb19N7icQQRVIgiYu8tiB/HRZuCoqhQIvF3JVSFidc8BJTW6ELT9h1hBb21aF3EEn/rCVLQ9i0h9FRFiSD0vaXvLM56fNhcr7iPQHCOzjmcMTGDVmusdazbjt7GqICyquido+0ta+voVg2m6yiLAmMMq3XLz0+fcXDzKbd/+1vq2YTCO5DYnCuW7nskOWaBKFarGEPhfZpDSsU5s1vmP86epMEPs1RkCJW4NPcv57Befk3sSqjD+pufVy2VyWQymUwmk8lkMplMJpP5UHywzNXruDZ3dRQ9B6doIIqyYevZLRn1chJAlG8DSCpRFwlbLYWGfxWIg6CiyCoqCmghRMGQKCRKcqp66+i9je7PosB7WC4X/P1vj/lfjx7x048/sl6vqYuS0hhI5fOSxDoVAhJiM6z9/T3q6YRJPWHdrrHWopTBmIK6rgFhtWpYLlcsl0tCiCXrXdcB8X4U7OLQDG2TPIKXgAtplJTgUQTxSADnA857ehfds140Kiisi+X6vbc4fDx5BaELhODAKEQCWgSjNNoYiqKkKstYYm9AvMf5Hu/iNXM+0Kw7mrZHSYNSMYrAW0/f9rHM30MXHARw1mOtx1m3iTCQdA2UQBJc111Dq1uUNjjv6foe5wLKGJQxGG3oXGxU5XuLcS6NkeB94MWLc05//JFbt28znU6pipKiMIjEmIZNo6o4t4ZmUqNjdBz3sCOVptm50fe3Z/Y4d19aYXuRVzLsLQwBrm+yUiaTyWQymUwmk8lkMplM5j3x0cXV60lO1MHxJ7HAf3gqkkqzt1eLHae2fa0bn59cJ0VF9+WmjhxlAAAgAElEQVQgmjGIaWn/SiSWuTuLKEFroe86nj15yqO//pW//OV/cnp6iu069mYzZpMJs8mEQhu0COIDwTqctQTvKKuagxt7VJMJGk3wDg3oPY0xBSKK9bqlbzvWzZr1ukVrDUrH00+uysEF2/U91jk8gYBKoqRClEZphYaYZ+qjBGutxTtPL4IShVEG6xxt3+GCH897aMDk8WA9SgmiFB6P944QHErAGMFoPQqrbWvxvsf7KFT7UYRUKATvortVRJLRtY1xA9tj7+MyqJjSEBiaTHm8c+B9zIYNITbqctHZqpwDpREELTpGIiAQBO8C3jm8a3jy5Bl/+9sPHBwcsDfboyqrNK6B4AOiBKVSI7CwaaKFCJ5BtE+zZ/cLgjTRhABBdtypOzPvHcr8c0RAJvNulGX5sQ8hk8kQX4u/pFFjfg1nMh+fX/r6HdbNZDIfl3d5DWcymQ0fVVx95QtYdpYLmwflimUubW9w9aVfQ3rsWplLLm97FK3CjkArAB7v4fmzZ/zt8WP+69EjfvjhB5pVg1aK6WRKXVXUdYVKsQLW9nRdi3M9WiuqogDvcG1HZx3KaCZVjdKazlqWixWLiyVN06Syc6G3DqWHTvZgncc2TRQYvU8NoFQ6RkFpjUpNr0SE4Adh0eGdxfl+FDiNLvAEHFGsDARwIEEQJUmkleha1Qohbqtr14h3+L6kMAZCLO23XY8LfhRKPcldGzzBReE0RhQY8GCtQwIYpVCy5ViONmJ8GscorqbGV6SNShR2lQIfYhBF8B6tNEqXyS07yPIB6xzBB1arNT/88CP//u//zu1PbzOdzLbmGYgolI7iqu1das4VXy672atXzsFhvspWGMCvJIZmUTWT+XUQEZxz8curTCbzURi+vPylTSLzaziT+Xi8y+sX8ms4k/nYvOtrOJPJbPhI4upQxD7oY9dEA0iSQ8cGUxvxdJBCw+g63Vp/exvBb4qpx1Lq7SPY2bRSqBDdi8H72JQpZY1qJVFUtD1Pnzzh9O8/8OTJzzFTNeWOai1UVYnRir5vWafu9c5ZlCjqqqYqDOdnzwkonLXc/PQW9axGlGLVNFwsLlgsVzgX0EkgXXcd3jqU1gSIImEAlIBWKFEEFd29nhAjDpJ/VySJpCHGGwSX3JcpY9aFmK866IE+RJVSEZ2qSoSyMDEpQAS8I3iHdZZge1zXUpgCrQoCqfGULqNLNUTx13tP8BB0SFXtglKCtz6qoiGk5lbxygjRpTpepUHsDi7moaZz0cZgihJtDD7E3Njehxg5IJqiLKMg7TzOWQQPHlxvWZxfsFo2tOsO51yMWkChFGht0MZEQXgrFkDSHLr07d4YZbGZTJIc1G/Cu7pX4/BksTWTeVs++eQTfn7yBCB/sMtkPgLOOay13L516xetn1/DmczH411fv5Bfw5nMx+TXeA1nMpkNH9G5OohBb9bYStiKBdh6bhRgr9v6EAUw/pSxUVIYu1Zt1lFbMQAuWHxwKBXQAkoUvYOuWfPs6RN+/vknLs5f4L2jKkuqoqAqDbNpTWE0y8WC1WqBsz1lUVAYw2RSA/DixQusi6Xt8/kerp6C93Rdh7U2iqJKIcogqicgOBcQ74CYEStaxZuKEQDDuQXvCSk7Nth4/JKCQDf5rJLyTIUgjA2kQojnOZTFa6XRIuig0RLFagKpbN8l0TYKrt4HtDKYooiipmicc/TW4rCgFFrr1KAq5p86sRglBOujmBo8AY+SQFCDPAxKQoreVaBjdqwPMQO21IqiLAgIvRWkd9gkvGtABXBJMJYghOCxvcX2PX3bs163WOsoinhcWuvoXFXqpYZVcQptxNDtWIrrZvKlWNX35F7N3zZmMm/PfD5HRHj69Cmdc/Qp0zqTybx/iqJAKcVvbt9mNpv9om3k13Am83H4NV6/kF/DmczH4td6DWcymQ0fVFy9WgC6uqOPbLsBt8q142MyllrvbmUUESGKcVfkrA6C2Et5rYNgpgTliQ7QJMRqFcVI5xzrdcNysaBpVgiBsjAUxlBXJZO6YjqpKYoCay3OWYrCUJV7lIVBKaHreoKPWaHeBZr1GlOsEKVxPlCUFS5out5ifUfvPB6FDz4KrOJRhUGUJqjYtEqGBlfeE5I4POSWioqioYTYsGlo2uTT+MpQsp+sq0opjDZRCFXJGdnH7FXBI8FB8AgBo4RSCVoJwfko/to47j45RsU5lI9NxQzRCau0pCxVjdOCVxZnt3NuVbpuUVBXEpKTNuW+jmMh6CIe55Cr6ySgjcY6wNl41M7H8fB+FFe991hrsbZPQuUmZ3ZwrJKE4O1mVmwJq2/Me9A+s2s1k3l3ZrNZ/p/KTOYj8Gvlu+XXcCbz4fk18xnzaziT+fDkjNVM5tfnvYqrb+bSe43vTwRecqxes7ySsRL7ureK7TeRy8LqZbdrFPkGoS+V1uNpm4bVYkG3bii1Zn8+p+97vPej6zWEgJIAeMqyZG8+H4XVtm3pektZ10jvaJqW8/MLeuupJlOUKSnrGX1Y07c9TWdpOhfL3JXGBz86Vb1SyZEryZEaxgZSg7MzeIs4RrFy7HqfImkVAfFxhFVqHiZBEA+xfl4QCZvMVCx4S/AWLQHnFNZ5UDZGpBLoiaU9OmWWDhkMQcD2a1RysBpjUEpRKHAKglZIKNBER6ooATziA0pi3qw2CmOiS9cHUuYsuADOe5QXCAoXhOAczkWh3TuHtz42/RIgqCQ0O7x3QIi5rT7gfMxlVSbFIig1zp3LIv51f5iiUBs2OuyVc/DXEkXzH8ZMJpPJ/LOR/3ZlMv+85NdvJvPPTX4NZzK/Pu/ZuRq2jX6/Ai+/CQwNnEZ1dGt/IfYTeumYBofmJqw1iWZhXCQ9LUkwjeJjbMhk6bsO711spDSZoJWwXjd473DeslicU5bR+TmZTKgKg0n5ndY6tDJMJjO0sbRdz2q9xolClRWTqsBoRWha1m1P2zs66/ABClOiTIFIas8k0bUKm0ZOPviYcRpCFA+tQxEIEh2j4xknR+ZQ6q+UoEWBF5zz+N5GgTK5TI3SiHcEbwm+J7gehwcVCFqwklyf4lEYKDXKlCgdhdCYk+rpnYMA2mikqtFlkXJdA2KEQmkKrTBaRdesgLjoktUmCrLTyZSiiPmuvXW0bUfTtqy7ni7E7bfWI8Furr+3eB/jFlAapUJsKuaigzVK07FhlnMuOm+9Rys1jtXYRGuYJq/4xu9DekmzczWTyWQymUwmk8lkMplM5uPw3sVV2MSaShIztzvSXe5OF156/mrZaEvQGrpV7XS0im7O7UzKTUV3CFFIi65EHZs6ufiYczHTVBGjAFRI6yrAwrpZ03cts+mE4B0hBNZNgQRH31vwjrZtWK0W3Lhxg8lkwnq9pm1b2nWLMSXVRGheLGk7S289vfdoJ1gnrHuH9Y5F07NqbWzOhCaI0Ce3qdEK0Todr40O1QAhuK0hiCX7QSsIbETiJMzK2CAqoLzDiEaFgHcO5QIqxIZWWgQVFKHrAY9KrlXBowWMUhilKAtNPSmoJxVVOUEXCqNSs6kUUG9dT9e1Y1fCqqpQRo/zwCiNFkWhFFVZUJYFAU/oLRAwxlCWJdNpFFe1NgSEtutZNg3LZcP5+YInZy9g7XBe6HsXc1N1PPfoURW8sygVaFYxF/dicQ7MY1asjo2xgvfjsQ1RC7uO1SvF1eGxMUlgk01xVU7qLynLyIJqJpPJZDKZTCaTyWQymczH5yM2tPp12c5gFbaaXIlKbkM/mg43ea7RjTiIrd6D0rsbE7QCCDjboVQstZ9Pp1RFQde1KAJ9N0HrjrquYyyAUsmtGmjbNgpoSiiqiqA0bXfGqm1x6RitCyybNUXQoAwugPVgbcA6H4U8FcvoA7EZFCqVn3sfM0WDS4JfQLHJqxUJCOmx4FPOaowNiBmpFqxNzayEQpnoOPWB4HrEQWU0iEJUAUFQEqKgWpdMJgWTSclsXqffa4oyiqpaxSMJIbppg6ScVKVA6+TmjY5SozVVUTItKqqqxBgFPmD7OH7GaMqyYFpPKcqKoqwwpsB5T9OseX52zk8//QziCc/PsQ68jdmpWoUUgyB4wEuga1vOz1/w/PkzDm7eoCwLyqrEaDNm8g75tDmXJpPJZDKZTCaTyWQymUwms8sHFldT+OZG+rtmmbHV0ma57cZUIbC7/tD1fnw4bETFTRRAGF2EEtsjvaZ8O2anKlGIt1hrkRDQWrG/Pyd4z/n5OavlAq2Eqi6Z782oygqtNZ3tuVhccPb8BX1vKYqC6WSK0p6+d7TrHtEGEKz3tIsllYWimuCdj+X/ogaDKTo114onE+Iw4cE6grOxyZSANoJGxaxUPOJ9Ele3YgEI8XHrEB+jAwRBa0OhFEZUFCk16K1S/bI0VKVmUpVMZzU39ufs7c2YziqqSlOUmrquqasaUVGcdC429hKlKKuKsiwwZZx6vbX01kbnqjHUZcW0rCmMiU2vnKfvO/AeUygKU1CmuAFtCoqiRHRs/vX0+RlFoVn3a1brjr7vCQ6UC/Q+NuTyPhCUQtC0XcPZ82f8+OOM+d6cejJhOp9TaoUh5sU653BJlY8NrlIUxWCF3hLih1nLK2b3VbxZNvGr189kMplMJpPJZDKZTCaTyXx4PrhzdVsI2o4GuJoxMJPtplbCsB5J7Ipl21t12GNaQAiDS3XYDogkwZXoSPTDdrWOgqtPEvBWp/jgHcE5tMB8OkWA9XqNs5Z109C2LWVdURYlZVniCZy/eMHfT3/k2dPnlFXNJ598gmhDsD29s/TOUpU1wXts72i6Ho8BFR2vWmuUUjHOwMW816AEpULKXQ0o7yE4JMSCdy2KAlCSckR9jCqQ1CRqOxoAFUDHZlFGK4zo5DYVVAiIlih2TidM6pqqLJjPpkwmNdNpxWw2YW9vzmw+pao0PnSIgrIoKMsSELq+GzNqy6pkf3+fyWxKXVeghD65VrXRFEVBaQpKVaBVzHD13kVR27uxEVZZlITUzEq0xhQFQRT1dELf91yslqyalhA8BE/TtvjO0XkXxzFoMAFn4ezFGaYsme/tcXDzJrdu30ZrHedFyq29NCN3dP2kt16asa+SOt9VSN3eTiaTyWQymUwmk8lkMplM5uPywcTVy6IqbPJY1ZXLbkSolMM6/mSTqbq1ThS9ZHM/9bcibBo4XW58tXEjDutqpQnex5tEJ2cUWx0hdZQvi4KD/T0WiwXrZsVqtaRpVrTtGl0Yur7DFCVd13N+fsHTp884Ozvnk08LlClwPpb/d73Fueh1jO7O1EgpBIIPWBebLQkBrWJZfXSbuuhOZRDxQmy+FDtuofHoACr4KC766GjVApqYa2qUj3mzQcBojMRGUYU2GK3RSqNEMKKYz2bs39jn5o0b1FXJfD5nMqmp64qqLplMKuq6whhFb6OgqbWiKApEoLclzlqQQFXXL4mrLjhUEkiLwlAWJYUqUh5sPIfgfSrmT5EHorHW0fUuRhkYjSjNXoDbt2+xWDV0nQWE3nZ0fTsK0GMsgI/zYL1ec3FxwfmLc5pmHR9PPl7r3DhhlUpNxHbmatiSU99U7tzOWt19bDOfc6ZqJpPJZDKZTCaTyWQymcw/Ou9VXH2Vu25bYH3j7W3dhjXDeF9GwXS7THs7gGDbNbjJWh2eUygRgqjYGGoUdjeNnwiesjQQFGfPn7FYXNC16yQCBrqu48WLc7QpKQKs246m7eidw5QVdT3FeVgsV7Rdh7WWvmvprcW5EJ2yxC71fdvSNk3sWC+CaIUoQcsgoIYoAQaPDy65NB0qhOg6DQHBofAoFTBKUWhFaRRFYSiMxiiDCJQmiptlUVKVJXVZxoZSpmA6nbI3n3Nw4wZVVTKbTamqmrIsKFLTqaKMoqwPHu89SgllWaDU0KwKlFFx+aqkrKqYRysBLzFmQRuDUhqtDVoUPgnakq6DkkEI9wQf0KZAlwHvA857vAdTFNw4OOB/23KbrlZLVssVK9YoIKjocg4uQBCcdXRtx2oV3cfOObwPeBebm23cwzJm8740t7cn5HVz9wrH6qtcrK9zpmbxNZPJZDKZTCaTyWQymUzm4/NBYwFeFoxeFwuw1ZSJrWCAkByDg411DGS9nM865KwOjsfYJz5mZkZh6/J+hiZGogQJEHwY9yMQHa3B47qOrm1x1qJ1zBjtrKXtOrquZzbfRymN0oqiLDGFpSwrtClomjWrpqHve6ztaVZLXACURkThnKVt17Rti+276CBVKmXEEjNgg0c8CD7dt9HZGmL5vxEwWmJzKlNQGqHQmrosqKqSuqqoq5K6qDFGU1QlRVlSVSWTumY2nTKb1tRJcK2rkul0SlGUVHUVz8kYtDaYwmCMwRgNKHxq5lWWhsKUMWJAK3QRx0OUij9F8PiYX6qSgzk5ljdXRFJ2bnKtBg9BxVJ9LRRGxyZZfY/tYmRCPZ1yE3DWY3vLYrGkaTva3uJCS/CCT5ECpBnhnKdtW5pmTdt2yUGcrr+O8RBKxf1KCJeO81Ui5+4z1wmsL633FsJpFlkzmUwmk8lkMplMJpPJZD4eHzxzdRuR1zn0dsutw9bDcumZMThg2F7wUShFUiE4l5aNgquMxtRkGUVphRJNcB5vHV482gjBKZxzrJYrmuUFXdtSFiXTSXQ4rruO5aqhWbesVkvquqaqKubzOdYFlDZY51k1DU3TEEJcr22XKFOgTYmowLpZEYJEt6siCr0QRb1AEhjjWAgehU+POZQEjBKqUlOXhrKIP+vSUFcls0nFtJ4wm02ZTafMpzPKsqKYxmMty4K6rphOJkynFYWObl6tNIUxaGPQRRFdpjo5TVXMaY2NuTQBQSnBJGesUkmsVird34prEBX1UwKBKDyOjmYRUCq5VSU5WIdWXNsTaJO5K0owpaLyFbdufUrwga7vcSHQW4d98gzb9HF9kbRPcM7RNGuWiyWrVcPenovRCEpDiE3QVDqWqxqpvWr6bqVVjMu/ThB901zW0YWdBdZMJpPJZDKZTCaTyWQymY/ChxNXB1PpWzTiGd2lV3QJeqkSOwmuMTHzpd0mz+og1ioCKgpyw7ZCYOj3rlQS3aJ9FREDEh2O63XDYrnAFJr5bEogsGoUhdbRWxoCbdNgraUsa27cuIGIoSpLuq5luVzQNA0APgT63mJEo1R0xVrb4VxAtMJok6IOUgSABDTEBlQpQ1UjKFFoURgNVaGY1TXzSUFdFkzqkklVMKlKZtNJFFVnM2azGXuzGWVdUU2nlFVFWZYUhaasDEUZhdHR3iuC0hptiiSsFkmAjCKraBObh6nYFExphSI144LkFo2nE8YLozfiatg0sPJR9oyu1SET129fZhUbWqWmU6AQpVEh4EKcN9V0ys1bn/A/2jVN03B+ccFiuaJpe8THa2ydEAg4H2jblvWqideu7zETg0ITiFm7g/ArSS295FzdcUAP6RRvmXrxWq4SXbPAmslkMplMJpPJZDKZTCbz8Xi/mas7vaq2s0+vE1lF9OXmVwCooZVVwu/oVkOJvyRHYtgSVTft3IVUjh4kiXkKoxUSwHqXjjcmtWotoIVgQyoT96nBUUAbxcHBAU2z5nx5gbU9RWG4cWOP6WSChEDXrJnUM3576za/+fQ3WOc5XyxYr2MkQG/tGAcAm8ZaPkUP4EIUGRUYoymNYVLEW1kYSq3Q4lHBogUqo5nUhlldMq0KZlVBVWimVUFpNIU2TOohEqCiqgx1KRgTKLWj1I5C9xjl0XgMDlEyCokhuU6RDi9+a3Tj2IsHdMpYTSJzEFCx5j+K1SGW+aMGR/Egnkf13EsYkgAIxAZeXlIkQhKZvU/LhIB3DhC0NoQAfe+i+KwUQRT1dML+jTm3b93k355/wsXFOYtmje2F1gacI14DgeAtIfTpp0uu6jS3nMMFnxpbDc7oYcXNnN7EVkhqpPaya3pY9lVkoTSTyWQymUwmk8lkMplM5p+DDxsLkMr0N7++gYtV2BFWd22BgxtVGBWxANG/OkQDhNSaatPMaqg8D8nHKmNZeiDKeeCH2M/UsGroGl+lhkzGaCaTmulkGo9AFGECPghloSkLw3w+IwAvXixYr1asViu6vqXvHdZavAsEreMB+cEpG1AaikJTlQVVcp7uTWrm0wnTsqTQoPFIsGjx1MYwn5TMpxWzqqA2isIIpdYYFXNby8JQFIbSFJhCURlBazASxdShsF9LdI6O8QlKIcqQgl4hCAFHCHGMETU6bAfZO4SAkk0DqE1Jf1RP/XDlUjzA2GBMhSElN+0/jOZZhWxZX30SyKNzV0QDDhFBax1FawnM92fcvn2T8/PbPH12xs/PL2gWLb4bjkARfGqM5RzeW8CjVIwb8D6Jy8OsC5vzkdfO4V9fJB3cq9v73f09k8lkMplMJpPJZDKZTCbzYfhg4uolN+ob3L+eNxOs4rY2Ze2jC3HsgzXsy4/iXQg+ug7T01qp6JxMjkpTaIqiIARL33XgPTfme4iHF+fnrLsepTQBhTGGoihQIrTWslwtefHiBYvFIjWr6vHOJXkv5aZCzDnVmqIsmc6m3Nifsz+fMq0r9mcTDm7sM6tqjApgO7At4i2lVsymFXuTmmllMMnVWkhqgpWEYa0URmnQgpYogGrxaBXvizgYohh8dJmCim7QS8J4AAnjomPJeqybj85SGEVaSSL16DK+1FAsldgTReyQxEwJSVBNSrhPYyQSvcuegFYK0YIKICqglFCIxiexe382Rd++xXLZcPrzM/Z+PuNs7QjEZmTBx30756KjuO9TwywFHtQvEkhDOt9fsOor2BVUdx/LZDKZTCaTyWQymUwmk8l8WD5qQ6s3Y1Pgvy2sDq7ToZHVqzcxJqtuuRCTpzIEvN9ytYaY+wkeQhTrBmHWpJyDrm25WK8REWbTOZ9+WkbT6WJBCIHJZI4pCpwnlqIvGs6eP2e9XhGcQ0Is9UcqBChNEZtCiWBMQVVXTKZT9m/scfv2p3xycINJVTCtS27u7zEpClTw2PUK164IrkNLYFJoJqWm1KBCdJ8qiR5eFTwqBFQaRuVjpikeJAgKnXJOU8cpT0o+1SjnQQ9jF4VW0riIhBQXwCYflyiQbtTFzdiOV9JvxMExNzT5XoNsrqgLmwxd2VIrY4xCGF2b8RY2ztUU5WCURGF6PuPG3oz5bEr5fEmpLX3QaBXFYOc8bdvRNC19b1MUQTym0eb81mzP3bdc8w2bWmUymUwmk8lkMplMJpPJZD4e7zdzdRCkomJ2qSnVy467qNDtdlZ/lS41NLWS1DU+rqxi+frg7NsSVSE+PGw3bJWcb5d4O+fwwaG8o0gSo3PRVdmtWy7OXrBcLqknNQf7B5ii5PziArUQOmcxOjpc22XDYrFksVixXjd47ymLgul0QlUOzZhAJ3FQa82knjCbT9nbm3Pz5k3+7d9+y6ef3qSuNJXWTOqKUilwFlsJvhVcZ8BZjHi0OMRvHKmFUqkZFmgVEOWik1UHtNJo5RHxgI2jGVRSmIHU0MmjUD5ljuoororS6abGbN0oqF5uIRZkI1xv3xvujNdjmCa87PgMIQxXEdlemYAMInISkuNYgrc+dtDCY7RiNqnY35uxP59R1S+oWovvUm6qDzhradZrlqsV665LSakbYT1NyGsFT7nivsjW/HqLnNWrhNVLDbSuWC8LsZlMJpPJZDKZTCaTyWQyH54P6ly9nJ0aH7lqKbhCjBqU1PTcrpQ0bnusIlep/HwQVv1Ylj40vhriO0UUamimRCB4T3AWCZ4gAecdfR9L+ZvVisViQd/3TCYTjDGxZN7HBkveOtq2xQVPu14DHlMYjDZoUZRFgVI6ts1SCoXC2x7vA8Zo5klY3dufc2N/xsH+nE8O9qjrkkIkxgYET7BQhgJPgROH7z0qeIwEtAoUCgoV81b14GBVsSGTKJVcsqC0oJRHiUeiX5M0FIQYAUvA46xHaQVaENEoncTVZFv1KSl1UMdFZKOzAsG/3Njp0vUbBPLteRFg4zNO1zg1tBqPlQDegY+OYD24ab1DvIV0HavCsDebsTefxQZfRtPa2BDLe0tvLU3TsFguads2RRwM4u/l49wVQneOejMNQ0im6de7XnPJfyaTyWQymUwmk8lkMpnMPx/vV1zdydSErSxUZBSPNo9tL7NZdRDYBpF0kNquFmc3+5OhND1si7Hb2xpCBULMFk36XhQUN5v3zmH7HucsXdvStR1lWTCbTimKAmsttu9iVmcIMbeT6IYsjEGpgtWqQVTMPS2VQhtDWZYYMbTdGttZTGHYm07Ym02Y1iVlodDKYxRMSkOpNQoPzhN8IGgIGpwCr2N5v0YwCkpFbHqlQEPMXNUqxRwoRBRaSRRXtRAr/YcGUZIyVhUhxKZOwQKikKABg7ARVjdu0xAFVQFRqfnUMOpJyR68q2rLDTpcY0n/bpswJV0IIV0YhizWdIFCSOMRc2uVxEwDwaHwOG8J3mO0sDebcmNvRlXEsSyM4EJ0G9u+Y5WE8/V6jQ8eNVhyxzm1Pa+umXpbs/J9l/Zf52b9R+Xvp6cf+xAymUwmk8lkMplMJpPJ/Dfj3+7cea/bf8/O1asF002ptew8fo1YuuVavfLp0fUo1yyfOr6Hzf0xEjSJgjIeDwSlAI0OsaGRCyEKp4MQGwJ1VTObzijLgr7vooiHBwGtdXS0aocyJmaaquSzTBmhZVEwnUwoTYFZC51Kgu2kZlqXVIVCvMX1LbZbo0IVmzfhCc7HkvPU1gni70J0bhohiYypvD8ZSpVsMmSVEMVVJSil4/El0VUpjRaNF413SYL26RZU8oxqCOqyGDqaT6PgqtL19Gmgty9JGKMaBrFbbUWUDiEA8f4ojQ/9sghRXE2rB+8J3o25sgEfG1FJwAdHcA6jYFqXzKcTqtJQFgWFd4gH2wvORcdx0zTReewc7Iiou6L/lfNwPMEtEf9V3wOMi7+ZQDoIttvC7T+Lw/V9v5llMplMJpPJZDKZTNnthqIAACAASURBVCaTyXxo/nEbWg3W0SuE0vhDUvm/jCXjIQms2z5VEUG2FcZL248CoE+iZwjR6alEIdpQiEKcpXMO7310hiqN0Zq6rqnrGq00w15FBNFCXddUkzpKfAHaLq7vgx9LxYvSUFcls+kUvEMHqMrYtGpalWgdc1W7dUO7XmL7mtKAUinLM4mnwae4g5Q9akTQCiC6OQPghyFLJfUqdbkKEoXPKPom0VQUSvQongoxR1Wl3/ECg8gaUier8abGMd2+cJLiFnYF8svNqNIojjrqRmCVIAQ2zbiGWaCHax8cKpXx4y2CQ6dGW0HASsxkrQrNdFJTlwWF0VRe0EFw1qBE4aylW8eGVoNoiwfRvLa0/9cWOF+Vuwovi7H/LAJrJpPJZDKZTCaTyWQymcy/Eh9JXN12rKprl0mSJZtWR5t1oxaXxLWhFH1YbTsncyhXH6ME0sNJmBVRBA/eW1zwECS6P7XCaI13FttbbNfjeosgGG0oTBw65xzOuejU1FGYrCcTyrrCeuh7S9tZvHcEH8VCYwx1XVHXFXvzOV2zAmepS0NVGqqyQCTEnNd2Tbde0bczQqnRyoCOLlLr/bh/vEfreAwiITVziiLcULbv/CDKEq2rQaJ4GKL7NArEBtAxCgBJAqtCYQhBEbzgnSApXkCpFA0gCk+0xMrgAGbjV5VUyx+SmBsNwCG5ZdP1GiMABlvxxgcbwlYzq9TgSjZWWUTFcwiuxweH4KPAanTMY8WjFaNr1WhFVRqUB1dWNGaFIPhhLNN5bbT8txMv37Zkf3v5LJRmMplMJpPJZDKZTCaTyfxz8F7F1V8mEm1KsTfrb9dV74hVO3mtGwKXRdmdp8Zy9tTRPUhsSkXYRAOEgHOetu1YLRv6doV1Fq01IQS6rgURVk1D73q0MUwmU8qqJEgUURHBtF2MCigMSmkm0wnz+Zz9vX1u3NhnvVygfGy6VBVRXCU4XB9wtqdvWrp2jasrxBgU4ADnLH3f4Z2N5fB6k4GqJB6/6Ng4S9RQoq4JoontqzSiFB6NQhOCwQdN8DIK1+FSDmoSZFN5vqT1RDRBYGxrFe2m0Ug6jG8SRTfX8+XrIymmVZJ4emlOEDZZuOM/8ehIGbHOCcE7vO3RWkUBWIEjoEJAQmzsVWhNVZYEr5DeY42mMFEw1yaKvQpBGY3Hx/zZ14mlYRN7IGyd6jjh3uy18LY5re871zWTyWQymUwmk8lkMplMJnM9H9S5OjRAerXQdNXzsvVolOw2Dal25VO/UbfGYNXd7b9MSIKeGkvUA96DdwHbW9p1S7NYELyjLAtEQdd3OO9Zr9cEH5hMJty8eRPE4AiUZYlYizEmCqq9pe8tdVUxn8+4sT9nb3/OxfMJdt1gtKLQmlIbQOGMIfhA37aslyvasqI2mqCE4Hx0lqacVCQg2hCUBuVT3y+FLg2FVmNpvg/gQiztTxoq3oIiCojeBkSF6DQd8kJVFGjjvmQMXgh+WCZdn8CY/RpCcsmKxG2FbSF1I55uYgEUCoWEMDauGq78EBngURAcgxU3JCFciUQxWQQf4nG5YOOxJNdqjElwBGchOJREYVbhMUqY1BWTaU1dlYgIvbWUWqG1Tkd8NaOwKW8qn745byqcZoE1k8lkMplMJpPJZDKZTObj8MHE1TdysW43RtptdDU+F4hRAtuu1l38KJCK2iohT0GjAXmp/DqEgFaG0ujYDCpYnLM455GUndp1HYURJtMJRVHgvMe6Dmujm3U6nbJ3Y4/nLy5QuqAqC8JaMEXBfG+OKMVyuUIEyrKgqiqqskQbwQeL7T2263D2/2fv3YEkuQ4z3e88M7Me3T0PQKAEiJhdXc3u1caubsTIkIyBowhdgw4VsgAaNLAclwE6IOHAoUSHCLmDoEFjAWtDdGAsI+QAsSEaF4YMycANhQa7gMiZQfdMT9crM89rjZNVXd3zBAjMAOT5GD3TnSczK6vqDJL913/+v8+xBFLio8N7R9d2dKsVrdHU1gKgtQFb4wVZOEQO6bICKXUWThG4mJfNkwQh5oIugkDGhI6CAKjBjpp0TgyQgJA5ZkApvRFXpRBZAA2RRCAkscmAFTJkETUHwyJkjlgAQZKDxJnW2avHoupaYJWIXNIV43Ge7rZ6Pgi7MQ3vaLbPDvvl8wol0Ui6doUkF1xl0Tx7emOMBB/wrsM56EMWksejiul0yrhpEETa1YKQIqO62kzOxEkh84SguWVOXce/flYeVFa1/ZhfxVKrQqFQKBQKhUKhUCgUCoXfJB6TuLrOVX2QAPSg7NXTP2/nr265CkXcCHAnHatr5Wuwaqa1GCU255Ay54cqbZBEggsEFxERjDbYQdC0lWUyqkBA5xze+6FZHmKKm5+1qYZjJL3zOO8JMeLiUD61FsNSJIVIcJ6UEiutN3mgKYV87QliTDnbNWXXrlQaYSzJB0KMxOSIKRKGhFShFVpJrM7CaCIRQySGQHSBEGLOgPUBHTxKQ4igYkKpiFIRmTQahRAROThGY5QkshAqktg4U4UaslFFdp2uxVzSOlA1P18pRBZY1+9MSpvXLxERMQ1OU0gpRxskuSWCMyiX69gCkaMHYghZlBVZzHZ9h4gRkSIS0EKipUJLBtcqRD+8BkKgjaaqDMYYSNB1HVJJks3iatoyVN/LKVp8o4VCoVAoFAqFQqFQKBQKv308xsxVcY9tdx1x1895/6H0aJPRuak24oTAKo635qEhk3MT97leji62zi02Ts/1SRM5azWGgCDlvFSlUUpjjaVpGrq+J/gVvetx3uNjZLFcEoVAaYvUObOz0RofI23boZRmPB6jpEQg6J2jXa1wrt8sf08h4LseSUJrgdEKa+2mQGswdSKlyuJqiIQYc5lTbqciCQlSI5QGpbMFNSWiDKQoiUngoyPEREwBi0aLQPQCg0APZVNq834lQoooqZBaIJQAKQZXa0JKgZQCIQJpiAjYpABsOToF2bmaYiSltUCZSCnhk0ci0EKgNrm7MVtO4/F7GknZVSvIz0tATAGfYs6elRKpJNZaksu5tDFmkVophdYGpRRSKYwRQ75sGq5/HUEQBxH7foL/8TzeOEdPjPFrq60PW+q/Hi+RAIVCoVAoFAqFQqFQKBQKT47H5Fw9VU+05Rq9a88TcQBb27bLkETajJ+sSLq3qnUshJ1+XIEYHLPriNYYI8TsaJTDkvWU0iBgZiGQBN5nN6r3nkTet+s6Ouc599RTCCnw3uUl8lIglMRYg5U1Ugi61ZL5bEa/XDCbzQkxYK3NQqoxaK1RCozRVNoghcxL2kMgRRBIlLGIdNwwn4InpUCIibb3eB/RKqAGV64QEqEMpqlQKZKiIJCIMRCHCIHIkM0qQJLF1xQSKfQIoZE+IZVHKYvWCazMQm8aRFCRiCJmt2kUg7AtBodpdsfGmLZiVSMxR6IiEzlPdhCfhRCIlOMI8nuURd51eda2nzWuxxIoJFIrgoPgA8F7YsruZK1VLrsiIaXESIUcUiZymkFCIFBCYo3Jrt+tsqr7Ik7+sP0ZwmeVPk/HVmxvP/1zoVAoFAqFQqFQKBQKhULh8fPYnavbP392UejYrXqXnDpsXHcxnX68YzE1DaJZykvuY0TKnEma1T6BVIoUJT4GvHP4EHDO4YLHuR7nHCGEjUjXeU/brrLgmmC1agkkQshL2Y01SKmJIdB3PX3XgXccHt7CCMmoqrCVpW4qlJJAdosKIYgh4LzEhUhEIJRGK4UUKpc4IfCuJ7iezrVE7xGs80Zldt5qg1AKhFp3QhFJJJGFTU8kpISPEhUjSoahLGpwyoqAlBEhPUoFjElZlE4pL+EXPmefMoirQ9hpTgeQQ9Zt7qtKSSCkPF76P3Rw+QCkiBRDTMMJCTW/jz4GEBEpQMnjuZAQhJTfTyVy/qyLQ2wCEpREqJwHm4b9pNEYpUCK7GiVWVCXUmB0fo1DjJBiFp4HVXg9d4/n8INcpus/7s/D3KfFoVooFAqFQqFQKBQKhUKh8OXjsRVa3Yu14zI7U7cdq8dL9jPxxHGb1f+bZf3kQqXt8bxxGD25jDuJQeRLkZiy6zGSEIMgt1ZnJdlxmkj46Gm7FmMSq1bT9j29c8SUsNaitaZ1jrBcEbzH956joxkh5uXlYXgKPjja5YrDO4e0iyWh75jfOaSxlulkhFISWxmUAOeyU9X7nOGKNCShCcIQZHa4ShWQKb8KPgSWLrBadnTLFd47YoxD7IFECIUYbJqJLG4KKdHWYKyhqQyVVWglchmUACVzsZaWCqk0SnqE8GgdSSEhUkIkj0mCJPzgKo6bJfZinY2KBKGyGxiVxU4hN+9h7sjK4m4QoIRCaw0ClMoCc84VEPiYhVGtsnCstMkiLhCDG1zICqE0wugsoKfBgaoUPgacdziXqIwZlHixEV2lEGipkUKhlMrbfRpk+WNx/ngOc2KOnZyreb49jAcVVz3omCK4FgqFQqFQKBQKhUKhUCg8OZ6ouLrmWFg6FkLvEqoEG6H05Ea5yWJNKeUiJThupF8XZYlBsBpa5ZOEFLOoGpF55bmUJCmG8+WcV4lCSEEk0oeezgv64IZIgJDb6bXGWJuXkQtJ8JGu7ejaNhdHCUFM4EOg7xyL+YI7tw/p2hWEgHM9Wskh5zNttD7IMQURgdQGYxuUbRDagrIkpbNjFUkXYd72HM6WzGdzFrM5fdcRgh/yWIdirCF/NqXs1BRSYaqKuqmYjGua2mC1RJFQIqGVwmpNbYa4AqXRymFNIMWASB6BRaBA+k0JlxqEVbG2EQ/iqhBmEFkNcRBMYwIXIz54QsihslJI1JBzq7VFSkkUgpgiLubyL60lwWpMUqTg6Vc90TuCSiRjssNXWyDhfaRPgc47Vl1L17b0Pdi6IcQAMBSGDQVXSh0Xo60/BNiaoyGF4yl7L+1UCNYfCpz8oODhPChL9XTWaokEKBQKhUKhUCgUCoVCoVB4cnyh4uqxOHQyg/LXiwQ4eZ7jP08it/bYlqjWDfN5UOScTWSOdBWDm1Pk7M28JF7npfQS4uB0BYHzHhc8la5RSiOlQkmNFJK+dyBWKKnwIdB1PV3Xs2o7VquW5XzB0dEdgnfUxqK1orIWaw1CyizyDZeotMbairqpaUYTxpMJo/EEW1UIkej6nvmq5c6dGQf7tzg4OGB254jFbEbX9Xjn8rJ21lEIbH1lGVkPWa/jkWXUVNRWY7XEKIE1mkprdsYTqqrK16k1dVVRu4oQKmKqSGiECJA8AEHkHFolJVKoITdVEQiAJMlAFNlFunKObohb8CHkMrEhPiC/T7mACiGz61gOAqhW1JVBK0lwHf1qiUiJkdVMxw1Gy8Gdq3DBsVitmC3mzBcLuq7D+fxaIyUxJnzwWVZXCilVLgHzgXhqyX9KaRCNt2fVvWbnVtnaI1KcqIVCoVAoFAqFQqFQKBQKXx0eu3P1uJH90x3zSArVA0584vDhfGLI64yoQSg7ueSboUF+nRsahizWhKDre7q+x9gqb4sQQsQ7x2qVc1cn0x188HjnWcwXzBYLlosly8WSxWyGFFAbi60qRuMRTdPkjM8QhpgCgTGGZjRiPJkw2Zky3d1l1IyRWtF2LV3vuDOb88n+AddvfML+/j6LoxnL+Zy+d0P+awS2Sq2EIqaE91nITAiUVNSVpq4NdWWorcIaRV1ZKmPYm6xomoZRU1NXhnFV0/QV3lekVJOociYrMYvSErSUIBVJKoRQpBiIyecl+iIQELSuZ7ZcsmxbOufxMeKCp3eeruvpnc85rAKkzEK3UBKpJFVlqGuLlgLfd/h2hdGK3fGYcGaX6aShbiwgCSHRtj3L5Yqu6/AhkOIQKyEEMfgcoTCItkorILtZUZLTPELFVaFQKBQKhUKhUCgUCoVC4Tecx1hodUzOxLxr5xMK6MPyJNdZnvccu8/2E9mX64dbF2MNS7cjkRgDBI8U68tK+BTofc5YTSR652i7DmMsbdcCguVyyWK5pA+Rqqo4e+4czntiCKyWS5azGatVS7tc0bYt1miUhLqqGDUNdV2hjYIYcymTkphBeB1NJkymY6bTCUpbfAisVi0Hh4f86sZNfvXLX3Hz5g2ODo9o23aIJAjHmauKITvVIGR+DJ8SnQssF0tIoLXAmiyqaiOwWmaHqjXM9naZjkeMRzXj2rJsLKPG0vUNPo4JoUJLUDJft1YSlEJoncVcJDEKQhC4kAhB4kNi3q64feeI+XKVC8G8Y962LFYr5vMFi+WSVesJKSKUQmuDraqcETuIvVYLguuI3jGqG87v7aFzyitSClCCGBKud3Rdj+sdMUTkuhRMKZJ3gEAPTmGjDQAx5VxZqdSmBC1PG3FCYN2OrNjM+89gzt7OBt7+fj1WIgEKhUKhUCgUCoVCoVAoFL48PCZx9f6Zk9sC0ekG9vuJR/csDnqA2LpN2v5G5GXykIhDS1aKER8jxIBJkiggAD4GOpdLrHwMhJQzQpftamiRh+Wype07OpddkDmDIOGdo12tWC2X9H1P8C7nlQqDUmpoqd96TsP3QkpsZambhqapqesaYzQxJVbtiluHt7l+8ya//NV1rt+4weHt23SrNouA5OXtWtvsVh2WxyMVCUlIAed7ut6TUEN8giQkRRcEXQisCCy7RG2ze3S56hiPaka1YdoYJuMK78ek6EihotIKoyXGKJLOwqpMEYQiJUEMgt5F2s7T9ZGu90OkwR1miyWdD7TBM+tajhYLDu8cMZvNWbY5MkAojTaW8WRMXVeMRyO68YjaaEgBRcJqgw+ervW0bUdVW5TNAq9SBiEU2aG8zpyVg1gJUkqMtVSV3bzOMaTj9+OUqJkYStQe4qz+rJmr9/u+RAcUCoVCoVAoFAqFQqFQKHw5+MLF1XuX8ty930OV0XsUWmXN6ljo+rQM8akkEilCFEMBkRQIoZFaIAkkEs5n5+p8tWS8akgpEUJgNptxNJvnPNCUl5E716OUYrFcZjfrYslqNSxHd44UI6OmYTyqmUzGaAnee5Zdi5RgtMZoTdPUjCYjRpOGejSiamq0NSyXHYvFnFu3brG/f8Ct23c4mi1oe08Secm8lAohBLWtkVJvFVllN2aMEBH4CCHJ4QUeskYFhJAIwSOdY9UHfIS2DyzbltpqVmNL21WE0BNiT4pjJo2lshqiRiSNBJSU+fVMkuADXduzWnQslx3L1rFcdSyXC7pVS9t7jvqW28s5s8WCo9mCRdvRdo6YQOiIjomYAn1rib0nuUBsaiqrqWpLZSq0NKyWLYJEjIF60uAhi8wIUsxCr5Eqv2c+4IIHIbA2xzRorel6R4wRhToxj8VQxCWRg5Ad75qf6wKs9RwV4u5ogZNzMW3+3v53s/1BwulrKCJroVAoFAqFQqFQKBQKhcKT5TEVWp3m0y9nvo+H9dGOvY92uy67Wjs9QQwOUo1IASEhBIcLAR/zEnvX9yyWK9rO0XaOVdsNS/hzqZXzAR8iXe84vH1Iu1rRrZZE75EklBRoqRiPRpzZ2+NrX/sapEDyAaMNWhuqyjKZTtjb2+XcuXPs7u3RNDVaKWKMLJdLDm7d4saNG3zyyU1ms0O861FKILRFKTVck2JUj9HG5PKqlJ9rjNA7n12cUrFc9Dk+YHC2omR2mw7ZrFEIOgeRgPOOlYbgDNE7SJE0xCikMCI0BiEalJYbwTvFSAiRvvesli2LxYrZ0ZL5qqXvfHYDt46+7+m7Ftf2BBcGcbhCmwqERNsKY212mCrFqK4YWcuoqhg1NTvjEdPRlMbWeOeZHTmc62jaBmENq1VH13X0fY9zjkoIYkykFAkhbPJW9cZJnE6InqfJMQHx4dNwiJJ48C6/3nihUCgUCoVCoVAoFAqFQuHx81jE1Qct/T/m/grVIxdaPQKbUw3K6rqQPg0FUkJKpBAQEykFYogEPyzzF7nMqm1bVuuvVYsQEm0SKXm89yilCSEwn81yK71zKCWprCWGAMBoNOLs2bP83te+RkqRrl1ijGbU1EyaEXt7u5w5s8fO3h7j8QShFBDpVi13Dg+5eeMmv/rlL7l54wZHd46IMWKMxRiD0jpfkzY0zQhrK6RQgCAlgY+Jvu+z+zYlXEg4F4gpERJ5sbtUue0eEFLRB0dIiR6PFZG4LsoSCVJApIiUADVGV1SVJCGJKTssnQu0Xcdq1bJctsxmC44WS4JPhJjoup62a3HOIUJEAVYZjFEIY1DaoKsaay1NVVObXLRVaU1TWcZNnTNh6xFGS7QSON8RQqDveySC4CMx5nkppUApSSQRU9y8v2rIYAWIMSHkseN0W+BMg/AaU0KK057qk+TkiUefwA8SdAuFwufLYrHg4OAgf3jm3JO+nELhtwZjLVIIzp07x3g8ftKXUygUngDlHlwoPH7K/bdQ+GJ4jJmrw1JpcdzQvi203n/Z9CO4U7f6g07LURuhKj/QUEQksjCYBFJLUpTEGDf7SiURQhGco29bukGcq6sK78JGVO17R0oCqRQCifMO5zzGWLTWtF1LimkjqmopIWY5t7KWcdNw5syZnFEaPSklrNHZ1Xpmj729XeqmQUpNiIEQAovFklu39tm/cZ2b13/F4a0Dgo8ordBSoKXMzk5TUVc1zWiMrSqU1HkJfIz4ENFG4YNjsVogBAg5ZMTKREiRmLIb12hDCIEUFN55ssQbESmiBEghSCFAilijqCtD7yNIjbYNQitC7/HR40Kkc0MUQNvRdwHvAs57ur5n1bb4GBBCooTGqIgwhqQ1dTOiakY09Yid6ZSd0ZhKa7QQVEphjcFqyaQZUdcWoyWd6+hDCzKL6DFGvM8OZFtXWFuRyK+JEIK6qZnu7KCVYrVqMUYPObTZ2bqeqyklkkhD5qrYzK+7i6cePnUfOK1PFVptby/5q4XCr898PueT/f1cZGdyWV6hUHh8hBC4+cknPJUSk8nkSV9OoVB4jJR7cKHw5Cj330Lh8+cxiavA6TzKU+Jq3uN0puqDC63S5qxiyE4dMi5PCU7rbFWR1hVEx0VEAkGSEiWyq5OUiDFBCKTgCd7jnRu+AtE7BJo0iI9aS5Q2gMD5LMAppdBaQwKlBVrlwiivNWkQcevKUjcVo1FN09RIkcU/o1TOWh1nUVRKSfCetuvoup5bt2/zyY0bHHzyCbM7d+jbFiUVCj3UhqUcPyByQZMQAmMMdd2glcF5z6prEZ3AGI1SEqESWubM2ET+j62PCaREAT5ERBIIJNZatAh4v+LwaEnXtoTdMU1d0YVEFAaURWiDMjVaK4TwJDQuSKTqiSxxIdH1jtWype0drvd0rscRCRJ8SqCy+1bVNc14TN2MGTfZnTpuxkxHDVYprBBUxtJUlrq2aK2QMmErQ+cNrV+x6Hu6riPEgJQSLTRKKfoYEUBd1+xMp0ynU2xVDe5WBUISQy46OzEf13NKbP38OXE6Z/X0v4NtYfV+/0a+nHzAf7vyBu/dc+wCL/3wVV44/wU86ltX+DGv8OZLFz//k/86fPAW33kDvnf1Je59Zfn14pWrfOtLdum/Kdy6dQut838LCoXC42f9b+/WrVvll7vHwj7v/ug13rq2teny6ftj3uejb67vPY/jXvTwx/jS3ssLn5lyDy4Unhzl/lsofP58oeLq58q9Cq14NE1rrT9ld2EcXLKCJLKYmpeDS2KAGAMhBkTySCHQWqNlzh7te4eCYbuhqgRCqiyAhghCbpbjG2NzJ/2wZFwrRfBuEzEwahpGo4amaRiNapRSpBgxSlJVFXbIFo0h4rqe5WzO0dGMG5/c5JMbN7h164B2tSQFn6MMUiKFSBAeIQQxBHxwxBRJKSKlyIVPWLTVVJUjpUTXdaShyKvrXXbkOkcMiSAEQeohM3R4LaVCCImPLa51+D5hjaFzCR8VQlfoqkHZGmVrjLWYFDE2IGRF20b0bEVMgt4FVp2j7R3BBVyIuBToUyAKkHVFEgKlDUJqrK2o6hFKaQSCylSMK4sWgnFVs7szBSIhOmIK1HWNQREWHr9c0PU9QubSKu+yIO+dRxrJdDpld2+PyWRCVa1jFI6dqHKIBzgW9k/NvGEybn9ogEjbQwXgixRRC4VPS0oJXX6pKxSeKEopeu+f9GX85rP/Ln/z2ttcu/wKb756LFB+8NYVvnPl8gM+6CsUvhjKPbhQeLKU+2+h8PnypRVX74oUuFc8gFhbB08LXWLjXj0hhqUtr+vg/IsxglRImUuMok95Cb+AylgqERnVNVZlkVFbg9GWaAVKBUAQU8L7HhBIpdHaYG2FkoIUIxLAaFK0eO9IMbAznbAzmTKdTqjrGmtyI72SEqM11liEEPR9z2q55OjOHQ4ODrjxq1/yyY0bHN2+Td+uSDHnnaYU8c5t4g1yWZXAWctqlcVBay2j8ZjxdIpSinPnznHu3Bn2Dz6hdz2f7B/gvIM2AIkYRBZrh9crppyN6oYCLoRGKnA+MV/29AGEqrD1mGo0pRpPaeoKCYTeg1hi5i3KWJCSICAOMQ1CKYxSBNcRnScpCVLlcSFxIZCERGqNVBqEQApJZSxWSZq6ZjIaE6Oj7RJt51CVRmtL5XNMg1YSYwxVXdMnT0yRzvXUpmZnd5ezZ84wGo0wRufnHiJSnY60WM/KbSf28Uw94cg+ORV/bX5bYgA+eOsKf/fsK/zZL94Y3DVZkH3m51f48WB7vfDiD/n+oNDeb//7Cbj77/6IH7y9tu1s/UJ5Dyfp/rs/4ge/+FP++tUXOL/Z59h7e/m0y+Zh4w/hxLVdvszlRz+08Bno+x5j7ZO+jELht56StfhFs8+7P3kbXvwhb566OV586Srf4wo/fusSb7507tjZ+sYVPnrxh3z/hWHH97fvb6fF2FOO2AsvHt83+YD/duV9nnvxI956+9qpsQdd8iAGD493udwQf+Mo9+BC4clT7r+FwufHl1JcPVmABZs1/6f2OS0zrZf6s71cOuUIAIkgrN2F6wPi0AafBoF1iAkQQ0mRURopLJWxOS81bq1lbQAAIABJREFU5WNICTksmU9AcB4fhtKr4dq01hgl8d5DikghkVqhtUQAk8mY6XTCZDLOTlWjNs9BCIEc3KftasXs6Ig7h4fcunXA7YNbzO/coVuuSD4gh9qpGBIxOHCemEBITRSCtFiyaju6zhEShCFXRakaWxnOnNlDaui6Dh88q3ZFSom+8/Q+EINDIFBIBIkQA851yOSprcFWGqSg7XucTwhlsPWYZjRlNJkyamqIkV51rFoHUqGtpR6NaLoe74HBSSyVQvaG2CuSVujxCGkrTNOAlLnUSwiSyDmpvXN4H2iMGdzDHiVlFslDwHuP1pKqskynY/qYqOsZVVWxdPkTcx8CQmbn6mQ6xRiToyJSJESyy1ncXcR2UuzP2avi1H53z9BPz71yV38bMlevvf0z/uyHV3nz/LAU8LUrXHjxh7x59fwgYP6cD144/sXu2ttv8NwrV3nzInn8tR/BPQTWLF4+x/euvsrF9c9X3sq/JF68xGXe4P/74CUuXgTY559/cY3L33x1S1iF7129mh93/13+5rUf8e76cR42/hBOX1teAkkRWAuFQqHw67H/z/zDtQv82cv3vhld/IsXufDa+3zw0ku88OoP4UQswAEA7330LH999SrnByE1i7EXWQur//CnP+TNV48/9PzBW89sLeF/j7c+foU3rz7ip42DsPrcK1f5/vq+/gblhlgoFAqFQuFLy5dOXD0prD5inqQ4Jbaecq6uva2S42Ir1mJYyk5DyVDOhMAjETGRfCDGQAyB6CPRBxbtCt/3CKmy4CezgNquWtq2A7Lwl1LKrfNDDIBUEikVSkmM0YzHIyaTMePxGGMMRqtNXmyMgeA93aplfjTj9u1bHOzvc2v/gMPbt1nOZ7i+g5Tb7YmSEAN9DJAgRIhJonyk6zwhJaSacevwEGMtVWXztQGj0YjJZIQxht2dHVJKTMYTZrMFdw6PWK1aiCKfT0i0lsQkSGHIuRUQRdacQ0hIpbFVQ9OMGY3G1HVF9B7vA1IpbFUx2dnlnAdd1dTVnMViSfCBJMDGETaMcQJEZRF1RTWZEIRAVZYArLqOQIcMARUiRkAKga5d0TQVMfbEFPAugVJoq9jZ2aFPgro+pKostot4odBKUVUVk+mU0WiU4xlSOvF1r2aq47l5PL4WXI9jAY5jJx5VZz2dt7q9/TdDUL3GW69d4a3Tm087WS5/cyNIXrx0Gd6DvzzewGV+xvV9uLg+4PIrxw7Ri3/BSxde4x/+eZ8XTqiaH/A/3r7G5Vde3Yiy5194mZd+8Rp/9+5f8P0XLvInl+HH73/Aty5eHH4ZvcxfDkLruz97j8uvXD126px/gf/64i/4wc8/4IWXzj1k/GG/UGYh98KLL2+Ov/jSK1x+742HHFcoFAqFwkM4+JhrPMdf3u+DvvPP8By/OHlfPcXlb67v0ef5oz+9AL+4zj4XOf/Bz3mLF/nrrfvtxZde4fKVn/HuXxx/uHj50qMv49j/519w7cKL/NfjGyLfu/weP37kMxQKhUKhUCg8Xr504urdHK+5vlc0wFrW2s7AXLs/ga012VsxAcOYErnwScjsiBQii5UiKgi5xCr5juQDWikaW7EMOatUCYEalqh7H4ZoAE9K2V7fO4e1ehM9kGQWI7XWVLaiaZrNl1IKJbPYm2LA+0TvA23bMp/PuX37NgcH2bW6OJrlnNSYUEICkhAjIUac94QEKib6EJFGI5XBDy7OELNLs2kajLFUteXZZ5+lacZorWjbDrkWHK2hri1919H3Di01MQaQCiUlCUVMgd51gCIkQ0iRlESOWNAGqRRCDq/3sKTfVpZm1BB8wtqa6WSX5XLFcr5ktlggvcN7wWK1ZHk0I61WWOdRlaHtelQSVEhGShFthwoRLRONsSiZSGkHYwbRmUgIHiMrKmOpqyoL2VZjrEZickzCZLzJWk0pEVPOz5XylFh6Yt6dmnOD63n7Z06Jo5+WBwmpX81CK/jMmasXnuXcA4e3R8/zzHNw7eMD2F54uH+dj7jAn504Ud53zcVLl+Fnwy+MBx9z7fKlQew84KNr8N4bV+4u5Lr8KOMPIx//3De3X5hzPHcBPnqUwwuFQqFQeALsX/8Irr3HD668fWrkAi99xnMefHwNnvvmieiAc89egI8/4wkLhUKhUCgUvmC+AuJq5rSwmhgMgRuT4PYeJ+uG0uaAteiVjxNCoGQWKNOw5F8KiVCaFAMpemSCUTPimaeewq1WzOZHhBgIIRJSIiEGQdXTtj0xRto2N9PXlR0ednDHyvyljaKua+q6pqqqfHEpAVmI9d7T9R3L5ZL5fM6dO3e4fXDA7VsHLOYzgnO5LEtqIgIfEiFGYszL2XsXSK6DridE6IPHOUfbddmZOpkwGo04d/4M050dnnvuOVarFZ98ss/t27dZLpfUdcPT559ib2eX+Z0Zs9mMbtXmUi8JUiQSER8DOE/nDM47eh/ovce5nq5z+T1J2blr64rxzgShNM1oQnAJ7wKL+YJbt24TbwrmB/scHB5y/fYtrt++TRs9qmkY706pTIVBcnY85exoTFfV9Msly6M7jJuapqnonGNnd0RTG6TML2tKEYRCCIExmqquMV1EiwppK3Z3dplMJhhj8nyJORYCmQvKkHIoQ0vH7lGROF74f1IAPeFq/Rz56rtWvwJcvMTlaz/jn/df4Jn33+PypZO/Gt4/Q/WDh4wXCoVCofCEOPcsFx7kTN2/zkc8x5981rLJR81RLRQKhUKhUPgN5QsWV79AV93m1OsQ1XuIr0Dc/J1OCrQxgUwg8vL4EAIp+ewiFYkkckyANRY93WGiFVZIeu9YLJccLebMFgu63qF1uzl3jBHnHM45YszXJlUulMquWVBSYYzBWotSiph8jh0YhFXnHH3X07YtbbsaRNYF89mC5WJFDAlSziAVQxaqQKFEhAghekLMzynEhDIaYyukMbRdhwuBZdeyG2G8M+Xc+aep65qdnV12d3f4+KP/zXw2g+iotIBxDb5HxoB3PSkGEAmh8qMTI8kHXBdwXUffZ3G5azuESCglEIOobGuL1JqqjsyPlhzOjrj5yU2uX7/Bv12/waJ39BF8gs57luvHs4YUIWmDaWrq6ZTKWELw7B/eYrbQ7E4nrNoFvdvjqafPUSuTs2tTFkyjEEijMZVFa0cSGq0MTTPCVjVKaRgEU0F+zxBy43QuwuaXl5Mu1X2ufwQX/vSU1/X8MzzHNT46YWjN+/Ls+ueL/Mnla/zdP7/Lc+9d5k822mp2kf7DfX8zfdj4w7jX8dnNWigUCoXCr8X5P+LPLrx9j7iczAc/f5trl1/hs3w2eD4vFeHUWpFfi3PPbsUODNsOPi43xEKhUCgUCl9e5Bd/+vWXOPX9aRKIBCIiZMqalkwIebysP5JIg/AJ5P2zp5CUIkIkNqv+119S5pZ5qVBCZjFwffgQBRBTwsdAjJEYPN71CAGjqqaxFZN6xLSZcmbnLOfOnOOp80+xM96hrhqqqsbaCqkMMYL3kbZtmc1mBB9yOZZSG3FVKokyClPlMihtchJsCNnt2Q+RAp3rafuO1aql63pWbU/vA1JloXQ8mbKze4bRZAfTNGhbEVEoWyNtjTQVumpQVYMdTanHU6Y7e+zs7qGtoWpqxtMJ5596mt997lme/4MLXPyPf8h//i//iT/498+zO2kYVYrdccXXf+93+Ppzz/C7v3OOUaWzyNr24AJWGqy04AXJB7pVi+8drvMsl0u6rs1xAkqgao0dWWSlqHdrVKOJOvHxzV/x4b/9Gzf2b3G4WNEhEPUIaWt6H+n7wHy2YNX3CK2Ynt3j7DNPMz63hzOSO+2S24sZtw5vc/PmTfb399m/dYuV92AqApo+CJRtGI2nSK1IIhII2NownkypqxEkhXeRGPJcGhrM8lzZmrW5BA1ESoiYhmmbhrIzcolaAonMJWm/xtJ9cY/jv3pRAI+B937Gu/vD9x/8nLeuXT7OaN1wkf/3xQu898Zbg88U9t/9yV37Xrx0mWtvv817m0gAgPO88M3LXHv7J8ePwz7v/ugKf/Pu/iOMP4z18T/fXNsHb71xd8RA4QlwyPs/eZ3XXx++3vnwU45/yDuvP2h8e9d3eP31d3jAHoVCofAZOM8LL78Ib7/Gd9764MTIB29d4cfvXeZ7D80Gvw8X/4KXLrzHj7fP+8FbfOfK8b32U1/tC9/k8rW3+R/HN0R+XG6IhUKhUCgUvsR8iZyraxF1e0l1zq08UfLDcb/Qto9QrDfIk4+bhkyAU2cYzrnOFEhIJYZYgCzsyhSJIRFCoJ3NWN45Yv+Tm7jQE0SiW7VEF0ghZwxold2oMXq6tqM2mhgcUlu0VDnLVbKV6QlSyiEbFGLKztUYIyEEfMhib0oJpXKMwGQyGR5LUzcjlK1pe8/hUXbRyt5hjKHSTV4Gr3LhFkpmV2z0mErTtYozZ3f5/eee5eyZM5w9u8d0OsYQiW6FW8xI/Yr5nTsQIkYb9iYNe5MJlZJ8cuMmh7dvk0JAJYHRCi0lKUa880QfCD5k5+zwt5AAkSQTKEAKokqgJKoy2Kamch5rKqhrnJJUTYNeLGh9jjQYxwlVXXPu/Hme/trv5EIrGXGrBWHVsmpbghQsFgtG7Zixm1AzwRqLUZoYI8ZWKKWQElyIKKOxxiCFJCWBEHIYl4SUiCkM2bbHE2rtit5SW7cm5Tp/Yphra2P1ZtunY+2WvVckwFdTZL1PoRVw4cUf8v1PHcY6cPk5PnrtCt/JZ+KlH756TwfO+Rde5a/5ET+4cmV9IN+7+tLJfS9e4jLvwenyjYsv8dcv/ogfbF3/iWt+2PjDWB8/XNuFF1/kMqcz7AqPmw/f+VveeebbvP7y82Qh9W/5yfvf5eVLe48w/iHvvP5Trn/ju7x+ae+ex289Eu/89H3g0mN9foVC4beE8y/w/at/xLs/eo3vXNnafvkV3ry6fb/LhVVvvXGF9y6/wpsPDU49zwuvvsJHV97gOxsB9B731k/FRb71wxf5m/V9/cKLvHSZe/5/h0KhUCgUCoUvA1/KzNXtVvR7lVhtsxkVQ/5lvE/Jj+A42nTYf+0YTQKUXAtZaeOvVUIggaPbh/zbtWv867/+C4mIrixCa6JIBCA5h4gx67oh4nEE5/HOgTFZuB2WpqNAColSeijEUiQhiSkRtgTWFCOQhpItyaiu0EJQ2ZqmaZhMpkhtOZovEET6bslKRKyC8aTGViNMXVHXFSElvA8orUAk+r7jqafP8X//h//A02d3SL6lmwdCt6SS8PTZXeTzv89yNiP6kF+6CIvFCk0C73DtiuA9SiS0FCgpCMFt4gCi96ThecQYSShAIKREa40QGm0to8mY33nmGaxp2J0tcFLhpMTOGlz0CAl35kuSiOxOJzx1/jxnz5xhb3cXTaKWoGNkceuQ2LWMjKEZN8QU6Z3Dh0glJdoaYohIlcvLIrl4TEqFNgYh5fD+50IuBMQQiAgQMWfzrucYENPa2bqto+b3S2yVqCXWucBfRSH08+Yi37p6lW89bK+XrvLmyQ28+erp87x68iAu8a2rL93z3KfPd/6FV3nzhYdd62X+5B6/FT7s2Ec79+bCePPqQ45/4VFPVvhCOHyfv3//Wb7x3eeHDXtc+vNLvPP3/8LhpUvsPWz8w3/ifS7x7Y2Qemp866E+fOencOkSvP/4nl6hUPht4zwvvHqVh91ZTt+LvnX16gPHH3x/v3jX8Y+0z/kX+P7VEzfEh153oVAoFAqFwpPisYqrD3Pabbv0Ntu4vywlTn0n7tq+va/IMQJr4StlgSzGSBoEzLSOFwCUFBgpiDFw++CA/3XtGv/6wf9PFBHTVEx3d6nHY0xdIWJAA0aCEwJSJHiP63oYjYZIgLXBUaJ0XtqvjUUqTUrkfNbNxefl6CKB1pKmskwmDYxH7E52GI8njMdjpFKMjira1Zz5HclKgRGRkVXs7I7YPbPHeDxer1RnNB5hK4tzHWfO7vH8159l2lja2SG9gNh3CN+xO66Z/N4z+P4cxETf9xwe3kELmE1GzHenrOZT2tUKLQW57ing+pZ2tWC5nNP37thpOayuT0JAFEilkcJS1w27u/Dc1+Gp8x2z5Yp575g7x2Q+pWoqdvd2ODw6oveOc+fO8bWnn+bs3i67OxOsFIytppKSO9bSzmdMqoqqNlSjKoumx+r7cXYqiRgDXdcjhMBaizEGrXXOWUXc1UV1rMlvOUjFWrE/NYfFyY8ERDouXvt1KaVWj4EP3ue9y5ceKgIXfgs4vM7HPMOfb6uge8/w7Mf/yL8cXuLSw8af/wavv37qlPvXgWdObvzwHX7Kt3n9P/0T7xdxtVAoFAqFQqFQKBS+Ujx25+o6Q/JeQuu9xdcHC0li7SY8sdvpwIAsgm28hmLoeI/5DzH8TwkgZSemBnzfMr99wK8+/t/86t8+Yn7nNi54lNEooKkqKjkiGUOlNY3RUNu8FN71LOcLdqdTdKMQCkIMpARS5GX+2tjBDTksNRd5WboQ6zgEaCpL3JlgpKAyFWd2dqmqCiklbddhZGDaGM6fmWJN9txaDTr22OTZbSx1k8uaxuMRzaghBM9o1DC1Crolq36FkgJJRMRIowRmXBMrg/eeI99hiGgitZHsTkd0Z3ZZGIV3jhg8xIjrWxbzGbOjI9rVkuBzjAFJ5IiFlAg+kZREKjDGMJ1qqqoh+cSqc8y6jnnfs1iteOaZpzmaz5kvFnR9T9M0nDlzhumowSiJVYpqMqFRiklt6VdLJqMmv39WYxqDraqNE3Uzx4QghEjfdwjAWkvTNFR1PcynlIvQpBxKrQRxmFMbF+ogggtEzvnd8lgfz2OBGN7bz5sisn4R7PPuj17jrWuX+d7Vz76YsfAbxrPPnHCYsnf+pDT6sPETfMj/fOdjLn375a1jDnn/76/zjb/6Bhz+0+dzzYVCoVAoFAqFQqFQeGw80ViARxdYH3z8XUdsm0BPD279nHW23AqvRBbJiHkBOyGwnB1x8/qvuPnLjzm6fYBMEUWiUooz0ym/+9TT7Jw9w3y1IjiHVoK+GbFYLlgslyyOjlhOpzR1jZUGEMQQiTGhjUUoNYi9YogHAJUSWimUkiglqGuLiCOskjRVzd7ODiIlnOuJrkUROLs3ZjKydL1jsVyxXC7puyXtTJJ2RtjGomXCENDJYbVAxZ5+fmdj6LRGo5REpIiIEqkkoXf0qxXz27dwyyVER2UUo9oyGdWI6Ok6Qd8lfOzx3rNaLZnPZiwXS1znSBFSFAQPPkVCSJAiPgVAoI3CGItIAtN7jKtpvGfaj9ndmdD1Pb33hBBRSmKMpbIGhUAKgTGaxkwZ1RYRA+NRk0VyAVFGkBKhNElKZCJn3wpBCIG+70kpobWmqiqqqsIHT0wRkQRCaqTShAQxxuM5txWfuulOEyIXW225VsXa1LoVJ1D4/LkrRuAz82jLJQuFz0bOX33/0rd5/fnjrYfv/3f+8Y//ipdzJGuhUCgUCoVCoVAoFL5iPPHM1W0xdSOWnhJYT1dd3fM83O1xFTDkX2bn4ToTc31OgRjKi3JmqEgp7xey83Q1n3F0a5/50RHdYkEKnsZanjp/jv/4f/0B//7iRaZ7e+zfvo0QgsnRhBgTN2/cIIZA27bcOTxEacl4MkFqhVSC3rmcgxoiIcZNVEBKuV0+WYutKiprwDswGhE1lVEYBdFHiJ7aamq7g5RnEFLinGf/1m32D/Y5PDzCyohvF7iVRqYaLzyeHmstMQg616KtQUsJGIgKkRJCSUgSfE/qO2Lf4toVEkFlFLXRWK1wRkOKpOhJTkAKuL5jtZyzWMzpupbgI8RBwY0SUswCcwoIJAKBlAIiCJHzA1L0QMBqiVYVUzVCKbURRrUyWYAWOb5BkRC1QUlBbSukAikEPuXM1SgkQQhUCptzeJ/zYUMIACiZBe0QBSEmRExIyXBtWzEAm7m5DqxYF1htRQFsvi+SaqHwlefj6xzCsdP0cJ8TC/sfNg6cEFa/cUJZ5b//4x/zVy+fLrcqFAqFQqFQKBQKhcJXhScursK9BdaTO3CXTnX6GJHSsbh1L5X1dHjrsOxeSpmHU0CQRb8YA8I7XNfSLhbgPckHQu/YPXuGf3fh6/w//+U/8+/+8A8RWiP/l+TG9euQAsZWhL4nxMDBwQF913F4eEjvHVVdoytNtVwwm82Yz2es2jOklFBSZg1PKowxNHVNGI3yYzuHCAojgeAR0WNkQlcaW1km0ylN3eCDZ2c6YjqyXDeaEAMqOvxqhiGQBnFVpWoo0QKZKpLSJDxBSJCQtCIGhQgRlXJJlkwxlzjFiJTZMaq1JoSAVBIRIEaPcx3L5YL50R2W8zn93h51VaOlQgqFFIkQIikmjFWbNyWkQEyBFD0x9qSQM1slEgVYlaMUlNZoqZFSoOUQoRA9SoLRWTg1VufrjBLpAz5BihEhBUpmATuEQNd2OO8I3uMHd+x6PiWRgyRCSvl5y5NRFkO06laOK2xPsO0pWCTWQuEryt4zPMs/sn8Iz6/1z8PrfPzsH/NXewAPGwcO3+cnf/sOfOO7vH7ppIh6+C//yMcff8zfvv7Oie0/ff063/juy1wqmmuhUCgUCoVCoVAofOl5YuLqp1n+/6Dj7ifGilOxq9v5lLngacjQTCk7JqMnxIRMCS0lSQiCd/RtBzGiBAgtefqp8zz/9a/z9d//fc7s7nBweIf9T27yy19+zHyxZLq3R13XnD9zlhgjLnhSTLRthydhosYuFhweHjKdTlmtVuQKpUSKkZQiCDBGUTcVobfI4IgKNBKtspFSCZkLrUYjdncm1HWTl67HgDWaxho654jegxDZCVtZpASjZXZwJjZL7LUAmQIaiSKRgsf3Dte2BO/RStCuHK7vICa0yuJq13es5UPvA67v6dqW5XLJYrGga1viaALaIOTwvsQIQ7asEHKryCyhtaSKihQCIgZSDHiXBWaVQFQVyQgEEqWz2zQlhZa5mCqmgK0MwXkIkZQgxYTfKksTUpISeO9JIRJjzHEAMSKEQOkhrkHKIQ7gZE7wdkSAGObWdgRFTCCHmRb57GVW98tUPZ23mufw59SYVSgUjtm7xJ9feoef/s8PufSN58n5qO/z7B9/NztVHzbOh7wzCKsv30Mp3bv0Mq9f2trw4Tu8/lP49uvf4Pm79i4UCoVCoVAoFAqFwpeRxyKubi/3v1+Z1f2O2W5pP10YdF/Ha9oYCvOPaduNuDkAyEJZHFyrhIhREiWHZeRK0TQN1tqc1ynV/2HvzYEkuc48z9873OOOPCrrwFEEi+zZEqiMzaDXjC0UlDXj2ForHBGgMGbbw1LHQIVNKq2wmwpho4LdwgqsEpvK2NqM2SgFgbS17hVWoNnW7M5UzwAkAVRmHXlFhPt737fCex4RmXWgUKhC4Xg/WCLDw4/w41V6+j//3/9jOp3yzYsX2dk5g6sc9+/fZW/3NovFjPn8mH7TZzSZMpmOaCUwaxqiCmqgiYH5wQJjHXfu3GFjY4P58XFqUEXKUTWaMl+dc9S+Qnt9FiEiBhzgLRjvUBFc5alrnwXIBcYYJuMhvV6PjfGIRbNgPpujKjifMlWtXV0Dm89Br99Pzk4RLIqEJGrG0NC2C2LT0LYt8/kc1dSYSyQmEdtaBHJ5vTKbH9O2qeR+PpvTNg1N0+CqCmt8yrf1HsUgIjiXYgHquqKuK0KM9ENNGwLz2YL5fM5i0YJGJDQEmxqPqakQcRibMnNxBrUG72uCpnxWEZOdyclxa/L19taiUdAYcdZirMX7tG+igjUW6x1tlHSOrENVl4KmtRZj0rSIZtH4IVEWXY7vMpn10Txtc6rS1KpQeL5888//HX/+d/+ev/qr/Mbr/+aEA/Vx8+/943/mHwH+w7/npDn19SKgFgqFQqFQKBQKhcJXhC9ELMDz4HROaxJfT3ZuXwpTqkBqJFU5i7cG16sZj8aMx2N6vR7Oe4xGNjY22Nzaot8fMGsXHB4e0jQLenUPnVgGgwGjwRBBGQ6G+F6d8lUlYhZzogghpDzWZj5nsVik3FeUGEJugiQYDL1ejbYV2lYIESsRl+MMcB4VoW0WSydjJxCOhhXj0RBQFrP0mcZajF0dt4quCdAGjTG5RVUxEgnZcSsxIiLE/F0kT6sSVFKTKiXvMdgsTptk6SRGQWJAJQIWSyrnj+miJKdozkE1xtDr9xgypGlaaj+j8h7vGmIIKKTv3ufrKqguW0qld1QxKCLptWiKIOjGRHcsGHDZfVtVVc50tSn71a7EZzkxfjghsp5wj+Zo1m5PTqdQFAqFLyubvP4Xf8XrTzH/AWfqJ/HNP1+JtIVCoVAoFAqFQqFQ+FLwXMXVT3KoPomLNRn/NAugZMeprr7nhXRdysovT0QDZNnL0K2mYCQLZNkJa+3S0eqcYzgasrGxQa/uYbCA0DQtTdvSNE3qZN80eO/Z3t5GjaE3GBCCEGNgNB4wAEKMHM6Pmbc5XzRnuKrEJEgak92UDlSSBKmCxJXVVlUIIdCGkNytzuKrKgmqxmBEUs6oMThjskvVUtlcdp/FThFJzlON6ZxqOmYxFrUWJCIhuTw1dqKqohEQENHs9hViTEJxjBElibuDQZ/BoEdde9LmAjG2SGxxkqIMTHaTiipoTLmqzqWIgHytK+9ww2HKkp1IFnSTOKqqWGvxzmN9EnKtNSs1U5J4rJKEVc1jweSIgNgGnLUM+31GwyHDXp/KV1jrctOqkxmqBnNCKdUsxi+HY/d+NyRz/MGpIIrHjvO1rTxm+mGvu20XKbdQKBQKhUKhUCgUCoVC4fPmC+VcfVi5P3QCazelpwTW9YVOsi5pqepSgF0tajFGMJ2lkyQeBhUqUeq6z3A8pqp7GOtom5Dmh0jTtrkJUkQliX3GWhBh/959sIa6qnB1xaJpmDcLbBZ3U8l9S2hbNAhWFWcdYg0SAV3L9LRJJBVrEdW0jipe0jwXBTXSDOnfAAAgAElEQVQxCaNdrqgmYVFEUsl8JxjqKmM2Cc8pnHbZnAnNua2SskhDRKLkU22WblQRQWJMYm8bCCFirWUw6LGxMWU8nTAcDqnqGoMQY0uMLU4cvrIY5zAqNG1EFGLOXjVGk7fYgLOWuhrgnMdYh5BcsDEKTdMkgdVbjO3GjGKtSet37tJTubtp3yMxBCpfsbGxyXQyZTQcUmWRWiQJ2YKiQhaClwN0Ld80fzcPEViXH5garT0J3TZOLv5J634a0bZQKBQKhUKhUCgUCoVCofCs+dzE1fW81WfRzOq0EPtQiWn9Y3T9LbMm2K5KylN3eIEYsQr9usd4MmU0mdIbjmjbkMTAqBwdHnNvf58P//Ahv//gD8ybRSpDB+azOVWvZnNrm1FVUXnPoNen7VyeGqETWJsFEgeYymNYy5VNB4e1Duc9xAq1bdpPVVQNEoXQtpBL4a0lOVFFTpSsW5edvSoYNJX+o8klikFiEiRjSPtEbu4kMTlsLZCMoSkmoG1amkVDM1/QLhagknJep1N2zpxla3ubyWTCYNBLgqdGYgwp29YozoKKSUJn7Ky5SSyG5Bo2LrlZvXdYVyGAc8ntan2KRDC2C3rQLGJqzoPV5TlITcLIblYhhkBsA/26x2iwyfbmFqPhCJdOUspR1eTYVZMEcxFZibjLoWSWQ0dX7yyv3lJkNSkv4ElH/HqzqtONqwqFQqFQKBQKhUKhUCgUCl8sXphz9VHNqJ5b13Njlk2HTI4RMCbVcKumjvBCcjxqTE2lbF0zHE2Ybm0x2dzk+OgIYyzOOhbzBXu7u/z+93/gD7//A20MLJoFi6bBGEPd6xHagEShNxoyHY/pDwZUVUWzmDPo91P2aAwpJkAqVl3pbRIDs2PUWofYVDaPtanEPbttRSJtGxEJoJqEUMiO1XzsmsrwOyESleRszaKgCElclYjEiJG0XBJxsyCLIlFo5gvmx8ccHx2zmM2Q0FJ7z3Q6YfvMGXbOnmVjc5PRaEivV2Ndl3UbSdkCaZtoEkQ170snglqXjktFCSE5hdVIdt+unLy6jIVQDF2zKl2KqBrjmsBKOt4oxJCOcdDvs7l1js2NDfq9HtaAaI5DkCSwGuswqR1WzqhdJaoqJx2ry4HFySL9tUSGUrhfKBQKhUKhUCgUCoVCofAV44Vmrj5umccJrstpY1aNq9ZeJwHv1PZOb5OTqZVd0GYyQGpquGQt/eGIza1tNre2+eiPfwBSw6bFfMGdO3e4ffs29+7eRVBmsxnHs1lqUOU989mCZtFw/uWXuHjumwzHY7YPDpjNDtne2mA6GeOcXQp/XRxAKmtfHZcxqeQ/VfJbrEvl6ipKGwIiMWWOxoi3Bu9cymE1SurIpEsx0tB1XVKIgnBSDOzyS42zOGuysJqiDELbMDs+5mB/n4P9feY5b3Y8HnLu3FkuXDjP+QvnGA76DOqaqqqw1mBtcr6igsaAJBMtBsEmmRujXROpJF6DSREArSDSoAaM86lhlnPL85TK8xXTibRx7bt22atJGJa4EnFHwyEvXbiQM3XrdO1XgwFI59E4i8YsS59SSFcRAQ8fx13yQueU/qR/DcWxWih8vtR1/aJ3oVAokP4trt9TC4XCV59yDy4UXjzl/lsoPDteaObqo0TTp/nHvRRKs0vwdCRAitx8xA8Oa7JbMxfmZ3FLMfi6YjQeMxqPUzMnVdoQOTg44O6du+zf3+f4+AjjLDGmEnoDhKbh3t27GGuZbm6wMZlw8RuvsWgaZvMjej1Pf9BjNBjgvcsxsrm8vVP51rrSRxGCxGWWqIoSNeWextDirKXnU0MsowIa0AhRUh6r6ZysORIgaX6Kka6ZVxJV1Tkq41CTG0ZZh7VJnAyhZXZ8zOHBAUdHh0RV6n7NZDrl3LlznDt3njM7Z/DW4FRx3mFsJ5qmXFSRQFauMSY5bO1aXIQ1NonJpmtAluRfVZAYUxOsriQ/u2q7yIIuBkBEs1C91nhKUxat0ZTn2h+O2Dlzhsl4TO2rfMq1i6fFkOMJrENFCCIroXQtCmCZvXqaZYjqEw/hIqoWCp8zxhhijKs/2BQKhc+dGONniowqFApfTso9uFB4sZT7b6HwbHnhDa3WBc+n/qtJXkfMyemV/XPlzly1tepcoXkBmzaQREabS9ZBjaE/GjOaTDDOIWo4ni2Q4yPu37/P/PiY2LZUpqLnHb1qSBChbQPH8wVNs0BFmI7GXHz5ZZx3zOazVCZvlLqqiQjepK73amwWZ1PDqxgjITQ0zYLFYkFsW4wIRlMDp5WjdSUKxxiRmBpf2VxK71wWWDGpFF9zCT2r4npj7VqkgMP3BtS9FjEtmGOOj+ccHh9zNJszbxqqXp/hZMrm2XOcvfAyZ86dZbo5QdoGCQ3WO4xzqDHZOWuy+m0QVYzxOAvSCa3GICpoCGlf8347n/YnLoVHSY5UlaSaqkFNjhjojqgT2Zce5bSuNYae90zGIzY2pgwGA6xzhCzOJsHX4LBLodwYg83n6ORYelA77YaTnrDCrrJ0nzVFkC0Unp7t7W1u7+4ClIe7QuEFEHNzzLM7Oy96VwqFwudMuQcXCi+Ocv8tFJ49LzwWYH05VV0KrJ1oZADXdQcyyyr3pTM1FdIva+hPb5hutunyTNcXz25NI9nhmUvLrUkCaysBaSSV8587x2hjE5xj3rSE0DCfL5AYcQZszg8VVUSUKIEQWgaDPpPxiMloyOZkTK/X4+DI0caWNiQBNLQtagKqgnUGlUizWDCfzbDZtdq2gUXbIE2DxORgNZLEU++SDNi2kbZNTa+syeKrsVgVoiaxcnneOvEYQTEEUbz3GLFJlHSWejBkais4PCLu3uPj23vcuXefedOAqxhvbfPya5d47dt/wiuvXWJzY0zloCE5T33lqXy+lgKQmlNZ52lCpPI1EWibFpXVcRhViBGD4hw4X2GNw0hqjKUiSwdudzmly1fNojXOICGJrctGViHgDEzGI7a2thiPx/jKoUZTPq4qvq7wtiKKEEObRFKboggiiiJZx06CcfbVLodcbhG2ElM7gdWYT+VifRin/wixPl0oFD494/EYYwx7e3s0MdI2zYvepULha0OKDrKcO3uW0Wj0onenUCh8zpR7cKHwYij330Lh+fDCnaufFksnqD6EdUvhaUz2D54QohTVlSCrCkbN0pEYRbGq9Ad9tra3OXf+HK6qOZ7NOJ4dMl/MsTaVz4MSY6ANLUEM0ULbtoyGI86dO8dgMKBZNFgD3lpELOo9TdOgUYgm75coqpEYIzEEQoy0bUPQiIjQhHaZJ4pIKpyX5KtsgqdtA6oxia7eYXzyYKpm0TK3tjKqSP5Ia0Cy89Nal0rzxWB6HuNq7h0cc/feAbt373J8vADrmYzHXHjpFb7x2iVe+cZrbJ7ZoXYOS8BVEWPB++QITmIzoAZvPQaPzQ7W1NxKSP9l5yipYdeyeZUKUdcE1WVfqc6L3EnsMYvFq0gFk7Nmo0RUIpX37Jw5w8bGBoPBAO98SinIEQXO2NzEKm01SsRYu8rs1W7kdI7Rkzmsy2zVTsBf7u6nEUDX0oBzlMOjl3nUdKFQeBJGo1H5xbJQeAGUjLdCoVDuwYXC50+5/xYKz4cvtLhqHuH2e5QJ8FTM6pLsh3xg+U5YXTUSSm7WTlwLIWBUqXs9xptTpme26A36zNsGUaXXrxmM+vRnPVSFSjw+enw9YBYa9vcPaNqG+XzOxx9/jAG2t7eYbEyoqooKT2garEIUwTpLWJb0J8EwxJByVaMgIrRRiG3I+aEpb9ThiVYQicQoKTvVGAiKMxY1BuO6c9RJfV0br5WgCYoz4E1q5GS8BRuZzdOxLJrAZHOLydY2W+fOcv6ll9neOYuq4fbHu1TO4oygscE7MP2KunL4LJIak0oQMMlpCoKoEGMLEkEFV/exvkpiuEkxDZ0zVfJ1stblbaxl0KoiEUTTeSKLtkZz96x8ExkOhrz66qsMJluMRyPwjhgUa5KzVw0IQlAhCoiAIzUQWzYcy2NpqXuu5bSuzrGeGqRPKH6avJ5ZW79Tax87XSgUCoXCl4fyYFcoFAqFwudPuf8WCs+HL4S4+tiy5kf92zcPClxpOglbNr/fZWCe3kzXwKj7pqpY61MpOiZ1nzfJBenrmuF4yubmNkYj9w/3GfRqfFWlsv4QknCowrxtqDCoKIP+gF6vh6qyv78Pqsxnc3aalu2dLZx3xJBcqqJJdAwhIDFiraPu9WibhraNxJDEvhgjISax0OVyc7GS3J258ZKNFmsE1KI+Ry3oSqw0rFyskNMCjEnny7jk1DQeaxyxCezdvced/X2O5i1nN/pMNjeZbmxT94a0bWRv7z7z+THDfsWg53FWqLyhbXqMBjXDXoW3jrYNJBk3HYMkOyhGFOOSsGu77FRNza06N7KuOVGdcykE3xhiDKnRmCgiQoyKxHCiNF81AoqzjtF4xGi6jVY9fK+mjRBV0SysJyFXl1/d+bDWYiS5WXO87SlD6bp8v5qRoig+hat03X29Nm5PjvEHpwuFQqFQKBQKhUKhUCgUCp8/XwhxteNxf0XpSvXNusDEmrC0Vi2+7s9cTulpMawTVaUrJF92rQdQMaleHourKgajIdtnz3J4f4/Dg30GvW28d8QYaZoG5y1tbJnNZsznDdZ5hoMhdVURmpZmseDYOhazOU2zoK49/eEglf/HiGhI4l52Xnrv8N4jmvJWmzbQRiVK+jLSlaQrwRpcFGJIwdQWizWKc44gEaMWpwajFqMmi6cr5c5CKo/PDaCc91hbEcVwOF/w8d277N7bpxHB9Qf0hxN8b0ATld07+yzahvt371J5ZXNjzHjYo1dZJsM+cXOKZUzllcWiZTFvMdZ1ii7G2hRTkE+3qtK0bRJXXcrBNWsh9+tZo6v/53gAXX1BEqBVFZGIMYpzhtpV1KMpTVQaiSyC0kZFjcOynv2bmpk571KDrxOfl0eVyc7fU/KmyefRrA8487D2Vw/SibbGaB6vJ2MsTi93+v1CoVAoFAqFQqFQKBQKhcLnxxdKXF1nvaHV6s1OYD0lZq19P/l6JYfJiTkrR2tqggQYi8nZqSICksquo4EAuLrH1tkzLOaHyL5Q92sGYUi/38sdLhXvLOPhgKiWNgS8cxwfHHL7o48Y9PvoRlw6a+fnz+Griso5onMp35Xk1ozk/RIhhMiiaVg0LaENNK0QW8kOWwWr2AjRmJTPGpM71OUM1xQTENPZMKkU3xq7bMpkjAFRrHV52uGqGsFxdHDMR3t3uX1vn8PFgmgdh03g9r0D7s5aokCQJIbOZocM+57DoykbkyG1N/Qqy71799iaTpgMh/R7PYa9Pv3BgOFohHUmCcsiaJNyTH2tCBbFYMWiqriqSm7VLHKmSIF0bCqdCGlSTquR5TGtYgNkeb2dtXjvmYWQzmtQxFhc5ZMLmCSqGmvT9cjCrtCJtickfezaWFwfldmUmxXQTyt+6qnvD3PKdu8VYbVQKBQKhUKhUCgUCoVC4UXxhRRXl87EJ+iwviybzq/tKbNgNz81wsrNnNbqupPv0GBSFyWA3AE+uRKDKk1oU5f5zU3u7X2Mq5Kj1DrLaDJmOBxwdHyIsZbxqM9iEZEYCW3L/v19Kl8xGU+orKVf9wiLHvPjGYPhgEG/h4gSYnJCYnxyr3ZZqzlrNEShDZE2REKIqXzeJPHZiiFIigUQSc2xkgtWcwapYkyaZ4yAkeTGVJtEZQsYi3UO4zy2qpnNWz7au8N/e/8DPty7y53DOQu1HC5a4v4hyjGLpmXetLRtIMaG8bCmaRqOZyN6PuWv3h1U7I2GjAcDRoMBm9Mp08mUzZDcpG0biBJw3jORyGgywVW95RiIMUJ22rosuMcsKIrkxl7LyACbv8xyTKBdNml2mBqzXC/EiChYV2O9B2yaZ7Koqmn5KMndnMbbupjafY4+IOwnJ7UBo8/MV7o8LtUT7xWBtVAoFAqFQqFQKBQKhULhxfCFFFcfxaMcq+uv12MCVtNJ+rLZmdg5NpOn0OTu9AZRXcYOpDp1h6jQxEhtPePplOnGFvfv7HJ4eERs54xGQ6YbEw4O7yNtpHIV0kZMVGaLGUag9p69j2/jVNne2qTfqzm4v0+/32PU7+ONSc2UIDWjEmERQhIW6Ro4mSzCCiFGLAo2icZWIIghRMlOVdcZb5fNnrovyY2wlmdHwVUek4VVU9Wo8xwujvjvH37I//Nf/4k/7O5xsGgxvsfBIjDjGBGYL1rmswVtCFijLNoFTdMwWzQMeh4rLd4Kg17FqN9n1O+zMZ4wmYzZ2NgghIbFYoHzls2tTV51luFoQl3VGGuzqByJIayumerSwcqasLoaI6vIA4PmEvt8rDl7QLptZBHVVxXO10QRNJ9zYw1GDWogxJgzeS3GmlMZsN2ZNGtjsAutWBt/TxCM+qQi6WlBtYSSFwqFQqFQKBQKhUKhUCi8GF6ouLrepKibfpRQtJKrTr2/Vi9tOkH1MVrTCRHM5KZJZLdq5/KEJKTlGTHP7w0HbG5tcn9vg/27dwhNy3A0ZmfnLAf7+xweHCJRqKuKqqqwdoG1Do3Cvb09jET6vZrJZML+/Xv0Bj22t7dSabukpkrWGpy1YEA05aZWVY11jqiamlqJomgSiyWX/hshSiRGwTmLWkPMYuqyyLwTWXPGrMknyzqPWgfOgXEsWuHO/QM++PBjbv3+9+wdHtEai7OO4zZAXCAKoY0sQjpn1iiyaBEVFEPT8yANRlp63jHo1Qx7NQcHRwzv9un3dzk+OmQ2P+bCS+ep6poYUzxBVdXQiZohoCKoc8s4AHJcRDoeOSF0Jl01CedmOT+PIJMSUqNKjoFwWFPhvE+iq6TrjGrKrbU2uZ2XOa7dtteF0zVO5P5+0sh9zBgtbtRCoVAoFAqFQqFQKBQKhS8FX3zn6ppY9sCsZWOjroHV2vc1hWtZHk7OyNQ0rdZgbcr1NFnYDTFgSCIf1oKmgvCI4HzNcDzh3LkLxLbl+EDo157aeTQKe3t7zOcLtja3GQwGNG3k8PCIEFsWsxnNfL7MVd3fv89wPFrmtSbRUxCxy51WVbyv8FWNMSmXNQmmaRHRJKCaqFiTmlm1IeCcxVmzcrnmbvc2b1g1ZYh6Y1J8gEkOTWcdEbh3eMD7f/wjv//wQ/7w8S6LqER8EiXbkKvlXcqx9Q4NECUgQTBGOZrPkehAA46IRMEYi3OeOghmEZjND9i/f5fFYsbFb3yD6XSD8XhMr9fDObt0rHauVTSJyesXNonh2VWKwVpdGlQD6RhFhCAgWLBpHMUQCOqXUQgCSIxEiYgKqCBYvHNJaI92KeyaTitdc0Z38RX21LhcG31PJK9+kgP1cYJrca8WCoVCoVAoFAqFQqFQKHz+fKHE1U8jEJ1Y1iz/t/KlPqLRUJeymlyMyTEKpK71GtaaFqXScItbuiSDQtXrs7m9zdHRAW07p20arLXsnD1Lr9enaRq+/a0/YWtrmzZEPvrwI27f/ojDw0OGgwGj4RBjYH48I7YtdV3ThAWKECQJew86MldOxjQviaoWSRmzRjEIwaUGWNELMauAMUZizixN5fIWnGBxy6zQKILxHuM8MQr7B4d8+PFtdvfuMpvPwdfgXIod0ABGAAvGLUvtNVl/UTWEIMw1Yol4o1S59H40GrO5ucmg30faJAKrBM6dPcfOzjk2Njep6xqJQmwDoW1REZz3WGOWTtvV+ZHkapWI5PkpYjVnz4oSVIia4h/Q1KcsaMrSFSVl0kZBNDl/RVatzzph3+WmVtZ2ea6yNg5PZaDCQ5TUk2L/w3gSp+qTOLwLhUKhUCgUCoVCoVAoFAqfH18ocfVpUZIQuizWfohOlQRK6EI4OweiqOR4ALN0i5IL5w25QRKKxkgbWpy3jDY3mR7sc/fOHW7f/ZiwmDEdjzlz5iyj4ZB/8S/+JS+//DLGev7brVv8f//lJvfu3aVX10wmY9TA/YMFbWipa08d6uQsjTY5JyUJjyfENExqQKUpi1QFjApGyI2tDG0baV2Ld7Zr3UVrzVIcNsZgrMWqRTUCDnAEiThNAmOIkaPjI+7fu8dsNsMA3nvUmlSmL4pgs3vW4rzPwi145zEIi8WCVgPew7D21HXF5uYmL7/0MhdfeYUzW5sYhRAarDN861uvcfbsDtPpFGMMi7YhhIBIarzlnMNZm8r8c/6paoTsMjUal9dOIojGJCrH1PwrqgHnsRiMsajanEmrxCiIiWstqQzGrITs7ho45/LrVSRA55LuYgLsenu1pyztf5JIgBIbUCgUCoVCoVAoFAqFQqHwxeCFiqtP6757qvXWdK+lWAkgiqaIU2zXDOlENmnOLZWIhMDGaIhHmWxvsXFvm707u9y7d5fj42MQpa4rxtMpQSIXLrxMiIEmtgSJSLNgvjtnsVhw/3Cf0WTIwcEBi3aRGllpRFL6K845vPc0TbMUGb13S2FNRRCjRJvK/IlgrbBoI97HfI4MrVmJzc45/NIZmxtcScCYGgmRhjkhChJbDMKwXzMZDhDjaVXxgPM2Zao2LVGyEdY6rFFqbzBqWTRzRFv6dY/JeMz5s+e59M1LXHrtG1x8+RW2tjbREBEJYJSNjQnee9qmSQ7imBy5lfVY76iqCiALpgHQZb6qNYJakOxgjRKREIkh0oaYjgeHM6RMWesx4sEYoiRHqzEmNfQyJrthk3gd24Bxq38iSdCUpbv1ycah5USOwKOGZ3GiFgqFQqFQKBQKhUKhUCh86fjCOFcf18jqUaz1vF86+WJewa2vqal9U5LGwOba7a603GBzVmfOYE22RsQkUczlTURg/+iYQa9mtLnF2Vde4f7BPvfv3+Xu7m0O9w+QGBlNp5jK0x+NOZwdc3h0xO7eHk2zILQtx7NjZvNj+oMet2/fpu7X9Ho1IQYExTpD3auJGpnN5ul4vKOue3i/oGkiGIchl8abJAZKVGIMtK3Nxwg2qckYA1VVJeEwZ5XG2GKpcC6AgLYRYhoUw6pi0u8xrD3H8wYi1FgqXyFYTNuykICJirMVqBIWgcoZKqPUvZozGxu8fH6HV14+x8sXzvHS+fNcOH+O8WiIxIjElhBanAUJLWLAqE35pflaWOuwpHJ+CQGVuLroNl9HEVTDUmBVZK1ll2UZYWBt1/EqjznSe9aCTeKqyW7mpcAuEdTmsv7kXF1mq5KbqC27g30STyqgngp2PYF28cH5e3GwFgqFQqFQKBQKhUKhUCi8KF6IuLrM/1ybPj1v+d4TakddCXfnSl12dNdOpsppq+ZkTubyc0SwKT4UtV0+qeYKb4N1qfFVVfeIImAt1WjAy69dZDIZcm9vl9+//wF7u7cZb07pjYdUgz7GWZoY2Lt/l4ODfdqmoWkWGFUODu9z9+4eF16+gLWQrKDgfQWGFEPgUll8XdeEnlDX8+QaVe0CRlODKgNBBBegcW06jixUqgjGQNu2+KrCiiMJeEmoNFZxBlQdVqFnDaNexbjXY9KrCYsGkYhxFZUzRBVaAlFbnGoSXWtHrx4xGg0YDfpsTsec39nm/LmznN85w/mzO0zGfSQ2xNZRVTXGeoxJgmjbRkDwrsqqZ3YQx5iONUcPpAZkAkay8za5WUUCmoVPhyFah7HkGISUNatqUTVJqMVgrUNwy7iIVeOzrltVcv12OappMo+hlfc5LfoQ4fRk+f6ncaY+PFNVtVNxVwLrp9tuoVAoFAqFQqFQKBQKhULhWfKFigX4tKXR6w2OTrzHquVQl42pnRNw2XHIJAeitahJZeWdJdEai7XJxWhUlyIdwKJtQYXaWWzdY7q9zWQ0ZHNzk+FoxNm753jttdc4d/4CvlcnV6SzuNpT9/v0+j1EBiBKVVUcHh5iTCrZpzWpa30My4ZcvvJJWA0B7yuqqqKuKpooaIhLkU1UCMFgNZXqWzWoGNCIigWj+Mrhg8e0Bu/XSuvFYlRwpMZUlTWM6joLrDUL79EQMVaxGjGq9L2ldj2qumY4GDAcDZlOp2xtbXBme4udrSlbG1M2p2NGgz79ugaJhGbBXBUzVDQEmnaBdeCcwWBRIhpT9EB3zYw1eO+TYAyETlFWQaMgIRAlpqzU3LTL2JSvaoykbS3PU3Ys5/xVkx3NSVNdNRGzWeAXTgqnhtNC6oPq/4PvdKPwMehK0F39aUBZU1HXNpyXKbmrhUKhUCgUCoVCoVAoFAovlOcrrmoub16WYZuHCqhPlzeZhbRu++s606M2lyvCVTqh1S1lLxFdVownB6vJAl7KXEUNxgLOIEGIKNZX+OGIajRksjFlY2uT2Aa2NjfZmEySRGYNdb/P9s4O22eUuvJYlLZpmEzGtLFNWahVhQ0NuggsmiaJxqJU3lP3KpqFx7mGqvJU3hNsQ8inIeXDCqoQVDDG4VRJ5fA+RR8YqJuWtm6xOV80xSCAMx5nUnk9MeIQ+pVj4B3DquLQQmtyYywJWKDu19T9PuPJhMlkwsbWJhfOn2dnZ5tz586yNZ3QryvqKjWiim0LIsTQ0qIMpUfTLmjbOT1To8YgMeQxk5ylksVO6yzOJ0eyiKSsViQLjDE5WXNTKzHpOqnaPEoMOSE1RScYEO3EW/OQcWlOiZjdcFsbYGvO54e7TNcGpHmYp/VBVv5Ws3LQaretR269UCgUCoVCoVAoFAqFQqHwAnnOztW10v4us1JXfdbXFzkpF52Ujh6ePrkmbp3c0InPXvV219X0+meuv9bU8d2sLajGsKzGzuta75Y5p2oM1liqXsWk18dbS89XqDXMjg6JIgwGfXZ2duj3+gwHfVDh8HCfNrTs3b3D4fExg/EI5x0uekQlCbqAMRbnbBJ2UbwzVN6w6PJGVXIOaRKbxRhElDZKjkJIQqMxkUXb4psm58pGDD0qb7BdDKlJDa4kBpyFfq9iOh7RNA1V3SYx2lqsc9SDIePJhM3NTaYbG2xsbrCzs8PW1ibnz51lNOzjDBiEGAKNMTdH8SMAACAASURBVIQ24Iyh8h7vLPRqjBGcs1hr09gQRRCikuIX8nGFmCIMVONJcVUEVDBdWT8gsWva1enjSWAVQNQQjUNSGm2+pCtvszHmEWPtUXLmw6RTc2pxffhin8DJWIFPni4UCoVCoVAoFAqFQqFQKHy+fD7iKqxUTXNKXGVdLOKB99Z1qpVDUPKsLJjmxj6mK/XOQm6XUamdZXU9S/PU5ywbQJ3Ies1Zncv9UNCItWaZc6pZBIyq9LxLTbOalnYx52j/PsezY6x1DAdDBv0+vbpHGxpaEe7cv8fvP/qQcy+/RNXv0ev1cJUHEYi5a31urGQMWAfeW7w3OKcYk+RT7XJCU34BiiGKyY5OBU0O3YVrcW6BQYneYQ3Ulc3l8BFVS4yBGAPOGkajAefOnaE/HNC0ghqLtR5fVfT7A8aTCRubm4zGYwaDPqPxiOlwyGQwoFdVgKRmVFhcDdEGrIFev0flPb1eReUdMYbkHrUGSDmxIoLEFNVgVAkxJgHWgMvnPwmrMUUf6IPl/yJJWFWSFBuxCI6IRfN56i72ejRq5zVdaeoPiqOPc1svt6rdup/sNX1YREaXI5y2VUTUQuF5cHR0xN7eHiJC27YvencKha8NVV1jjeHMmTOMRqMXvTuFQuEFUO7Bha8zn/Y+eOu//jeOjo6W02d2zvDSyy8DsJjP+adb/0Qb2uVj56VvXWI0HgPw8Ucf8fFHHy/X7Q/6/Mk/+2fP8GgKhcLnkLn6PIqYTzcJWvMgPlXEwIoH1j7hZNQsvnZpoDZpgSpEoBVFVGibwPHRMQf7BxwezZgvGtrFgv2DAyRGFos5e3f32Nv7mMPjY1559RVGozHnz5+j6tUrT64qMUZiTIJuVXlan5ys3jusM8TASiy2Bs1itCoIShAwMWINtG1gkcVV75NbtK4rYhSMicT8i43EgHOW0XCItRXjyTTFC2Ax1uGcp+7VDIYDhsMxda9HXXkGdU2vclTO4Y0BHN4ZjHPU3iMxoCo4m+IIKu9APU2XdbrmEF4anTEIijNpf21uNqYCEpQoMQnQoqt8VJuEV9VOBDdZ5nWosdnzmq9fN25YH6WrpN5PM3bXx57q6rKsj5+n5VEu1c863guFrzOHh4fc3t3Fe09dVdS93ovepULha0WMkY9v3+asKuP8AFgoFL4elHtwofDp7oOqyqsXLzLdmPLxRx8jElfzSD1cvnnpElXl+S83/8sD625tb/PSyy9xdHjEh3/84/M4nELha80LbWj1rOgEpofqTMaspLPPJER1yp/JGayaSuStBclF56mqnRACIUaCKEGU2aJl7/Yu9+7e5Xh2RAwts/kx8/kxauDevfvcu3efra0tql4Pay0hRkSEmL8ba3HO4bzHeo/3HmMdmAA2HaGxqyZMqGI1JYvGaAlGsG3AGk0ZqNHhfUXbRkIIgBIitG1LjAHrDP1Bn7o/YIrDut6yWZR1Du89VV3jfYU1FudMElJRYmgI6jAYvPEpU9Y5VBxt0xBDSyNzkCodX4gogjE2NxXLebDGIiY5c4V0PJqbPGl+vRSijemSHZY5uUmvNcv4Ul3L/l2aUdezVte+dS+edsSUkv2HcZNfXX2H9x54/xJv/ezHvLHzmFV3b/A3P/0tf/ZJyz3Vbl3jh79+lb/+8Rt8uk3f5FdXf83FR+3T89zn58jujZ/zk+s85Jqk68fb7/KDy8/pc3/73ae4Dk/PnTt38D79jCoUCp8/3b+9O3fuFHH1ubLLjZ//lPe//6if38/35/tz4+Y1fvjOg79VAHDpzWdwP3m25yXdX289OOPK2/zyrU/xAU/9e8sXi3IPLhSe7D74f936PwCwszOcMWeWZq+P7t/ij83/nRaKnn44j7UG6xyiws0//p+oXwBg5hPOTy5hbaryPVzcW273X176X5/vQRYKXxO+EuLqo+hEtGe0NbqIAVWBLP6lcnbFaEzNsFBMVdMbKG0I9OdzquNjxFqCgvM1g8GAycaY8WjImbM7XLp0ie3tM9R1nYXVVBIfc86otXZ5PNZarHcY77DOYpxDBSDtU9dDLJIzVyNApMsoNVmcFPHUdUhCcGgxBmIEiakxlLUW70x253q8q7KYazDO4l2NqxzGgEokBqVZ2NSUSgRvDdYYBv0+/X6fuvKgwmJ2zHw+RyQkoTgL1L5yOGewkBpuYbEoIefKighBFWLEaAQiKikOwFiLNakpmSpE7Y7WosbluIR09LIcEpaH8gXSQx8m0K7HBXw5xduHCKk3r/HDn/4cHidC7rzBX777xuexg8+OL+M+L7nFtb+7wXe+5A9un4Sq4stDXaHwQnHO0YTwonfja85lfvDuuy96J56OZyKiPorncF4eEFKT8P3Da59SYP0KUO7BhULik+6De/t/ZPvMFkpERHP8naI2QC+Jp7SCzNIzfGoArUlY7eY3/bRuN08Frebc2bv7ORxhofD14Csqrj7fUukkUeqJ5Fgh/5IAVP0Btu5hqxrrkiB5NJtzPF9wuL9PUNgYjrn0rW/xz//5P6c/6DEcDqjrCm8dRiGaFuccdV1jckMnNWCcxVUe6x3WJYFVSSXwUQWNud+8ClZTJmkMEJ1BoiOKI0RHFSPee/r9mqapMMYi2drpnKOuKkQibYwYFTAKJmW/GlVUArGNKc80RGIMHO7vIxLxvkJzRup0MmEyHjMaDpAY2d+/z2x2TNs0WO/o92um0ymj0Yi67mN8biqWYwscKTtViLQhEOMiC7dZKDYmi9opDiDG1AQrZaralMFr01dyqVpUT4+Pky7VFy1ZrgunX4vM1ctv8ddv/pyfLMW8m/zq6j9y8c33uXb9Vnpw+gv42+wCvfCfrvILTj6E7N74OT/54PvL9066Q04KujevXeUfXn2T969f5xaXeOt/u3hid25eu8ovlkaYK/zo3bd4qsedB5yrp5y7Vx5yDI/Z579/9U0uXr++XP/KmpPmces+yfwHuHKFK+9d529vfIe/fMSCDzpNTzp8umvyI95Zns8rb7/Lv/pwbV8eeMj8gP/486u8d2u1/Am30CmX0ulz8Ld8d3mOHlj3IaRmffXjFyoUCs+dkrX4ojnt0Hx+96t0b7zOcu03f3byPvOYn/NPw4PVGEnMvHYxHVPa37f5s9++w7Vbp4/n5Hk5/fvD//I/3+I/99fPTdr2b777s0feOx9khzd+/DbvX32HX72+OtaTv4uwugZr5+cnVz9Y/Y7yjM/b50G5BxcKKx53H4xBqWpPBD766CPu3r3DbDYDD94nOUfFEdqW//7f/wegNM0C5xwmz4/GcP/ePdq2IbSparWqPTF8hZ8xC4XPma+ouPownlH2qwGsBdUkZqqmBlSpexIRxZGcm67uMd0+Q78/pO71qQd9/sc//RNHB/v4qs9kMuXVVy+iKlhribFdRgFA+mGZrPuGpmmWr61NpfmdgxUVNESCZsFXdOVSzc22YmTZIAtJ7tXFvGE2WzDo9bEmxQwYUrZrVIhxQds2RI1IENS6lGEqgnRu0jYS2pb5Ys7+/QMkNBjrCaHBYJiMx2xubDCdTrHGcHx8yGw2o21bqqpiMOqzvb3NdDql7vXpDUYMJhOqwYBer0dV1zifHLIiLSHWSNsgMaISyIEBKBA15a4moduQwhosisvLWFYS6vrrLwdfXrfqJ7Pzne9y6foH7EEW6t7j2gdv88t3l8rZctnLr1+Bd/6Rm29dzqLnLr/77S2ufH9NWP3td/nrd3+ctnXzGj/86TUurImk713/gB+9+26a3r3Bb/7fC+zkdX/x/pv89btvLKd/8vMbz8AVs8uNn7/D+2/+jF++sUP3APY3N9ID2JPs863rv+XPfvYuv9zJ+/XONf703be4fPMaP7l+kR+9++PVA9bauk+y7Qd5nR+8DT985++48Z3PEGvw3jv8w9vv8su3un2+yntX8nXdvcHf/PTX3Pje2vZvvZfO0Y938vyr/Kp7QLx5jR++w4nr9jc//Tk31h7q189RoVAoFJ6G53i/4ia/+ul1Lr79Ln+5FHF/yq8uPPnP+U/Lzhs/5kcfXOUX/+kmb7x1md0bf8c13uSv18TiW9ff4eLb7/LLbh8eU01z4veHm9f4z+u/j+z+jt/cusK//vGn3dnL/OkV+PsPd+HyThJW134XSeelE1/f4pdvczIW4Dmct0Kh8MUhhtTXxU4PmYVjZgADsHXLstG3D+jmXe7rvTS9CVSr+XY4o3UfcR+gAttP2yziaqHw7PjKiKvGmOVXficLUaezND8bqiZnjxpUlCiK6RppGUNUqKoKiZLcnVGIxjCcbrBz/gJHs1nOELU0QVGTHKjOGpSTUQAxSoogQLHOrj4XMNbia0+lKa9URFJJv+SCeAVrDKI5I1agjZLOUc4hnduGqppz3KtzaX4NKM55vAeJxxweHjFfLAhBQC2qShuToNq2LU0bCE1LiC0qKTihV/cJsU0u0hhAIsSAs5bDw0OOZzOiBqqqYtH0Wczm3Nm7g6sqXN2jNxozmkyYbEwZjseMJmOqfoU3SSDuMllTzmq6zp0bNcUCmBwNkJpZ6VJgTYIrxqYA1kdk8Gbv7wNtrp6OZyPqn3azdtEAXxl2LnCR35KfKwC48vojpL/Lr3OFd/iHm29x+TKrh5n8oPYfr8NbP1sTQy+/xY+uXOXvb3xv5SS58vpKWNx5g7986xG79caP+eWzqOy/+Z+4dusKP1o+cO3wxo/fJW36Sff5+8uHpJ3vfJdL3fk6/VmX3+KXyyrGJ9z2w8jL/eKzxANcepN/dXl9n+HPvrd8gz+7dJ33V4o6XHqTf7s8yDf411eu84t/vMkPLp/hxq/f48rb7564bv/2zd/yk/zAnNb/Lt8pD5KFQqHw9DzP+9UDP5/Xy+53n+zn/GluXecnV68/8Pa6I/by997k0k/f4Vevvsn7p/cf4MrbK5fn5e/x1qWf8pvf7fLGw+7/678/nPp9ZPd3v+XWle8/VbXLmVcvceuDdEO8/Na7/HJ95uXXufKQxPrEU563QqHwpSG2wr3dQ6w7OjmjBU68tX9y/v3HbLQFOVJiK89mJwuFwldHXH0kJotkz0iHEpEkzmX5LWl0BmN8CpcWoRWonEsiWAhELK6uGU032dw+y/x4TpjPCEFomkC/XyehNgqLRZsFVSHEkKz7IeSc1/T5nbDmvU9O1xAJNqKSclfJjZy6BluIdpGxWFFsTC7bRRuoFw3z+YJe3cNYnzNkU67sopmzv3+Pg4MjZvMF1iS3ZxTJWa2rL6MwHI6o65rxaIiq0LYt3nu8c1hjcM7R6/WIEomaXhtjmC/mHM9nqLHgPPXwgPFsxjy0bEhErWFohuAtogGNAVSWja3SdVh6dRFRohiiscm5ml2sarogh3RuHi1OrgIfzBMMnNMl/N17xqyE1fI3wWdJcngk0e3yyYeZ3Q95n1u899OrXDu11qU3P3nLO298nyvX38kPak9QPv+E7H74Plz6LmcePvMz7XP3IPiLq+nB62T55Wfb9uW33ubK1XdyPMAT7MsncpELjzufFy+ceOA98+ol+O2H7ALv34L33rn64OPllWexX4VCoVCA53y/4jL/6s1LqYoBTsUN7D3dz/knyVztxMbr17n05s8euK9fenX9aHe4cJEsdH7y8aw7Tvc+uPXoPww/BacbYD38NDzleSsUCl8axv4sVdtPYuozxAFjP3y2Gy0UvsZ8qcTVlYj1ZMufaGil+pkF1nWBLDknHcZodoPaZUi0kfSesw5T9fDGUmkPNY7R5JCqf4f50RGHR8fcuXuPl146j689bWxTRuhS+PPQOVJVMDn3NCKI0ZS/6n1yfEYh5ggAYwzGpRJ/YkyCsCpWDCIQTRIlbSsczxv684Zencr5vfeEGDg8POTOnTvcvv0xt2/v0bYB5xyD/gDvK6y11N4zGvbxzlFXNaPhhI3plOlkgnWOGAOqSuWrlKlaVbQh0LYtbUzbs85jrCGEyKJtmIdItJa638d5h/MOXzuqymOtAYmp8ZZqFlhZCcpduHeOAxAsasyqlZfmhl9PMnYeuOKPWfYhA/J5lfB/ZaMBdj/kfS7yp08oZK6iAc7w4VokQOKziKLJRfODLpPtp1e59llyV5+Yz7LPK1fRzWtX+cU7V3mv295n3vZlfvD2lRwP8P2n2cAz5cuQIVcoFApfbT7bHx6XFSG51P2H73Uu0zT/ef+c79yhz4rLr1/h1q9/x+4bF/iH967wp4+ohPkk9j64tRR5V6LqlRz5k7NfH0O5PxYKX13ODf+ECxdewthVL46Hm3oeNP08rtpRRfnwwz8+z10vFL5WfKnE1UdxMg7g+dDJWSaX5afSdIDcib4T9xSssUSS4Ip1WJ8SPl0VsJXHOEsUZdEEjmZzRBXrPb7yiFQpS1QCagzWGmyXs2oNzlmcM6mRlVhstNlt2u2HgrUY41BjMM5jRJAYCFGwBoxxVC65M0VgvmjpLRb4qsa5lL3qnKPX7zEej5nN5iwWKfN1PBrRz3mog36ffn9AXVX06prhYMR0kppTdeHakBpk9fv9FJcgQsi5sqKKryqc84gq86Zh1gZaFOM9da9mMBzS6/Ww1qAiORZgdU0MLF2ropKE1OzcXQmsNrcfyy7W7GB99M1mLU7iC8ZXUlgll9I9yinzMLpSvBuv8v4yEoAcL3DrZKn5U9EJlumBZhlB8LRbSzYYHrpbz2yfSaWEb+WGGr/b5Y03nsG2l/EAv+YScPETV/gMvP8hu1xe7ureB7fg4vfZ4QwXL8FvHl5XWigUCoVnxOd1v0oRNm/lDNffsfvGd57fz/ndG/ztdXjr7Tf5zTsnG0fBacF1l2TePQM8gXv18utcufVrfnfjIu9deZ0fPNUO3uQf3oOLb6eM29/99tanEEvL/fGrzz/xH/7qf4d/81f8+TefZn7hS4/CaJwqRNerWDvTzfq0SM5YtfaBeevT1lqapinllYXCM8S+6B34NKxE1JWY+qJyJ5PGtcr51K403TiwLjdSyo5JkwU+0y1jiVgiECQSoibBs6qpqgprs1AoEVXBmNRDy3uH93b5ZZ0Dm9yYkls7YdY+T8FYjxpLEKUJkSYIooak+DrA0oZIE2LKj7We/mDI9vYZXn3lVb797W9z+fL/xLe//S2+8Y2LvPrqK7z2jYt869JrXLr0Tb752kW+cfFVXnnlZc6dP8vW9hbj6ZjRZMR0c8rm9iabW1tMNzYYTyaMp1M2NjfY3Npmc2uLycYmk80tNre3OXP2HBdeeZlXLl7klVdf4fz580w3pkl01kgbAyHGdA/oBFKTIx+6PNosbMdOWMWhpvuyYFbXZSmgJkPwc7y5PLn43930Tk+ffv9J538puHktdfL9i0+T65lK8d67fp1bl15dE2VTyeF771zj5uoD+NXVq/zq5sO2c5LdGz/nhz+/we5y1X/kPa7wp5/VDXL5e7x16T3+/sZyy9y8dpUfXrv5mfeZm9f44dW1dXd/x29uXeLPvrPz2bfd7f5bb3Pl1i1urb2XHsB/y+/yIe3e+PUjE+GemFvX+Y/dft28xi/eu8Rb37sM7PDG969w6/rfsTqFu9z4+VX+Zu2cFgqFQuEz8jzvVw8sm4TES9/9DjvP7ef8Ljf+7jq8+Re8cfkN/u0D+w+89+vVZ+bM2X/9xNbcy/zplVtcu/7eU0YCpAZi763nvgLvf7h7cv4j1y/3x0Lhq46i9Hq91Oy5qnHOUVUVdV3jvcc5R13X9Hq95XSv16OuTy5bVdVyutueFnW1UHhmfGmcq+viVPfyRQirK+cqrLsblVSObqzNcQSpcz05MiAtbjHWYb3HeIdag2jqco8hlcFHRwjdX5Y6yVRy/ADJydp9OfP/s/c2wXIcZ7re82VmVf+cHxyQIAlpwGvCIZm+I9lD23Bc63oC2EyExg5u5sasAC1mwSG2CmojiRtupOFGDG2p4UKLgVaO0YaLUcTYYSIc0o07iDBvhEYOXukaDJEecUYgCZI4p7urMvPzIrOqq88ffngIgEA+UvN0d1ZXZ1U1Tp16+/3ej2xFXQqOYvrHKW5V8VEJEYyC5jmIdVkEFkKEEJWQOmVRVyNG4wlVnX5Op1M+/vhjFosF49GI9bV11tbW0i9457DGYIwDY6iqCkXxwaeuhsYQTfq1ba1FbBKFrbNp7xmb3LxiqGuorEFclcoeRAgx0PqGNvhlc69OE+0aO2l3DCS7h7soAJPEbrG7RNVdx5Sjajt1OPt9XjtB9CDhdD8Oe839z9Vcaj/k7LLT/W3w9JmzcPlyvihb0ncGvri8FLlVB8iJc89x4RcvDppjpPLHg1+63/YMS/L7NXPu2y/wzsUXeb5f9Xm+/+2nP/Wce2fprtcu+0J9inUv34RvvHCWy68MLu+6983bf/r8C1w4/Qrv3M5qd3P2PE/+9CLPX927HTx9ge+ff5nvDvb3sGFJoVAoFA5nv1zOveeDz/B81UfNDOZx9gV+1P0ev5Pf8wc0tOrOxSd/9uJKg67uPP+DS2eWea9nn+SdFy/y/OB1t3OKTH+PcGtfxF5OUQgrMz3/veU+4ATnnjvPz19c7v+zL3yPCz99kUs5az65ZV/huxd/kf7eeBDPj2+/TjJjPktnxrx+5TV++OYzfPPP4X/74Zs8883nOLO1e/k/5tprP+TNZ77Jc8vB7Oz8Jif//qCxA1yf16/w2g/f40/+An784yvpuTN/wUt/fI3Xfvg676YnlvO83eUP4PqV1/jh6+/m15/hzG2OFx4wdGioifjcALtzqoYQMFmD8D6kWL4qxRX6EHqDWgiBkB/3xpzP4+VkoXCfIvoZKTRXr17l3/+H/yc/WmZ/rN4AUYxJDaKGoumqmLoqSsmuRu+ry9p8Lwua2kln8UgqvTV/vxPp8lyH6ZzpOWuEGAKp/VPEKIgo850Z//Le73j3t2/z+9/9EyeOb/E/PPPf8l/8q1M8enwTQ6BpdljMtmkXOwTfJmGxaVg0c5rGM5vP2NmZMW8a2jawWLRsb8+YzxcsFg2hDRgxiBg0Ku2ioW0WEDyVESajmulkzLh2OGtwApUTNtfX2Dy2ybHNY6xvrOMqh/eenZ0dPv74Yz755GN2dnaoq5r1tTWmuVzfWYs1FueqJJRag2898/kiuUxVMWJx+Ruz0WTCaDymrseIzUKvsxhj6Sy6mkVYkdQ8q/Fz2raB6FEiTkDziUT7Y21YeKVtI4soNFREU4EdgU33ozhijhBAJUmtklyrnbja/2Pom5bd+T+P9E9r2UwMDnaXdiUce1+/9/Fh4up/9998idOnT9/xnPfj6tWrfOHkySNdZ6FwP/DrX/+atfX1ez2NQuGhZ/vGDb785S/f62kUHkLeunSRHzBsrHVHK+H5K2c+3ToeQg4/B+8WPa9z5bUf8t6fvMSzT6X7Q5H07ddf4u9Ppse9CPvcGbbSIC/9/Um++dwZOGRsa79pXL+SRNEzf8FLzz61fNwLpLvmcrvL7/uWr/HD10/2Auzbr7/Ej6/AmbwvbjZe+Hxy2HnwP775Jn/4la9Q13XqXdK2qe+KtQTvCSHk6tdU6q+quYl0xOcG08aYFMsXY+90bRYLfvWrX/FHzzxzl7e2UPj88cGHH950mc9VLMD9QNeT3mjM4qn2wqqSxUHMiizX3RdrqMYjpmtrTKbrVOMRYi0qWbTN3x4l8ThnqaqCBrS7ERGT3JsmZ62a7paFw6Dgo+JDoPUpazVq5+SUrEUajK0QW+FshViXc0qTi7XLc1mStkKJRA1oDGjwaAyIKNZaXOWwzoERGt9wY/sG169f58OPrnP944/4+MYNZvMFjQ9EBHEVxjmMtUlk7QTWvlo/1esLyambnlwtg+9uIc83zTnnq8ry1sUIpJ2dxXtJouzy2JKP6d3jc13OXygUCoVCofCQ89aVO40EKBzMU3z1DFz55dvp4fXf8Oa7Z/jqUwBbfOmZU7z75m+4DsDb/PLKKZ75UhIrt770DKfefZPfpEHe/uUVTj3zJbZuMnYwp3j2j7NqufUlnjkFp5794+w8zXN57/qnWH7IdX7z5ruD5eGpZ/9i4Ey92XjhgUTJvUdiElN9wDctbdPg25YQAm3b0jQNPoutbdumMR96Qda3vh/v+p+U69BC4ej43Iqru3Mp794bA6orftXOqg8geSSJmZKzPpOwZ61jOpmyeWyLzWPHmEwmWOdQUjRAzOvomlelyvhOYEz3rZCbWi0F1a4MoBMQu1+Yjfd5vUkwbX2gaT2tT42fjKuo6opqlPJYALwP+E6QHQRmG2Ow1mJN+siEkH45x5iWQyLWpViAqqoQY4gh0gZP61t8CP02KqDWJHeqs4i1SM6OVSN99ELe1StO5vTcQFiNSVj1eR5RlSiAyRENxmQRVbLrWIdH7q5WQhzkRIX9m7IdFHtxr/OGC4VCoVAoFB56rr3BX11Mztfbi9op3ApPffUMvHctCajX3+PdM1/tBcUkkr6Xx67x3qln+NJWP8gzp94l6ZfXufbeUng9dOw2OHni9l5z68tf5713dy+/xclTtzpeeBBR1f6aO6oSNab4wO7aemAy0u5x7MaHY3FlfK+ZqlAofBo+N5mrq9y7XwLDbE6BnKkqe34xJUGyqwZPY85aJtMJm8c2mc+2qQ0pezWLiSE7Q7ts1SjDKIXlfSOCtYI1ghWD7ToAovgYCDGAQvCaYxHI306lJNJRXRFjRCQJviKgUVksWpQdokZGoxEi0PqWoLEXWMnZLm3bIjkgQTWkHNV6nPaHMTjnqEY1ml24dQ7NHk3GVKMaVzmMsxhxiE3rlZjEz5jL6WPMrlRd/uLv5trlr6qmXNkYDTl+BkEQMdA1sdqVtdpHOOybwHpv6UXkfntXZ7jf56xQKBQKhUKhcPs8feFVfnSnLz5xju+8eu7myxXujKe+ypl3/57fXD/DiV9e4cxXn12ObX2JZ069zi/ffpata2/CM38+cJ8md+jrv3ybZ7eu8SbP3eg5rwAAIABJREFU8OdbNx9byTEll9nfvu56W3Ql/YlTPPvNP/ls37DwuaSrcI2D68OuelVjJHQaQTZcKaTG14O8VWNMMk3lC2aFXqMoFApHw+dCXO3ck8vHq5mrN3k1RynGpqZJ6b7Jwp3p3JC5MRWAQfo5qgiRiDNCPaqZTiesr0/B+yya9j7N5KzsnbGrubOmE1rTm+1aAmLMrlUfAUmiaEp9pY2Keo8ArQ9JuCQJuMY5sILXgPoWmvS8s7Z/H1vV2BCorMW6JIxa53JHQpdzc/Mve2dxo5pRjNjRCGMsrqqpxxPsaIxUFSFnnUaNqQcXZrn/ZHnEgkZiCIQY+7l0395p54JViDEQFCK5odeg7D/tfwikRlciZrB/dfDz7nCQg7UIpYVCoVAoFAqFAqRogHf5+99c4eSVMwy11aVIeoWT78Ezf76qgm596RlOvf5LrqTBlbL/g8a2zjzHS3s6Rx39Vg156tmXeGllu65z5RS8ee06PLXVP/der/kml+rB44UHkXTtmxynMaRr444Q0+OYm1SFPBa6CtMQu5WkZbPBqnPCaiwCa6FwVNzVWIBlvqSCJOdhx15dKbki0203w3RMs+t+R36txGXHoiPBIjiE1O3eKFiSSu0AqxGJAWO0FwHT9qUsUWMN1ahiNKqYTCp8aBHJaafRIxrzlshgq7pvoujjAECytT8meVBSLqkxhoDioyYx0RiiGKIIAWhiZNa2bC8aZu2CNgaa6FlEj9dA4xtmiznzxZzGtwQFUzlMVTFeW6OaTqimY0aTMW5UI9mBKlZAIm1uOmVHFfV0wmR9jfHGBtX6OnYyQStHo7AIgYUPtBrRmI+3SUbbdOSWjtW+hD9/Y5fyVSFG7U8wIQb65lGAGIOKJYohYAiS9kPKYM0ief+hWGax9nmtKve0eeJBjtUSCVAoFAqFQqFQeBh46qtnePf117kyiATo2PrSM5y68jqvM4gEWA7yzKkrvP46e8v+Dxu752xx5k/O8O7r/xc5bZa3X/8xV255vPBAkg1JMUZCTKajEMIyPzVG/PBx6GL+0jVyCCHd729ZkI3xnl7vFgoPGnfVubonV1KWzycO/+e9V1C6VaFppZD/ztD0+vRDlrJcFoulG1Pt5eAkeuYcVgEl9uXspssW7QTSnH2SlcYkxObIgdTRXnph2hjB5rxVEVI2qxGsTfmlxkRCzoFNbk5FjQFriQbaEJktGtzOjBA9PjjqyuCsxVpDVE1irjHgHIhQ1RWRlLlaOUflLFYEJ4KzDutszjMNYA2OCqxFsUhunGWsQ1yVM1YtmkJlu+SCdD/tpZwnswzZVoWIoCEJqilHJqaTS0wZt0E0ifRGcnOs1FwsZseqiqBiEO2Oh5ICWjv36lH7nPfnZqX/hUKhUCgUCoXCQ89TX+UMV8idrFbJzaLYtyFVcrayn/B66Nh9wFPP8s1nX+OHL70EwKlnn+UMr9/6eOGBo8tJjZoqXFcqWHc/hqUIMRhbWR+D6+wSDVAoHBn3RSxAKvvfb+T2RafdEQJHi6zcE1WW/sYk0PW/nnIZf0zt/chSXhZTwTiL+pDdrVkAVUVjJ9imdXTirKApakCTW9Ys+1chXbMp53CVI4Qk5IboiTF1AhQxiHWIREJU5vMFSmSxsDRtxWRUMR6NqKwl2ohomr8RwTmLcw4kJmG1rlI8gAgGSQ22XAXOYawD43ApPRYkPUYsmE78TfPtc1xNLuPv3Mo6CNnuA7mXJREhdKHemptkdeKpQcSm9zMuiatdAzKB3g8sDE4k3fsOZdX7Q+wUkRUBdvf94XOFQqFQKBQKhcKDx5l9tdXE4Q2pTu0rvN58rGfrDM+tZAVscea5l3Yt8hwv3enyB77troiCM2dua7zwYNE3dB7E4g1F0f5xFlT7kd3LDgTVvhnW3duMQuGB5y6Jq3KAeDpk9z/tOxe4PjuBNTlUQXvH6m56jXDPk5JKzVOHJ6xzqZQ954PGLMzqcvFcvp5WZrJT1eQZiGoWd5PQaiW5WZ11eJuERy/k8oGYm2+l360+BGJIMQBta1BJy8cItbUE5xClX581qTmXMYaqcozqito5TM4uTWKpQ6oabBY3hV5Q7RtLiYUctD3MaF3GNuT9qhGNAQ2hF1WBvlQ/AkEhRMVHiJoEZowDWyO2Su81DG9dmlP3HNMUJ6Crz90nbtKbNbQqFAqFQqFQKBQeSN7+JVfOfJVn9xu7/ptdzapWBvnNm3uzWG8+Vijch6j2Gakx7spczeX9gdW+JMH7VAkaYn8JHEJM8QIiAwNTubYsFI6K+8K5CrfbpOoekMW/FOvZdZofWvDTc4rptyPm5ldJ2MwZn7m7n3M1xIjJJfJJHEwuTmKXPZpK5JEkdFZVlRydPmCyzLr830BktYYQIiY7G2PMAmLMGbAxIJozTaPFOJvcn1FpraV1AaJijaGuHc5KmqsxONvFAlR9R0JrTCrDtxXRpIgCjMGIA2eTmzQLqyrLXNwUoNAd+E5ajpicW6vBLxtQSRchkEr9g0baCD5AFMGIw5oRakaoqVIzK+2yaXMTsuXXeIPj0pVDrB5L/QwCAnY7TQ9znu6ODjhsnYVCoVAoFAqFwoPDda689kNef/cMf/HSXtvq26+/xI+vnOLZbz6313369uu89OMrnHr2mzy3e/CwsULhPqXrW6MDkTUP9I+lv+6PK8ulZQevVSXmhlYatYirhcIR8hmLqwO7ut7MhZcFMA6KCLjNd/6M8iyzB7V7l9WBA9y2abOyBCopD9RWFaIR41zKILUG1IJaIp4YlJgzRbsM1Mpa1DmC9ThjscZiTVxms+YZGGN64bOfQ99hMKA+IERUUp6qbSOKJ0aS67VSnAij2tG2ntoZNFagSdJN2mnKeO3eC7EpvjS/l0h2g2rSOVPDq0607I5P961bN/OYHbkR0dCLnpo/G6mZFfigtBHaKASVtB3GIaYCcSiO2LcD696hm1z3oxPHl+UQy92lBxzJo+dmIuqtiqyFQqFQKBQKhcKDQSqnP6jY/alnX+Klfe2swFPP8tJBg4eNFQr3KX0swC7tZLfOsb/uoUujEsvYgBQLsF/j8EKhcKd8puLqbpfe6iC9Y3F3Gf8gcvQQZNfP/Zc5ekfsaj6nkONNBtOSgfzauSCTsGoAk8vra6KAtSaLjiaJrFhiFIIqftAJ0KqiIblWUXDGUluLt5HWmlS6n4VPS8pKTe++3E9RuxsQFZVAUMBGQjSEENAKrER8ULyP+LalsUJdV1grxNxxMJgIEpNYnIVz6Ryo+Yd25f1ZyEwOVlLGal/gnyIOVDoTaXoNmoISkus0EoKy8IG2DTSNJ0QlYlFjEVehMiLgUCza/0yuV4MQMTmSYSmQmz4OYFVkvReZqwd9CbBbVC05q4VCoVAoFAqFQqHwkDC49ut6lxhjV2L2OtNTJ8J2/U2AfD8Zj0QkRft11+7lurJQODLuWizA7m9aetlvj6Yku267n9+97L4r2fXepG9sMIcudzidEzPdlrPZvwnS8r3SeJTBVovB2Co1pjKp632METuIBlBS2X7rPe1igXpPbAOh9TnQWrHGUlWK8wFrA8YEjBjy79kceJ3DRoXUbApJDbRUiR5CDEQT8BVMqLCGVG7vI03jmS8ajCijyiGkX9Qg+ADWBZxzWOuwFqxL7tWkoUrKdPFZQO2aWVnTi7FdzqmQYgeUnP2qXf5LGg8hsvCB+cIzbzxN04JYqtphqzG4mmgsURwqXd6q6U8eqAAGlSR6m5Vv+mQZ+dA9pUkMv5/PNUVkLRQ+PXVd3+spFAoF0r/Fz7YhaaFQuN8o5+BCYclh58HkSUvXr+na20J+zphBpaYIVVX190XMPsuma/mUuDc0hBUKhU/L/ZG5emCzoV1ju/VZHfw8jM5J2blNP8Uf733vpfzmw1LyvdPuhLtlSXqX9SliUJtyU2OEoLmQPbtgY9TsWg0sFgv8YkE7bwitx0p2udoKay3WOaxLAqs1DpEWMH05PZC/2cqNpERoGiX6gI9Ku2gJCkYcziqtj8wlYKTFiEII1HWdfKZi8VGxbcS5isoFjPVY1+KcQ036pW5dygOI+dszMR5RC+qSwGoMYjqLchKBNcR8Gx43wavS+MBs0TJftLQhYJ3D2RpTj8HWKIaIIUr6Ji9lFCydq4LQFz70x6RrZhUPkMh3H9E75WhzVlfW/BnFXxQKDwMiQgih/8OzUCjcfUIIg+qXQqHwsFDOwYVC4lbOg7/+9W/u4owKhcKdcO/FVc1l8YPy/T2/XHJjohXlK5d49z8P5IgzV7MwJ51SeiDal6Gvvt4gOIx4FAO5bD7GlL+qAQgx5aFol68CMShN42nmC0STC1WqALaicjXTqQUsMcyYt20fUm1MaigVlRxinRprdS5WYgRXEYCF94hG1Bu08hArKmtwTpk3ARWLWE8UwUYhBMWH2Oe7OmewtUM1YjVirc3uWbBiMZq2NxLQKCSd14BJzt0QFA2ajqlJjtgYIDSL3rXaRhBbY6pxaqAlthdWkS5zNcUPyPD4qCIqaOc+NstYgs+O8l1goXA/88gjj/D7a9cAysVdoXAP6KKPHjtx4l5PpVAo3GXKObhQuLXz4L/5n/7NXZxRoVC4U+6xuDos678VIerOYgHkCAVWFelFu4O+XBI5oKQ8V8KLpNJ0htmsuVufDjr7xRCyIBrxMbBoW2azGdHH1HLJOqSqk1AqFlVwoxGTCD5aQhTifEHjPSGvI4aYYwEEpEIcqDUo4KPSEHNDqZR5aqwhIKhdMAqRVmEUoKqFqjJUKM7mnFYiagQRn/d6EpdVlZD3S2VzAyxjUA143xLVE4ISfCC5ax0aBQ/MmsAn2zNmixavYGzNaDKlqieYagTWATZnETgQR+z2rAzTb9NnTHLDtD504JCPxoq+f4Q66ad155RIgELhaFhfX0dEeP/992lCoG2aez2lQuGhoaoqjDE8/thjrK2t3evpFAqFu0w5Bxcedsp5sFB4sLj3ztUeWapdOSMzcR+KSEJypQKHdZZXIlnjS1KqdrECS5uuiCCRPstVNZJspopETVECMUcHBGXhPc2soWk9IQWpIsal/JVqhHE1VVUxHqXV+KgEhRg9qoKPSowptMAYC0aSc5hIiErjYyrRbwPBR4LCoo20ITAa1UybwHjsmUyU8TjntoiATWKxUUmRBlGRkDNTYwAJhJAyVavKIc7ivSfGkLY5i80xQhs8PnrmrbKzaNmeB9oIthrj6gmTtU1sPUaxRCCoSc2yTBJaNXc+lNwsjdzAa5D0iwiEdJBSggAxjw1bgN2Xn75CoXCErK2tlT9oC4V7QMlYLRQK5RxceJgp58FC4cHi/hFXU1JzfrC7kdV9gg7ktm6u2v1nOc/kKhzaHkGk60gfV9MNuqZTmsRUSUpoumkubVdN5fEx4r0yb1vm8wWLNtAGJSqIMdSjCaPJGq4eEdRgXIV1NTZAiIKEiEokakhRA0YhgtgkbMeovWPWq7JoPIvWM6oaZouGelQxnTdMpxPW28hGALBo7j6oohhNWxhiymqNMeKDJ8SIdY4JgopgVGlbT4ghn1SSEOpDZNF6ZgvPzsKz8IrHYesp9WSd0XiKG00QWyX3bQqCBUnxB4rpbaYRTfsvi9QpbiCLrnQ/I30zq4GSeh996gqFQqFQeOAoF5SFQqFQeJgp58FC4cHi/hFX73u6NlZdq6rd3bVuhb0+yK78HsiiqkKISEhiq0Yl+oj3Hu8DbQg0PrDwPjV4ajyLpiVGsNUOo/GMajzB2hqMxQcFDJIdrpLts5H8XqLpufy+IUR8jJgQMUQWrVA5y7xpqWrLZN6wtmhZtIGmjbRemTae0biirgxBhRqDVcGEJNZ6n8RVF8FYT8RgrdKGQIix94qGGGnalp15w6zxLFpFjaOeThmvbTIar2NcTVBBfUTFZAfx0kXc5dSKxKVrtf/JUuhe6WC133G5eWxAoVAoFAqFQqFQKBQKhULh4aaIq3eAZjlQ872DSseTQLfqihxKgTJYzgCGYSxA7MXWECKLRct80SQxtU23edOyM08u1qYNYOYYN8O6CutGWDdiNBqDsclJimCsxaiiMblKFfpsVwkxxxGQHKFREY0YH5g3HmthNGvZnjfszBpubM/55JMdppMR40nNdDpmbX3KaDymcg5jbXLdxoiIYAN4XVBVEWdzSX8IRI3EEAkx0LSeeevxCtiaerzO+sYWo7UNxI7wKjSLFtWIsRUiZmkojn2SanYPx5U9naIZ4kp+qg4NyCtLFgqFQqFQKBQKhUKhUCgUCodzn4urh6Ve3qoAdrRCWR8Lq9J7WQ9/Z10RUSXbJyWLriKCEcGQutl3DtIud1WDEkOkbT3zRUvTNKmx1SLdFk26tW0gikcXbdIYTYVzI9bWNrB11c8ioogRTM5KjTESssNUNC8lZhmBS8pJ9SEiPtJ4aH2gaVp2dmZ8Un/CuK4YTWo2NtaYrq8xHo9xVZUFVpOEVWtxzuLmKR/WOQci+LZNDbdCIGgSYaVy2GrMaLLBaLrJaDLFugqvBh8jQRVUkJX0BVkeCgUV7Y+BSNq3A3/r4Oiw6yMig1tJXC0UCoVCoVAoFAqFQqFQKBzMfSiuDsUtdv3cLZTul9F60DqPSigzoEtHpErXOGl1Kc096/fMWkml+ORGVwJGBEGSuJldq+pDukUlxoD3WVhtkqi6M085qE3jaX0qr1cxBA20PhA1YG3AB8VWDjEWay1ibcp3yZNK4q4BE5NgSZf/YhFJOaiSHbWRgAeaACw8vvXMd2ZYK1SV46MbN5hMJtR1jXWWqnJUlcM6i3OOylW4ymGzuCpi8N7TBo9mV+1kOmZ9PGUy3WBtYwszmqJiaXykjS1BBbEWkzNWk3O42xj6xmB0TcRkILD2H5ddbuOhSKsrPwqFQqFQKBQKhUKhUCgUCoUDuW/E1dVA591q137iqPRjmpXN/TOhj9iBqDkUQHTwVNceqYv1zKXpAwfkUs5LQqqR7h4YUSyCaEgZrFHREAhZYI0+pCxUH2mayGIeWCw8i8bT+IAPMcWnZtEwJh8sPirtfAYLg7UW6xzGOax1GANGUgarMQaDQy3Z4WnASN7WNG+Ty+ytJKFSJRI0EmNAYmQRGnZaz2inwVqDiCZBtXbJsepcmkOeh6trqqoCMYgxjEcTJvUIV69RjdcZTzeoJ2uoVMzaSOs9UQxiHNbVGGMBiKpoXObhao4CkLw/eh3ZsPwoDT4nRknr1VUpXAeO44M/Cjf/XB3+2SwUCoVCoVAoFAqFQqFQKHyeuW/E1SWdCzT2gut+wtTyuZs1ltIDnr8zYlScyU7TXkQl5ZcKGGOT4Cc2y3OanKmapD8RwZgkPo6cI8YWg1JbA74FDaCBGDwh5iZWTboFD94rbd9MKuKD4hVCAI0RMQacQwP4GIkxuWjFB6T1iOmEToNzaVuszdEEJrlBVUwOI106XK2xCAErihD7eRI9KWwgElVYtAEWLd63CEpVWeo6vZ8Yg60szlW4aoSrK0aTKWsbG9TTKWubx9g4dpy1zWO48YRIRQhJJI5IbsplwRiiSDKpivS5qekjoBgLBtMfH5FlPytU+ygAQxKi7e7+VvnOyidL5JbE1KPgbr5XoVAoFAqFQqFQKBQKhULhzrkPxdX7GysGAA0RJQl5YgxCapQUOlFMNTeRSojEbHY12R/p82KaxVbpH3cOzBgCPgR8G2hbT4yKRlBMuqkQg+J9pA2pOZUYBwJBwYeIMRYVSTmsQSF4QohYawlBaUSYjMbJSZs6PuUOW5KEYFKMQJQ0czWKM0olVS+0ChGLYm0WnKPS+jkaAmKSuB2jIhpSFqoxWFXcqGZj4xgnHn+MRx49wfrmFvVkgnE1KpbWKx7FmOS4xTgiQlBSNIMkh24nlC6JKw3Elgdhr4c5Cax3Jr8PRVDZ9Q3AyvNShNJCoVAoFAqFQqFQKBQKhQeR+0ZcVdXDBar7BCPJjap0eakGDLkxVEgiohiMS45NEYNBiaFNYmPeTmsdgZZ50xJRvCbxtWkDi0WLD8mtGWKgCZ4mBNrg8THiNRJVCarJJZtvUTsBMwURpEzXJNyGbjmS+zaSMlRNFkONSMowNSmX1diUi2qs7bcZWDpaDYhRLL0Wi3Mpp9Ui1CNDCAHvG1QDAimHdVQznk5ZX99g4/gWJx59gsefeJyNY1tU9RhsRRSDD5pyZCHlxFqbGm0hxBBRzY5VkT4OITlT44pQ+nmQNXd/zotrtVAoFAqFQqFQKBQKhULh88F9I65+XuhDBnJ5v7UmO01NyiDViLWubxSVXK0K0QIRDBjnqEeW0ERaH7KQqBhJztcmBNpcCt85UENI2apBIzELjzFqcrNmwVMwkG8ipnejJiF4IDkOXbIiNL7FZA+nmJAEVZvXb0mZrKIYYlrKpluwYIl0Ka8hGKwItXNYJ1hrSVKrzfEAFePplI1jm2wdf5StRx9h69ijHNvawtV1Kv/3HjUOFcG4FK2gKsQYc3eqLrqAtM3dtuT/KrrXKHpE2vx+5foHCf+3KpQOx4uoWigUCoVCoVAoFAqFQqHw+eKeiqufRzEpZo9k1vZS5mcO8TTGJMHVVYQYadoZIDhrcyMog7FQVTXj8YiGkEVZCCpJ1HR1KotngY9KEyJtzAKsKj52jaSUEHKmqgpoToFdEfsEjdI7WRHpheFOKAyq5FADIELQ1BwrQvBKa3x26IJkcbUySmXBWXI0gGJFaXOWrDMGYxViRAmMRjXjyYi19XWOP/IIW488kmIAjm2ytrbJeDIBDMEHQlBi8IitEJuSU30YiKtGEHEYkSy8LrNUu22GZVOxg3TV3ul6BBwksHZu7GUy797xw/g8/vsoFAqFQqFQKBQKhUKhUHiYKM7VO0BVQZWoAqF/NjWKchUYR7toaBqPiMEal0rbSc7WoIqtamwcY7NjswkBA4itsFVNFGHeehrvU+Mqn12uMRJiFwfQNfxKzajStGTZuEnSvDphddgZrBPukgBoekeuiKTXqhI1EmPIbtCU9CooXiJtzl61RrECRhQnBjFJXK0qQ+Usk8mEra1NTpx4NAmrx4+zvrHB+sYm9WRMVVWQhVJjLEazfK2KRgUxedqmF1OHDar2mFSlk4r1CNuYDdd/+6X7kuMLilhaKBQKhUKhUCgUCoVCofBgUcTV20SyUzWm7lXLASXHBDiCpixW61xys1qbMlK9J/oGIQKGUT1hMt0g+IadsCAYkBhQsYQoLJpA2yqtjzQh4H0keCWG5FxN80nuziQldiXxmv/flc3vlRmHQl+MsXdYGumcuampVickA0RSZqziiT7gJWIFnAERRVtPPbKsTSZMpmscP3aMEyce4fHHT/D444+xeewYo8k4Zbm6mi63QDUSs/hrrU2O2tjNMQus3TZKmlnvWO22bVfsgejB7tSjkDiPOgf4fswXLhQKhUKhUCgUCoVCoVAoHE4RV++YpfMTstgaIxIDUZOwOjIOBUKILBYzFvM5BJ9kQjGMRqmx042PPmA2a2jUUxuIPhICxAAhQowQoqZogE5YzVEE3U/p4wk6D2rKXSVnliZBcikrrna6N7u2CtCYfyiqMSe6pnxVNBCiR4mITYmrzgr1uGZ9bcKjjzzCEycf4+Tjj/H44yd49NHjbG1tUY9GqKR9FSNEAWMk59JK75pF8/w6oTG7aDW7WNPm66qgmpdL4QYpvmA/mfKovaMHiaJ36lLdr7FboVAoFAqFQqFQKBQKhULh/qSIq3eICH3GalQlEtEQiK1HTIVxDitC27bszGZc//ADZjszRpVjOhmDCHU1Yn1jk/n2DRZ+m8VigTdA9PgIESGqoBg0CjF0DawAFTT2WmQqo9fs6EwW1F5s7MdXNmB513Tm1rQgSkzO1yyCEgPGGFQU0YBqQDQiRrHWUudtOvHIcR595DhPPPE4TzzxGI8/9giPHN9iOp3k8n9ogyf6mMr7s9PXWEvoDbLLeUrnVI2Kxogae0ul/lGT87Y7Th33uix/v4ZYhUKhUCgUCoVCoVAoFAqFzy93VVzd7cq7mUPvoGVv1kDosyWJYykCwCbBrCur11RijwZido/uzOdc/+gj/ul3v2O2s8PJxx+nrkegBsWwvnaM7cknLLZ3mN+4QeMbDErTRnwUQkwCK3Tu0ty4KqumS3F1eev2RV82L/2T6ZnsEO3zQ2PIYqvJ6x/0h1JFiDgjKc5AuvxVYVQ51qZj1tfW2Nrc4ItfeIJTX/wiT5x8jM3NDTY31thYn+KcJcZI61tC8DnSIO0/5yxiDDEkz6kIWGMIKkSNdK5cJOu/qmkO+x3n/JxgQMPe8c+Agz5vt5LNuuoe3rueIsYWCoVCoVAoFAqFQqFQKNzf3FVx9dMIn/dTuXRqICUYY1YHjEHEokDTNPgAN7Z3+OCDD/nd794jhMAXv/BFtrYeoapHWRQVxuMJ4/EaO+4GTdsmt+uiYb5oaFqf3KPGpoZPkkTZGJOLNdJli+aS+IEQKUhufLVrA1aeSPtVlCzCJuHTQCr7l87kGhFRTM6WHVWGtemY41vHOL51jMcefYSn/tWTnPzCExw/vkVdOypn0Bho25AbVMVU009E8v6zxoAYrESCEYwmx67J09QspDqxKIoPAbGAGHR3kX9+KP1/9sYA6HKoUCgU2N7e5v33309fALXtvZ5OofDQUNU1RoRHH32UtbW1ez2dQqFwDyjn4ELh7lPOv4XCZ8PnMhbgMKF1v7GjFmZFBJPXF2PsG0JVtkJsResDzWzO9mzB9esf8eGH1/noo4+pKsdoNGJ98xi2GhGDpyUynqyzcaxhPtumbRY0sznzhWfeBGaLhtl8waJtaYLHx4BqzNmiOX80l/VHGKiJqaQejVmo1BVRsXevkl8k9LmnIoqRJHomcTXlr1oRnDGMqpq1tTGPbG1y8onHeOyxR3l0a4tjxzYZj0fU1lFZ278vqklMtYJVIQbJuasB71uQFK0QkCIaAAAgAElEQVRAH2sgiFisTQ5WUTAiK/3DOketYlYjDvL2dILz8Lj3kbSFQqEA3Lhxg99fu4ZzjrqqqEejez2lQuGhIoTAv/z+9zymyvr6+r2eTqFQuIuUc3ChcO8o599C4egxN1+ksB9RI957vPeEGJK4WlfU4xEIND6wM5txY2ebhW9xVc1kPMXZmhgVHyKN98zmDWod1WSd8domo8k62IqgqZnVoo3sNJ5F41NDK1WCJkE3Zb1qL7TeLr2wmhtVCTFlqWoAPJIbQ1kEK+AMjCrLdFKztbnOiUeP88Tjj/GFJ57g8ccfY2trk/GoRkznTk0SZ4wB37aE1hNDBM3vQ2qWpRrRGIkh3U/NtCLGgEkWWjQGNAZsp6UOXap7UIqKer9yjTdevsjzFwe3S2/tXeytS6vLXHyZN66tLMDfHPDaa2+8zPMvv8G1PSOD8T3rW67zb/aZzlFws3kV7j4ffPABzjmstfd6KoXCQ0mKB3J88MEH93oqDwVvXdp1/t19TnrrEs9fvMRbK4/3Oy+mc/lf7T2Rdi+843P0p+WtSwf8XVG47yjn4ELh3lHOv4XC0XNfOVcPy588inUf5XpjVNBIiBEVsuMzrb/1kbZpaNqWGBVrHa6qUGBntsNHn3zCaDTCiGHepBIYxVBNpozX16nnM8z2NmpneIU2RNqoeIWg4CO0GoldkXt2nQ7lxM4J2tE5VdP9pTJpAGPSvE3aUXSBriqgRvJyglWDszAe12yuT9na3GBrc52N9SnraxOm0ymVczgjSRglfSvmfUPUiKoSYgRjsZXDWcHm/dK2ASFgxUB2qXZOWmNSxqyGgKz8AZZF3Ns8dsP9VCIC7ibXeOPlF/n5177Hj759YuW5518+z/e/fY4TkC7mXoFvvfoqT3cvfesSz794kXdeeJVvPD1Y5eVX+Jszu567Ja5y6bU3+Er3noWHElXFlYu6QuGeYq2l8f5eT+OB561LF/kBL/CjV59eee67F9/lW69e4LDT6OVXLvE/3mSZA154h+fowsNAOQcXCveWcv4tFI6Wu+pcvd3mPKp6Rw197k4ToNzYyqbGTIjQtp75fJ7zVj2oULmaqqpRhe2dOdfe/4D33/+AoODqEWosTQz4GBHnqKdTpuubTNc3qSdrSFUREJrgWfiWuW/xMYJIEj6NGcxmuf3DfSeSmlSJLIVVkWUJfWpQFfMyihHFCDgjVNZQO8uocoxHFWvTMZvrUzY31tncWGNtOmZc11hjiCFAbnqlGgne40NLjNkFa1KcgqTOX8mpGlpiDCvNtpKomkRfA1gjuMpm8VqXt1znn1MRVm4HctMFCp8Z1/6Rn189zb/9ylDOPMG5585z+uov+MdsY3nrymU4e2b1Iu7pC3zrLFy+MnSjnObs2dNcfmXgsrlVzp7l7NWf8NcHum72c9esOluvvfEyz196a8UJ9Ddvdc7Yg1y57/J3L68uv8Iux+5w/NobL/NXb7yR3ECfocP2YaJpmns9hUKhACVr8TPnLf7hMpw9s6pyPn3hBc5ymX847Hxy+ixnT1/mB7ftBr21c/Qep+m1N/irQXXJW5cu8ldvvDWoekljw3PvXgftlf5cubdSZVcFzZ7z/CXe6M7jpdrkM6WcgwuFe085/xYKR8dnKq4ORb5O6Nvvuc8bqrmVkjFY53DOISK0bcPOzg6z2QzfelSTWGiNw1jLoml475//md++8w6z+RzjHOIs0RiCCGospqoZrU1Z39pkY2uTtfUNRpMJtqpRhDYkt2xqXJUPX9eZvs8aJTWn6m5Z8OwEyXQ3leabVHOfHpMeG1GcFSpnGVUVo7pmbTpmY2ONrc0Njm9usrmxztp0wriuqZzBGZNEUGP7Rl+7j7UIuMqmJlYKMYQUq+B9L7D6tqVtG4wx1FWFiBBjSJqoEYyxORYgbY8MtNY9x0lKOMB9xYmTPMlVLv1s12XWiXN859Vvcy5rro+eOg2Xf7qnbP/pC6/yowurF4ZPfv05LtzRRd8ZvvHCWa7+5LV94gFug8uv8A9nXuVHr77K98+f5vIrF/nuu3/Gj159lR997zynd2/H1cu887Xv9ePvvDIQSQeO3eX46kXh1Z/8gie/l8aLE6hQKBQKt8ajPHkaLv90t1j4NN+46fnkFH/63HlOX37ltr/Uu/Nz9CpXf/JTeC6d+7519iqXXrzI357K59IXznL1Jz9bFXAvX4YX8rn0hSe59GJ3Lh1U0ORz7bee/AnfXZnfZS515/FS3VIoFAqFQuEW+Vxlru4WaW/5dQCDsvlPk8jZuSc1N4EyxmJthYghhMhi0bAzm9H6QAi+/zaorkaIGN7/8Dq/fff/4+Mb2/ioqBhUDBHwufQfZ6kmY8br66wdO8bGI4+wvnWc8XQd45KT1asSARUZJKaS8lgH80sCY7fflvmq6RW52ZR0eyc/n3NXu5shMhnVTCdj1qdTJpMxo+xWBUVjep01pnetxphCC4wIxhg0i6mdyGqtwVUW52yOJVCiRubzGbP5DCNCXdcpv7Zp8SEgYnohOx1R+p/7GVJlz0E+asuq7roVDudpvvG9dIF2cJYqnDj37f7i6dBc1rR0cr7ewUVfcsOmeIA71ldPn+dP80Xpia98jdOc5sLX+yf4t6ev8s77q8v/ZacinzjHv+vduNd446eXOfvCoOzyxDn+8jyrYvTpr/GVcqVXKBQKhdviBOe+/QJnr/6E7x5QHXH4y8/xl+fvpFLkU5yjh5z9s/4L2KfPnAXO8u+WT3CWd3hveCI/+8JSMH7661w4fZWf/+M1eOtnXGJwHia7d3d9Ebrb4VsoFAqFQqFwM+555urS1XhQa6Ik1qVc0aUjcolkzSzJa9K/zuwaT5bNpdCqe5TlZSyprjzH4ClFUUld7TuZUkk5qPPWszNfsDNb0PpI07S0rSdEZTSeMl1b8OGHH/JP7/0z//nqVWxlefyxEzTzOQsfiKoEoFXwYjB1zXhjg422YeY9s0VD1cyZNZ4QAphUFB9jEiZTDqwixqRt6yYv0gupvTCsig7G07aFlMEq6fWGgMVQW8ukrlifjFnLwqoAwQcWiwV1VVFVDussNqay/hiTeDs8KlFBYkTEYqxgnQEjSFRUIj407My3WQRYO7bFaDrGb2+zCB7rHa4aZzE5Hb+lqKp9vKx0blXNx13TPhoc0f6/svKMDpbR/rV70YFG2y0g+ZNg9iy6j8L7cHPiHN959Vy6/9Ylnn/lMpdevMil04PMVTqXKnQuk0uXX+H5y3B2d+ZqXudfnv8F382ZcI/exnSevvACZy++wl+/8RW+c+5Tbx3wJCcPEz+fPLnignn01Gn4xXtcA965Cpdfucjl3a85exTzKhQKhcLDTXapQiq9f/En+Zxz9qaZqwAnzj3HhV+8yA8uneFHF27jTPspztEHcvrUoes5fWo4eoKTT8LVd9/nGu/A1ct89+JPdr+CC0cxr0KhUCgUCg8t91xc7dhPYO3clio6kE2H450uOPAu9uswy58C2sug+bX5mf7VIr3bs1sCls21lu7PwfsjyX0aAvOmZWe2YHs2Z9E0tG3E+5DnaKjHY6brG9zYmfHRJzf4v9/8j4DyxS/+AbOdHRZNiwgEETzgFaIxmLqiGk+oJxPcZEI9mWJ2FhiFECIhRLyG1FhLFUPKNU3bJRhZiofdPkv/iWjONk0yc5IgRcBZqK3BGWFUWabjmukoiauT8YjKptJ871vm8wXOWqxNrlVjhMo6Ykil/KYXKaXPU+0CYKNGNPosUnva2LLwDfM20kaPG9XJjSsGVLDG0kZNzbq6YydDgVURMV2bryy4Jok3SjeHrHfmeQ0F2ti5fbsPBez3qVuK9Ste6OHP7n31YI22AE9f4EevXiBlnL3C3711bp/SxBOc+/arnCNljn73p2/wp/uU6Q0v+r5/6rYmwTdeOMvzr7zGG1/5s0+xMUfDvuJxoVAoFApHSf9FZ/oC82/f+DrfOXezsojkQv35i6/wN2e+x5O39XZ3eo7+DNj1ZW6hUCgUCoXCUfC5igU4nP2KxKV3MS6zSJfLd8/JUJMld6nP/1PVVOK+Oyc254qGGJOwujNnZ2fGbGeWxdWWECNiDK6qGI3HTKZTJtMprQ/86le/4j/9+je8//4H3NjZwYeIihBU8TE5WIOmFFSMBWNx9Yh6NGE0mVDVI4x1aUykk0ZzDqtJguKKv7NjKQoOy/cll+9bY3DWMKosa+OajbUJm+trbKxPmU7GjKuayjmMCBoV3zTMZjts79xgPpuxmM9ZzOd474khJDdtXn93QwTNRlrVmGRNVUIMhBAIMTtRRTDOYazDGJv2TYj5GHRHKG+TLmMOjA6FT9gtenb7az//6q2zn2Ra4gEOY2+DqI6UBffOe9fY3TRqyIlkPeH9vUMMSw//+he3ObE+HuCnvHObL71t3nlvZfvff/dqdrMO90GhUCgUCkfIW5d4/uJ+Jf1LV+ct0ccDvMbPb2sCn+IcfQesbs813nsnuVkP/zuiUCgUCoVC4c55gMTVjtVsUelvXUOniBHFClgRrCwFtqEAKKnmfp+GXJ0QaRGxRB9ZzBfs7OywvbPDbD7H+0CMMTljJTW9quua0WjMZDKhqmo++eQG77zzDm+++Sb/8i/XEAzOVAgW33raps2Ns9Lsg6Z817oeMRqNGY1GuKpCjEkxAPkmNpXaRyQ5W2MgxCRyxrgsn09I7/SElI+axFVLXVVMJhM2NzbY2jzGsc1NNta7vNWKylmsKDG0NIsZs+1t5rMdZjs7NIs5vmkIwaOaGlWZTgjt3KsIMSgaAe0yWZPYm45BEomNcRjjsM6lJlgx5mM1ONZdbmyfHTsYk5huw6Ze/VjX3Ws3+yW4Fj4tJ879Wcp7252f+tbPuHS1y097mj89f5rLr+zT3fenlzl9/usHly7mi76rV6/e9tyevvACZ69eZfjKdBH2C/4xz+PaGz/dW7J/u1z9CX83aGD1g8tdRusJzv3Z7gZbqaPx3i7IhUKhUCjcBk9/PTWW2v0F57U3+NvLg6zwW+DEuee4cPoqt32qPeAcnZpYXumF37d+9hNu/yy+i0GG6rU3Xlv+jdHth+HfIQcKz4VCoVAoFAq3zn0TC3BTulLumy6wu0Tbsn/Tof1SOPdfbVfKLiLJjSpJWPUx0jSe7e0ZN27ssDNb4NtAVY1QFRDbC58iwmhUs7a2zrHNY1z/4AN+97t/5v/43/9P/uc//hrT8YimEdDAeDwBVW60LSFE2tYzm81o2xZVqKqKuh4RohJzmX+35UaS2zaElPUaYsDmtFormmICxGAQrHS5CoIx4KzgnKGuaibjCevTKVsbG0lY3dzEjRyVcWCScdfkcAWNgdAuaBcVC2cwKM5ZRCqMSY5Y8vsOd7VqintI+8cQNUUUGJP2m2rqyGWtpapqFm1qiJUE2uFhXD3mKU+3S5Dt3rAT3Pck7R78kSocMU/zjVe/x5Mvv8jzFwdPnz7P919dluidOPdtfnTyEs+/eJFLg8XOvvAq37nJ9V9Xenjp8MX2n9sLZ7n8ykA+ffoC3zp7kR/keZw+/wIXTr/y6dytZ8/z5E8v8ny+cjz7wqt9kw6evsD3z7/Mdwfbffr8926hVLNQKBQKhcNIETsnL13clTd6lm+9+u2b5q3uWddz5/n5i7tzS2/hlfuco/vIgIvp/Hv2hdRg6tNw+vzXeOfFizyfHnHhe12mbGrs9c7FlOOeuLXM2UKhUCgUCoXDEN0dJHpEXL16lZ//+1+uvtnQGdqViEMS32DlsWSRcPfr9mxA/3weM7uXMQOX4/I1u8XVTq7r3nclAmAwp1xET4gwmy/4+ONP+OD6dW5sz1i0ERDq0Si9r3HLlkdiUFVmsxnXP/yQd3/7Dr/97dt8/NF1/pf/9ev898/8Ece3jjGqLM4Jbbvgk4+uc/3DD3n/2jWuXr3Kzs4Oi8WCtm1pmob5fMFisaBpGrz3/VxDCLSLBb5pQT0COBGcEWy+Se/ahcoaKmcZOWFcWdbHNcfW1zm+ucEjW8c4trnB2toatjJZptUkrhqIMaAaECuMRhMmkxF1PaaqLHVdU1VV76gVk9yoWAPWgRhM5bBVzXyx4PfvX+eDj26gtuYPnnyKL/7BU/zu9++zs/CMJ2vszBc0jafqtgEQTd7e5E5VwPSZrGEQARBzOKuo6SNTTRctoF1LqriauZpF61Vi/qjFPSODTyWw/PyuSPq7c3tv8s9vOL77/vAz2v3b+KOv/JecPn360HXeLlevXuULJ08e6ToLhfuBX//616ytr9/raRQKDz3bN27w5S9/+V5Po1Ao3EXKObhQuPeU82+hcGt88OGHN13m8+NcvSM6t6LsEaFgKFYlsbUTVruM1W75oXgrYmjawPbOnI8++oTrH3/Exx9/wnzRomKx1hKy7qZiU5MpY6mqCmvTuDEW7z2TyRoalf/3P79Nu2j4w3/9X3Hy8ceYTEZYIzhbYZ1DxLBYLHphdTi3Lg7AWttvV4wRIwZjLaqC6Ts3SS8emlxHLwjGWipXMR45puOKjemE45sbbG2us7mxztrahPG4xlqbowoi1nYCp0U1ZcvayuKcwxj2iuEKMZfvG7EghpgFaGMqlOTSjUHTNuMIQfHe49tIHCnep9gAjOsOIF38w1LCjMtWUr2oPmx4pqDFrVooFAqFQqFQKBQKhUKhUPj0PEDiqq78SERETI7azILkfi/RrgN8Elm7Zksi9MKqKsSYXrKzs+Djjz7h+vWP+PjGDWazOa2PqESMRFR8yjvN+ax1ndybRgQNgdC2tK3vBcjf/vYdZts3WJuOqaxja2uDyTi9xmVBVpU+IkCEnKeqhJjmFVUwJntwjWKcUvUO3ZjdmZobSKU4AckOVmOTy3QyGbOxNmVrc43jxzY4trHO5saUtcmYqq6zUzWiMWIsWCO5r5emdTlLVVmsNVibxkwvsCYhVnJUQtdYSjDZ1WvwXhFxjMdTqnpEUGgaz87OAmMrvPdZTJbkRs6NqxTN0ak6EFSHj4VlHECOBujNy6UBVaFQKBQKhUKhUCgUCoVC4c54gMTVRN89fo/Atnwq6XLaC65AyvfsMjtVs7iay9gRNEKIkUXr2d6e88mNbba3d1gsGnzoRM5AjJ5FLttvfMAYw3Q6RRXqqmIxm7O9vd2/D0DbNrz33j/zD//hCvOdbf7wX//XfOHk4wgGYyqcq4AkbIYQAPDB44MnhECI2dFJJzxKagBlbSqZ1yyqhtTYiiwmJ/eqoapGjMZjpmtrbG5usLW1ydbxDTbXp6xPRkxGubRfyO/nMQLOGazJIrQxYDrnqunF5GQYNWjnZDXpPcU6RAURi2KIEXwbcbZmbbrBaDRFMCyawPb2DOvGRIGqcvm4xJWI3aFovizGHx74Lm9VdgmrxcVaKBQKhUKhUCgUCoVCoVC4M+5rcXWYu3oYqjFrZlk1G5Sjd13kd68mrbt/tFLC3jVeUl02VfI+MG8WzBYNn9zYZj5v8L4rMTeoBrz3tD70WajzpsFYm92rNb5t2fn/2bvX2LquM83z/307V94kUooUWYnpUcCaKIUueKwB5AJIG662ywngmTS67VgKEKfituDKl2rpi2NlElQQO/4ipTGAY8iVVFJAJMeuQdwwUHHZ00ZZwiQEWp6ge1IKQERl2SUpkWRSF5Lnuvdeaz6sfQ4PbxJFi6Iuzy8QYp69z9prH16O+Ohd75quUK1WCcPAha4mpVKZpt6oM3H+Ah/+60nKpRK5KKK7q0S93qBSrQO+WzZvwFiTLZHH9RPN/rg5g/Vc4ul5LlAMPBeoWt/HIyTwPEIf/CAg9H2KpTLFUonu7h56+3ro6eumu7uLcqlAMR+4EDXrGet5Hp4BD4PvdfRwDVrhqmt7kCWurnI48MELsHhY62EshF6A7/mkKVgfarUGtXqTqFCmVO6iUChiDMTNlFqtgWGSclcXnhe419SmWGPBzvQ+bRUo+36AcVebqUv1ZgL31teUn7VtwNqZPqvZV5FZqNJ5BS3UtkJERERERERERG5sN3S4Cgv07pxzzP3HTIjqzN8EyGstQ8/+zA5tvaxSNevLaa3b8Mh3QaG1ljRNqNddsDo9XaHZTEiNITWQpIZmnNBsxsRJQhwnWRBqMNbSbDapVqv4nketUiWOYwqFAvl8Dg/L9PQkSdP1Uz139hxREBKFEZs2bmBqepKLFy/RjBPixLSrVI1t9RWd+WOypf/ZS4LFI/B8/MDH91zYGAY+uShym1gFLgztKhbp6SrTu6aX3jU99PaU6eoqUsqH5AIPz7P4eGCN65nqAxj87L9933OBqu9lhamuctXzQ/wgBN/PuqJ6eL5rDeCC14DUejSbMdPTVSanpukNixQKZQqFMtO1Bs1mTKVao9ZIiHIFF2bbVg/VrBLV+lkvVYuxxoW5rZYBlplXZE55q8E9x/O89qHOmud26Drra+6KX7IrZqF/bFAYKyIiIiIiIiKyem6ocLVVGdn6/6Xy8Nq9Pa1txWNeRxvV7GOvtXv8TOBmO851QaqH9Wy2/5NrC5CalGbswtXJqWmqlSoGr90DtdGIqdfrNJOUNE1J0hQLbmk+YNKURr0OFhqNBtYaiqUy1hiSLGht1KrEcZMLFy9hjKFYLGDShFqtyuTkJer1RhbYWhfqWlxY7Af4vsn6xHaGgdkGXH5AEAYEPoSBTyGXo1gsks+F5KMcURRQyufpLpfo7euhu6dMqatALh8RRD6eZ/Fs6q5ls76x2QvoeVmvVd93oanf6qGabbQVBOBnLQHwsn6r7o+xHp7vgRdQmZxmarpKtVqnqxfCKE8Q5kjSOrV6k6npKvg+3T29JKkh8P1WrOoCW1qf01Z/3AWqnbP+uV7HOW7jLy/b52umzrXdg3ehkufraLGq7aVUc4uIiIiIiIiIyMpb1XC1FRJ1Lom+2mDVDQCutWi2eVMrMOsIXFv/a50+03K1Fbr6WHy3673nzkmNJWk2qVbrTE1OMjk9zeTkNLVaDT8IXbiapDQaTer1BnGSumv5rrdogGsJEAYBGIsxrl+p53sUi3niOHY9UrM+qcYYkmaTiyblX//1X6nVqu1eqUmSZBs/QWKs653aCjKDEDzfbTZlrXsNfQ88ix+6DbHCMCCfCymXS/T29NBVKlEqFSnmcxQKRcrFPL3lIt2FiELkEQSAZ7EYwPVw9bJA0hqLSVM8a/GtC1aDIGwHrX7gPm5V0+L5rm+sH2TtCzxSYwnDAKzPpckpKlX3mka5An6QI7UetXqTaq1OpVojTgw9PRXKXXX8cpFc6Gfht7uGj/sc+p6fZaKGmTpUL+tfGwC++1rJotjWF4TFvW6mFbdn1azzvxZXJtice52FAtSlPiYiIiIiIiIiItfHioarSwl+OkOlzmD1anpQWuuqOWdaA7jKyfYS/6za0u1hZLPen7Ydrrauk6YumA2CAGssjWaTqakKly5eYnJyimq9RrVao9FoEEY2axeQVatmVavgqkVbY4ZhQOAHWR9PN1/fd9doNuvESRNjEtq1tFnAfP7CBSqVaQr5PKVigXw+nwWWTRdumlYM2AqEZwJagMB3oWoUuGsFgU8QhkS5PF1dXfT397N2zRp6urvo6uoinwsoBD4hBt808UwTz8RuCb4BL4zwrQFjsInFplmQnC3198OgXbHqZe0UjHWvu08WAAchJrWkrR6xfoiJDdOVGqmBNWsH6Fvbjx8GxHFCvd6gGafESUq1WufChUuEYYTvDeB3lYgCF4gbm7pK2iyk9sg6B1gXslq8LHR1f1qvUftrx1qsMS6KbVesLhJ4ZpXQK7kaf2l9hhWqioiIiIiIiIistlUNV1tB4uWC1MtVsrY6b7brE72ZJentS5ust2YWrNnssY4djLDZbvZpVpFpmjGNrAXAxYsXuXhpklqtTpomxElCoxlnFZkukJ1pRTBzX53zT9PEVaUmSXu2jUaNRqNOkjTxfZ8wDAkCn9S68arVKpXplHK5DJ5HEEXudqznNrVKs+pL37qqUc/DMwbS1G2gFYXkcjkXqmabTuWjiEKhQLmrm7X9/WzcuJG1a/ro6ioTBj6BSbFxnbRZIW1UMU0Pm8Ttqk7ru6X9PobARmAC/NDHC0LXR7XVuxYP3wsJQt+1QsUjSVPcNljZxlZZ39VGo0Gj3iSK8mzY+EnWr/sEQRjRiGOaSQq+TxBEpMZt+FWv1wnDgDAICEp5Aj901bXWzPSeNQaTVc1mHSHaXw8z1ahZG4AsWKXVZsFz1bfuOXZWEOuet7LBaqfO75/FvjfmniciIiIiIiIiItfPdW0LsJRq1Pay9qvpudqqmPRchWI7DLQWm7rNn/xwZpm32/CoVckK+EFW0ejRaFS5dNFtInXx0iWmK1WazSYeAVEUYUwzW6Lvlv63d5X3sv6kHZW3ngdJkmCShDiOsda4StbAY3LyIo1GkziOyedzmGKeJGm6cNcYVwVrXSDrAsUQ3/dIs4rRVhDolvyH+L5PmgWrnucRRTlyuRy5KEc+F5LLhZQKBXp7e+hbs4ZyuYtCoUAuXyDK5QkDD9+mEEDoWxLfYnxL2oAktqQWbJrdnx8QRi6xdD1YfYxpVQ1bTArkPIIoh+/5rl9tI8Z4KVG+iM2W89dqdS5NT2I9KBbL9K5ZS7m7G4NPEsd4fuDuI58niuoucK5UKJfL5HMRUbSGUjFH5EcuXMVirLt+ag3G6+i1i2ulYN1OVlmPXpsFsn7WnsGHVosGbPtz0fk59YOVTVYXC0zVf1VERERERERE5MZzQ21otXxZT03Pdx9aXI/TdlUp2NYO81l1q6tKBGMNaaMBeDSaMZcuTfHR+AQT4xNcvDRJsxHj+z7FYolCIciWl3sYAOu1+7majn6uZO0CjHFBqEkTkrgJuJYAqUloNOqkSYK1KVEUkuRybvm+77sup16UjWOo1WoARFn1qgsMce0Asv6mvh/geQFBkBJlFaq5fI5SoUC5XAVaFWwAACAASURBVKK7q0RPdxe93d309fZQLpcJw9C1F8gC08APiKIALx9AEmIaeeJ6jaRRo1qpYLB4xuD2oQoIfA8vq/yMk5RcFGUVrL7bGMyA9d1S+xSLsYbI8wjCgDixXLx0ifMTFygUCqxZs4buri7CKKIeG1IsuXyeMMrj+yFhvkCzUqVerfD73/+eMPTIRQGB30MuCrI2EBZrU7fMH+sqgrN+tIk1pKmrcPXxCXwfzw+zz4n7xFnPfQ6NzT6bXqu9ROc/CCjMFBERERERERER57qGq62qyrlalarL2szKjdDuoeo2fTKkxi2h97ysGtEPgJml62lqaDRiGs0mjUYTk1oqlRrTlSqT01PUm02SNCUxKZ41BElMmCQQBBCErocotK9rrcGaFHwPm1jqjQZpmuKKIb32HI1JMaklCFxLAcBV3WZj+Vlg6kJZ18e10WhgraVQKBBF+WwjJzDGEicGvJQwdEFgFOUplQqUy2UKhQKlkgtVu7u76OnpoqdcprurTKHgerkWCwWiKEcU+ESBR+hDQARJSBqGWN+HICC0kMQxaTMGzxIEAX7ggzWYZuw2gspeG/yAZpoSmyaeH2I8jzDMYz2fIMoThHli0+DS5DRT0zU2btrEmoF1FLt78cMImyQEYUSu4OGHEYl1fWyT1FCpN2meGyeIIsrlMlEUUioWCEPX/sBa97p4QUAYhET5HNbzMM2YOG6SpilREBIGAV4WqpJVCqfGkFqTZfA+vu+Tz+U6Ps+tDb5s+/PZ+roWkZtPLvv+FpHVlcvlPsbfAUXkZqT3YJHVp/dfkWvnhq1cnb25VbbHkLXgzezy3qoe9fBd7Whs8Ty3W731QzwfvCCrWPUDUmNp1t1S/LgZU6s1qdQq1Ko1YmOIm61NlBK8MCRXKmHDLGT1LDZwy9+DXMH14jQG3/PdDyVjiG0TQ0psUjAx1qbghYS5EN8LMNlGVCmGKBcRhgE16zbIStKYKAoJAw9rLHEzJjEpvu/h+5G7B3z8Vn9V329v4OT7Pr4fkMvnKZSKlEpFyl1ddPd0093VTXeXC1S7ukrtzbGiXEgY5fFCFzQGvnudjLUY6+P5eYhCAi+HFzXJeTm8Ro3Yr5EmTWx2Hz7W9V3FJyUgDPPghzSTGJMY/MAQ5QsUcgW8ICCxHpVqg0vT01g/otjVy9r1Gyj39GG8gGacEFuLl8vhW5+mtTStIfUColKZooVmvcbpsx9RrdU4c6afT278BOsG1tLX002Ucxt/JTYhNpakmbietEFELheQxDEmTag3GuT8IHvtPCI/xLcG37TaB7ivrVbP1fbye291K1fVBkDk2nEbGaYEQbDaUxG5bXW2NBKR24feg0VWl95/Ra6tGyJcbX1DL/kb22ttMtQRCBpXsej7PgTZ8n9/pi+qSQzNputfWqvVqDUaVKs1pioV6vW6W0puIUlTt6Td9yH08UzoKk99D+Nlj7f6m1pXgZrzQvx8ntCH1KYEiY+1KV4aEwQBUeQ2q2pvauVBlIswqQtPjUmz1gMFTJISxzFJHBMELrj1/dD1brXg+wFhGBFGLpz1A79d7ZrL5ciXipTLJbq6u+jp6aWnp8d9XCpRLhfJ53JEYbbZVBBmwbTbdMrikVibBdYBnh/g5UL8ME+OCMIcxgsw9QpJ3MQYQ+BB4AX4gYcJItKsf63nh+6zEwR4QUQQRhh8arUaF6cqVKp1okKJrr4SfWvXEeYL1OOERuKC1BAPg08KJMbSNNadH+T4qN5g8uJFJi9dYmpyklq9Rq1epz7QT3dXF37gkZgEP/QJ8znC0CPwQ9efwAvxAw8PgzUGY1K3/D/bDMtv9VzNqpGTJKXVCsC9+VhX2eqtTMVqq4JbRFbe2rVr+Wh8HEC/3ImsgjRNSZKEdQMDqz0VEbnO9B4ssnr0/ity7d0Q4eqVtZb8Lx5meczs9O7jY7Kl86mxJElCo9GkXmtQq9WYrlap1WpUqlUqtRpJnLZ7bBo8fD/AYknSlNSkWA/w3S73rWpRNyt33SDw8XG9O61viZIEL4AwcVWmrQ2njDHt3qCtj1ubUvl5V52axglYQxpF5HI5isUinhcwPV0B61oI5PIFisUi+XyOKBcShO46fuCTy+cpl8uUu7oplcoUikUKhSL59uZVEYHn4QcuTE0tpMbg4WGz6lWLa1Pgex6BH+GHhsgL8MPWOnpLbMEmTYzn7snzA/wgxFovu+coC7hdj9okTWnETaamppmarmDx6enuZk3/OkrlLpppSr3ZpJEYCHLY0JCYFDwfYz3qjSa5XJ5ilCdfKNCo5bBJTKVa48yZc1QrVcY/+oie7h5y+Yju3m5K5RIF65HLebjM3SPwPYIgcuFqEmONawdgIKsGDvB8D9/6rsVA6sLVdujpgf5tT+TW0NXVhed5TExMuFYmzeZqT0nkthFFEb7vs37dOsrl8mpPR0SuM70Hi6wOvf+KrIwbMlzt7MHa2ryp42i7TYBLPckqJQO3rZUfAn62BN8Feo16g2q1Sq3WoFavU6lWqTXq1OsNGnHsNr7y3LJ760EQuGXhzTghSZKsYtEFrr7nE4QB1oaQpvheNj8PgsDHCzzCMMALIEpz7WX7QLbJVau/ZwxAPp/HWkuaxGAtiQWbyxFFOfL5PLlcnjR1Fa9JaomiiGKxQFdXF+WuEsVigTAXucjTWsIwzMLVLgrFElGUIwhcABuEoftv3/WANRaS1NBMUkzoEWWbYnkeWKx7TbLNrsJcgO97YI2rSLWQxj60WhcE2ecg2/ArjELXP9V6xElKvVqjWm9QqdQwqaXcU6a3r4++vjUYLM1mTBzHpAbwUmwS00xS/MBV0NbqNaIoRxiG5KI8uVyB1PMw1jA1XaVSmeb8+fP0dHVTKOXp6e2m3FWm1NVFsVSiUChSLBQoF/N4UeSKmz0/W+ZvwLp2AB4m+3y6Klbfm/mX9HZbCs99HYrIza9cLusvliKrQD3eRETvwSLXn95/RVbGDRmuzuYCVqBjAyFchWTWFoCsahXrdqk3xtJoNqg3XKhardWoVCvUG03qjSaNRoNmEpMmKUlqMMZgPTDGVbAGoXXVq9nmSMYarE1I0oR8kCcIQ3wPSAOsSTFJQprEWAyBF+AFHlEU4odBVrnZalngeguBoRlnrQBKRTzPo1Y1xM0mFks+n6dUcn/ZSFNDvd6gUCiQGncsn3cbVfX29lLu6nKbNllLkiYEQUCpVKJYLJHP5/D9IHsV3eZerf6sYLDGklo3F4sLhqMghHb4akmw+AYCP8DzI4JckSj7PKSNEJs2Xa1rtrTew1WAtq4HHknqKkwrtTrGehRLZdas6adU7sLzA6YrVWqNpqseDQIMECcxSWpcJXLgwtV8vuCqgIPAtRlIE3cPxmCsARszTdVVyFYqRFFIvligVC7T3d1DT3cPa3q6KZeLFPIRoZ9t4OW7QDk1NmsxkeJlG5GFYdD+2nNff4asI6s2tBIREVkmvXeKiIhcf3r/FVkZN2y4utCGVjNmluW3CgiNsaRpgrEpaWqZrlaYqkwzPVWhWnOVqo1mTJwkxEniAlVr3bL4NCW1hjQ1GGvJ5Qrk8m6Zu5cakrjpNpyKY1c9GbieongpSWxI04Rm3MRaQ2hDfOuB7ypZ/cBVcrY2svKs693q+z5hGFIqFDAmpTJtaDab+BYKpTJr166hVCozPV0hTQ3FYhGL78LVXI5CoUBXVw89fb2u+hVLM47xPI9isUihUCCKQtdTNKuchaxtQugqVG2akqauehXPbT7lBxB6rgrYYkhNSorBYPGth+dHhLkiPh4mCEmTBtYkeMYQ4GGtIbWWNDVYXD/T1BiSNAU8iqUS5Z5euvv6CMIcjWaTyalpDBDmC/hBSCNtBabZJ953bQHqzZhcLiHM5cnl88RxA5OQVSxH+IGPsa7i2Et9avUGdqpCGF6kUDhPqVymr6eLtb099PZ0US7mKRULdJUKrrdtAHGSkqQpJk0xPvgmxFVLZ9XU1+OLX0REREREREREbgo3bLg62yI9V60FXG/MOEmo15vEsSVODdPVKlNTU0xPV2k06tTjJnGaYNIsPGttYNVapm8NSeICV88PCaIIfD+raLVY65o+J3GMNb7b2Cg1mDQmTWPSNMFai++TVWD6BID1PLwsYJ3ZuAvCMGz/sdZmFa3gtzamyqo0W20F8oUC4Da4iqIoq24t0dXVRb5QwGKp1+sY41oDBGFIlMu5ilkPWq0SrPWy6lUv657qXoPYGIhj8FzVqWss72G9wK2aT1M8Ywks+PgEUc5Vq/oeadLM+pfa9r1YwBjwsl61+XyBKO9TKHVT6uomCkOMcX1tkzTFy1oXGD/AIyX0QgyuajiJY+I4cV8DQYjnx24DLuOqlFs9UT0/JMoViHKu6jhOmzSaMZVqg6mpKt74BT4q5ljTU2ZNby8Da3vp6S4T9/XQ3d1NEEYd4akFi9uA7DpuaCUiIiIiIiIiIjePFQtXw3Clhp4ftBpjqDeaXLo0RbXaJLW43qqVCtV6nSSJidOU1Lo+o8ZCkqQkiSG1xo3qkVVreiRJSq3WwGRBocESBD54HtVGHc8YV61pLYGbAL7vY1tjWUuaJKRpSmBDQsJ2oJlmVZBB4DaHcpttNTDGuOA0cOfGcTMLKl3P1ygMwXPVrmErXC2XKXf1UCgW3DytR61eJ04tQWqJ8AhzoWuj4JEFmQk5G+L7Idbz3dZVqcmONUiMIW8tuVw+W4LvWgmkSVbFmiT4pES+RxRGuCjWhaRxXCdJknbvV9dWwRCEAX3FNQRRniDK40c5YmNITYL1fIIwwvdD167A9wi9iDBfxI/duNO1KnGa4AeB2+DLWhq5Akm+QdOmpHGTZrOJNQbf8/GDAkEYEvp5V2mbJiRJjEkt1kBlukbSbDJ58QLlco6+nm7W9PXR1d1DuasrC4LzBL6HNe5zOhOO39i1qyv3fSciIiIiIiIiInOtWBJTKBRWZuCZFqxtxliajSbT01UuTk5js6XhtVqNZtwkxfVTdd0yLcYYkiSlEbtNpbzAJ/ADwlzkjqWWerXqlvrjNp0KQ1dJ2qjXiRt1kmYTH0MhishlFaauetJrX8Nag/VsO6D0WhO3riIToGksjUaj/ZpFWY/UWq2G7zdJ0zQb1/Uv9TyPwPcJopB8oUC5XCJfKLiQttmkWqsRxzG+72cVsHkXrprUVeimph1Ou8DXJ02zqtwsELa43qd+GBD6IaEHaRJjUkjjmABDEPoQevhBgDUh4NGIE9K4SRAEbuwgIDGGMIjo6ukhVyiRppbUetTrDQjdeWEUghe48NLzCYKQUqmI13B9bmu1OsYYwiikUChhU+N62gYB1vMwWZVpHMfuc95ski8WiHIRQRiQjwoUKLrXPY1J6jUuTE+CTYhCGC8U6evrYW3/AOs/8QnWru0nzOVc9a4/+4vNtsPVGzNkLRaLqz0FEREREREREZHbhmdbu/JcY8YYLly4QLVazZZWi8hKCcOwvcnZta5ePXHiBBs3bLimY4qIiIiIiIiI3OjOX7hwxXNWrHLV9336+/vp7+9fqUuIiIiIiIiIiIiIrBr/yqeIiIiIiIiIiIiIyFwKV0VERERERERERESWQeGqiIiIiIiIiIiIyDIoXBURERERERERERFZBoWrIiIiIiIiIiIiIsugcFVERERERERERERkGRSuioiIiIiIiIiIiCyDwlURERERERERERGRZVC4KiIiIiIiIiIiIrIMCldFRERERERERERElkHhqoiIiIiIiIiIiMgyhKs9ARG5PfzhzJnVnoKIiIiIiIiI3GY2btiwouMrXBWR62Klf5iJiIiIiIiIiFxvagsgIiIiIiIiIiIisgwKV0VERERERERERESWQeGqiIiIiIiIiIiIyDIoXBURERERERERERFZBoWrIiIiIiIiIiIiIsugcFVERERERERERERkGRSuioiIiIiIiIiIiCxDuFID29olGr/6G5ITo9hLv1+py4i0WbvAYwueZ5dwzuLHL/f8heaw0OOdY1zu+bOPLfwcgKBvE4X/6V56R54iKPUtPAkREREREREREbmmVixcrR/+P0mO/WKlhheRDunF00y/9/fYZo3+/+3bqz0dEREREREREZHbwoq1BUhPjK7U0CKyiPqH7632FEREREREREREbhsrFq7a6oWVGlpEFpFOT6z2FEREREREREREbhva0ErkVpLGqz0DEREREREREZHbhsJVERERERERERERkWVQuCoiIiIiIiIiIiKyDApXRURERERERERERJYhXK0LVxKf/3Kqj//vUoHxRrRa0xC5KfTnYv7nrip/vuE8pcCs9nRERERERERERIRVDFdf/dc1/HK8a7UuL3JTmWhG/D/ne2kYn8c3n1vt6YiIiIiIiIiICKvYFuA3l4qrdWmRm9bxSmG1pyAiIiIiIiIiIplVCVcricdkHKzGpUVuapfikFqqVskiIiIiIiIiIjeCVWkLUA7talxW5KZn8CgGBn0HiYiIiMjNrF6vMzU1hTGGNE1Xezoit4UgDPE9j+7ubgoFrYoUuVZWreeqiIiIiIistDF+ums/J3c8xzdGBpZxfAnGD/O9vaPc+9wzjAyM8dNdr7P5uWdY0nCznrvIHRzcxb4jHQ8M7uD5Z0YYmDmBp16/Y/Zjl3O158s1V61WmZycJAhDwigijLTBscj1Yozh4sWL9PT0UCqVVns6IrcEhasiIiIiIre60R/y0w3P8OWhzgfHOfzCfo4Agx9n7IERvnFg5GNNbzFjB3exj928fGBo1mPP7jrFngM7GbrMc+XGValUCIIA31e7K5Hrzfd9CAIqlYrCVZFrROGqiIiIiMgtbvP27Zx8bwyGOuLI8WP8imGGB49wsvPk8cN8b+8hTrQfGGRnq7J0/DDf+yHcu/kQB48Aw7t5+aEzWfXpFzm514W17N3Fyd0HXJg7dpCn9neWng4vMRgd4+gRGN49+8yhnbsZPrKfo2M7GWJm7M7AdV616/BuXt45NGsurfP7D7/As6PbOypZXTUvrflnHx+ZO5Ysi7UWY4yqVUVWkR8EJHGMtRbP81Z7OiI3PYWrIiIiIiK3ug1buXf0LcYYaoea48dGYfsX2TzaEa5mwerm3Qf4xhC46ta9HPzhYba2wscTh/jV9ud4+UC2qH78TPbkIb58YDd0tgUYO8hT+0+y87kD2bJ/F1TuO3jPEgLKfjYPwsHXD/Pns5bwD/HlAwey/97Jy7uZtcx/7OAu9p3cwfMHsueMHeSp/fv56T0H+PLQ/PPHLzsHV917csdzvOzSZQ6/sJfvHf4YbRRuc57nkaapwlWRVZamqYJVkWtE4aqIXGfZL2knOh9bagXL8rWXFarSREREbksDbN1+kn9sF6+Oc2wU7n2yH0Y7T5u7xH+ArdsHZ5/DIPduXWKwOLSTlw/MeoBtw3BksfPnzHnkmd2c3LWfZ3cdaj863K4oXeySB3h51gP3MLzEKy5tTgdYmSYIIiIicjO6ccPVp/fx2n2bFjhwmncf28MPrvuEroWn+f6rI/Dul/hPL80/+vlv/YgntpbnHzh9mEd3L/CERS+zj9e2XeInf/EdfrGE0z//rR/xxJ0fuvMf/hY/fuLTfPCTr/HXby79kiJLklXDsOM5Xn5moOPhF3h21wszSw5FrrN6vc6FCxdoxjHVSoV8oUAuilizZg3l8gI/l28x9UbD3X+zSbVapZDPE91G9y9yuxjYup2Tb2Xp6vgxfsV2/uMAHFvw7DlL4Qe3f7yLz201MLzUJ7oq1S93jHFk/y6OLOEfZscPv8Czh2b+NXfJl5xlgJEvDnNw/16eOsT8zbRERETktnfjhqsAld/OCwg//60f8cSr++CmDVivYF6Q+jDf/tuv8Np+ri5gvQq/+M7XlhTCinw84xz+oQtW5y6jGxh5hj2ndvHzY+OMtI9dpr/Z+GG+t/cU9+44ycHWL01zf9mZ9UvcMMPzfqO6wvhz+8mp4vWWNTExwfjEBL29vaxZs4Z169ZhjKFWq3H69Gm6e3pYv24dQRCs9lRXxMT584yPj7fvf/369aRpSq1W49Tp0/T29LDuFr5/kdvKwFbuPflDDo8/w9Zjo7D9yQVCwpn3x8FsKfz44Rd4dnT+cEvS8X48nLUacKtJljP/VlWtWwXz88MPLbg0fyZUHWbPgWcYavVQXa6hnbx8YGf7Xp7ddUh/NxAREZG2GztcXcAvvvMe//bVe1j3MPAmtMLHdsHnrED2ab7/6hYuHutj69Zy+9id+3/GTFHs3ErYOePNCjuf5vuv3sPFYxfZunXTws9/+Fv8+InPMlPnU+HYx6oCfZO//os7+f6rI3z/6ZdmKl7nVPaeblXDth/fxBOv7uPObG5/OeueZ9/XrMrVOVf/y8u+ViJXYfwYvzoxzL97ZuFaj6GdB/hG+6OZjSRe7uj3Nru/2REOnmrtHuzO/5vDW93xuf3ixg7y1H46SlaWMP7cfnJyS5qYmGByaorNmzdTKBSoVqsYYwDo6+ujr6+PM2fOcOrUKT796U8vOIb7JX7zohVUVzq+4PmzNlZZORPnzzM5OcmnPvUp8vn8rGOlUmnm/k+f5tOf+tRCs12gzUfLyrf7WND44WxjHVXCi8w3wNbt8DfHxmAU7n1ygY6jY+9x5BpWZ44fG+XEcoPI7P17/s+SATZshhOnJmDeLMc5Nnriiq0DlqUV7o4d5Kn97zG2c+j6/4wTERGRG46/2hP4eFwQeucHf8ejj32JRx/7Eu9e/CxP7H+645xNbO17zx3/i+/At37EfX2/5SfZ+T851sd9f/stPt8x3taLh7Px/o5jfSO8Nmu8MlvvvJQ9/+84VtnEfa3jWbB68d0vzTy/Umbrf2iNv1wv8bvT0LfuYffh0/t47T54N7uHR3/yW/ru+xHffhh4aQ+PvnvaBcmdwWrHPT/67mnYNML3n77cNV3ouvhrJXKVJk5xYvAO+pdw6vjh1zkyvLvjl6IBRp7cAYfeYqx91iA7H2qd4Pq3uV+ysl/kBnfw5+3DO9nTUbm61PGX3E9Obkr1ep3xiQk+8YlPAPD+++9z6tSp9p8TJ04wPT3Nhg0biJOEiYmJxQcbPMnPXzg8f1OUsYOzlqTeSOqNBuPj42zYsGFesNoSBIG7/zhm4vz5Rcca3n2Alw/M/bMKwaqIXNHA1u1waD8H2c6ib3MnTtH+iXctfo6dPNP++Th++AX2LbX96dBD7Bw8wr65P1/HD/PzI51/D1joku0rcviF/ZftuDqwYTOcGOXYeGv41zvOH+fwC7v43uGZGYy9dwSG79HPuOvo3NFXeOXt41SWeXxZKsd5+5W3Ob7MQSvH3772cxIRkRvSTVe5+pf7R9hU+S3/95vA03/GVn7LT74zUxb6g92H+cyr9/Dth2lXi57+3eLL6WctiX/6z9haPs27f9E6/03++u+38eMn5ox3tFXh+SZHP/j3bL1zHZ8HfvHmd/jqrArV1vGPf98fXKxwX9+dwMN8e9smTr/7pZkK0je/w99v+xFP/Nun4c359/qD3V+aXW360nFOL9jP9vLUPkCutbm90FpL+ydOnYAj+3lq3m9CS+uWNnHqBGz+4qxalv47BuFUx/GPMb7cGi5cuEBvby+FQoH333+fJElmHTfGcPbsWUqlEuvXr+fc2bP09y/2zwPbuXfzKMfGR2ZVS469d4Th4WGOzPlaGzu4a3a4cNmqrsu0sPgYWve/WLDaEgQB69ev5+zZs/SvXbvMq125zce/2w379h+ZOf7QmVmtPWZVro0d5Kn9s17Ay1TJzqmuVb9Eud0NbOXeQWD71oW/D4Z2smd4F/t2Zd9jgzt4fvcwz+7PfsZd8QJDbBs+wb69u/jVjuf4xsiT7BzdO7Mh1fBunt/xOs8eWkrlp9s8asPBXbM2tJpZ7t+65D0Mn9jPs7tGXf/2J3fwq71Zj1RgePdz7Hx9LwffG+PLQ0Pzz2/d895dHAQGd+xm5+B+TrbmMGc893NE0er19z6/PNrDg9vWz3q0cvxt3jkOS/oX/KtR3sKDj2+5xoOKiMit6MYOV8uf5YlXf8YTsx48zbuPuXDz8+v6oLxpgXMqXFxkSNdWYCR7zuwl+59f1weVD/mg8wlvfsTFJxZeCro4t3FVO768pv9ceSd9Zdh038947b45h05f/plzN8y6wumXfa1Erlr/HQxmlTCtX+YGRp7h5ey3tHn93Fa6l5l6pd32Gs0ma9eupVqtzgtWO01OTtLX10d8mXMAtt6zmb+Z0zf46JFhtu1mVrg6dnAX+07u4PkDWcA3dpCn9u/np/cstIR1KS0ylqfRaLB2iWFpsVi87Gt0eUtr87Hvvd0dPQ3389SRYfYcOMDQ3N6KYwd5av9Jdj53IAuy3fj7Dt6zwPe0e+6vts9sojd2cBfPHtyg73+5jbgNoWbM3e1+7seuVc/LO2eP8nJ7iFbf084hZz829/lzx4eZ9/+5z13wDhaYz5wzZja9WmyOs+Yw9/wFrjHS8ZotYY5yHay5i7sufMg51jMTr1b4w/uwZUs/xy90nlzh+NtvcLRj0Un/tkd4cIv7Xejc0Vf4cM02Lhw9ygT9bHvkT7jwxoes2XaBo0cnoH8bj/wp/PKN97nrkQdxT5szZv82HnlwS0c7uHMcfeUdjruDbFEuK9fJb37zG/5oaIgol5v1eNxsMjY2xuf++I9XaWYit48bO1xdYEOrZZ0zy0v8p8deot0C4Imf8doTrpfoB1d87pXMhKqVY3/Ho995M+tn+rEH5s6+MpWLHwBusHaP1SWYCVVP8+5jX+MH2TyvbPHXSn1X5aoNbOXewUOLbj7Rqf+OQRg9wzhDy6ouW+j5E6dOXPa43H5q1Srh+vXtHquXEwTBlTd0GrqHza8fY3ykFZq+x5Hhe/gy780+becBXp7zvOFFFqy2Wli8PKeFxa/2vsXYyMdbdl+r1YiiaEnnBkGA7y/e8TVfSQAAIABJREFUScjt3N1p0FWDDSz1HjqW97ar6h7Kjg2wdfsgB1u9FYd2doQ80GoLsuArOPYWB9nB8x0/c4Z27mZ41+scfkg9WUVEbi49bLzrfX57Dta30tXKH3ifu/iTNe93hKtZCLrmAR5/0J1YOf42bxz9Jcc3toJSOH70Ag88/ngW1J7jKMc5euEBHn88G7xyvOPabsz373qExx+cCWjfONrD49vW0wpWL2x7hMe3lF1LgTeOQv9dK/mCiPCb3/yGf/7nf+b0qVM88MAD7YA1bjZ55513uHDxIhb4YwWsIivqxg5Xr+AXH13kia29LC+7fJO//os3aQWin3kafrDQeA+vow8WrYSd5ektbLrqsHdJA/OZTXDxd28CD3OxMsKdMzt6XcHDbLuzfFVh7HzzXyuWPZbcvmaW1X2POVV3rX5ug9vdmSNfZPhQxwZVXN0mP63n/+PYiKsEHDvolmAPzz6+3PHl1pAvFJYUrLZc+dwhtm1+vd0aYOy9IwzfsxPmhKstc9tiLNSUYiVbWOTzedI0XfL5l7v/y20cs9x72LzhCt+JHTuQLzbc+JmTcOLInOXEAINctghORERuSOWNd3GhI12t/OF9uOtPKfN+51lsefBxtsx5Xv+sc4Atn2Z2gwHY8um5j2TO/ZajbOORLTN1quu3PcCWV/47xz/7IFsqH3KcLTzQOl7ewp9ue5833l94OJFr5Y+Ghjh16hQXLl7knXfe4YEHHgBoB6t9fX380ZBW64istJs6XOWl/8qxbV/hvv1P84Ns5/uZzZ4Wrq50laQfzgSgT29hE6d59yWAueM9zLf/w2cpnz689OXw5Y5w9ul9rmL0Y7UFeJhv/+0Im04f5tGXAN7kr4/+Ga/d9+/59sNvZvOa2djrq99ZeKJ97TA2G48rtwW4/GslsgwDI3zjwFYOv9DRtwxwVW4HOqrIhvjyczv43rz+ZksNPlvP38VT2XN3DsPBeceXO77cCvK5HLVajb6+PnzfXzQ8LBaLVKtVvCWMOXTPZva9NcbITlxLgJ3QsUsa0BmqtnoGZsvmF7NCLSwK+Ty1Wo1SqXTFc6vVKp63lFdgEdfyHjpC1eHdB/jGUNZqYbHz9b0tInLrKG/krgu/zVoDuJYAd/1pGf6w8Onnjr7i+rEC0M9y60grkxdg4jhvvHJ0zpF+trWO99/V0SIAyj1rlnk1kaWLcjn+7IEH+K9ZmPrOO+8AtIPVP+uoZhWRlXNzh6u8yV//xZ18/9URXmsvc7/8svVffOf/YtvffqWjT6vrJfqD9njw7b/9ysx4pw/z6O4lpokv7eHdz/yM+179GfeBa1nwLjxx36fZ9jD8YikB7abOe3FaLQY6r/OTdT/iiSd+xmtPzJzTDlZfOs7p+0Z44tUfse0nX8s25foKr736FXdL7/4dx7Z9ha1XKEG9/Gslslzze7stfNpl+pstcGzeUut558zZhOMqx5dbT19fH6d//3v6+vpYt24dZ8+enXdOT08PpVKJkydP0tPbe+VBh+5heP97jN1D1hJgrnGOjZ64bKVnp5VsYdHb28up06fp6+u7YsuDiYkJ+pZy/wu41vcwfmyUE0sMa90O4LN7PYuIyM2szMa7LvDL4xUe3OhaAvxpef5Z7VC1fxuPPL6FcuU4b3/cMtJ5PVZnXNMtNkSu0tyAFVCwKnKd3bjh6kt7skrNK56Y9QVd6rHWEvfFXO74/PF+8Z2vzWoB8IPdX5oXPv6i/ZTLzXX+WJdz+XPnXuc7fHXuLb0088Cssd7sPPdKr5WIyM2rXC7T3d3N2bNn+cQnPkGpVGJycrJ9vFgsUiqVmJiYIG42uWPTpsuM1jLEtuH97NsPw7sXX3h+8sw4DA3gNlzaT0fXillWsoVFuVymt6enff+LBawTExM0l3z/863IPZycCWvHD78wq+3HLEMPsXNw7+zNrsYO8tR+2HPg4/WsFRGR1VHeeBf88g+co9USYG64eY4Pj/ez7ZGZ/qof+5o9a2DiAhVYMFxd6Hhl8gKg6lW5PjoDVkDBqsh1duOGqyIiIits/bp1nDx5kg8//JD169fPquKsVqucOnWKZqPBpk2brryhVWboHre70rYFk7uZ3sOtlhTDu59j5+t7OfjeGF+e1xNrZVtYrFu3jpOnTvHhhx+ybt06SqXSrPtvBaub77hjyfc/37W9h4GRJ9k5unemj+rwbp7f8TrPHnqPsZ1DcwLTAUae2c3JXZ09X4cVrIqI3MzKG7mLN3jnaD/bHlksPZ3gQjvpPMfRN44y8THaArD+s2zrf4N3jn4628AKOHeUV96BBx7fxvrs+H8//lkezDa0+uXRCW1oJddVK2Bt/beIXD+etdauxMBT+7Zf9vjX/tunV+KyIre8/X/8Lyz0Tdv6Tv7U/zG3F9THc+LECTZu2HBNxxS50UxMTHDhwgWSJMEPAowxeEBPby/r1637GMHizWHi/HnOnz/v7j/rP+t5Hn29vay7De5fRESur9///vfkC4Uln3/u6Cu8wwPtYLNy/G3eeP+u9jL9uR+74LPVbLWfbY/8CRfeeIcL2x7hwS3leePBOY66pJT2Q1krgbvaFbDunHYLV7a4YHVmlh3Ht7Bt2wWOds5J5AbTqNf55Cc/udrTELnhnb9w4YrnKFwVuckoXBURERGRm9nVhqsicu0pXBVZmqWEq/51mIeIiIiIiIiIiIjILUfhqoiIiIiIiIiIiMgyrFq42p9LVuvSIjetNVG82lMQEREREREREZHMqoWrf9RTX61Li9y0PtNVW+0piIiIiIiIiIhIJlytCz/2qQvkfctvLhX5qLFq0xC5KazNxXy2q8qfbzi/2lMREREREVk2ay1BEKz2NERue0EQYK3F87zVnorITW/VUs1yaNh5p4IiuXasXeCxBc+zSzhn8eOXe/5Cc1jo8c4xLvf82ccWGVxERERE5CbheR6+72PSFF8hq8iqMGmK7/sKVkWuEW1oJSIiIiIiItdNuVwmTVOMMas9FZHbjjGGNE0pl8urPRWRW4bW44uIiIiIiMh1UyqV8H2fqakpkiQhTbTZscj1EAQBvu/T19dHoVBY7emI3DIUroqIiIiIiMh1VSgUFO6IiMgtQW0BRERERERERERERJZB4aqIiIiIiIiIiIjIMihcFREREREREREREVkGhasiIiIiIiIiIiIiy6BwVURERERERERERGQZFK6KiIiIiIiIiIiILIPCVREREREREREREZFlULgqIiIiIiIiIiIisgwKV0VERERERERERESWQeGqiIiIiIiIiIiIyDIoXBURERERERERERFZBoWrIiIiIiIiIiIiIssQrvYEruihV+j+3J0dD3xAvO9x6tfsAt+ktGcY+08PUvv1xx3rMYpf/yu849upvrX48bAw/0j6z4s9Z2HRo29TKB9h6sffXdL5ha+OEvEPTP34u+65635H/cWvEy/9kiIiIiIiIiIiItLhhg5XC18dJVr7AfG+7e0wNXr0bQp73sa7JmHo6pgXpN79Il33j1Li6gLWq1H/8fZrGEiLiIiIiIiIiIjIjRuuPvRKFqzOrlKNX3uQ4KujRP/mm/DrVtXmnIrQ8/8wU9F594t03b+W9GQ/4eZu91j911nV5jcp7fkCAcD9o5TWZeHmlapl736Rrvvvxss+tCf/M9OvMTOHz43S1fufmX7t1aXd66+/zvS6V+j+3CsU3np8dpDcmjNTJFmgPPP4F+j++sbsXuZXxbp5uTl0Vq7O5ULsRe5VREREREREREREFnTDhquFT94J5/9hwZBvdhVmFipW/4GpF7/b/rj7q3QEiXcSlv+BqX3fhSxQzT/6GPFr36W6j9ltAR56he7P9ZP80/asMtadH331m9R/nD3//rsx7erTb1La81eUHtpO9UWu0BbgMt46Rvq5Yby7gVaAuu531PdlS/cfeoXu+1+h8OvHqb/2IMxqCzD3NWgFsF+jePerl63wjR59m6j06/Z1okffpvD1F0nVMkBERERERFZIpVJhYmICYwxxrN885PYS5XL4nkd/fz/lcvmK55/4l/epVCrtj/sH+tn4yU8C0KjX+eDEB8RJDNYdH7xrkHJXFwDnzp7l3Nlz7ecWigW2fOYz1/BuROQGDVcfwyuB/eh3Vz71of+dsPAB8YutIPVVaqPDdN0/TPFuqAEwRfI/Wse/izn/BYLyIj9M3nqcqVnBaHZ+9lH06DBB/dfU35o5Xt23tL6nl/c7bP0LeOsAvkm0GZJ/6gg433qc+JOjhI8+BvMqYl+l9uLsx+LjvyO/+ep/YMavPahQVURuG/V6nampKYwxpGm62tMRuW0EYYjveXR3d1MoLNCMXkRuadPT03w0Pk4YhuSiiFw+v9pTErnu0jTl3Ecfsc5aurIgdDHWWj65aRPdPd2Mf/QR1nYcA4IgYPOnPkUUhRw/fnzec/vW9PGJDRuoViqcO3cOEbm2btBwdemi3n6o/45ZvxL/+g+Y+z/mv8TMWfrPefd/Qbkbqn9Y2QDy7o34dOPdP0r3/bMP2crCT2mZvcR/6oqXil87QrTnCxT2jFLoaD0gcu2N8dNd+zkyvJuXdw7NOjJ++AWeHd3O88+MMHDFccY5/MJeTn7xAF8emhmX3a2PV9Lsa40d3MU+svsZO8hTr9+xxHuQG0GtVuPS5CRBEBBGEWEUrfaURG4rxhguXrpEr7UUi8XVns4tzL1vHjwx/8jwVb53jh9+gWdPfXHe+/i1k/1dAWBwx7z31PHDL/DsoQVvZGZO44f53t5R7n3uGUYWfEMe46e7Xmdz6/gVz5eVcP78ecIwJAiCK58scotqff2fP39+0XD1f3z4XwGwtV76BwaIogjP8zl36QQfJb91J6UBYdJPFEVEuQhrLcfP/r8wkaUWtRIDXZ8miiKCMKRSn2yP+28+/Wcre5Mit4kbNFx9FVv9K7zFqktXUkeo2tp4yvUrXWmfwStMYT9qfXx1QWc7VK1nS/zvfpGuJQXMrcrbrLXA/aN036++q7KCjuznp/dcyyB0iC8fOHCtBru6K+88wMurcmW5FqanpwmCAN/3V3sqIrel1vfe9PS0wtXrYF6QOn6Y7+3dxU+vyz9OLtHYexxZIFSdZd4/0rpA9nt3PMc3RgZgYIRvHBi5DpOVj8NaS6hgVYQgCGgmyaLHz176kN7eHiJbxBjT/hPbOsa7mJ0V4adr8XwvO25pMoX13G/0Pt6s5xqbEHOBS5cmr8MditwebtBwFeq//4Doc1spwLyQr92P9MWvE1+aoLB5LQHMVJPevREfWM4Cz2jLZ/DOL7zxE0BamSJat5Go83rXwkNbCZgg/jXAHzD33521CFiKb+Kv/bhVp63WAq7HrP8QcLV9Y0WuaJDhYTiy/yDbDuxk0d/lxg/zvb2HONHxvJ3PPcPIQEf1zf5dnNzxHN8YmZhXuTq7smWYPR3XGju4i5/fsYPNhw65yhjm/MK56LXnT7NduXrPezy134327K5T7HnuDn4+twpm7CBP7WfWXGR1WWtVMSOyynzfJ1GvxdUxMMI3dp/iqVnvyfOrXAd3uNBy5r11P0+dnAlAZ7/nLv6e2bLYe3Tn48/uOnQVVbVDbBuGkzMX6KhEHeOnu95j846THDx0AgYf4H898Q7/DWDvLk7uPsCX+93TTr71Ak8dOdG6aa1EWWHNZpMol1vtaYjcEC7XczhNLMVigXTK4/z5CarVClNT0wSBT67o2mnYZkR6KeHsmTPt8aJchF9wvQPShs/01BR/+P3vaTSaABSLBc5PXFrhOxO5fdy45TpvPU58/k6iPa/Q2YnLbdTUTXo860f61n8hqd9J9NVvZmc8RnH73Xjnjyw/aCxtbFeqRo++3bHM3i2jTwt3Ez3UeuQxil8fpevRx5Z5MVy17OfuJP3nVrXod4lPThF8rvPev0lpzyilhxYbpLsjjHWbbnmLndohevRtur/+4kxl7kNbCfgAo2BVVsjmh55k5+AR9h0cW/iELNzcvPsALx84wMsHnmPn4AkO/vAw4www8sxz7Bx0geg3Fvjtzf1ytpk9B9zzn99xkn27DtJ5tROHRtn8XOv4IEf2Z8cve+3LGNrJy7uH3S9jB3YyNLCVewdP8KtjM88ae+8IgzseUrB6A0kuUyUgIteP+h2voqF7GOYkZ8ahHaxu3p29B7r3yBOHfsjhcRgYeYbndwy6ytHOYHV0O89n57+8ezMH985+z+10uffogZFnOt5Lr6aadoyjR4b5d4smukc4eOqLbn7PPMqTB3YzzCA7n+u8xgmOkJ1zYDfDJw7xN4cv+84vInJdpIkltQYKdS7Fpzk79S9UOQu5RrsS1XoJpjjJ2al/4ezUv2CLk1g/aR8nalLzz3F26l+42DyJV6qSWkOa2CtPQESW5IatXAWo/3g76aNvU9jTuSz/A+J9D3ZUs75K7UUofv2v6N7zBffQZSpP5/su5vwo0f2jdG35z0y/9iPCr/9V1oPUjVU/OUxhc6uK9rtU/2kjXfeP0v05Zq6XbTKVfPQ1Cp8bpfuTi88h+FzHcwHXAmD7rDA4fu1Bgq+OEnXce6tNAWQbVt3/Bbr3bCXe9zjVf95Kd3vcKZJ/+gfS+79AsOUx+PXcDbA6rzPnfrN2BGoJICtngJEnd/CrvYu0B5i3nG+ArdsHYXQpY4/xj4dOMLz7mXaIOTDyJDtH9/Lzww/NhLHDX2xX1Qxs3c4go5wZh6GPde3Z97h1+yAHR48xPjLCAGMcPTLIvc+pBkZERG4k/WwePMHJCWBggJFnDjDrXTB7j1zYGP94CHY+11HhObSTPcO7Zr/nzjp/Ce/RV3JkP08dmfvgIJvHYWiRIYbvuVJSO8jOh1rnuErYI6cmQLWrIrLKTGypVxsEuRhyc8LQRsd/l2qzj6XMLOX1m1Cec7hqMbHCVZFr5YYOV2Gpu9e3lrQv4NdfZ3pOBWv9x9tnhYdzP15orFlzWGDMpc33MvNcwNx5zTJ3Dm89ztTcatNfz4S7nWPNnuPVzUnkmhgY4T/uGOXZbCli/4IndWxqATC4/crjjp/hJIPcO2vAATZsvtoJLuPacwxs3c7goVNMAAPjZzg5uJ0/1+9oIiJyExg7uIt9M2+C3LvQSeNnOMkJjuzdxcE5hwZ3LHb+NXiPntdzNau4fWuMkRXbaEtEZHX4NseFMytT+uRbteYQuVZu+HBVRG5NrWqVfQfv4fk7Oo/MBJuDO57j5Vaft6uuHl2Oa3jtga3cO3iIo2M76T8zCtufVP2LiIjcYCY4eWKQzVng2Q5VB3fw/IERBrL+pYu7co/VlTfAyBeHObj/PcZ2Dqn9jojcUu7s+V9YO9CP53lYe20qTVtjnR+fuCbjiYjCVRFZNTPtAf5mcHDm4aXsFLzokBvYTGt5Y+vBcc6cBO5Y/GnX5NrzJ+NaA7x3mM0n4d4nFa2KiMgNZuw9jrCZPQNA1sJmyWHpgu+5V3v+VbxHX8ngHYushBERuXlZLN3d3URRhLUWay2e57UD0tbH8P+3dz+hbdx9HsffM7JT7/rZBwUHoQSxcYyKS5KyOowOfVqcg0LYg/GpF7V78MHbXI1z6bY8MJf2eS4NvvbBBx+29aWwYHQy0aEhT3uQDl7yB0KF7YC2FcZea/tUPK3lmdnDjOTRWLYV145T5/OCgDXz+838BA5DPvnO90c7fDVNc8+5MMMwaDabbG6ot7TIcVG4KiKnp9Ue4MvVzlfvV4PX6QGefrH3/L5G+df3rrTbDfi7D8/xxeoYdz7sMdw88r338lsDfMkXV97jU2WrZ8t6iYVihaHsBLfSg4ePP/bbL1AkRz6beOH3FpEzYuNr/nT3PmMzn4eqPcPh51P+8+MvWd2vLUCXZ27rDRBmum1IdQzP6O5fhK//6z5X3vpEb4icUfXyHLO1m9jjwx3H1wo28+XgQ2qc6SmLuH+Ggj1Pmb1S49NMWXGgTnlulkI1fNZi0h5nuMu8yIooz81Su2nTuaTINa3JPWve3xoF+x7J6SmseMeXxJ7v/Ca730FeCR4MDAxw7tw5HMfFdR1M08Q0zfaGVbFYDMMw2pu19vX14XkejrN3rGmaxGIxYrEYqOWqyLFRuCoip6rVHqDdry3YDOOz20Gztyvv8enMGB/d/ZbHGze4cSGoCL17m/tjM/zl/ej1PuRT/sxHt28HR8a40/5H3yEOvfdBcy3GVu/y0e1vd6t+LlzjD1eAt67pH3xnSoPKcoV0Ok2l9IT1dJYXHXEmsnnyL/ieIvLbdv/ubTr3gbrC+598Hnq2jfJvM2N80B53hfc/mWHs47t883iDGzcuBP9peJcP7gfP1hsfcqcaem4CY12DVd+vekbvfpG9G1qNzfCXnnsTjJIdW+Wzj2/zzXuf8B/Xnufm8qLVy3PMFqpgdR73g9VQGLpWwJ4rBwHrMOO2zfie6yS52Qol6xWWGWfabgWyPa+oHaBGlsRaYZZCchJ7arg9bq7cSxDaCoNTHWsGWHtUxpqMhrjyKvHwMA0D0zRxHAfXdTsqV8PhaqtaNTzWNM2Osa2w1TQMPKWrIsfG8I6rcUfE3z47WqWXyFF1+03u9ssd/ZXvPmb/8wfN3+9vU/R4+BoHze88131OdO4//7HUfRFHtLq6ysVk8liv+erY4Os/z8HUafejk26+//57XhsYeP6JjQpLi1tk8pd5tlCEXJ5wAWmjssTiVoYcRYoV/1g6l+fqj0ssljZbBzqrToNK2JZ06JqNyhJ/ZYTzpRKV4NzlZ52Vq41K6NoMkZ24RbugNnJtSJPL+4Gwv9YRslslWtNPqxpXfvsePnzIG6Oj9J/r3CCjub3N06dPuf7mm13n/fLzz1y6dOlFLFFEXhLfffcdg7/73f4D6mXmZgtUsbCsMmXCVaB+GElH6LhfNenutZLh8WsF7EfXn6OyNBz0Wljlcuf962XmZpfJhCtP1wrY95Khitq9WtW3KcuCcq1zPnXKc1/Bu5FqVjlzGj/9xOuvv9713H8vL3Pt2nXOvXaOZrNJs9kkFovR19dHc2cH13Ho7+/HNE22t7fxPI+BgQEcx/HH9vXRF4uxs7OD4zj09fXR39/P9vY2Tx4/5l8ymRf8bUV+e/53a+vQMapcFRE5KRuP+Ya3+HcFq2dK44cVNtMZEiQgDcVn62QTkdrVSpFnuTz5bBBgFheopHPk84kgnF2mcjUIQNdL+Blt3q+AbVRYWlyiEgpIN0srjEzkyQef15+F7rVeYrF0nlz+lj9/vcTCYonf57Mk1kssFLfITuSDa61TWihSLF3eDXcrJbZyefKJ1lr+SuViKJwV6cHDhw959OgR/1Otksvl2gFrc3ubYrHIVr2OB7y5T8AqIhKVmbSZGoa1QrnLK/4pkl0Cx9pGHYY7T6w9KFC1JpkK5aj1jRqpWg3bbr/D30NLgAyT9hTDrFEoR1ZUr1Elyc3wreNJUtVlKnVr/3A0GVTP1svMlWuRk3VqQG3WptD61moJ8OrxwPX8V/odx8FxnPYpd2cHJ6hkbVWr4nk0m832eH+gi+PuXiMWi+G5ntoCiBwj87QXICJyFj394jYffPwtf5g6js2x5OWxzpPSJunLfjCZuJplqLJMpREZNpTlapBdDl4cYYghsrsHGBnaZKsB7RYDuVBrgcE0b2eh9GQ9dL0RLnYNO/35Q9mru/MTWfJBZar/czgoTXA5vf9aSVwmTWttIr17Y3SUeDzOVr1OsVikub3dEazG43HeGNU+7iLSo7iFtW/SOcx1q0rhqzL11qG1B5H+qYF6mXvlFOPvdF6sXqtSJcO0bWPbNtPjNebtAmsHLsk6OHxNJTsrVOMXOOzdr2HrgLYE9Q1q1SrJSX+Ntj1JsjDLXLm+3ww5gzw8PNfFc13c4FV/x3FwgmA1/Nl1HJxQCNs6t9P6HBzzXBfXc/e8kSkiR3d6lauxGIT+10VEDmf29eEGjcrl5Tb6/ud7+sHKGbD+jMpQlolWGDl4kZGhEis/NEgfWOp5nt/vE45ubUKluEAleioagnblzz+fOaTMtFFhabFEq3FAb9cW6V3/uXPczOW4F4SpxWIRoB2s3gxVs4qI/FrD49OMz80yawc1ndYkk1aZe5Fx9coy1VSGd+PR+TZ26HPcepfx5Vnuld95eSpD4xZTdriz6zDjkxb2/APWrF423pKzwPM83OCP5x8Izhj+z6HPrfNGaG4w0v8cnHe9ILBV6arIsTm1cNWL/SMGfwdHQZFIL2J9/fQN/AO//PTjaS9F5BXlV4myCYsLkd7Gm79uY6t0pG/rsQmFqulcnlsJWC8tUDyBW4lEA1ZAwaqInJA41pQd2lSqTnkOktfDwWidynKVVObdHjatinOhVWba7vcasCZ7681arVGH3XvVN6gBSUL9WtuXPOImVfEkKaLtA+RM8/yQ1HPd4IC/mZVhGuD6sakZfDYAzzAwTBPT89obXxmmidGxqYjnZ7LKVkWOzamFq0azgffaP8HAaxBT61c5GUaPx152jrOD88vf+aXxf6e9FJFXV+MHVjYjm0VBO8B8tp4l2nr1cIOcH4KVHxuQOEqT04Pn+/1hI5tniZygcMAKKFgVkRejXmG5miIT73IsWra6z4ZYG7UgnN1TMdqDeJIUy3S0fK3X2lWzcWuK571kvTzH7HKmc0Oseo1qtP2AnGmttgCu5+Hs7LDj7PjVrKE2AQCGabITvBnc3N5utwTw3L1jzVgM13XUFkDkGJ1equm5GD8rKJLj0+3Z0O1xEX2IdB+z//mD5u/3fIoeD1/joPmd5/TwEzlNjR9W2Bwa4e1ohjmYJpMudd/Y6lCDpDNpSh2bSDWoLC2yMjLBrUN3lWrND1XONiosLa4wMnGLiwBbP9IgwSD+5lrFCmoLICeqFbC2fhYROW5rBZt5WhWldcpfBZtWdYSrXTaZAvyerTB/r8w7QXBZL39FgXGmj/qufdziplVg/sEaVmtN98qkMtNHDkJUJd0xAAABk0lEQVTj6QypQoEHa1YQAq9RmC9jTdoKV18lHn44GvrjH/Z2PxsGRhC4ep6HaZp+uOq6eKGxnuthtIJWT00BRI6TSkZFRER68KS0yVD2bbrFnYnLaSguU7kaBJrPI5FlIrvE4uICrWYDQ9legtXI/IWF9qF0Lu8Htem3ya4s7rYxSOeYyC6zWHrGejbR9buIHAeFqiJyklo9V+1W49TUONOR9+zrGzVIZboGkcPjNpMFe7dnKxaT9gGbSx1lTdYk9q/p3xq3mJqGudnd/rCp8Wmm1Gz1leJ5XkdbAAMwDAPTNPE8DwMjaAtg4jiO/9k0/d6q+C0DWmM9w49TveC6+1YGichzM2ZmZvQ3SkRERERERERERH6T7ty5cyLXvXTp0qFjzBO5s4iIiIiIiIiIiMgZp3BVRERERERERERE5AgUroqIiIiIiIiIiIgcgcJVERERERERERERkSNQuCoiIiIiIiIiIiJyBApXRURERERERERERI5A4aqIiIiIiIiIiIjIEShcFRERERERERERETmC/wdvbhC/ql9wlwAAAABJRU5ErkJggg==" height="600" width="800" />
Expected: 11 - Actual11]]>
  </system-out>
</testsuite> <!-- testcases.DashboardMyInfo -->
